#
# A fatal error has been detected by the Java Runtime Environment:
#
#  EXCEPTION_ACCESS_VIOLATION (0xc0000005) at pc=0x0000000000000000, pid=2372, tid=0x0000000000000c28
#
# JRE version: OpenJDK Runtime Environment (8.0_332-b08) (build 1.8.0_332-b08)
# Java VM: OpenJDK 64-Bit Server VM (25.332-b08 mixed mode windows-amd64 compressed oops)
# Problematic frame:
# C  0x0000000000000000
#
# Failed to write core dump. Minidumps are not enabled by default on client versions of Windows
#
# If you would like to submit a bug report, please visit:
#   https://github.com/corretto/corretto-8/issues/
#

---------------  T H R E A D  ---------------

Current thread (0x000002abfde31800):  VMThread [stack: 0x000000c6fc300000,0x000000c6fc400000] [id=3112]

siginfo: ExceptionCode=0xc0000005, ExceptionInformation=0x0000000000000008 0x0000000000000000

Registers:
RAX=0x0000000000000000, RBX=0x0000000000000000, RCX=0x0000000000000001, RDX=0x00007ffe9b53f0b8
RSP=0x000000c6fc3fecf8, RBP=0x000002abe8fbccf0, RSI=0x0000000000010000, RDI=0x0000000000000000
R8 =0x000000c6fb400000, R9 =0x0000000000000040, R10=0x0000000000000000, R11=0x000002ab9d7a44c0
R12=0x00007ffe7d6fe810, R13=0x00000000ffffffff, R14=0x00007ffe7d620000, R15=0x0000000000000001
RIP=0x0000000000000000, EFLAGS=0x0000000000010206

Top of Stack: (sp=0x000000c6fc3fecf8)
0x000000c6fc3fecf8:   00007ffe9b502f2c 0000000000000000
0x000000c6fc3fed08:   000002abe8fbccf0 00000000ffffffff
0x000000c6fc3fed18:   0000000000010000 0000000000000000
0x000000c6fc3fed28:   00007ffe9b50406e 0000000000000000
0x000000c6fc3fed38:   000002abe8fbccf0 0000000000010000
0x000000c6fc3fed48:   000002ab82c76b68 0000000000000001
0x000000c6fc3fed58:   00007ffe7d626e2e 0000000000000000
0x000000c6fc3fed68:   0000000000000001 000000018004bb20
0x000000c6fc3fed78:   0000000000000000 0000000000000001
0x000000c6fc3fed88:   00007ffe7d627276 0000000000000000
0x000000c6fc3fed98:   000002abe8fbccf0 0000000000000001
0x000000c6fc3feda8:   0000000000000001 0000000000000000
0x000000c6fc3fedb8:   00007ffe7d6fe94f 0000000000000001
0x000000c6fc3fedc8:   0000000000000000 0000000000000000
0x000000c6fc3fedd8:   000002ab87e10b30 0000000100000001
0x000000c6fc3fede8:   000000018000ecac 000000018001c558 

Instructions: (pc=0x0000000000000000)
0xffffffffffffffe0:   


Register to memory mapping:

RAX=0x0000000000000000 is an unknown value
RBX=0x0000000000000000 is an unknown value
RCX=0x0000000000000001 is an unknown value
RDX=0x00007ffe9b53f0b8 is an unknown value
RSP=0x000000c6fc3fecf8 is an unknown value
RBP=0x000002abe8fbccf0 is an unknown value
RSI=0x0000000000010000 is an unknown value
RDI=0x0000000000000000 is an unknown value
R8 =0x000000c6fb400000 is an unknown value
R9 =0x0000000000000040 is an unknown value
R10=0x0000000000000000 is an unknown value
R11=0x000002ab9d7a44c0 is an unknown value
R12=0x00007ffe7d6fe810 is an unknown value
R13=0x00000000ffffffff is an unknown value
R14=0x00007ffe7d620000 is an unknown value
R15=0x0000000000000001 is an unknown value


Stack: [0x000000c6fc300000,0x000000c6fc400000],  sp=0x000000c6fc3fecf8,  free space=1019k
Native frames: (J=compiled Java code, j=interpreted, Vv=VM code, C=native code)

VM_Operation (0x000000c6fbafda30): Exit, mode: safepoint, requested by thread 0x000002abe8f99000


---------------  P R O C E S S  ---------------

Java Threads: ( => current thread )
  0x000002ab901d0800 JavaThread "File IO Thread" [_thread_blocked, id=8788, stack(0x000000c6fd200000,0x000000c6fd300000)]
  0x000002ab901c6000 JavaThread "Chunk I/O Executor Thread-1" daemon [_thread_blocked, id=812, stack(0x000000c6fee00000,0x000000c6fef00000)]
  0x000002ab901c8800 JavaThread "Netty Server IO #1" daemon [_thread_in_native, id=10880, stack(0x000000c6feb00000,0x000000c6fec00000)]
  0x000002ab901cc800 JavaThread "Netty Local Client IO #0" daemon [_thread_blocked, id=12440, stack(0x000000c6fea00000,0x000000c6feb00000)]
  0x000002ab901ca000 JavaThread "Netty Server IO #0" daemon [_thread_in_native, id=14516, stack(0x000000c6fe900000,0x000000c6fea00000)]
  0x000002ab901c3800 JavaThread "Thread-12" [_thread_blocked, id=14960, stack(0x000000c6fe300000,0x000000c6fe400000)]
  0x000002ab816f2000 JavaThread "Thread-11" [_thread_blocked, id=16320, stack(0x000000c6fe100000,0x000000c6fe200000)]
  0x000002ab816f1000 JavaThread "Chunk Batcher 1" daemon [_thread_blocked, id=13900, stack(0x000000c6fe500000,0x000000c6fe600000)]
  0x000002ab816ef800 JavaThread "Chunk Batcher 0" daemon [_thread_blocked, id=2140, stack(0x000000c6fdf00000,0x000000c6fe000000)]
  0x000002ab80cb5800 JavaThread "LWJGL Timer" daemon [_thread_blocked, id=10728, stack(0x000000c6fd900000,0x000000c6fda00000)]
  0x000002ab80c18800 JavaThread "Java2D Disposer" daemon [_thread_blocked, id=10256, stack(0x000000c6fd400000,0x000000c6fd500000)]
  0x000002ab823a9800 JavaThread "Timer hack thread" daemon [_thread_blocked, id=2788, stack(0x000000c6fd300000,0x000000c6fd400000)]
  0x000002ab845df800 JavaThread "Snooper Timer" daemon [_thread_blocked, id=7612, stack(0x000000c6fd100000,0x000000c6fd200000)]
  0x000002ab80004000 JavaThread "Service Thread" daemon [_thread_blocked, id=14420, stack(0x000000c6fcf00000,0x000000c6fd000000)]
  0x000002ab80002800 JavaThread "C1 CompilerThread3" daemon [_thread_blocked, id=4416, stack(0x000000c6fce00000,0x000000c6fcf00000)]
  0x000002abfdedd000 JavaThread "C2 CompilerThread2" daemon [_thread_blocked, id=5688, stack(0x000000c6fcd00000,0x000000c6fce00000)]
  0x000002abfdedc000 JavaThread "C2 CompilerThread1" daemon [_thread_blocked, id=5752, stack(0x000000c6fcc00000,0x000000c6fcd00000)]
  0x000002abfdee4800 JavaThread "C2 CompilerThread0" daemon [_thread_blocked, id=11352, stack(0x000000c6fcb00000,0x000000c6fcc00000)]
  0x000002abfdec6800 JavaThread "JDWP Command Reader" daemon [_thread_blocked, id=12156, stack(0x000000c6fca00000,0x000000c6fcb00000)]
  0x000002abfdeb9800 JavaThread "JDWP Event Helper Thread" daemon [_thread_blocked, id=9448, stack(0x000000c6fc900000,0x000000c6fca00000)]
  0x000002abfdea3000 JavaThread "JDWP Transport Listener: dt_socket" daemon [_thread_blocked, id=13380, stack(0x000000c6fc800000,0x000000c6fc900000)]
  0x000002abfde99000 JavaThread "Attach Listener" daemon [_thread_blocked, id=14480, stack(0x000000c6fc700000,0x000000c6fc800000)]
  0x000002abfde98000 JavaThread "Signal Dispatcher" daemon [_thread_blocked, id=13596, stack(0x000000c6fc600000,0x000000c6fc700000)]
  0x000002abfde6a000 JavaThread "Finalizer" daemon [_thread_blocked, id=15664, stack(0x000000c6fc500000,0x000000c6fc600000)]
  0x000002abfde63000 JavaThread "Reference Handler" daemon [_thread_blocked, id=15732, stack(0x000000c6fc400000,0x000000c6fc500000)]
  0x000002abe8f99000 JavaThread "Client thread" [_thread_blocked, id=14776, stack(0x000000c6fba00000,0x000000c6fbb00000)]

Other Threads:
=>0x000002abfde31800 VMThread [stack: 0x000000c6fc300000,0x000000c6fc400000] [id=3112]

VM state:at safepoint (shutting down)

VM Mutex/Monitor currently owned by a thread:  ([mutex/lock_event])
[0x000002abe8f98890] Threads_lock - owner thread: 0x000002abfde31800

heap address: 0x00000000a1400000, size: 1516 MB, Compressed Oops mode: 32-bit
Narrow klass base: 0x0000000000000000, Narrow klass shift: 3
Compressed class space size: 1073741824 Address: 0x0000000100000000

Heap:
 PSYoungGen      total 345088K, used 5838K [0x00000000e0700000, 0x0000000100000000, 0x0000000100000000)
  eden space 173056K, 3% used [0x00000000e0700000,0x00000000e0cb3a68,0x00000000eb000000)
  from space 172032K, 0% used [0x00000000eb000000,0x00000000eb000000,0x00000000f5800000)
  to   space 172032K, 0% used [0x00000000f5800000,0x00000000f5800000,0x0000000100000000)
 ParOldGen       total 800256K, used 327980K [0x00000000a1400000, 0x00000000d2180000, 0x00000000e0700000)
  object space 800256K, 40% used [0x00000000a1400000,0x00000000b544b2d8,0x00000000d2180000)
 Metaspace       used 53546K, capacity 53971K, committed 54400K, reserved 1097728K
  class space    used 6409K, capacity 6528K, committed 6528K, reserved 1048576K

Card table byte_map: [0x000002abf9c90000,0x000002abf9f90000] byte_map_base: 0x000002abf9786000

Marking Bits: (ParMarkBitMap*) 0x0000000064027850
 Begin Bits: [0x000002abfa190000, 0x000002abfb940000)
 End Bits:   [0x000002abfb940000, 0x000002abfd0f0000)

Polling page: 0x000002abe9080000

CodeCache: size=245760Kb used=34261Kb max_used=34271Kb free=211498Kb
 bounds [0x000002abea8d0000, 0x000002abeca90000, 0x000002abf98d0000]
 total_blobs=9520 nmethods=8587 adapters=849
 compilation: enabled

Compilation events (10 events):
Event: 88.851 Thread 0x000002ab80002800 nmethod 12069 0x000002abeca78e50 code [0x000002abeca78fa0, 0x000002abeca79158]
Event: 88.852 Thread 0x000002ab80002800 12070       3       java.lang.StackTraceElement::toString (140 bytes)
Event: 88.854 Thread 0x000002ab80002800 nmethod 12070 0x000002abeca7f6d0 code [0x000002abeca7fa00, 0x000002abeca816d0]
Event: 88.854 Thread 0x000002abfdedc000 nmethod 12068 0x000002abeca7a790 code [0x000002abeca7a900, 0x000002abeca7af48]
Event: 88.860 Thread 0x000002ab80002800 12071       3       java.util.logging.LogManager$LoggerContext::getRootLogger (8 bytes)
Event: 88.860 Thread 0x000002ab80002800 nmethod 12071 0x000002abeca7d210 code [0x000002abeca7d360, 0x000002abeca7d578]
Event: 88.860 Thread 0x000002ab80002800 12072       3       java.util.logging.LogManager$LoggerContext::getGlobalLogger (6 bytes)
Event: 88.860 Thread 0x000002ab80002800 nmethod 12072 0x000002abeca7ced0 code [0x000002abeca7d020, 0x000002abeca7d178]
Event: 88.863 Thread 0x000002ab80002800 12073       1       org.apache.logging.log4j.core.config.LoggerConfig::getLevel (5 bytes)
Event: 88.863 Thread 0x000002ab80002800 nmethod 12073 0x000002abeca7cc10 code [0x000002abeca7cd60, 0x000002abeca7ce78]

GC Heap History (10 events):
Event: 79.745 GC heap before
{Heap before GC invocations=51 (full 10):
 PSYoungGen      total 345088K, used 173056K [0x00000000e0700000, 0x0000000100000000, 0x0000000100000000)
  eden space 173056K, 100% used [0x00000000e0700000,0x00000000eb000000,0x00000000eb000000)
  from space 172032K, 0% used [0x00000000f5800000,0x00000000f5800000,0x0000000100000000)
  to   space 172032K, 0% used [0x00000000eb000000,0x00000000eb000000,0x00000000f5800000)
 ParOldGen       total 800256K, used 561985K [0x00000000a1400000, 0x00000000d2180000, 0x00000000e0700000)
  object space 800256K, 70% used [0x00000000a1400000,0x00000000c38d0678,0x00000000d2180000)
 Metaspace       used 53480K, capacity 53907K, committed 54400K, reserved 1097728K
  class space    used 6400K, capacity 6528K, committed 6528K, reserved 1048576K
Event: 79.774 GC heap after
Heap after GC invocations=51 (full 10):
 PSYoungGen      total 345088K, used 108352K [0x00000000e0700000, 0x0000000100000000, 0x0000000100000000)
  eden space 173056K, 0% used [0x00000000e0700000,0x00000000e0700000,0x00000000eb000000)
  from space 172032K, 62% used [0x00000000eb000000,0x00000000f19d0070,0x00000000f5800000)
  to   space 172032K, 0% used [0x00000000f5800000,0x00000000f5800000,0x0000000100000000)
 ParOldGen       total 800256K, used 561993K [0x00000000a1400000, 0x00000000d2180000, 0x00000000e0700000)
  object space 800256K, 70% used [0x00000000a1400000,0x00000000c38d2678,0x00000000d2180000)
 Metaspace       used 53480K, capacity 53907K, committed 54400K, reserved 1097728K
  class space    used 6400K, capacity 6528K, committed 6528K, reserved 1048576K
}
Event: 88.215 GC heap before
{Heap before GC invocations=52 (full 10):
 PSYoungGen      total 345088K, used 265737K [0x00000000e0700000, 0x0000000100000000, 0x0000000100000000)
  eden space 173056K, 90% used [0x00000000e0700000,0x00000000ea0b2660,0x00000000eb000000)
  from space 172032K, 62% used [0x00000000eb000000,0x00000000f19d0070,0x00000000f5800000)
  to   space 172032K, 0% used [0x00000000f5800000,0x00000000f5800000,0x0000000100000000)
 ParOldGen       total 800256K, used 561993K [0x00000000a1400000, 0x00000000d2180000, 0x00000000e0700000)
  object space 800256K, 70% used [0x00000000a1400000,0x00000000c38d2678,0x00000000d2180000)
 Metaspace       used 53534K, capacity 53971K, committed 54400K, reserved 1097728K
  class space    used 6407K, capacity 6528K, committed 6528K, reserved 1048576K
Event: 88.229 GC heap after
Heap after GC invocations=52 (full 10):
 PSYoungGen      total 345088K, used 6880K [0x00000000e0700000, 0x0000000100000000, 0x0000000100000000)
  eden space 173056K, 0% used [0x00000000e0700000,0x00000000e0700000,0x00000000eb000000)
  from space 172032K, 3% used [0x00000000f5800000,0x00000000f5eb8060,0x0000000100000000)
  to   space 172032K, 0% used [0x00000000eb000000,0x00000000eb000000,0x00000000f5800000)
 ParOldGen       total 800256K, used 562001K [0x00000000a1400000, 0x00000000d2180000, 0x00000000e0700000)
  object space 800256K, 70% used [0x00000000a1400000,0x00000000c38d4678,0x00000000d2180000)
 Metaspace       used 53534K, capacity 53971K, committed 54400K, reserved 1097728K
  class space    used 6407K, capacity 6528K, committed 6528K, reserved 1048576K
}
Event: 88.229 GC heap before
{Heap before GC invocations=53 (full 11):
 PSYoungGen      total 345088K, used 6880K [0x00000000e0700000, 0x0000000100000000, 0x0000000100000000)
  eden space 173056K, 0% used [0x00000000e0700000,0x00000000e0700000,0x00000000eb000000)
  from space 172032K, 3% used [0x00000000f5800000,0x00000000f5eb8060,0x0000000100000000)
  to   space 172032K, 0% used [0x00000000eb000000,0x00000000eb000000,0x00000000f5800000)
 ParOldGen       total 800256K, used 562001K [0x00000000a1400000, 0x00000000d2180000, 0x00000000e0700000)
  object space 800256K, 70% used [0x00000000a1400000,0x00000000c38d4678,0x00000000d2180000)
 Metaspace       used 53534K, capacity 53971K, committed 54400K, reserved 1097728K
  class space    used 6407K, capacity 6528K, committed 6528K, reserved 1048576K
Event: 88.655 GC heap after
Heap after GC invocations=53 (full 11):
 PSYoungGen      total 345088K, used 0K [0x00000000e0700000, 0x0000000100000000, 0x0000000100000000)
  eden space 173056K, 0% used [0x00000000e0700000,0x00000000e0700000,0x00000000eb000000)
  from space 172032K, 0% used [0x00000000f5800000,0x00000000f5800000,0x0000000100000000)
  to   space 172032K, 0% used [0x00000000eb000000,0x00000000eb000000,0x00000000f5800000)
 ParOldGen       total 800256K, used 327980K [0x00000000a1400000, 0x00000000d2180000, 0x00000000e0700000)
  object space 800256K, 40% used [0x00000000a1400000,0x00000000b544b2f0,0x00000000d2180000)
 Metaspace       used 53534K, capacity 53971K, committed 54400K, reserved 1097728K
  class space    used 6407K, capacity 6528K, committed 6528K, reserved 1048576K
}
Event: 88.655 GC heap before
{Heap before GC invocations=54 (full 11):
 PSYoungGen      total 345088K, used 1469K [0x00000000e0700000, 0x0000000100000000, 0x0000000100000000)
  eden space 173056K, 0% used [0x00000000e0700000,0x00000000e086f5c0,0x00000000eb000000)
  from space 172032K, 0% used [0x00000000f5800000,0x00000000f5800000,0x0000000100000000)
  to   space 172032K, 0% used [0x00000000eb000000,0x00000000eb000000,0x00000000f5800000)
 ParOldGen       total 800256K, used 327980K [0x00000000a1400000, 0x00000000d2180000, 0x00000000e0700000)
  object space 800256K, 40% used [0x00000000a1400000,0x00000000b544b2f0,0x00000000d2180000)
 Metaspace       used 53534K, capacity 53971K, committed 54400K, reserved 1097728K
  class space    used 6407K, capacity 6528K, committed 6528K, reserved 1048576K
Event: 88.659 GC heap after
Heap after GC invocations=54 (full 11):
 PSYoungGen      total 345088K, used 96K [0x00000000e0700000, 0x0000000100000000, 0x0000000100000000)
  eden space 173056K, 0% used [0x00000000e0700000,0x00000000e0700000,0x00000000eb000000)
  from space 172032K, 0% used [0x00000000eb000000,0x00000000eb018000,0x00000000f5800000)
  to   space 172032K, 0% used [0x00000000f5800000,0x00000000f5800000,0x0000000100000000)
 ParOldGen       total 800256K, used 327980K [0x00000000a1400000, 0x00000000d2180000, 0x00000000e0700000)
  object space 800256K, 40% used [0x00000000a1400000,0x00000000b544b2f0,0x00000000d2180000)
 Metaspace       used 53534K, capacity 53971K, committed 54400K, reserved 1097728K
  class space    used 6407K, capacity 6528K, committed 6528K, reserved 1048576K
}
Event: 88.659 GC heap before
{Heap before GC invocations=55 (full 12):
 PSYoungGen      total 345088K, used 96K [0x00000000e0700000, 0x0000000100000000, 0x0000000100000000)
  eden space 173056K, 0% used [0x00000000e0700000,0x00000000e0700000,0x00000000eb000000)
  from space 172032K, 0% used [0x00000000eb000000,0x00000000eb018000,0x00000000f5800000)
  to   space 172032K, 0% used [0x00000000f5800000,0x00000000f5800000,0x0000000100000000)
 ParOldGen       total 800256K, used 327980K [0x00000000a1400000, 0x00000000d2180000, 0x00000000e0700000)
  object space 800256K, 40% used [0x00000000a1400000,0x00000000b544b2f0,0x00000000d2180000)
 Metaspace       used 53534K, capacity 53971K, committed 54400K, reserved 1097728K
  class space    used 6407K, capacity 6528K, committed 6528K, reserved 1048576K
Event: 88.841 GC heap after
Heap after GC invocations=55 (full 12):
 PSYoungGen      total 345088K, used 0K [0x00000000e0700000, 0x0000000100000000, 0x0000000100000000)
  eden space 173056K, 0% used [0x00000000e0700000,0x00000000e0700000,0x00000000eb000000)
  from space 172032K, 0% used [0x00000000eb000000,0x00000000eb000000,0x00000000f5800000)
  to   space 172032K, 0% used [0x00000000f5800000,0x00000000f5800000,0x0000000100000000)
 ParOldGen       total 800256K, used 327980K [0x00000000a1400000, 0x00000000d2180000, 0x00000000e0700000)
  object space 800256K, 40% used [0x00000000a1400000,0x00000000b544b2d8,0x00000000d2180000)
 Metaspace       used 53534K, capacity 53971K, committed 54400K, reserved 1097728K
  class space    used 6407K, capacity 6528K, committed 6528K, reserved 1048576K
}

Deoptimization events (10 events):
Event: 79.936 Thread 0x000002ab901c5800 Uncommon trap: reason=bimorphic action=maybe_recompile pc=0x000002abec06ab5c method=net.minecraft.world.chunk.storage.AnvilChunkLoader.writeChunkToNBT(Lnet/minecraft/world/chunk/Chunk;Lnet/minecraft/world/World;Lnet/minecraft/nbt/NBTTagCompound;)V @ 654
Event: 79.965 Thread 0x000002ab901c5800 Uncommon trap: reason=unstable_if action=reinterpret pc=0x000002abebfbc54c method=java.util.Collections$SetFromMap.add(Ljava/lang/Object;)Z @ 13
Event: 88.844 Thread 0x000002ab901c5800 Uncommon trap: reason=class_check action=maybe_recompile pc=0x000002abec179f3c method=com.google.common.cache.LocalCache$Segment.drainRecencyQueue()V @ 4
Event: 88.845 Thread 0x000002ab901c5800 Uncommon trap: reason=class_check action=maybe_recompile pc=0x000002abec899278 method=com.google.common.cache.LocalCache$Segment.drainRecencyQueue()V @ 4
Event: 88.845 Thread 0x000002ab901c5800 Uncommon trap: reason=class_check action=maybe_recompile pc=0x000002abec17dae8 method=com.google.common.cache.LocalCache$Segment.setValue(Lcom/google/common/cache/LocalCache$ReferenceEntry;Ljava/lang/Object;Ljava/lang/Object;J)V @ 1
Event: 88.845 Thread 0x000002ab901c5800 Uncommon trap: reason=class_check action=maybe_recompile pc=0x000002abec177e84 method=com.google.common.cache.LocalCache$Segment.drainRecencyQueue()V @ 4
Event: 88.850 Thread 0x000002abe8f99000 Uncommon trap: reason=class_check action=maybe_recompile pc=0x000002abebfcb580 method=java.util.AbstractSet.removeAll(Ljava/util/Collection;)Z @ 12
Event: 88.856 Thread 0x000002abe8f99000 Uncommon trap: reason=class_check action=maybe_recompile pc=0x000002abebfcb580 method=java.util.AbstractSet.removeAll(Ljava/util/Collection;)Z @ 12
Event: 88.857 Thread 0x000002abe8f99000 Uncommon trap: reason=unstable_if action=reinterpret pc=0x000002abebaf5ed4 method=sun.nio.cs.UTF_8$Encoder.encodeArrayLoop(Ljava/nio/CharBuffer;Ljava/nio/ByteBuffer;)Ljava/nio/charset/CoderResult; @ 87
Event: 88.858 Thread 0x000002abe8f99000 Uncommon trap: reason=unstable_if action=reinterpret pc=0x000002abeaeeef3c method=net.minecraftforge.fml.relauncher.FMLSecurityManager.checkPermission(Ljava/security/Permission;)V @ 23

Classes redefined (0 events):
No events

Internal exceptions (10 events):
Event: 76.609 Thread 0x000002ab816f2000 Exception <a 'java/lang/InterruptedException': sleep interrupted> (0x00000000e2734600) thrown at [C:\wsjdk\Corretto8Src\installers\windows\zip\corretto-build\buildRoot\src\hotspot\src\share\vm\prims\jvm.cpp, line 3337]
Event: 76.638 Thread 0x000002abe8f99000 Exception <a 'java/lang/NoSuchMethodError': java.lang.Object.lambda$comparingDouble$8dcf42ea$1(Ljava/util/function/ToDoubleFunction;Ljava/lang/Object;Ljava/lang/Object;)I> (0x00000000e8f4f320) thrown at [C:\wsjdk\Corretto8Src\installers\windows\zip\corret
Event: 76.646 Thread 0x000002abe8f99000 NullPointerException at vtable entry 0x000002abea9e7de0
Event: 76.646 Thread 0x000002abe8f99000 Exception <a 'java/lang/NullPointerException'> (0x00000000e934edc0) thrown at [C:\wsjdk\Corretto8Src\installers\windows\zip\corretto-build\buildRoot\src\hotspot\src\share\vm\runtime\sharedRuntime.cpp, line 610]
Event: 76.647 Thread 0x000002abe8f99000 NullPointerException at vtable entry 0x000002abea9e7de0
Event: 76.647 Thread 0x000002abe8f99000 Exception <a 'java/lang/NullPointerException'> (0x00000000e935f9f8) thrown at [C:\wsjdk\Corretto8Src\installers\windows\zip\corretto-build\buildRoot\src\hotspot\src\share\vm\runtime\sharedRuntime.cpp, line 610]
Event: 76.657 Thread 0x000002abe8f99000 Exception <a 'java/lang/NullPointerException'> (0x00000000e93e2188) thrown at [C:\wsjdk\Corretto8Src\installers\windows\zip\corretto-build\buildRoot\src\hotspot\src\share\vm\interpreter\linkResolver.cpp, line 1185]
Event: 76.657 Thread 0x000002abe8f99000 Exception <a 'java/lang/NullPointerException'> (0x00000000e93e68e0) thrown at [C:\wsjdk\Corretto8Src\installers\windows\zip\corretto-build\buildRoot\src\hotspot\src\share\vm\interpreter\linkResolver.cpp, line 1185]
Event: 88.215 Thread 0x000002ab816f2000 Exception <a 'java/lang/InterruptedException': sleep interrupted> (0x00000000ea09f6f8) thrown at [C:\wsjdk\Corretto8Src\installers\windows\zip\corretto-build\buildRoot\src\hotspot\src\share\vm\prims\jvm.cpp, line 3384]
Event: 88.841 Thread 0x000002ab816f2000 Exception <a 'java/lang/InterruptedException': sleep interrupted> (0x00000000e086f640) thrown at [C:\wsjdk\Corretto8Src\installers\windows\zip\corretto-build\buildRoot\src\hotspot\src\share\vm\prims\jvm.cpp, line 3337]

Events (10 events):
Event: 88.863 Thread 0x000002ab816eb800 DEOPT UNPACKING pc=0x000002abea9171d8 sp=0x000000c6fedfe2c8 mode 1
Event: 88.863 Thread 0x000002ab816eb800 DEOPT PACKING pc=0x000002abeb195348 sp=0x000000c6fedfe600
Event: 88.863 Thread 0x000002ab816eb800 DEOPT UNPACKING pc=0x000002abea9171d8 sp=0x000000c6fedfe320 mode 1
Event: 88.863 Thread 0x000002ab816eb800 DEOPT PACKING pc=0x000002abeaba5e9c sp=0x000000c6fedfef30
Event: 88.863 Thread 0x000002ab816eb800 DEOPT UNPACKING pc=0x000002abea9171d8 sp=0x000000c6fedfec88 mode 1
Event: 88.863 Executing VM operation: RevokeBias
Event: 88.864 Executing VM operation: RevokeBias done
Event: 88.864 Thread 0x000002ab816eb800 Thread exited: 0x000002ab816eb800
Event: 88.867 Thread 0x000002ab901c5800 Thread exited: 0x000002ab901c5800
Event: 88.871 Executing VM operation: Exit


Dynamic libraries:
0x00007ff6fdee0000 - 0x00007ff6fdf1a000 	C:\Users\Sun3k\.jdks\corretto-1.8.0_332\bin\java.exe
0x00007ffeb6950000 - 0x00007ffeb6b47000 	C:\Windows\SYSTEM32\ntdll.dll
0x00007ffeb49b0000 - 0x00007ffeb4a6d000 	C:\Windows\System32\KERNEL32.DLL
0x00007ffeb4480000 - 0x00007ffeb474d000 	C:\Windows\System32\KERNELBASE.dll
0x00007ffeb5160000 - 0x00007ffeb520e000 	C:\Windows\System32\ADVAPI32.dll
0x00007ffeb62b0000 - 0x00007ffeb634e000 	C:\Windows\System32\msvcrt.dll
0x00007ffeb5f70000 - 0x00007ffeb600c000 	C:\Windows\System32\sechost.dll
0x00007ffeb5210000 - 0x00007ffeb5335000 	C:\Windows\System32\RPCRT4.dll
0x00007ffeb53a0000 - 0x00007ffeb5540000 	C:\Windows\System32\USER32.dll
0x00007ffeb4950000 - 0x00007ffeb4972000 	C:\Windows\System32\win32u.dll
0x00007ffeb61d0000 - 0x00007ffeb61fa000 	C:\Windows\System32\GDI32.dll
0x00007ffeb4220000 - 0x00007ffeb432b000 	C:\Windows\System32\gdi32full.dll
0x00007ffeb43e0000 - 0x00007ffeb447d000 	C:\Windows\System32\msvcp_win.dll
0x00007ffeb47e0000 - 0x00007ffeb48e0000 	C:\Windows\System32\ucrtbase.dll
0x00007ffe9dfe0000 - 0x00007ffe9e27a000 	C:\Windows\WinSxS\amd64_microsoft.windows.common-controls_6595b64144ccf1df_6.0.19041.1110_none_60b5254171f9507e\COMCTL32.dll
0x00007ffeb55a0000 - 0x00007ffeb55d0000 	C:\Windows\System32\IMM32.DLL
0x00007ffeabda0000 - 0x00007ffeabe8f000 	C:\Users\Sun3k\.jdks\corretto-1.8.0_332\jre\bin\msvcr120.dll
0x00007ffe77520000 - 0x00007ffe775c6000 	C:\Users\Sun3k\.jdks\corretto-1.8.0_332\jre\bin\msvcp120.dll
0x0000000063830000 - 0x00000000640a6000 	C:\Users\Sun3k\.jdks\corretto-1.8.0_332\jre\bin\server\jvm.dll
0x00007ffeb61c0000 - 0x00007ffeb61c8000 	C:\Windows\System32\PSAPI.DLL
0x00007ffe9d810000 - 0x00007ffe9d819000 	C:\Windows\SYSTEM32\WSOCK32.dll
0x00007ffead3a0000 - 0x00007ffead3aa000 	C:\Windows\SYSTEM32\VERSION.dll
0x00007ffeab0b0000 - 0x00007ffeab0d7000 	C:\Windows\SYSTEM32\WINMM.dll
0x00007ffeb5060000 - 0x00007ffeb50cb000 	C:\Windows\System32\WS2_32.dll
0x00007ffeaea20000 - 0x00007ffeaea2f000 	C:\Users\Sun3k\.jdks\corretto-1.8.0_332\jre\bin\verify.dll
0x00007ffeae6b0000 - 0x00007ffeae6d9000 	C:\Users\Sun3k\.jdks\corretto-1.8.0_332\jre\bin\java.dll
0x00007ffe9b620000 - 0x00007ffe9b655000 	C:\Users\Sun3k\.jdks\corretto-1.8.0_332\jre\bin\jdwp.dll
0x00007ffeafc70000 - 0x00007ffeafc78000 	C:\Users\Sun3k\.jdks\corretto-1.8.0_332\jre\bin\npt.dll
0x00007ffeaea70000 - 0x00007ffeaea9a000 	C:\Users\Sun3k\.jdks\corretto-1.8.0_332\jre\bin\instrument.dll
0x00007ffeaea00000 - 0x00007ffeaea16000 	C:\Users\Sun3k\.jdks\corretto-1.8.0_332\jre\bin\zip.dll
0x00007ffeb57b0000 - 0x00007ffeb5ef4000 	C:\Windows\System32\SHELL32.dll
0x00007ffeb2170000 - 0x00007ffeb2904000 	C:\Windows\SYSTEM32\windows.storage.dll
0x00007ffeb4a70000 - 0x00007ffeb4dc4000 	C:\Windows\System32\combase.dll
0x00007ffeb3ad0000 - 0x00007ffeb3afc000 	C:\Windows\SYSTEM32\Wldp.dll
0x00007ffeb6200000 - 0x00007ffeb62ad000 	C:\Windows\System32\SHCORE.dll
0x00007ffeb5540000 - 0x00007ffeb5595000 	C:\Windows\System32\shlwapi.dll
0x00007ffeb3fb0000 - 0x00007ffeb3fcf000 	C:\Windows\SYSTEM32\profapi.dll
0x00007ffeafc60000 - 0x00007ffeafc69000 	C:\Users\Sun3k\.jdks\corretto-1.8.0_332\jre\bin\dt_socket.dll
0x00007ffeb3830000 - 0x00007ffeb389a000 	C:\Windows\system32\mswsock.dll
0x00007ffeafd00000 - 0x00007ffeafd0d000 	C:\Users\Sun3k\.jdks\corretto-1.8.0_332\jre\bin\management.dll
0x00007ffeae690000 - 0x00007ffeae6aa000 	C:\Users\Sun3k\.jdks\corretto-1.8.0_332\jre\bin\net.dll
0x00007ffeae670000 - 0x00007ffeae682000 	C:\Users\Sun3k\.jdks\corretto-1.8.0_332\jre\bin\nio.dll
0x00007ffeb3a20000 - 0x00007ffeb3a38000 	C:\Windows\SYSTEM32\CRYPTSP.dll
0x00007ffeb3140000 - 0x00007ffeb3174000 	C:\Windows\system32\rsaenh.dll
0x00007ffeb4980000 - 0x00007ffeb49a7000 	C:\Windows\System32\bcrypt.dll
0x00007ffeb3f30000 - 0x00007ffeb3f5e000 	C:\Windows\SYSTEM32\USERENV.dll
0x00007ffeb4750000 - 0x00007ffeb47d2000 	C:\Windows\System32\bcryptprimitives.dll
0x00007ffeb3a40000 - 0x00007ffeb3a4c000 	C:\Windows\SYSTEM32\CRYPTBASE.dll
0x00007ffeb34b0000 - 0x00007ffeb34eb000 	C:\Windows\SYSTEM32\IPHLPAPI.DLL
0x00007ffeb5f60000 - 0x00007ffeb5f68000 	C:\Windows\System32\NSI.dll
0x00007ffea8bc0000 - 0x00007ffea8bd7000 	C:\Windows\SYSTEM32\dhcpcsvc6.DLL
0x00007ffeab020000 - 0x00007ffeab03d000 	C:\Windows\SYSTEM32\dhcpcsvc.DLL
0x00007ffeb34f0000 - 0x00007ffeb35bb000 	C:\Windows\SYSTEM32\DNSAPI.dll
0x00007ffeafc20000 - 0x00007ffeafc2a000 	C:\Users\Sun3k\AppData\Local\Temp\jansi-64-7583340174385100184.dll
0x00007ffe77a30000 - 0x00007ffe77a47000 	C:\Windows\system32\napinsp.dll
0x00007ffe629d0000 - 0x00007ffe629eb000 	C:\Windows\system32\pnrpnsp.dll
0x00007ffeaee60000 - 0x00007ffeaee75000 	C:\Windows\system32\wshbth.dll
0x00007ffeafbb0000 - 0x00007ffeafbcd000 	C:\Windows\system32\NLAapi.dll
0x00007ffe629b0000 - 0x00007ffe629c2000 	C:\Windows\System32\winrnr.dll
0x00007ffea8160000 - 0x00007ffea816a000 	C:\Windows\System32\rasadhlp.dll
0x00007ffea7d30000 - 0x00007ffea7db0000 	C:\Windows\System32\fwpuclnt.dll
0x00007ffeafcb0000 - 0x00007ffeafcd3000 	C:\Users\Sun3k\.jdks\corretto-1.8.0_332\jre\bin\sunec.dll
0x00007ffeafcf0000 - 0x00007ffeafcfc000 	C:\Users\Sun3k\.jdks\corretto-1.8.0_332\jre\bin\sunmscapi.dll
0x00007ffeb4070000 - 0x00007ffeb41c6000 	C:\Windows\System32\CRYPT32.dll
0x00007ffeb3b40000 - 0x00007ffeb3b67000 	C:\Windows\SYSTEM32\ncrypt.dll
0x00007ffeb3b00000 - 0x00007ffeb3b3b000 	C:\Windows\SYSTEM32\NTASN1.dll
0x0000000180000000 - 0x0000000180053000 	C:\Users\Sun3k\.gradle\caches\minecraft\net\minecraft\natives\1.8.9\lwjgl64.dll
0x00007ffe7d620000 - 0x00007ffe7d746000 	C:\Windows\SYSTEM32\OPENGL32.dll
0x00007ffe7d5f0000 - 0x00007ffe7d61c000 	C:\Windows\SYSTEM32\GLU32.dll
0x00007ffe88390000 - 0x00007ffe88525000 	C:\Users\Sun3k\.jdks\corretto-1.8.0_332\jre\bin\awt.dll
0x00007ffeb60f0000 - 0x00007ffeb61bd000 	C:\Windows\System32\OLEAUT32.dll
0x00007ffeb18b0000 - 0x00007ffeb1940000 	C:\Windows\SYSTEM32\apphelp.dll
0x00007ffeaeb70000 - 0x00007ffeaec1e000 	C:\Windows\SYSTEM32\mscms.dll
0x00007ffeaeb50000 - 0x00007ffeaeb61000 	C:\Windows\SYSTEM32\ColorAdapterClient.dll
0x00007ffeb1f70000 - 0x00007ffeb1f82000 	C:\Windows\SYSTEM32\kernel.appcore.dll
0x00007ffeb55d0000 - 0x00007ffeb5679000 	C:\Windows\System32\clbcatq.dll
0x00007ffeac730000 - 0x00007ffeac773000 	C:\Windows\System32\Windows.Internal.Graphics.Display.DisplayColorManagement.dll
0x00007ffeb41d0000 - 0x00007ffeb421e000 	C:\Windows\System32\cfgmgr32.dll
0x00007ffeb1a70000 - 0x00007ffeb1b0e000 	C:\Windows\system32\uxtheme.dll
0x00007ffeb5690000 - 0x00007ffeb57a5000 	C:\Windows\System32\MSCTF.dll
0x00007ffea19f0000 - 0x00007ffea1ae9000 	C:\Windows\SYSTEM32\textinputframework.dll
0x00007ffeb15a0000 - 0x00007ffeb1692000 	C:\Windows\System32\CoreMessaging.dll
0x00007ffeb0ec0000 - 0x00007ffeb121e000 	C:\Windows\System32\CoreUIComponents.dll
0x00007ffeb2d70000 - 0x00007ffeb2da3000 	C:\Windows\SYSTEM32\ntmarta.dll
0x00007ffeafee0000 - 0x00007ffeb0034000 	C:\Windows\SYSTEM32\wintypes.dll
0x00007ffead280000 - 0x00007ffead377000 	C:\Windows\System32\AppXDeploymentClient.dll
0x00007ffe9d9f0000 - 0x00007ffe9da1c000 	C:\Windows\System32\DriverStore\FileRepository\u0375335.inf_amd64_7de275617d9da25a\B374868\atig6pxx.dll
0x00007ffe47b80000 - 0x00007ffe4a9c3000 	C:\Windows\System32\DriverStore\FileRepository\u0375335.inf_amd64_7de275617d9da25a\B374868\atio6axx.dll
0x00007ffeb6350000 - 0x00007ffeb67bf000 	C:\Windows\System32\SETUPAPI.dll
0x00007ffe9f7f0000 - 0x00007ffe9f814000 	C:\Windows\SYSTEM32\dxva2.dll
0x00007ffeb67e0000 - 0x00007ffeb690a000 	C:\Windows\System32\ole32.dll
0x00007ffeb1c80000 - 0x00007ffeb1caf000 	C:\Windows\SYSTEM32\dwmapi.dll
0x00007ffe9b550000 - 0x00007ffe9b58f000 	C:\Windows\System32\DriverStore\FileRepository\u0375335.inf_amd64_7de275617d9da25a\B374868\atig6txx.dll
0x00007ffe6eee0000 - 0x00007ffe6f0b4000 	C:\Windows\SYSTEM32\atiadlxx.dll
0x00007ffe92cf0000 - 0x00007ffe92d39000 	C:\Windows\SYSTEM32\pdh.dll
0x00007ffeafab0000 - 0x00007ffeafba6000 	C:\Windows\SYSTEM32\PROPSYS.dll
0x00007ffeb3e20000 - 0x00007ffeb3e4c000 	C:\Windows\SYSTEM32\DEVOBJ.dll
0x00007ffeb48e0000 - 0x00007ffeb4947000 	C:\Windows\System32\WINTRUST.dll
0x00007ffeb3c60000 - 0x00007ffeb3c72000 	C:\Windows\SYSTEM32\MSASN1.dll
0x00007ffeabd00000 - 0x00007ffeabd3b000 	C:\Windows\SYSTEM32\dxcore.dll
0x00007ffe671f0000 - 0x00007ffe67233000 	C:\Windows\SYSTEM32\icm32.dll
0x000002ab8e0d0000 - 0x000002ab8e108000 	C:\Users\Sun3k\AppData\Local\Temp\jna\jna732918022081103292.dll
0x00007ffe9b500000 - 0x00007ffe9b54b000 	C:\ProgramData\obs-studio-hook\graphics-hook64.dll
0x00007ffeb0040000 - 0x00007ffeb02a3000 	C:\Windows\system32\d3d11.dll
0x00007ffeb2970000 - 0x00007ffeb2a63000 	C:\Windows\SYSTEM32\dxgi.dll
0x00007ffeab0e0000 - 0x00007ffeab298000 	C:\Windows\System32\DriverStore\FileRepository\u0375335.inf_amd64_7de275617d9da25a\B374868\aticfx64.dll
0x00007ffeaaf50000 - 0x00007ffeaaf89000 	C:\Windows\System32\DriverStore\FileRepository\u0375335.inf_amd64_7de275617d9da25a\B374868\atiuxp64.dll
0x00007ffea8df0000 - 0x00007ffeaad27000 	C:\Windows\System32\DriverStore\FileRepository\u0375335.inf_amd64_7de275617d9da25a\B374868\atidxx64.dll
0x00007ffea8ab0000 - 0x00007ffea8ae0000 	C:\Windows\SYSTEM32\amdihk64.dll
0x00007ffea8200000 - 0x00007ffea822b000 	C:\Windows\SYSTEM32\D3DSCache.dll
0x00007ffeada20000 - 0x00007ffeadc20000 	C:\Windows\SYSTEM32\twinapi.appcore.dll
0x0000000070a40000 - 0x0000000070adc000 	C:\Users\Sun3k\.gradle\caches\minecraft\net\minecraft\natives\1.8.9\avutil-ttv-51.dll
0x0000000065980000 - 0x00000000659d6000 	C:\Users\Sun3k\.gradle\caches\minecraft\net\minecraft\natives\1.8.9\swresample-ttv-0.dll
0x000000006eb80000 - 0x000000006ec50000 	C:\Users\Sun3k\.gradle\caches\minecraft\net\minecraft\natives\1.8.9\libmp3lame-ttv.dll
0x00007ffe517e0000 - 0x00007ffe52b84000 	C:\Users\Sun3k\.gradle\caches\minecraft\net\minecraft\natives\1.8.9\libmfxsw64.dll
0x00007ffe60740000 - 0x00007ffe608ad000 	C:\Users\Sun3k\.gradle\caches\minecraft\net\minecraft\natives\1.8.9\twitchsdk.dll
0x00007ffe99ea0000 - 0x00007ffe9a376000 	C:\Windows\SYSTEM32\WININET.dll
0x000002ab90c10000 - 0x000002ab90c74000 	C:\Users\Sun3k\.gradle\caches\minecraft\net\minecraft\natives\1.8.9\OpenAL64.dll
0x00007ffeaad30000 - 0x00007ffeaadb5000 	C:\Windows\System32\MMDevApi.dll
0x00007ffe965f0000 - 0x00007ffe9668c000 	C:\Windows\SYSTEM32\dsound.dll
0x00007ffe9a760000 - 0x00007ffe9a786000 	C:\Windows\SYSTEM32\winmmbase.dll
0x00007ffeb3730000 - 0x00007ffeb377b000 	C:\Windows\SYSTEM32\powrprof.dll
0x00007ffeb3630000 - 0x00007ffeb3642000 	C:\Windows\SYSTEM32\UMPDC.dll
0x00007ffeaadc0000 - 0x00007ffeaaf42000 	C:\Windows\SYSTEM32\AUDIOSES.DLL
0x00007ffeb1b80000 - 0x00007ffeb1b94000 	C:\Windows\SYSTEM32\resourcepolicyclient.dll
0x00007ffe9faf0000 - 0x00007ffe9fcd4000 	C:\Windows\SYSTEM32\dbghelp.dll

VM Arguments:
jvm_args: -agentlib:jdwp=transport=dt_socket,address=127.0.0.1:50714,suspend=y,server=n -javaagent:C:\Users\Sun3k\AppData\Local\JetBrains\IdeaIC2022.1\captureAgent\debugger-agent.jar -Dfile.encoding=UTF-8 
java_command: GradleStart --mixin mixins.sunrise.json --tweakClass org.spongepowered.asm.launch.MixinTweaker -Ddevauth.account --javaagent:C:\Users\Sun3k\.gradle\caches\modules-2\files-2.1\org.spongepowered\mixin\0.7.11-SNAPSHOT\7a670207bdb97db418118ad1e9bb42424ff3776d\mixin-0.7.11-SNAPSHOT.jar
java_class_path (initial): C:\Users\Sun3k\.jdks\corretto-1.8.0_332\jre\lib\charsets.jar;C:\Users\Sun3k\.jdks\corretto-1.8.0_332\jre\lib\ext\access-bridge-64.jar;C:\Users\Sun3k\.jdks\corretto-1.8.0_332\jre\lib\ext\cldrdata.jar;C:\Users\Sun3k\.jdks\corretto-1.8.0_332\jre\lib\ext\dnsns.jar;C:\Users\Sun3k\.jdks\corretto-1.8.0_332\jre\lib\ext\jaccess.jar;C:\Users\Sun3k\.jdks\corretto-1.8.0_332\jre\lib\ext\jfxrt.jar;C:\Users\Sun3k\.jdks\corretto-1.8.0_332\jre\lib\ext\localedata.jar;C:\Users\Sun3k\.jdks\corretto-1.8.0_332\jre\lib\ext\nashorn.jar;C:\Users\Sun3k\.jdks\corretto-1.8.0_332\jre\lib\ext\sunec.jar;C:\Users\Sun3k\.jdks\corretto-1.8.0_332\jre\lib\ext\sunjce_provider.jar;C:\Users\Sun3k\.jdks\corretto-1.8.0_332\jre\lib\ext\sunmscapi.jar;C:\Users\Sun3k\.jdks\corretto-1.8.0_332\jre\lib\ext\sunpkcs11.jar;C:\Users\Sun3k\.jdks\corretto-1.8.0_332\jre\lib\ext\zipfs.jar;C:\Users\Sun3k\.jdks\corretto-1.8.0_332\jre\lib\jce.jar;C:\Users\Sun3k\.jdks\corretto-1.8.0_332\jre\lib\jfr.jar;C:\Users\Sun3k\.jdks\corretto-1.8.0_332\jre\lib\jfxswt.jar;C:\Users\Sun3k\.jdks\corretto-1.8.0_332\jre\lib\jsse.jar;C:\Users\Sun3k\.jdks\corretto-1.8.0_332\jre\lib\management-agent.jar;C:\Users\Sun3k\.jdks\corretto-1.8.0_332\jre\lib\resources.jar;C:\Users\Sun3k\.jdks\corretto-1.8.0_332\jre\lib\rt.jar;C:\Users\Sun3k\IdeaProjects\Sunrise8\build\classes\java\main;C:\Users\Sun3k\.gradle\caches\minecraft\deobfedDeps\compileDummy.jar;C:\Users\Sun3k\.gradle\caches\minecraft\deobfedDeps\providedDummy.jar;C:\Users\Sun3k\.gradle\caches\modules-2\files-2.1\org.spongepowered\mixin\0.7.11-SNAPSHOT\7a670207bdb97db418118ad1e9bb42424ff3776d\mixin-0.7.11-SNAPSHOT.jar;C:\Users\Sun3k\.gradle\caches\modules-2\files-2.1\gg.essential\elementa-1.8.9-forge\507\38e5ea484636664fc185041360ee5e86cfc147b5\elementa-1.8.9-forge-507.jar;C:\Users\Sun3k\.gradle\caches\modules-2\files-2.1\com.google.guava\guava\17.0\9c6ef172e8de35fd8d4d8783e4821e57cdef7445\guava-17.0.jar;C:\Users\Sun3k\.gradle\caches\modules-2\files-2.1\commons-io\c
Launcher Type: SUN_STANDARD

Environment Variables:
JAVA_HOME=C:\Program Files\OpenJDK\jdk-18
PATH=C:\Windows\system32;C:\Windows;C:\Windows\System32\Wbem;C:\Windows\System32\WindowsPowerShell\v1.0\;C:\Windows\System32\OpenSSH\;C:\ProgramData\chocolatey\bin;C:\Program Files\Microsoft VS Code\bin;C:\Program Files (x86)\Yarn\bin\;C:\Program Files\nodejs\;C:\Program Files\Git\cmd;C:\Program Files\OpenJDK\jdk-18\bin;C:\Program Files\dotnet\;C:\Users\Sun3k\AppData\Local\Programs\Python\Python310\Scripts\;C:\Users\Sun3k\AppData\Local\Programs\Python\Python310\;C:\Users\Sun3k\AppData\Local\Microsoft\WindowsApps;C:\Users\Sun3k\AppData\Local\Yarn\bin;C:\Users\Sun3k\AppData\Roaming\npm;C:\Program Files\Oracle\VirtualBox;C:\Program Files\heroku\bin;C:\Program Files\JetBrains\IntelliJ IDEA Community Edition 2022.1.1\bin;;C:\Users\Sun3k\.dotnet\tools
USERNAME=Sun3k
OS=Windows_NT
PROCESSOR_IDENTIFIER=AMD64 Family 23 Model 24 Stepping 1, AuthenticAMD



---------------  S Y S T E M  ---------------

OS: Windows 10.0 , 64 bit Build 19041 (10.0.19041.1741)

CPU:total 8 (initial active 8) (8 cores per cpu, 1 threads per core) family 23 model 24 stepping 1, cmov, cx8, fxsr, mmx, sse, sse2, sse3, ssse3, sse4.1, sse4.2, popcnt, avx, avx2, aes, clmul, mmxext, 3dnowpref, lzcnt, sse4a, tsc, tscinvbit, tscinv, bmi1

Memory: 4k page, physical 6206224k(488552k free), swap 19837712k(5979144k free)

vm_info: OpenJDK 64-Bit Server VM (25.332-b08) for windows-amd64 JRE (1.8.0_332-b08), built on Apr 16 2022 08:31:02 by "Administrator" with MS VC++ 12.0 (VS2013)

time: Mon Jun 20 12:14:35 2022
timezone: South Sudan Standard Time
elapsed time: 89.255140 seconds (0d 0h 1m 29s)

