#
# A fatal error has been detected by the Java Runtime Environment:
#
#  EXCEPTION_ACCESS_VIOLATION (0xc0000005) at pc=0x0000000000000000, pid=14272, tid=0x00000000000039f4
#
# JRE version: OpenJDK Runtime Environment (8.0_332-b08) (build 1.8.0_332-b08)
# Java VM: OpenJDK 64-Bit Server VM (25.332-b08 mixed mode windows-amd64 compressed oops)
# Problematic frame:
# C  0x0000000000000000
#
# Failed to write core dump. Minidumps are not enabled by default on client versions of Windows
#
# If you would like to submit a bug report, please visit:
#   https://github.com/corretto/corretto-8/issues/
#

---------------  T H R E A D  ---------------

Current thread (0x000002ba14c0c800):  VMThread [stack: 0x000000ede0900000,0x000000ede0a00000] [id=14836]

siginfo: ExceptionCode=0xc0000005, ExceptionInformation=0x0000000000000008 0x0000000000000000

Registers:
RAX=0x0000000000000000, RBX=0x0000000000000000, RCX=0x0000000000000001, RDX=0x00007ffde7b9f0b8
RSP=0x000000ede09fee58, RBP=0x000002ba14b9ce60, RSI=0x0000000000010000, RDI=0x0000000000000000
R8 =0x000000eddfb6e000, R9 =0x0000000000000040, R10=0x0000000000000000, R11=0x000002ba38307ae0
R12=0x00007ffdd698f270, R13=0x00000000ffffffff, R14=0x00007ffdd68b0000, R15=0x0000000000000001
RIP=0x0000000000000000, EFLAGS=0x0000000000010206

Top of Stack: (sp=0x000000ede09fee58)
0x000000ede09fee58:   00007ffde7b62f2c 0000000000000000
0x000000ede09fee68:   000002ba14b9ce60 00000000ffffffff
0x000000ede09fee78:   0000000000010000 0000000000000000
0x000000ede09fee88:   00007ffde7b6406e 0000000000000000
0x000000ede09fee98:   000002ba14b9ce60 0000000000010000
0x000000ede09feea8:   000002ba3515ddc8 0000000000000001
0x000000ede09feeb8:   00007ffdd68b6e2e 0000000000000000
0x000000ede09feec8:   0000000000000001 000000018004bb20
0x000000ede09feed8:   0000000000000000 0000000000000001
0x000000ede09feee8:   00007ffdd68b7276 0000000000000000
0x000000ede09feef8:   000002ba14b9ce60 0000000000000001
0x000000ede09fef08:   0000000000000001 0000000000000000
0x000000ede09fef18:   00007ffdd698f3af 0000000000000001
0x000000ede09fef28:   0000000000000000 0000000000000000
0x000000ede09fef38:   000002ba37070b30 0000000100000001
0x000000ede09fef48:   000000018000ecac 000000018001c558 

Instructions: (pc=0x0000000000000000)
0xffffffffffffffe0:   


Register to memory mapping:

RAX=0x0000000000000000 is an unknown value
RBX=0x0000000000000000 is an unknown value
RCX=0x0000000000000001 is an unknown value
RDX=0x00007ffde7b9f0b8 is an unknown value
RSP=0x000000ede09fee58 is an unknown value
RBP=0x000002ba14b9ce60 is an unknown value
RSI=0x0000000000010000 is an unknown value
RDI=0x0000000000000000 is an unknown value
R8 =0x000000eddfb6e000 is an unknown value
R9 =0x0000000000000040 is an unknown value
R10=0x0000000000000000 is an unknown value
R11=0x000002ba38307ae0 is an unknown value
R12=0x00007ffdd698f270 is an unknown value
R13=0x00000000ffffffff is an unallocated location in the heap
R14=0x00007ffdd68b0000 is an unknown value
R15=0x0000000000000001 is an unknown value


Stack: [0x000000ede0900000,0x000000ede0a00000],  sp=0x000000ede09fee58,  free space=1019k
Native frames: (J=compiled Java code, j=interpreted, Vv=VM code, C=native code)

VM_Operation (0x000000ede00fdd60): Exit, mode: safepoint, requested by thread 0x000002ba14b75800


---------------  P R O C E S S  ---------------

Java Threads: ( => current thread )
  0x000002ba47fc1800 JavaThread "rebel-intermediate-collector" daemon [_thread_blocked, id=20704, stack(0x000000ede4f00000,0x000000ede5000000)]
  0x000002ba47fc2000 JavaThread "pool-6-thread-2" [_thread_blocked, id=10732, stack(0x000000ede4d00000,0x000000ede4e00000)]
  0x000002ba47fc8800 JavaThread "Netty Client IO #9" daemon [_thread_blocked, id=2020, stack(0x000000ede4c00000,0x000000ede4d00000)]
  0x000002ba47fcd000 JavaThread "Netty Client IO #8" daemon [_thread_blocked, id=7512, stack(0x000000ede4e00000,0x000000ede4f00000)]
  0x000002ba38410800 JavaThread "Netty Client IO #7" daemon [_thread_blocked, id=3532, stack(0x000000ede4b00000,0x000000ede4c00000)]
  0x000002ba3840e000 JavaThread "Netty Client IO #6" daemon [_thread_blocked, id=21076, stack(0x000000ede4a00000,0x000000ede4b00000)]
  0x000002ba3840d000 JavaThread "Netty Client IO #5" daemon [_thread_blocked, id=21084, stack(0x000000ede4900000,0x000000ede4a00000)]
  0x000002ba3840f800 JavaThread "Netty Client IO #4" daemon [_thread_blocked, id=19004, stack(0x000000eddfd00000,0x000000eddfe00000)]
  0x000002ba366f1000 JavaThread "Netty Client IO #3" daemon [_thread_blocked, id=20768, stack(0x000000ede4800000,0x000000ede4900000)]
  0x000002ba366f0800 JavaThread "Netty Client IO #2" daemon [_thread_blocked, id=17828, stack(0x000000ede4700000,0x000000ede4800000)]
  0x000002ba366ef800 JavaThread "Netty Client IO #1" daemon [_thread_blocked, id=18848, stack(0x000000ede4600000,0x000000ede4700000)]
  0x000002ba366ef000 JavaThread "Netty Client IO #0" daemon [_thread_blocked, id=7360, stack(0x000000ede4500000,0x000000ede4600000)]
  0x000002ba366e7000 JavaThread "Netty Client IO #0" daemon [_thread_blocked, id=7584, stack(0x000000ede4400000,0x000000ede4500000)]
  0x000002ba366e6000 JavaThread "Server Pinger #4" daemon [_thread_blocked, id=11284, stack(0x000000ede4200000,0x000000ede4300000)]
  0x000002ba366ed000 JavaThread "Server Pinger #3" daemon [_thread_blocked, id=7312, stack(0x000000ede3a00000,0x000000ede3b00000)]
  0x000002ba366ec800 JavaThread "Server Pinger #2" daemon [_thread_blocked, id=2956, stack(0x000000ede3100000,0x000000ede3200000)]
  0x000002ba366eb800 JavaThread "Server Pinger #1" daemon [_thread_blocked, id=10780, stack(0x000000ede2b00000,0x000000ede2c00000)]
  0x000002ba366eb000 JavaThread "Thread-24" daemon [_thread_in_native, id=19788, stack(0x000000eddff00000,0x000000ede0000000)]
  0x000002ba366e9800 JavaThread "Server Pinger #0" daemon [_thread_blocked, id=4216, stack(0x000000eddfe00000,0x000000eddff00000)]
  0x000002ba36c7e800 JavaThread "Thread-23" [_thread_blocked, id=3716, stack(0x000000ede3d00000,0x000000ede3e00000)]
  0x000002ba36c7c000 JavaThread "Thread-22" [_thread_blocked, id=18684, stack(0x000000ede3b00000,0x000000ede3c00000)]
  0x000002ba360c3800 JavaThread "DiscordRPC" [_thread_blocked, id=18980, stack(0x000000ede4000000,0x000000ede4100000)]
  0x000002ba360ca800 JavaThread "Chunk Batcher 1" daemon [_thread_blocked, id=21472, stack(0x000000ede3900000,0x000000ede3a00000)]
  0x000002ba360c2800 JavaThread "Chunk Batcher 0" daemon [_thread_blocked, id=7484, stack(0x000000ede3000000,0x000000ede3100000)]
  0x000002ba38f4e800 JavaThread "LWJGL Timer" daemon [_thread_blocked, id=5504, stack(0x000000ede3200000,0x000000ede3300000)]
  0x000002ba38f46800 JavaThread "Java2D Disposer" daemon [_thread_blocked, id=13896, stack(0x000000ede2f00000,0x000000ede3000000)]
  0x000002ba38f42000 JavaThread "Timer hack thread" daemon [_thread_blocked, id=13168, stack(0x000000ede2e00000,0x000000ede2f00000)]
  0x000002ba38f41000 JavaThread "ViaRewind-1_8TO1_9" daemon [_thread_blocked, id=17732, stack(0x000000ede3300000,0x000000ede3400000)]
  0x000002ba34779000 JavaThread "ViaForge-1" daemon [_thread_blocked, id=5540, stack(0x000000ede2d00000,0x000000ede2e00000)]
  0x000002ba3477e000 JavaThread "ViaForge-0" daemon [_thread_blocked, id=8172, stack(0x000000ede2a00000,0x000000ede2b00000)]
  0x000002ba34775000 JavaThread "Snooper Timer" daemon [_thread_blocked, id=17460, stack(0x000000ede2900000,0x000000ede2a00000)]
  0x000002ba34778800 JavaThread "Snooper Timer" daemon [_thread_blocked, id=19340, stack(0x000000ede1d00000,0x000000ede1e00000)]
  0x000002ba306b3800 JavaThread "rebel-build-info" daemon [_thread_in_native, id=21156, stack(0x000000ede2800000,0x000000ede2900000)]
  0x000002ba306b2800 JavaThread "rebel-change-detector-thread" daemon [_thread_blocked, id=3480, stack(0x000000ede2700000,0x000000ede2800000)]
  0x000002ba306b2000 JavaThread "rebel-debugger-thread" daemon [_thread_blocked, id=19768, stack(0x000000ede2600000,0x000000ede2700000)]
  0x000002ba306ae000 JavaThread "rebel-debugger-attach-notifier" daemon [_thread_blocked, id=15128, stack(0x000000ede2500000,0x000000ede2600000)]
  0x000002ba306af800 JavaThread "rebel-heartbeat-thread" daemon [_thread_blocked, id=6332, stack(0x000000ede2400000,0x000000ede2500000)]
  0x000002ba306b1000 JavaThread "rebel-redeploy-thread" daemon [_thread_blocked, id=13660, stack(0x000000ede1e00000,0x000000ede1f00000)]
  0x000002ba306ae800 JavaThread "rebel-leaseManager-1" daemon [_thread_blocked, id=224, stack(0x000000ede1c00000,0x000000ede1d00000)]
  0x000002ba2c501000 JavaThread "rebel-messaging-executor-46" daemon [_thread_blocked, id=8972, stack(0x000000ede1a00000,0x000000ede1b00000)]
  0x000002ba2c4fe800 JavaThread "rebel-weak-reaper" daemon [_thread_blocked, id=19940, stack(0x000000ede1800000,0x000000ede1900000)]
  0x000002ba2c505800 JavaThread "rebel-cache-writer" daemon [_thread_blocked, id=18164, stack(0x000000ede1700000,0x000000ede1800000)]
  0x000002ba2c2c3800 JavaThread "rebel-CacheKeepAlive" daemon [_thread_blocked, id=20368, stack(0x000000ede2000000,0x000000ede2100000)]
  0x000002ba2c261000 JavaThread "rebel-logger" daemon [_thread_blocked, id=19572, stack(0x000000ede1f00000,0x000000ede2000000)]
  0x000002ba2be5c000 JavaThread "Service Thread" daemon [_thread_blocked, id=1900, stack(0x000000ede1500000,0x000000ede1600000)]
  0x000002ba2be4b800 JavaThread "C1 CompilerThread3" daemon [_thread_blocked, id=20872, stack(0x000000ede1400000,0x000000ede1500000)]
  0x000002ba2be4a800 JavaThread "C2 CompilerThread2" daemon [_thread_blocked, id=16528, stack(0x000000ede1300000,0x000000ede1400000)]
  0x000002ba2be48000 JavaThread "C2 CompilerThread1" daemon [_thread_blocked, id=19132, stack(0x000000ede1200000,0x000000ede1300000)]
  0x000002ba2be47000 JavaThread "C2 CompilerThread0" daemon [_thread_blocked, id=20988, stack(0x000000ede1100000,0x000000ede1200000)]
  0x000002ba2b9ed000 JavaThread "JDWP Event Helper Thread" daemon [_thread_blocked, id=4112, stack(0x000000ede0f00000,0x000000ede1000000)]
  0x000002ba29bce800 JavaThread "Attach Listener" daemon [_thread_blocked, id=20772, stack(0x000000ede0d00000,0x000000ede0e00000)]
  0x000002ba29bcd800 JavaThread "Signal Dispatcher" daemon [_thread_blocked, id=9328, stack(0x000000ede0c00000,0x000000ede0d00000)]
  0x000002ba29b84000 JavaThread "Finalizer" daemon [_thread_blocked, id=17148, stack(0x000000ede0b00000,0x000000ede0c00000)]
  0x000002ba29b82000 JavaThread "Reference Handler" daemon [_thread_blocked, id=20508, stack(0x000000ede0a00000,0x000000ede0b00000)]
  0x000002ba14b75800 JavaThread "Client thread" [_thread_blocked, id=6352, stack(0x000000ede0000000,0x000000ede0100000)]

Other Threads:
=>0x000002ba14c0c800 VMThread [stack: 0x000000ede0900000,0x000000ede0a00000] [id=14836]

VM state:at safepoint (shutting down)

VM Mutex/Monitor currently owned by a thread:  ([mutex/lock_event])
[0x000002ba14b7b350] Threads_lock - owner thread: 0x000002ba14c0c800

heap address: 0x00000000a1400000, size: 1516 MB, Compressed Oops mode: 32-bit
Narrow klass base: 0x0000000000000000, Narrow klass shift: 3
Compressed class space size: 1073741824 Address: 0x0000000100000000

Heap:
 PSYoungGen      total 70656K, used 38870K [0x00000000e0700000, 0x00000000f8a00000, 0x0000000100000000)
  eden space 68608K, 54% used [0x00000000e0700000,0x00000000e2b59968,0x00000000e4a00000)
  from space 2048K, 80% used [0x00000000f8800000,0x00000000f899c020,0x00000000f8a00000)
  to   space 3584K, 0% used [0x00000000f8300000,0x00000000f8300000,0x00000000f8680000)
 ParOldGen       total 327680K, used 253284K [0x00000000a1400000, 0x00000000b5400000, 0x00000000e0700000)
  object space 327680K, 77% used [0x00000000a1400000,0x00000000b0b59170,0x00000000b5400000)
 Metaspace       used 100296K, capacity 103382K, committed 103848K, reserved 1140736K
  class space    used 11438K, capacity 12165K, committed 12200K, reserved 1048576K

Card table byte_map: [0x000002ba25970000,0x000002ba25c70000] byte_map_base: 0x000002ba25466000

Marking Bits: (ParMarkBitMap*) 0x000000006c1e7850
 Begin Bits: [0x000002ba25e70000, 0x000002ba27620000)
 End Bits:   [0x000002ba27620000, 0x000002ba28dd0000)

Polling page: 0x000002ba14d90000

CodeCache: size=245760Kb used=35988Kb max_used=60413Kb free=209771Kb
 bounds [0x000002ba165b0000, 0x000002ba1a1d0000, 0x000002ba255b0000]
 total_blobs=14960 nmethods=14006 adapters=874
 compilation: enabled

Compilation events (10 events):
Event: 1649.521 Thread 0x000002ba2be4b800 28172   !   3       com.zeroturnaround.jrebel.bundled.org.apache.hc.client5.http.impl.auth.l::a (375 bytes)
Event: 1649.527 Thread 0x000002ba2be4b800 nmethod 28172 0x000002ba180a1690 code [0x000002ba180a1d60, 0x000002ba180a6770]
Event: 1649.791 Thread 0x000002ba2be4b800 28173       3       com.zeroturnaround.jrebel.bundled.org.apache.hc.core5.http.message.s::a (19 bytes)
Event: 1649.791 Thread 0x000002ba2be4b800 nmethod 28173 0x000002ba17c7fe90 code [0x000002ba17c80020, 0x000002ba17c803a0]
Event: 1649.791 Thread 0x000002ba2be4b800 28174       3       com.zeroturnaround.jrebel.bundled.org.apache.hc.core5.http.message.s::c (10 bytes)
Event: 1649.791 Thread 0x000002ba2be4b800 nmethod 28174 0x000002ba18748310 code [0x000002ba18748480, 0x000002ba187486b0]
Event: 1649.888 Thread 0x000002ba2be4a800 28175 % !   4       sun.nio.cs.ISO_8859_1$Decoder::decodeArrayLoop @ 141 (281 bytes)
Event: 1649.908 Thread 0x000002ba2be4a800 nmethod 28175% 0x000002ba18b9a550 code [0x000002ba18b9a720, 0x000002ba18b9b050]
Event: 1651.217 Thread 0x000002ba2be4b800 28176       3       com.zeroturnaround.javarebel.ghp::a (13 bytes)
Event: 1651.217 Thread 0x000002ba2be4b800 nmethod 28176 0x000002ba17e8c3d0 code [0x000002ba17e8c520, 0x000002ba17e8c6d8]

GC Heap History (10 events):
Event: 1643.083 GC heap before
{Heap before GC invocations=463 (full 16):
 PSYoungGen      total 65024K, used 0K [0x00000000e0700000, 0x00000000f8e80000, 0x0000000100000000)
  eden space 64512K, 0% used [0x00000000e0700000,0x00000000e0700000,0x00000000e4600000)
  from space 512K, 0% used [0x00000000f8e00000,0x00000000f8e00000,0x00000000f8e80000)
  to   space 3584K, 0% used [0x00000000f8780000,0x00000000f8780000,0x00000000f8b00000)
 ParOldGen       total 327680K, used 253268K [0x00000000a1400000, 0x00000000b5400000, 0x00000000e0700000)
  object space 327680K, 77% used [0x00000000a1400000,0x00000000b0b55170,0x00000000b5400000)
 Metaspace       used 99875K, capacity 102868K, committed 103336K, reserved 1140736K
  class space    used 11407K, capacity 12088K, committed 12200K, reserved 1048576K
Event: 1643.093 GC heap after
Heap after GC invocations=463 (full 16):
 PSYoungGen      total 68096K, used 0K [0x00000000e0700000, 0x00000000f8e80000, 0x0000000100000000)
  eden space 64512K, 0% used [0x00000000e0700000,0x00000000e0700000,0x00000000e4600000)
  from space 3584K, 0% used [0x00000000f8780000,0x00000000f8780000,0x00000000f8b00000)
  to   space 3584K, 0% used [0x00000000f8b00000,0x00000000f8b00000,0x00000000f8e80000)
 ParOldGen       total 327680K, used 253268K [0x00000000a1400000, 0x00000000b5400000, 0x00000000e0700000)
  object space 327680K, 77% used [0x00000000a1400000,0x00000000b0b55170,0x00000000b5400000)
 Metaspace       used 99875K, capacity 102868K, committed 103336K, reserved 1140736K
  class space    used 11407K, capacity 12088K, committed 12200K, reserved 1048576K
}
Event: 1643.093 GC heap before
{Heap before GC invocations=464 (full 17):
 PSYoungGen      total 68096K, used 0K [0x00000000e0700000, 0x00000000f8e80000, 0x0000000100000000)
  eden space 64512K, 0% used [0x00000000e0700000,0x00000000e0700000,0x00000000e4600000)
  from space 3584K, 0% used [0x00000000f8780000,0x00000000f8780000,0x00000000f8b00000)
  to   space 3584K, 0% used [0x00000000f8b00000,0x00000000f8b00000,0x00000000f8e80000)
 ParOldGen       total 327680K, used 253268K [0x00000000a1400000, 0x00000000b5400000, 0x00000000e0700000)
  object space 327680K, 77% used [0x00000000a1400000,0x00000000b0b55170,0x00000000b5400000)
 Metaspace       used 99875K, capacity 102868K, committed 103336K, reserved 1140736K
  class space    used 11407K, capacity 12088K, committed 12200K, reserved 1048576K
Event: 1643.842 GC heap after
Heap after GC invocations=464 (full 17):
 PSYoungGen      total 68096K, used 0K [0x00000000e0700000, 0x00000000f8e80000, 0x0000000100000000)
  eden space 64512K, 0% used [0x00000000e0700000,0x00000000e0700000,0x00000000e4600000)
  from space 3584K, 0% used [0x00000000f8780000,0x00000000f8780000,0x00000000f8b00000)
  to   space 3584K, 0% used [0x00000000f8b00000,0x00000000f8b00000,0x00000000f8e80000)
 ParOldGen       total 327680K, used 253268K [0x00000000a1400000, 0x00000000b5400000, 0x00000000e0700000)
  object space 327680K, 77% used [0x00000000a1400000,0x00000000b0b55170,0x00000000b5400000)
 Metaspace       used 99875K, capacity 102868K, committed 103336K, reserved 1140736K
  class space    used 11407K, capacity 12088K, committed 12200K, reserved 1048576K
}
Event: 1646.256 GC heap before
{Heap before GC invocations=465 (full 17):
 PSYoungGen      total 68096K, used 64512K [0x00000000e0700000, 0x00000000f8e80000, 0x0000000100000000)
  eden space 64512K, 100% used [0x00000000e0700000,0x00000000e4600000,0x00000000e4600000)
  from space 3584K, 0% used [0x00000000f8780000,0x00000000f8780000,0x00000000f8b00000)
  to   space 3584K, 0% used [0x00000000f8b00000,0x00000000f8b00000,0x00000000f8e80000)
 ParOldGen       total 327680K, used 253268K [0x00000000a1400000, 0x00000000b5400000, 0x00000000e0700000)
  object space 327680K, 77% used [0x00000000a1400000,0x00000000b0b55170,0x00000000b5400000)
 Metaspace       used 100189K, capacity 103242K, committed 103592K, reserved 1140736K
  class space    used 11435K, capacity 12163K, committed 12200K, reserved 1048576K
Event: 1646.266 GC heap after
Heap after GC invocations=465 (full 17):
 PSYoungGen      total 68096K, used 1808K [0x00000000e0700000, 0x00000000f8d00000, 0x0000000100000000)
  eden space 66048K, 0% used [0x00000000e0700000,0x00000000e0700000,0x00000000e4780000)
  from space 2048K, 88% used [0x00000000f8b00000,0x00000000f8cc4020,0x00000000f8d00000)
  to   space 3584K, 0% used [0x00000000f8600000,0x00000000f8600000,0x00000000f8980000)
 ParOldGen       total 327680K, used 253276K [0x00000000a1400000, 0x00000000b5400000, 0x00000000e0700000)
  object space 327680K, 77% used [0x00000000a1400000,0x00000000b0b57170,0x00000000b5400000)
 Metaspace       used 100189K, capacity 103242K, committed 103592K, reserved 1140736K
  class space    used 11435K, capacity 12163K, committed 12200K, reserved 1048576K
}
Event: 1649.879 GC heap before
{Heap before GC invocations=466 (full 17):
 PSYoungGen      total 68096K, used 67856K [0x00000000e0700000, 0x00000000f8d00000, 0x0000000100000000)
  eden space 66048K, 100% used [0x00000000e0700000,0x00000000e4780000,0x00000000e4780000)
  from space 2048K, 88% used [0x00000000f8b00000,0x00000000f8cc4020,0x00000000f8d00000)
  to   space 3584K, 0% used [0x00000000f8600000,0x00000000f8600000,0x00000000f8980000)
 ParOldGen       total 327680K, used 253276K [0x00000000a1400000, 0x00000000b5400000, 0x00000000e0700000)
  object space 327680K, 77% used [0x00000000a1400000,0x00000000b0b57170,0x00000000b5400000)
 Metaspace       used 100296K, capacity 103382K, committed 103848K, reserved 1140736K
  class space    used 11438K, capacity 12165K, committed 12200K, reserved 1048576K
Event: 1649.887 GC heap after
Heap after GC invocations=466 (full 17):
 PSYoungGen      total 69120K, used 1712K [0x00000000e0700000, 0x00000000f8b80000, 0x0000000100000000)
  eden space 67072K, 0% used [0x00000000e0700000,0x00000000e0700000,0x00000000e4880000)
  from space 2048K, 83% used [0x00000000f8600000,0x00000000f87ac020,0x00000000f8800000)
  to   space 3584K, 0% used [0x00000000f8800000,0x00000000f8800000,0x00000000f8b80000)
 ParOldGen       total 327680K, used 253284K [0x00000000a1400000, 0x00000000b5400000, 0x00000000e0700000)
  object space 327680K, 77% used [0x00000000a1400000,0x00000000b0b59170,0x00000000b5400000)
 Metaspace       used 100296K, capacity 103382K, committed 103848K, reserved 1140736K
  class space    used 11438K, capacity 12165K, committed 12200K, reserved 1048576K
}
Event: 1652.342 GC heap before
{Heap before GC invocations=467 (full 17):
 PSYoungGen      total 69120K, used 68784K [0x00000000e0700000, 0x00000000f8b80000, 0x0000000100000000)
  eden space 67072K, 100% used [0x00000000e0700000,0x00000000e4880000,0x00000000e4880000)
  from space 2048K, 83% used [0x00000000f8600000,0x00000000f87ac020,0x00000000f8800000)
  to   space 3584K, 0% used [0x00000000f8800000,0x00000000f8800000,0x00000000f8b80000)
 ParOldGen       total 327680K, used 253284K [0x00000000a1400000, 0x00000000b5400000, 0x00000000e0700000)
  object space 327680K, 77% used [0x00000000a1400000,0x00000000b0b59170,0x00000000b5400000)
 Metaspace       used 100296K, capacity 103382K, committed 103848K, reserved 1140736K
  class space    used 11438K, capacity 12165K, committed 12200K, reserved 1048576K
Event: 1652.354 GC heap after
Heap after GC invocations=467 (full 17):
 PSYoungGen      total 70656K, used 1648K [0x00000000e0700000, 0x00000000f8a00000, 0x0000000100000000)
  eden space 68608K, 0% used [0x00000000e0700000,0x00000000e0700000,0x00000000e4a00000)
  from space 2048K, 80% used [0x00000000f8800000,0x00000000f899c020,0x00000000f8a00000)
  to   space 3584K, 0% used [0x00000000f8300000,0x00000000f8300000,0x00000000f8680000)
 ParOldGen       total 327680K, used 253284K [0x00000000a1400000, 0x00000000b5400000, 0x00000000e0700000)
  object space 327680K, 77% used [0x00000000a1400000,0x00000000b0b59170,0x00000000b5400000)
 Metaspace       used 100296K, capacity 103382K, committed 103848K, reserved 1140736K
  class space    used 11438K, capacity 12165K, committed 12200K, reserved 1048576K
}

Deoptimization events (10 events):
Event: 1645.204 Thread 0x000002ba306b2800 Uncommon trap: reason=bimorphic action=maybe_recompile pc=0x000002ba1752cd78 method=com.zeroturnaround.javarebel.ggp.get(Ljava/lang/Object;)Ljava/lang/Object; @ 95
Event: 1645.297 Thread 0x000002ba306b2800 Uncommon trap: reason=unstable_if action=reinterpret pc=0x000002ba1695ccdc method=com.zeroturnaround.jrebelbase.facade.f.convertArgument(Ljava/lang/Object;Ljava/lang/Class;)Ljava/lang/Object; @ 19
Event: 1645.484 Thread 0x000002ba306b2800 Uncommon trap: reason=unstable_if action=reinterpret pc=0x000002ba17e11260 method=com.zeroturnaround.javarebel.fir.b()I @ 17
Event: 1645.489 Thread 0x000002ba306b2800 Uncommon trap: reason=class_check action=maybe_recompile pc=0x000002ba17f17810 method=com.zeroturnaround.javarebel.fuw.a(Lcom/zeroturnaround/javarebel/fih;ILjava/lang/String;Ljava/lang/String;Ljava/lang/String;Lcom/zeroturnaround/javarebel/fuo;)Z @ 178
Event: 1645.893 Thread 0x000002ba2b9e7000 Uncommon trap: reason=class_check action=maybe_recompile pc=0x000002ba197edd88 method=java.lang.String.equals(Ljava/lang/Object;)Z @ 11
Event: 1646.498 Thread 0x000002ba2b9e7000 Uncommon trap: reason=class_check action=maybe_recompile pc=0x000002ba175a61c0 method=org.apache.logging.log4j.core.Logger$PrivateConfig.filter(Lorg/apache/logging/log4j/Level;Lorg/apache/logging/log4j/Marker;Ljava/lang/String;)Z @ 8
Event: 1647.572 Thread 0x000002ba2b9e7000 Uncommon trap: reason=class_check action=maybe_recompile pc=0x000002ba175a61c0 method=org.apache.logging.log4j.core.Logger$PrivateConfig.filter(Lorg/apache/logging/log4j/Level;Lorg/apache/logging/log4j/Marker;Ljava/lang/String;)Z @ 8
Event: 1648.010 Thread 0x000002ba2b9e7000 Uncommon trap: reason=class_check action=maybe_recompile pc=0x000002ba175a61c0 method=org.apache.logging.log4j.core.Logger$PrivateConfig.filter(Lorg/apache/logging/log4j/Level;Lorg/apache/logging/log4j/Marker;Ljava/lang/String;)Z @ 8
Event: 1648.440 Thread 0x000002ba2b9e7000 Uncommon trap: reason=class_check action=maybe_recompile pc=0x000002ba175a61c0 method=org.apache.logging.log4j.core.Logger$PrivateConfig.filter(Lorg/apache/logging/log4j/Level;Lorg/apache/logging/log4j/Marker;Ljava/lang/String;)Z @ 8
Event: 1648.606 Thread 0x000002ba2b9e7000 Uncommon trap: reason=class_check action=maybe_recompile pc=0x000002ba16d0e058 method=org.apache.logging.log4j.core.Logger$PrivateConfig.filter(Lorg/apache/logging/log4j/Level;Lorg/apache/logging/log4j/Marker;Ljava/lang/String;)Z @ 8

Classes redefined (10 events):
Event: 1646.604 Thread 0x000002ba14c0c800 redefined class name=net.sunderw.ssidlogin.mixin.YggdrasilUserAuthenticationAccessor, count=1
Event: 1647.445 Thread 0x000002ba14c0c800 redefined class name=com.mojang.authlib.yggdrasil.YggdrasilMinecraftSessionService, count=3
Event: 1647.567 Thread 0x000002ba14c0c800 redefined class name=net.sunderw.ssidlogin.mixin.YggdrasilMinecraftSessionServiceAccessor, count=3
Event: 1647.702 Thread 0x000002ba14c0c800 redefined class name=net.sunderw.ssidlogin.mixin.YggdrasilMinecraftSessionServiceAccessor, count=1
Event: 1647.895 Thread 0x000002ba14c0c800 redefined class name=net.minecraft.network.play.server.S12PacketEntityVelocity, count=3
Event: 1648.006 Thread 0x000002ba14c0c800 redefined class name=net.sunderw.ssidlogin.mixin.S12PacketEntityVelocityAccessor, count=3
Event: 1648.124 Thread 0x000002ba14c0c800 redefined class name=net.sunderw.ssidlogin.mixin.S12PacketEntityVelocityAccessor, count=1
Event: 1648.328 Thread 0x000002ba14c0c800 redefined class name=net.minecraft.network.play.client.C03PacketPlayer, count=3
Event: 1648.437 Thread 0x000002ba14c0c800 redefined class name=net.sunderw.ssidlogin.mixin.C03PacketPlayerAccessor, count=3
Event: 1648.546 Thread 0x000002ba14c0c800 redefined class name=net.sunderw.ssidlogin.mixin.C03PacketPlayerAccessor, count=1

Internal exceptions (10 events):
Event: 1640.849 Thread 0x000002ba306b2800 Implicit null exception at 0x000002ba17f73a1c to 0x000002ba17f74339
Event: 1643.973 Thread 0x000002ba14b75800 Implicit null exception at 0x000002ba1889d395 to 0x000002ba188a018d
Event: 1645.395 Thread 0x000002ba306b2800 Exception <a 'java/lang/NoClassDefFoundError': net/sunderw/sunrise/commands/EnabledCommand$$M$_jr_1283BB96C2F56908_1 (wrong name: net/sunderw/sunrise/commands/EnabledCommand)> (0x00000000e3207b70) thrown at [C:\wsjdk\Corretto8Src\installers\windows\zip\co
Event: 1645.918 Thread 0x000002ba2b9e7000 Exception <a 'java/lang/reflect/InvocationTargetException'> (0x00000000e3de1e40) thrown at [C:\wsjdk\Corretto8Src\installers\windows\zip\corretto-build\buildRoot\src\hotspot\src\share\vm\runtime\reflection.cpp, line 1092]
Event: 1646.121 Thread 0x000002ba2b9e7000 Exception <a 'java/lang/reflect/InvocationTargetException'> (0x00000000e4210c38) thrown at [C:\wsjdk\Corretto8Src\installers\windows\zip\corretto-build\buildRoot\src\hotspot\src\share\vm\runtime\reflection.cpp, line 1092]
Event: 1646.124 Thread 0x000002ba2b9e7000 Exception <a 'java/lang/reflect/InvocationTargetException'> (0x00000000e4220908) thrown at [C:\wsjdk\Corretto8Src\installers\windows\zip\corretto-build\buildRoot\src\hotspot\src\share\vm\runtime\reflection.cpp, line 1092]
Event: 1647.100 Thread 0x000002ba2b9e7000 Exception <a 'java/lang/reflect/InvocationTargetException'> (0x00000000e0984988) thrown at [C:\wsjdk\Corretto8Src\installers\windows\zip\corretto-build\buildRoot\src\hotspot\src\share\vm\runtime\reflection.cpp, line 1092]
Event: 1647.186 Thread 0x000002ba2b9e7000 Exception <a 'java/lang/reflect/InvocationTargetException'> (0x00000000e179e3b0) thrown at [C:\wsjdk\Corretto8Src\installers\windows\zip\corretto-build\buildRoot\src\hotspot\src\share\vm\runtime\reflection.cpp, line 1092]
Event: 1647.191 Thread 0x000002ba2b9e7000 Exception <a 'java/lang/reflect/InvocationTargetException'> (0x00000000e1883868) thrown at [C:\wsjdk\Corretto8Src\installers\windows\zip\corretto-build\buildRoot\src\hotspot\src\share\vm\runtime\reflection.cpp, line 1092]
Event: 1649.522 Thread 0x000002ba306b1000 Exception <a 'java/net/SocketTimeoutException': Read timed out> (0x00000000e3b20f68) thrown at [C:\wsjdk\Corretto8Src\installers\windows\zip\corretto-build\buildRoot\src\hotspot\src\share\vm\prims\jni.cpp, line 738]

Events (10 events):
Event: 1649.887 Executing VM operation: ParallelGCFailedAllocation done
Event: 1649.909 Thread 0x000002ba2be4a800 flushing nmethod 0x000002ba1680ad90
Event: 1649.909 Thread 0x000002ba2be4a800 flushing nmethod 0x000002ba1680cd50
Event: 1652.342 Executing VM operation: ParallelGCFailedAllocation
Event: 1652.354 Executing VM operation: ParallelGCFailedAllocation done
Event: 1653.679 Executing VM operation: ChangeBreakpoints
Event: 1653.680 Executing VM operation: ChangeBreakpoints done
Event: 1653.680 Thread 0x000002ba2b9ee800 Thread exited: 0x000002ba2b9ee800
Event: 1653.680 Thread 0x000002ba2b9e7000 Thread exited: 0x000002ba2b9e7000
Event: 1653.685 Executing VM operation: Exit


Dynamic libraries:
0x00007ff7eba40000 - 0x00007ff7eba7a000 	C:\Users\Sun3k\.jdks\corretto-1.8.0_332\bin\java.exe
0x00007ffe1a690000 - 0x00007ffe1a888000 	C:\Windows\SYSTEM32\ntdll.dll
0x00007ffe19060000 - 0x00007ffe1911d000 	C:\Windows\System32\KERNEL32.DLL
0x00007ffe17db0000 - 0x00007ffe1807e000 	C:\Windows\System32\KERNELBASE.dll
0x00007ffe19550000 - 0x00007ffe195fe000 	C:\Windows\System32\ADVAPI32.dll
0x00007ffe18da0000 - 0x00007ffe18e3e000 	C:\Windows\System32\msvcrt.dll
0x00007ffe18700000 - 0x00007ffe1879c000 	C:\Windows\System32\sechost.dll
0x00007ffe18e40000 - 0x00007ffe18f65000 	C:\Windows\System32\RPCRT4.dll
0x00007ffe19710000 - 0x00007ffe198b0000 	C:\Windows\System32\USER32.dll
0x00007ffe18670000 - 0x00007ffe18692000 	C:\Windows\System32\win32u.dll
0x00007ffe1a040000 - 0x00007ffe1a06a000 	C:\Windows\System32\GDI32.dll
0x00007ffe18330000 - 0x00007ffe1843b000 	C:\Windows\System32\gdi32full.dll
0x00007ffe18440000 - 0x00007ffe184dd000 	C:\Windows\System32\msvcp_win.dll
0x00007ffe18080000 - 0x00007ffe18180000 	C:\Windows\System32\ucrtbase.dll
0x00007ffdfaf10000 - 0x00007ffdfb1aa000 	C:\Windows\WinSxS\amd64_microsoft.windows.common-controls_6595b64144ccf1df_6.0.19041.1110_none_60b5254171f9507e\COMCTL32.dll
0x00007ffe198c0000 - 0x00007ffe198f0000 	C:\Windows\System32\IMM32.DLL
0x00007ffdecf20000 - 0x00007ffded00f000 	C:\Users\Sun3k\.jdks\corretto-1.8.0_332\jre\bin\msvcr120.dll
0x00007ffdece70000 - 0x00007ffdecf16000 	C:\Users\Sun3k\.jdks\corretto-1.8.0_332\jre\bin\msvcp120.dll
0x000000006b9f0000 - 0x000000006c266000 	C:\Users\Sun3k\.jdks\corretto-1.8.0_332\jre\bin\server\jvm.dll
0x00007ffe198b0000 - 0x00007ffe198b8000 	C:\Windows\System32\PSAPI.DLL
0x00007ffdde920000 - 0x00007ffdde929000 	C:\Windows\SYSTEM32\WSOCK32.dll
0x00007ffe06ea0000 - 0x00007ffe06ec7000 	C:\Windows\SYSTEM32\WINMM.dll
0x00007ffe0fcb0000 - 0x00007ffe0fcba000 	C:\Windows\SYSTEM32\VERSION.dll
0x00007ffe1a4b0000 - 0x00007ffe1a51b000 	C:\Windows\System32\WS2_32.dll
0x00007ffe12ea0000 - 0x00007ffe12eaf000 	C:\Users\Sun3k\.jdks\corretto-1.8.0_332\jre\bin\verify.dll
0x00007ffe09ae0000 - 0x00007ffe09b09000 	C:\Users\Sun3k\.jdks\corretto-1.8.0_332\jre\bin\java.dll
0x00007ffdf7540000 - 0x00007ffdf7575000 	C:\Users\Sun3k\.jdks\corretto-1.8.0_332\jre\bin\jdwp.dll
0x00007ffe04ed0000 - 0x00007ffe04ed8000 	C:\Users\Sun3k\.jdks\corretto-1.8.0_332\jre\bin\npt.dll
0x00007ffdea390000 - 0x00007ffdea3dd000 	C:\Users\Sun3k\AppData\Roaming\JetBrains\IdeaIC2022.1\plugins\jr-ide-idea\lib\jrebel6\lib\jrebel64.dll
0x00007ffe198f0000 - 0x00007ffe1a034000 	C:\Windows\System32\SHELL32.dll
0x00007ffe17780000 - 0x00007ffe1778c000 	C:\Windows\SYSTEM32\CRYPTBASE.DLL
0x00007ffe19660000 - 0x00007ffe1970d000 	C:\Windows\System32\shcore.dll
0x00007ffe1a070000 - 0x00007ffe1a3c4000 	C:\Windows\System32\combase.dll
0x00007ffdf6e80000 - 0x00007ffdf6eaa000 	C:\Users\Sun3k\.jdks\corretto-1.8.0_332\jre\bin\instrument.dll
0x00007ffe09ab0000 - 0x00007ffe09ac6000 	C:\Users\Sun3k\.jdks\corretto-1.8.0_332\jre\bin\zip.dll
0x00007ffe15eb0000 - 0x00007ffe16644000 	C:\Windows\SYSTEM32\windows.storage.dll
0x00007ffe17810000 - 0x00007ffe17840000 	C:\Windows\SYSTEM32\Wldp.dll
0x00007ffe187a0000 - 0x00007ffe187f5000 	C:\Windows\System32\shlwapi.dll
0x00007ffe17cf0000 - 0x00007ffe17d0f000 	C:\Windows\SYSTEM32\profapi.dll
0x00007ffdf9670000 - 0x00007ffdf9679000 	C:\Users\Sun3k\.jdks\corretto-1.8.0_332\jre\bin\dt_socket.dll
0x00007ffe17570000 - 0x00007ffe175da000 	C:\Windows\system32\mswsock.dll
0x00007ffe09be0000 - 0x00007ffe09bfa000 	C:\Users\Sun3k\.jdks\corretto-1.8.0_332\jre\bin\net.dll
0x00007ffe01e40000 - 0x00007ffe01e52000 	C:\Users\Sun3k\.jdks\corretto-1.8.0_332\jre\bin\nio.dll
0x00007ffe01900000 - 0x00007ffe01923000 	C:\Users\Sun3k\.jdks\corretto-1.8.0_332\jre\bin\sunec.dll
0x00007ffe12ec0000 - 0x00007ffe12ecd000 	C:\Users\Sun3k\.jdks\corretto-1.8.0_332\jre\bin\management.dll
0x00007ffe12db0000 - 0x00007ffe12dbc000 	C:\Users\Sun3k\.jdks\corretto-1.8.0_332\jre\bin\sunmscapi.dll
0x00007ffe184e0000 - 0x00007ffe18636000 	C:\Windows\System32\CRYPT32.dll
0x00007ffe17880000 - 0x00007ffe178a7000 	C:\Windows\SYSTEM32\ncrypt.dll
0x00007ffe17840000 - 0x00007ffe1787b000 	C:\Windows\SYSTEM32\NTASN1.dll
0x00007ffdf8b70000 - 0x00007ffdf8b8b000 	C:\Users\Sun3k\.jrebel\jrebel-temp\ver-e07cee6\IdeaWin64.dll
0x00007ffe17760000 - 0x00007ffe17778000 	C:\Windows\SYSTEM32\CRYPTSP.dll
0x00007ffe16e80000 - 0x00007ffe16eb4000 	C:\Windows\system32\rsaenh.dll
0x00007ffe18640000 - 0x00007ffe18667000 	C:\Windows\System32\bcrypt.dll
0x00007ffe17c70000 - 0x00007ffe17c9e000 	C:\Windows\SYSTEM32\USERENV.dll
0x00007ffe181f0000 - 0x00007ffe18272000 	C:\Windows\System32\bcryptprimitives.dll
0x00007ffe171f0000 - 0x00007ffe1722b000 	C:\Windows\SYSTEM32\IPHLPAPI.DLL
0x00007ffe1a640000 - 0x00007ffe1a648000 	C:\Windows\System32\NSI.dll
0x00007ffe11020000 - 0x00007ffe11037000 	C:\Windows\SYSTEM32\dhcpcsvc6.DLL
0x00007ffe119f0000 - 0x00007ffe11a0d000 	C:\Windows\SYSTEM32\dhcpcsvc.DLL
0x00007ffe17230000 - 0x00007ffe172fb000 	C:\Windows\SYSTEM32\DNSAPI.dll
0x00007ffe0fca0000 - 0x00007ffe0fcaa000 	C:\Windows\System32\rasadhlp.dll
0x00007ffe0e650000 - 0x00007ffe0e6d0000 	C:\Windows\System32\fwpuclnt.dll
0x00007ffdf9660000 - 0x00007ffdf966a000 	C:\Users\Sun3k\AppData\Local\Temp\jansi-64-6708277200404071037.dll
0x00007ffddf5c0000 - 0x00007ffddf5d7000 	C:\Windows\system32\napinsp.dll
0x00007ffddf080000 - 0x00007ffddf09b000 	C:\Windows\system32\pnrpnsp.dll
0x00007ffe13300000 - 0x00007ffe13315000 	C:\Windows\system32\wshbth.dll
0x00007ffe12160000 - 0x00007ffe1217d000 	C:\Windows\system32\NLAapi.dll
0x00007ffddf060000 - 0x00007ffddf072000 	C:\Windows\System32\winrnr.dll
0x0000000180000000 - 0x0000000180053000 	C:\Users\Sun3k\.gradle\caches\minecraft\net\minecraft\natives\1.8.9\lwjgl64.dll
0x00007ffdd68b0000 - 0x00007ffdd69d7000 	C:\Windows\SYSTEM32\OPENGL32.dll
0x00007ffdd5d00000 - 0x00007ffdd5d2c000 	C:\Windows\SYSTEM32\GLU32.dll
0x00007ffde7bf0000 - 0x00007ffde7d85000 	C:\Users\Sun3k\.jdks\corretto-1.8.0_332\jre\bin\awt.dll
0x00007ffe19480000 - 0x00007ffe1954d000 	C:\Windows\System32\OLEAUT32.dll
0x00007ffe155f0000 - 0x00007ffe15680000 	C:\Windows\SYSTEM32\apphelp.dll
0x00007ffe12ed0000 - 0x00007ffe12f7e000 	C:\Windows\SYSTEM32\mscms.dll
0x00007ffe12e40000 - 0x00007ffe12e51000 	C:\Windows\SYSTEM32\ColorAdapterClient.dll
0x00007ffe15cb0000 - 0x00007ffe15cc2000 	C:\Windows\SYSTEM32\kernel.appcore.dll
0x00007ffe18cf0000 - 0x00007ffe18d99000 	C:\Windows\System32\clbcatq.dll
0x00007ffe186a0000 - 0x00007ffe186ee000 	C:\Windows\System32\cfgmgr32.dll
0x00007ffe157b0000 - 0x00007ffe1584e000 	C:\Windows\system32\uxtheme.dll
0x00007ffe1a520000 - 0x00007ffe1a635000 	C:\Windows\System32\MSCTF.dll
0x00007ffe01240000 - 0x00007ffe01339000 	C:\Windows\SYSTEM32\textinputframework.dll
0x00007ffe153c0000 - 0x00007ffe154b2000 	C:\Windows\System32\CoreMessaging.dll
0x00007ffe14ce0000 - 0x00007ffe1503e000 	C:\Windows\System32\CoreUIComponents.dll
0x00007ffe13d00000 - 0x00007ffe13e54000 	C:\Windows\SYSTEM32\wintypes.dll
0x00007ffe16ab0000 - 0x00007ffe16ae3000 	C:\Windows\SYSTEM32\ntmarta.dll
0x00007ffdf6f70000 - 0x00007ffdf6f9c000 	C:\Windows\System32\DriverStore\FileRepository\u0375335.inf_amd64_7de275617d9da25a\B374868\atig6pxx.dll
0x00007ffd9c8f0000 - 0x00007ffd9f733000 	C:\Windows\System32\DriverStore\FileRepository\u0375335.inf_amd64_7de275617d9da25a\B374868\atio6axx.dll
0x00007ffe18880000 - 0x00007ffe18cef000 	C:\Windows\System32\SETUPAPI.dll
0x00007ffe19120000 - 0x00007ffe1924a000 	C:\Windows\System32\ole32.dll
0x00007ffe08d90000 - 0x00007ffe08db4000 	C:\Windows\SYSTEM32\dxva2.dll
0x00007ffe159c0000 - 0x00007ffe159ef000 	C:\Windows\SYSTEM32\dwmapi.dll
0x00007ffde80d0000 - 0x00007ffde810f000 	C:\Windows\System32\DriverStore\FileRepository\u0375335.inf_amd64_7de275617d9da25a\B374868\atig6txx.dll
0x00007ffdd5ad0000 - 0x00007ffdd5ca6000 	C:\Windows\SYSTEM32\atiadlxx.dll
0x00007ffe13a20000 - 0x00007ffe13b16000 	C:\Windows\SYSTEM32\PROPSYS.dll
0x00007ffe17b60000 - 0x00007ffe17b8c000 	C:\Windows\SYSTEM32\DEVOBJ.dll
0x00007ffe18180000 - 0x00007ffe181e7000 	C:\Windows\System32\WINTRUST.dll
0x00007ffe179a0000 - 0x00007ffe179b2000 	C:\Windows\SYSTEM32\MSASN1.dll
0x00007ffdf0840000 - 0x00007ffdf0889000 	C:\Windows\SYSTEM32\pdh.dll
0x00007ffe072c0000 - 0x00007ffe072fb000 	C:\Windows\SYSTEM32\dxcore.dll
0x00007ffdccd30000 - 0x00007ffdccd73000 	C:\Windows\SYSTEM32\icm32.dll
0x00007ffde7f70000 - 0x00007ffde7fb2000 	C:\Users\Sun3k\AppData\Local\Temp\jna-80245188\jna6873805107231186553.dll
0x00007ffde7b60000 - 0x00007ffde7bab000 	C:\ProgramData\obs-studio-hook\graphics-hook64.dll
0x00007ffe142c0000 - 0x00007ffe14523000 	C:\Windows\system32\d3d11.dll
0x00007ffe166b0000 - 0x00007ffe167a3000 	C:\Windows\SYSTEM32\dxgi.dll
0x00007ffe06ed0000 - 0x00007ffe07088000 	C:\Windows\System32\DriverStore\FileRepository\u0375335.inf_amd64_7de275617d9da25a\B374868\aticfx64.dll
0x00007ffe06e30000 - 0x00007ffe06e69000 	C:\Windows\System32\DriverStore\FileRepository\u0375335.inf_amd64_7de275617d9da25a\B374868\atiuxp64.dll
0x00007ffe04ef0000 - 0x00007ffe06e27000 	C:\Windows\System32\DriverStore\FileRepository\u0375335.inf_amd64_7de275617d9da25a\B374868\atidxx64.dll
0x00007ffe04780000 - 0x00007ffe047b0000 	C:\Windows\SYSTEM32\amdihk64.dll
0x0000000070a40000 - 0x0000000070adc000 	C:\Users\Sun3k\.gradle\caches\minecraft\net\minecraft\natives\1.8.9\avutil-ttv-51.dll
0x0000000065980000 - 0x00000000659d6000 	C:\Users\Sun3k\.gradle\caches\minecraft\net\minecraft\natives\1.8.9\swresample-ttv-0.dll
0x000000006eb80000 - 0x000000006ec50000 	C:\Users\Sun3k\.gradle\caches\minecraft\net\minecraft\natives\1.8.9\libmp3lame-ttv.dll
0x00007ffd9a540000 - 0x00007ffd9b8e4000 	C:\Users\Sun3k\.gradle\caches\minecraft\net\minecraft\natives\1.8.9\libmfxsw64.dll
0x00007ffde5d10000 - 0x00007ffde5e7d000 	C:\Users\Sun3k\.gradle\caches\minecraft\net\minecraft\natives\1.8.9\twitchsdk.dll
0x00007ffdfe0f0000 - 0x00007ffdfe5c6000 	C:\Windows\SYSTEM32\WININET.dll
0x000002ba40ae0000 - 0x000002ba40b44000 	C:\Users\Sun3k\.gradle\caches\minecraft\net\minecraft\natives\1.8.9\OpenAL64.dll
0x00007ffe106a0000 - 0x00007ffe10725000 	C:\Windows\System32\MMDevApi.dll
0x00007ffde7ac0000 - 0x00007ffde7b5c000 	C:\Windows\SYSTEM32\dsound.dll
0x00007ffe17470000 - 0x00007ffe174bb000 	C:\Windows\SYSTEM32\powrprof.dll
0x00007ffdfe5f0000 - 0x00007ffdfe616000 	C:\Windows\SYSTEM32\winmmbase.dll
0x00007ffe17370000 - 0x00007ffe17382000 	C:\Windows\SYSTEM32\UMPDC.dll
0x00007ffe108e0000 - 0x00007ffe10a62000 	C:\Windows\SYSTEM32\AUDIOSES.DLL
0x00007ffe158c0000 - 0x00007ffe158d4000 	C:\Windows\SYSTEM32\resourcepolicyclient.dll
0x00007ffde69b0000 - 0x00007ffde6a4c000 	C:\Users\Sun3k\AppData\Local\Temp\discord-rpc\discord-rpc.dll
0x00007ffe084c0000 - 0x00007ffe08503000 	C:\Windows\System32\Windows.Internal.Graphics.Display.DisplayColorManagement.dll
0x00007ffe08ae0000 - 0x00007ffe08cc4000 	C:\Windows\SYSTEM32\dbghelp.dll

VM Arguments:
jvm_args: -agentlib:jdwp=transport=dt_socket,address=127.0.0.1:50562,suspend=y,server=n -Drebel.base=C:\Users\Sun3k\.jrebel -Drebel.env.ide.plugin.version=2022.3.0 -Drebel.env.ide.version=2022.1.1 -Drebel.env.ide.product=IC -Drebel.env.ide=intellij -Drebel.notification.url=http://localhost:17434 -agentpath:C:\Users\Sun3k\AppData\Roaming\JetBrains\IdeaIC2022.1\plugins\jr-ide-idea\lib\jrebel6\lib\jrebel64.dll -javaagent:C:\Users\Sun3k\.gradle\caches\modules-2\files-2.1\org.spongepowered\mixin\0.7.11-SNAPSHOT\7a670207bdb97db418118ad1e9bb42424ff3776d\mixin-0.7.11-SNAPSHOT.jar -javaagent:C:\Users\Sun3k\AppData\Local\JetBrains\IdeaIC2022.1\captureAgent\debugger-agent.jar -Dfile.encoding=UTF-8 
java_command: GradleStart --mixin mixins.sunrise.json --tweakClass org.spongepowered.asm.launch.MixinTweaker -Ddevauth.account
java_class_path (initial): C:\Users\Sun3k\.jdks\corretto-1.8.0_332\jre\lib\charsets.jar;C:\Users\Sun3k\.jdks\corretto-1.8.0_332\jre\lib\ext\access-bridge-64.jar;C:\Users\Sun3k\.jdks\corretto-1.8.0_332\jre\lib\ext\cldrdata.jar;C:\Users\Sun3k\.jdks\corretto-1.8.0_332\jre\lib\ext\dnsns.jar;C:\Users\Sun3k\.jdks\corretto-1.8.0_332\jre\lib\ext\jaccess.jar;C:\Users\Sun3k\.jdks\corretto-1.8.0_332\jre\lib\ext\jfxrt.jar;C:\Users\Sun3k\.jdks\corretto-1.8.0_332\jre\lib\ext\localedata.jar;C:\Users\Sun3k\.jdks\corretto-1.8.0_332\jre\lib\ext\nashorn.jar;C:\Users\Sun3k\.jdks\corretto-1.8.0_332\jre\lib\ext\sunec.jar;C:\Users\Sun3k\.jdks\corretto-1.8.0_332\jre\lib\ext\sunjce_provider.jar;C:\Users\Sun3k\.jdks\corretto-1.8.0_332\jre\lib\ext\sunmscapi.jar;C:\Users\Sun3k\.jdks\corretto-1.8.0_332\jre\lib\ext\sunpkcs11.jar;C:\Users\Sun3k\.jdks\corretto-1.8.0_332\jre\lib\ext\zipfs.jar;C:\Users\Sun3k\.jdks\corretto-1.8.0_332\jre\lib\jce.jar;C:\Users\Sun3k\.jdks\corretto-1.8.0_332\jre\lib\jfr.jar;C:\Users\Sun3k\.jdks\corretto-1.8.0_332\jre\lib\jfxswt.jar;C:\Users\Sun3k\.jdks\corretto-1.8.0_332\jre\lib\jsse.jar;C:\Users\Sun3k\.jdks\corretto-1.8.0_332\jre\lib\management-agent.jar;C:\Users\Sun3k\.jdks\corretto-1.8.0_332\jre\lib\resources.jar;C:\Users\Sun3k\.jdks\corretto-1.8.0_332\jre\lib\rt.jar;C:\Users\Sun3k\IdeaProjects\Sunrise8\build\classes\java\main;C:\Users\Sun3k\.gradle\caches\minecraft\deobfedDeps\compileDummy.jar;C:\Users\Sun3k\.gradle\caches\minecraft\deobfedDeps\providedDummy.jar;C:\Users\Sun3k\.gradle\caches\modules-2\files-2.1\org.spongepowered\mixin\0.7.11-SNAPSHOT\7a670207bdb97db418118ad1e9bb42424ff3776d\mixin-0.7.11-SNAPSHOT.jar;C:\Users\Sun3k\.gradle\caches\modules-2\files-2.1\com.github.Vatuu\discord-rpc\1.6.2\1e2a38614325e809efe442d82231e7c172cf94ab\discord-rpc-1.6.2.jar;C:\Users\Sun3k\.gradle\caches\modules-2\files-2.1\com.google.guava\guava\17.0\9c6ef172e8de35fd8d4d8783e4821e57cdef7445\guava-17.0.jar;C:\Users\Sun3k\.gradle\caches\modules-2\files-2.1\commons-io\commons-io\
Launcher Type: SUN_STANDARD

Environment Variables:
JAVA_HOME=C:\Program Files\OpenJDK\jdk-18
PATH=C:\Windows\system32;C:\Windows;C:\Windows\System32\Wbem;C:\Windows\System32\WindowsPowerShell\v1.0\;C:\Windows\System32\OpenSSH\;C:\ProgramData\chocolatey\bin;C:\Program Files\Microsoft VS Code\bin;C:\Program Files (x86)\Yarn\bin\;C:\Program Files\nodejs\;C:\Program Files\Git\cmd;C:\Program Files\OpenJDK\jdk-18\bin;C:\Program Files\dotnet\;C:\Users\Sun3k\AppData\Local\Programs\Python\Python310\Scripts\;C:\Users\Sun3k\AppData\Local\Programs\Python\Python310\;C:\Users\Sun3k\AppData\Local\Microsoft\WindowsApps;C:\Users\Sun3k\AppData\Local\Yarn\bin;C:\Users\Sun3k\AppData\Roaming\npm;C:\Program Files\Oracle\VirtualBox;C:\Program Files\heroku\bin;C:\Program Files\JetBrains\IntelliJ IDEA Community Edition 2022.1.1\bin;;C:\Users\Sun3k\.dotnet\tools
USERNAME=Sun3k
OS=Windows_NT
PROCESSOR_IDENTIFIER=AMD64 Family 23 Model 24 Stepping 1, AuthenticAMD



---------------  S Y S T E M  ---------------

OS: Windows 10.0 , 64 bit Build 19041 (10.0.19041.1806)

CPU:total 8 (initial active 8) (8 cores per cpu, 1 threads per core) family 23 model 24 stepping 1, cmov, cx8, fxsr, mmx, sse, sse2, sse3, ssse3, sse4.1, sse4.2, popcnt, avx, avx2, aes, clmul, mmxext, 3dnowpref, lzcnt, sse4a, tsc, tscinvbit, tscinv, bmi1

Memory: 4k page, physical 6206224k(605396k free), swap 22048772k(4587992k free)

vm_info: OpenJDK 64-Bit Server VM (25.332-b08) for windows-amd64 JRE (1.8.0_332-b08), built on Apr 16 2022 08:31:02 by "Administrator" with MS VC++ 12.0 (VS2013)

time: Tue Jul 19 22:11:20 2022
timezone: South Sudan Standard Time
elapsed time: 1654.180520 seconds (0d 0h 27m 34s)

