#
# A fatal error has been detected by the Java Runtime Environment:
#
#  EXCEPTION_ACCESS_VIOLATION (0xc0000005) at pc=0x0000000000000000, pid=7768, tid=0x0000000000003f34
#
# JRE version: OpenJDK Runtime Environment (8.0_332-b08) (build 1.8.0_332-b08)
# Java VM: OpenJDK 64-Bit Server VM (25.332-b08 mixed mode windows-amd64 compressed oops)
# Problematic frame:
# C  0x0000000000000000
#
# Failed to write core dump. Minidumps are not enabled by default on client versions of Windows
#
# If you would like to submit a bug report, please visit:
#   https://github.com/corretto/corretto-8/issues/
#

---------------  T H R E A D  ---------------

Current thread (0x000001ed6d66e800):  VMThread [stack: 0x00000060e6200000,0x00000060e6300000] [id=16180]

siginfo: ExceptionCode=0xc0000005, ExceptionInformation=0x0000000000000008 0x0000000000000000

Registers:
RAX=0x0000000000000000, RBX=0x0000000000000000, RCX=0x0000000000000001, RDX=0x00007ffe9b58f0b8
RSP=0x00000060e62ff0c8, RBP=0x000001ed58501dc0, RSI=0x0000000000010000, RDI=0x0000000000000000
R8 =0x00000060e5463000, R9 =0x0000000000000040, R10=0x0000000000000100, R11=0x000001ed08204b90
R12=0x00007ffe7d6fe810, R13=0x0000000000000082, R14=0x00007ffe7d620000, R15=0x0000000000000001
RIP=0x0000000000000000, EFLAGS=0x0000000000010206

Top of Stack: (sp=0x00000060e62ff0c8)
0x00000060e62ff0c8:   00007ffe9b552f2c 0000000000000000
0x00000060e62ff0d8:   000001ed58501dc0 0000000000000082
0x00000060e62ff0e8:   0000000000010000 0000000000000000
0x00000060e62ff0f8:   00007ffe9b55406e 0000000000000000
0x00000060e62ff108:   000001ed58501dc0 0000000000010000
0x00000060e62ff118:   000001ed71a3ceb8 0000000000000001
0x00000060e62ff128:   00007ffe7d626e2e 0000000000000000
0x00000060e62ff138:   0000000000000001 000000018004bb20
0x00000060e62ff148:   0000000000000000 0000000000000001
0x00000060e62ff158:   00007ffe7d627276 0000000000000000
0x00000060e62ff168:   000001ed58501dc0 0000000000000001
0x00000060e62ff178:   0000000000000001 0000000000000000
0x00000060e62ff188:   00007ffe7d6fe94f 0000000000000001
0x00000060e62ff198:   0000000000000000 0000000000000000
0x00000060e62ff1a8:   000001ed58710b30 0000000100000001
0x00000060e62ff1b8:   000000018000ecac 000000018001c558 

Instructions: (pc=0x0000000000000000)
0xffffffffffffffe0:   


Register to memory mapping:

RAX=0x0000000000000000 is an unknown value
RBX=0x0000000000000000 is an unknown value
RCX=0x0000000000000001 is an unknown value
RDX=0x00007ffe9b58f0b8 is an unknown value
RSP=0x00000060e62ff0c8 is an unknown value
RBP=0x000001ed58501dc0 is an unknown value
RSI=0x0000000000010000 is an unknown value
RDI=0x0000000000000000 is an unknown value
R8 =0x00000060e5463000 is an unknown value
R9 =0x0000000000000040 is an unknown value
R10=0x0000000000000100 is an unknown value
R11=0x000001ed08204b90 is an unknown value
R12=0x00007ffe7d6fe810 is an unknown value
R13=0x0000000000000082 is an unknown value
R14=0x00007ffe7d620000 is an unknown value
R15=0x0000000000000001 is an unknown value


Stack: [0x00000060e6200000,0x00000060e6300000],  sp=0x00000060e62ff0c8,  free space=1020k
Native frames: (J=compiled Java code, j=interpreted, Vv=VM code, C=native code)

VM_Operation (0x00000060e57fef70): Exit, mode: safepoint, requested by thread 0x000001ed70a06800


---------------  P R O C E S S  ---------------

Java Threads: ( => current thread )
  0x000001ed70a06800 JavaThread "SIGINT handler" daemon [_thread_blocked, id=4560, stack(0x00000060e5700000,0x00000060e5800000)]
  0x000001ed0cbaf000 JavaThread "File IO Thread" [_thread_blocked, id=16076, stack(0x00000060e5600000,0x00000060e5700000)]
  0x000001ed751ea000 JavaThread "Chunk I/O Executor Thread-1" daemon [_thread_blocked, id=1824, stack(0x00000060e8d00000,0x00000060e8e00000)]
  0x000001ed751f6800 JavaThread "Netty Server IO #1" daemon [_thread_in_native, id=11324, stack(0x00000060e8a00000,0x00000060e8b00000)]
  0x000001ed751f2800 JavaThread "Netty Local Client IO #0" daemon [_thread_blocked, id=4388, stack(0x00000060e8900000,0x00000060e8a00000)]
  0x000001ed751f5800 JavaThread "Netty Server IO #0" daemon [_thread_in_native, id=4564, stack(0x00000060e8800000,0x00000060e8900000)]
  0x000001ed751ec000 JavaThread "Server thread" [_thread_blocked, id=15972, stack(0x00000060e8700000,0x00000060e8800000)]
  0x000001ed751e8800 JavaThread "Thread-12" [_thread_blocked, id=15792, stack(0x00000060e8200000,0x00000060e8300000)]
  0x000001ed751ee800 JavaThread "Thread-11" [_thread_blocked, id=14808, stack(0x00000060e8000000,0x00000060e8100000)]
  0x000001ed751eb800 JavaThread "Chunk Batcher 1" daemon [_thread_blocked, id=13452, stack(0x00000060e7e00000,0x00000060e7f00000)]
  0x000001ed751ef800 JavaThread "Chunk Batcher 0" daemon [_thread_blocked, id=6428, stack(0x00000060e7400000,0x00000060e7500000)]
  0x000001ed76ddf000 JavaThread "LWJGL Timer" daemon [_thread_blocked, id=15712, stack(0x00000060e7800000,0x00000060e7900000)]
  0x000001ed73569800 JavaThread "Java2D Disposer" daemon [_thread_blocked, id=13456, stack(0x00000060e7300000,0x00000060e7400000)]
  0x000001ed748ed800 JavaThread "Timer hack thread" daemon [_thread_blocked, id=7672, stack(0x00000060e7200000,0x00000060e7300000)]
  0x000001ed736a2000 JavaThread "Snooper Timer" daemon [_thread_blocked, id=10388, stack(0x00000060e7000000,0x00000060e7100000)]
  0x000001ed6d717000 JavaThread "Service Thread" daemon [_thread_blocked, id=12384, stack(0x00000060e6e00000,0x00000060e6f00000)]
  0x000001ed6f434000 JavaThread "C1 CompilerThread3" daemon [_thread_blocked, id=8136, stack(0x00000060e6d00000,0x00000060e6e00000)]
  0x000001ed6d715800 JavaThread "C2 CompilerThread2" daemon [_thread_blocked, id=12848, stack(0x00000060e6c00000,0x00000060e6d00000)]
  0x000001ed6d709800 JavaThread "C2 CompilerThread1" daemon [_thread_blocked, id=2272, stack(0x00000060e6b00000,0x00000060e6c00000)]
  0x000001ed6d703000 JavaThread "C2 CompilerThread0" daemon [_thread_blocked, id=7140, stack(0x00000060e6a00000,0x00000060e6b00000)]
  0x000001ed6d6ee800 JavaThread "JDWP Event Helper Thread" daemon [_thread_blocked, id=4812, stack(0x00000060e6800000,0x00000060e6900000)]
  0x000001ed6d6cb000 JavaThread "Attach Listener" daemon [_thread_blocked, id=5832, stack(0x00000060e6600000,0x00000060e6700000)]
  0x000001ed6d6ca800 JavaThread "Signal Dispatcher" daemon [_thread_blocked, id=8604, stack(0x00000060e6500000,0x00000060e6600000)]
  0x000001ed6d696800 JavaThread "Finalizer" daemon [_thread_blocked, id=12124, stack(0x00000060e6400000,0x00000060e6500000)]
  0x000001ed6d695000 JavaThread "Reference Handler" daemon [_thread_blocked, id=9356, stack(0x00000060e6300000,0x00000060e6400000)]
  0x000001ed584e7800 JavaThread "Client thread" [_thread_blocked, id=14820, stack(0x00000060e5900000,0x00000060e5a00000)]

Other Threads:
=>0x000001ed6d66e800 VMThread [stack: 0x00000060e6200000,0x00000060e6300000] [id=16180]

VM state:at safepoint (shutting down)

VM Mutex/Monitor currently owned by a thread:  ([mutex/lock_event])
[0x000001ed584e6530] Threads_lock - owner thread: 0x000001ed6d66e800

heap address: 0x00000000a1400000, size: 1516 MB, Compressed Oops mode: 32-bit
Narrow klass base: 0x0000000000000000, Narrow klass shift: 3
Compressed class space size: 1073741824 Address: 0x0000000100000000

Heap:
 PSYoungGen      total 230912K, used 182359K [0x00000000e0700000, 0x00000000ef500000, 0x0000000100000000)
  eden space 220160K, 80% used [0x00000000e0700000,0x00000000eb4f9790,0x00000000ede00000)
  from space 10752K, 39% used [0x00000000eea80000,0x00000000eee9c768,0x00000000ef500000)
  to   space 11776K, 0% used [0x00000000ede00000,0x00000000ede00000,0x00000000ee980000)
 ParOldGen       total 1035264K, used 918208K [0x00000000a1400000, 0x00000000e0700000, 0x00000000e0700000)
  object space 1035264K, 88% used [0x00000000a1400000,0x00000000d94b0258,0x00000000e0700000)
 Metaspace       used 54657K, capacity 55077K, committed 55808K, reserved 1097728K
  class space    used 6457K, capacity 6563K, committed 6656K, reserved 1048576K

Card table byte_map: [0x000001ed692e0000,0x000001ed695e0000] byte_map_base: 0x000001ed68dd6000

Marking Bits: (ParMarkBitMap*) 0x0000000064027850
 Begin Bits: [0x000001ed697e0000, 0x000001ed6af90000)
 End Bits:   [0x000001ed6af90000, 0x000001ed6c740000)

Polling page: 0x000001ed58690000

CodeCache: size=245760Kb used=42326Kb max_used=45367Kb free=203433Kb
 bounds [0x000001ed59f20000, 0x000001ed5cbb0000, 0x000001ed68f20000]
 total_blobs=10594 nmethods=9655 adapters=855
 compilation: enabled

Compilation events (10 events):
Event: 423.118 Thread 0x000001ed6d709800 nmethod 14660 0x000001ed5b762690 code [0x000001ed5b762800, 0x000001ed5b762928]
Event: 423.119 Thread 0x000001ed6d709800 14662       4       sun.reflect.generics.reflectiveObjects.ParameterizedTypeImpl::getActualTypeArguments (11 bytes)
Event: 423.121 Thread 0x000001ed6d709800 nmethod 14662 0x000001ed5b893690 code [0x000001ed5b8937e0, 0x000001ed5b893938]
Event: 423.136 Thread 0x000001ed6d703000 nmethod 14659 0x000001ed5c171990 code [0x000001ed5c171b80, 0x000001ed5c172dd0]
Event: 423.146 Thread 0x000001ed6d715800 nmethod 14663 0x000001ed5b326a50 code [0x000001ed5b326be0, 0x000001ed5b327968]
Event: 423.155 Thread 0x000001ed6f434000 14665       3       java.lang.ClassLoader::checkClassLoaderPermission (29 bytes)
Event: 423.158 Thread 0x000001ed6f434000 nmethod 14665 0x000001ed5b9271d0 code [0x000001ed5b927380, 0x000001ed5b927ad0]
Event: 423.163 Thread 0x000001ed6f434000 14666       3       java.lang.ClassLoader::needsClassLoaderPermissionCheck (27 bytes)
Event: 423.163 Thread 0x000001ed6f434000 nmethod 14666 0x000001ed5bcb7810 code [0x000001ed5bcb7980, 0x000001ed5bcb7d78]
Event: 423.167 Thread 0x000001ed6d709800 14667   !   4       sun.misc.URLClassPath$Loader::findResource (108 bytes)

GC Heap History (10 events):
Event: 358.307 GC heap before
{Heap before GC invocations=129 (full 11):
 PSYoungGen      total 233472K, used 222000K [0x00000000e0700000, 0x00000000efa80000, 0x0000000100000000)
  eden space 217600K, 100% used [0x00000000e0700000,0x00000000edb80000,0x00000000edb80000)
  from space 15872K, 27% used [0x00000000edb80000,0x00000000edfcc1a8,0x00000000eeb00000)
  to   space 15360K, 0% used [0x00000000eeb80000,0x00000000eeb80000,0x00000000efa80000)
 ParOldGen       total 1035264K, used 917369K [0x00000000a1400000, 0x00000000e0700000, 0x00000000e0700000)
  object space 1035264K, 88% used [0x00000000a1400000,0x00000000d93de6c8,0x00000000e0700000)
 Metaspace       used 54598K, capacity 55077K, committed 55808K, reserved 1097728K
  class space    used 6450K, capacity 6563K, committed 6656K, reserved 1048576K
Event: 358.318 GC heap after
Heap after GC invocations=129 (full 11):
 PSYoungGen      total 231936K, used 4302K [0x00000000e0700000, 0x00000000ef880000, 0x0000000100000000)
  eden space 218624K, 0% used [0x00000000e0700000,0x00000000e0700000,0x00000000edc80000)
  from space 13312K, 32% used [0x00000000eeb80000,0x00000000eefb3bd8,0x00000000ef880000)
  to   space 14336K, 0% used [0x00000000edc80000,0x00000000edc80000,0x00000000eea80000)
 ParOldGen       total 1035264K, used 917546K [0x00000000a1400000, 0x00000000e0700000, 0x00000000e0700000)
  object space 1035264K, 88% used [0x00000000a1400000,0x00000000d940a8f8,0x00000000e0700000)
 Metaspace       used 54598K, capacity 55077K, committed 55808K, reserved 1097728K
  class space    used 6450K, capacity 6563K, committed 6656K, reserved 1048576K
}
Event: 364.119 GC heap before
{Heap before GC invocations=130 (full 11):
 PSYoungGen      total 231936K, used 222926K [0x00000000e0700000, 0x00000000ef880000, 0x0000000100000000)
  eden space 218624K, 100% used [0x00000000e0700000,0x00000000edc80000,0x00000000edc80000)
  from space 13312K, 32% used [0x00000000eeb80000,0x00000000eefb3bd8,0x00000000ef880000)
  to   space 14336K, 0% used [0x00000000edc80000,0x00000000edc80000,0x00000000eea80000)
 ParOldGen       total 1035264K, used 917546K [0x00000000a1400000, 0x00000000e0700000, 0x00000000e0700000)
  object space 1035264K, 88% used [0x00000000a1400000,0x00000000d940a8f8,0x00000000e0700000)
 Metaspace       used 54600K, capacity 55077K, committed 55808K, reserved 1097728K
  class space    used 6450K, capacity 6563K, committed 6656K, reserved 1048576K
Event: 364.133 GC heap after
Heap after GC invocations=130 (full 11):
 PSYoungGen      total 232960K, used 4178K [0x00000000e0700000, 0x00000000ef880000, 0x0000000100000000)
  eden space 218624K, 0% used [0x00000000e0700000,0x00000000e0700000,0x00000000edc80000)
  from space 14336K, 29% used [0x00000000edc80000,0x00000000ee094a88,0x00000000eea80000)
  to   space 13824K, 0% used [0x00000000eeb00000,0x00000000eeb00000,0x00000000ef880000)
 ParOldGen       total 1035264K, used 917666K [0x00000000a1400000, 0x00000000e0700000, 0x00000000e0700000)
  object space 1035264K, 88% used [0x00000000a1400000,0x00000000d94288f8,0x00000000e0700000)
 Metaspace       used 54600K, capacity 55077K, committed 55808K, reserved 1097728K
  class space    used 6450K, capacity 6563K, committed 6656K, reserved 1048576K
}
Event: 370.428 GC heap before
{Heap before GC invocations=131 (full 11):
 PSYoungGen      total 232960K, used 222802K [0x00000000e0700000, 0x00000000ef880000, 0x0000000100000000)
  eden space 218624K, 100% used [0x00000000e0700000,0x00000000edc80000,0x00000000edc80000)
  from space 14336K, 29% used [0x00000000edc80000,0x00000000ee094a88,0x00000000eea80000)
  to   space 13824K, 0% used [0x00000000eeb00000,0x00000000eeb00000,0x00000000ef880000)
 ParOldGen       total 1035264K, used 917666K [0x00000000a1400000, 0x00000000e0700000, 0x00000000e0700000)
  object space 1035264K, 88% used [0x00000000a1400000,0x00000000d94288f8,0x00000000e0700000)
 Metaspace       used 54600K, capacity 55077K, committed 55808K, reserved 1097728K
  class space    used 6450K, capacity 6563K, committed 6656K, reserved 1048576K
Event: 370.437 GC heap after
Heap after GC invocations=131 (full 11):
 PSYoungGen      total 231424K, used 4075K [0x00000000e0700000, 0x00000000ef680000, 0x0000000100000000)
  eden space 219648K, 0% used [0x00000000e0700000,0x00000000e0700000,0x00000000edd80000)
  from space 11776K, 34% used [0x00000000eeb00000,0x00000000eeeface8,0x00000000ef680000)
  to   space 12800K, 0% used [0x00000000edd80000,0x00000000edd80000,0x00000000eea00000)
 ParOldGen       total 1035264K, used 917874K [0x00000000a1400000, 0x00000000e0700000, 0x00000000e0700000)
  object space 1035264K, 88% used [0x00000000a1400000,0x00000000d945cad8,0x00000000e0700000)
 Metaspace       used 54600K, capacity 55077K, committed 55808K, reserved 1097728K
  class space    used 6450K, capacity 6563K, committed 6656K, reserved 1048576K
}
Event: 376.554 GC heap before
{Heap before GC invocations=132 (full 11):
 PSYoungGen      total 231424K, used 223723K [0x00000000e0700000, 0x00000000ef680000, 0x0000000100000000)
  eden space 219648K, 100% used [0x00000000e0700000,0x00000000edd80000,0x00000000edd80000)
  from space 11776K, 34% used [0x00000000eeb00000,0x00000000eeeface8,0x00000000ef680000)
  to   space 12800K, 0% used [0x00000000edd80000,0x00000000edd80000,0x00000000eea00000)
 ParOldGen       total 1035264K, used 917874K [0x00000000a1400000, 0x00000000e0700000, 0x00000000e0700000)
  object space 1035264K, 88% used [0x00000000a1400000,0x00000000d945cad8,0x00000000e0700000)
 Metaspace       used 54601K, capacity 55077K, committed 55808K, reserved 1097728K
  class space    used 6450K, capacity 6563K, committed 6656K, reserved 1048576K
Event: 376.568 GC heap after
Heap after GC invocations=132 (full 11):
 PSYoungGen      total 232448K, used 4426K [0x00000000e0700000, 0x00000000ef680000, 0x0000000100000000)
  eden space 219648K, 0% used [0x00000000e0700000,0x00000000e0700000,0x00000000edd80000)
  from space 12800K, 34% used [0x00000000edd80000,0x00000000ee1d2a18,0x00000000eea00000)
  to   space 12288K, 0% used [0x00000000eea80000,0x00000000eea80000,0x00000000ef680000)
 ParOldGen       total 1035264K, used 918002K [0x00000000a1400000, 0x00000000e0700000, 0x00000000e0700000)
  object space 1035264K, 88% used [0x00000000a1400000,0x00000000d947cad8,0x00000000e0700000)
 Metaspace       used 54601K, capacity 55077K, committed 55808K, reserved 1097728K
  class space    used 6450K, capacity 6563K, committed 6656K, reserved 1048576K
}
Event: 382.626 GC heap before
{Heap before GC invocations=133 (full 11):
 PSYoungGen      total 232448K, used 224074K [0x00000000e0700000, 0x00000000ef680000, 0x0000000100000000)
  eden space 219648K, 100% used [0x00000000e0700000,0x00000000edd80000,0x00000000edd80000)
  from space 12800K, 34% used [0x00000000edd80000,0x00000000ee1d2a18,0x00000000eea00000)
  to   space 12288K, 0% used [0x00000000eea80000,0x00000000eea80000,0x00000000ef680000)
 ParOldGen       total 1035264K, used 918002K [0x00000000a1400000, 0x00000000e0700000, 0x00000000e0700000)
  object space 1035264K, 88% used [0x00000000a1400000,0x00000000d947cad8,0x00000000e0700000)
 Metaspace       used 54601K, capacity 55077K, committed 55808K, reserved 1097728K
  class space    used 6450K, capacity 6563K, committed 6656K, reserved 1048576K
Event: 382.635 GC heap after
Heap after GC invocations=133 (full 11):
 PSYoungGen      total 230912K, used 4209K [0x00000000e0700000, 0x00000000ef500000, 0x0000000100000000)
  eden space 220160K, 0% used [0x00000000e0700000,0x00000000e0700000,0x00000000ede00000)
  from space 10752K, 39% used [0x00000000eea80000,0x00000000eee9c768,0x00000000ef500000)
  to   space 11776K, 0% used [0x00000000ede00000,0x00000000ede00000,0x00000000ee980000)
 ParOldGen       total 1035264K, used 918208K [0x00000000a1400000, 0x00000000e0700000, 0x00000000e0700000)
  object space 1035264K, 88% used [0x00000000a1400000,0x00000000d94b0258,0x00000000e0700000)
 Metaspace       used 54601K, capacity 55077K, committed 55808K, reserved 1097728K
  class space    used 6450K, capacity 6563K, committed 6656K, reserved 1048576K
}

Deoptimization events (10 events):
Event: 423.037 Thread 0x000001ed751ec000 Uncommon trap: reason=unstable_if action=reinterpret pc=0x000001ed5c5d0630 method=com.google.common.cache.LocalCache.usesKeyReferences()Z @ 7
Event: 423.038 Thread 0x000001ed751ec000 Uncommon trap: reason=class_check action=maybe_recompile pc=0x000001ed5c5cd23c method=com.google.common.cache.LocalCache$Segment.drainRecencyQueue()V @ 4
Event: 423.040 Thread 0x000001ed751ec000 Uncommon trap: reason=class_check action=maybe_recompile pc=0x000001ed5c5cd23c method=com.google.common.cache.LocalCache$Segment.drainRecencyQueue()V @ 4
Event: 423.041 Thread 0x000001ed751ec000 Uncommon trap: reason=class_check action=maybe_recompile pc=0x000001ed5c9bf3d8 method=com.google.common.cache.LocalCache$Segment.setValue(Lcom/google/common/cache/LocalCache$ReferenceEntry;Ljava/lang/Object;Ljava/lang/Object;J)V @ 1
Event: 423.041 Thread 0x000001ed751ec000 Uncommon trap: reason=class_check action=maybe_recompile pc=0x000001ed5c9b95cc method=com.google.common.cache.LocalCache$Segment.drainRecencyQueue()V @ 4
Event: 423.041 Thread 0x000001ed751ec000 Uncommon trap: reason=unstable_if action=reinterpret pc=0x000001ed5ca40b34 method=com.google.common.cache.LocalCache.evictsBySize()Z @ 6
Event: 423.076 Thread 0x000001ed751e7800 Uncommon trap: reason=unstable_if action=reinterpret pc=0x000001ed5b87f714 method=java.util.concurrent.ConcurrentHashMap$TreeBin.putTreeVal(ILjava/lang/Object;Ljava/lang/Object;)Ljava/util/concurrent/ConcurrentHashMap$TreeNode; @ 94
Event: 423.076 Thread 0x000001ed751e7800 Uncommon trap: reason=unstable_if action=reinterpret pc=0x000001ed5a54af10 method=java.util.Collections$SetFromMap.add(Ljava/lang/Object;)Z @ 13
Event: 423.093 Thread 0x000001ed751ec000 Uncommon trap: reason=unstable_if action=reinterpret pc=0x000001ed5b0d34a0 method=java.text.SimpleDateFormat.zeroPaddingNumber(IIILjava/lang/StringBuffer;)V @ 41
Event: 423.107 Thread 0x000001ed751ec000 Uncommon trap: reason=unstable_if action=reinterpret pc=0x000001ed5b165558 method=java.lang.ClassLoader.getResource(Ljava/lang/String;)Ljava/net/URL; @ 4

Classes redefined (0 events):
No events

Internal exceptions (10 events):
Event: 423.138 Thread 0x000001ed751ec000 Exception <a 'java/lang/NullPointerException'> (0x00000000eb3f2e70) thrown at [C:\wsjdk\Corretto8Src\installers\windows\zip\corretto-build\buildRoot\src\hotspot\src\share\vm\runtime\sharedRuntime.cpp, line 610]
Event: 423.138 Thread 0x000001ed751ee800 Exception <a 'java/lang/InterruptedException': sleep interrupted> (0x00000000eb407618) thrown at [C:\wsjdk\Corretto8Src\installers\windows\zip\corretto-build\buildRoot\src\hotspot\src\share\vm\prims\jvm.cpp, line 3384]
Event: 423.145 Thread 0x000001ed751ec000 NullPointerException at vtable entry 0x000001ed5a262070
Event: 423.145 Thread 0x000001ed751ec000 Exception <a 'java/lang/NullPointerException'> (0x00000000eb4215c0) thrown at [C:\wsjdk\Corretto8Src\installers\windows\zip\corretto-build\buildRoot\src\hotspot\src\share\vm\runtime\sharedRuntime.cpp, line 610]
Event: 423.150 Thread 0x000001ed751ec000 NullPointerException at vtable entry 0x000001ed5a262070
Event: 423.150 Thread 0x000001ed751ec000 Exception <a 'java/lang/NullPointerException'> (0x00000000eb44f350) thrown at [C:\wsjdk\Corretto8Src\installers\windows\zip\corretto-build\buildRoot\src\hotspot\src\share\vm\runtime\sharedRuntime.cpp, line 610]
Event: 423.161 Thread 0x000001ed751ec000 NullPointerException at vtable entry 0x000001ed5a262070
Event: 423.161 Thread 0x000001ed751ec000 Exception <a 'java/lang/NullPointerException'> (0x00000000eb4777f8) thrown at [C:\wsjdk\Corretto8Src\installers\windows\zip\corretto-build\buildRoot\src\hotspot\src\share\vm\runtime\sharedRuntime.cpp, line 610]
Event: 423.167 Thread 0x000001ed751ec000 NullPointerException at vtable entry 0x000001ed5a262070
Event: 423.167 Thread 0x000001ed751ec000 Exception <a 'java/lang/NullPointerException'> (0x00000000eb48f480) thrown at [C:\wsjdk\Corretto8Src\installers\windows\zip\corretto-build\buildRoot\src\hotspot\src\share\vm\runtime\sharedRuntime.cpp, line 610]

Events (10 events):
Event: 423.166 Thread 0x000001ed6f434000 flushing nmethod 0x000001ed5c2b48d0
Event: 423.166 Thread 0x000001ed6f434000 flushing nmethod 0x000001ed5c362290
Event: 423.166 Thread 0x000001ed6f434000 flushing nmethod 0x000001ed5c3735d0
Event: 423.166 Thread 0x000001ed6f434000 flushing nmethod 0x000001ed5c37aed0
Event: 423.166 Thread 0x000001ed6f434000 flushing nmethod 0x000001ed5c37c510
Event: 423.167 Thread 0x000001ed6f434000 flushing nmethod 0x000001ed5c38c910
Event: 423.167 Thread 0x000001ed6f434000 flushing nmethod 0x000001ed5c3ace90
Event: 423.167 Thread 0x000001ed751ec000 DEOPT PACKING pc=0x000001ed5a5b59ac sp=0x00000060e87fd3c0
Event: 423.167 Thread 0x000001ed751ec000 DEOPT UNPACKING pc=0x000001ed59f671d8 sp=0x00000060e87fd0e8 mode 1
Event: 423.168 Executing VM operation: Exit


Dynamic libraries:
0x00007ff6fdee0000 - 0x00007ff6fdf1a000 	C:\Users\Sun3k\.jdks\corretto-1.8.0_332\bin\java.exe
0x00007ffeb6950000 - 0x00007ffeb6b47000 	C:\Windows\SYSTEM32\ntdll.dll
0x00007ffeb49b0000 - 0x00007ffeb4a6d000 	C:\Windows\System32\KERNEL32.DLL
0x00007ffeb4480000 - 0x00007ffeb474d000 	C:\Windows\System32\KERNELBASE.dll
0x00007ffeb5160000 - 0x00007ffeb520e000 	C:\Windows\System32\ADVAPI32.dll
0x00007ffeb62b0000 - 0x00007ffeb634e000 	C:\Windows\System32\msvcrt.dll
0x00007ffeb5f70000 - 0x00007ffeb600c000 	C:\Windows\System32\sechost.dll
0x00007ffeb5210000 - 0x00007ffeb5335000 	C:\Windows\System32\RPCRT4.dll
0x00007ffeb53a0000 - 0x00007ffeb5540000 	C:\Windows\System32\USER32.dll
0x00007ffeb4950000 - 0x00007ffeb4972000 	C:\Windows\System32\win32u.dll
0x00007ffeb61d0000 - 0x00007ffeb61fa000 	C:\Windows\System32\GDI32.dll
0x00007ffeb4220000 - 0x00007ffeb432b000 	C:\Windows\System32\gdi32full.dll
0x00007ffeb43e0000 - 0x00007ffeb447d000 	C:\Windows\System32\msvcp_win.dll
0x00007ffeb47e0000 - 0x00007ffeb48e0000 	C:\Windows\System32\ucrtbase.dll
0x00007ffe9dfe0000 - 0x00007ffe9e27a000 	C:\Windows\WinSxS\amd64_microsoft.windows.common-controls_6595b64144ccf1df_6.0.19041.1110_none_60b5254171f9507e\COMCTL32.dll
0x00007ffeb55a0000 - 0x00007ffeb55d0000 	C:\Windows\System32\IMM32.DLL
0x00007ffeabda0000 - 0x00007ffeabe8f000 	C:\Users\Sun3k\.jdks\corretto-1.8.0_332\jre\bin\msvcr120.dll
0x00007ffe77520000 - 0x00007ffe775c6000 	C:\Users\Sun3k\.jdks\corretto-1.8.0_332\jre\bin\msvcp120.dll
0x0000000063830000 - 0x00000000640a6000 	C:\Users\Sun3k\.jdks\corretto-1.8.0_332\jre\bin\server\jvm.dll
0x00007ffeb61c0000 - 0x00007ffeb61c8000 	C:\Windows\System32\PSAPI.DLL
0x00007ffeab0b0000 - 0x00007ffeab0d7000 	C:\Windows\SYSTEM32\WINMM.dll
0x00007ffe9d810000 - 0x00007ffe9d819000 	C:\Windows\SYSTEM32\WSOCK32.dll
0x00007ffead3a0000 - 0x00007ffead3aa000 	C:\Windows\SYSTEM32\VERSION.dll
0x00007ffeb5060000 - 0x00007ffeb50cb000 	C:\Windows\System32\WS2_32.dll
0x00007ffeaea20000 - 0x00007ffeaea2f000 	C:\Users\Sun3k\.jdks\corretto-1.8.0_332\jre\bin\verify.dll
0x00007ffeae6b0000 - 0x00007ffeae6d9000 	C:\Users\Sun3k\.jdks\corretto-1.8.0_332\jre\bin\java.dll
0x00007ffe9b5e0000 - 0x00007ffe9b615000 	C:\Users\Sun3k\.jdks\corretto-1.8.0_332\jre\bin\jdwp.dll
0x00007ffeafc80000 - 0x00007ffeafc88000 	C:\Users\Sun3k\.jdks\corretto-1.8.0_332\jre\bin\npt.dll
0x00007ffeaea70000 - 0x00007ffeaea9a000 	C:\Users\Sun3k\.jdks\corretto-1.8.0_332\jre\bin\instrument.dll
0x00007ffeaea00000 - 0x00007ffeaea16000 	C:\Users\Sun3k\.jdks\corretto-1.8.0_332\jre\bin\zip.dll
0x00007ffeb57b0000 - 0x00007ffeb5ef4000 	C:\Windows\System32\SHELL32.dll
0x00007ffeb2170000 - 0x00007ffeb2904000 	C:\Windows\SYSTEM32\windows.storage.dll
0x00007ffeb4a70000 - 0x00007ffeb4dc4000 	C:\Windows\System32\combase.dll
0x00007ffeb3ad0000 - 0x00007ffeb3afc000 	C:\Windows\SYSTEM32\Wldp.dll
0x00007ffeb6200000 - 0x00007ffeb62ad000 	C:\Windows\System32\SHCORE.dll
0x00007ffeb5540000 - 0x00007ffeb5595000 	C:\Windows\System32\shlwapi.dll
0x00007ffeb3fb0000 - 0x00007ffeb3fcf000 	C:\Windows\SYSTEM32\profapi.dll
0x00007ffeafc70000 - 0x00007ffeafc79000 	C:\Users\Sun3k\.jdks\corretto-1.8.0_332\jre\bin\dt_socket.dll
0x00007ffeb3830000 - 0x00007ffeb389a000 	C:\Windows\system32\mswsock.dll
0x00007ffeafd00000 - 0x00007ffeafd0d000 	C:\Users\Sun3k\.jdks\corretto-1.8.0_332\jre\bin\management.dll
0x00007ffeae690000 - 0x00007ffeae6aa000 	C:\Users\Sun3k\.jdks\corretto-1.8.0_332\jre\bin\net.dll
0x00007ffeae670000 - 0x00007ffeae682000 	C:\Users\Sun3k\.jdks\corretto-1.8.0_332\jre\bin\nio.dll
0x00007ffeb3a20000 - 0x00007ffeb3a38000 	C:\Windows\SYSTEM32\CRYPTSP.dll
0x00007ffeb3140000 - 0x00007ffeb3174000 	C:\Windows\system32\rsaenh.dll
0x00007ffeb4980000 - 0x00007ffeb49a7000 	C:\Windows\System32\bcrypt.dll
0x00007ffeb3f30000 - 0x00007ffeb3f5e000 	C:\Windows\SYSTEM32\USERENV.dll
0x00007ffeb4750000 - 0x00007ffeb47d2000 	C:\Windows\System32\bcryptprimitives.dll
0x00007ffeb3a40000 - 0x00007ffeb3a4c000 	C:\Windows\SYSTEM32\CRYPTBASE.dll
0x00007ffeb34b0000 - 0x00007ffeb34eb000 	C:\Windows\SYSTEM32\IPHLPAPI.DLL
0x00007ffeb5f60000 - 0x00007ffeb5f68000 	C:\Windows\System32\NSI.dll
0x00007ffea8bc0000 - 0x00007ffea8bd7000 	C:\Windows\SYSTEM32\dhcpcsvc6.DLL
0x00007ffeab020000 - 0x00007ffeab03d000 	C:\Windows\SYSTEM32\dhcpcsvc.DLL
0x00007ffeb34f0000 - 0x00007ffeb35bb000 	C:\Windows\SYSTEM32\DNSAPI.dll
0x00007ffeafc50000 - 0x00007ffeafc5a000 	C:\Users\Sun3k\AppData\Local\Temp\jansi-64-4126427069249222005.dll
0x00007ffe77a30000 - 0x00007ffe77a47000 	C:\Windows\system32\napinsp.dll
0x00007ffe629d0000 - 0x00007ffe629eb000 	C:\Windows\system32\pnrpnsp.dll
0x00007ffeaee60000 - 0x00007ffeaee75000 	C:\Windows\system32\wshbth.dll
0x00007ffeafbb0000 - 0x00007ffeafbcd000 	C:\Windows\system32\NLAapi.dll
0x00007ffe629b0000 - 0x00007ffe629c2000 	C:\Windows\System32\winrnr.dll
0x00007ffea8160000 - 0x00007ffea816a000 	C:\Windows\System32\rasadhlp.dll
0x00007ffea7d30000 - 0x00007ffea7db0000 	C:\Windows\System32\fwpuclnt.dll
0x00007ffeafcb0000 - 0x00007ffeafcd3000 	C:\Users\Sun3k\.jdks\corretto-1.8.0_332\jre\bin\sunec.dll
0x00007ffeafcf0000 - 0x00007ffeafcfc000 	C:\Users\Sun3k\.jdks\corretto-1.8.0_332\jre\bin\sunmscapi.dll
0x00007ffeb4070000 - 0x00007ffeb41c6000 	C:\Windows\System32\CRYPT32.dll
0x00007ffeb3b40000 - 0x00007ffeb3b67000 	C:\Windows\SYSTEM32\ncrypt.dll
0x00007ffeb3b00000 - 0x00007ffeb3b3b000 	C:\Windows\SYSTEM32\NTASN1.dll
0x0000000180000000 - 0x0000000180053000 	C:\Users\Sun3k\.gradle\caches\minecraft\net\minecraft\natives\1.8.9\lwjgl64.dll
0x00007ffe7d620000 - 0x00007ffe7d746000 	C:\Windows\SYSTEM32\OPENGL32.dll
0x00007ffe7d5f0000 - 0x00007ffe7d61c000 	C:\Windows\SYSTEM32\GLU32.dll
0x00007ffe88390000 - 0x00007ffe88525000 	C:\Users\Sun3k\.jdks\corretto-1.8.0_332\jre\bin\awt.dll
0x00007ffeb60f0000 - 0x00007ffeb61bd000 	C:\Windows\System32\OLEAUT32.dll
0x00007ffeb18b0000 - 0x00007ffeb1940000 	C:\Windows\SYSTEM32\apphelp.dll
0x00007ffeaeb70000 - 0x00007ffeaec1e000 	C:\Windows\SYSTEM32\mscms.dll
0x00007ffeaeb50000 - 0x00007ffeaeb61000 	C:\Windows\SYSTEM32\ColorAdapterClient.dll
0x00007ffeb1f70000 - 0x00007ffeb1f82000 	C:\Windows\SYSTEM32\kernel.appcore.dll
0x00007ffeb55d0000 - 0x00007ffeb5679000 	C:\Windows\System32\clbcatq.dll
0x00007ffeb41d0000 - 0x00007ffeb421e000 	C:\Windows\System32\cfgmgr32.dll
0x00007ffeb1a70000 - 0x00007ffeb1b0e000 	C:\Windows\system32\uxtheme.dll
0x00007ffeb5690000 - 0x00007ffeb57a5000 	C:\Windows\System32\MSCTF.dll
0x00007ffea19f0000 - 0x00007ffea1ae9000 	C:\Windows\SYSTEM32\textinputframework.dll
0x00007ffeb15a0000 - 0x00007ffeb1692000 	C:\Windows\System32\CoreMessaging.dll
0x00007ffeb0ec0000 - 0x00007ffeb121e000 	C:\Windows\System32\CoreUIComponents.dll
0x00007ffeafee0000 - 0x00007ffeb0034000 	C:\Windows\SYSTEM32\wintypes.dll
0x00007ffeb2d70000 - 0x00007ffeb2da3000 	C:\Windows\SYSTEM32\ntmarta.dll
0x00007ffeabfa0000 - 0x00007ffeabfcc000 	C:\Windows\System32\DriverStore\FileRepository\u0375335.inf_amd64_7de275617d9da25a\B374868\atig6pxx.dll
0x00007ffe47b80000 - 0x00007ffe4a9c3000 	C:\Windows\System32\DriverStore\FileRepository\u0375335.inf_amd64_7de275617d9da25a\B374868\atio6axx.dll
0x00007ffeb6350000 - 0x00007ffeb67bf000 	C:\Windows\System32\SETUPAPI.dll
0x00007ffeb67e0000 - 0x00007ffeb690a000 	C:\Windows\System32\ole32.dll
0x00007ffe9f7f0000 - 0x00007ffe9f814000 	C:\Windows\SYSTEM32\dxva2.dll
0x00007ffeb1c80000 - 0x00007ffeb1caf000 	C:\Windows\SYSTEM32\dwmapi.dll
0x00007ffe9b5a0000 - 0x00007ffe9b5df000 	C:\Windows\System32\DriverStore\FileRepository\u0375335.inf_amd64_7de275617d9da25a\B374868\atig6txx.dll
0x00007ffe6eee0000 - 0x00007ffe6f0b4000 	C:\Windows\SYSTEM32\atiadlxx.dll
0x00007ffeafab0000 - 0x00007ffeafba6000 	C:\Windows\SYSTEM32\PROPSYS.dll
0x00007ffe92cf0000 - 0x00007ffe92d39000 	C:\Windows\SYSTEM32\pdh.dll
0x00007ffeb3e20000 - 0x00007ffeb3e4c000 	C:\Windows\SYSTEM32\DEVOBJ.dll
0x00007ffeb48e0000 - 0x00007ffeb4947000 	C:\Windows\System32\WINTRUST.dll
0x00007ffeb3c60000 - 0x00007ffeb3c72000 	C:\Windows\SYSTEM32\MSASN1.dll
0x00007ffeabd00000 - 0x00007ffeabd3b000 	C:\Windows\SYSTEM32\dxcore.dll
0x00007ffe671f0000 - 0x00007ffe67233000 	C:\Windows\SYSTEM32\icm32.dll
0x000001ed74d00000 - 0x000001ed74d38000 	C:\Users\Sun3k\AppData\Local\Temp\jna\jna7142001874764275804.dll
0x00007ffe9b550000 - 0x00007ffe9b59b000 	C:\ProgramData\obs-studio-hook\graphics-hook64.dll
0x00007ffeb0040000 - 0x00007ffeb02a3000 	C:\Windows\system32\d3d11.dll
0x00007ffeb2970000 - 0x00007ffeb2a63000 	C:\Windows\SYSTEM32\dxgi.dll
0x00007ffeab0e0000 - 0x00007ffeab298000 	C:\Windows\System32\DriverStore\FileRepository\u0375335.inf_amd64_7de275617d9da25a\B374868\aticfx64.dll
0x00007ffeaaf50000 - 0x00007ffeaaf89000 	C:\Windows\System32\DriverStore\FileRepository\u0375335.inf_amd64_7de275617d9da25a\B374868\atiuxp64.dll
0x00007ffea8df0000 - 0x00007ffeaad27000 	C:\Windows\System32\DriverStore\FileRepository\u0375335.inf_amd64_7de275617d9da25a\B374868\atidxx64.dll
0x00007ffea8ab0000 - 0x00007ffea8ae0000 	C:\Windows\SYSTEM32\amdihk64.dll
0x00007ffea8200000 - 0x00007ffea822b000 	C:\Windows\SYSTEM32\D3DSCache.dll
0x00007ffeada20000 - 0x00007ffeadc20000 	C:\Windows\SYSTEM32\twinapi.appcore.dll
0x0000000070a40000 - 0x0000000070adc000 	C:\Users\Sun3k\.gradle\caches\minecraft\net\minecraft\natives\1.8.9\avutil-ttv-51.dll
0x0000000065980000 - 0x00000000659d6000 	C:\Users\Sun3k\.gradle\caches\minecraft\net\minecraft\natives\1.8.9\swresample-ttv-0.dll
0x000000006eb80000 - 0x000000006ec50000 	C:\Users\Sun3k\.gradle\caches\minecraft\net\minecraft\natives\1.8.9\libmp3lame-ttv.dll
0x00007ffe51b30000 - 0x00007ffe52ed4000 	C:\Users\Sun3k\.gradle\caches\minecraft\net\minecraft\natives\1.8.9\libmfxsw64.dll
0x00007ffe60740000 - 0x00007ffe608ad000 	C:\Users\Sun3k\.gradle\caches\minecraft\net\minecraft\natives\1.8.9\twitchsdk.dll
0x00007ffe99ea0000 - 0x00007ffe9a376000 	C:\Windows\SYSTEM32\WININET.dll
0x000001ed103f0000 - 0x000001ed10454000 	C:\Users\Sun3k\.gradle\caches\minecraft\net\minecraft\natives\1.8.9\OpenAL64.dll
0x00007ffeaad30000 - 0x00007ffeaadb5000 	C:\Windows\System32\MMDevApi.dll
0x00007ffe965f0000 - 0x00007ffe9668c000 	C:\Windows\SYSTEM32\dsound.dll
0x00007ffeb3730000 - 0x00007ffeb377b000 	C:\Windows\SYSTEM32\powrprof.dll
0x00007ffe9a760000 - 0x00007ffe9a786000 	C:\Windows\SYSTEM32\winmmbase.dll
0x00007ffeb3630000 - 0x00007ffeb3642000 	C:\Windows\SYSTEM32\UMPDC.dll
0x00007ffeaadc0000 - 0x00007ffeaaf42000 	C:\Windows\SYSTEM32\AUDIOSES.DLL
0x00007ffeb1b80000 - 0x00007ffeb1b94000 	C:\Windows\SYSTEM32\resourcepolicyclient.dll
0x00007ffeac730000 - 0x00007ffeac773000 	C:\Windows\System32\Windows.Internal.Graphics.Display.DisplayColorManagement.dll
0x00007ffe9faf0000 - 0x00007ffe9fcd4000 	C:\Windows\SYSTEM32\dbghelp.dll

VM Arguments:
jvm_args: -agentlib:jdwp=transport=dt_socket,address=127.0.0.1:55247,suspend=y,server=n -javaagent:C:\Users\Sun3k\AppData\Local\JetBrains\IdeaIC2022.1\captureAgent\debugger-agent.jar -Dfile.encoding=UTF-8 
java_command: GradleStart --mixin mixins.sunrise.json --tweakClass org.spongepowered.asm.launch.MixinTweaker -Ddevauth.account --javaagent:C:\Users\Sun3k\.gradle\caches\modules-2\files-2.1\org.spongepowered\mixin\0.7.11-SNAPSHOT\7a670207bdb97db418118ad1e9bb42424ff3776d\mixin-0.7.11-SNAPSHOT.jar
java_class_path (initial): C:\Users\Sun3k\.jdks\corretto-1.8.0_332\jre\lib\charsets.jar;C:\Users\Sun3k\.jdks\corretto-1.8.0_332\jre\lib\ext\access-bridge-64.jar;C:\Users\Sun3k\.jdks\corretto-1.8.0_332\jre\lib\ext\cldrdata.jar;C:\Users\Sun3k\.jdks\corretto-1.8.0_332\jre\lib\ext\dnsns.jar;C:\Users\Sun3k\.jdks\corretto-1.8.0_332\jre\lib\ext\jaccess.jar;C:\Users\Sun3k\.jdks\corretto-1.8.0_332\jre\lib\ext\jfxrt.jar;C:\Users\Sun3k\.jdks\corretto-1.8.0_332\jre\lib\ext\localedata.jar;C:\Users\Sun3k\.jdks\corretto-1.8.0_332\jre\lib\ext\nashorn.jar;C:\Users\Sun3k\.jdks\corretto-1.8.0_332\jre\lib\ext\sunec.jar;C:\Users\Sun3k\.jdks\corretto-1.8.0_332\jre\lib\ext\sunjce_provider.jar;C:\Users\Sun3k\.jdks\corretto-1.8.0_332\jre\lib\ext\sunmscapi.jar;C:\Users\Sun3k\.jdks\corretto-1.8.0_332\jre\lib\ext\sunpkcs11.jar;C:\Users\Sun3k\.jdks\corretto-1.8.0_332\jre\lib\ext\zipfs.jar;C:\Users\Sun3k\.jdks\corretto-1.8.0_332\jre\lib\jce.jar;C:\Users\Sun3k\.jdks\corretto-1.8.0_332\jre\lib\jfr.jar;C:\Users\Sun3k\.jdks\corretto-1.8.0_332\jre\lib\jfxswt.jar;C:\Users\Sun3k\.jdks\corretto-1.8.0_332\jre\lib\jsse.jar;C:\Users\Sun3k\.jdks\corretto-1.8.0_332\jre\lib\management-agent.jar;C:\Users\Sun3k\.jdks\corretto-1.8.0_332\jre\lib\resources.jar;C:\Users\Sun3k\.jdks\corretto-1.8.0_332\jre\lib\rt.jar;C:\Users\Sun3k\IdeaProjects\Sunrise8\build\classes\java\main;C:\Users\Sun3k\.gradle\caches\minecraft\deobfedDeps\compileDummy.jar;C:\Users\Sun3k\.gradle\caches\minecraft\deobfedDeps\providedDummy.jar;C:\Users\Sun3k\.gradle\caches\modules-2\files-2.1\org.spongepowered\mixin\0.7.11-SNAPSHOT\7a670207bdb97db418118ad1e9bb42424ff3776d\mixin-0.7.11-SNAPSHOT.jar;C:\Users\Sun3k\.gradle\caches\modules-2\files-2.1\gg.essential\elementa-1.8.9-forge\507\38e5ea484636664fc185041360ee5e86cfc147b5\elementa-1.8.9-forge-507.jar;C:\Users\Sun3k\.gradle\caches\modules-2\files-2.1\com.google.guava\guava\17.0\9c6ef172e8de35fd8d4d8783e4821e57cdef7445\guava-17.0.jar;C:\Users\Sun3k\.gradle\caches\modules-2\files-2.1\commons-io\c
Launcher Type: SUN_STANDARD

Environment Variables:
JAVA_HOME=C:\Program Files\OpenJDK\jdk-18
PATH=C:\Windows\system32;C:\Windows;C:\Windows\System32\Wbem;C:\Windows\System32\WindowsPowerShell\v1.0\;C:\Windows\System32\OpenSSH\;C:\ProgramData\chocolatey\bin;C:\Program Files\Microsoft VS Code\bin;C:\Program Files (x86)\Yarn\bin\;C:\Program Files\nodejs\;C:\Program Files\Git\cmd;C:\Program Files\OpenJDK\jdk-18\bin;C:\Program Files\dotnet\;C:\Users\Sun3k\AppData\Local\Programs\Python\Python310\Scripts\;C:\Users\Sun3k\AppData\Local\Programs\Python\Python310\;C:\Users\Sun3k\AppData\Local\Microsoft\WindowsApps;C:\Users\Sun3k\AppData\Local\Yarn\bin;C:\Users\Sun3k\AppData\Roaming\npm;C:\Program Files\Oracle\VirtualBox;C:\Program Files\heroku\bin;C:\Program Files\JetBrains\IntelliJ IDEA Community Edition 2022.1.1\bin;;C:\Users\Sun3k\.dotnet\tools
USERNAME=Sun3k
OS=Windows_NT
PROCESSOR_IDENTIFIER=AMD64 Family 23 Model 24 Stepping 1, AuthenticAMD



---------------  S Y S T E M  ---------------

OS: Windows 10.0 , 64 bit Build 19041 (10.0.19041.1741)

CPU:total 8 (initial active 8) (8 cores per cpu, 1 threads per core) family 23 model 24 stepping 1, cmov, cx8, fxsr, mmx, sse, sse2, sse3, ssse3, sse4.1, sse4.2, popcnt, avx, avx2, aes, clmul, mmxext, 3dnowpref, lzcnt, sse4a, tsc, tscinvbit, tscinv, bmi1

Memory: 4k page, physical 6206224k(484304k free), swap 19837712k(6448064k free)

vm_info: OpenJDK 64-Bit Server VM (25.332-b08) for windows-amd64 JRE (1.8.0_332-b08), built on Apr 16 2022 08:31:02 by "Administrator" with MS VC++ 12.0 (VS2013)

time: Mon Jun 20 11:51:19 2022
timezone: South Sudan Standard Time
elapsed time: 423.734175 seconds (0d 0h 7m 3s)

