#
# A fatal error has been detected by the Java Runtime Environment:
#
#  SIGBUS (0x7) at pc=0x00007f5fcf815730, pid=22458, tid=0x00007f5fcffff640
#
# JRE version: OpenJDK Runtime Environment (8.0_332-b08) (build 1.8.0_332-b08)
# Java VM: OpenJDK 64-Bit Server VM (25.332-b08 mixed mode linux-amd64 compressed oops)
# Problematic frame:
# 
[error occurred during error reporting (printing problematic frame), id 0x7]

# Core dump written. Default location: /home/sun3k/Desktop/IdeaProjects/Sunrise8/run/core or core.22458
#
# If you would like to submit a bug report, please visit:
#   https://github.com/corretto/corretto-8/issues/
# The crash happened outside the Java Virtual Machine in native code.
# See problematic frame for where to report the bug.
#

---------------  T H R E A D  ---------------

Current thread (0x00007f60e51e8800):  JavaThread "DiscordRPC" [_thread_in_native, id=22845, stack(0x00007f5fcff00000,0x00007f5fd0000000)]

siginfo: si_signo: 7 (SIGBUS), si_code: 2 (BUS_ADRERR), si_addr: 0x00007f5fcf815730

Registers:
RAX=0x0000000000000000, RBX=0x0000000000000004, RCX=0x00007f60e4008700, RDX=0x00007f60eba3398c
RSP=0x00007f5fcfffdcd8, RBP=0x00007f5fcfffdce0, RSI=0x00007f60e51e8800, RDI=0x00007f60e51e8e00
R8 =0x0000000000000001, R9 =0x00007f60e41d3b7c, R10=0x00007f5fcfffdc30, R11=0x00007f5fcf815730
R12=0x00007f5fcfffde10, R13=0x00000000ad9df288, R14=0x00007f5fcfffe780, R15=0x00007f5fcfffde00
RIP=0x00007f5fcf815730, EFLAGS=0x0000000000010246, CSGSFS=0x002b000000000033, ERR=0x0000000000000014
  TRAPNO=0x000000000000000e

Top of Stack: (sp=0x00007f5fcfffdcd8)
0x00007f5fcfffdcd8:   00007f5fcfc13564 0000000000000000
0x00007f5fcfffdce8:   00007f5fcfffe730 00007f5fcfffddf0
0x00007f5fcfffdcf8:   00007f5fcfc132cb 00007f5fcfffe720
0x00007f5fcfffdd08:   00007f5fcfffe724 00007f5fcfffe6f0
0x00007f5fcfffdd18:   0000000000000000 00007f5fcfffdbf0
0x00007f5fcfffdd28:   00007f5fcfffe670 00000000cfffdd50
0x00007f5fcfffdd38:   00007f5fcfc0e540 00007f5fcf815730
0x00007f5fcfffdd48:   00007f5fcfffdc30 00007f5fcfffe730
0x00007f5fcfffdd58:   00007f5fcfffdca0 00007f5fcfffdc30
0x00007f5fcfffdd68:   00007f5fcfffe6b0 00000000cfffddf0
0x00007f5fcfffdd78:   0000000000000000 00007f5fcfffe740
0x00007f5fcfffdd88:   00007f5fcfffe744 00000000cfffddb0
0x00007f5fcfffdd98:   00007f5fcfffdce0 00007f5fcfffe740
0x00007f5fcfffdda8:   0000000000000004 00007f5fcfffde30
0x00007f5fcfffddb8:   00000000ad9df288 00007f5fcfffe780
0x00007f5fcfffddc8:   0000000000000004 00007f5fcfffde30
0x00007f5fcfffddd8:   00000000ad9df288 00007f5fcfffe780
0x00007f5fcfffdde8:   00007f60e51e8800 00007f5fcfffe720
0x00007f5fcfffddf8:   00007f5fcfc0c0f5 00007f5fcfffe760
0x00007f5fcfffde08:   00007f60e51e8800 00007f5fcfffde30
0x00007f5fcfffde18:   00007f60eb108961 0000000000000004
0x00007f5fcfffde28:   0000000000000000 00007f5fcfffe720
0x00007f5fcfffde38:   00007f5fcfc0bd90 00007f5fcfffe770
0x00007f5fcfffde48:   00007f5fcfffde20 00007f5fcfffe730
0x00007f5fcfffde58:   00007f5fcf815730 0000000000000000
0x00007f5fcfffde68:   00007f5fcfffde00 00007f5fcfc15fa0
0x00007f5fcfffde78:   00007f5fcfffde20 00000000cfffe780
0x00007f5fcfffde88:   00007f5fcfffde10 00007f60e51e8a58
0x00007f5fcfffde98:   00007f5fcfffe768 00000000e51e8e28
0x00007f5fcfffdea8:   00007f6000000000 00007f5fc8003590
0x00007f5fcfffdeb8:   9968ac8b29182200 00007f5fcfffe790
0x00007f5fcfffdec8:   00007f60e51e8e00 00007f5fcfffdf20 

Instructions: (pc=0x00007f5fcf815730)
0x00007f5fcf815710:   c9 21 00 48 8b 55 e8 48 89 02 e8 a1 e6 ff ff e8
0x00007f5fcf815720:   2c ff ff ff 48 83 c4 20 5d c3 66 0f 1f 44 00 00
0x00007f5fcf815730:   55 48 89 e5 48 81 ec a0 00 00 00 48 83 3d cd e3
0x00007f5fcf815740:   23 00 00 0f 85 05 00 00 00 e9 ef 03 00 00 48 8d 

Register to memory mapping:

RAX=0x0000000000000000 is an unknown value
RBX=0x0000000000000004 is an unknown value
RCX=0x00007f60e4008700 is an unknown value
RDX=0x00007f60eba3398c: <offset 0x103398c> in /home/sun3k/.jdks/corretto-1.8.0_332/jre/lib/amd64/server/libjvm.so at 0x00007f60eaa00000
RSP=0x00007f5fcfffdcd8 is pointing into the stack for thread: 0x00007f60e51e8800
RBP=0x00007f5fcfffdce0 is pointing into the stack for thread: 0x00007f60e51e8800
RSI=0x00007f60e51e8800 is a thread
RDI=0x00007f60e51e8e00 is an unknown value
R8 =0x0000000000000001 is an unknown value
R9 =0x00007f60e41d3b7c is an unknown value
R10=0x00007f5fcfffdc30 is pointing into the stack for thread: 0x00007f60e51e8800
R11=