#
# A fatal error has been detected by the Java Runtime Environment:
#
#  EXCEPTION_ACCESS_VIOLATION (0xc0000005) at pc=0x0000000000000000, pid=20236, tid=0x0000000000005068
#
# JRE version: OpenJDK Runtime Environment (8.0_332-b08) (build 1.8.0_332-b08)
# Java VM: OpenJDK 64-Bit Server VM (25.332-b08 mixed mode windows-amd64 compressed oops)
# Problematic frame:
# C  0x0000000000000000
#
# Failed to write core dump. Minidumps are not enabled by default on client versions of Windows
#
# If you would like to submit a bug report, please visit:
#   https://github.com/corretto/corretto-8/issues/
#

---------------  T H R E A D  ---------------

Current thread (0x000001f04eddf800):  VMThread [stack: 0x000000123f600000,0x000000123f700000] [id=20584]

siginfo: ExceptionCode=0xc0000005, ExceptionInformation=0x0000000000000008 0x0000000000000000

Registers:
RAX=0x0000000000000000, RBX=0x0000000000000000, RCX=0x0000000000000001, RDX=0x00007ffe8188f0b8
RSP=0x000000123f6ff288, RBP=0x000001f039e9af30, RSI=0x0000000000010000, RDI=0x0000000000000000
R8 =0x000000123e804000, R9 =0x000000000000001e, R10=0x0000000000000000, R11=0x000001f06a893c20
R12=0x00007ffe7d6fe810, R13=0x0000000000000082, R14=0x00007ffe7d620000, R15=0x0000000000000001
RIP=0x0000000000000000, EFLAGS=0x0000000000010202

Top of Stack: (sp=0x000000123f6ff288)
0x000000123f6ff288:   00007ffe81852f2c 0000000000000000
0x000000123f6ff298:   000001f039e9af30 0000000000000082
0x000000123f6ff2a8:   0000000000010000 0000000000000000
0x000000123f6ff2b8:   00007ffe8185406e 0000000000000000
0x000000123f6ff2c8:   000001f039e9af30 0000000000010000
0x000000123f6ff2d8:   000001f054e4dc38 0000000000000001
0x000000123f6ff2e8:   00007ffe7d626e2e 0000000000000000
0x000000123f6ff2f8:   0000000000000001 000000018004bb20
0x000000123f6ff308:   0000000000000000 0000000000000001
0x000000123f6ff318:   00007ffe7d627276 0000000000000000
0x000000123f6ff328:   000001f039e9af30 0000000000000001
0x000000123f6ff338:   0000000000000001 0000000000000000
0x000000123f6ff348:   00007ffe7d6fe94f 0000000000000001
0x000000123f6ff358:   0000000000000000 0000000000000000
0x000000123f6ff368:   000001f057a50b30 0000000100000001
0x000000123f6ff378:   000000018000ecac 000000018001c558 

Instructions: (pc=0x0000000000000000)
0xffffffffffffffe0:   


Register to memory mapping:

RAX=0x0000000000000000 is an unknown value
RBX=0x0000000000000000 is an unknown value
RCX=0x0000000000000001 is an unknown value
RDX=0x00007ffe8188f0b8 is an unknown value
RSP=0x000000123f6ff288 is an unknown value
RBP=0x000001f039e9af30 is an unknown value
RSI=0x0000000000010000 is an unknown value
RDI=0x0000000000000000 is an unknown value
R8 =0x000000123e804000 is an unknown value
R9 =0x000000000000001e is an unknown value
R10=0x0000000000000000 is an unknown value
R11=0x000001f06a893c20 is an unknown value
R12=0x00007ffe7d6fe810 is an unknown value
R13=0x0000000000000082 is an unknown value
R14=0x00007ffe7d620000 is an unknown value
R15=0x0000000000000001 is an unknown value


Stack: [0x000000123f600000,0x000000123f700000],  sp=0x000000123f6ff288,  free space=1020k
Native frames: (J=compiled Java code, j=interpreted, Vv=VM code, C=native code)

VM_Operation (0x000000123ebff010): Exit, mode: safepoint, requested by thread 0x000001f05141d800


---------------  P R O C E S S  ---------------

Java Threads: ( => current thread )
  0x000001f05141d800 JavaThread "SIGINT handler" daemon [_thread_blocked, id=6576, stack(0x000000123eb00000,0x000000123ec00000)]
  0x000001f051414800 JavaThread "pool-2-thread-1" [_thread_blocked, id=3012, stack(0x0000001240800000,0x0000001240900000)]
  0x000001f05141b800 JavaThread "Netty Client IO #6" daemon [_thread_blocked, id=18416, stack(0x0000001242600000,0x0000001242700000)]
  0x000001f051418000 JavaThread "Netty Client IO #5" daemon [_thread_blocked, id=21592, stack(0x0000001242900000,0x0000001242a00000)]
  0x000001f051417800 JavaThread "Netty Client IO #4" daemon [_thread_blocked, id=18336, stack(0x0000001242700000,0x0000001242800000)]
  0x000001f05141a800 JavaThread "Netty Client IO #3" daemon [_thread_blocked, id=14744, stack(0x0000001242500000,0x0000001242600000)]
  0x000001f051410800 JavaThread "Netty Client IO #2" daemon [_thread_blocked, id=21668, stack(0x0000001242400000,0x0000001242500000)]
  0x000001f051413800 JavaThread "Netty Client IO #1" daemon [_thread_blocked, id=18408, stack(0x0000001242300000,0x0000001242400000)]
  0x000001f051412800 JavaThread "Netty Client IO #0" daemon [_thread_blocked, id=21132, stack(0x0000001242200000,0x0000001242300000)]
  0x000001f051415000 JavaThread "Server Pinger #4" daemon [_thread_blocked, id=20100, stack(0x0000001242000000,0x0000001242100000)]
  0x000001f05140f800 JavaThread "Server Pinger #3" daemon [_thread_blocked, id=16260, stack(0x0000001241f00000,0x0000001242000000)]
  0x000001f051416800 JavaThread "Server Pinger #2" daemon [_thread_blocked, id=21716, stack(0x0000001241e00000,0x0000001241f00000)]
  0x000001f051411000 JavaThread "Server Pinger #1" daemon [_thread_blocked, id=18692, stack(0x0000001241d00000,0x0000001241e00000)]
  0x000001f0557a4800 JavaThread "Thread-13" daemon [_thread_in_native, id=2848, stack(0x0000001241c00000,0x0000001241d00000)]
  0x000001f0557a7800 JavaThread "Server Pinger #0" daemon [_thread_blocked, id=15180, stack(0x0000001241b00000,0x0000001241c00000)]
  0x000001f0557a3000 JavaThread "Thread-12" [_thread_blocked, id=19652, stack(0x0000001241600000,0x0000001241700000)]
  0x000001f0557a6000 JavaThread "Thread-11" [_thread_blocked, id=21296, stack(0x0000001241400000,0x0000001241500000)]
  0x000001f0557a1800 JavaThread "Chunk Batcher 1" daemon [_thread_blocked, id=5488, stack(0x0000001241800000,0x0000001241900000)]
  0x000001f0557a7000 JavaThread "Chunk Batcher 0" daemon [_thread_blocked, id=19436, stack(0x0000001241200000,0x0000001241300000)]
  0x000001f0592ae800 JavaThread "LWJGL Timer" daemon [_thread_blocked, id=3684, stack(0x0000001240c00000,0x0000001240d00000)]
  0x000001f0520cc000 JavaThread "Java2D Disposer" daemon [_thread_blocked, id=22408, stack(0x0000001240700000,0x0000001240800000)]
  0x000001f052440800 JavaThread "Timer hack thread" daemon [_thread_blocked, id=1124, stack(0x0000001240600000,0x0000001240700000)]
  0x000001f054cc0800 JavaThread "Snooper Timer" daemon [_thread_blocked, id=21980, stack(0x0000001240500000,0x0000001240600000)]
  0x000001f054cbd800 JavaThread "Snooper Timer" daemon [_thread_blocked, id=18948, stack(0x0000001240400000,0x0000001240500000)]
  0x000001f050d53000 JavaThread "Service Thread" daemon [_thread_blocked, id=3312, stack(0x0000001240200000,0x0000001240300000)]
  0x000001f04ee99000 JavaThread "C1 CompilerThread3" daemon [_thread_blocked, id=11480, stack(0x0000001240100000,0x0000001240200000)]
  0x000001f04ee85800 JavaThread "C2 CompilerThread2" daemon [_thread_blocked, id=5444, stack(0x0000001240000000,0x0000001240100000)]
  0x000001f04ee8a800 JavaThread "C2 CompilerThread1" daemon [_thread_blocked, id=20320, stack(0x000000123ff00000,0x0000001240000000)]
  0x000001f050cc3800 JavaThread "C2 CompilerThread0" daemon [_thread_blocked, id=6632, stack(0x000000123fe00000,0x000000123ff00000)]
  0x000001f04ee6d000 JavaThread "JDWP Event Helper Thread" daemon [_thread_blocked, id=1436, stack(0x000000123fc00000,0x000000123fd00000)]
  0x000001f04ee3e000 JavaThread "Attach Listener" daemon [_thread_blocked, id=10900, stack(0x000000123fa00000,0x000000123fb00000)]
  0x000001f04ee3d800 JavaThread "Signal Dispatcher" daemon [_thread_blocked, id=18440, stack(0x000000123f900000,0x000000123fa00000)]
  0x000001f04ee17800 JavaThread "Finalizer" daemon [_thread_blocked, id=21180, stack(0x000000123f800000,0x000000123f900000)]
  0x000001f04ee10800 JavaThread "Reference Handler" daemon [_thread_blocked, id=16680, stack(0x000000123f700000,0x000000123f800000)]
  0x000001f039e76000 JavaThread "Client thread" [_thread_blocked, id=19712, stack(0x000000123ed00000,0x000000123ee00000)]

Other Threads:
=>0x000001f04eddf800 VMThread [stack: 0x000000123f600000,0x000000123f700000] [id=20584]

VM state:at safepoint (shutting down)

VM Mutex/Monitor currently owned by a thread:  ([mutex/lock_event])
[0x000001f039e743f0] Threads_lock - owner thread: 0x000001f04eddf800

heap address: 0x00000000a1400000, size: 1516 MB, Compressed Oops mode: 32-bit
Narrow klass base: 0x0000000000000000, Narrow klass shift: 3
Compressed class space size: 1073741824 Address: 0x0000000100000000

Heap:
 PSYoungGen      total 416768K, used 221763K [0x00000000e0700000, 0x00000000ffb00000, 0x0000000100000000)
  eden space 326656K, 50% used [0x00000000e0700000,0x00000000ea7ed308,0x00000000f4600000)
  from space 90112K, 63% used [0x00000000fa300000,0x00000000fdaa3a80,0x00000000ffb00000)
  to   space 92672K, 0% used [0x00000000f4600000,0x00000000f4600000,0x00000000fa080000)
 ParOldGen       total 265216K, used 218533K [0x00000000a1400000, 0x00000000b1700000, 0x00000000e0700000)
  object space 265216K, 82% used [0x00000000a1400000,0x00000000ae969778,0x00000000b1700000)
 Metaspace       used 51984K, capacity 52403K, committed 52992K, reserved 1095680K
  class space    used 6244K, capacity 6360K, committed 6400K, reserved 1048576K

Card table byte_map: [0x000001f04ac40000,0x000001f04af40000] byte_map_base: 0x000001f04a736000

Marking Bits: (ParMarkBitMap*) 0x0000000064027850
 Begin Bits: [0x000001f04b140000, 0x000001f04c8f0000)
 End Bits:   [0x000001f04c8f0000, 0x000001f04e0a0000)

Polling page: 0x000001f039ff0000

CodeCache: size=245760Kb used=33364Kb max_used=33375Kb free=212395Kb
 bounds [0x000001f03b880000, 0x000001f03d970000, 0x000001f04a880000]
 total_blobs=8841 nmethods=7943 adapters=818
 compilation: enabled

Compilation events (10 events):
Event: 126.632 Thread 0x000001f04ee99000 10886       3       net.minecraft.item.ItemStack::updateAnimation (31 bytes)
Event: 126.634 Thread 0x000001f04ee99000 nmethod 10886 0x000001f03d11bb90 code [0x000001f03d11bd20, 0x000001f03d11c2a0]
Event: 127.322 Thread 0x000001f04ee99000 10887       3       java.util.logging.LogManager$LoggerContext::getRootLogger (8 bytes)
Event: 127.322 Thread 0x000001f04ee99000 nmethod 10887 0x000001f03d11b750 code [0x000001f03d11b8a0, 0x000001f03d11bab8]
Event: 127.322 Thread 0x000001f04ee99000 10888       3       java.util.logging.LogManager$LoggerContext::getGlobalLogger (6 bytes)
Event: 127.323 Thread 0x000001f04ee99000 nmethod 10888 0x000001f03d11b410 code [0x000001f03d11b560, 0x000001f03d11b6b8]
Event: 127.329 Thread 0x000001f04ee99000 10889       3       org.apache.logging.log4j.core.helpers.NameUtil::getSubName (32 bytes)
Event: 127.330 Thread 0x000001f04ee99000 nmethod 10889 0x000001f03d1e2d10 code [0x000001f03d1e2ea0, 0x000001f03d1e3440]
Event: 127.330 Thread 0x000001f04ee99000 10890       1       org.apache.logging.log4j.core.config.LoggerConfig::getLevel (5 bytes)
Event: 127.330 Thread 0x000001f04ee99000 nmethod 10890 0x000001f03d11b150 code [0x000001f03d11b2a0, 0x000001f03d11b3b8]

GC Heap History (10 events):
Event: 106.894 GC heap before
{Heap before GC invocations=40 (full 6):
 PSYoungGen      total 406528K, used 359960K [0x00000000e0700000, 0x0000000100000000, 0x0000000100000000)
  eden space 303104K, 100% used [0x00000000e0700000,0x00000000f2f00000,0x00000000f2f00000)
  from space 103424K, 54% used [0x00000000f2f00000,0x00000000f6686278,0x00000000f9400000)
  to   space 101376K, 0% used [0x00000000f9d00000,0x00000000f9d00000,0x0000000100000000)
 ParOldGen       total 265216K, used 218525K [0x00000000a1400000, 0x00000000b1700000, 0x00000000e0700000)
  object space 265216K, 82% used [0x00000000a1400000,0x00000000ae967778,0x00000000b1700000)
 Metaspace       used 51871K, capacity 52321K, committed 52992K, reserved 1095680K
  class space    used 6240K, capacity 6357K, committed 6400K, reserved 1048576K
Event: 106.931 GC heap after
Heap after GC invocations=40 (full 6):
 PSYoungGen      total 407552K, used 57397K [0x00000000e0700000, 0x00000000ffa00000, 0x0000000100000000)
  eden space 312320K, 0% used [0x00000000e0700000,0x00000000e0700000,0x00000000f3800000)
  from space 95232K, 60% used [0x00000000f9d00000,0x00000000fd50d780,0x00000000ffa00000)
  to   space 99328K, 0% used [0x00000000f3800000,0x00000000f3800000,0x00000000f9900000)
 ParOldGen       total 265216K, used 218525K [0x00000000a1400000, 0x00000000b1700000, 0x00000000e0700000)
  object space 265216K, 82% used [0x00000000a1400000,0x00000000ae967778,0x00000000b1700000)
 Metaspace       used 51871K, capacity 52321K, committed 52992K, reserved 1095680K
  class space    used 6240K, capacity 6357K, committed 6400K, reserved 1048576K
}
Event: 110.645 GC heap before
{Heap before GC invocations=41 (full 6):
 PSYoungGen      total 407552K, used 369717K [0x00000000e0700000, 0x00000000ffa00000, 0x0000000100000000)
  eden space 312320K, 100% used [0x00000000e0700000,0x00000000f3800000,0x00000000f3800000)
  from space 95232K, 60% used [0x00000000f9d00000,0x00000000fd50d780,0x00000000ffa00000)
  to   space 99328K, 0% used [0x00000000f3800000,0x00000000f3800000,0x00000000f9900000)
 ParOldGen       total 265216K, used 218525K [0x00000000a1400000, 0x00000000b1700000, 0x00000000e0700000)
  object space 265216K, 82% used [0x00000000a1400000,0x00000000ae967778,0x00000000b1700000)
 Metaspace       used 51891K, capacity 52321K, committed 52992K, reserved 1095680K
  class space    used 6240K, capacity 6357K, committed 6400K, reserved 1048576K
Event: 110.678 GC heap after
Heap after GC invocations=41 (full 6):
 PSYoungGen      total 411648K, used 57936K [0x00000000e0700000, 0x0000000100000000, 0x0000000100000000)
  eden space 312320K, 0% used [0x00000000e0700000,0x00000000e0700000,0x00000000f3800000)
  from space 99328K, 58% used [0x00000000f3800000,0x00000000f7094018,0x00000000f9900000)
  to   space 97792K, 0% used [0x00000000fa080000,0x00000000fa080000,0x0000000100000000)
 ParOldGen       total 265216K, used 218533K [0x00000000a1400000, 0x00000000b1700000, 0x00000000e0700000)
  object space 265216K, 82% used [0x00000000a1400000,0x00000000ae969778,0x00000000b1700000)
 Metaspace       used 51891K, capacity 52321K, committed 52992K, reserved 1095680K
  class space    used 6240K, capacity 6357K, committed 6400K, reserved 1048576K
}
Event: 114.850 GC heap before
{Heap before GC invocations=42 (full 6):
 PSYoungGen      total 411648K, used 370256K [0x00000000e0700000, 0x0000000100000000, 0x0000000100000000)
  eden space 312320K, 100% used [0x00000000e0700000,0x00000000f3800000,0x00000000f3800000)
  from space 99328K, 58% used [0x00000000f3800000,0x00000000f7094018,0x00000000f9900000)
  to   space 97792K, 0% used [0x00000000fa080000,0x00000000fa080000,0x0000000100000000)
 ParOldGen       total 265216K, used 218533K [0x00000000a1400000, 0x00000000b1700000, 0x00000000e0700000)
  object space 265216K, 82% used [0x00000000a1400000,0x00000000ae969778,0x00000000b1700000)
 Metaspace       used 51938K, capacity 52391K, committed 52992K, reserved 1095680K
  class space    used 6242K, capacity 6358K, committed 6400K, reserved 1048576K
Event: 114.904 GC heap after
Heap after GC invocations=42 (full 6):
 PSYoungGen      total 411136K, used 56828K [0x00000000e0700000, 0x00000000ff980000, 0x0000000100000000)
  eden space 320000K, 0% used [0x00000000e0700000,0x00000000e0700000,0x00000000f3f80000)
  from space 91136K, 62% used [0x00000000fa080000,0x00000000fd7ff180,0x00000000ff980000)
  to   space 95232K, 0% used [0x00000000f3f80000,0x00000000f3f80000,0x00000000f9c80000)
 ParOldGen       total 265216K, used 218533K [0x00000000a1400000, 0x00000000b1700000, 0x00000000e0700000)
  object space 265216K, 82% used [0x00000000a1400000,0x00000000ae969778,0x00000000b1700000)
 Metaspace       used 51938K, capacity 52391K, committed 52992K, reserved 1095680K
  class space    used 6242K, capacity 6358K, committed 6400K, reserved 1048576K
}
Event: 119.952 GC heap before
{Heap before GC invocations=43 (full 6):
 PSYoungGen      total 411136K, used 376828K [0x00000000e0700000, 0x00000000ff980000, 0x0000000100000000)
  eden space 320000K, 100% used [0x00000000e0700000,0x00000000f3f80000,0x00000000f3f80000)
  from space 91136K, 62% used [0x00000000fa080000,0x00000000fd7ff180,0x00000000ff980000)
  to   space 95232K, 0% used [0x00000000f3f80000,0x00000000f3f80000,0x00000000f9c80000)
 ParOldGen       total 265216K, used 218533K [0x00000000a1400000, 0x00000000b1700000, 0x00000000e0700000)
  object space 265216K, 82% used [0x00000000a1400000,0x00000000ae969778,0x00000000b1700000)
 Metaspace       used 51954K, capacity 52397K, committed 52992K, reserved 1095680K
  class space    used 6242K, capacity 6359K, committed 6400K, reserved 1048576K
Event: 119.984 GC heap after
Heap after GC invocations=43 (full 6):
 PSYoungGen      total 415232K, used 62490K [0x00000000e0700000, 0x0000000100000000, 0x0000000100000000)
  eden space 320000K, 0% used [0x00000000e0700000,0x00000000e0700000,0x00000000f3f80000)
  from space 95232K, 65% used [0x00000000f3f80000,0x00000000f7c86990,0x00000000f9c80000)
  to   space 95232K, 0% used [0x00000000fa300000,0x00000000fa300000,0x0000000100000000)
 ParOldGen       total 265216K, used 218533K [0x00000000a1400000, 0x00000000b1700000, 0x00000000e0700000)
  object space 265216K, 82% used [0x00000000a1400000,0x00000000ae969778,0x00000000b1700000)
 Metaspace       used 51954K, capacity 52397K, committed 52992K, reserved 1095680K
  class space    used 6242K, capacity 6359K, committed 6400K, reserved 1048576K
}
Event: 124.460 GC heap before
{Heap before GC invocations=44 (full 6):
 PSYoungGen      total 415232K, used 382490K [0x00000000e0700000, 0x0000000100000000, 0x0000000100000000)
  eden space 320000K, 100% used [0x00000000e0700000,0x00000000f3f80000,0x00000000f3f80000)
  from space 95232K, 65% used [0x00000000f3f80000,0x00000000f7c86990,0x00000000f9c80000)
  to   space 95232K, 0% used [0x00000000fa300000,0x00000000fa300000,0x0000000100000000)
 ParOldGen       total 265216K, used 218533K [0x00000000a1400000, 0x00000000b1700000, 0x00000000e0700000)
  object space 265216K, 82% used [0x00000000a1400000,0x00000000ae969778,0x00000000b1700000)
 Metaspace       used 51970K, capacity 52403K, committed 52992K, reserved 1095680K
  class space    used 6243K, capacity 6360K, committed 6400K, reserved 1048576K
Event: 124.510 GC heap after
Heap after GC invocations=44 (full 6):
 PSYoungGen      total 416768K, used 56974K [0x00000000e0700000, 0x00000000ffb00000, 0x0000000100000000)
  eden space 326656K, 0% used [0x00000000e0700000,0x00000000e0700000,0x00000000f4600000)
  from space 90112K, 63% used [0x00000000fa300000,0x00000000fdaa3a80,0x00000000ffb00000)
  to   space 92672K, 0% used [0x00000000f4600000,0x00000000f4600000,0x00000000fa080000)
 ParOldGen       total 265216K, used 218533K [0x00000000a1400000, 0x00000000b1700000, 0x00000000e0700000)
  object space 265216K, 82% used [0x00000000a1400000,0x00000000ae969778,0x00000000b1700000)
 Metaspace       used 51970K, capacity 52403K, committed 52992K, reserved 1095680K
  class space    used 6243K, capacity 6360K, committed 6400K, reserved 1048576K
}

Deoptimization events (10 events):
Event: 116.718 Thread 0x000001f039e76000 Uncommon trap: reason=unstable_if action=reinterpret pc=0x000001f03d6a5340 method=net.minecraft.client.renderer.RenderGlobal.getRenderChunkOffset(Lnet/minecraft/util/BlockPos;Lnet/minecraft/client/renderer/chunk/RenderChunk;Lnet/minecraft/util/EnumFacing;
Event: 116.738 Thread 0x000001f039e76000 Uncommon trap: reason=unstable_if action=reinterpret pc=0x000001f03d46dfa8 method=net.minecraft.client.renderer.RenderGlobal.getRenderChunkOffset(Lnet/minecraft/util/BlockPos;Lnet/minecraft/client/renderer/chunk/RenderChunk;Lnet/minecraft/util/EnumFacing;
Event: 116.753 Thread 0x000001f039e76000 Uncommon trap: reason=unstable_if action=reinterpret pc=0x000001f03d444024 method=net.minecraft.client.renderer.RenderGlobal.getRenderChunkOffset(Lnet/minecraft/util/BlockPos;Lnet/minecraft/client/renderer/chunk/RenderChunk;Lnet/minecraft/util/EnumFacing;
Event: 116.789 Thread 0x000001f039e76000 Uncommon trap: reason=unstable_if action=reinterpret pc=0x000001f03d413ea0 method=net.minecraft.client.renderer.RenderGlobal.getRenderChunkOffset(Lnet/minecraft/util/BlockPos;Lnet/minecraft/client/renderer/chunk/RenderChunk;Lnet/minecraft/util/EnumFacing;
Event: 117.998 Thread 0x000001f039e76000 Uncommon trap: reason=unstable_if action=reinterpret pc=0x000001f03c8e6848 method=net.minecraft.client.multiplayer.WorldClient.updateBlocks()V @ 66
Event: 122.467 Thread 0x000001f039e76000 Uncommon trap: reason=unstable_if action=reinterpret pc=0x000001f03d3ccd18 method=net.minecraft.entity.EntityLivingBase.moveEntityWithHeading(FF)V @ 456
Event: 127.336 Thread 0x000001f051417800 Uncommon trap: reason=class_check action=maybe_recompile pc=0x000001f03d03df30 method=org.apache.logging.log4j.core.Logger$PrivateConfig.filter(Lorg/apache/logging/log4j/Level;Lorg/apache/logging/log4j/Marker;Ljava/lang/String;)Z @ 4
Event: 127.336 Thread 0x000001f051417800 Uncommon trap: reason=class_check action=maybe_recompile pc=0x000001f03d03df30 method=org.apache.logging.log4j.core.Logger$PrivateConfig.filter(Lorg/apache/logging/log4j/Level;Lorg/apache/logging/log4j/Marker;Ljava/lang/String;)Z @ 4
Event: 127.336 Thread 0x000001f051417800 Uncommon trap: reason=class_check action=maybe_recompile pc=0x000001f03d03df30 method=org.apache.logging.log4j.core.Logger$PrivateConfig.filter(Lorg/apache/logging/log4j/Level;Lorg/apache/logging/log4j/Marker;Ljava/lang/String;)Z @ 4
Event: 127.336 Thread 0x000001f051417800 Uncommon trap: reason=class_check action=maybe_recompile pc=0x000001f03d03df30 method=org.apache.logging.log4j.core.Logger$PrivateConfig.filter(Lorg/apache/logging/log4j/Level;Lorg/apache/logging/log4j/Marker;Ljava/lang/String;)Z @ 4

Classes redefined (0 events):
No events

Internal exceptions (10 events):
Event: 127.140 Thread 0x000001f0557a6000 Exception <a 'java/lang/InterruptedException': sleep interrupted> (0x00000000e76ae328) thrown at [C:\wsjdk\Corretto8Src\installers\windows\zip\corretto-build\buildRoot\src\hotspot\src\share\vm\prims\jvm.cpp, line 3384]
Event: 127.167 Thread 0x000001f0557a6000 Exception <a 'java/lang/InterruptedException': sleep interrupted> (0x00000000e76ae5d0) thrown at [C:\wsjdk\Corretto8Src\installers\windows\zip\corretto-build\buildRoot\src\hotspot\src\share\vm\prims\jvm.cpp, line 3384]
Event: 127.187 Thread 0x000001f0557a6000 Exception <a 'java/lang/InterruptedException': sleep interrupted> (0x00000000e76ae878) thrown at [C:\wsjdk\Corretto8Src\installers\windows\zip\corretto-build\buildRoot\src\hotspot\src\share\vm\prims\jvm.cpp, line 3384]
Event: 127.213 Thread 0x000001f0557a6000 Exception <a 'java/lang/InterruptedException': sleep interrupted> (0x00000000e76aeb20) thrown at [C:\wsjdk\Corretto8Src\installers\windows\zip\corretto-build\buildRoot\src\hotspot\src\share\vm\prims\jvm.cpp, line 3384]
Event: 127.232 Thread 0x000001f0557a6000 Exception <a 'java/lang/InterruptedException': sleep interrupted> (0x00000000e76aedc8) thrown at [C:\wsjdk\Corretto8Src\installers\windows\zip\corretto-build\buildRoot\src\hotspot\src\share\vm\prims\jvm.cpp, line 3384]
Event: 127.253 Thread 0x000001f0557a6000 Exception <a 'java/lang/InterruptedException': sleep interrupted> (0x00000000e76af070) thrown at [C:\wsjdk\Corretto8Src\installers\windows\zip\corretto-build\buildRoot\src\hotspot\src\share\vm\prims\jvm.cpp, line 3384]
Event: 127.276 Thread 0x000001f0557a6000 Exception <a 'java/lang/InterruptedException': sleep interrupted> (0x00000000e76af318) thrown at [C:\wsjdk\Corretto8Src\installers\windows\zip\corretto-build\buildRoot\src\hotspot\src\share\vm\prims\jvm.cpp, line 3384]
Event: 127.292 Thread 0x000001f0557a6000 Exception <a 'java/lang/InterruptedException': sleep interrupted> (0x00000000e76af5c0) thrown at [C:\wsjdk\Corretto8Src\installers\windows\zip\corretto-build\buildRoot\src\hotspot\src\share\vm\prims\jvm.cpp, line 3384]
Event: 127.314 Thread 0x000001f0557a6000 Exception <a 'java/lang/InterruptedException': sleep interrupted> (0x00000000e76af868) thrown at [C:\wsjdk\Corretto8Src\installers\windows\zip\corretto-build\buildRoot\src\hotspot\src\share\vm\prims\jvm.cpp, line 3384]
Event: 127.333 Thread 0x000001f0557a6000 Exception <a 'java/lang/InterruptedException': sleep interrupted> (0x00000000e76afb10) thrown at [C:\wsjdk\Corretto8Src\installers\windows\zip\corretto-build\buildRoot\src\hotspot\src\share\vm\prims\jvm.cpp, line 3384]

Events (10 events):
Event: 127.336 Thread 0x000001f051417800 DEOPT PACKING pc=0x000001f03d4882c0 sp=0x00000012427fe740
Event: 127.336 Thread 0x000001f051417800 DEOPT UNPACKING pc=0x000001f03b8c71d8 sp=0x00000012427fe3d8 mode 1
Event: 127.336 Thread 0x000001f051417800 Uncommon trap: trap_request=0xffffffde fr.pc=0x000001f03d03df30
Event: 127.336 Thread 0x000001f051417800 DEOPT PACKING pc=0x000001f03d03df30 sp=0x00000012427fe800
Event: 127.336 Thread 0x000001f051417800 DEOPT UNPACKING pc=0x000001f03b8c5583 sp=0x00000012427fe6b8 mode 2
Event: 127.336 Thread 0x000001f051417800 DEOPT PACKING pc=0x000001f03d68022c sp=0x00000012427fe610
Event: 127.336 Thread 0x000001f051417800 DEOPT UNPACKING pc=0x000001f03b8c71d8 sp=0x00000012427fe3c8 mode 1
Event: 127.336 Thread 0x000001f051417800 DEOPT PACKING pc=0x000001f03c424dec sp=0x00000012427fe700
Event: 127.336 Executing VM operation: Exit
Event: 127.336 Thread 0x000001f051417800 DEOPT UNPACKING pc=0x000001f03b8c71d8 sp=0x00000012427fe3c0 mode 1


Dynamic libraries:
0x00007ff6fdee0000 - 0x00007ff6fdf1a000 	C:\Users\Sun3k\.jdks\corretto-1.8.0_332\bin\java.exe
0x00007ffeb6950000 - 0x00007ffeb6b47000 	C:\Windows\SYSTEM32\ntdll.dll
0x00007ffeb49b0000 - 0x00007ffeb4a6d000 	C:\Windows\System32\KERNEL32.DLL
0x00007ffeb4480000 - 0x00007ffeb474d000 	C:\Windows\System32\KERNELBASE.dll
0x00007ffeb5160000 - 0x00007ffeb520e000 	C:\Windows\System32\ADVAPI32.dll
0x00007ffeb62b0000 - 0x00007ffeb634e000 	C:\Windows\System32\msvcrt.dll
0x00007ffeb5f70000 - 0x00007ffeb600c000 	C:\Windows\System32\sechost.dll
0x00007ffeb5210000 - 0x00007ffeb5335000 	C:\Windows\System32\RPCRT4.dll
0x00007ffeb53a0000 - 0x00007ffeb5540000 	C:\Windows\System32\USER32.dll
0x00007ffeb4950000 - 0x00007ffeb4972000 	C:\Windows\System32\win32u.dll
0x00007ffeb61d0000 - 0x00007ffeb61fa000 	C:\Windows\System32\GDI32.dll
0x00007ffeb4220000 - 0x00007ffeb432b000 	C:\Windows\System32\gdi32full.dll
0x00007ffeb43e0000 - 0x00007ffeb447d000 	C:\Windows\System32\msvcp_win.dll
0x00007ffeb47e0000 - 0x00007ffeb48e0000 	C:\Windows\System32\ucrtbase.dll
0x00007ffe9dfe0000 - 0x00007ffe9e27a000 	C:\Windows\WinSxS\amd64_microsoft.windows.common-controls_6595b64144ccf1df_6.0.19041.1110_none_60b5254171f9507e\COMCTL32.dll
0x00007ffeb55a0000 - 0x00007ffeb55d0000 	C:\Windows\System32\IMM32.DLL
0x00007ffeabda0000 - 0x00007ffeabe8f000 	C:\Users\Sun3k\.jdks\corretto-1.8.0_332\jre\bin\msvcr120.dll
0x00007ffe96e30000 - 0x00007ffe96ed6000 	C:\Users\Sun3k\.jdks\corretto-1.8.0_332\jre\bin\msvcp120.dll
0x0000000063830000 - 0x00000000640a6000 	C:\Users\Sun3k\.jdks\corretto-1.8.0_332\jre\bin\server\jvm.dll
0x00007ffeb61c0000 - 0x00007ffeb61c8000 	C:\Windows\System32\PSAPI.DLL
0x00007ffeab0b0000 - 0x00007ffeab0d7000 	C:\Windows\SYSTEM32\WINMM.dll
0x00007ffead3a0000 - 0x00007ffead3aa000 	C:\Windows\SYSTEM32\VERSION.dll
0x00007ffe9d810000 - 0x00007ffe9d819000 	C:\Windows\SYSTEM32\WSOCK32.dll
0x00007ffeb5060000 - 0x00007ffeb50cb000 	C:\Windows\System32\WS2_32.dll
0x00007ffeafd00000 - 0x00007ffeafd0f000 	C:\Users\Sun3k\.jdks\corretto-1.8.0_332\jre\bin\verify.dll
0x00007ffeafcb0000 - 0x00007ffeafcd9000 	C:\Users\Sun3k\.jdks\corretto-1.8.0_332\jre\bin\java.dll
0x00007ffe96f70000 - 0x00007ffe96fa5000 	C:\Users\Sun3k\.jdks\corretto-1.8.0_332\jre\bin\jdwp.dll
0x00007ffeafc50000 - 0x00007ffeafc58000 	C:\Users\Sun3k\.jdks\corretto-1.8.0_332\jre\bin\npt.dll
0x00007ffe96f40000 - 0x00007ffe96f6a000 	C:\Users\Sun3k\.jdks\corretto-1.8.0_332\jre\bin\instrument.dll
0x00007ffeaea10000 - 0x00007ffeaea26000 	C:\Users\Sun3k\.jdks\corretto-1.8.0_332\jre\bin\zip.dll
0x00007ffeb57b0000 - 0x00007ffeb5ef4000 	C:\Windows\System32\SHELL32.dll
0x00007ffeb2170000 - 0x00007ffeb2904000 	C:\Windows\SYSTEM32\windows.storage.dll
0x00007ffeb4a70000 - 0x00007ffeb4dc4000 	C:\Windows\System32\combase.dll
0x00007ffeb3ad0000 - 0x00007ffeb3afc000 	C:\Windows\SYSTEM32\Wldp.dll
0x00007ffeb6200000 - 0x00007ffeb62ad000 	C:\Windows\System32\SHCORE.dll
0x00007ffeb5540000 - 0x00007ffeb5595000 	C:\Windows\System32\shlwapi.dll
0x00007ffeb3fb0000 - 0x00007ffeb3fcf000 	C:\Windows\SYSTEM32\profapi.dll
0x00007ffeafc40000 - 0x00007ffeafc49000 	C:\Users\Sun3k\.jdks\corretto-1.8.0_332\jre\bin\dt_socket.dll
0x00007ffeb3830000 - 0x00007ffeb389a000 	C:\Windows\system32\mswsock.dll
0x00007ffeafcf0000 - 0x00007ffeafcfd000 	C:\Users\Sun3k\.jdks\corretto-1.8.0_332\jre\bin\management.dll
0x00007ffeae6c0000 - 0x00007ffeae6da000 	C:\Users\Sun3k\.jdks\corretto-1.8.0_332\jre\bin\net.dll
0x00007ffeae6a0000 - 0x00007ffeae6b2000 	C:\Users\Sun3k\.jdks\corretto-1.8.0_332\jre\bin\nio.dll
0x00007ffeb3a20000 - 0x00007ffeb3a38000 	C:\Windows\SYSTEM32\CRYPTSP.dll
0x00007ffeb3140000 - 0x00007ffeb3174000 	C:\Windows\system32\rsaenh.dll
0x00007ffeb4980000 - 0x00007ffeb49a7000 	C:\Windows\System32\bcrypt.dll
0x00007ffeb3f30000 - 0x00007ffeb3f5e000 	C:\Windows\SYSTEM32\USERENV.dll
0x00007ffeb4750000 - 0x00007ffeb47d2000 	C:\Windows\System32\bcryptprimitives.dll
0x00007ffeb3a40000 - 0x00007ffeb3a4c000 	C:\Windows\SYSTEM32\CRYPTBASE.dll
0x00007ffeb34b0000 - 0x00007ffeb34eb000 	C:\Windows\SYSTEM32\IPHLPAPI.DLL
0x00007ffeb5f60000 - 0x00007ffeb5f68000 	C:\Windows\System32\NSI.dll
0x00007ffea8bc0000 - 0x00007ffea8bd7000 	C:\Windows\SYSTEM32\dhcpcsvc6.DLL
0x00007ffeab020000 - 0x00007ffeab03d000 	C:\Windows\SYSTEM32\dhcpcsvc.DLL
0x00007ffeb34f0000 - 0x00007ffeb35bb000 	C:\Windows\SYSTEM32\DNSAPI.dll
0x00007ffeafc20000 - 0x00007ffeafc2a000 	C:\Users\Sun3k\AppData\Local\Temp\jansi-64-7544373730271523308.dll
0x00007ffe77a30000 - 0x00007ffe77a47000 	C:\Windows\system32\napinsp.dll
0x00007ffe629d0000 - 0x00007ffe629eb000 	C:\Windows\system32\pnrpnsp.dll
0x00007ffeaee60000 - 0x00007ffeaee75000 	C:\Windows\system32\wshbth.dll
0x00007ffeafbb0000 - 0x00007ffeafbcd000 	C:\Windows\system32\NLAapi.dll
0x00007ffe629b0000 - 0x00007ffe629c2000 	C:\Windows\System32\winrnr.dll
0x00007ffea8160000 - 0x00007ffea816a000 	C:\Windows\System32\rasadhlp.dll
0x00007ffea7d30000 - 0x00007ffea7db0000 	C:\Windows\System32\fwpuclnt.dll
0x00007ffeae670000 - 0x00007ffeae693000 	C:\Users\Sun3k\.jdks\corretto-1.8.0_332\jre\bin\sunec.dll
0x00007ffeafc80000 - 0x00007ffeafc8c000 	C:\Users\Sun3k\.jdks\corretto-1.8.0_332\jre\bin\sunmscapi.dll
0x00007ffeb4070000 - 0x00007ffeb41c6000 	C:\Windows\System32\CRYPT32.dll
0x00007ffeb3b40000 - 0x00007ffeb3b67000 	C:\Windows\SYSTEM32\ncrypt.dll
0x00007ffeb3b00000 - 0x00007ffeb3b3b000 	C:\Windows\SYSTEM32\NTASN1.dll
0x0000000180000000 - 0x0000000180053000 	C:\Users\Sun3k\.gradle\caches\minecraft\net\minecraft\natives\1.8.9\lwjgl64.dll
0x00007ffe7d620000 - 0x00007ffe7d746000 	C:\Windows\SYSTEM32\OPENGL32.dll
0x00007ffe7d5f0000 - 0x00007ffe7d61c000 	C:\Windows\SYSTEM32\GLU32.dll
0x00007ffe54d10000 - 0x00007ffe54ea5000 	C:\Users\Sun3k\.jdks\corretto-1.8.0_332\jre\bin\awt.dll
0x00007ffeb60f0000 - 0x00007ffeb61bd000 	C:\Windows\System32\OLEAUT32.dll
0x00007ffeb18b0000 - 0x00007ffeb1940000 	C:\Windows\SYSTEM32\apphelp.dll
0x00007ffeaeb70000 - 0x00007ffeaec1e000 	C:\Windows\SYSTEM32\mscms.dll
0x00007ffeaeb50000 - 0x00007ffeaeb61000 	C:\Windows\SYSTEM32\ColorAdapterClient.dll
0x00007ffeb1f70000 - 0x00007ffeb1f82000 	C:\Windows\SYSTEM32\kernel.appcore.dll
0x00007ffeb55d0000 - 0x00007ffeb5679000 	C:\Windows\System32\clbcatq.dll
0x00007ffeac730000 - 0x00007ffeac773000 	C:\Windows\System32\Windows.Internal.Graphics.Display.DisplayColorManagement.dll
0x00007ffeb41d0000 - 0x00007ffeb421e000 	C:\Windows\System32\cfgmgr32.dll
0x00007ffeb1a70000 - 0x00007ffeb1b0e000 	C:\Windows\system32\uxtheme.dll
0x00007ffeb5690000 - 0x00007ffeb57a5000 	C:\Windows\System32\MSCTF.dll
0x00007ffea19f0000 - 0x00007ffea1ae9000 	C:\Windows\SYSTEM32\textinputframework.dll
0x00007ffeb15a0000 - 0x00007ffeb1692000 	C:\Windows\System32\CoreMessaging.dll
0x00007ffeb0ec0000 - 0x00007ffeb121e000 	C:\Windows\System32\CoreUIComponents.dll
0x00007ffeb2d70000 - 0x00007ffeb2da3000 	C:\Windows\SYSTEM32\ntmarta.dll
0x00007ffeafee0000 - 0x00007ffeb0034000 	C:\Windows\SYSTEM32\wintypes.dll
0x00007ffead280000 - 0x00007ffead377000 	C:\Windows\System32\AppXDeploymentClient.dll
0x00007ffe96da0000 - 0x00007ffe96dcc000 	C:\Windows\System32\DriverStore\FileRepository\u0375335.inf_amd64_7de275617d9da25a\B374868\atig6pxx.dll
0x00007ffe47b80000 - 0x00007ffe4a9c3000 	C:\Windows\System32\DriverStore\FileRepository\u0375335.inf_amd64_7de275617d9da25a\B374868\atio6axx.dll
0x00007ffeb6350000 - 0x00007ffeb67bf000 	C:\Windows\System32\SETUPAPI.dll
0x00007ffeb67e0000 - 0x00007ffeb690a000 	C:\Windows\System32\ole32.dll
0x00007ffe9f7f0000 - 0x00007ffe9f814000 	C:\Windows\SYSTEM32\dxva2.dll
0x00007ffeb1c80000 - 0x00007ffeb1caf000 	C:\Windows\SYSTEM32\dwmapi.dll
0x00007ffe96a80000 - 0x00007ffe96abf000 	C:\Windows\System32\DriverStore\FileRepository\u0375335.inf_amd64_7de275617d9da25a\B374868\atig6txx.dll
0x00007ffe6eee0000 - 0x00007ffe6f0b4000 	C:\Windows\SYSTEM32\atiadlxx.dll
0x00007ffeafab0000 - 0x00007ffeafba6000 	C:\Windows\SYSTEM32\PROPSYS.dll
0x00007ffe92cf0000 - 0x00007ffe92d39000 	C:\Windows\SYSTEM32\pdh.dll
0x00007ffeb3e20000 - 0x00007ffeb3e4c000 	C:\Windows\SYSTEM32\DEVOBJ.dll
0x00007ffeb48e0000 - 0x00007ffeb4947000 	C:\Windows\System32\WINTRUST.dll
0x00007ffeb3c60000 - 0x00007ffeb3c72000 	C:\Windows\SYSTEM32\MSASN1.dll
0x00007ffeabd00000 - 0x00007ffeabd3b000 	C:\Windows\SYSTEM32\dxcore.dll
0x00007ffe671f0000 - 0x00007ffe67233000 	C:\Windows\SYSTEM32\icm32.dll
0x000001f05b5f0000 - 0x000001f05b628000 	C:\Users\Sun3k\AppData\Local\Temp\jna\jna4860551819323427597.dll
0x00007ffe81850000 - 0x00007ffe8189b000 	C:\ProgramData\obs-studio-hook\graphics-hook64.dll
0x00007ffeb0040000 - 0x00007ffeb02a3000 	C:\Windows\system32\d3d11.dll
0x00007ffeb2970000 - 0x00007ffeb2a63000 	C:\Windows\SYSTEM32\dxgi.dll
0x00007ffeab0e0000 - 0x00007ffeab298000 	C:\Windows\System32\DriverStore\FileRepository\u0375335.inf_amd64_7de275617d9da25a\B374868\aticfx64.dll
0x00007ffeaaf50000 - 0x00007ffeaaf89000 	C:\Windows\System32\DriverStore\FileRepository\u0375335.inf_amd64_7de275617d9da25a\B374868\atiuxp64.dll
0x00007ffea8df0000 - 0x00007ffeaad27000 	C:\Windows\System32\DriverStore\FileRepository\u0375335.inf_amd64_7de275617d9da25a\B374868\atidxx64.dll
0x00007ffea8ab0000 - 0x00007ffea8ae0000 	C:\Windows\SYSTEM32\amdihk64.dll
0x00007ffea8200000 - 0x00007ffea822b000 	C:\Windows\SYSTEM32\D3DSCache.dll
0x0000000070a40000 - 0x0000000070adc000 	C:\Users\Sun3k\.gradle\caches\minecraft\net\minecraft\natives\1.8.9\avutil-ttv-51.dll
0x00007ffeada20000 - 0x00007ffeadc20000 	C:\Windows\SYSTEM32\twinapi.appcore.dll
0x0000000065980000 - 0x00000000659d6000 	C:\Users\Sun3k\.gradle\caches\minecraft\net\minecraft\natives\1.8.9\swresample-ttv-0.dll
0x000000006eb80000 - 0x000000006ec50000 	C:\Users\Sun3k\.gradle\caches\minecraft\net\minecraft\natives\1.8.9\libmp3lame-ttv.dll
0x00007ffe3a530000 - 0x00007ffe3b8d4000 	C:\Users\Sun3k\.gradle\caches\minecraft\net\minecraft\natives\1.8.9\libmfxsw64.dll
0x00007ffe53b60000 - 0x00007ffe53ccd000 	C:\Users\Sun3k\.gradle\caches\minecraft\net\minecraft\natives\1.8.9\twitchsdk.dll
0x00007ffe99ea0000 - 0x00007ffe9a376000 	C:\Windows\SYSTEM32\WININET.dll
0x000001f0633a0000 - 0x000001f063404000 	C:\Users\Sun3k\.gradle\caches\minecraft\net\minecraft\natives\1.8.9\OpenAL64.dll
0x00007ffeaad30000 - 0x00007ffeaadb5000 	C:\Windows\System32\MMDevApi.dll
0x00007ffe53ed0000 - 0x00007ffe53f6c000 	C:\Windows\SYSTEM32\dsound.dll
0x00007ffeb3730000 - 0x00007ffeb377b000 	C:\Windows\SYSTEM32\powrprof.dll
0x00007ffe9a760000 - 0x00007ffe9a786000 	C:\Windows\SYSTEM32\winmmbase.dll
0x00007ffeb3630000 - 0x00007ffeb3642000 	C:\Windows\SYSTEM32\UMPDC.dll
0x00007ffeaadc0000 - 0x00007ffeaaf42000 	C:\Windows\SYSTEM32\AUDIOSES.DLL
0x00007ffeb1b80000 - 0x00007ffeb1b94000 	C:\Windows\SYSTEM32\resourcepolicyclient.dll
0x00007ffe9faf0000 - 0x00007ffe9fcd4000 	C:\Windows\SYSTEM32\dbghelp.dll

VM Arguments:
jvm_args: -agentlib:jdwp=transport=dt_socket,address=127.0.0.1:64575,suspend=y,server=n -javaagent:C:\Users\Sun3k\AppData\Local\JetBrains\IdeaIC2022.1\captureAgent\debugger-agent.jar -Dfile.encoding=UTF-8 
java_command: GradleStart --mixin mixins.sunrise.json --tweakClass org.spongepowered.asm.launch.MixinTweaker -Ddevauth.account --javaagent:C:\Users\Sun3k\.gradle\caches\modules-2\files-2.1\org.spongepowered\mixin\0.7.11-SNAPSHOT\7a670207bdb97db418118ad1e9bb42424ff3776d\mixin-0.7.11-SNAPSHOT.jar
java_class_path (initial): C:\Users\Sun3k\.jdks\corretto-1.8.0_332\jre\lib\charsets.jar;C:\Users\Sun3k\.jdks\corretto-1.8.0_332\jre\lib\ext\access-bridge-64.jar;C:\Users\Sun3k\.jdks\corretto-1.8.0_332\jre\lib\ext\cldrdata.jar;C:\Users\Sun3k\.jdks\corretto-1.8.0_332\jre\lib\ext\dnsns.jar;C:\Users\Sun3k\.jdks\corretto-1.8.0_332\jre\lib\ext\jaccess.jar;C:\Users\Sun3k\.jdks\corretto-1.8.0_332\jre\lib\ext\jfxrt.jar;C:\Users\Sun3k\.jdks\corretto-1.8.0_332\jre\lib\ext\localedata.jar;C:\Users\Sun3k\.jdks\corretto-1.8.0_332\jre\lib\ext\nashorn.jar;C:\Users\Sun3k\.jdks\corretto-1.8.0_332\jre\lib\ext\sunec.jar;C:\Users\Sun3k\.jdks\corretto-1.8.0_332\jre\lib\ext\sunjce_provider.jar;C:\Users\Sun3k\.jdks\corretto-1.8.0_332\jre\lib\ext\sunmscapi.jar;C:\Users\Sun3k\.jdks\corretto-1.8.0_332\jre\lib\ext\sunpkcs11.jar;C:\Users\Sun3k\.jdks\corretto-1.8.0_332\jre\lib\ext\zipfs.jar;C:\Users\Sun3k\.jdks\corretto-1.8.0_332\jre\lib\jce.jar;C:\Users\Sun3k\.jdks\corretto-1.8.0_332\jre\lib\jfr.jar;C:\Users\Sun3k\.jdks\corretto-1.8.0_332\jre\lib\jfxswt.jar;C:\Users\Sun3k\.jdks\corretto-1.8.0_332\jre\lib\jsse.jar;C:\Users\Sun3k\.jdks\corretto-1.8.0_332\jre\lib\management-agent.jar;C:\Users\Sun3k\.jdks\corretto-1.8.0_332\jre\lib\resources.jar;C:\Users\Sun3k\.jdks\corretto-1.8.0_332\jre\lib\rt.jar;C:\Users\Sun3k\IdeaProjects\Sunrise8\build\classes\java\main;C:\Users\Sun3k\.gradle\caches\minecraft\deobfedDeps\compileDummy.jar;C:\Users\Sun3k\.gradle\caches\minecraft\deobfedDeps\providedDummy.jar;C:\Users\Sun3k\.gradle\caches\modules-2\files-2.1\org.spongepowered\mixin\0.7.11-SNAPSHOT\7a670207bdb97db418118ad1e9bb42424ff3776d\mixin-0.7.11-SNAPSHOT.jar;C:\Users\Sun3k\.gradle\caches\modules-2\files-2.1\com.google.guava\guava\17.0\9c6ef172e8de35fd8d4d8783e4821e57cdef7445\guava-17.0.jar;C:\Users\Sun3k\.gradle\caches\modules-2\files-2.1\commons-io\commons-io\2.4\b1b6ea3b7e4aa4f492509a4952029cd8e48019ad\commons-io-2.4.jar;C:\Users\Sun3k\.gradle\caches\modules-2\files-2.1\com.google.code.gson\gson\2.2.4\a6
Launcher Type: SUN_STANDARD

Environment Variables:
JAVA_HOME=C:\Program Files\OpenJDK\jdk-18
PATH=C:\Windows\system32;C:\Windows;C:\Windows\System32\Wbem;C:\Windows\System32\WindowsPowerShell\v1.0\;C:\Windows\System32\OpenSSH\;C:\ProgramData\chocolatey\bin;C:\Program Files\Microsoft VS Code\bin;C:\Program Files (x86)\Yarn\bin\;C:\Program Files\nodejs\;C:\Program Files\Git\cmd;C:\Program Files\OpenJDK\jdk-18\bin;C:\Program Files\dotnet\;C:\Users\Sun3k\AppData\Local\Programs\Python\Python310\Scripts\;C:\Users\Sun3k\AppData\Local\Programs\Python\Python310\;C:\Users\Sun3k\AppData\Local\Microsoft\WindowsApps;C:\Users\Sun3k\AppData\Local\Yarn\bin;C:\Users\Sun3k\AppData\Roaming\npm;C:\Program Files\Oracle\VirtualBox;C:\Program Files\heroku\bin;C:\Program Files\JetBrains\IntelliJ IDEA Community Edition 2022.1.1\bin;;C:\Users\Sun3k\.dotnet\tools
USERNAME=Sun3k
OS=Windows_NT
PROCESSOR_IDENTIFIER=AMD64 Family 23 Model 24 Stepping 1, AuthenticAMD



---------------  S Y S T E M  ---------------

OS: Windows 10.0 , 64 bit Build 19041 (10.0.19041.1741)

CPU:total 8 (initial active 8) (8 cores per cpu, 1 threads per core) family 23 model 24 stepping 1, cmov, cx8, fxsr, mmx, sse, sse2, sse3, ssse3, sse4.1, sse4.2, popcnt, avx, avx2, aes, clmul, mmxext, 3dnowpref, lzcnt, sse4a, tsc, tscinvbit, tscinv, bmi1

Memory: 4k page, physical 6206224k(622328k free), swap 21946844k(4351584k free)

vm_info: OpenJDK 64-Bit Server VM (25.332-b08) for windows-amd64 JRE (1.8.0_332-b08), built on Apr 16 2022 08:31:02 by "Administrator" with MS VC++ 12.0 (VS2013)

time: Thu Jun 23 01:00:33 2022
timezone: South Sudan Standard Time
elapsed time: 127.750226 seconds (0d 0h 2m 7s)

