#
# A fatal error has been detected by the Java Runtime Environment:
#
#  EXCEPTION_ACCESS_VIOLATION (0xc0000005) at pc=0x0000000000000000, pid=8784, tid=0x0000000000002fa0
#
# JRE version: OpenJDK Runtime Environment (8.0_332-b08) (build 1.8.0_332-b08)
# Java VM: OpenJDK 64-Bit Server VM (25.332-b08 mixed mode windows-amd64 compressed oops)
# Problematic frame:
# C  0x0000000000000000
#
# Failed to write core dump. Minidumps are not enabled by default on client versions of Windows
#
# If you would like to submit a bug report, please visit:
#   https://github.com/corretto/corretto-8/issues/
#

---------------  T H R E A D  ---------------

Current thread (0x000001c03582e000):  VMThread [stack: 0x000000acd0c00000,0x000000acd0d00000] [id=12192]

siginfo: ExceptionCode=0xc0000005, ExceptionInformation=0x0000000000000008 0x0000000000000000

Registers:
RAX=0x0000000000000000, RBX=0x0000000000000000, RCX=0x0000000000000001, RDX=0x00007ffe84b1f0b8
RSP=0x000000acd0cff268, RBP=0x000001c020a84f20, RSI=0x0000000000010000, RDI=0x0000000000000000
R8 =0x000000accfe43000, R9 =0x0000000000000040, R10=0x0000000000000000, R11=0x000001c03e922170
R12=0x00007ffe7d6fe810, R13=0x0000000000000082, R14=0x00007ffe7d620000, R15=0x0000000000000001
RIP=0x0000000000000000, EFLAGS=0x0000000000010206

Top of Stack: (sp=0x000000acd0cff268)
0x000000acd0cff268:   00007ffe84ae2f2c 0000000000000000
0x000000acd0cff278:   000001c020a84f20 0000000000000082
0x000000acd0cff288:   0000000000010000 0000000000000000
0x000000acd0cff298:   00007ffe84ae406e 0000000000000000
0x000000acd0cff2a8:   000001c020a84f20 0000000000010000
0x000000acd0cff2b8:   000001c039e11d08 0000000000000001
0x000000acd0cff2c8:   00007ffe7d626e2e 0000000000000000
0x000000acd0cff2d8:   0000000000000001 000000018004bb20
0x000000acd0cff2e8:   0000000000000000 0000000000000001
0x000000acd0cff2f8:   00007ffe7d627276 0000000000000000
0x000000acd0cff308:   000001c020a84f20 0000000000000001
0x000000acd0cff318:   0000000000000001 0000000000000000
0x000000acd0cff328:   00007ffe7d6fe94f 0000000000000001
0x000000acd0cff338:   0000000000000000 0000000000000000
0x000000acd0cff348:   000001c03fb40b30 0000000100000001
0x000000acd0cff358:   000000018000ecac 000000018001c558 

Instructions: (pc=0x0000000000000000)
0xffffffffffffffe0:   


Register to memory mapping:

RAX=0x0000000000000000 is an unknown value
RBX=0x0000000000000000 is an unknown value
RCX=0x0000000000000001 is an unknown value
RDX=0x00007ffe84b1f0b8 is an unknown value
RSP=0x000000acd0cff268 is an unknown value
RBP=0x000001c020a84f20 is an unknown value
RSI=0x0000000000010000 is an unknown value
RDI=0x0000000000000000 is an unknown value
R8 =0x000000accfe43000 is an unknown value
R9 =0x0000000000000040 is an unknown value
R10=0x0000000000000000 is an unknown value
R11=0x000001c03e922170 is an unknown value
R12=0x00007ffe7d6fe810 is an unknown value
R13=0x0000000000000082 is an unknown value
R14=0x00007ffe7d620000 is an unknown value
R15=0x0000000000000001 is an unknown value


Stack: [0x000000acd0c00000,0x000000acd0d00000],  sp=0x000000acd0cff268,  free space=1020k
Native frames: (J=compiled Java code, j=interpreted, Vv=VM code, C=native code)

VM_Operation (0x000000acd11fed50): Exit, mode: safepoint, requested by thread 0x000001c050e21000


---------------  P R O C E S S  ---------------

Java Threads: ( => current thread )
  0x000001c050e21000 JavaThread "SIGINT handler" daemon [_thread_blocked, id=5916, stack(0x000000acd1100000,0x000000acd1200000)]
  0x000001c050e1f800 JavaThread "File IO Thread" [_thread_blocked, id=15532, stack(0x000000acd3700000,0x000000acd3800000)]
  0x000001c050e24000 JavaThread "Chunk I/O Executor Thread-1" daemon [_thread_blocked, id=13324, stack(0x000000acd3600000,0x000000acd3700000)]
  0x000001c050e1e000 JavaThread "Netty Server IO #1" daemon [_thread_in_native, id=14752, stack(0x000000acd3300000,0x000000acd3400000)]
  0x000001c050e17800 JavaThread "Netty Local Client IO #0" daemon [_thread_blocked, id=15748, stack(0x000000acd3200000,0x000000acd3300000)]
  0x000001c050e16000 JavaThread "Netty Server IO #0" daemon [_thread_in_native, id=12156, stack(0x000000acd3100000,0x000000acd3200000)]
  0x000001c050e1a000 JavaThread "Thread-12" [_thread_blocked, id=4556, stack(0x000000acd2c00000,0x000000acd2d00000)]
  0x000001c050e1b800 JavaThread "Thread-11" [_thread_blocked, id=16072, stack(0x000000acd2700000,0x000000acd2800000)]
  0x000001c050e18800 JavaThread "Chunk Batcher 1" daemon [_thread_blocked, id=16328, stack(0x000000acd2e00000,0x000000acd2f00000)]
  0x000001c050e19000 JavaThread "Chunk Batcher 0" daemon [_thread_blocked, id=14536, stack(0x000000acd2a00000,0x000000acd2b00000)]
  0x000001c0383a0000 JavaThread "LWJGL Timer" daemon [_thread_blocked, id=16008, stack(0x000000acd2000000,0x000000acd2100000)]
  0x000001c03839d000 JavaThread "Java2D Disposer" daemon [_thread_blocked, id=10508, stack(0x000000acd1d00000,0x000000acd1e00000)]
  0x000001c03839c000 JavaThread "Timer hack thread" daemon [_thread_blocked, id=484, stack(0x000000acd1c00000,0x000000acd1d00000)]
  0x000001c037ee0800 JavaThread "Snooper Timer" daemon [_thread_blocked, id=15940, stack(0x000000acd1a00000,0x000000acd1b00000)]
  0x000001c0358ee000 JavaThread "Service Thread" daemon [_thread_blocked, id=6812, stack(0x000000acd1800000,0x000000acd1900000)]
  0x000001c0358e8000 JavaThread "C1 CompilerThread3" daemon [_thread_blocked, id=5628, stack(0x000000acd1700000,0x000000acd1800000)]
  0x000001c0358e1000 JavaThread "C2 CompilerThread2" daemon [_thread_blocked, id=14676, stack(0x000000acd1600000,0x000000acd1700000)]
  0x000001c0358e0800 JavaThread "C2 CompilerThread1" daemon [_thread_blocked, id=14788, stack(0x000000acd1500000,0x000000acd1600000)]
  0x000001c037703800 JavaThread "C2 CompilerThread0" daemon [_thread_blocked, id=11048, stack(0x000000acd1400000,0x000000acd1500000)]
  0x000001c0358b9000 JavaThread "JDWP Event Helper Thread" daemon [_thread_blocked, id=13592, stack(0x000000acd1200000,0x000000acd1300000)]
  0x000001c035896800 JavaThread "Attach Listener" daemon [_thread_blocked, id=4084, stack(0x000000acd1000000,0x000000acd1100000)]
  0x000001c035896000 JavaThread "Signal Dispatcher" daemon [_thread_blocked, id=3404, stack(0x000000acd0f00000,0x000000acd1000000)]
  0x000001c035869000 JavaThread "Finalizer" daemon [_thread_blocked, id=1632, stack(0x000000acd0e00000,0x000000acd0f00000)]
  0x000001c035861000 JavaThread "Reference Handler" daemon [_thread_blocked, id=4916, stack(0x000000acd0d00000,0x000000acd0e00000)]
  0x000001c020a67000 JavaThread "Client thread" [_thread_blocked, id=15120, stack(0x000000acd0300000,0x000000acd0400000)]

Other Threads:
=>0x000001c03582e000 VMThread [stack: 0x000000acd0c00000,0x000000acd0d00000] [id=12192]

VM state:at safepoint (shutting down)

VM Mutex/Monitor currently owned by a thread:  ([mutex/lock_event])
[0x000001c020a65610] Threads_lock - owner thread: 0x000001c03582e000

heap address: 0x00000000a1400000, size: 1516 MB, Compressed Oops mode: 32-bit
Narrow klass base: 0x0000000000000000, Narrow klass shift: 3
Compressed class space size: 1073741824 Address: 0x0000000100000000

Heap:
 PSYoungGen      total 345088K, used 321124K [0x00000000e0700000, 0x0000000100000000, 0x0000000100000000)
  eden space 173056K, 86% used [0x00000000e0700000,0x00000000e9899130,0x00000000eb000000)
  from space 172032K, 100% used [0x00000000f5800000,0x0000000100000000,0x0000000100000000)
  to   space 172032K, 0% used [0x00000000eb000000,0x00000000eb000000,0x00000000f5800000)
 ParOldGen       total 616448K, used 471247K [0x00000000a1400000, 0x00000000c6e00000, 0x00000000e0700000)
  object space 616448K, 76% used [0x00000000a1400000,0x00000000be033fd8,0x00000000c6e00000)
 Metaspace       used 52611K, capacity 52931K, committed 53632K, reserved 1095680K
  class space    used 6365K, capacity 6479K, committed 6528K, reserved 1048576K

Card table byte_map: [0x000001c031670000,0x000001c031970000] byte_map_base: 0x000001c031166000

Marking Bits: (ParMarkBitMap*) 0x0000000064027850
 Begin Bits: [0x000001c031b70000, 0x000001c033320000)
 End Bits:   [0x000001c033320000, 0x000001c034ad0000)

Polling page: 0x000001c0209e0000

CodeCache: size=245760Kb used=29370Kb max_used=29380Kb free=216389Kb
 bounds [0x000001c0222b0000, 0x000001c023f90000, 0x000001c0312b0000]
 total_blobs=8356 nmethods=7429 adapters=846
 compilation: enabled

Compilation events (10 events):
Event: 251.305 Thread 0x000001c037703800 10289   !   4       net.minecraft.world.storage.ThreadedFileIOBase::processQueue (124 bytes)
Event: 251.319 Thread 0x000001c037703800 nmethod 10289 0x000001c023f8bb90 code [0x000001c023f8bda0, 0x000001c023f8cf30]
Event: 253.755 Thread 0x000001c0358e8000 10290       3       io.netty.util.concurrent.SingleThreadEventExecutor::hasScheduledTasks (55 bytes)
Event: 253.755 Thread 0x000001c0358e8000 nmethod 10290 0x000001c023f86cd0 code [0x000001c023f86e60, 0x000001c023f87390]
Event: 263.991 Thread 0x000001c0358e8000 10291       1       org.apache.logging.log4j.core.config.LoggerConfig::getLevel (5 bytes)
Event: 263.991 Thread 0x000001c0358e8000 nmethod 10291 0x000001c023f86a10 code [0x000001c023f86b60, 0x000001c023f86c78]
Event: 263.994 Thread 0x000001c0358e8000 10292       3       java.util.logging.LogManager$LoggerContext::getRootLogger (8 bytes)
Event: 263.994 Thread 0x000001c0358e8000 nmethod 10292 0x000001c023f865d0 code [0x000001c023f86720, 0x000001c023f86938]
Event: 263.995 Thread 0x000001c0358e8000 10293       3       java.util.logging.LogManager$LoggerContext::getGlobalLogger (6 bytes)
Event: 263.995 Thread 0x000001c0358e8000 nmethod 10293 0x000001c023f86290 code [0x000001c023f863e0, 0x000001c023f86538]

GC Heap History (10 events):
Event: 116.301 GC heap before
{Heap before GC invocations=39 (full 8):
 PSYoungGen      total 424448K, used 351803K [0x00000000e0700000, 0x0000000100000000, 0x0000000100000000)
  eden space 331776K, 90% used [0x00000000e0700000,0x00000000f2d28638,0x00000000f4b00000)
  from space 92672K, 54% used [0x00000000f4b00000,0x00000000f7c667e8,0x00000000fa580000)
  to   space 92672K, 0% used [0x00000000fa580000,0x00000000fa580000,0x0000000100000000)
 ParOldGen       total 238592K, used 238289K [0x00000000a1400000, 0x00000000afd00000, 0x00000000e0700000)
  object space 238592K, 99% used [0x00000000a1400000,0x00000000afcb4680,0x00000000afd00000)
 Metaspace       used 52272K, capacity 52657K, committed 53376K, reserved 1095680K
  class space    used 6342K, capacity 6476K, committed 6528K, reserved 1048576K
Event: 116.653 GC heap after
Heap after GC invocations=39 (full 8):
 PSYoungGen      total 424448K, used 110723K [0x00000000e0700000, 0x0000000100000000, 0x0000000100000000)
  eden space 331776K, 33% used [0x00000000e0700000,0x00000000e7320f40,0x00000000f4b00000)
  from space 92672K, 0% used [0x00000000f4b00000,0x00000000f4b00000,0x00000000fa580000)
  to   space 92672K, 0% used [0x00000000fa580000,0x00000000fa580000,0x0000000100000000)
 ParOldGen       total 380416K, used 238533K [0x00000000a1400000, 0x00000000b8780000, 0x00000000e0700000)
  object space 380416K, 62% used [0x00000000a1400000,0x00000000afcf1570,0x00000000b8780000)
 Metaspace       used 52272K, capacity 52657K, committed 53376K, reserved 1095680K
  class space    used 6342K, capacity 6476K, committed 6528K, reserved 1048576K
}
Event: 117.004 GC heap before
{Heap before GC invocations=40 (full 8):
 PSYoungGen      total 424448K, used 331776K [0x00000000e0700000, 0x0000000100000000, 0x0000000100000000)
  eden space 331776K, 100% used [0x00000000e0700000,0x00000000f4b00000,0x00000000f4b00000)
  from space 92672K, 0% used [0x00000000f4b00000,0x00000000f4b00000,0x00000000fa580000)
  to   space 92672K, 0% used [0x00000000fa580000,0x00000000fa580000,0x0000000100000000)
 ParOldGen       total 380416K, used 238541K [0x00000000a1400000, 0x00000000b8780000, 0x00000000e0700000)
  object space 380416K, 62% used [0x00000000a1400000,0x00000000afcf3580,0x00000000b8780000)
 Metaspace       used 52347K, capacity 52733K, committed 53376K, reserved 1095680K
  class space    used 6347K, capacity 6478K, committed 6528K, reserved 1048576K
Event: 117.101 GC heap after
Heap after GC invocations=40 (full 8):
 PSYoungGen      total 265728K, used 92640K [0x00000000e0700000, 0x0000000100000000, 0x0000000100000000)
  eden space 173056K, 0% used [0x00000000e0700000,0x00000000e0700000,0x00000000eb000000)
  from space 92672K, 99% used [0x00000000fa580000,0x00000000ffff8060,0x0000000100000000)
  to   space 172032K, 0% used [0x00000000eb000000,0x00000000eb000000,0x00000000f5800000)
 ParOldGen       total 388608K, used 387736K [0x00000000a1400000, 0x00000000b8f80000, 0x00000000e0700000)
  object space 388608K, 99% used [0x00000000a1400000,0x00000000b8ea61a0,0x00000000b8f80000)
 Metaspace       used 52347K, capacity 52733K, committed 53376K, reserved 1095680K
  class space    used 6347K, capacity 6478K, committed 6528K, reserved 1048576K
}
Event: 117.101 GC heap before
{Heap before GC invocations=41 (full 9):
 PSYoungGen      total 265728K, used 92640K [0x00000000e0700000, 0x0000000100000000, 0x0000000100000000)
  eden space 173056K, 0% used [0x00000000e0700000,0x00000000e0700000,0x00000000eb000000)
  from space 92672K, 99% used [0x00000000fa580000,0x00000000ffff8060,0x0000000100000000)
  to   space 172032K, 0% used [0x00000000eb000000,0x00000000eb000000,0x00000000f5800000)
 ParOldGen       total 388608K, used 387736K [0x00000000a1400000, 0x00000000b8f80000, 0x00000000e0700000)
  object space 388608K, 99% used [0x00000000a1400000,0x00000000b8ea61a0,0x00000000b8f80000)
 Metaspace       used 52347K, capacity 52733K, committed 53376K, reserved 1095680K
  class space    used 6347K, capacity 6478K, committed 6528K, reserved 1048576K
Event: 117.678 GC heap after
Heap after GC invocations=41 (full 9):
 PSYoungGen      total 265728K, used 68151K [0x00000000e0700000, 0x0000000100000000, 0x0000000100000000)
  eden space 173056K, 0% used [0x00000000e0700000,0x00000000e0700000,0x00000000eb000000)
  from space 92672K, 73% used [0x00000000fa580000,0x00000000fe80ded0,0x0000000100000000)
  to   space 172032K, 0% used [0x00000000eb000000,0x00000000eb000000,0x00000000f5800000)
 ParOldGen       total 616448K, used 388431K [0x00000000a1400000, 0x00000000c6e00000, 0x00000000e0700000)
  object space 616448K, 63% used [0x00000000a1400000,0x00000000b8f53ed0,0x00000000c6e00000)
 Metaspace       used 52347K, capacity 52733K, committed 53376K, reserved 1095680K
  class space    used 6347K, capacity 6478K, committed 6528K, reserved 1048576K
}
Event: 118.018 GC heap before
{Heap before GC invocations=42 (full 9):
 PSYoungGen      total 265728K, used 241207K [0x00000000e0700000, 0x0000000100000000, 0x0000000100000000)
  eden space 173056K, 100% used [0x00000000e0700000,0x00000000eb000000,0x00000000eb000000)
  from space 92672K, 73% used [0x00000000fa580000,0x00000000fe80ded0,0x0000000100000000)
  to   space 172032K, 0% used [0x00000000eb000000,0x00000000eb000000,0x00000000f5800000)
 ParOldGen       total 616448K, used 388454K [0x00000000a1400000, 0x00000000c6e00000, 0x00000000e0700000)
  object space 616448K, 63% used [0x00000000a1400000,0x00000000b8f599d0,0x00000000c6e00000)
 Metaspace       used 52377K, capacity 52733K, committed 53376K, reserved 1095680K
  class space    used 6350K, capacity 6478K, committed 6528K, reserved 1048576K
Event: 118.100 GC heap after
Heap after GC invocations=42 (full 9):
 PSYoungGen      total 345088K, used 151008K [0x00000000e0700000, 0x0000000100000000, 0x0000000100000000)
  eden space 173056K, 0% used [0x00000000e0700000,0x00000000e0700000,0x00000000eb000000)
  from space 172032K, 87% used [0x00000000eb000000,0x00000000f4378040,0x00000000f5800000)
  to   space 172032K, 0% used [0x00000000f5800000,0x00000000f5800000,0x0000000100000000)
 ParOldGen       total 616448K, used 406844K [0x00000000a1400000, 0x00000000c6e00000, 0x00000000e0700000)
  object space 616448K, 65% used [0x00000000a1400000,0x00000000ba14f0a0,0x00000000c6e00000)
 Metaspace       used 52377K, capacity 52733K, committed 53376K, reserved 1095680K
  class space    used 6350K, capacity 6478K, committed 6528K, reserved 1048576K
}
Event: 118.469 GC heap before
{Heap before GC invocations=43 (full 9):
 PSYoungGen      total 345088K, used 324064K [0x00000000e0700000, 0x0000000100000000, 0x0000000100000000)
  eden space 173056K, 100% used [0x00000000e0700000,0x00000000eb000000,0x00000000eb000000)
  from space 172032K, 87% used [0x00000000eb000000,0x00000000f4378040,0x00000000f5800000)
  to   space 172032K, 0% used [0x00000000f5800000,0x00000000f5800000,0x0000000100000000)
 ParOldGen       total 616448K, used 406867K [0x00000000a1400000, 0x00000000c6e00000, 0x00000000e0700000)
  object space 616448K, 66% used [0x00000000a1400000,0x00000000ba154f38,0x00000000c6e00000)
 Metaspace       used 52385K, capacity 52739K, committed 53376K, reserved 1095680K
  class space    used 6351K, capacity 6479K, committed 6528K, reserved 1048576K
Event: 118.688 GC heap after
Heap after GC invocations=43 (full 9):
 PSYoungGen      total 345088K, used 172032K [0x00000000e0700000, 0x0000000100000000, 0x0000000100000000)
  eden space 173056K, 0% used [0x00000000e0700000,0x00000000e0700000,0x00000000eb000000)
  from space 172032K, 100% used [0x00000000f5800000,0x0000000100000000,0x0000000100000000)
  to   space 172032K, 0% used [0x00000000eb000000,0x00000000eb000000,0x00000000f5800000)
 ParOldGen       total 616448K, used 471247K [0x00000000a1400000, 0x00000000c6e00000, 0x00000000e0700000)
  object space 616448K, 76% used [0x00000000a1400000,0x00000000be033fd8,0x00000000c6e00000)
 Metaspace       used 52385K, capacity 52739K, committed 53376K, reserved 1095680K
  class space    used 6351K, capacity 6479K, committed 6528K, reserved 1048576K
}

Deoptimization events (10 events):
Event: 119.739 Thread 0x000001c050e1d000 Uncommon trap: reason=bimorphic action=maybe_recompile pc=0x000001c0223f2300 method=java.io.DataOutputStream.writeShort(I)V @ 12
Event: 119.739 Thread 0x000001c050e1d000 Uncommon trap: reason=bimorphic action=maybe_recompile pc=0x000001c0223f2300 method=java.io.DataOutputStream.writeShort(I)V @ 12
Event: 119.749 Thread 0x000001c050e1d000 Uncommon trap: reason=unstable_if action=reinterpret pc=0x000001c02393d56c method=com.google.gson.internal.bind.TypeAdapters$25.write(Lcom/google/gson/stream/JsonWriter;Lcom/google/gson/JsonElement;)V @ 35
Event: 119.749 Thread 0x000001c050e1d000 Uncommon trap: reason=unstable_if action=reinterpret pc=0x000001c022bc9030 method=com.google.gson.stream.JsonWriter.string(Ljava/lang/String;)V @ 4
Event: 119.857 Thread 0x000001c050e1f800 Uncommon trap: reason=unstable_if action=reinterpret pc=0x000001c0227d950c method=java.util.concurrent.ConcurrentHashMap.isEmpty()Z @ 6
Event: 119.866 Thread 0x000001c050e1f800 Uncommon trap: reason=unstable_if action=reinterpret pc=0x000001c023b6df8c method=java.util.Collections$SetFromMap.remove(Ljava/lang/Object;)Z @ 10
Event: 119.970 Thread 0x000001c050e1d000 Uncommon trap: reason=class_check action=maybe_recompile pc=0x000001c023d4b354 method=net.minecraft.world.chunk.storage.AnvilChunkLoader.writeChunkToNBT(Lnet/minecraft/world/chunk/Chunk;Lnet/minecraft/world/World;Lnet/minecraft/nbt/NBTTagCompound;)V @ 509
Event: 119.971 Thread 0x000001c050e1d000 Uncommon trap: reason=class_check action=maybe_recompile pc=0x000001c023d4b354 method=net.minecraft.world.chunk.storage.AnvilChunkLoader.writeChunkToNBT(Lnet/minecraft/world/chunk/Chunk;Lnet/minecraft/world/World;Lnet/minecraft/nbt/NBTTagCompound;)V @ 509
Event: 119.972 Thread 0x000001c050e1d000 Uncommon trap: reason=class_check action=maybe_recompile pc=0x000001c023d4b354 method=net.minecraft.world.chunk.storage.AnvilChunkLoader.writeChunkToNBT(Lnet/minecraft/world/chunk/Chunk;Lnet/minecraft/world/World;Lnet/minecraft/nbt/NBTTagCompound;)V @ 509
Event: 119.972 Thread 0x000001c050e1d000 Uncommon trap: reason=class_check action=maybe_recompile pc=0x000001c023d4b354 method=net.minecraft.world.chunk.storage.AnvilChunkLoader.writeChunkToNBT(Lnet/minecraft/world/chunk/Chunk;Lnet/minecraft/world/World;Lnet/minecraft/nbt/NBTTagCompound;)V @ 509

Classes redefined (0 events):
No events

Internal exceptions (10 events):
Event: 116.039 Thread 0x000001c050e1d000 Exception <a 'java/lang/NullPointerException'> (0x00000000ecb49fc8) thrown at [C:\wsjdk\Corretto8Src\installers\windows\zip\corretto-build\buildRoot\src\hotspot\src\share\vm\runtime\sharedRuntime.cpp, line 610]
Event: 116.233 Thread 0x000001c050e1e800 NullPointerException at vtable entry 0x000001c0225f7770
Event: 116.233 Thread 0x000001c050e1e800 Exception <a 'java/lang/NullPointerException'> (0x00000000f1297db0) thrown at [C:\wsjdk\Corretto8Src\installers\windows\zip\corretto-build\buildRoot\src\hotspot\src\share\vm\runtime\sharedRuntime.cpp, line 610]
Event: 116.289 Thread 0x000001c020a67000 Exception <a 'java/lang/NullPointerException'> (0x00000000efe80278) thrown at [C:\wsjdk\Corretto8Src\installers\windows\zip\corretto-build\buildRoot\src\hotspot\src\share\vm\interpreter\linkResolver.cpp, line 1185]
Event: 116.291 Thread 0x000001c020a67000 Exception <a 'java/lang/NullPointerException'> (0x00000000efe9c550) thrown at [C:\wsjdk\Corretto8Src\installers\windows\zip\corretto-build\buildRoot\src\hotspot\src\share\vm\interpreter\linkResolver.cpp, line 1185]
Event: 116.291 Thread 0x000001c020a67000 Exception <a 'java/lang/NullPointerException'> (0x00000000efea0ca8) thrown at [C:\wsjdk\Corretto8Src\installers\windows\zip\corretto-build\buildRoot\src\hotspot\src\share\vm\interpreter\linkResolver.cpp, line 1185]
Event: 119.707 Thread 0x000001c050e1d000 Implicit null exception at 0x000001c02268ed4d to 0x000001c02268efb3
Event: 119.707 Thread 0x000001c050e1d000 Exception <a 'java/lang/NullPointerException'> (0x00000000e7246a58) thrown at [C:\wsjdk\Corretto8Src\installers\windows\zip\corretto-build\buildRoot\src\hotspot\src\share\vm\runtime\sharedRuntime.cpp, line 610]
Event: 119.708 Thread 0x000001c050e1d000 Exception <a 'java/lang/NullPointerException'> (0x00000000e7251e80) thrown at [C:\wsjdk\Corretto8Src\installers\windows\zip\corretto-build\buildRoot\src\hotspot\src\share\vm\interpreter\linkResolver.cpp, line 1185]
Event: 119.708 Thread 0x000001c050e1d000 Exception <a 'java/lang/NullPointerException'> (0x00000000e7252260) thrown at [C:\wsjdk\Corretto8Src\installers\windows\zip\corretto-build\buildRoot\src\hotspot\src\share\vm\interpreter\linkResolver.cpp, line 1185]

Events (10 events):
Event: 263.989 Thread 0x000001c050e1d000 DEOPT PACKING pc=0x000001c022de1188 sp=0x000000acd1ffeb20
Event: 263.989 Thread 0x000001c050e1d000 DEOPT UNPACKING pc=0x000001c0222f71d8 sp=0x000000acd1ffe840 mode 1
Event: 263.989 Thread 0x000001c050e1d000 DEOPT PACKING pc=0x000001c022581d9c sp=0x000000acd1fff450
Event: 263.989 Thread 0x000001c050e1d000 DEOPT UNPACKING pc=0x000001c0222f71d8 sp=0x000000acd1fff1a8 mode 1
Event: 263.990 Thread 0x000001c050e1d000 Thread exited: 0x000001c050e1d000
Event: 263.996 Thread 0x000001c0383a0800 Thread exited: 0x000001c0383a0800
Event: 263.999 Executing VM operation: RevokeBias
Event: 263.999 Executing VM operation: RevokeBias done
Event: 264.000 Thread 0x000001c050e1e800 Thread exited: 0x000001c050e1e800
Event: 264.003 Executing VM operation: Exit


Dynamic libraries:
0x00007ff6fdee0000 - 0x00007ff6fdf1a000 	C:\Users\Sun3k\.jdks\corretto-1.8.0_332\bin\java.exe
0x00007ffeb6950000 - 0x00007ffeb6b47000 	C:\Windows\SYSTEM32\ntdll.dll
0x00007ffeb49b0000 - 0x00007ffeb4a6d000 	C:\Windows\System32\KERNEL32.DLL
0x00007ffeb4480000 - 0x00007ffeb474d000 	C:\Windows\System32\KERNELBASE.dll
0x00007ffeb5160000 - 0x00007ffeb520e000 	C:\Windows\System32\ADVAPI32.dll
0x00007ffeb62b0000 - 0x00007ffeb634e000 	C:\Windows\System32\msvcrt.dll
0x00007ffeb5f70000 - 0x00007ffeb600c000 	C:\Windows\System32\sechost.dll
0x00007ffeb5210000 - 0x00007ffeb5335000 	C:\Windows\System32\RPCRT4.dll
0x00007ffeb53a0000 - 0x00007ffeb5540000 	C:\Windows\System32\USER32.dll
0x00007ffeb4950000 - 0x00007ffeb4972000 	C:\Windows\System32\win32u.dll
0x00007ffeb61d0000 - 0x00007ffeb61fa000 	C:\Windows\System32\GDI32.dll
0x00007ffeb4220000 - 0x00007ffeb432b000 	C:\Windows\System32\gdi32full.dll
0x00007ffeb43e0000 - 0x00007ffeb447d000 	C:\Windows\System32\msvcp_win.dll
0x00007ffeb47e0000 - 0x00007ffeb48e0000 	C:\Windows\System32\ucrtbase.dll
0x00007ffe9dfe0000 - 0x00007ffe9e27a000 	C:\Windows\WinSxS\amd64_microsoft.windows.common-controls_6595b64144ccf1df_6.0.19041.1110_none_60b5254171f9507e\COMCTL32.dll
0x00007ffeb55a0000 - 0x00007ffeb55d0000 	C:\Windows\System32\IMM32.DLL
0x00007ffeabda0000 - 0x00007ffeabe8f000 	C:\Users\Sun3k\.jdks\corretto-1.8.0_332\jre\bin\msvcr120.dll
0x00007ffe77520000 - 0x00007ffe775c6000 	C:\Users\Sun3k\.jdks\corretto-1.8.0_332\jre\bin\msvcp120.dll
0x0000000063830000 - 0x00000000640a6000 	C:\Users\Sun3k\.jdks\corretto-1.8.0_332\jre\bin\server\jvm.dll
0x00007ffeb61c0000 - 0x00007ffeb61c8000 	C:\Windows\System32\PSAPI.DLL
0x00007ffeab0b0000 - 0x00007ffeab0d7000 	C:\Windows\SYSTEM32\WINMM.dll
0x00007ffe9d810000 - 0x00007ffe9d819000 	C:\Windows\SYSTEM32\WSOCK32.dll
0x00007ffead3a0000 - 0x00007ffead3aa000 	C:\Windows\SYSTEM32\VERSION.dll
0x00007ffeb5060000 - 0x00007ffeb50cb000 	C:\Windows\System32\WS2_32.dll
0x00007ffeaea20000 - 0x00007ffeaea2f000 	C:\Users\Sun3k\.jdks\corretto-1.8.0_332\jre\bin\verify.dll
0x00007ffeae6b0000 - 0x00007ffeae6d9000 	C:\Users\Sun3k\.jdks\corretto-1.8.0_332\jre\bin\java.dll
0x00007ffe9b5b0000 - 0x00007ffe9b5e5000 	C:\Users\Sun3k\.jdks\corretto-1.8.0_332\jre\bin\jdwp.dll
0x00007ffeafc80000 - 0x00007ffeafc88000 	C:\Users\Sun3k\.jdks\corretto-1.8.0_332\jre\bin\npt.dll
0x00007ffe96260000 - 0x00007ffe9628a000 	C:\Users\Sun3k\.jdks\corretto-1.8.0_332\jre\bin\instrument.dll
0x00007ffeaea00000 - 0x00007ffeaea16000 	C:\Users\Sun3k\.jdks\corretto-1.8.0_332\jre\bin\zip.dll
0x00007ffeb57b0000 - 0x00007ffeb5ef4000 	C:\Windows\System32\SHELL32.dll
0x00007ffeb2170000 - 0x00007ffeb2904000 	C:\Windows\SYSTEM32\windows.storage.dll
0x00007ffeb4a70000 - 0x00007ffeb4dc4000 	C:\Windows\System32\combase.dll
0x00007ffeb3ad0000 - 0x00007ffeb3afc000 	C:\Windows\SYSTEM32\Wldp.dll
0x00007ffeb6200000 - 0x00007ffeb62ad000 	C:\Windows\System32\SHCORE.dll
0x00007ffeb5540000 - 0x00007ffeb5595000 	C:\Windows\System32\shlwapi.dll
0x00007ffeb3fb0000 - 0x00007ffeb3fcf000 	C:\Windows\SYSTEM32\profapi.dll
0x00007ffeaeef0000 - 0x00007ffeaeef9000 	C:\Users\Sun3k\.jdks\corretto-1.8.0_332\jre\bin\dt_socket.dll
0x00007ffeb3830000 - 0x00007ffeb389a000 	C:\Windows\system32\mswsock.dll
0x00007ffeafd00000 - 0x00007ffeafd0d000 	C:\Users\Sun3k\.jdks\corretto-1.8.0_332\jre\bin\management.dll
0x00007ffeae690000 - 0x00007ffeae6aa000 	C:\Users\Sun3k\.jdks\corretto-1.8.0_332\jre\bin\net.dll
0x00007ffeae670000 - 0x00007ffeae682000 	C:\Users\Sun3k\.jdks\corretto-1.8.0_332\jre\bin\nio.dll
0x00007ffeb3a20000 - 0x00007ffeb3a38000 	C:\Windows\SYSTEM32\CRYPTSP.dll
0x00007ffeb3140000 - 0x00007ffeb3174000 	C:\Windows\system32\rsaenh.dll
0x00007ffeb4980000 - 0x00007ffeb49a7000 	C:\Windows\System32\bcrypt.dll
0x00007ffeb3f30000 - 0x00007ffeb3f5e000 	C:\Windows\SYSTEM32\USERENV.dll
0x00007ffeb4750000 - 0x00007ffeb47d2000 	C:\Windows\System32\bcryptprimitives.dll
0x00007ffeb3a40000 - 0x00007ffeb3a4c000 	C:\Windows\SYSTEM32\CRYPTBASE.dll
0x00007ffeb34b0000 - 0x00007ffeb34eb000 	C:\Windows\SYSTEM32\IPHLPAPI.DLL
0x00007ffeb5f60000 - 0x00007ffeb5f68000 	C:\Windows\System32\NSI.dll
0x00007ffea8bc0000 - 0x00007ffea8bd7000 	C:\Windows\SYSTEM32\dhcpcsvc6.DLL
0x00007ffeab020000 - 0x00007ffeab03d000 	C:\Windows\SYSTEM32\dhcpcsvc.DLL
0x00007ffeb34f0000 - 0x00007ffeb35bb000 	C:\Windows\SYSTEM32\DNSAPI.dll
0x00007ffe9d9f0000 - 0x00007ffe9d9fa000 	C:\Users\Sun3k\AppData\Local\Temp\jansi-64-3367099320848109399.dll
0x00007ffe77a30000 - 0x00007ffe77a47000 	C:\Windows\system32\napinsp.dll
0x00007ffe629d0000 - 0x00007ffe629eb000 	C:\Windows\system32\pnrpnsp.dll
0x00007ffeaee60000 - 0x00007ffeaee75000 	C:\Windows\system32\wshbth.dll
0x00007ffeafbb0000 - 0x00007ffeafbcd000 	C:\Windows\system32\NLAapi.dll
0x00007ffe629b0000 - 0x00007ffe629c2000 	C:\Windows\System32\winrnr.dll
0x00007ffea8160000 - 0x00007ffea816a000 	C:\Windows\System32\rasadhlp.dll
0x00007ffea7d30000 - 0x00007ffea7db0000 	C:\Windows\System32\fwpuclnt.dll
0x00007ffeafcb0000 - 0x00007ffeafcd3000 	C:\Users\Sun3k\.jdks\corretto-1.8.0_332\jre\bin\sunec.dll
0x00007ffeafcf0000 - 0x00007ffeafcfc000 	C:\Users\Sun3k\.jdks\corretto-1.8.0_332\jre\bin\sunmscapi.dll
0x00007ffeb4070000 - 0x00007ffeb41c6000 	C:\Windows\System32\CRYPT32.dll
0x00007ffeb3b40000 - 0x00007ffeb3b67000 	C:\Windows\SYSTEM32\ncrypt.dll
0x00007ffeb3b00000 - 0x00007ffeb3b3b000 	C:\Windows\SYSTEM32\NTASN1.dll
0x0000000180000000 - 0x0000000180053000 	C:\Users\Sun3k\.gradle\caches\minecraft\net\minecraft\natives\1.8.9\lwjgl64.dll
0x00007ffe7d620000 - 0x00007ffe7d746000 	C:\Windows\SYSTEM32\OPENGL32.dll
0x00007ffe7d5f0000 - 0x00007ffe7d61c000 	C:\Windows\SYSTEM32\GLU32.dll
0x00007ffe54250000 - 0x00007ffe543e5000 	C:\Users\Sun3k\.jdks\corretto-1.8.0_332\jre\bin\awt.dll
0x00007ffeb60f0000 - 0x00007ffeb61bd000 	C:\Windows\System32\OLEAUT32.dll
0x00007ffeb18b0000 - 0x00007ffeb1940000 	C:\Windows\SYSTEM32\apphelp.dll
0x00007ffeaeb70000 - 0x00007ffeaec1e000 	C:\Windows\SYSTEM32\mscms.dll
0x00007ffeaeb50000 - 0x00007ffeaeb61000 	C:\Windows\SYSTEM32\ColorAdapterClient.dll
0x00007ffeb1f70000 - 0x00007ffeb1f82000 	C:\Windows\SYSTEM32\kernel.appcore.dll
0x00007ffeb55d0000 - 0x00007ffeb5679000 	C:\Windows\System32\clbcatq.dll
0x00007ffeac730000 - 0x00007ffeac773000 	C:\Windows\System32\Windows.Internal.Graphics.Display.DisplayColorManagement.dll
0x00007ffeb41d0000 - 0x00007ffeb421e000 	C:\Windows\System32\cfgmgr32.dll
0x00007ffeb1a70000 - 0x00007ffeb1b0e000 	C:\Windows\system32\uxtheme.dll
0x00007ffeb5690000 - 0x00007ffeb57a5000 	C:\Windows\System32\MSCTF.dll
0x00007ffea19f0000 - 0x00007ffea1ae9000 	C:\Windows\SYSTEM32\textinputframework.dll
0x00007ffeb0ec0000 - 0x00007ffeb121e000 	C:\Windows\System32\CoreUIComponents.dll
0x00007ffeb15a0000 - 0x00007ffeb1692000 	C:\Windows\System32\CoreMessaging.dll
0x00007ffeafee0000 - 0x00007ffeb0034000 	C:\Windows\SYSTEM32\wintypes.dll
0x00007ffeb2d70000 - 0x00007ffeb2da3000 	C:\Windows\SYSTEM32\ntmarta.dll
0x00007ffead280000 - 0x00007ffead377000 	C:\Windows\System32\AppXDeploymentClient.dll
0x00007ffe96230000 - 0x00007ffe9625c000 	C:\Windows\System32\DriverStore\FileRepository\u0375335.inf_amd64_7de275617d9da25a\B374868\atig6pxx.dll
0x00007ffe47b80000 - 0x00007ffe4a9c3000 	C:\Windows\System32\DriverStore\FileRepository\u0375335.inf_amd64_7de275617d9da25a\B374868\atio6axx.dll
0x00007ffeb6350000 - 0x00007ffeb67bf000 	C:\Windows\System32\SETUPAPI.dll
0x00007ffe9f7f0000 - 0x00007ffe9f814000 	C:\Windows\SYSTEM32\dxva2.dll
0x00007ffeb67e0000 - 0x00007ffeb690a000 	C:\Windows\System32\ole32.dll
0x00007ffeb1c80000 - 0x00007ffeb1caf000 	C:\Windows\SYSTEM32\dwmapi.dll
0x00007ffe96180000 - 0x00007ffe961bf000 	C:\Windows\System32\DriverStore\FileRepository\u0375335.inf_amd64_7de275617d9da25a\B374868\atig6txx.dll
0x00007ffe6eee0000 - 0x00007ffe6f0b4000 	C:\Windows\SYSTEM32\atiadlxx.dll
0x00007ffe92cf0000 - 0x00007ffe92d39000 	C:\Windows\SYSTEM32\pdh.dll
0x00007ffeafab0000 - 0x00007ffeafba6000 	C:\Windows\SYSTEM32\PROPSYS.dll
0x00007ffeb3e20000 - 0x00007ffeb3e4c000 	C:\Windows\SYSTEM32\DEVOBJ.dll
0x00007ffeb48e0000 - 0x00007ffeb4947000 	C:\Windows\System32\WINTRUST.dll
0x00007ffeb3c60000 - 0x00007ffeb3c72000 	C:\Windows\SYSTEM32\MSASN1.dll
0x00007ffeabd00000 - 0x00007ffeabd3b000 	C:\Windows\SYSTEM32\dxcore.dll
0x00007ffe671f0000 - 0x00007ffe67233000 	C:\Windows\SYSTEM32\icm32.dll
0x000001c03fad0000 - 0x000001c03fb08000 	C:\Users\Sun3k\AppData\Local\Temp\jna\jna1182602027850056568.dll
0x00007ffe84ae0000 - 0x00007ffe84b2b000 	C:\ProgramData\obs-studio-hook\graphics-hook64.dll
0x0000000070a40000 - 0x0000000070adc000 	C:\Users\Sun3k\.gradle\caches\minecraft\net\minecraft\natives\1.8.9\avutil-ttv-51.dll
0x0000000065980000 - 0x00000000659d6000 	C:\Users\Sun3k\.gradle\caches\minecraft\net\minecraft\natives\1.8.9\swresample-ttv-0.dll
0x000000006eb80000 - 0x000000006ec50000 	C:\Users\Sun3k\.gradle\caches\minecraft\net\minecraft\natives\1.8.9\libmp3lame-ttv.dll
0x00007ffe51770000 - 0x00007ffe52b14000 	C:\Users\Sun3k\.gradle\caches\minecraft\net\minecraft\natives\1.8.9\libmfxsw64.dll
0x00007ffe60740000 - 0x00007ffe608ad000 	C:\Users\Sun3k\.gradle\caches\minecraft\net\minecraft\natives\1.8.9\twitchsdk.dll
0x00007ffe99ea0000 - 0x00007ffe9a376000 	C:\Windows\SYSTEM32\WININET.dll
0x00007ffeb0040000 - 0x00007ffeb02a3000 	C:\Windows\system32\d3d11.dll
0x00007ffeb2970000 - 0x00007ffeb2a63000 	C:\Windows\SYSTEM32\dxgi.dll
0x00007ffeab0e0000 - 0x00007ffeab298000 	C:\Windows\System32\DriverStore\FileRepository\u0375335.inf_amd64_7de275617d9da25a\B374868\aticfx64.dll
0x00007ffeaaf50000 - 0x00007ffeaaf89000 	C:\Windows\System32\DriverStore\FileRepository\u0375335.inf_amd64_7de275617d9da25a\B374868\atiuxp64.dll
0x00007ffea8df0000 - 0x00007ffeaad27000 	C:\Windows\System32\DriverStore\FileRepository\u0375335.inf_amd64_7de275617d9da25a\B374868\atidxx64.dll
0x00007ffea8ab0000 - 0x00007ffea8ae0000 	C:\Windows\SYSTEM32\amdihk64.dll
0x00007ffea8200000 - 0x00007ffea822b000 	C:\Windows\SYSTEM32\D3DSCache.dll
0x00007ffeada20000 - 0x00007ffeadc20000 	C:\Windows\SYSTEM32\twinapi.appcore.dll
0x000001c0498b0000 - 0x000001c049914000 	C:\Users\Sun3k\.gradle\caches\minecraft\net\minecraft\natives\1.8.9\OpenAL64.dll
0x00007ffeaad30000 - 0x00007ffeaadb5000 	C:\Windows\System32\MMDevApi.dll
0x00007ffe7eb30000 - 0x00007ffe7ebcc000 	C:\Windows\SYSTEM32\dsound.dll
0x00007ffe9a760000 - 0x00007ffe9a786000 	C:\Windows\SYSTEM32\winmmbase.dll
0x00007ffeb3730000 - 0x00007ffeb377b000 	C:\Windows\SYSTEM32\powrprof.dll
0x00007ffeb3630000 - 0x00007ffeb3642000 	C:\Windows\SYSTEM32\UMPDC.dll
0x00007ffeaadc0000 - 0x00007ffeaaf42000 	C:\Windows\SYSTEM32\AUDIOSES.DLL
0x00007ffeb1b80000 - 0x00007ffeb1b94000 	C:\Windows\SYSTEM32\resourcepolicyclient.dll
0x00007ffe9faf0000 - 0x00007ffe9fcd4000 	C:\Windows\SYSTEM32\dbghelp.dll

VM Arguments:
jvm_args: -agentlib:jdwp=transport=dt_socket,address=127.0.0.1:59382,suspend=y,server=n -javaagent:C:\Users\Sun3k\AppData\Local\JetBrains\IdeaIC2022.1\captureAgent\debugger-agent.jar -Dfile.encoding=UTF-8 
java_command: GradleStart --mixin mixins.sunrise.json --tweakClass org.spongepowered.asm.launch.MixinTweaker -Ddevauth.account --javaagent:C:\Users\Sun3k\.gradle\caches\modules-2\files-2.1\org.spongepowered\mixin\0.7.11-SNAPSHOT\7a670207bdb97db418118ad1e9bb42424ff3776d\mixin-0.7.11-SNAPSHOT.jar
java_class_path (initial): C:\Users\Sun3k\.jdks\corretto-1.8.0_332\jre\lib\charsets.jar;C:\Users\Sun3k\.jdks\corretto-1.8.0_332\jre\lib\ext\access-bridge-64.jar;C:\Users\Sun3k\.jdks\corretto-1.8.0_332\jre\lib\ext\cldrdata.jar;C:\Users\Sun3k\.jdks\corretto-1.8.0_332\jre\lib\ext\dnsns.jar;C:\Users\Sun3k\.jdks\corretto-1.8.0_332\jre\lib\ext\jaccess.jar;C:\Users\Sun3k\.jdks\corretto-1.8.0_332\jre\lib\ext\jfxrt.jar;C:\Users\Sun3k\.jdks\corretto-1.8.0_332\jre\lib\ext\localedata.jar;C:\Users\Sun3k\.jdks\corretto-1.8.0_332\jre\lib\ext\nashorn.jar;C:\Users\Sun3k\.jdks\corretto-1.8.0_332\jre\lib\ext\sunec.jar;C:\Users\Sun3k\.jdks\corretto-1.8.0_332\jre\lib\ext\sunjce_provider.jar;C:\Users\Sun3k\.jdks\corretto-1.8.0_332\jre\lib\ext\sunmscapi.jar;C:\Users\Sun3k\.jdks\corretto-1.8.0_332\jre\lib\ext\sunpkcs11.jar;C:\Users\Sun3k\.jdks\corretto-1.8.0_332\jre\lib\ext\zipfs.jar;C:\Users\Sun3k\.jdks\corretto-1.8.0_332\jre\lib\jce.jar;C:\Users\Sun3k\.jdks\corretto-1.8.0_332\jre\lib\jfr.jar;C:\Users\Sun3k\.jdks\corretto-1.8.0_332\jre\lib\jfxswt.jar;C:\Users\Sun3k\.jdks\corretto-1.8.0_332\jre\lib\jsse.jar;C:\Users\Sun3k\.jdks\corretto-1.8.0_332\jre\lib\management-agent.jar;C:\Users\Sun3k\.jdks\corretto-1.8.0_332\jre\lib\resources.jar;C:\Users\Sun3k\.jdks\corretto-1.8.0_332\jre\lib\rt.jar;C:\Users\Sun3k\IdeaProjects\Sunrise8\build\classes\java\main;C:\Users\Sun3k\.gradle\caches\minecraft\deobfedDeps\compileDummy.jar;C:\Users\Sun3k\.gradle\caches\minecraft\deobfedDeps\providedDummy.jar;C:\Users\Sun3k\.gradle\caches\modules-2\files-2.1\org.spongepowered\mixin\0.7.11-SNAPSHOT\7a670207bdb97db418118ad1e9bb42424ff3776d\mixin-0.7.11-SNAPSHOT.jar;C:\Users\Sun3k\.gradle\caches\modules-2\files-2.1\gg.essential\elementa-1.8.9-forge\507\38e5ea484636664fc185041360ee5e86cfc147b5\elementa-1.8.9-forge-507.jar;C:\Users\Sun3k\.gradle\caches\modules-2\files-2.1\com.google.guava\guava\17.0\9c6ef172e8de35fd8d4d8783e4821e57cdef7445\guava-17.0.jar;C:\Users\Sun3k\.gradle\caches\modules-2\files-2.1\commons-io\c
Launcher Type: SUN_STANDARD

Environment Variables:
JAVA_HOME=C:\Program Files\OpenJDK\jdk-18
PATH=C:\Windows\system32;C:\Windows;C:\Windows\System32\Wbem;C:\Windows\System32\WindowsPowerShell\v1.0\;C:\Windows\System32\OpenSSH\;C:\ProgramData\chocolatey\bin;C:\Program Files\Microsoft VS Code\bin;C:\Program Files (x86)\Yarn\bin\;C:\Program Files\nodejs\;C:\Program Files\Git\cmd;C:\Program Files\OpenJDK\jdk-18\bin;C:\Program Files\dotnet\;C:\Users\Sun3k\AppData\Local\Programs\Python\Python310\Scripts\;C:\Users\Sun3k\AppData\Local\Programs\Python\Python310\;C:\Users\Sun3k\AppData\Local\Microsoft\WindowsApps;C:\Users\Sun3k\AppData\Local\Yarn\bin;C:\Users\Sun3k\AppData\Roaming\npm;C:\Program Files\Oracle\VirtualBox;C:\Program Files\heroku\bin;C:\Program Files\JetBrains\IntelliJ IDEA Community Edition 2022.1.1\bin;;C:\Users\Sun3k\.dotnet\tools
USERNAME=Sun3k
OS=Windows_NT
PROCESSOR_IDENTIFIER=AMD64 Family 23 Model 24 Stepping 1, AuthenticAMD



---------------  S Y S T E M  ---------------

OS: Windows 10.0 , 64 bit Build 19041 (10.0.19041.1741)

CPU:total 8 (initial active 8) (8 cores per cpu, 1 threads per core) family 23 model 24 stepping 1, cmov, cx8, fxsr, mmx, sse, sse2, sse3, ssse3, sse4.1, sse4.2, popcnt, avx, avx2, aes, clmul, mmxext, 3dnowpref, lzcnt, sse4a, tsc, tscinvbit, tscinv, bmi1

Memory: 4k page, physical 6206224k(1160904k free), swap 19837712k(4951084k free)

vm_info: OpenJDK 64-Bit Server VM (25.332-b08) for windows-amd64 JRE (1.8.0_332-b08), built on Apr 16 2022 08:31:02 by "Administrator" with MS VC++ 12.0 (VS2013)

time: Mon Jun 20 15:59:46 2022
timezone: South Sudan Standard Time
elapsed time: 264.420809 seconds (0d 0h 4m 24s)

