#
# A fatal error has been detected by the Java Runtime Environment:
#
#  EXCEPTION_ACCESS_VIOLATION (0xc0000005) at pc=0x0000000000000000, pid=18044, tid=0x0000000000005790
#
# JRE version: OpenJDK Runtime Environment (8.0_332-b08) (build 1.8.0_332-b08)
# Java VM: OpenJDK 64-Bit Server VM (25.332-b08 mixed mode windows-amd64 compressed oops)
# Problematic frame:
# C  0x0000000000000000
#
# Failed to write core dump. Minidumps are not enabled by default on client versions of Windows
#
# If you would like to submit a bug report, please visit:
#   https://github.com/corretto/corretto-8/issues/
#

---------------  T H R E A D  ---------------

Current thread (0x0000013e612ce800):  VMThread [stack: 0x000000220dd00000,0x000000220de00000] [id=22416]

siginfo: ExceptionCode=0xc0000005, ExceptionInformation=0x0000000000000008 0x0000000000000000

Registers:
RAX=0x0000000000000000, RBX=0x0000000000000000, RCX=0x0000000000000001, RDX=0x00007ffe53fdf0b8
RSP=0x000000220ddfee08, RBP=0x0000013e4c42a250, RSI=0x0000000000010000, RDI=0x0000000000000000
R8 =0x000000220ce65000, R9 =0x0000000000000040, R10=0x0000000000000000, R11=0x0000013e08be00d0
R12=0x00007ffe7d6fe810, R13=0x0000000000000082, R14=0x00007ffe7d620000, R15=0x0000000000000001
RIP=0x0000000000000000, EFLAGS=0x0000000000010206

Top of Stack: (sp=0x000000220ddfee08)
0x000000220ddfee08:   00007ffe53fa2f2c 0000000000000000
0x000000220ddfee18:   0000013e4c42a250 0000000000000082
0x000000220ddfee28:   0000000000010000 0000000000000000
0x000000220ddfee38:   00007ffe53fa406e 0000000000000000
0x000000220ddfee48:   0000013e4c42a250 0000000000010000
0x000000220ddfee58:   0000013e66848318 0000000000000001
0x000000220ddfee68:   00007ffe7d626e2e 0000000000000000
0x000000220ddfee78:   0000000000000001 000000018004bb20
0x000000220ddfee88:   0000000000000000 0000000000000001
0x000000220ddfee98:   00007ffe7d627276 0000000000000000
0x000000220ddfeea8:   0000013e4c42a250 0000000000000001
0x000000220ddfeeb8:   0000000000000001 0000000000000000
0x000000220ddfeec8:   00007ffe7d6fe94f 0000000000000001
0x000000220ddfeed8:   0000000000000000 0000000000000000
0x000000220ddfeee8:   0000013e4c5b0b30 0000000100000001
0x000000220ddfeef8:   000000018000ecac 000000018001c558 

Instructions: (pc=0x0000000000000000)
0xffffffffffffffe0:   


Register to memory mapping:

RAX=0x0000000000000000 is an unknown value
RBX=0x0000000000000000 is an unknown value
RCX=0x0000000000000001 is an unknown value
RDX=0x00007ffe53fdf0b8 is an unknown value
RSP=0x000000220ddfee08 is an unknown value
RBP=0x0000013e4c42a250 is an unknown value
RSI=0x0000000000010000 is an unknown value
RDI=0x0000000000000000 is an unknown value
R8 =0x000000220ce65000 is an unknown value
R9 =0x0000000000000040 is an unknown value
R10=0x0000000000000000 is an unknown value
R11=0x0000013e08be00d0 is an unknown value
R12=0x00007ffe7d6fe810 is an unknown value
R13=0x0000000000000082 is an unknown value
R14=0x00007ffe7d620000 is an unknown value
R15=0x0000000000000001 is an unknown value


Stack: [0x000000220dd00000,0x000000220de00000],  sp=0x000000220ddfee08,  free space=1019k
Native frames: (J=compiled Java code, j=interpreted, Vv=VM code, C=native code)

VM_Operation (0x000000220d3fedb0): Exit, mode: safepoint, requested by thread 0x0000013e69794800


---------------  P R O C E S S  ---------------

Java Threads: ( => current thread )
  0x0000013e69794800 JavaThread "SIGINT handler" daemon [_thread_blocked, id=13848, stack(0x000000220d300000,0x000000220d400000)]
  0x0000013e64692000 JavaThread "Netty Client IO #5" daemon [_thread_blocked, id=13824, stack(0x0000002210200000,0x0000002210300000)]
  0x0000013e64691000 JavaThread "Netty Client IO #4" daemon [_thread_in_native, id=18064, stack(0x0000002210f00000,0x0000002211000000)]
  0x0000013e6468f800 JavaThread "Netty Client IO #3" daemon [_thread_in_native, id=9200, stack(0x0000002210e00000,0x0000002210f00000)]
  0x0000013e64690000 JavaThread "Netty Client IO #2" daemon [_thread_in_native, id=10572, stack(0x0000002210d00000,0x0000002210e00000)]
  0x0000013e64687800 JavaThread "Netty Client IO #1" daemon [_thread_in_native, id=17156, stack(0x0000002210c00000,0x0000002210d00000)]
  0x0000013e6468b800 JavaThread "Netty Client IO #0" daemon [_thread_in_native, id=14460, stack(0x0000002210a00000,0x0000002210b00000)]
  0x0000013e64689000 JavaThread "Server Pinger #4" daemon [_thread_blocked, id=14316, stack(0x0000002210800000,0x0000002210900000)]
  0x0000013e6468c800 JavaThread "Server Pinger #3" daemon [_thread_blocked, id=20572, stack(0x0000002210700000,0x0000002210800000)]
  0x0000013e6468d000 JavaThread "Server Pinger #2" daemon [_thread_blocked, id=22144, stack(0x0000002210600000,0x0000002210700000)]
  0x0000013e6468e800 JavaThread "Server Pinger #1" daemon [_thread_blocked, id=5844, stack(0x0000002210500000,0x0000002210600000)]
  0x0000013e6468a800 JavaThread "Thread-13" daemon [_thread_in_native, id=19436, stack(0x0000002210400000,0x0000002210500000)]
  0x0000013e64688800 JavaThread "Server Pinger #0" daemon [_thread_blocked, id=2060, stack(0x0000002210300000,0x0000002210400000)]
  0x0000013e63e3c800 JavaThread "Thread-12" [_thread_blocked, id=16376, stack(0x000000220fd00000,0x000000220fe00000)]
  0x0000013e63e3a800 JavaThread "Thread-11" [_thread_blocked, id=16464, stack(0x000000220f800000,0x000000220f900000)]
  0x0000013e63e3f800 JavaThread "Chunk Batcher 1" daemon [_thread_blocked, id=3524, stack(0x000000220fa00000,0x000000220fb00000)]
  0x0000013e63e3e000 JavaThread "Chunk Batcher 0" daemon [_thread_blocked, id=21924, stack(0x000000220f900000,0x000000220fa00000)]
  0x0000013e658c6000 JavaThread "LWJGL Timer" daemon [_thread_blocked, id=9880, stack(0x000000220f100000,0x000000220f200000)]
  0x0000013e69e69800 JavaThread "Java2D Disposer" daemon [_thread_blocked, id=3252, stack(0x000000220ee00000,0x000000220ef00000)]
  0x0000013e6aa3e000 JavaThread "Timer hack thread" daemon [_thread_blocked, id=8924, stack(0x000000220ed00000,0x000000220ee00000)]
  0x0000013e67f6f000 JavaThread "Snooper Timer" daemon [_thread_blocked, id=1444, stack(0x000000220ec00000,0x000000220ed00000)]
  0x0000013e659da000 JavaThread "Snooper Timer" daemon [_thread_blocked, id=15328, stack(0x000000220eb00000,0x000000220ec00000)]
  0x0000013e63224000 JavaThread "Service Thread" daemon [_thread_blocked, id=13324, stack(0x000000220e900000,0x000000220ea00000)]
  0x0000013e6138a000 JavaThread "C1 CompilerThread3" daemon [_thread_blocked, id=22224, stack(0x000000220e800000,0x000000220e900000)]
  0x0000013e61386800 JavaThread "C2 CompilerThread2" daemon [_thread_blocked, id=19104, stack(0x000000220e700000,0x000000220e800000)]
  0x0000013e61384800 JavaThread "C2 CompilerThread1" daemon [_thread_blocked, id=15160, stack(0x000000220e600000,0x000000220e700000)]
  0x0000013e63192800 JavaThread "C2 CompilerThread0" daemon [_thread_blocked, id=15312, stack(0x000000220e500000,0x000000220e600000)]
  0x0000013e6135d800 JavaThread "JDWP Event Helper Thread" daemon [_thread_blocked, id=9836, stack(0x000000220e300000,0x000000220e400000)]
  0x0000013e6133c800 JavaThread "Attach Listener" daemon [_thread_blocked, id=9276, stack(0x000000220e100000,0x000000220e200000)]
  0x0000013e61336800 JavaThread "Signal Dispatcher" daemon [_thread_blocked, id=11324, stack(0x000000220e000000,0x000000220e100000)]
  0x0000013e61307000 JavaThread "Finalizer" daemon [_thread_blocked, id=1208, stack(0x000000220df00000,0x000000220e000000)]
  0x0000013e612ff800 JavaThread "Reference Handler" daemon [_thread_blocked, id=21840, stack(0x000000220de00000,0x000000220df00000)]
  0x0000013e4c407800 JavaThread "Client thread" [_thread_blocked, id=13712, stack(0x000000220d400000,0x000000220d500000)]

Other Threads:
=>0x0000013e612ce800 VMThread [stack: 0x000000220dd00000,0x000000220de00000] [id=22416]

VM state:at safepoint (shutting down)

VM Mutex/Monitor currently owned by a thread:  ([mutex/lock_event])
[0x0000013e4c4066f0] Threads_lock - owner thread: 0x0000013e612ce800

heap address: 0x00000000a1400000, size: 1516 MB, Compressed Oops mode: 32-bit
Narrow klass base: 0x0000000000000000, Narrow klass shift: 3
Compressed class space size: 1073741824 Address: 0x0000000100000000

Heap:
 PSYoungGen      total 436224K, used 355604K [0x00000000e0700000, 0x00000000fc880000, 0x0000000100000000)
  eden space 413184K, 82% used [0x00000000e0700000,0x00000000f5371320,0x00000000f9a80000)
  from space 23040K, 65% used [0x00000000fb200000,0x00000000fc0d3de8,0x00000000fc880000)
  to   space 23552K, 0% used [0x00000000f9a80000,0x00000000f9a80000,0x00000000fb180000)
 ParOldGen       total 388608K, used 281272K [0x00000000a1400000, 0x00000000b8f80000, 0x00000000e0700000)
  object space 388608K, 72% used [0x00000000a1400000,0x00000000b26ae2e8,0x00000000b8f80000)
 Metaspace       used 53465K, capacity 53959K, committed 54400K, reserved 1097728K
  class space    used 6325K, capacity 6450K, committed 6528K, reserved 1048576K

Card table byte_map: [0x0000013e5d130000,0x0000013e5d430000] byte_map_base: 0x0000013e5cc26000

Marking Bits: (ParMarkBitMap*) 0x0000000064027850
 Begin Bits: [0x0000013e5d630000, 0x0000013e5ede0000)
 End Bits:   [0x0000013e5ede0000, 0x0000013e60590000)

Polling page: 0x0000013e4c4c0000

CodeCache: size=245760Kb used=39948Kb max_used=41380Kb free=205811Kb
 bounds [0x0000013e4dd70000, 0x0000013e50650000, 0x0000013e5cd70000]
 total_blobs=10457 nmethods=9551 adapters=825
 compilation: enabled

Compilation events (10 events):
Event: 371.710 Thread 0x0000013e63192800 14098 %     4       net.minecraft.world.chunk.Chunk::generateSkylightMap @ 125 (261 bytes)
Event: 371.740 Thread 0x0000013e63192800 nmethod 14098% 0x0000013e4f65c010 code [0x0000013e4f65c1e0, 0x0000013e4f65d848]
Event: 371.845 Thread 0x0000013e6138a000 14099       3       net.minecraft.client.renderer.entity.layers.LayerHeldItem::doRenderLayer (213 bytes)
Event: 371.861 Thread 0x0000013e6138a000 nmethod 14099 0x0000013e501e5490 code [0x0000013e501e5f60, 0x0000013e501ebe10]
Event: 372.223 Thread 0x0000013e6138a000 14100       3       org.apache.logging.log4j.core.helpers.NameUtil::getSubName (32 bytes)
Event: 372.224 Thread 0x0000013e6138a000 nmethod 14100 0x0000013e5043f6d0 code [0x0000013e5043f860, 0x0000013e5043fe00]
Event: 372.224 Thread 0x0000013e61384800 14101       4       net.sunderw.ssidlogin.events.MotionEvent::<init> (17 bytes)
Event: 372.226 Thread 0x0000013e61384800 nmethod 14101 0x0000013e4f65bc10 code [0x0000013e4f65bd60, 0x0000013e4f65be98]
Event: 372.234 Thread 0x0000013e6138a000 14102       1       org.apache.logging.log4j.core.config.LoggerConfig::getLevel (5 bytes)
Event: 372.235 Thread 0x0000013e6138a000 nmethod 14102 0x0000013e4f8e5d10 code [0x0000013e4f8e5e60, 0x0000013e4f8e5f78]

GC Heap History (10 events):
Event: 337.080 GC heap before
{Heap before GC invocations=122 (full 8):
 PSYoungGen      total 428544K, used 425138K [0x00000000e0700000, 0x00000000fc580000, 0x0000000100000000)
  eden space 404992K, 100% used [0x00000000e0700000,0x00000000f9280000,0x00000000f9280000)
  from space 23552K, 85% used [0x00000000f9280000,0x00000000fa62c938,0x00000000fa980000)
  to   space 24576K, 0% used [0x00000000fad80000,0x00000000fad80000,0x00000000fc580000)
 ParOldGen       total 388608K, used 278099K [0x00000000a1400000, 0x00000000b8f80000, 0x00000000e0700000)
  object space 388608K, 71% used [0x00000000a1400000,0x00000000b2394f38,0x00000000b8f80000)
 Metaspace       used 53438K, capacity 53959K, committed 54400K, reserved 1097728K
  class space    used 6322K, capacity 6450K, committed 6528K, reserved 1048576K
Event: 337.102 GC heap after
Heap after GC invocations=122 (full 8):
 PSYoungGen      total 431616K, used 21039K [0x00000000e0700000, 0x00000000fc780000, 0x0000000100000000)
  eden space 407040K, 0% used [0x00000000e0700000,0x00000000e0700000,0x00000000f9480000)
  from space 24576K, 85% used [0x00000000fad80000,0x00000000fc20bdb8,0x00000000fc580000)
  to   space 25600K, 0% used [0x00000000f9480000,0x00000000f9480000,0x00000000fad80000)
 ParOldGen       total 388608K, used 278243K [0x00000000a1400000, 0x00000000b8f80000, 0x00000000e0700000)
  object space 388608K, 71% used [0x00000000a1400000,0x00000000b23b8f38,0x00000000b8f80000)
 Metaspace       used 53438K, capacity 53959K, committed 54400K, reserved 1097728K
  class space    used 6322K, capacity 6450K, committed 6528K, reserved 1048576K
}
Event: 343.498 GC heap before
{Heap before GC invocations=123 (full 8):
 PSYoungGen      total 431616K, used 428079K [0x00000000e0700000, 0x00000000fc780000, 0x0000000100000000)
  eden space 407040K, 100% used [0x00000000e0700000,0x00000000f9480000,0x00000000f9480000)
  from space 24576K, 85% used [0x00000000fad80000,0x00000000fc20bdb8,0x00000000fc580000)
  to   space 25600K, 0% used [0x00000000f9480000,0x00000000f9480000,0x00000000fad80000)
 ParOldGen       total 388608K, used 278243K [0x00000000a1400000, 0x00000000b8f80000, 0x00000000e0700000)
  object space 388608K, 71% used [0x00000000a1400000,0x00000000b23b8f38,0x00000000b8f80000)
 Metaspace       used 53440K, capacity 53959K, committed 54400K, reserved 1097728K
  class space    used 6322K, capacity 6450K, committed 6528K, reserved 1048576K
Event: 343.510 GC heap after
Heap after GC invocations=123 (full 8):
 PSYoungGen      total 432640K, used 17442K [0x00000000e0700000, 0x00000000fc780000, 0x0000000100000000)
  eden space 407040K, 0% used [0x00000000e0700000,0x00000000e0700000,0x00000000f9480000)
  from space 25600K, 68% used [0x00000000f9480000,0x00000000fa588988,0x00000000fad80000)
  to   space 24576K, 0% used [0x00000000faf80000,0x00000000faf80000,0x00000000fc780000)
 ParOldGen       total 388608K, used 278363K [0x00000000a1400000, 0x00000000b8f80000, 0x00000000e0700000)
  object space 388608K, 71% used [0x00000000a1400000,0x00000000b23d6f38,0x00000000b8f80000)
 Metaspace       used 53440K, capacity 53959K, committed 54400K, reserved 1097728K
  class space    used 6322K, capacity 6450K, committed 6528K, reserved 1048576K
}
Event: 350.135 GC heap before
{Heap before GC invocations=124 (full 8):
 PSYoungGen      total 432640K, used 424482K [0x00000000e0700000, 0x00000000fc780000, 0x0000000100000000)
  eden space 407040K, 100% used [0x00000000e0700000,0x00000000f9480000,0x00000000f9480000)
  from space 25600K, 68% used [0x00000000f9480000,0x00000000fa588988,0x00000000fad80000)
  to   space 24576K, 0% used [0x00000000faf80000,0x00000000faf80000,0x00000000fc780000)
 ParOldGen       total 388608K, used 278363K [0x00000000a1400000, 0x00000000b8f80000, 0x00000000e0700000)
  object space 388608K, 71% used [0x00000000a1400000,0x00000000b23d6f38,0x00000000b8f80000)
 Metaspace       used 53440K, capacity 53959K, committed 54400K, reserved 1097728K
  class space    used 6322K, capacity 6450K, committed 6528K, reserved 1048576K
Event: 350.149 GC heap after
Heap after GC invocations=124 (full 8):
 PSYoungGen      total 433664K, used 17128K [0x00000000e0700000, 0x00000000fc680000, 0x0000000100000000)
  eden space 410112K, 0% used [0x00000000e0700000,0x00000000e0700000,0x00000000f9780000)
  from space 23552K, 72% used [0x00000000faf80000,0x00000000fc03a3f8,0x00000000fc680000)
  to   space 24064K, 0% used [0x00000000f9780000,0x00000000f9780000,0x00000000faf00000)
 ParOldGen       total 388608K, used 278483K [0x00000000a1400000, 0x00000000b8f80000, 0x00000000e0700000)
  object space 388608K, 71% used [0x00000000a1400000,0x00000000b23f4f38,0x00000000b8f80000)
 Metaspace       used 53440K, capacity 53959K, committed 54400K, reserved 1097728K
  class space    used 6322K, capacity 6450K, committed 6528K, reserved 1048576K
}
Event: 355.417 GC heap before
{Heap before GC invocations=125 (full 8):
 PSYoungGen      total 433664K, used 427240K [0x00000000e0700000, 0x00000000fc680000, 0x0000000100000000)
  eden space 410112K, 100% used [0x00000000e0700000,0x00000000f9780000,0x00000000f9780000)
  from space 23552K, 72% used [0x00000000faf80000,0x00000000fc03a3f8,0x00000000fc680000)
  to   space 24064K, 0% used [0x00000000f9780000,0x00000000f9780000,0x00000000faf00000)
 ParOldGen       total 388608K, used 278483K [0x00000000a1400000, 0x00000000b8f80000, 0x00000000e0700000)
  object space 388608K, 71% used [0x00000000a1400000,0x00000000b23f4f38,0x00000000b8f80000)
 Metaspace       used 53441K, capacity 53959K, committed 54400K, reserved 1097728K
  class space    used 6322K, capacity 6450K, committed 6528K, reserved 1048576K
Event: 355.432 GC heap after
Heap after GC invocations=125 (full 8):
 PSYoungGen      total 434176K, used 14366K [0x00000000e0700000, 0x00000000fc980000, 0x0000000100000000)
  eden space 410112K, 0% used [0x00000000e0700000,0x00000000e0700000,0x00000000f9780000)
  from space 24064K, 59% used [0x00000000f9780000,0x00000000fa5878e8,0x00000000faf00000)
  to   space 24064K, 0% used [0x00000000fb200000,0x00000000fb200000,0x00000000fc980000)
 ParOldGen       total 388608K, used 279146K [0x00000000a1400000, 0x00000000b8f80000, 0x00000000e0700000)
  object space 388608K, 71% used [0x00000000a1400000,0x00000000b249ab98,0x00000000b8f80000)
 Metaspace       used 53441K, capacity 53959K, committed 54400K, reserved 1097728K
  class space    used 6322K, capacity 6450K, committed 6528K, reserved 1048576K
}
Event: 362.886 GC heap before
{Heap before GC invocations=126 (full 8):
 PSYoungGen      total 434176K, used 424478K [0x00000000e0700000, 0x00000000fc980000, 0x0000000100000000)
  eden space 410112K, 100% used [0x00000000e0700000,0x00000000f9780000,0x00000000f9780000)
  from space 24064K, 59% used [0x00000000f9780000,0x00000000fa5878e8,0x00000000faf00000)
  to   space 24064K, 0% used [0x00000000fb200000,0x00000000fb200000,0x00000000fc980000)
 ParOldGen       total 388608K, used 279146K [0x00000000a1400000, 0x00000000b8f80000, 0x00000000e0700000)
  object space 388608K, 71% used [0x00000000a1400000,0x00000000b249ab98,0x00000000b8f80000)
 Metaspace       used 53452K, capacity 53959K, committed 54400K, reserved 1097728K
  class space    used 6322K, capacity 6450K, committed 6528K, reserved 1048576K
Event: 362.898 GC heap after
Heap after GC invocations=126 (full 8):
 PSYoungGen      total 436224K, used 15183K [0x00000000e0700000, 0x00000000fc880000, 0x0000000100000000)
  eden space 413184K, 0% used [0x00000000e0700000,0x00000000e0700000,0x00000000f9a80000)
  from space 23040K, 65% used [0x00000000fb200000,0x00000000fc0d3de8,0x00000000fc880000)
  to   space 23552K, 0% used [0x00000000f9a80000,0x00000000f9a80000,0x00000000fb180000)
 ParOldGen       total 388608K, used 281272K [0x00000000a1400000, 0x00000000b8f80000, 0x00000000e0700000)
  object space 388608K, 72% used [0x00000000a1400000,0x00000000b26ae2e8,0x00000000b8f80000)
 Metaspace       used 53452K, capacity 53959K, committed 54400K, reserved 1097728K
  class space    used 6322K, capacity 6450K, committed 6528K, reserved 1048576K
}

Deoptimization events (10 events):
Event: 370.777 Thread 0x0000013e4c407800 Uncommon trap: reason=unstable_if action=reinterpret pc=0x0000013e5012ba9c method=net.minecraft.client.renderer.entity.layers.LayerHeldItem.doRenderLayer(Lnet/minecraft/entity/EntityLivingBase;FFFFFFF)V @ 94
Event: 370.778 Thread 0x0000013e4c407800 Uncommon trap: reason=unstable_if action=reinterpret pc=0x0000013e4f720370 method=net.minecraft.item.ItemStack.isItemStackDamageable()Z @ 30
Event: 370.779 Thread 0x0000013e4c407800 Uncommon trap: reason=unstable_if action=reinterpret pc=0x0000013e4ea48c20 method=net.minecraft.client.renderer.ItemModelMesher.getMetadata(Lnet/minecraft/item/ItemStack;)I @ 4
Event: 371.180 Thread 0x0000013e4c407800 Uncommon trap: reason=unstable_if action=reinterpret pc=0x0000013e50474a40 method=net.minecraft.entity.player.EntityPlayer.onLivingUpdate()V @ 452
Event: 371.667 Thread 0x0000013e4c407800 Uncommon trap: reason=unstable_if action=reinterpret pc=0x0000013e4eb538e8 method=net.minecraft.world.chunk.Chunk.generateSkylightMap()V @ 144
Event: 371.678 Thread 0x0000013e4c407800 Uncommon trap: reason=unstable_if action=reinterpret pc=0x0000013e4e40fd34 method=net.minecraft.world.chunk.Chunk.generateSkylightMap()V @ 144
Event: 371.679 Thread 0x0000013e4c407800 Uncommon trap: reason=unstable_if action=reinterpret pc=0x0000013e4fae5798 method=net.minecraft.world.chunk.Chunk.generateSkylightMap()V @ 144
Event: 372.230 Thread 0x0000013e64692000 Uncommon trap: reason=class_check action=maybe_recompile pc=0x0000013e4e7809e0 method=org.apache.logging.log4j.core.Logger$PrivateConfig.filter(Lorg/apache/logging/log4j/Level;Lorg/apache/logging/log4j/Marker;Ljava/lang/String;)Z @ 4
Event: 372.235 Thread 0x0000013e64692000 Uncommon trap: reason=class_check action=maybe_recompile pc=0x0000013e4e7809e0 method=org.apache.logging.log4j.core.Logger$PrivateConfig.filter(Lorg/apache/logging/log4j/Level;Lorg/apache/logging/log4j/Marker;Ljava/lang/String;)Z @ 4
Event: 372.242 Thread 0x0000013e64692000 Uncommon trap: reason=class_check action=maybe_recompile pc=0x0000013e4e7809e0 method=org.apache.logging.log4j.core.Logger$PrivateConfig.filter(Lorg/apache/logging/log4j/Level;Lorg/apache/logging/log4j/Marker;Ljava/lang/String;)Z @ 4

Classes redefined (0 events):
No events

Internal exceptions (10 events):
Event: 370.900 Thread 0x0000013e63e3a800 Exception <a 'java/lang/InterruptedException': sleep interrupted> (0x00000000f20bae18) thrown at [C:\wsjdk\Corretto8Src\installers\windows\zip\corretto-build\buildRoot\src\hotspot\src\share\vm\prims\jvm.cpp, line 3384]
Event: 370.900 Thread 0x0000013e63e3a800 Exception <a 'java/lang/InterruptedException': sleep interrupted> (0x00000000f20bb0c0) thrown at [C:\wsjdk\Corretto8Src\installers\windows\zip\corretto-build\buildRoot\src\hotspot\src\share\vm\prims\jvm.cpp, line 3337]
Event: 371.027 Thread 0x0000013e63e3a800 Exception <a 'java/lang/InterruptedException': sleep interrupted> (0x00000000f20bb318) thrown at [C:\wsjdk\Corretto8Src\installers\windows\zip\corretto-build\buildRoot\src\hotspot\src\share\vm\prims\jvm.cpp, line 3384]
Event: 371.027 Thread 0x0000013e63e3a800 Exception <a 'java/lang/InterruptedException': sleep interrupted> (0x00000000f20bb5c0) thrown at [C:\wsjdk\Corretto8Src\installers\windows\zip\corretto-build\buildRoot\src\hotspot\src\share\vm\prims\jvm.cpp, line 3384]
Event: 371.292 Thread 0x0000013e63e3a800 Exception <a 'java/lang/InterruptedException': sleep interrupted> (0x00000000f20bb818) thrown at [C:\wsjdk\Corretto8Src\installers\windows\zip\corretto-build\buildRoot\src\hotspot\src\share\vm\prims\jvm.cpp, line 3384]
Event: 371.333 Thread 0x0000013e63e3a800 Exception <a 'java/lang/InterruptedException': sleep interrupted> (0x00000000f3c8e2b0) thrown at [C:\wsjdk\Corretto8Src\installers\windows\zip\corretto-build\buildRoot\src\hotspot\src\share\vm\prims\jvm.cpp, line 3384]
Event: 371.334 Thread 0x0000013e63e3a800 Exception <a 'java/lang/InterruptedException': sleep interrupted> (0x00000000f3c8e530) thrown at [C:\wsjdk\Corretto8Src\installers\windows\zip\corretto-build\buildRoot\src\hotspot\src\share\vm\prims\jvm.cpp, line 3384]
Event: 371.499 Thread 0x0000013e63e3a800 Exception <a 'java/lang/InterruptedException': sleep interrupted> (0x00000000f3c8e7b0) thrown at [C:\wsjdk\Corretto8Src\installers\windows\zip\corretto-build\buildRoot\src\hotspot\src\share\vm\prims\jvm.cpp, line 3384]
Event: 371.784 Thread 0x0000013e63e3a800 Exception <a 'java/lang/InterruptedException': sleep interrupted> (0x00000000f3c8ea08) thrown at [C:\wsjdk\Corretto8Src\installers\windows\zip\corretto-build\buildRoot\src\hotspot\src\share\vm\prims\jvm.cpp, line 3384]
Event: 371.784 Thread 0x0000013e63e3a800 Exception <a 'java/lang/InterruptedException': sleep interrupted> (0x00000000f3c8ec88) thrown at [C:\wsjdk\Corretto8Src\installers\windows\zip\corretto-build\buildRoot\src\hotspot\src\share\vm\prims\jvm.cpp, line 3384]

Events (10 events):
Event: 372.235 Thread 0x0000013e64692000 Uncommon trap: trap_request=0xffffffde fr.pc=0x0000013e4e7809e0
Event: 372.235 Thread 0x0000013e64692000 DEOPT PACKING pc=0x0000013e4e7809e0 sp=0x00000022102ff0f0
Event: 372.236 Thread 0x0000013e64692000 DEOPT UNPACKING pc=0x0000013e4ddb5583 sp=0x00000022102fef38 mode 2
Event: 372.238 Executing VM operation: RevokeBias
Event: 372.239 Executing VM operation: RevokeBias done
Event: 372.242 Thread 0x0000013e64692000 Uncommon trap: trap_request=0xffffffde fr.pc=0x0000013e4e7809e0
Event: 372.242 Thread 0x0000013e64692000 DEOPT PACKING pc=0x0000013e4e7809e0 sp=0x00000022102ff0f0
Event: 372.242 Thread 0x0000013e64692000 DEOPT UNPACKING pc=0x0000013e4ddb5583 sp=0x00000022102fef38 mode 2
Event: 372.242 Thread 0x0000013e6979b800 Thread exited: 0x0000013e6979b800
Event: 372.255 Executing VM operation: Exit


Dynamic libraries:
0x00007ff6fdee0000 - 0x00007ff6fdf1a000 	C:\Users\Sun3k\.jdks\corretto-1.8.0_332\bin\java.exe
0x00007ffeb6950000 - 0x00007ffeb6b47000 	C:\Windows\SYSTEM32\ntdll.dll
0x00007ffeb49b0000 - 0x00007ffeb4a6d000 	C:\Windows\System32\KERNEL32.DLL
0x00007ffeb4480000 - 0x00007ffeb474d000 	C:\Windows\System32\KERNELBASE.dll
0x00007ffeb5160000 - 0x00007ffeb520e000 	C:\Windows\System32\ADVAPI32.dll
0x00007ffeb62b0000 - 0x00007ffeb634e000 	C:\Windows\System32\msvcrt.dll
0x00007ffeb5f70000 - 0x00007ffeb600c000 	C:\Windows\System32\sechost.dll
0x00007ffeb5210000 - 0x00007ffeb5335000 	C:\Windows\System32\RPCRT4.dll
0x00007ffeb53a0000 - 0x00007ffeb5540000 	C:\Windows\System32\USER32.dll
0x00007ffeb4950000 - 0x00007ffeb4972000 	C:\Windows\System32\win32u.dll
0x00007ffeb61d0000 - 0x00007ffeb61fa000 	C:\Windows\System32\GDI32.dll
0x00007ffeb4220000 - 0x00007ffeb432b000 	C:\Windows\System32\gdi32full.dll
0x00007ffeb43e0000 - 0x00007ffeb447d000 	C:\Windows\System32\msvcp_win.dll
0x00007ffeb47e0000 - 0x00007ffeb48e0000 	C:\Windows\System32\ucrtbase.dll
0x00007ffe9dfe0000 - 0x00007ffe9e27a000 	C:\Windows\WinSxS\amd64_microsoft.windows.common-controls_6595b64144ccf1df_6.0.19041.1110_none_60b5254171f9507e\COMCTL32.dll
0x00007ffeb55a0000 - 0x00007ffeb55d0000 	C:\Windows\System32\IMM32.DLL
0x00007ffeabda0000 - 0x00007ffeabe8f000 	C:\Users\Sun3k\.jdks\corretto-1.8.0_332\jre\bin\msvcr120.dll
0x00007ffe96e30000 - 0x00007ffe96ed6000 	C:\Users\Sun3k\.jdks\corretto-1.8.0_332\jre\bin\msvcp120.dll
0x0000000063830000 - 0x00000000640a6000 	C:\Users\Sun3k\.jdks\corretto-1.8.0_332\jre\bin\server\jvm.dll
0x00007ffeb61c0000 - 0x00007ffeb61c8000 	C:\Windows\System32\PSAPI.DLL
0x00007ffeab0b0000 - 0x00007ffeab0d7000 	C:\Windows\SYSTEM32\WINMM.dll
0x00007ffead3a0000 - 0x00007ffead3aa000 	C:\Windows\SYSTEM32\VERSION.dll
0x00007ffe9d810000 - 0x00007ffe9d819000 	C:\Windows\SYSTEM32\WSOCK32.dll
0x00007ffeb5060000 - 0x00007ffeb50cb000 	C:\Windows\System32\WS2_32.dll
0x00007ffeafd00000 - 0x00007ffeafd0f000 	C:\Users\Sun3k\.jdks\corretto-1.8.0_332\jre\bin\verify.dll
0x00007ffeafcb0000 - 0x00007ffeafcd9000 	C:\Users\Sun3k\.jdks\corretto-1.8.0_332\jre\bin\java.dll
0x00007ffe96df0000 - 0x00007ffe96e25000 	C:\Users\Sun3k\.jdks\corretto-1.8.0_332\jre\bin\jdwp.dll
0x00007ffeafc50000 - 0x00007ffeafc58000 	C:\Users\Sun3k\.jdks\corretto-1.8.0_332\jre\bin\npt.dll
0x00007ffe60e30000 - 0x00007ffe60e5a000 	C:\Users\Sun3k\.jdks\corretto-1.8.0_332\jre\bin\instrument.dll
0x00007ffeaea10000 - 0x00007ffeaea26000 	C:\Users\Sun3k\.jdks\corretto-1.8.0_332\jre\bin\zip.dll
0x00007ffeb57b0000 - 0x00007ffeb5ef4000 	C:\Windows\System32\SHELL32.dll
0x00007ffeb2170000 - 0x00007ffeb2904000 	C:\Windows\SYSTEM32\windows.storage.dll
0x00007ffeb4a70000 - 0x00007ffeb4dc4000 	C:\Windows\System32\combase.dll
0x00007ffeb3ad0000 - 0x00007ffeb3afc000 	C:\Windows\SYSTEM32\Wldp.dll
0x00007ffeb6200000 - 0x00007ffeb62ad000 	C:\Windows\System32\SHCORE.dll
0x00007ffeb5540000 - 0x00007ffeb5595000 	C:\Windows\System32\shlwapi.dll
0x00007ffeb3fb0000 - 0x00007ffeb3fcf000 	C:\Windows\SYSTEM32\profapi.dll
0x00007ffeafc40000 - 0x00007ffeafc49000 	C:\Users\Sun3k\.jdks\corretto-1.8.0_332\jre\bin\dt_socket.dll
0x00007ffeb3830000 - 0x00007ffeb389a000 	C:\Windows\system32\mswsock.dll
0x00007ffeafcf0000 - 0x00007ffeafcfd000 	C:\Users\Sun3k\.jdks\corretto-1.8.0_332\jre\bin\management.dll
0x00007ffeae6c0000 - 0x00007ffeae6da000 	C:\Users\Sun3k\.jdks\corretto-1.8.0_332\jre\bin\net.dll
0x00007ffeae6a0000 - 0x00007ffeae6b2000 	C:\Users\Sun3k\.jdks\corretto-1.8.0_332\jre\bin\nio.dll
0x00007ffeb3a20000 - 0x00007ffeb3a38000 	C:\Windows\SYSTEM32\CRYPTSP.dll
0x00007ffeb3140000 - 0x00007ffeb3174000 	C:\Windows\system32\rsaenh.dll
0x00007ffeb4980000 - 0x00007ffeb49a7000 	C:\Windows\System32\bcrypt.dll
0x00007ffeb3f30000 - 0x00007ffeb3f5e000 	C:\Windows\SYSTEM32\USERENV.dll
0x00007ffeb4750000 - 0x00007ffeb47d2000 	C:\Windows\System32\bcryptprimitives.dll
0x00007ffeb3a40000 - 0x00007ffeb3a4c000 	C:\Windows\SYSTEM32\CRYPTBASE.dll
0x00007ffeb34b0000 - 0x00007ffeb34eb000 	C:\Windows\SYSTEM32\IPHLPAPI.DLL
0x00007ffeb5f60000 - 0x00007ffeb5f68000 	C:\Windows\System32\NSI.dll
0x00007ffea8bc0000 - 0x00007ffea8bd7000 	C:\Windows\SYSTEM32\dhcpcsvc6.DLL
0x00007ffeab020000 - 0x00007ffeab03d000 	C:\Windows\SYSTEM32\dhcpcsvc.DLL
0x00007ffeb34f0000 - 0x00007ffeb35bb000 	C:\Windows\SYSTEM32\DNSAPI.dll
0x00007ffeaeab0000 - 0x00007ffeaeaba000 	C:\Users\Sun3k\AppData\Local\Temp\jansi-64-6571273950926980963.dll
0x00007ffe77a30000 - 0x00007ffe77a47000 	C:\Windows\system32\napinsp.dll
0x00007ffe629d0000 - 0x00007ffe629eb000 	C:\Windows\system32\pnrpnsp.dll
0x00007ffeaee60000 - 0x00007ffeaee75000 	C:\Windows\system32\wshbth.dll
0x00007ffeafbb0000 - 0x00007ffeafbcd000 	C:\Windows\system32\NLAapi.dll
0x00007ffe629b0000 - 0x00007ffe629c2000 	C:\Windows\System32\winrnr.dll
0x00007ffea8160000 - 0x00007ffea816a000 	C:\Windows\System32\rasadhlp.dll
0x00007ffea7d30000 - 0x00007ffea7db0000 	C:\Windows\System32\fwpuclnt.dll
0x00007ffeae670000 - 0x00007ffeae693000 	C:\Users\Sun3k\.jdks\corretto-1.8.0_332\jre\bin\sunec.dll
0x00007ffeafc80000 - 0x00007ffeafc8c000 	C:\Users\Sun3k\.jdks\corretto-1.8.0_332\jre\bin\sunmscapi.dll
0x00007ffeb4070000 - 0x00007ffeb41c6000 	C:\Windows\System32\CRYPT32.dll
0x00007ffeb3b40000 - 0x00007ffeb3b67000 	C:\Windows\SYSTEM32\ncrypt.dll
0x00007ffeb3b00000 - 0x00007ffeb3b3b000 	C:\Windows\SYSTEM32\NTASN1.dll
0x0000000180000000 - 0x0000000180053000 	C:\Users\Sun3k\.gradle\caches\minecraft\net\minecraft\natives\1.8.9\lwjgl64.dll
0x00007ffe7d620000 - 0x00007ffe7d746000 	C:\Windows\SYSTEM32\OPENGL32.dll
0x00007ffe7d5f0000 - 0x00007ffe7d61c000 	C:\Windows\SYSTEM32\GLU32.dll
0x00007ffe54d10000 - 0x00007ffe54ea5000 	C:\Users\Sun3k\.jdks\corretto-1.8.0_332\jre\bin\awt.dll
0x00007ffeb60f0000 - 0x00007ffeb61bd000 	C:\Windows\System32\OLEAUT32.dll
0x00007ffeb18b0000 - 0x00007ffeb1940000 	C:\Windows\SYSTEM32\apphelp.dll
0x00007ffeaeb70000 - 0x00007ffeaec1e000 	C:\Windows\SYSTEM32\mscms.dll
0x00007ffeaeb50000 - 0x00007ffeaeb61000 	C:\Windows\SYSTEM32\ColorAdapterClient.dll
0x00007ffeb1f70000 - 0x00007ffeb1f82000 	C:\Windows\SYSTEM32\kernel.appcore.dll
0x00007ffeb55d0000 - 0x00007ffeb5679000 	C:\Windows\System32\clbcatq.dll
0x00007ffeb41d0000 - 0x00007ffeb421e000 	C:\Windows\System32\cfgmgr32.dll
0x00007ffeb1a70000 - 0x00007ffeb1b0e000 	C:\Windows\system32\uxtheme.dll
0x00007ffeb5690000 - 0x00007ffeb57a5000 	C:\Windows\System32\MSCTF.dll
0x00007ffea19f0000 - 0x00007ffea1ae9000 	C:\Windows\SYSTEM32\textinputframework.dll
0x00007ffeb0ec0000 - 0x00007ffeb121e000 	C:\Windows\System32\CoreUIComponents.dll
0x00007ffeb15a0000 - 0x00007ffeb1692000 	C:\Windows\System32\CoreMessaging.dll
0x00007ffeb2d70000 - 0x00007ffeb2da3000 	C:\Windows\SYSTEM32\ntmarta.dll
0x00007ffeafee0000 - 0x00007ffeb0034000 	C:\Windows\SYSTEM32\wintypes.dll
0x00007ffe54b70000 - 0x00007ffe54b9c000 	C:\Windows\System32\DriverStore\FileRepository\u0375335.inf_amd64_7de275617d9da25a\B374868\atig6pxx.dll
0x00007ffe47b80000 - 0x00007ffe4a9c3000 	C:\Windows\System32\DriverStore\FileRepository\u0375335.inf_amd64_7de275617d9da25a\B374868\atio6axx.dll
0x00007ffeb6350000 - 0x00007ffeb67bf000 	C:\Windows\System32\SETUPAPI.dll
0x00007ffeb67e0000 - 0x00007ffeb690a000 	C:\Windows\System32\ole32.dll
0x00007ffe9f7f0000 - 0x00007ffe9f814000 	C:\Windows\SYSTEM32\dxva2.dll
0x00007ffeb1c80000 - 0x00007ffeb1caf000 	C:\Windows\SYSTEM32\dwmapi.dll
0x00007ffe53ff0000 - 0x00007ffe5402f000 	C:\Windows\System32\DriverStore\FileRepository\u0375335.inf_amd64_7de275617d9da25a\B374868\atig6txx.dll
0x00007ffe6eee0000 - 0x00007ffe6f0b4000 	C:\Windows\SYSTEM32\atiadlxx.dll
0x00007ffeafab0000 - 0x00007ffeafba6000 	C:\Windows\SYSTEM32\PROPSYS.dll
0x00007ffe92cf0000 - 0x00007ffe92d39000 	C:\Windows\SYSTEM32\pdh.dll
0x00007ffeb3e20000 - 0x00007ffeb3e4c000 	C:\Windows\SYSTEM32\DEVOBJ.dll
0x00007ffeb48e0000 - 0x00007ffeb4947000 	C:\Windows\System32\WINTRUST.dll
0x00007ffeb3c60000 - 0x00007ffeb3c72000 	C:\Windows\SYSTEM32\MSASN1.dll
0x00007ffeabd00000 - 0x00007ffeabd3b000 	C:\Windows\SYSTEM32\dxcore.dll
0x00007ffe671f0000 - 0x00007ffe67233000 	C:\Windows\SYSTEM32\icm32.dll
0x0000013e68e30000 - 0x0000013e68e68000 	C:\Users\Sun3k\AppData\Local\Temp\jna\jna8985820433093699843.dll
0x00007ffe53fa0000 - 0x00007ffe53feb000 	C:\ProgramData\obs-studio-hook\graphics-hook64.dll
0x00007ffeb0040000 - 0x00007ffeb02a3000 	C:\Windows\system32\d3d11.dll
0x00007ffeb2970000 - 0x00007ffeb2a63000 	C:\Windows\SYSTEM32\dxgi.dll
0x00007ffeab0e0000 - 0x00007ffeab298000 	C:\Windows\System32\DriverStore\FileRepository\u0375335.inf_amd64_7de275617d9da25a\B374868\aticfx64.dll
0x00007ffeaaf50000 - 0x00007ffeaaf89000 	C:\Windows\System32\DriverStore\FileRepository\u0375335.inf_amd64_7de275617d9da25a\B374868\atiuxp64.dll
0x00007ffea8df0000 - 0x00007ffeaad27000 	C:\Windows\System32\DriverStore\FileRepository\u0375335.inf_amd64_7de275617d9da25a\B374868\atidxx64.dll
0x00007ffea8ab0000 - 0x00007ffea8ae0000 	C:\Windows\SYSTEM32\amdihk64.dll
0x00007ffea8200000 - 0x00007ffea822b000 	C:\Windows\SYSTEM32\D3DSCache.dll
0x00007ffeada20000 - 0x00007ffeadc20000 	C:\Windows\SYSTEM32\twinapi.appcore.dll
0x0000000070a40000 - 0x0000000070adc000 	C:\Users\Sun3k\.gradle\caches\minecraft\net\minecraft\natives\1.8.9\avutil-ttv-51.dll
0x0000000065980000 - 0x00000000659d6000 	C:\Users\Sun3k\.gradle\caches\minecraft\net\minecraft\natives\1.8.9\swresample-ttv-0.dll
0x000000006eb80000 - 0x000000006ec50000 	C:\Users\Sun3k\.gradle\caches\minecraft\net\minecraft\natives\1.8.9\libmp3lame-ttv.dll
0x00007ffe3a530000 - 0x00007ffe3b8d4000 	C:\Users\Sun3k\.gradle\caches\minecraft\net\minecraft\natives\1.8.9\libmfxsw64.dll
0x00007ffe53b60000 - 0x00007ffe53ccd000 	C:\Users\Sun3k\.gradle\caches\minecraft\net\minecraft\natives\1.8.9\twitchsdk.dll
0x00007ffe99ea0000 - 0x00007ffe9a376000 	C:\Windows\SYSTEM32\WININET.dll
0x0000013e15170000 - 0x0000013e151d4000 	C:\Users\Sun3k\.gradle\caches\minecraft\net\minecraft\natives\1.8.9\OpenAL64.dll
0x00007ffeaad30000 - 0x00007ffeaadb5000 	C:\Windows\System32\MMDevApi.dll
0x00007ffe53f00000 - 0x00007ffe53f9c000 	C:\Windows\SYSTEM32\dsound.dll
0x00007ffeb3730000 - 0x00007ffeb377b000 	C:\Windows\SYSTEM32\powrprof.dll
0x00007ffe9a760000 - 0x00007ffe9a786000 	C:\Windows\SYSTEM32\winmmbase.dll
0x00007ffeb3630000 - 0x00007ffeb3642000 	C:\Windows\SYSTEM32\UMPDC.dll
0x00007ffeaadc0000 - 0x00007ffeaaf42000 	C:\Windows\SYSTEM32\AUDIOSES.DLL
0x00007ffeb1b80000 - 0x00007ffeb1b94000 	C:\Windows\SYSTEM32\resourcepolicyclient.dll
0x00007ffeac730000 - 0x00007ffeac773000 	C:\Windows\System32\Windows.Internal.Graphics.Display.DisplayColorManagement.dll
0x00007ffe9faf0000 - 0x00007ffe9fcd4000 	C:\Windows\SYSTEM32\dbghelp.dll

VM Arguments:
jvm_args: -agentlib:jdwp=transport=dt_socket,address=127.0.0.1:51616,suspend=y,server=n -javaagent:C:\Users\Sun3k\AppData\Local\JetBrains\IdeaIC2022.1\captureAgent\debugger-agent.jar -Dfile.encoding=UTF-8 
java_command: GradleStart --mixin mixins.sunrise.json --tweakClass org.spongepowered.asm.launch.MixinTweaker -Ddevauth.account --javaagent:C:\Users\Sun3k\.gradle\caches\modules-2\files-2.1\org.spongepowered\mixin\0.7.11-SNAPSHOT\7a670207bdb97db418118ad1e9bb42424ff3776d\mixin-0.7.11-SNAPSHOT.jar
java_class_path (initial): C:\Users\Sun3k\.jdks\corretto-1.8.0_332\jre\lib\charsets.jar;C:\Users\Sun3k\.jdks\corretto-1.8.0_332\jre\lib\ext\access-bridge-64.jar;C:\Users\Sun3k\.jdks\corretto-1.8.0_332\jre\lib\ext\cldrdata.jar;C:\Users\Sun3k\.jdks\corretto-1.8.0_332\jre\lib\ext\dnsns.jar;C:\Users\Sun3k\.jdks\corretto-1.8.0_332\jre\lib\ext\jaccess.jar;C:\Users\Sun3k\.jdks\corretto-1.8.0_332\jre\lib\ext\jfxrt.jar;C:\Users\Sun3k\.jdks\corretto-1.8.0_332\jre\lib\ext\localedata.jar;C:\Users\Sun3k\.jdks\corretto-1.8.0_332\jre\lib\ext\nashorn.jar;C:\Users\Sun3k\.jdks\corretto-1.8.0_332\jre\lib\ext\sunec.jar;C:\Users\Sun3k\.jdks\corretto-1.8.0_332\jre\lib\ext\sunjce_provider.jar;C:\Users\Sun3k\.jdks\corretto-1.8.0_332\jre\lib\ext\sunmscapi.jar;C:\Users\Sun3k\.jdks\corretto-1.8.0_332\jre\lib\ext\sunpkcs11.jar;C:\Users\Sun3k\.jdks\corretto-1.8.0_332\jre\lib\ext\zipfs.jar;C:\Users\Sun3k\.jdks\corretto-1.8.0_332\jre\lib\jce.jar;C:\Users\Sun3k\.jdks\corretto-1.8.0_332\jre\lib\jfr.jar;C:\Users\Sun3k\.jdks\corretto-1.8.0_332\jre\lib\jfxswt.jar;C:\Users\Sun3k\.jdks\corretto-1.8.0_332\jre\lib\jsse.jar;C:\Users\Sun3k\.jdks\corretto-1.8.0_332\jre\lib\management-agent.jar;C:\Users\Sun3k\.jdks\corretto-1.8.0_332\jre\lib\resources.jar;C:\Users\Sun3k\.jdks\corretto-1.8.0_332\jre\lib\rt.jar;C:\Users\Sun3k\IdeaProjects\Sunrise8\build\classes\java\main;C:\Users\Sun3k\.gradle\caches\minecraft\deobfedDeps\compileDummy.jar;C:\Users\Sun3k\.gradle\caches\minecraft\deobfedDeps\providedDummy.jar;C:\Users\Sun3k\.gradle\caches\modules-2\files-2.1\org.spongepowered\mixin\0.7.11-SNAPSHOT\7a670207bdb97db418118ad1e9bb42424ff3776d\mixin-0.7.11-SNAPSHOT.jar;C:\Users\Sun3k\.gradle\caches\modules-2\files-2.1\com.google.guava\guava\17.0\9c6ef172e8de35fd8d4d8783e4821e57cdef7445\guava-17.0.jar;C:\Users\Sun3k\.gradle\caches\modules-2\files-2.1\commons-io\commons-io\2.4\b1b6ea3b7e4aa4f492509a4952029cd8e48019ad\commons-io-2.4.jar;C:\Users\Sun3k\.gradle\caches\modules-2\files-2.1\com.google.code.gson\gson\2.2.4\a6
Launcher Type: SUN_STANDARD

Environment Variables:
JAVA_HOME=C:\Program Files\OpenJDK\jdk-18
PATH=C:\Windows\system32;C:\Windows;C:\Windows\System32\Wbem;C:\Windows\System32\WindowsPowerShell\v1.0\;C:\Windows\System32\OpenSSH\;C:\ProgramData\chocolatey\bin;C:\Program Files\Microsoft VS Code\bin;C:\Program Files (x86)\Yarn\bin\;C:\Program Files\nodejs\;C:\Program Files\Git\cmd;C:\Program Files\OpenJDK\jdk-18\bin;C:\Program Files\dotnet\;C:\Users\Sun3k\AppData\Local\Programs\Python\Python310\Scripts\;C:\Users\Sun3k\AppData\Local\Programs\Python\Python310\;C:\Users\Sun3k\AppData\Local\Microsoft\WindowsApps;C:\Users\Sun3k\AppData\Local\Yarn\bin;C:\Users\Sun3k\AppData\Roaming\npm;C:\Program Files\Oracle\VirtualBox;C:\Program Files\heroku\bin;C:\Program Files\JetBrains\IntelliJ IDEA Community Edition 2022.1.1\bin;;C:\Users\Sun3k\.dotnet\tools
USERNAME=Sun3k
OS=Windows_NT
PROCESSOR_IDENTIFIER=AMD64 Family 23 Model 24 Stepping 1, AuthenticAMD



---------------  S Y S T E M  ---------------

OS: Windows 10.0 , 64 bit Build 19041 (10.0.19041.1741)

CPU:total 8 (initial active 8) (8 cores per cpu, 1 threads per core) family 23 model 24 stepping 1, cmov, cx8, fxsr, mmx, sse, sse2, sse3, ssse3, sse4.1, sse4.2, popcnt, avx, avx2, aes, clmul, mmxext, 3dnowpref, lzcnt, sse4a, tsc, tscinvbit, tscinv, bmi1

Memory: 4k page, physical 6206224k(482856k free), swap 21946844k(4988800k free)

vm_info: OpenJDK 64-Bit Server VM (25.332-b08) for windows-amd64 JRE (1.8.0_332-b08), built on Apr 16 2022 08:31:02 by "Administrator" with MS VC++ 12.0 (VS2013)

time: Thu Jun 23 00:21:56 2022
timezone: South Sudan Standard Time
elapsed time: 372.732175 seconds (0d 0h 6m 12s)

