#
# A fatal error has been detected by the Java Runtime Environment:
#
#  EXCEPTION_ACCESS_VIOLATION (0xc0000005) at pc=0x0000000000000000, pid=19812, tid=0x00000000000014fc
#
# JRE version: OpenJDK Runtime Environment (8.0_332-b08) (build 1.8.0_332-b08)
# Java VM: OpenJDK 64-Bit Server VM (25.332-b08 mixed mode windows-amd64 compressed oops)
# Problematic frame:
# C  0x0000000000000000
#
# Failed to write core dump. Minidumps are not enabled by default on client versions of Windows
#
# If you would like to submit a bug report, please visit:
#   https://github.com/corretto/corretto-8/issues/
#

---------------  T H R E A D  ---------------

Current thread (0x0000023c191f9000):  VMThread [stack: 0x000000d39fb00000,0x000000d39fc00000] [id=5372]

siginfo: ExceptionCode=0xc0000005, ExceptionInformation=0x0000000000000008 0x0000000000000000

Registers:
RAX=0x0000000000000000, RBX=0x0000000000000000, RCX=0x0000000000000001, RDX=0x00007ffde81bf0b8
RSP=0x000000d39fbfedb8, RBP=0x0000023c04300f70, RSI=0x0000000000010000, RDI=0x0000000000000000
R8 =0x000000d39edec000, R9 =0x0000000000000040, R10=0x0000000000000040, R11=0x0000023c3ac4b340
R12=0x00007ffdd698f270, R13=0x0000000000000082, R14=0x00007ffdd68b0000, R15=0x0000000000000001
RIP=0x0000000000000000, EFLAGS=0x0000000000010202

Top of Stack: (sp=0x000000d39fbfedb8)
0x000000d39fbfedb8:   00007ffde8182f2c 0000000000000000
0x000000d39fbfedc8:   0000023c04300f70 0000000000000082
0x000000d39fbfedd8:   0000000000010000 0000000000000000
0x000000d39fbfede8:   00007ffde818406e 0000000000000000
0x000000d39fbfedf8:   0000023c04300f70 0000000000010000
0x000000d39fbfee08:   0000023c209a0058 0000000000000001
0x000000d39fbfee18:   00007ffdd68b6e2e 0000000000000000
0x000000d39fbfee28:   0000000000000001 000000018004bb20
0x000000d39fbfee38:   0000000000000000 0000000000000001
0x000000d39fbfee48:   00007ffdd68b7276 0000000000000000
0x000000d39fbfee58:   0000023c04300f70 0000000000000001
0x000000d39fbfee68:   0000000000000001 0000000000000000
0x000000d39fbfee78:   00007ffdd698f3af 0000000000000001
0x000000d39fbfee88:   0000000000000000 0000000000000000
0x000000d39fbfee98:   0000023c265e0b30 0000000100000001
0x000000d39fbfeea8:   000000018000ecac 000000018001c558 

Instructions: (pc=0x0000000000000000)
0xffffffffffffffe0:   


Register to memory mapping:

RAX=0x0000000000000000 is an unknown value
RBX=0x0000000000000000 is an unknown value
RCX=0x0000000000000001 is an unknown value
RDX=0x00007ffde81bf0b8 is an unknown value
RSP=0x000000d39fbfedb8 is an unknown value
RBP=0x0000023c04300f70 is an unknown value
RSI=0x0000000000010000 is an unknown value
RDI=0x0000000000000000 is an unknown value
R8 =0x000000d39edec000 is an unknown value
R9 =0x0000000000000040 is an unknown value
R10=0x0000000000000040 is an unknown value
R11=0x0000023c3ac4b340 is an unknown value
R12=0x00007ffdd698f270 is an unknown value
R13=0x0000000000000082 is an unknown value
R14=0x00007ffdd68b0000 is an unknown value
R15=0x0000000000000001 is an unknown value


Stack: [0x000000d39fb00000,0x000000d39fc00000],  sp=0x000000d39fbfedb8,  free space=1019k
Native frames: (J=compiled Java code, j=interpreted, Vv=VM code, C=native code)

VM_Operation (0x000000d3a00ff220): Exit, mode: safepoint, requested by thread 0x0000023c1ffcf000


---------------  P R O C E S S  ---------------

Java Threads: ( => current thread )
  0x0000023c1ffcf000 JavaThread "SIGINT handler" daemon [_thread_blocked, id=12764, stack(0x000000d3a0000000,0x000000d3a0100000)]
  0x0000023c1ffc8000 JavaThread "Netty Client IO #10" daemon [_thread_blocked, id=12720, stack(0x000000d3a4200000,0x000000d3a4300000)]
  0x0000023c39c05800 JavaThread "Netty Client IO #9" daemon [_thread_blocked, id=21476, stack(0x000000d3a4000000,0x000000d3a4100000)]
  0x0000023c3455a000 JavaThread "rebel-intermediate-collector" daemon [_thread_blocked, id=17112, stack(0x000000d3a3600000,0x000000d3a3700000)]
  0x0000023c39bfd000 JavaThread "Netty Client IO #8" daemon [_thread_blocked, id=18636, stack(0x000000d3a3f00000,0x000000d3a4000000)]
  0x0000023c39bf9800 JavaThread "Netty Client IO #7" daemon [_thread_blocked, id=3364, stack(0x000000d3a3e00000,0x000000d3a3f00000)]
  0x0000023c39bfd800 JavaThread "Netty Client IO #6" daemon [_thread_blocked, id=9068, stack(0x000000d3a3c00000,0x000000d3a3d00000)]
  0x0000023c39bff000 JavaThread "Netty Client IO #5" daemon [_thread_blocked, id=4728, stack(0x000000d39f000000,0x000000d39f100000)]
  0x0000023c39bfc000 JavaThread "Netty Client IO #4" daemon [_thread_blocked, id=15372, stack(0x000000d3a3d00000,0x000000d3a3e00000)]
  0x0000023c1ec15000 JavaThread "Netty Client IO #3" daemon [_thread_blocked, id=21008, stack(0x000000d3a3b00000,0x000000d3a3c00000)]
  0x0000023c3455e800 JavaThread "Netty Client IO #2" daemon [_thread_blocked, id=3008, stack(0x000000d3a3a00000,0x000000d3a3b00000)]
  0x0000023c34558800 JavaThread "Netty Client IO #0" daemon [_thread_blocked, id=21024, stack(0x000000d3a3900000,0x000000d3a3a00000)]
  0x0000023c3455c800 JavaThread "Netty Client IO #1" daemon [_thread_blocked, id=15296, stack(0x000000d3a3800000,0x000000d3a3900000)]
  0x0000023c3455b000 JavaThread "Netty Client IO #0" daemon [_thread_blocked, id=21236, stack(0x000000d3a3700000,0x000000d3a3800000)]
  0x0000023c3455d000 JavaThread "Server Pinger #4" daemon [_thread_blocked, id=21408, stack(0x000000d3a3500000,0x000000d3a3600000)]
  0x0000023c3455e000 JavaThread "Server Pinger #3" daemon [_thread_blocked, id=11828, stack(0x000000d3a3400000,0x000000d3a3500000)]
  0x0000023c3455b800 JavaThread "Server Pinger #2" daemon [_thread_blocked, id=6604, stack(0x000000d3a2c00000,0x000000d3a2d00000)]
  0x0000023c34559000 JavaThread "Server Pinger #1" daemon [_thread_blocked, id=11380, stack(0x000000d3a2300000,0x000000d3a2400000)]
  0x0000023c34550000 JavaThread "Thread-24" daemon [_thread_in_native, id=13176, stack(0x000000d3a1d00000,0x000000d3a1e00000)]
  0x0000023c34552000 JavaThread "Server Pinger #0" daemon [_thread_blocked, id=7932, stack(0x000000d39f100000,0x000000d39f200000)]
  0x0000023c2083f000 JavaThread "Thread-23" [_thread_blocked, id=17744, stack(0x000000d3a2f00000,0x000000d3a3000000)]
  0x0000023c2083e000 JavaThread "Thread-22" [_thread_blocked, id=16684, stack(0x000000d3a2d00000,0x000000d3a2e00000)]
  0x0000023c1d1b0000 JavaThread "DiscordRPC" [_thread_blocked, id=14756, stack(0x000000d3a3200000,0x000000d3a3300000)]
  0x0000023c1d1ab800 JavaThread "Chunk Batcher 1" daemon [_thread_blocked, id=21088, stack(0x000000d3a2b00000,0x000000d3a2c00000)]
  0x0000023c1d1a7800 JavaThread "Chunk Batcher 0" daemon [_thread_blocked, id=15620, stack(0x000000d3a2200000,0x000000d3a2300000)]
  0x0000023c20834800 JavaThread "LWJGL Timer" daemon [_thread_blocked, id=15132, stack(0x000000d3a2400000,0x000000d3a2500000)]
  0x0000023c212ae000 JavaThread "Java2D Disposer" daemon [_thread_blocked, id=18736, stack(0x000000d3a2100000,0x000000d3a2200000)]
  0x0000023c212b0800 JavaThread "Timer hack thread" daemon [_thread_blocked, id=21136, stack(0x000000d3a2000000,0x000000d3a2100000)]
  0x0000023c212ab000 JavaThread "ViaRewind-1_8TO1_9" daemon [_thread_blocked, id=7512, stack(0x000000d3a2500000,0x000000d3a2600000)]
  0x0000023c1ffd4000 JavaThread "ViaForge-1" daemon [_thread_blocked, id=6164, stack(0x000000d3a1f00000,0x000000d3a2000000)]
  0x0000023c1ffd2800 JavaThread "ViaForge-0" daemon [_thread_blocked, id=21472, stack(0x000000d3a1e00000,0x000000d3a1f00000)]
  0x0000023c1ffc7800 JavaThread "Snooper Timer" daemon [_thread_blocked, id=18980, stack(0x000000d3a1b00000,0x000000d3a1c00000)]
  0x0000023c1ffcd800 JavaThread "Snooper Timer" daemon [_thread_blocked, id=11784, stack(0x000000d3a0e00000,0x000000d3a0f00000)]
  0x0000023c1ffcc000 JavaThread "rebel-build-info" daemon [_thread_blocked, id=21264, stack(0x000000d3a1900000,0x000000d3a1a00000)]
  0x0000023c1ffc6800 JavaThread "rebel-change-detector-thread" daemon [_thread_blocked, id=13444, stack(0x000000d3a1800000,0x000000d3a1900000)]
  0x0000023c1ffcb800 JavaThread "rebel-debugger-thread" daemon [_thread_blocked, id=21100, stack(0x000000d3a1700000,0x000000d3a1800000)]
  0x0000023c1ffca800 JavaThread "rebel-debugger-attach-notifier" daemon [_thread_blocked, id=9568, stack(0x000000d3a1600000,0x000000d3a1700000)]
  0x0000023c1ffcd000 JavaThread "rebel-heartbeat-thread" daemon [_thread_blocked, id=13424, stack(0x000000d3a1000000,0x000000d3a1100000)]
  0x0000023c1ffc9800 JavaThread "rebel-redeploy-thread" daemon [_thread_blocked, id=9700, stack(0x000000d3a0f00000,0x000000d3a1000000)]
  0x0000023c1ffc9000 JavaThread "rebel-leaseManager-1" daemon [_thread_blocked, id=19124, stack(0x000000d3a0d00000,0x000000d3a0e00000)]
  0x0000023c1ba9d800 JavaThread "rebel-messaging-executor-46" daemon [_thread_blocked, id=16512, stack(0x000000d3a0c00000,0x000000d3a0d00000)]
  0x0000023c1ba9c800 JavaThread "rebel-weak-reaper" daemon [_thread_blocked, id=12524, stack(0x000000d3a0a00000,0x000000d3a0b00000)]
  0x0000023c1baa1800 JavaThread "rebel-cache-writer" daemon [_thread_blocked, id=7736, stack(0x000000d3a0900000,0x000000d3a0a00000)]
  0x0000023c1b9d6000 JavaThread "rebel-CacheKeepAlive" daemon [_thread_blocked, id=5228, stack(0x000000d3a1200000,0x000000d3a1300000)]
  0x0000023c1b9f4800 JavaThread "rebel-logger" daemon [_thread_blocked, id=21004, stack(0x000000d3a1100000,0x000000d3a1200000)]
  0x0000023c1b4df800 JavaThread "Service Thread" daemon [_thread_blocked, id=13140, stack(0x000000d3a0700000,0x000000d3a0800000)]
  0x0000023c1b4de800 JavaThread "C1 CompilerThread3" daemon [_thread_blocked, id=3488, stack(0x000000d3a0600000,0x000000d3a0700000)]
  0x0000023c1b4dc000 JavaThread "C2 CompilerThread2" daemon [_thread_blocked, id=19188, stack(0x000000d3a0500000,0x000000d3a0600000)]
  0x0000023c1b4d9000 JavaThread "C2 CompilerThread1" daemon [_thread_blocked, id=12112, stack(0x000000d3a0400000,0x000000d3a0500000)]
  0x0000023c1b4d8000 JavaThread "C2 CompilerThread0" daemon [_thread_blocked, id=4468, stack(0x000000d3a0300000,0x000000d3a0400000)]
  0x0000023c1b085000 JavaThread "JDWP Event Helper Thread" daemon [_thread_blocked, id=18824, stack(0x000000d3a0100000,0x000000d3a0200000)]
  0x0000023c19244800 JavaThread "Attach Listener" daemon [_thread_blocked, id=9120, stack(0x000000d39ff00000,0x000000d3a0000000)]
  0x0000023c19244000 JavaThread "Signal Dispatcher" daemon [_thread_blocked, id=16420, stack(0x000000d39fe00000,0x000000d39ff00000)]
  0x0000023c04365800 JavaThread "Finalizer" daemon [_thread_blocked, id=6380, stack(0x000000d39fd00000,0x000000d39fe00000)]
  0x0000023c191fd800 JavaThread "Reference Handler" daemon [_thread_blocked, id=7596, stack(0x000000d39fc00000,0x000000d39fd00000)]
  0x0000023c042d3000 JavaThread "Client thread" [_thread_blocked, id=6620, stack(0x000000d39f200000,0x000000d39f300000)]

Other Threads:
=>0x0000023c191f9000 VMThread [stack: 0x000000d39fb00000,0x000000d39fc00000] [id=5372]

VM state:at safepoint (shutting down)

VM Mutex/Monitor currently owned by a thread:  ([mutex/lock_event])
[0x0000023c042d1290] Threads_lock - owner thread: 0x0000023c191f9000

heap address: 0x00000000a1400000, size: 1516 MB, Compressed Oops mode: 32-bit
Narrow klass base: 0x0000000000000000, Narrow klass shift: 3
Compressed class space size: 1073741824 Address: 0x0000000100000000

Heap:
 PSYoungGen      total 440832K, used 165400K [0x00000000e0700000, 0x00000000ffd00000, 0x0000000100000000)
  eden space 369664K, 44% used [0x00000000e0700000,0x00000000ea846150,0x00000000f7000000)
  from space 71168K, 0% used [0x00000000f7000000,0x00000000f7040000,0x00000000fb580000)
  to   space 69120K, 0% used [0x00000000fb980000,0x00000000fb980000,0x00000000ffd00000)
 ParOldGen       total 397312K, used 266917K [0x00000000a1400000, 0x00000000b9800000, 0x00000000e0700000)
  object space 397312K, 67% used [0x00000000a1400000,0x00000000b18a9668,0x00000000b9800000)
 Metaspace       used 101376K, capacity 104485K, committed 104960K, reserved 1142784K
  class space    used 11528K, capacity 12258K, committed 12288K, reserved 1048576K

Card table byte_map: [0x0000023c14ff0000,0x0000023c152f0000] byte_map_base: 0x0000023c14ae6000

Marking Bits: (ParMarkBitMap*) 0x000000006c1e7850
 Begin Bits: [0x0000023c154f0000, 0x0000023c16ca0000)
 End Bits:   [0x0000023c16ca0000, 0x0000023c18450000)

Polling page: 0x0000023c04240000

CodeCache: size=245760Kb used=35484Kb max_used=63525Kb free=210275Kb
 bounds [0x0000023c05c30000, 0x0000023c09af0000, 0x0000023c14c30000]
 total_blobs=15011 nmethods=14048 adapters=881
 compilation: enabled

Compilation events (10 events):
Event: 350.946 Thread 0x0000023c1b4de800 nmethod 28737 0x0000023c0929ad10 code [0x0000023c0929ae80, 0x0000023c0929b0b8]
Event: 350.967 Thread 0x0000023c1b4d8000 nmethod 28729 0x0000023c085e7f10 code [0x0000023c085e84c0, 0x0000023c085eccb0]
Event: 351.062 Thread 0x0000023c1b4d9000 nmethod 28735 0x0000023c07a8fa10 code [0x0000023c07a8fbe0, 0x0000023c07a913c8]
Event: 351.081 Thread 0x0000023c1b4dc000 28738       4       com.zeroturnaround.javarebel.be::e (16 bytes)
Event: 351.097 Thread 0x0000023c1b4dc000 nmethod 28738 0x0000023c0928ef50 code [0x0000023c0928f0a0, 0x0000023c0928f3b8]
Event: 351.130 Thread 0x0000023c1b4d8000 28739       4       sun.nio.ch.WindowsSelectorImpl$SubSelector::poll (51 bytes)
Event: 351.163 Thread 0x0000023c1b4d8000 nmethod 28739 0x0000023c0977c3d0 code [0x0000023c0977c520, 0x0000023c0977c648]
Event: 351.818 Thread 0x0000023c1b4de800 28740       3       com.zeroturnaround.javarebel.fph::a (226 bytes)
Event: 351.823 Thread 0x0000023c1b4de800 nmethod 28740 0x0000023c08921690 code [0x0000023c08921a40, 0x0000023c08924520]
Event: 351.846 Thread 0x0000023c1b4d9000 28741 %     4       sun.nio.fs.WindowsPathParser::normalize @ 18 (233 bytes)

GC Heap History (10 events):
Event: 315.232 GC heap before
{Heap before GC invocations=84 (full 14):
 PSYoungGen      total 439296K, used 12364K [0x00000000e0700000, 0x00000000fff80000, 0x0000000100000000)
  eden space 361472K, 3% used [0x00000000e0700000,0x00000000e13133b0,0x00000000f6800000)
  from space 77824K, 0% used [0x00000000f6800000,0x00000000f6800000,0x00000000fb400000)
  to   space 75776K, 0% used [0x00000000fb580000,0x00000000fb580000,0x00000000fff80000)
 ParOldGen       total 397312K, used 267516K [0x00000000a1400000, 0x00000000b9800000, 0x00000000e0700000)
  object space 397312K, 67% used [0x00000000a1400000,0x00000000b193f118,0x00000000b9800000)
 Metaspace       used 101257K, capacity 104317K, committed 104704K, reserved 1142784K
  class space    used 11508K, capacity 12224K, committed 12288K, reserved 1048576K
Event: 315.241 GC heap after
Heap after GC invocations=84 (full 14):
 PSYoungGen      total 437760K, used 2424K [0x00000000e0700000, 0x00000000ffc80000, 0x0000000100000000)
  eden space 365056K, 0% used [0x00000000e0700000,0x00000000e0700000,0x00000000f6b80000)
  from space 72704K, 3% used [0x00000000fb580000,0x00000000fb7de2a0,0x00000000ffc80000)
  to   space 74240K, 0% used [0x00000000f6b80000,0x00000000f6b80000,0x00000000fb400000)
 ParOldGen       total 397312K, used 267516K [0x00000000a1400000, 0x00000000b9800000, 0x00000000e0700000)
  object space 397312K, 67% used [0x00000000a1400000,0x00000000b193f118,0x00000000b9800000)
 Metaspace       used 101257K, capacity 104317K, committed 104704K, reserved 1142784K
  class space    used 11508K, capacity 12224K, committed 12288K, reserved 1048576K
}
Event: 315.241 GC heap before
{Heap before GC invocations=85 (full 15):
 PSYoungGen      total 437760K, used 2424K [0x00000000e0700000, 0x00000000ffc80000, 0x0000000100000000)
  eden space 365056K, 0% used [0x00000000e0700000,0x00000000e0700000,0x00000000f6b80000)
  from space 72704K, 3% used [0x00000000fb580000,0x00000000fb7de2a0,0x00000000ffc80000)
  to   space 74240K, 0% used [0x00000000f6b80000,0x00000000f6b80000,0x00000000fb400000)
 ParOldGen       total 397312K, used 267516K [0x00000000a1400000, 0x00000000b9800000, 0x00000000e0700000)
  object space 397312K, 67% used [0x00000000a1400000,0x00000000b193f118,0x00000000b9800000)
 Metaspace       used 101257K, capacity 104317K, committed 104704K, reserved 1142784K
  class space    used 11508K, capacity 12224K, committed 12288K, reserved 1048576K
Event: 315.627 GC heap after
Heap after GC invocations=85 (full 15):
 PSYoungGen      total 437760K, used 0K [0x00000000e0700000, 0x00000000ffc80000, 0x0000000100000000)
  eden space 365056K, 0% used [0x00000000e0700000,0x00000000e0700000,0x00000000f6b80000)
  from space 72704K, 0% used [0x00000000fb580000,0x00000000fb580000,0x00000000ffc80000)
  to   space 74240K, 0% used [0x00000000f6b80000,0x00000000f6b80000,0x00000000fb400000)
 ParOldGen       total 397312K, used 266909K [0x00000000a1400000, 0x00000000b9800000, 0x00000000e0700000)
  object space 397312K, 67% used [0x00000000a1400000,0x00000000b18a7668,0x00000000b9800000)
 Metaspace       used 101257K, capacity 104317K, committed 104704K, reserved 1142784K
  class space    used 11508K, capacity 12224K, committed 12288K, reserved 1048576K
}
Event: 323.908 GC heap before
{Heap before GC invocations=86 (full 15):
 PSYoungGen      total 437760K, used 365056K [0x00000000e0700000, 0x00000000ffc80000, 0x0000000100000000)
  eden space 365056K, 100% used [0x00000000e0700000,0x00000000f6b80000,0x00000000f6b80000)
  from space 72704K, 0% used [0x00000000fb580000,0x00000000fb580000,0x00000000ffc80000)
  to   space 74240K, 0% used [0x00000000f6b80000,0x00000000f6b80000,0x00000000fb400000)
 ParOldGen       total 397312K, used 266909K [0x00000000a1400000, 0x00000000b9800000, 0x00000000e0700000)
  object space 397312K, 67% used [0x00000000a1400000,0x00000000b18a7668,0x00000000b9800000)
 Metaspace       used 101257K, capacity 104317K, committed 104704K, reserved 1142784K
  class space    used 11508K, capacity 12224K, committed 12288K, reserved 1048576K
Event: 323.920 GC heap after
Heap after GC invocations=86 (full 15):
 PSYoungGen      total 439296K, used 256K [0x00000000e0700000, 0x00000000fff80000, 0x0000000100000000)
  eden space 365056K, 0% used [0x00000000e0700000,0x00000000e0700000,0x00000000f6b80000)
  from space 74240K, 0% used [0x00000000f6b80000,0x00000000f6bc0000,0x00000000fb400000)
  to   space 73216K, 0% used [0x00000000fb800000,0x00000000fb800000,0x00000000fff80000)
 ParOldGen       total 397312K, used 266909K [0x00000000a1400000, 0x00000000b9800000, 0x00000000e0700000)
  object space 397312K, 67% used [0x00000000a1400000,0x00000000b18a7668,0x00000000b9800000)
 Metaspace       used 101257K, capacity 104317K, committed 104704K, reserved 1142784K
  class space    used 11508K, capacity 12224K, committed 12288K, reserved 1048576K
}
Event: 334.970 GC heap before
{Heap before GC invocations=87 (full 15):
 PSYoungGen      total 439296K, used 365312K [0x00000000e0700000, 0x00000000fff80000, 0x0000000100000000)
  eden space 365056K, 100% used [0x00000000e0700000,0x00000000f6b80000,0x00000000f6b80000)
  from space 74240K, 0% used [0x00000000f6b80000,0x00000000f6bc0000,0x00000000fb400000)
  to   space 73216K, 0% used [0x00000000fb800000,0x00000000fb800000,0x00000000fff80000)
 ParOldGen       total 397312K, used 266909K [0x00000000a1400000, 0x00000000b9800000, 0x00000000e0700000)
  object space 397312K, 67% used [0x00000000a1400000,0x00000000b18a7668,0x00000000b9800000)
 Metaspace       used 101257K, capacity 104317K, committed 104704K, reserved 1142784K
  class space    used 11508K, capacity 12224K, committed 12288K, reserved 1048576K
Event: 334.979 GC heap after
Heap after GC invocations=87 (full 15):
 PSYoungGen      total 438272K, used 288K [0x00000000e0700000, 0x00000000ffb00000, 0x0000000100000000)
  eden space 369664K, 0% used [0x00000000e0700000,0x00000000e0700000,0x00000000f7000000)
  from space 68608K, 0% used [0x00000000fb800000,0x00000000fb848000,0x00000000ffb00000)
  to   space 71168K, 0% used [0x00000000f7000000,0x00000000f7000000,0x00000000fb580000)
 ParOldGen       total 397312K, used 266917K [0x00000000a1400000, 0x00000000b9800000, 0x00000000e0700000)
  object space 397312K, 67% used [0x00000000a1400000,0x00000000b18a9668,0x00000000b9800000)
 Metaspace       used 101257K, capacity 104317K, committed 104704K, reserved 1142784K
  class space    used 11508K, capacity 12224K, committed 12288K, reserved 1048576K
}
Event: 345.134 GC heap before
{Heap before GC invocations=88 (full 15):
 PSYoungGen      total 438272K, used 369952K [0x00000000e0700000, 0x00000000ffb00000, 0x0000000100000000)
  eden space 369664K, 100% used [0x00000000e0700000,0x00000000f7000000,0x00000000f7000000)
  from space 68608K, 0% used [0x00000000fb800000,0x00000000fb848000,0x00000000ffb00000)
  to   space 71168K, 0% used [0x00000000f7000000,0x00000000f7000000,0x00000000fb580000)
 ParOldGen       total 397312K, used 266917K [0x00000000a1400000, 0x00000000b9800000, 0x00000000e0700000)
  object space 397312K, 67% used [0x00000000a1400000,0x00000000b18a9668,0x00000000b9800000)
 Metaspace       used 101257K, capacity 104317K, committed 104704K, reserved 1142784K
  class space    used 11508K, capacity 12224K, committed 12288K, reserved 1048576K
Event: 345.140 GC heap after
Heap after GC invocations=88 (full 15):
 PSYoungGen      total 440832K, used 256K [0x00000000e0700000, 0x00000000ffd00000, 0x0000000100000000)
  eden space 369664K, 0% used [0x00000000e0700000,0x00000000e0700000,0x00000000f7000000)
  from space 71168K, 0% used [0x00000000f7000000,0x00000000f7040000,0x00000000fb580000)
  to   space 69120K, 0% used [0x00000000fb980000,0x00000000fb980000,0x00000000ffd00000)
 ParOldGen       total 397312K, used 266917K [0x00000000a1400000, 0x00000000b9800000, 0x00000000e0700000)
  object space 397312K, 67% used [0x00000000a1400000,0x00000000b18a9668,0x00000000b9800000)
 Metaspace       used 101257K, capacity 104317K, committed 104704K, reserved 1142784K
  class space    used 11508K, capacity 12224K, committed 12288K, reserved 1048576K
}

Deoptimization events (10 events):
Event: 315.128 Thread 0x0000023c1ffc8000 Uncommon trap: reason=null_check action=make_not_entrant pc=0x0000023c0720608c method=com.zeroturnaround.jrebelbase.facade.f.convertArgument(Ljava/lang/Object;Ljava/lang/Class;)Ljava/lang/Object; @ 16
Event: 315.141 Thread 0x0000023c042d3000 Uncommon trap: reason=class_check action=maybe_recompile pc=0x0000023c06820890 method=java.util.RegularEnumSet.add(Ljava/lang/Enum;)Z @ 24
Event: 315.141 Thread 0x0000023c042d3000 Uncommon trap: reason=class_check action=maybe_recompile pc=0x0000023c06820890 method=java.util.RegularEnumSet.add(Ljava/lang/Enum;)Z @ 24
Event: 315.142 Thread 0x0000023c042d3000 Uncommon trap: reason=class_check action=maybe_recompile pc=0x0000023c06820890 method=java.util.RegularEnumSet.add(Ljava/lang/Enum;)Z @ 24
Event: 315.142 Thread 0x0000023c042d3000 Uncommon trap: reason=class_check action=maybe_recompile pc=0x0000023c06820890 method=java.util.RegularEnumSet.add(Ljava/lang/Enum;)Z @ 24
Event: 324.890 Thread 0x0000023c1ffd2800 Uncommon trap: reason=unstable_if action=reinterpret pc=0x0000023c0826dac0 method=java.util.concurrent.locks.AbstractQueuedSynchronizer$ConditionObject.awaitNanos(J)J @ 79
Event: 350.019 Thread 0x0000023c212a6000 Uncommon trap: reason=unstable_if action=reinterpret pc=0x0000023c065e78ac method=com.zeroturnaround.javarebel.fph.a(Ljava/lang/String;)Z @ 190
Event: 350.945 Thread 0x0000023c1ec18800 Uncommon trap: reason=class_check action=maybe_recompile pc=0x0000023c066db5c0 method=sun.misc.Cleaner.clean()V @ 16
Event: 350.945 Thread 0x0000023c1ec18800 Uncommon trap: reason=class_check action=maybe_recompile pc=0x0000023c066db5c0 method=sun.misc.Cleaner.clean()V @ 16
Event: 351.815 Thread 0x0000023c212a6000 Uncommon trap: reason=unstable_if action=reinterpret pc=0x0000023c07a912ec method=com.zeroturnaround.javarebel.fph.a(Ljava/lang/String;)Z @ 199

Classes redefined (10 events):
Event: 244.185 Thread 0x0000023c191f9000 redefined class name=net.sunderw.ssidlogin.mixin.EntityMixin, count=2
Event: 244.248 Thread 0x0000023c191f9000 redefined class name=net.sunderw.ssidlogin.mixin.YggdrasilUserAuthenticationAccessor, count=2
Event: 244.314 Thread 0x0000023c191f9000 redefined class name=net.sunderw.ssidlogin.mixin.EntityPlayerMixin, count=2
Event: 244.383 Thread 0x0000023c191f9000 redefined class name=net.sunderw.ssidlogin.mixin.EntityPlayerSPMixin, count=2
Event: 244.452 Thread 0x0000023c191f9000 redefined class name=net.sunderw.ssidlogin.mixin.EntityRendererMixin, count=2
Event: 244.519 Thread 0x0000023c191f9000 redefined class name=net.sunderw.ssidlogin.mixin.GuiMainMenuMixin, count=2
Event: 244.584 Thread 0x0000023c191f9000 redefined class name=net.sunderw.ssidlogin.mixin.ItemRendererMixin, count=2
Event: 244.644 Thread 0x0000023c191f9000 redefined class name=net.sunderw.ssidlogin.mixin.EntityLivingBaseMixin, count=2
Event: 244.703 Thread 0x0000023c191f9000 redefined class name=net.sunderw.ssidlogin.mixin.MinecraftMixin, count=2
Event: 244.764 Thread 0x0000023c191f9000 redefined class name=net.sunderw.ssidlogin.mixin.NetworkManagerMixin, count=2

Internal exceptions (10 events):
Event: 277.922 Thread 0x0000023c39c05800 Exception <a 'java/lang/NoClassDefFoundError': net/sunderw/sunrise/utils/PlayerUtils> (0x00000000e0d87b40) thrown at [C:\wsjdk\Corretto8Src\installers\windows\zip\corretto-build\buildRoot\src\hotspot\src\share\vm\classfile\systemDictionary.cpp, line 206]
Event: 277.986 Thread 0x0000023c2083e000 Exception <a 'java/lang/InterruptedException': sleep interrupted> (0x00000000e0dbccb0) thrown at [C:\wsjdk\Corretto8Src\installers\windows\zip\corretto-build\buildRoot\src\hotspot\src\share\vm\prims\jvm.cpp, line 3384]
Event: 277.987 Thread 0x0000023c2083e000 Exception <a 'java/lang/InterruptedException': sleep interrupted> (0x00000000e0dbcf30) thrown at [C:\wsjdk\Corretto8Src\installers\windows\zip\corretto-build\buildRoot\src\hotspot\src\share\vm\prims\jvm.cpp, line 3384]
Event: 310.328 Thread 0x0000023c2083e000 Exception <a 'java/lang/InterruptedException': sleep interrupted> (0x00000000f4f3d9c8) thrown at [C:\wsjdk\Corretto8Src\installers\windows\zip\corretto-build\buildRoot\src\hotspot\src\share\vm\prims\jvm.cpp, line 3384]
Event: 310.329 Thread 0x0000023c2083e000 Exception <a 'java/lang/InterruptedException': sleep interrupted> (0x00000000f4f3e660) thrown at [C:\wsjdk\Corretto8Src\installers\windows\zip\corretto-build\buildRoot\src\hotspot\src\share\vm\prims\jvm.cpp, line 3384]
Event: 310.329 Thread 0x0000023c2083e000 Exception <a 'java/lang/InterruptedException': sleep interrupted> (0x00000000f4f3e8b8) thrown at [C:\wsjdk\Corretto8Src\installers\windows\zip\corretto-build\buildRoot\src\hotspot\src\share\vm\prims\jvm.cpp, line 3384]
Event: 310.330 Thread 0x0000023c2083e000 Exception <a 'java/lang/InterruptedException': sleep interrupted> (0x00000000f4f3eb10) thrown at [C:\wsjdk\Corretto8Src\installers\windows\zip\corretto-build\buildRoot\src\hotspot\src\share\vm\prims\jvm.cpp, line 3384]
Event: 310.486 Thread 0x0000023c2083e000 Exception <a 'java/lang/InterruptedException': sleep interrupted> (0x00000000f4f3ef88) thrown at [C:\wsjdk\Corretto8Src\installers\windows\zip\corretto-build\buildRoot\src\hotspot\src\share\vm\prims\jvm.cpp, line 3384]
Event: 315.120 Thread 0x0000023c2083e000 Exception <a 'java/lang/InterruptedException': sleep interrupted> (0x00000000e0753718) thrown at [C:\wsjdk\Corretto8Src\installers\windows\zip\corretto-build\buildRoot\src\hotspot\src\share\vm\prims\jvm.cpp, line 3384]
Event: 315.128 Thread 0x0000023c1ffc8000 Exception <a 'java/lang/NoClassDefFoundError': net/sunderw/sunrise/utils/PlayerUtils> (0x00000000e0771290) thrown at [C:\wsjdk\Corretto8Src\installers\windows\zip\corretto-build\buildRoot\src\hotspot\src\share\vm\oops\constantPool.cpp, line 606]

Events (10 events):
Event: 350.945 Thread 0x0000023c1ec18800 DEOPT UNPACKING pc=0x0000023c05c75583 sp=0x000000d3a4afec30 mode 2
Event: 350.945 Thread 0x0000023c1ec18800 Thread exited: 0x0000023c1ec18800
Event: 351.814 Thread 0x0000023c212a6000 Uncommon trap: trap_request=0xffffff65 fr.pc=0x0000023c07a912ec
Event: 351.815 Thread 0x0000023c212a6000 DEOPT PACKING pc=0x0000023c07a912ec sp=0x000000d3a48fec90
Event: 351.815 Thread 0x0000023c212a6000 DEOPT UNPACKING pc=0x0000023c05c75583 sp=0x000000d3a48fec48 mode 2
Event: 351.824 Executing VM operation: RevokeBias
Event: 351.824 Executing VM operation: RevokeBias done
Event: 351.825 Thread 0x0000023c212a6000 Thread exited: 0x0000023c212a6000
Event: 351.827 Thread 0x0000023c1b4de800 flushing nmethod 0x0000023c05f55650
Event: 351.866 Executing VM operation: Exit


Dynamic libraries:
0x00007ff7eba40000 - 0x00007ff7eba7a000 	C:\Users\Sun3k\.jdks\corretto-1.8.0_332\bin\java.exe
0x00007ffe1a690000 - 0x00007ffe1a888000 	C:\Windows\SYSTEM32\ntdll.dll
0x00007ffe19060000 - 0x00007ffe1911d000 	C:\Windows\System32\KERNEL32.DLL
0x00007ffe17db0000 - 0x00007ffe1807e000 	C:\Windows\System32\KERNELBASE.dll
0x00007ffe19550000 - 0x00007ffe195fe000 	C:\Windows\System32\ADVAPI32.dll
0x00007ffe18da0000 - 0x00007ffe18e3e000 	C:\Windows\System32\msvcrt.dll
0x00007ffe18700000 - 0x00007ffe1879c000 	C:\Windows\System32\sechost.dll
0x00007ffe18e40000 - 0x00007ffe18f65000 	C:\Windows\System32\RPCRT4.dll
0x00007ffe19710000 - 0x00007ffe198b0000 	C:\Windows\System32\USER32.dll
0x00007ffe18670000 - 0x00007ffe18692000 	C:\Windows\System32\win32u.dll
0x00007ffe1a040000 - 0x00007ffe1a06a000 	C:\Windows\System32\GDI32.dll
0x00007ffe18330000 - 0x00007ffe1843b000 	C:\Windows\System32\gdi32full.dll
0x00007ffe18440000 - 0x00007ffe184dd000 	C:\Windows\System32\msvcp_win.dll
0x00007ffe18080000 - 0x00007ffe18180000 	C:\Windows\System32\ucrtbase.dll
0x00007ffdfaf10000 - 0x00007ffdfb1aa000 	C:\Windows\WinSxS\amd64_microsoft.windows.common-controls_6595b64144ccf1df_6.0.19041.1110_none_60b5254171f9507e\COMCTL32.dll
0x00007ffe198c0000 - 0x00007ffe198f0000 	C:\Windows\System32\IMM32.DLL
0x00007ffdecf20000 - 0x00007ffded00f000 	C:\Users\Sun3k\.jdks\corretto-1.8.0_332\jre\bin\msvcr120.dll
0x00007ffdece70000 - 0x00007ffdecf16000 	C:\Users\Sun3k\.jdks\corretto-1.8.0_332\jre\bin\msvcp120.dll
0x000000006b9f0000 - 0x000000006c266000 	C:\Users\Sun3k\.jdks\corretto-1.8.0_332\jre\bin\server\jvm.dll
0x00007ffe198b0000 - 0x00007ffe198b8000 	C:\Windows\System32\PSAPI.DLL
0x00007ffdde920000 - 0x00007ffdde929000 	C:\Windows\SYSTEM32\WSOCK32.dll
0x00007ffe06ea0000 - 0x00007ffe06ec7000 	C:\Windows\SYSTEM32\WINMM.dll
0x00007ffe0fcb0000 - 0x00007ffe0fcba000 	C:\Windows\SYSTEM32\VERSION.dll
0x00007ffe1a4b0000 - 0x00007ffe1a51b000 	C:\Windows\System32\WS2_32.dll
0x00007ffe12ea0000 - 0x00007ffe12eaf000 	C:\Users\Sun3k\.jdks\corretto-1.8.0_332\jre\bin\verify.dll
0x00007ffe09ae0000 - 0x00007ffe09b09000 	C:\Users\Sun3k\.jdks\corretto-1.8.0_332\jre\bin\java.dll
0x00007ffdf7540000 - 0x00007ffdf7575000 	C:\Users\Sun3k\.jdks\corretto-1.8.0_332\jre\bin\jdwp.dll
0x00007ffe04ed0000 - 0x00007ffe04ed8000 	C:\Users\Sun3k\.jdks\corretto-1.8.0_332\jre\bin\npt.dll
0x00007ffdea390000 - 0x00007ffdea3dd000 	C:\Users\Sun3k\AppData\Roaming\JetBrains\IdeaIC2022.1\plugins\jr-ide-idea\lib\jrebel6\lib\jrebel64.dll
0x00007ffe198f0000 - 0x00007ffe1a034000 	C:\Windows\System32\SHELL32.dll
0x00007ffe17780000 - 0x00007ffe1778c000 	C:\Windows\SYSTEM32\CRYPTBASE.DLL
0x00007ffe19660000 - 0x00007ffe1970d000 	C:\Windows\System32\shcore.dll
0x00007ffe1a070000 - 0x00007ffe1a3c4000 	C:\Windows\System32\combase.dll
0x00007ffe155f0000 - 0x00007ffe15680000 	C:\Windows\system32\apphelp.dll
0x00007ffdf6f00000 - 0x00007ffdf6f2a000 	C:\Users\Sun3k\.jdks\corretto-1.8.0_332\jre\bin\instrument.dll
0x00007ffe09ab0000 - 0x00007ffe09ac6000 	C:\Users\Sun3k\.jdks\corretto-1.8.0_332\jre\bin\zip.dll
0x00007ffe15eb0000 - 0x00007ffe16644000 	C:\Windows\SYSTEM32\windows.storage.dll
0x00007ffe17810000 - 0x00007ffe17840000 	C:\Windows\SYSTEM32\Wldp.dll
0x00007ffe187a0000 - 0x00007ffe187f5000 	C:\Windows\System32\shlwapi.dll
0x00007ffe17cf0000 - 0x00007ffe17d0f000 	C:\Windows\SYSTEM32\profapi.dll
0x00007ffe09bd0000 - 0x00007ffe09bd9000 	C:\Users\Sun3k\.jdks\corretto-1.8.0_332\jre\bin\dt_socket.dll
0x00007ffe17570000 - 0x00007ffe175da000 	C:\Windows\system32\mswsock.dll
0x00007ffe09be0000 - 0x00007ffe09bfa000 	C:\Users\Sun3k\.jdks\corretto-1.8.0_332\jre\bin\net.dll
0x00007ffe01e40000 - 0x00007ffe01e52000 	C:\Users\Sun3k\.jdks\corretto-1.8.0_332\jre\bin\nio.dll
0x00007ffe01900000 - 0x00007ffe01923000 	C:\Users\Sun3k\.jdks\corretto-1.8.0_332\jre\bin\sunec.dll
0x00007ffe12ec0000 - 0x00007ffe12ecd000 	C:\Users\Sun3k\.jdks\corretto-1.8.0_332\jre\bin\management.dll
0x00007ffe12db0000 - 0x00007ffe12dbc000 	C:\Users\Sun3k\.jdks\corretto-1.8.0_332\jre\bin\sunmscapi.dll
0x00007ffe184e0000 - 0x00007ffe18636000 	C:\Windows\System32\CRYPT32.dll
0x00007ffe17880000 - 0x00007ffe178a7000 	C:\Windows\SYSTEM32\ncrypt.dll
0x00007ffe17840000 - 0x00007ffe1787b000 	C:\Windows\SYSTEM32\NTASN1.dll
0x00007ffe17760000 - 0x00007ffe17778000 	C:\Windows\SYSTEM32\CRYPTSP.dll
0x00007ffe16e80000 - 0x00007ffe16eb4000 	C:\Windows\system32\rsaenh.dll
0x00007ffe18640000 - 0x00007ffe18667000 	C:\Windows\System32\bcrypt.dll
0x00007ffe17c70000 - 0x00007ffe17c9e000 	C:\Windows\SYSTEM32\USERENV.dll
0x00007ffe181f0000 - 0x00007ffe18272000 	C:\Windows\System32\bcryptprimitives.dll
0x00007ffe171f0000 - 0x00007ffe1722b000 	C:\Windows\SYSTEM32\IPHLPAPI.DLL
0x00007ffe1a640000 - 0x00007ffe1a648000 	C:\Windows\System32\NSI.dll
0x00007ffe11020000 - 0x00007ffe11037000 	C:\Windows\SYSTEM32\dhcpcsvc6.DLL
0x00007ffe119f0000 - 0x00007ffe11a0d000 	C:\Windows\SYSTEM32\dhcpcsvc.DLL
0x00007ffe17230000 - 0x00007ffe172fb000 	C:\Windows\SYSTEM32\DNSAPI.dll
0x00007ffe017f0000 - 0x00007ffe0180b000 	C:\Users\Sun3k\.jrebel\jrebel-temp\ver-e07cee6\IdeaWin64.dll
0x00007ffe0fca0000 - 0x00007ffe0fcaa000 	C:\Windows\System32\rasadhlp.dll
0x00007ffe0e650000 - 0x00007ffe0e6d0000 	C:\Windows\System32\fwpuclnt.dll
0x00007ffdf9670000 - 0x00007ffdf967a000 	C:\Users\Sun3k\AppData\Local\Temp\jansi-64-6480909963144185094.dll
0x00007ffddf5c0000 - 0x00007ffddf5d7000 	C:\Windows\system32\napinsp.dll
0x00007ffddf080000 - 0x00007ffddf09b000 	C:\Windows\system32\pnrpnsp.dll
0x00007ffe13300000 - 0x00007ffe13315000 	C:\Windows\system32\wshbth.dll
0x00007ffe12160000 - 0x00007ffe1217d000 	C:\Windows\system32\NLAapi.dll
0x00007ffddf060000 - 0x00007ffddf072000 	C:\Windows\System32\winrnr.dll
0x0000000180000000 - 0x0000000180053000 	C:\Users\Sun3k\.gradle\caches\minecraft\net\minecraft\natives\1.8.9\lwjgl64.dll
0x00007ffdd68b0000 - 0x00007ffdd69d7000 	C:\Windows\SYSTEM32\OPENGL32.dll
0x00007ffdd5d00000 - 0x00007ffdd5d2c000 	C:\Windows\SYSTEM32\GLU32.dll
0x00007ffde7bf0000 - 0x00007ffde7d85000 	C:\Users\Sun3k\.jdks\corretto-1.8.0_332\jre\bin\awt.dll
0x00007ffe19480000 - 0x00007ffe1954d000 	C:\Windows\System32\OLEAUT32.dll
0x00007ffe12ed0000 - 0x00007ffe12f7e000 	C:\Windows\SYSTEM32\mscms.dll
0x00007ffe12e40000 - 0x00007ffe12e51000 	C:\Windows\SYSTEM32\ColorAdapterClient.dll
0x00007ffe15cb0000 - 0x00007ffe15cc2000 	C:\Windows\SYSTEM32\kernel.appcore.dll
0x00007ffe18cf0000 - 0x00007ffe18d99000 	C:\Windows\System32\clbcatq.dll
0x00007ffe186a0000 - 0x00007ffe186ee000 	C:\Windows\System32\cfgmgr32.dll
0x00007ffe157b0000 - 0x00007ffe1584e000 	C:\Windows\system32\uxtheme.dll
0x00007ffe1a520000 - 0x00007ffe1a635000 	C:\Windows\System32\MSCTF.dll
0x00007ffe01240000 - 0x00007ffe01339000 	C:\Windows\SYSTEM32\textinputframework.dll
0x00007ffe14ce0000 - 0x00007ffe1503e000 	C:\Windows\System32\CoreUIComponents.dll
0x00007ffe153c0000 - 0x00007ffe154b2000 	C:\Windows\System32\CoreMessaging.dll
0x00007ffe13d00000 - 0x00007ffe13e54000 	C:\Windows\SYSTEM32\wintypes.dll
0x00007ffe16ab0000 - 0x00007ffe16ae3000 	C:\Windows\SYSTEM32\ntmarta.dll
0x00007ffdf6f70000 - 0x00007ffdf6f9c000 	C:\Windows\System32\DriverStore\FileRepository\u0375335.inf_amd64_7de275617d9da25a\B374868\atig6pxx.dll
0x00007ffd9c8f0000 - 0x00007ffd9f733000 	C:\Windows\System32\DriverStore\FileRepository\u0375335.inf_amd64_7de275617d9da25a\B374868\atio6axx.dll
0x00007ffe18880000 - 0x00007ffe18cef000 	C:\Windows\System32\SETUPAPI.dll
0x00007ffe19120000 - 0x00007ffe1924a000 	C:\Windows\System32\ole32.dll
0x00007ffe08d90000 - 0x00007ffe08db4000 	C:\Windows\SYSTEM32\dxva2.dll
0x00007ffe159c0000 - 0x00007ffe159ef000 	C:\Windows\SYSTEM32\dwmapi.dll
0x00007ffdea820000 - 0x00007ffdea85f000 	C:\Windows\System32\DriverStore\FileRepository\u0375335.inf_amd64_7de275617d9da25a\B374868\atig6txx.dll
0x00007ffdd5ad0000 - 0x00007ffdd5ca6000 	C:\Windows\SYSTEM32\atiadlxx.dll
0x00007ffe13a20000 - 0x00007ffe13b16000 	C:\Windows\SYSTEM32\PROPSYS.dll
0x00007ffe17b60000 - 0x00007ffe17b8c000 	C:\Windows\SYSTEM32\DEVOBJ.dll
0x00007ffe18180000 - 0x00007ffe181e7000 	C:\Windows\System32\WINTRUST.dll
0x00007ffe179a0000 - 0x00007ffe179b2000 	C:\Windows\SYSTEM32\MSASN1.dll
0x00007ffdf0840000 - 0x00007ffdf0889000 	C:\Windows\SYSTEM32\pdh.dll
0x00007ffe072c0000 - 0x00007ffe072fb000 	C:\Windows\SYSTEM32\dxcore.dll
0x00007ffdccd30000 - 0x00007ffdccd73000 	C:\Windows\SYSTEM32\icm32.dll
0x00007ffde81d0000 - 0x00007ffde8212000 	C:\Users\Sun3k\AppData\Local\Temp\jna-80245188\jna2087898501931176091.dll
0x00007ffde8180000 - 0x00007ffde81cb000 	C:\ProgramData\obs-studio-hook\graphics-hook64.dll
0x00007ffe142c0000 - 0x00007ffe14523000 	C:\Windows\system32\d3d11.dll
0x00007ffe166b0000 - 0x00007ffe167a3000 	C:\Windows\SYSTEM32\dxgi.dll
0x00007ffe06ed0000 - 0x00007ffe07088000 	C:\Windows\System32\DriverStore\FileRepository\u0375335.inf_amd64_7de275617d9da25a\B374868\aticfx64.dll
0x00007ffe06e30000 - 0x00007ffe06e69000 	C:\Windows\System32\DriverStore\FileRepository\u0375335.inf_amd64_7de275617d9da25a\B374868\atiuxp64.dll
0x00007ffe04ef0000 - 0x00007ffe06e27000 	C:\Windows\System32\DriverStore\FileRepository\u0375335.inf_amd64_7de275617d9da25a\B374868\atidxx64.dll
0x00007ffe04780000 - 0x00007ffe047b0000 	C:\Windows\SYSTEM32\amdihk64.dll
0x0000000070a40000 - 0x0000000070adc000 	C:\Users\Sun3k\.gradle\caches\minecraft\net\minecraft\natives\1.8.9\avutil-ttv-51.dll
0x0000000065980000 - 0x00000000659d6000 	C:\Users\Sun3k\.gradle\caches\minecraft\net\minecraft\natives\1.8.9\swresample-ttv-0.dll
0x000000006eb80000 - 0x000000006ec50000 	C:\Users\Sun3k\.gradle\caches\minecraft\net\minecraft\natives\1.8.9\libmp3lame-ttv.dll
0x00007ffd9a540000 - 0x00007ffd9b8e4000 	C:\Users\Sun3k\.gradle\caches\minecraft\net\minecraft\natives\1.8.9\libmfxsw64.dll
0x00007ffde7a40000 - 0x00007ffde7bad000 	C:\Users\Sun3k\.gradle\caches\minecraft\net\minecraft\natives\1.8.9\twitchsdk.dll
0x00007ffdfe0f0000 - 0x00007ffdfe5c6000 	C:\Windows\SYSTEM32\WININET.dll
0x0000023c27850000 - 0x0000023c278b4000 	C:\Users\Sun3k\.gradle\caches\minecraft\net\minecraft\natives\1.8.9\OpenAL64.dll
0x00007ffe106a0000 - 0x00007ffe10725000 	C:\Windows\System32\MMDevApi.dll
0x00007ffde69b0000 - 0x00007ffde6a4c000 	C:\Windows\SYSTEM32\dsound.dll
0x00007ffdfe5f0000 - 0x00007ffdfe616000 	C:\Windows\SYSTEM32\winmmbase.dll
0x00007ffe17470000 - 0x00007ffe174bb000 	C:\Windows\SYSTEM32\powrprof.dll
0x00007ffe17370000 - 0x00007ffe17382000 	C:\Windows\SYSTEM32\UMPDC.dll
0x00007ffe108e0000 - 0x00007ffe10a62000 	C:\Windows\SYSTEM32\AUDIOSES.DLL
0x00007ffe158c0000 - 0x00007ffe158d4000 	C:\Windows\SYSTEM32\resourcepolicyclient.dll
0x00007ffde62c0000 - 0x00007ffde635c000 	C:\Users\Sun3k\AppData\Local\Temp\discord-rpc\discord-rpc.dll
0x00007ffe084c0000 - 0x00007ffe08503000 	C:\Windows\System32\Windows.Internal.Graphics.Display.DisplayColorManagement.dll
0x00007ffe08ae0000 - 0x00007ffe08cc4000 	C:\Windows\SYSTEM32\dbghelp.dll

VM Arguments:
jvm_args: -agentlib:jdwp=transport=dt_socket,address=127.0.0.1:53332,suspend=y,server=n -Drebel.base=C:\Users\Sun3k\.jrebel -Drebel.env.ide.plugin.version=2022.3.0 -Drebel.env.ide.version=2022.1.1 -Drebel.env.ide.product=IC -Drebel.env.ide=intellij -Drebel.notification.url=http://localhost:17434 -agentpath:C:\Users\Sun3k\AppData\Roaming\JetBrains\IdeaIC2022.1\plugins\jr-ide-idea\lib\jrebel6\lib\jrebel64.dll -javaagent:C:\Users\Sun3k\.gradle\caches\modules-2\files-2.1\org.spongepowered\mixin\0.7.11-SNAPSHOT\7a670207bdb97db418118ad1e9bb42424ff3776d\mixin-0.7.11-SNAPSHOT.jar -javaagent:C:\Users\Sun3k\AppData\Local\JetBrains\IdeaIC2022.1\captureAgent\debugger-agent.jar -Dfile.encoding=UTF-8 
java_command: GradleStart --mixin mixins.sunrise.json --tweakClass org.spongepowered.asm.launch.MixinTweaker -Ddevauth.account
java_class_path (initial): C:\Users\Sun3k\.jdks\corretto-1.8.0_332\jre\lib\charsets.jar;C:\Users\Sun3k\.jdks\corretto-1.8.0_332\jre\lib\ext\access-bridge-64.jar;C:\Users\Sun3k\.jdks\corretto-1.8.0_332\jre\lib\ext\cldrdata.jar;C:\Users\Sun3k\.jdks\corretto-1.8.0_332\jre\lib\ext\dnsns.jar;C:\Users\Sun3k\.jdks\corretto-1.8.0_332\jre\lib\ext\jaccess.jar;C:\Users\Sun3k\.jdks\corretto-1.8.0_332\jre\lib\ext\jfxrt.jar;C:\Users\Sun3k\.jdks\corretto-1.8.0_332\jre\lib\ext\localedata.jar;C:\Users\Sun3k\.jdks\corretto-1.8.0_332\jre\lib\ext\nashorn.jar;C:\Users\Sun3k\.jdks\corretto-1.8.0_332\jre\lib\ext\sunec.jar;C:\Users\Sun3k\.jdks\corretto-1.8.0_332\jre\lib\ext\sunjce_provider.jar;C:\Users\Sun3k\.jdks\corretto-1.8.0_332\jre\lib\ext\sunmscapi.jar;C:\Users\Sun3k\.jdks\corretto-1.8.0_332\jre\lib\ext\sunpkcs11.jar;C:\Users\Sun3k\.jdks\corretto-1.8.0_332\jre\lib\ext\zipfs.jar;C:\Users\Sun3k\.jdks\corretto-1.8.0_332\jre\lib\jce.jar;C:\Users\Sun3k\.jdks\corretto-1.8.0_332\jre\lib\jfr.jar;C:\Users\Sun3k\.jdks\corretto-1.8.0_332\jre\lib\jfxswt.jar;C:\Users\Sun3k\.jdks\corretto-1.8.0_332\jre\lib\jsse.jar;C:\Users\Sun3k\.jdks\corretto-1.8.0_332\jre\lib\management-agent.jar;C:\Users\Sun3k\.jdks\corretto-1.8.0_332\jre\lib\resources.jar;C:\Users\Sun3k\.jdks\corretto-1.8.0_332\jre\lib\rt.jar;C:\Users\Sun3k\IdeaProjects\Sunrise8\build\classes\java\main;C:\Users\Sun3k\.gradle\caches\minecraft\deobfedDeps\compileDummy.jar;C:\Users\Sun3k\.gradle\caches\minecraft\deobfedDeps\providedDummy.jar;C:\Users\Sun3k\.gradle\caches\modules-2\files-2.1\org.spongepowered\mixin\0.7.11-SNAPSHOT\7a670207bdb97db418118ad1e9bb42424ff3776d\mixin-0.7.11-SNAPSHOT.jar;C:\Users\Sun3k\.gradle\caches\modules-2\files-2.1\com.github.Vatuu\discord-rpc\1.6.2\1e2a38614325e809efe442d82231e7c172cf94ab\discord-rpc-1.6.2.jar;C:\Users\Sun3k\.gradle\caches\modules-2\files-2.1\com.google.guava\guava\17.0\9c6ef172e8de35fd8d4d8783e4821e57cdef7445\guava-17.0.jar;C:\Users\Sun3k\.gradle\caches\modules-2\files-2.1\commons-io\commons-io\
Launcher Type: SUN_STANDARD

Environment Variables:
JAVA_HOME=C:\Program Files\OpenJDK\jdk-18
PATH=C:\Windows\system32;C:\Windows;C:\Windows\System32\Wbem;C:\Windows\System32\WindowsPowerShell\v1.0\;C:\Windows\System32\OpenSSH\;C:\ProgramData\chocolatey\bin;C:\Program Files\Microsoft VS Code\bin;C:\Program Files (x86)\Yarn\bin\;C:\Program Files\nodejs\;C:\Program Files\Git\cmd;C:\Program Files\OpenJDK\jdk-18\bin;C:\Program Files\dotnet\;C:\Users\Sun3k\AppData\Local\Programs\Python\Python310\Scripts\;C:\Users\Sun3k\AppData\Local\Programs\Python\Python310\;C:\Users\Sun3k\AppData\Local\Microsoft\WindowsApps;C:\Users\Sun3k\AppData\Local\Yarn\bin;C:\Users\Sun3k\AppData\Roaming\npm;C:\Program Files\Oracle\VirtualBox;C:\Program Files\heroku\bin;C:\Program Files\JetBrains\IntelliJ IDEA Community Edition 2022.1.1\bin;;C:\Users\Sun3k\.dotnet\tools
USERNAME=Sun3k
OS=Windows_NT
PROCESSOR_IDENTIFIER=AMD64 Family 23 Model 24 Stepping 1, AuthenticAMD



---------------  S Y S T E M  ---------------

OS: Windows 10.0 , 64 bit Build 19041 (10.0.19041.1806)

CPU:total 8 (initial active 8) (8 cores per cpu, 1 threads per core) family 23 model 24 stepping 1, cmov, cx8, fxsr, mmx, sse, sse2, sse3, ssse3, sse4.1, sse4.2, popcnt, avx, avx2, aes, clmul, mmxext, 3dnowpref, lzcnt, sse4a, tsc, tscinvbit, tscinv, bmi1

Memory: 4k page, physical 6206224k(393208k free), swap 22048772k(5138612k free)

vm_info: OpenJDK 64-Bit Server VM (25.332-b08) for windows-amd64 JRE (1.8.0_332-b08), built on Apr 16 2022 08:31:02 by "Administrator" with MS VC++ 12.0 (VS2013)

time: Tue Jul 19 21:42:28 2022
timezone: South Sudan Standard Time
elapsed time: 352.412294 seconds (0d 0h 5m 52s)

