#
# A fatal error has been detected by the Java Runtime Environment:
#
#  EXCEPTION_ACCESS_VIOLATION (0xc0000005) at pc=0x0000000000000000, pid=12068, tid=0x0000000000003914
#
# JRE version: OpenJDK Runtime Environment (8.0_332-b08) (build 1.8.0_332-b08)
# Java VM: OpenJDK 64-Bit Server VM (25.332-b08 mixed mode windows-amd64 compressed oops)
# Problematic frame:
# C  0x0000000000000000
#
# Failed to write core dump. Minidumps are not enabled by default on client versions of Windows
#
# If you would like to submit a bug report, please visit:
#   https://github.com/corretto/corretto-8/issues/
#

---------------  T H R E A D  ---------------

Current thread (0x00000167c534e000):  VMThread [stack: 0x0000002464400000,0x0000002464500000] [id=14612]

siginfo: ExceptionCode=0xc0000005, ExceptionInformation=0x0000000000000008 0x0000000000000000

Registers:
RAX=0x0000000000000000, RBX=0x0000000000000000, RCX=0x0000000000000001, RDX=0x00007ffe96e2f0b8
RSP=0x00000024644fefb8, RBP=0x00000167b059ad70, RSI=0x0000000000010000, RDI=0x0000000000000000
R8 =0x00000024636b9000, R9 =0x000000000000001e, R10=0x0000000000000000, R11=0x00000167c72fcb70
R12=0x00007ffe7d6fe810, R13=0x00000000ffffffff, R14=0x00007ffe7d620000, R15=0x0000000000000001
RIP=0x0000000000000000, EFLAGS=0x0000000000010202

Top of Stack: (sp=0x00000024644fefb8)
0x00000024644fefb8:   00007ffe96df2f2c 0000000000000000
0x00000024644fefc8:   00000167b059ad70 00000000ffffffff
0x00000024644fefd8:   0000000000010000 0000000000000000
0x00000024644fefe8:   00007ffe96df406e 0000000000000000
0x00000024644feff8:   00000167b059ad70 0000000000010000
0x00000024644ff008:   00000167c8a46d18 0000000000000001
0x00000024644ff018:   00007ffe7d626e2e 0000000000000000
0x00000024644ff028:   0000000000000001 000000018004bb20
0x00000024644ff038:   0000000000000000 0000000000000001
0x00000024644ff048:   00007ffe7d627276 0000000000000000
0x00000024644ff058:   00000167b059ad70 0000000000000001
0x00000024644ff068:   0000000000000001 0000000000000000
0x00000024644ff078:   00007ffe7d6fe94f 0000000000000001
0x00000024644ff088:   0000000000000000 0000000000000000
0x00000024644ff098:   00000167cb9e0b30 0000000100000001
0x00000024644ff0a8:   000000018000ecac 000000018001c558 

Instructions: (pc=0x0000000000000000)
0xffffffffffffffe0:   


Register to memory mapping:

RAX=0x0000000000000000 is an unknown value
RBX=0x0000000000000000 is an unknown value
RCX=0x0000000000000001 is an unknown value
RDX=0x00007ffe96e2f0b8 is an unknown value
RSP=0x00000024644fefb8 is an unknown value
RBP=0x00000167b059ad70 is an unknown value
RSI=0x0000000000010000 is an unknown value
RDI=0x0000000000000000 is an unknown value
R8 =0x00000024636b9000 is an unknown value
R9 =0x000000000000001e is an unknown value
R10=0x0000000000000000 is an unknown value
R11=0x00000167c72fcb70 is an unknown value
R12=0x00007ffe7d6fe810 is an unknown value
R13=0x00000000ffffffff is an unknown value
R14=0x00007ffe7d620000 is an unknown value
R15=0x0000000000000001 is an unknown value


Stack: [0x0000002464400000,0x0000002464500000],  sp=0x00000024644fefb8,  free space=1019k
Native frames: (J=compiled Java code, j=interpreted, Vv=VM code, C=native code)

VM_Operation (0x0000002463bfdef0): Exit, mode: safepoint, requested by thread 0x00000167b0577000


---------------  P R O C E S S  ---------------

Java Threads: ( => current thread )
  0x00000167e48e1800 JavaThread "File IO Thread" [_thread_blocked, id=15676, stack(0x0000002465700000,0x0000002465800000)]
  0x00000167e48e0000 JavaThread "pool-2-thread-1" [_thread_blocked, id=14756, stack(0x0000002465300000,0x0000002465400000)]
  0x00000167e48e3000 JavaThread "Chunk I/O Executor Thread-1" daemon [_thread_blocked, id=13944, stack(0x0000002466d00000,0x0000002466e00000)]
  0x00000167e48e2000 JavaThread "Netty Server IO #1" daemon [_thread_in_native, id=15884, stack(0x0000002466b00000,0x0000002466c00000)]
  0x00000167c85b1800 JavaThread "Netty Local Client IO #0" daemon [_thread_blocked, id=10168, stack(0x0000002466a00000,0x0000002466b00000)]
  0x00000167c85b4000 JavaThread "Netty Server IO #0" daemon [_thread_in_native, id=8060, stack(0x0000002463a00000,0x0000002463b00000)]
  0x00000167c85b0000 JavaThread "Thread-12" [_thread_blocked, id=9396, stack(0x0000002466400000,0x0000002466500000)]
  0x00000167c85af800 JavaThread "Thread-11" [_thread_blocked, id=5176, stack(0x0000002466200000,0x0000002466300000)]
  0x00000167c85ae800 JavaThread "Chunk Batcher 1" daemon [_thread_blocked, id=5708, stack(0x0000002466600000,0x0000002466700000)]
  0x00000167c85b5000 JavaThread "Chunk Batcher 0" daemon [_thread_blocked, id=15160, stack(0x0000002466000000,0x0000002466100000)]
  0x00000167cafce800 JavaThread "LWJGL Timer" daemon [_thread_blocked, id=7816, stack(0x0000002465800000,0x0000002465900000)]
  0x00000167c83cd800 JavaThread "Java2D Disposer" daemon [_thread_blocked, id=4952, stack(0x0000002465500000,0x0000002465600000)]
  0x00000167cae46800 JavaThread "Timer hack thread" daemon [_thread_blocked, id=14084, stack(0x0000002465400000,0x0000002465500000)]
  0x00000167c7c59000 JavaThread "Snooper Timer" daemon [_thread_blocked, id=14696, stack(0x0000002465200000,0x0000002465300000)]
  0x00000167c7280000 JavaThread "Service Thread" daemon [_thread_blocked, id=14672, stack(0x0000002465000000,0x0000002465100000)]
  0x00000167c5407000 JavaThread "C1 CompilerThread3" daemon [_thread_blocked, id=15752, stack(0x0000002464f00000,0x0000002465000000)]
  0x00000167c5406800 JavaThread "C2 CompilerThread2" daemon [_thread_blocked, id=2116, stack(0x0000002464e00000,0x0000002464f00000)]
  0x00000167c53f7800 JavaThread "C2 CompilerThread1" daemon [_thread_blocked, id=7272, stack(0x0000002464d00000,0x0000002464e00000)]
  0x00000167c5409000 JavaThread "C2 CompilerThread0" daemon [_thread_blocked, id=11052, stack(0x0000002464c00000,0x0000002464d00000)]
  0x00000167c53e1000 JavaThread "JDWP Command Reader" daemon [_thread_blocked, id=3804, stack(0x0000002464b00000,0x0000002464c00000)]
  0x00000167c53dd000 JavaThread "JDWP Event Helper Thread" daemon [_thread_blocked, id=2272, stack(0x0000002464a00000,0x0000002464b00000)]
  0x00000167c53c7000 JavaThread "JDWP Transport Listener: dt_socket" daemon [_thread_blocked, id=5792, stack(0x0000002464900000,0x0000002464a00000)]
  0x00000167c53b6000 JavaThread "Attach Listener" daemon [_thread_blocked, id=7772, stack(0x0000002464800000,0x0000002464900000)]
  0x00000167c53b5800 JavaThread "Signal Dispatcher" daemon [_thread_blocked, id=11928, stack(0x0000002464700000,0x0000002464800000)]
  0x00000167c5386800 JavaThread "Finalizer" daemon [_thread_blocked, id=14784, stack(0x0000002464600000,0x0000002464700000)]
  0x00000167c537f800 JavaThread "Reference Handler" daemon [_thread_blocked, id=15080, stack(0x0000002464500000,0x0000002464600000)]
  0x00000167b0577000 JavaThread "Client thread" [_thread_blocked, id=840, stack(0x0000002463b00000,0x0000002463c00000)]

Other Threads:
=>0x00000167c534e000 VMThread [stack: 0x0000002464400000,0x0000002464500000] [id=14612]

VM state:at safepoint (shutting down)

VM Mutex/Monitor currently owned by a thread:  ([mutex/lock_event])
[0x00000167b0575190] Threads_lock - owner thread: 0x00000167c534e000

heap address: 0x00000000a1400000, size: 1516 MB, Compressed Oops mode: 32-bit
Narrow klass base: 0x0000000000000000, Narrow klass shift: 3
Compressed class space size: 1073741824 Address: 0x0000000100000000

Heap:
 PSYoungGen      total 345088K, used 4834K [0x00000000e0700000, 0x0000000100000000, 0x0000000100000000)
  eden space 173056K, 2% used [0x00000000e0700000,0x00000000e0bb8970,0x00000000eb000000)
  from space 172032K, 0% used [0x00000000f5800000,0x00000000f5800000,0x0000000100000000)
  to   space 172032K, 0% used [0x00000000eb000000,0x00000000eb000000,0x00000000f5800000)
 ParOldGen       total 905216K, used 355487K [0x00000000a1400000, 0x00000000d8800000, 0x00000000e0700000)
  object space 905216K, 39% used [0x00000000a1400000,0x00000000b6f27c60,0x00000000d8800000)
 Metaspace       used 53842K, capacity 54329K, committed 55040K, reserved 1097728K
  class space    used 6431K, capacity 6561K, committed 6656K, reserved 1048576K

Card table byte_map: [0x00000167c1190000,0x00000167c1490000] byte_map_base: 0x00000167c0c86000

Marking Bits: (ParMarkBitMap*) 0x0000000064027850
 Begin Bits: [0x00000167c1690000, 0x00000167c2e40000)
 End Bits:   [0x00000167c2e40000, 0x00000167c45f0000)

Polling page: 0x00000167b0500000

CodeCache: size=245760Kb used=35616Kb max_used=35666Kb free=210143Kb
 bounds [0x00000167b1dd0000, 0x00000167b40f0000, 0x00000167c0dd0000]
 total_blobs=9683 nmethods=8748 adapters=851
 compilation: enabled

Compilation events (10 events):
Event: 122.824 Thread 0x00000167c5407000 12257       3       java.lang.StackTraceElement::isNativeMethod (15 bytes)
Event: 122.825 Thread 0x00000167c5407000 nmethod 12257 0x00000167b27e1e50 code [0x00000167b27e1fa0, 0x00000167b27e2158]
Event: 122.825 Thread 0x00000167c5407000 12258       3       java.lang.StackTraceElement::toString (140 bytes)
Event: 122.827 Thread 0x00000167c5407000 nmethod 12258 0x00000167b40e4d90 code [0x00000167b40e50c0, 0x00000167b40e6d90]
Event: 122.832 Thread 0x00000167c5407000 12259       3       java.util.logging.LogManager$LoggerContext::getRootLogger (8 bytes)
Event: 122.833 Thread 0x00000167c5407000 nmethod 12259 0x00000167b2d91310 code [0x00000167b2d91460, 0x00000167b2d91678]
Event: 122.834 Thread 0x00000167c5407000 12260       3       java.util.logging.LogManager$LoggerContext::getGlobalLogger (6 bytes)
Event: 122.834 Thread 0x00000167c5407000 nmethod 12260 0x00000167b20f4890 code [0x00000167b20f49e0, 0x00000167b20f4b38]
Event: 122.836 Thread 0x00000167c5407000 12261       1       org.apache.logging.log4j.core.config.LoggerConfig::getLevel (5 bytes)
Event: 122.837 Thread 0x00000167c5407000 nmethod 12261 0x00000167b2369350 code [0x00000167b23694a0, 0x00000167b23695b8]

GC Heap History (10 events):
Event: 115.147 GC heap before
{Heap before GC invocations=51 (full 11):
 PSYoungGen      total 345088K, used 173056K [0x00000000e0700000, 0x0000000100000000, 0x0000000100000000)
  eden space 173056K, 100% used [0x00000000e0700000,0x00000000eb000000,0x00000000eb000000)
  from space 172032K, 0% used [0x00000000eb000000,0x00000000eb000000,0x00000000f5800000)
  to   space 172032K, 0% used [0x00000000f5800000,0x00000000f5800000,0x0000000100000000)
 ParOldGen       total 905216K, used 574049K [0x00000000a1400000, 0x00000000d8800000, 0x00000000e0700000)
  object space 905216K, 63% used [0x00000000a1400000,0x00000000c44987f0,0x00000000d8800000)
 Metaspace       used 53778K, capacity 54105K, committed 54784K, reserved 1097728K
  class space    used 6423K, capacity 6529K, committed 6656K, reserved 1048576K
Event: 115.190 GC heap after
Heap after GC invocations=51 (full 11):
 PSYoungGen      total 345088K, used 109462K [0x00000000e0700000, 0x0000000100000000, 0x0000000100000000)
  eden space 173056K, 0% used [0x00000000e0700000,0x00000000e0700000,0x00000000eb000000)
  from space 172032K, 63% used [0x00000000f5800000,0x00000000fc2e5b00,0x0000000100000000)
  to   space 172032K, 0% used [0x00000000eb000000,0x00000000eb000000,0x00000000f5800000)
 ParOldGen       total 905216K, used 574057K [0x00000000a1400000, 0x00000000d8800000, 0x00000000e0700000)
  object space 905216K, 63% used [0x00000000a1400000,0x00000000c449a7f0,0x00000000d8800000)
 Metaspace       used 53778K, capacity 54105K, committed 54784K, reserved 1097728K
  class space    used 6423K, capacity 6529K, committed 6656K, reserved 1048576K
}
Event: 122.169 GC heap before
{Heap before GC invocations=52 (full 11):
 PSYoungGen      total 345088K, used 253316K [0x00000000e0700000, 0x0000000100000000, 0x0000000100000000)
  eden space 173056K, 83% used [0x00000000e0700000,0x00000000e937b820,0x00000000eb000000)
  from space 172032K, 63% used [0x00000000f5800000,0x00000000fc2e5b00,0x0000000100000000)
  to   space 172032K, 0% used [0x00000000eb000000,0x00000000eb000000,0x00000000f5800000)
 ParOldGen       total 905216K, used 574057K [0x00000000a1400000, 0x00000000d8800000, 0x00000000e0700000)
  object space 905216K, 63% used [0x00000000a1400000,0x00000000c449a7f0,0x00000000d8800000)
 Metaspace       used 53833K, capacity 54265K, committed 55040K, reserved 1097728K
  class space    used 6430K, capacity 6561K, committed 6656K, reserved 1048576K
Event: 122.178 GC heap after
Heap after GC invocations=52 (full 11):
 PSYoungGen      total 345088K, used 7158K [0x00000000e0700000, 0x0000000100000000, 0x0000000100000000)
  eden space 173056K, 0% used [0x00000000e0700000,0x00000000e0700000,0x00000000eb000000)
  from space 172032K, 4% used [0x00000000eb000000,0x00000000eb6fdb10,0x00000000f5800000)
  to   space 172032K, 0% used [0x00000000f5800000,0x00000000f5800000,0x0000000100000000)
 ParOldGen       total 905216K, used 574065K [0x00000000a1400000, 0x00000000d8800000, 0x00000000e0700000)
  object space 905216K, 63% used [0x00000000a1400000,0x00000000c449c7f0,0x00000000d8800000)
 Metaspace       used 53833K, capacity 54265K, committed 55040K, reserved 1097728K
  class space    used 6430K, capacity 6561K, committed 6656K, reserved 1048576K
}
Event: 122.178 GC heap before
{Heap before GC invocations=53 (full 12):
 PSYoungGen      total 345088K, used 7158K [0x00000000e0700000, 0x0000000100000000, 0x0000000100000000)
  eden space 173056K, 0% used [0x00000000e0700000,0x00000000e0700000,0x00000000eb000000)
  from space 172032K, 4% used [0x00000000eb000000,0x00000000eb6fdb10,0x00000000f5800000)
  to   space 172032K, 0% used [0x00000000f5800000,0x00000000f5800000,0x0000000100000000)
 ParOldGen       total 905216K, used 574065K [0x00000000a1400000, 0x00000000d8800000, 0x00000000e0700000)
  object space 905216K, 63% used [0x00000000a1400000,0x00000000c449c7f0,0x00000000d8800000)
 Metaspace       used 53833K, capacity 54265K, committed 55040K, reserved 1097728K
  class space    used 6430K, capacity 6561K, committed 6656K, reserved 1048576K
Event: 122.629 GC heap after
Heap after GC invocations=53 (full 12):
 PSYoungGen      total 345088K, used 0K [0x00000000e0700000, 0x0000000100000000, 0x0000000100000000)
  eden space 173056K, 0% used [0x00000000e0700000,0x00000000e0700000,0x00000000eb000000)
  from space 172032K, 0% used [0x00000000eb000000,0x00000000eb000000,0x00000000f5800000)
  to   space 172032K, 0% used [0x00000000f5800000,0x00000000f5800000,0x0000000100000000)
 ParOldGen       total 905216K, used 355487K [0x00000000a1400000, 0x00000000d8800000, 0x00000000e0700000)
  object space 905216K, 39% used [0x00000000a1400000,0x00000000b6f27d70,0x00000000d8800000)
 Metaspace       used 53833K, capacity 54265K, committed 55040K, reserved 1097728K
  class space    used 6430K, capacity 6561K, committed 6656K, reserved 1048576K
}
Event: 122.629 GC heap before
{Heap before GC invocations=54 (full 12):
 PSYoungGen      total 345088K, used 0K [0x00000000e0700000, 0x0000000100000000, 0x0000000100000000)
  eden space 173056K, 0% used [0x00000000e0700000,0x00000000e0700000,0x00000000eb000000)
  from space 172032K, 0% used [0x00000000eb000000,0x00000000eb000000,0x00000000f5800000)
  to   space 172032K, 0% used [0x00000000f5800000,0x00000000f5800000,0x0000000100000000)
 ParOldGen       total 905216K, used 355487K [0x00000000a1400000, 0x00000000d8800000, 0x00000000e0700000)
  object space 905216K, 39% used [0x00000000a1400000,0x00000000b6f27d70,0x00000000d8800000)
 Metaspace       used 53833K, capacity 54265K, committed 55040K, reserved 1097728K
  class space    used 6430K, capacity 6561K, committed 6656K, reserved 1048576K
Event: 122.633 GC heap after
Heap after GC invocations=54 (full 12):
 PSYoungGen      total 345088K, used 0K [0x00000000e0700000, 0x0000000100000000, 0x0000000100000000)
  eden space 173056K, 0% used [0x00000000e0700000,0x00000000e0700000,0x00000000eb000000)
  from space 172032K, 0% used [0x00000000f5800000,0x00000000f5800000,0x0000000100000000)
  to   space 172032K, 0% used [0x00000000eb000000,0x00000000eb000000,0x00000000f5800000)
 ParOldGen       total 905216K, used 355487K [0x00000000a1400000, 0x00000000d8800000, 0x00000000e0700000)
  object space 905216K, 39% used [0x00000000a1400000,0x00000000b6f27d70,0x00000000d8800000)
 Metaspace       used 53833K, capacity 54265K, committed 55040K, reserved 1097728K
  class space    used 6430K, capacity 6561K, committed 6656K, reserved 1048576K
}
Event: 122.633 GC heap before
{Heap before GC invocations=55 (full 13):
 PSYoungGen      total 345088K, used 0K [0x00000000e0700000, 0x0000000100000000, 0x0000000100000000)
  eden space 173056K, 0% used [0x00000000e0700000,0x00000000e0700000,0x00000000eb000000)
  from space 172032K, 0% used [0x00000000f5800000,0x00000000f5800000,0x0000000100000000)
  to   space 172032K, 0% used [0x00000000eb000000,0x00000000eb000000,0x00000000f5800000)
 ParOldGen       total 905216K, used 355487K [0x00000000a1400000, 0x00000000d8800000, 0x00000000e0700000)
  object space 905216K, 39% used [0x00000000a1400000,0x00000000b6f27d70,0x00000000d8800000)
 Metaspace       used 53833K, capacity 54265K, committed 55040K, reserved 1097728K
  class space    used 6430K, capacity 6561K, committed 6656K, reserved 1048576K
Event: 122.819 GC heap after
Heap after GC invocations=55 (full 13):
 PSYoungGen      total 345088K, used 0K [0x00000000e0700000, 0x0000000100000000, 0x0000000100000000)
  eden space 173056K, 0% used [0x00000000e0700000,0x00000000e0700000,0x00000000eb000000)
  from space 172032K, 0% used [0x00000000f5800000,0x00000000f5800000,0x0000000100000000)
  to   space 172032K, 0% used [0x00000000eb000000,0x00000000eb000000,0x00000000f5800000)
 ParOldGen       total 905216K, used 355487K [0x00000000a1400000, 0x00000000d8800000, 0x00000000e0700000)
  object space 905216K, 39% used [0x00000000a1400000,0x00000000b6f27c60,0x00000000d8800000)
 Metaspace       used 53833K, capacity 54265K, committed 55040K, reserved 1097728K
  class space    used 6430K, capacity 6561K, committed 6656K, reserved 1048576K
}

Deoptimization events (10 events):
Event: 115.266 Thread 0x00000167c85b3000 Uncommon trap: reason=unstable_if action=reinterpret pc=0x00000167b4077c1c method=com.google.common.cache.LocalCache.usesKeyReferences()Z @ 7
Event: 115.266 Thread 0x00000167c85b3000 Uncommon trap: reason=class_check action=maybe_recompile pc=0x00000167b3756278 method=com.google.common.cache.LocalCache$Segment.drainRecencyQueue()V @ 4
Event: 115.266 Thread 0x00000167c85b3000 Uncommon trap: reason=class_check action=maybe_recompile pc=0x00000167b3756278 method=com.google.common.cache.LocalCache$Segment.drainRecencyQueue()V @ 4
Event: 115.266 Thread 0x00000167c85b3000 Uncommon trap: reason=class_check action=maybe_recompile pc=0x00000167b3756278 method=com.google.common.cache.LocalCache$Segment.drainRecencyQueue()V @ 4
Event: 115.274 Thread 0x00000167c85b4000 Uncommon trap: reason=class_check action=maybe_recompile pc=0x00000167b4009eb0 method=java.util.HashSet.remove(Ljava/lang/Object;)Z @ 5
Event: 115.310 Thread 0x00000167c85b3000 Uncommon trap: reason=bimorphic action=maybe_recompile pc=0x00000167b3c5cbd0 method=net.minecraft.world.chunk.storage.AnvilChunkLoader.writeChunkToNBT(Lnet/minecraft/world/chunk/Chunk;Lnet/minecraft/world/World;Lnet/minecraft/nbt/NBTTagCompound;)V @ 654
Event: 115.357 Thread 0x00000167c85b3000 Uncommon trap: reason=unstable_if action=reinterpret pc=0x00000167b3604a54 method=java.util.Collections$SetFromMap.add(Ljava/lang/Object;)Z @ 13
Event: 122.151 Thread 0x00000167c85b3000 Uncommon trap: reason=class_check action=maybe_recompile pc=0x00000167b3756278 method=com.google.common.cache.LocalCache$Segment.drainRecencyQueue()V @ 4
Event: 122.829 Thread 0x00000167b0577000 Uncommon trap: reason=unstable_if action=reinterpret pc=0x00000167b2bce5d4 method=sun.nio.cs.UTF_8$Encoder.encodeArrayLoop(Ljava/nio/CharBuffer;Ljava/nio/ByteBuffer;)Ljava/nio/charset/CoderResult; @ 87
Event: 122.830 Thread 0x00000167b0577000 Uncommon trap: reason=unstable_if action=reinterpret pc=0x00000167b24196bc method=net.minecraftforge.fml.relauncher.FMLSecurityManager.checkPermission(Ljava/security/Permission;)V @ 23

Classes redefined (0 events):
No events

Internal exceptions (10 events):
Event: 111.933 Thread 0x00000167c85af800 Exception <a 'java/lang/InterruptedException': sleep interrupted> (0x00000000e0adab08) thrown at [C:\wsjdk\Corretto8Src\installers\windows\zip\corretto-build\buildRoot\src\hotspot\src\share\vm\prims\jvm.cpp, line 3384]
Event: 112.008 Thread 0x00000167b0577000 Exception <a 'java/lang/NoSuchMethodError': java.lang.Object.lambda$comparingDouble$8dcf42ea$1(Ljava/util/function/ToDoubleFunction;Ljava/lang/Object;Ljava/lang/Object;)I> (0x00000000e8888910) thrown at [C:\wsjdk\Corretto8Src\installers\windows\zip\corret
Event: 112.018 Thread 0x00000167b0577000 NullPointerException at vtable entry 0x00000167b2115ff0
Event: 112.018 Thread 0x00000167b0577000 Exception <a 'java/lang/NullPointerException'> (0x00000000e88be508) thrown at [C:\wsjdk\Corretto8Src\installers\windows\zip\corretto-build\buildRoot\src\hotspot\src\share\vm\runtime\sharedRuntime.cpp, line 610]
Event: 112.018 Thread 0x00000167b0577000 NullPointerException at vtable entry 0x00000167b2115ff0
Event: 112.018 Thread 0x00000167b0577000 Exception <a 'java/lang/NullPointerException'> (0x00000000e88ceef8) thrown at [C:\wsjdk\Corretto8Src\installers\windows\zip\corretto-build\buildRoot\src\hotspot\src\share\vm\runtime\sharedRuntime.cpp, line 610]
Event: 112.031 Thread 0x00000167b0577000 Exception <a 'java/lang/NullPointerException'> (0x00000000e894f7a0) thrown at [C:\wsjdk\Corretto8Src\installers\windows\zip\corretto-build\buildRoot\src\hotspot\src\share\vm\interpreter\linkResolver.cpp, line 1185]
Event: 112.032 Thread 0x00000167b0577000 Exception <a 'java/lang/NullPointerException'> (0x00000000e8953ef8) thrown at [C:\wsjdk\Corretto8Src\installers\windows\zip\corretto-build\buildRoot\src\hotspot\src\share\vm\interpreter\linkResolver.cpp, line 1185]
Event: 122.169 Thread 0x00000167c85af800 Exception <a 'java/lang/InterruptedException': sleep interrupted> (0x00000000e936e1c0) thrown at [C:\wsjdk\Corretto8Src\installers\windows\zip\corretto-build\buildRoot\src\hotspot\src\share\vm\prims\jvm.cpp, line 3384]
Event: 122.819 Thread 0x00000167c85af800 Exception <a 'java/lang/InterruptedException': sleep interrupted> (0x00000000e08f1ca0) thrown at [C:\wsjdk\Corretto8Src\installers\windows\zip\corretto-build\buildRoot\src\hotspot\src\share\vm\prims\jvm.cpp, line 3337]

Events (10 events):
Event: 122.836 Thread 0x00000167e48e5800 DEOPT PACKING pc=0x00000167b209cc5c sp=0x00000024639ff2b0
Event: 122.836 Thread 0x00000167e48e5800 DEOPT UNPACKING pc=0x00000167b1e171d8 sp=0x00000024639ff008 mode 1
Event: 122.837 Executing VM operation: RevokeBias
Event: 122.837 Executing VM operation: RevokeBias done
Event: 122.837 Thread 0x00000167e48e6000 Thread exited: 0x00000167e48e6000
Event: 122.837 Thread 0x00000167e48e5800 Thread exited: 0x00000167e48e5800
Event: 122.838 Thread 0x00000167c5407000 flushing nmethod 0x00000167b36e3c90
Event: 122.838 Thread 0x00000167c5407000 flushing nmethod 0x00000167b3717b90
Event: 122.838 Thread 0x00000167e48e4000 Thread exited: 0x00000167e48e4000
Event: 122.841 Executing VM operation: Exit


Dynamic libraries:
0x00007ff6fdee0000 - 0x00007ff6fdf1a000 	C:\Users\Sun3k\.jdks\corretto-1.8.0_332\bin\java.exe
0x00007ffeb6950000 - 0x00007ffeb6b47000 	C:\Windows\SYSTEM32\ntdll.dll
0x00007ffeb49b0000 - 0x00007ffeb4a6d000 	C:\Windows\System32\KERNEL32.DLL
0x00007ffeb4480000 - 0x00007ffeb474d000 	C:\Windows\System32\KERNELBASE.dll
0x00007ffeb5160000 - 0x00007ffeb520e000 	C:\Windows\System32\ADVAPI32.dll
0x00007ffeb62b0000 - 0x00007ffeb634e000 	C:\Windows\System32\msvcrt.dll
0x00007ffeb5f70000 - 0x00007ffeb600c000 	C:\Windows\System32\sechost.dll
0x00007ffeb5210000 - 0x00007ffeb5335000 	C:\Windows\System32\RPCRT4.dll
0x00007ffeb53a0000 - 0x00007ffeb5540000 	C:\Windows\System32\USER32.dll
0x00007ffeb4950000 - 0x00007ffeb4972000 	C:\Windows\System32\win32u.dll
0x00007ffeb61d0000 - 0x00007ffeb61fa000 	C:\Windows\System32\GDI32.dll
0x00007ffeb4220000 - 0x00007ffeb432b000 	C:\Windows\System32\gdi32full.dll
0x00007ffeb43e0000 - 0x00007ffeb447d000 	C:\Windows\System32\msvcp_win.dll
0x00007ffeb47e0000 - 0x00007ffeb48e0000 	C:\Windows\System32\ucrtbase.dll
0x00007ffe9dfe0000 - 0x00007ffe9e27a000 	C:\Windows\WinSxS\amd64_microsoft.windows.common-controls_6595b64144ccf1df_6.0.19041.1110_none_60b5254171f9507e\COMCTL32.dll
0x00007ffeb55a0000 - 0x00007ffeb55d0000 	C:\Windows\System32\IMM32.DLL
0x00007ffeabda0000 - 0x00007ffeabe8f000 	C:\Users\Sun3k\.jdks\corretto-1.8.0_332\jre\bin\msvcr120.dll
0x00007ffe77520000 - 0x00007ffe775c6000 	C:\Users\Sun3k\.jdks\corretto-1.8.0_332\jre\bin\msvcp120.dll
0x0000000063830000 - 0x00000000640a6000 	C:\Users\Sun3k\.jdks\corretto-1.8.0_332\jre\bin\server\jvm.dll
0x00007ffeb61c0000 - 0x00007ffeb61c8000 	C:\Windows\System32\PSAPI.DLL
0x00007ffeab0b0000 - 0x00007ffeab0d7000 	C:\Windows\SYSTEM32\WINMM.dll
0x00007ffead3a0000 - 0x00007ffead3aa000 	C:\Windows\SYSTEM32\VERSION.dll
0x00007ffe9d810000 - 0x00007ffe9d819000 	C:\Windows\SYSTEM32\WSOCK32.dll
0x00007ffeb5060000 - 0x00007ffeb50cb000 	C:\Windows\System32\WS2_32.dll
0x00007ffeaea20000 - 0x00007ffeaea2f000 	C:\Users\Sun3k\.jdks\corretto-1.8.0_332\jre\bin\verify.dll
0x00007ffeae6b0000 - 0x00007ffeae6d9000 	C:\Users\Sun3k\.jdks\corretto-1.8.0_332\jre\bin\java.dll
0x00007ffe9b660000 - 0x00007ffe9b695000 	C:\Users\Sun3k\.jdks\corretto-1.8.0_332\jre\bin\jdwp.dll
0x00007ffeafc80000 - 0x00007ffeafc88000 	C:\Users\Sun3k\.jdks\corretto-1.8.0_332\jre\bin\npt.dll
0x00007ffe96eb0000 - 0x00007ffe96eda000 	C:\Users\Sun3k\.jdks\corretto-1.8.0_332\jre\bin\instrument.dll
0x00007ffeaea00000 - 0x00007ffeaea16000 	C:\Users\Sun3k\.jdks\corretto-1.8.0_332\jre\bin\zip.dll
0x00007ffeb57b0000 - 0x00007ffeb5ef4000 	C:\Windows\System32\SHELL32.dll
0x00007ffeb2170000 - 0x00007ffeb2904000 	C:\Windows\SYSTEM32\windows.storage.dll
0x00007ffeb4a70000 - 0x00007ffeb4dc4000 	C:\Windows\System32\combase.dll
0x00007ffeb3ad0000 - 0x00007ffeb3afc000 	C:\Windows\SYSTEM32\Wldp.dll
0x00007ffeb6200000 - 0x00007ffeb62ad000 	C:\Windows\System32\SHCORE.dll
0x00007ffeb5540000 - 0x00007ffeb5595000 	C:\Windows\System32\shlwapi.dll
0x00007ffeb3fb0000 - 0x00007ffeb3fcf000 	C:\Windows\SYSTEM32\profapi.dll
0x00007ffeaeef0000 - 0x00007ffeaeef9000 	C:\Users\Sun3k\.jdks\corretto-1.8.0_332\jre\bin\dt_socket.dll
0x00007ffeb3830000 - 0x00007ffeb389a000 	C:\Windows\system32\mswsock.dll
0x00007ffeafd00000 - 0x00007ffeafd0d000 	C:\Users\Sun3k\.jdks\corretto-1.8.0_332\jre\bin\management.dll
0x00007ffeae690000 - 0x00007ffeae6aa000 	C:\Users\Sun3k\.jdks\corretto-1.8.0_332\jre\bin\net.dll
0x00007ffeae670000 - 0x00007ffeae682000 	C:\Users\Sun3k\.jdks\corretto-1.8.0_332\jre\bin\nio.dll
0x00007ffeb3a20000 - 0x00007ffeb3a38000 	C:\Windows\SYSTEM32\CRYPTSP.dll
0x00007ffeb3140000 - 0x00007ffeb3174000 	C:\Windows\system32\rsaenh.dll
0x00007ffeb4980000 - 0x00007ffeb49a7000 	C:\Windows\System32\bcrypt.dll
0x00007ffeb3f30000 - 0x00007ffeb3f5e000 	C:\Windows\SYSTEM32\USERENV.dll
0x00007ffeb4750000 - 0x00007ffeb47d2000 	C:\Windows\System32\bcryptprimitives.dll
0x00007ffeb3a40000 - 0x00007ffeb3a4c000 	C:\Windows\SYSTEM32\CRYPTBASE.dll
0x00007ffeb34b0000 - 0x00007ffeb34eb000 	C:\Windows\SYSTEM32\IPHLPAPI.DLL
0x00007ffeb5f60000 - 0x00007ffeb5f68000 	C:\Windows\System32\NSI.dll
0x00007ffea8bc0000 - 0x00007ffea8bd7000 	C:\Windows\SYSTEM32\dhcpcsvc6.DLL
0x00007ffeab020000 - 0x00007ffeab03d000 	C:\Windows\SYSTEM32\dhcpcsvc.DLL
0x00007ffeb34f0000 - 0x00007ffeb35bb000 	C:\Windows\SYSTEM32\DNSAPI.dll
0x00007ffeaeab0000 - 0x00007ffeaeaba000 	C:\Users\Sun3k\AppData\Local\Temp\jansi-64-8696211730515531585.dll
0x00007ffe77a30000 - 0x00007ffe77a47000 	C:\Windows\system32\napinsp.dll
0x00007ffe629d0000 - 0x00007ffe629eb000 	C:\Windows\system32\pnrpnsp.dll
0x00007ffeaee60000 - 0x00007ffeaee75000 	C:\Windows\system32\wshbth.dll
0x00007ffeafbb0000 - 0x00007ffeafbcd000 	C:\Windows\system32\NLAapi.dll
0x00007ffe629b0000 - 0x00007ffe629c2000 	C:\Windows\System32\winrnr.dll
0x00007ffea8160000 - 0x00007ffea816a000 	C:\Windows\System32\rasadhlp.dll
0x00007ffea7d30000 - 0x00007ffea7db0000 	C:\Windows\System32\fwpuclnt.dll
0x00007ffeafcb0000 - 0x00007ffeafcd3000 	C:\Users\Sun3k\.jdks\corretto-1.8.0_332\jre\bin\sunec.dll
0x00007ffeafcf0000 - 0x00007ffeafcfc000 	C:\Users\Sun3k\.jdks\corretto-1.8.0_332\jre\bin\sunmscapi.dll
0x00007ffeb4070000 - 0x00007ffeb41c6000 	C:\Windows\System32\CRYPT32.dll
0x00007ffeb3b40000 - 0x00007ffeb3b67000 	C:\Windows\SYSTEM32\ncrypt.dll
0x00007ffeb3b00000 - 0x00007ffeb3b3b000 	C:\Windows\SYSTEM32\NTASN1.dll
0x0000000180000000 - 0x0000000180053000 	C:\Users\Sun3k\.gradle\caches\minecraft\net\minecraft\natives\1.8.9\lwjgl64.dll
0x00007ffe7d620000 - 0x00007ffe7d746000 	C:\Windows\SYSTEM32\OPENGL32.dll
0x00007ffe7d5f0000 - 0x00007ffe7d61c000 	C:\Windows\SYSTEM32\GLU32.dll
0x00007ffe96bb0000 - 0x00007ffe96d45000 	C:\Users\Sun3k\.jdks\corretto-1.8.0_332\jre\bin\awt.dll
0x00007ffeb60f0000 - 0x00007ffeb61bd000 	C:\Windows\System32\OLEAUT32.dll
0x00007ffeb18b0000 - 0x00007ffeb1940000 	C:\Windows\SYSTEM32\apphelp.dll
0x00007ffeaeb70000 - 0x00007ffeaec1e000 	C:\Windows\SYSTEM32\mscms.dll
0x00007ffeaeb50000 - 0x00007ffeaeb61000 	C:\Windows\SYSTEM32\ColorAdapterClient.dll
0x00007ffeb1f70000 - 0x00007ffeb1f82000 	C:\Windows\SYSTEM32\kernel.appcore.dll
0x00007ffeb55d0000 - 0x00007ffeb5679000 	C:\Windows\System32\clbcatq.dll
0x00007ffeac730000 - 0x00007ffeac773000 	C:\Windows\System32\Windows.Internal.Graphics.Display.DisplayColorManagement.dll
0x00007ffeb41d0000 - 0x00007ffeb421e000 	C:\Windows\System32\cfgmgr32.dll
0x00007ffeb1a70000 - 0x00007ffeb1b0e000 	C:\Windows\system32\uxtheme.dll
0x00007ffeb5690000 - 0x00007ffeb57a5000 	C:\Windows\System32\MSCTF.dll
0x00007ffea19f0000 - 0x00007ffea1ae9000 	C:\Windows\SYSTEM32\textinputframework.dll
0x00007ffeb15a0000 - 0x00007ffeb1692000 	C:\Windows\System32\CoreMessaging.dll
0x00007ffeb0ec0000 - 0x00007ffeb121e000 	C:\Windows\System32\CoreUIComponents.dll
0x00007ffeb2d70000 - 0x00007ffeb2da3000 	C:\Windows\SYSTEM32\ntmarta.dll
0x00007ffeafee0000 - 0x00007ffeb0034000 	C:\Windows\SYSTEM32\wintypes.dll
0x00007ffead280000 - 0x00007ffead377000 	C:\Windows\System32\AppXDeploymentClient.dll
0x00007ffe96e80000 - 0x00007ffe96eac000 	C:\Windows\System32\DriverStore\FileRepository\u0375335.inf_amd64_7de275617d9da25a\B374868\atig6pxx.dll
0x00007ffe47b80000 - 0x00007ffe4a9c3000 	C:\Windows\System32\DriverStore\FileRepository\u0375335.inf_amd64_7de275617d9da25a\B374868\atio6axx.dll
0x00007ffeb6350000 - 0x00007ffeb67bf000 	C:\Windows\System32\SETUPAPI.dll
0x00007ffe9f7f0000 - 0x00007ffe9f814000 	C:\Windows\SYSTEM32\dxva2.dll
0x00007ffeb67e0000 - 0x00007ffeb690a000 	C:\Windows\System32\ole32.dll
0x00007ffeb1c80000 - 0x00007ffeb1caf000 	C:\Windows\SYSTEM32\dwmapi.dll
0x00007ffe96e40000 - 0x00007ffe96e7f000 	C:\Windows\System32\DriverStore\FileRepository\u0375335.inf_amd64_7de275617d9da25a\B374868\atig6txx.dll
0x00007ffe6eee0000 - 0x00007ffe6f0b4000 	C:\Windows\SYSTEM32\atiadlxx.dll
0x00007ffeafab0000 - 0x00007ffeafba6000 	C:\Windows\SYSTEM32\PROPSYS.dll
0x00007ffe92cf0000 - 0x00007ffe92d39000 	C:\Windows\SYSTEM32\pdh.dll
0x00007ffeb3e20000 - 0x00007ffeb3e4c000 	C:\Windows\SYSTEM32\DEVOBJ.dll
0x00007ffeb48e0000 - 0x00007ffeb4947000 	C:\Windows\System32\WINTRUST.dll
0x00007ffeb3c60000 - 0x00007ffeb3c72000 	C:\Windows\SYSTEM32\MSASN1.dll
0x00007ffeabd00000 - 0x00007ffeabd3b000 	C:\Windows\SYSTEM32\dxcore.dll
0x00007ffe671f0000 - 0x00007ffe67233000 	C:\Windows\SYSTEM32\icm32.dll
0x00000167ccc40000 - 0x00000167ccc78000 	C:\Users\Sun3k\AppData\Local\Temp\jna\jna1090225535456004992.dll
0x00007ffe96df0000 - 0x00007ffe96e3b000 	C:\ProgramData\obs-studio-hook\graphics-hook64.dll
0x00007ffeb0040000 - 0x00007ffeb02a3000 	C:\Windows\system32\d3d11.dll
0x00007ffeb2970000 - 0x00007ffeb2a63000 	C:\Windows\SYSTEM32\dxgi.dll
0x00007ffeab0e0000 - 0x00007ffeab298000 	C:\Windows\System32\DriverStore\FileRepository\u0375335.inf_amd64_7de275617d9da25a\B374868\aticfx64.dll
0x00007ffeaaf50000 - 0x00007ffeaaf89000 	C:\Windows\System32\DriverStore\FileRepository\u0375335.inf_amd64_7de275617d9da25a\B374868\atiuxp64.dll
0x00007ffea8df0000 - 0x00007ffeaad27000 	C:\Windows\System32\DriverStore\FileRepository\u0375335.inf_amd64_7de275617d9da25a\B374868\atidxx64.dll
0x00007ffea8ab0000 - 0x00007ffea8ae0000 	C:\Windows\SYSTEM32\amdihk64.dll
0x00007ffea8200000 - 0x00007ffea822b000 	C:\Windows\SYSTEM32\D3DSCache.dll
0x00007ffeada20000 - 0x00007ffeadc20000 	C:\Windows\SYSTEM32\twinapi.appcore.dll
0x0000000070a40000 - 0x0000000070adc000 	C:\Users\Sun3k\.gradle\caches\minecraft\net\minecraft\natives\1.8.9\avutil-ttv-51.dll
0x0000000065980000 - 0x00000000659d6000 	C:\Users\Sun3k\.gradle\caches\minecraft\net\minecraft\natives\1.8.9\swresample-ttv-0.dll
0x000000006eb80000 - 0x000000006ec50000 	C:\Users\Sun3k\.gradle\caches\minecraft\net\minecraft\natives\1.8.9\libmp3lame-ttv.dll
0x00007ffe51770000 - 0x00007ffe52b14000 	C:\Users\Sun3k\.gradle\caches\minecraft\net\minecraft\natives\1.8.9\libmfxsw64.dll
0x00007ffe60740000 - 0x00007ffe608ad000 	C:\Users\Sun3k\.gradle\caches\minecraft\net\minecraft\natives\1.8.9\twitchsdk.dll
0x00007ffe99ea0000 - 0x00007ffe9a376000 	C:\Windows\SYSTEM32\WININET.dll
0x00000167f0570000 - 0x00000167f05d4000 	C:\Users\Sun3k\.gradle\caches\minecraft\net\minecraft\natives\1.8.9\OpenAL64.dll
0x00007ffeaad30000 - 0x00007ffeaadb5000 	C:\Windows\System32\MMDevApi.dll
0x00007ffe7eb30000 - 0x00007ffe7ebcc000 	C:\Windows\SYSTEM32\dsound.dll
0x00007ffeb3730000 - 0x00007ffeb377b000 	C:\Windows\SYSTEM32\powrprof.dll
0x00007ffe9a760000 - 0x00007ffe9a786000 	C:\Windows\SYSTEM32\winmmbase.dll
0x00007ffeb3630000 - 0x00007ffeb3642000 	C:\Windows\SYSTEM32\UMPDC.dll
0x00007ffeaadc0000 - 0x00007ffeaaf42000 	C:\Windows\SYSTEM32\AUDIOSES.DLL
0x00007ffeb1b80000 - 0x00007ffeb1b94000 	C:\Windows\SYSTEM32\resourcepolicyclient.dll
0x00007ffe9faf0000 - 0x00007ffe9fcd4000 	C:\Windows\SYSTEM32\dbghelp.dll

VM Arguments:
jvm_args: -agentlib:jdwp=transport=dt_socket,address=127.0.0.1:49772,suspend=y,server=n -javaagent:C:\Users\Sun3k\AppData\Local\JetBrains\IdeaIC2022.1\captureAgent\debugger-agent.jar -Dfile.encoding=UTF-8 
java_command: GradleStart --mixin mixins.sunrise.json --tweakClass org.spongepowered.asm.launch.MixinTweaker -Ddevauth.account --javaagent:C:\Users\Sun3k\.gradle\caches\modules-2\files-2.1\org.spongepowered\mixin\0.7.11-SNAPSHOT\7a670207bdb97db418118ad1e9bb42424ff3776d\mixin-0.7.11-SNAPSHOT.jar
java_class_path (initial): C:\Users\Sun3k\.jdks\corretto-1.8.0_332\jre\lib\charsets.jar;C:\Users\Sun3k\.jdks\corretto-1.8.0_332\jre\lib\ext\access-bridge-64.jar;C:\Users\Sun3k\.jdks\corretto-1.8.0_332\jre\lib\ext\cldrdata.jar;C:\Users\Sun3k\.jdks\corretto-1.8.0_332\jre\lib\ext\dnsns.jar;C:\Users\Sun3k\.jdks\corretto-1.8.0_332\jre\lib\ext\jaccess.jar;C:\Users\Sun3k\.jdks\corretto-1.8.0_332\jre\lib\ext\jfxrt.jar;C:\Users\Sun3k\.jdks\corretto-1.8.0_332\jre\lib\ext\localedata.jar;C:\Users\Sun3k\.jdks\corretto-1.8.0_332\jre\lib\ext\nashorn.jar;C:\Users\Sun3k\.jdks\corretto-1.8.0_332\jre\lib\ext\sunec.jar;C:\Users\Sun3k\.jdks\corretto-1.8.0_332\jre\lib\ext\sunjce_provider.jar;C:\Users\Sun3k\.jdks\corretto-1.8.0_332\jre\lib\ext\sunmscapi.jar;C:\Users\Sun3k\.jdks\corretto-1.8.0_332\jre\lib\ext\sunpkcs11.jar;C:\Users\Sun3k\.jdks\corretto-1.8.0_332\jre\lib\ext\zipfs.jar;C:\Users\Sun3k\.jdks\corretto-1.8.0_332\jre\lib\jce.jar;C:\Users\Sun3k\.jdks\corretto-1.8.0_332\jre\lib\jfr.jar;C:\Users\Sun3k\.jdks\corretto-1.8.0_332\jre\lib\jfxswt.jar;C:\Users\Sun3k\.jdks\corretto-1.8.0_332\jre\lib\jsse.jar;C:\Users\Sun3k\.jdks\corretto-1.8.0_332\jre\lib\management-agent.jar;C:\Users\Sun3k\.jdks\corretto-1.8.0_332\jre\lib\resources.jar;C:\Users\Sun3k\.jdks\corretto-1.8.0_332\jre\lib\rt.jar;C:\Users\Sun3k\IdeaProjects\Sunrise8\build\classes\java\main;C:\Users\Sun3k\.gradle\caches\minecraft\deobfedDeps\compileDummy.jar;C:\Users\Sun3k\.gradle\caches\minecraft\deobfedDeps\providedDummy.jar;C:\Users\Sun3k\.gradle\caches\modules-2\files-2.1\org.spongepowered\mixin\0.7.11-SNAPSHOT\7a670207bdb97db418118ad1e9bb42424ff3776d\mixin-0.7.11-SNAPSHOT.jar;C:\Users\Sun3k\.gradle\caches\modules-2\files-2.1\gg.essential\elementa-1.8.9-forge\507\38e5ea484636664fc185041360ee5e86cfc147b5\elementa-1.8.9-forge-507.jar;C:\Users\Sun3k\.gradle\caches\modules-2\files-2.1\com.google.guava\guava\17.0\9c6ef172e8de35fd8d4d8783e4821e57cdef7445\guava-17.0.jar;C:\Users\Sun3k\.gradle\caches\modules-2\files-2.1\commons-io\c
Launcher Type: SUN_STANDARD

Environment Variables:
JAVA_HOME=C:\Program Files\OpenJDK\jdk-18
PATH=C:\Windows\system32;C:\Windows;C:\Windows\System32\Wbem;C:\Windows\System32\WindowsPowerShell\v1.0\;C:\Windows\System32\OpenSSH\;C:\ProgramData\chocolatey\bin;C:\Program Files\Microsoft VS Code\bin;C:\Program Files (x86)\Yarn\bin\;C:\Program Files\nodejs\;C:\Program Files\Git\cmd;C:\Program Files\OpenJDK\jdk-18\bin;C:\Program Files\dotnet\;C:\Users\Sun3k\AppData\Local\Programs\Python\Python310\Scripts\;C:\Users\Sun3k\AppData\Local\Programs\Python\Python310\;C:\Users\Sun3k\AppData\Local\Microsoft\WindowsApps;C:\Users\Sun3k\AppData\Local\Yarn\bin;C:\Users\Sun3k\AppData\Roaming\npm;C:\Program Files\Oracle\VirtualBox;C:\Program Files\heroku\bin;C:\Program Files\JetBrains\IntelliJ IDEA Community Edition 2022.1.1\bin;;C:\Users\Sun3k\.dotnet\tools
USERNAME=Sun3k
OS=Windows_NT
PROCESSOR_IDENTIFIER=AMD64 Family 23 Model 24 Stepping 1, AuthenticAMD



---------------  S Y S T E M  ---------------

OS: Windows 10.0 , 64 bit Build 19041 (10.0.19041.1741)

CPU:total 8 (initial active 8) (8 cores per cpu, 1 threads per core) family 23 model 24 stepping 1, cmov, cx8, fxsr, mmx, sse, sse2, sse3, ssse3, sse4.1, sse4.2, popcnt, avx, avx2, aes, clmul, mmxext, 3dnowpref, lzcnt, sse4a, tsc, tscinvbit, tscinv, bmi1

Memory: 4k page, physical 6206224k(577684k free), swap 19837712k(4511868k free)

vm_info: OpenJDK 64-Bit Server VM (25.332-b08) for windows-amd64 JRE (1.8.0_332-b08), built on Apr 16 2022 08:31:02 by "Administrator" with MS VC++ 12.0 (VS2013)

time: Mon Jun 20 16:32:29 2022
timezone: South Sudan Standard Time
elapsed time: 123.253117 seconds (0d 0h 2m 3s)

