#
# A fatal error has been detected by the Java Runtime Environment:
#
#  EXCEPTION_ACCESS_VIOLATION (0xc0000005) at pc=0x0000000000000000, pid=4496, tid=0x0000000000002254
#
# JRE version: OpenJDK Runtime Environment (8.0_332-b08) (build 1.8.0_332-b08)
# Java VM: OpenJDK 64-Bit Server VM (25.332-b08 mixed mode windows-amd64 compressed oops)
# Problematic frame:
# C  0x0000000000000000
#
# Failed to write core dump. Minidumps are not enabled by default on client versions of Windows
#
# If you would like to submit a bug report, please visit:
#   https://github.com/corretto/corretto-8/issues/
#

---------------  T H R E A D  ---------------

Current thread (0x000001d7e2380000):  VMThread [stack: 0x000000c909e00000,0x000000c909f00000] [id=8788]

siginfo: ExceptionCode=0xc0000005, ExceptionInformation=0x0000000000000008 0x0000000000000000

Registers:
RAX=0x0000000000000000, RBX=0x0000000000000000, RCX=0x0000000000000001, RDX=0x00007ffe84b1f0b8
RSP=0x000000c909eff4e8, RBP=0x000001d7cd555730, RSI=0x0000000000010000, RDI=0x0000000000000000
R8 =0x000000c90918a000, R9 =0x0000000000000040, R10=0x0000000000000080, R11=0x000001d7eb4ab980
R12=0x00007ffe7d6fe810, R13=0x0000000000000082, R14=0x00007ffe7d620000, R15=0x0000000000000001
RIP=0x0000000000000000, EFLAGS=0x0000000000010202

Top of Stack: (sp=0x000000c909eff4e8)
0x000000c909eff4e8:   00007ffe84ae2f2c 0000000000000000
0x000000c909eff4f8:   000001d7cd555730 0000000000000082
0x000000c909eff508:   0000000000010000 0000000000000000
0x000000c909eff518:   00007ffe84ae406e 0000000000000000
0x000000c909eff528:   000001d7cd555730 0000000000010000
0x000000c909eff538:   000001d7e6e87ee8 0000000000000001
0x000000c909eff548:   00007ffe7d626e2e 0000000000000000
0x000000c909eff558:   0000000000000001 000000018004bb20
0x000000c909eff568:   0000000000000000 0000000000000001
0x000000c909eff578:   00007ffe7d627276 0000000000000000
0x000000c909eff588:   000001d7cd555730 0000000000000001
0x000000c909eff598:   0000000000000001 0000000000000000
0x000000c909eff5a8:   00007ffe7d6fe94f 0000000000000001
0x000000c909eff5b8:   0000000000000000 0000000000000000
0x000000c909eff5c8:   000001d7eabf0b30 0000000100000001
0x000000c909eff5d8:   000000018000ecac 000000018001c558 

Instructions: (pc=0x0000000000000000)
0xffffffffffffffe0:   


Register to memory mapping:

RAX=0x0000000000000000 is an unknown value
RBX=0x0000000000000000 is an unknown value
RCX=0x0000000000000001 is an unknown value
RDX=0x00007ffe84b1f0b8 is an unknown value
RSP=0x000000c909eff4e8 is an unknown value
RBP=0x000001d7cd555730 is an unknown value
RSI=0x0000000000010000 is an unknown value
RDI=0x0000000000000000 is an unknown value
R8 =0x000000c90918a000 is an unknown value
R9 =0x0000000000000040 is an unknown value
R10=0x0000000000000080 is an unknown value
R11=0x000001d7eb4ab980 is an unknown value
R12=0x00007ffe7d6fe810 is an unknown value
R13=0x0000000000000082 is an unknown value
R14=0x00007ffe7d620000 is an unknown value
R15=0x0000000000000001 is an unknown value


Stack: [0x000000c909e00000,0x000000c909f00000],  sp=0x000000c909eff4e8,  free space=1021k
Native frames: (J=compiled Java code, j=interpreted, Vv=VM code, C=native code)

VM_Operation (0x000000c9093ff170): Exit, mode: safepoint, requested by thread 0x000001d7eba9b000


---------------  P R O C E S S  ---------------

Java Threads: ( => current thread )
  0x000001d7eba9b000 JavaThread "SIGINT handler" daemon [_thread_blocked, id=7600, stack(0x000000c909300000,0x000000c909400000)]
  0x000001d7ebaa4000 JavaThread "File IO Thread" [_thread_blocked, id=9448, stack(0x000000c90d300000,0x000000c90d400000)]
  0x000001d7eba9d800 JavaThread "Chunk I/O Executor Thread-1" daemon [_thread_blocked, id=276, stack(0x000000c90d000000,0x000000c90d100000)]
  0x000001d7eba9c000 JavaThread "Netty Client IO #0" daemon [_thread_in_native, id=14992, stack(0x000000c90cf00000,0x000000c90d000000)]
  0x000001d7eba9a800 JavaThread "Netty Client IO #0" daemon [_thread_in_native, id=11792, stack(0x000000c90ce00000,0x000000c90cf00000)]
  0x000001d7eba99800 JavaThread "Netty Client IO #0" daemon [_thread_in_native, id=14188, stack(0x000000c90cd00000,0x000000c90ce00000)]
  0x000001d7eba9d000 JavaThread "Netty Server IO #1" daemon [_thread_in_native, id=13512, stack(0x000000c90cb00000,0x000000c90cc00000)]
  0x000001d7eba99000 JavaThread "Netty Local Client IO #0" daemon [_thread_blocked, id=3940, stack(0x000000c90ca00000,0x000000c90cb00000)]
  0x000001d7eba97800 JavaThread "Netty Server IO #0" daemon [_thread_in_native, id=5440, stack(0x000000c90c900000,0x000000c90ca00000)]
  0x000001d7e8ca9000 JavaThread "Snooper Timer" daemon [_thread_blocked, id=9784, stack(0x000000c90c700000,0x000000c90c800000)]
  0x000001d7e8ca8800 JavaThread "Server Pinger #2" daemon [_thread_blocked, id=6252, stack(0x000000c90c600000,0x000000c90c700000)]
  0x000001d7e8cae800 JavaThread "Server Pinger #1" daemon [_thread_blocked, id=5980, stack(0x000000c90c500000,0x000000c90c600000)]
  0x000001d7e8caa000 JavaThread "Thread-13" daemon [_thread_in_native, id=6000, stack(0x000000c90c400000,0x000000c90c500000)]
  0x000001d7e8cad000 JavaThread "Server Pinger #0" daemon [_thread_blocked, id=15608, stack(0x000000c90c300000,0x000000c90c400000)]
  0x000001d7e8cac800 JavaThread "Thread-12" [_thread_blocked, id=12004, stack(0x000000c90be00000,0x000000c90bf00000)]
  0x000001d7e8caf800 JavaThread "Thread-11" [_thread_blocked, id=8740, stack(0x000000c90bc00000,0x000000c90bd00000)]
  0x000001d7e8caa800 JavaThread "Chunk Batcher 1" daemon [_thread_blocked, id=16184, stack(0x000000c90c000000,0x000000c90c100000)]
  0x000001d7e8cae000 JavaThread "Chunk Batcher 0" daemon [_thread_blocked, id=4516, stack(0x000000c90ba00000,0x000000c90bb00000)]
  0x000001d7e6a70800 JavaThread "LWJGL Timer" daemon [_thread_blocked, id=13280, stack(0x000000c90b200000,0x000000c90b300000)]
  0x000001d7e7996000 JavaThread "Java2D Disposer" daemon [_thread_blocked, id=2532, stack(0x000000c90af00000,0x000000c90b000000)]
  0x000001d7ea7c8800 JavaThread "Timer hack thread" daemon [_thread_blocked, id=15192, stack(0x000000c90ae00000,0x000000c90af00000)]
  0x000001d7e45d4800 JavaThread "Snooper Timer" daemon [_thread_blocked, id=4700, stack(0x000000c90ac00000,0x000000c90ad00000)]
  0x000001d7e42f0800 JavaThread "Service Thread" daemon [_thread_blocked, id=440, stack(0x000000c90aa00000,0x000000c90ab00000)]
  0x000001d7e243a000 JavaThread "C1 CompilerThread3" daemon [_thread_blocked, id=6808, stack(0x000000c90a900000,0x000000c90aa00000)]
  0x000001d7e242b800 JavaThread "C2 CompilerThread2" daemon [_thread_blocked, id=9016, stack(0x000000c90a800000,0x000000c90a900000)]
  0x000001d7e2428800 JavaThread "C2 CompilerThread1" daemon [_thread_blocked, id=10216, stack(0x000000c90a700000,0x000000c90a800000)]
  0x000001d7e4273800 JavaThread "C2 CompilerThread0" daemon [_thread_blocked, id=8360, stack(0x000000c90a600000,0x000000c90a700000)]
  0x000001d7e240f800 JavaThread "JDWP Event Helper Thread" daemon [_thread_blocked, id=7896, stack(0x000000c90a400000,0x000000c90a500000)]
  0x000001d7e23e6000 JavaThread "Attach Listener" daemon [_thread_blocked, id=3004, stack(0x000000c90a200000,0x000000c90a300000)]
  0x000001d7e23e5800 JavaThread "Signal Dispatcher" daemon [_thread_blocked, id=6364, stack(0x000000c90a100000,0x000000c90a200000)]
  0x000001d7e23b9800 JavaThread "Finalizer" daemon [_thread_blocked, id=2648, stack(0x000000c90a000000,0x000000c90a100000)]
  0x000001d7e23b1800 JavaThread "Reference Handler" daemon [_thread_blocked, id=7944, stack(0x000000c909f00000,0x000000c90a000000)]
  0x000001d7cd537000 JavaThread "Client thread" [_thread_blocked, id=4416, stack(0x000000c909500000,0x000000c909600000)]

Other Threads:
=>0x000001d7e2380000 VMThread [stack: 0x000000c909e00000,0x000000c909f00000] [id=8788]

VM state:at safepoint (shutting down)

VM Mutex/Monitor currently owned by a thread:  ([mutex/lock_event])
[0x000001d7cd536870] Threads_lock - owner thread: 0x000001d7e2380000

heap address: 0x00000000a1400000, size: 1516 MB, Compressed Oops mode: 32-bit
Narrow klass base: 0x0000000000000000, Narrow klass shift: 3
Compressed class space size: 1073741824 Address: 0x0000000100000000

Heap:
 PSYoungGen      total 343552K, used 222568K [0x00000000e0700000, 0x0000000100000000, 0x0000000100000000)
  eden space 173056K, 30% used [0x00000000e0700000,0x00000000e39da188,0x00000000eb000000)
  from space 170496K, 100% used [0x00000000f5980000,0x0000000100000000,0x0000000100000000)
  to   space 172032K, 0% used [0x00000000eb000000,0x00000000eb000000,0x00000000f5800000)
 ParOldGen       total 673280K, used 479998K [0x00000000a1400000, 0x00000000ca580000, 0x00000000e0700000)
  object space 673280K, 71% used [0x00000000a1400000,0x00000000be8bf950,0x00000000ca580000)
 Metaspace       used 53335K, capacity 53705K, committed 54232K, reserved 1097728K
  class space    used 6486K, capacity 6608K, committed 6656K, reserved 1048576K

Card table byte_map: [0x000001d7de1c0000,0x000001d7de4c0000] byte_map_base: 0x000001d7ddcb6000

Marking Bits: (ParMarkBitMap*) 0x0000000064027850
 Begin Bits: [0x000001d7de6c0000, 0x000001d7dfe70000)
 End Bits:   [0x000001d7dfe70000, 0x000001d7e1620000)

Polling page: 0x000001d7cedd0000

CodeCache: size=245760Kb used=29451Kb max_used=29461Kb free=216308Kb
 bounds [0x000001d7cee00000, 0x000001d7d0b00000, 0x000001d7dde00000]
 total_blobs=8340 nmethods=7404 adapters=853
 compilation: enabled

Compilation events (10 events):
Event: 191.229 Thread 0x000001d7e243a000 10248       3       java.util.concurrent.TimeUnit$1::toNanos (2 bytes)
Event: 191.229 Thread 0x000001d7e243a000 nmethod 10248 0x000001d7d0aecb50 code [0x000001d7d0aecca0, 0x000001d7d0aecdf8]
Event: 199.607 Thread 0x000001d7e4273800 10249   !   4       java.util.Collections$SynchronizedCollection::size (24 bytes)
Event: 199.614 Thread 0x000001d7e4273800 nmethod 10249 0x000001d7d0aefd90 code [0x000001d7d0aefee0, 0x000001d7d0af01f8]
Event: 202.716 Thread 0x000001d7e243a000 10250       3       java.util.logging.LogManager$LoggerContext::getRootLogger (8 bytes)
Event: 202.716 Thread 0x000001d7e243a000 nmethod 10250 0x000001d7d0aef950 code [0x000001d7d0aefaa0, 0x000001d7d0aefcb8]
Event: 202.717 Thread 0x000001d7e243a000 10251       3       java.util.logging.LogManager$LoggerContext::getGlobalLogger (6 bytes)
Event: 202.717 Thread 0x000001d7e243a000 nmethod 10251 0x000001d7d0aef610 code [0x000001d7d0aef760, 0x000001d7d0aef8b8]
Event: 202.783 Thread 0x000001d7e243a000 10252       1       org.apache.logging.log4j.core.config.LoggerConfig::getLevel (5 bytes)
Event: 202.783 Thread 0x000001d7e243a000 nmethod 10252 0x000001d7d04fc750 code [0x000001d7d04fc8a0, 0x000001d7d04fc9b8]

GC Heap History (10 events):
Event: 76.064 GC heap before
{Heap before GC invocations=42 (full 9):
 PSYoungGen      total 390656K, used 117175K [0x00000000e0700000, 0x0000000100000000, 0x0000000100000000)
  eden space 273408K, 0% used [0x00000000e0700000,0x00000000e0700000,0x00000000f1200000)
  from space 117248K, 99% used [0x00000000f1200000,0x00000000f846dd10,0x00000000f8480000)
  to   space 126464K, 0% used [0x00000000f8480000,0x00000000f8480000,0x0000000100000000)
 ParOldGen       total 439808K, used 268802K [0x00000000a1400000, 0x00000000bc180000, 0x00000000e0700000)
  object space 439808K, 61% used [0x00000000a1400000,0x00000000b1a80920,0x00000000bc180000)
 Metaspace       used 53023K, capacity 53399K, committed 53976K, reserved 1097728K
  class space    used 6464K, capacity 6573K, committed 6656K, reserved 1048576K
Event: 76.630 GC heap after
Heap after GC invocations=42 (full 9):
 PSYoungGen      total 390656K, used 0K [0x00000000e0700000, 0x0000000100000000, 0x0000000100000000)
  eden space 273408K, 0% used [0x00000000e0700000,0x00000000e0700000,0x00000000f1200000)
  from space 117248K, 0% used [0x00000000f1200000,0x00000000f1200000,0x00000000f8480000)
  to   space 126464K, 0% used [0x00000000f8480000,0x00000000f8480000,0x0000000100000000)
 ParOldGen       total 439808K, used 364273K [0x00000000a1400000, 0x00000000bc180000, 0x00000000e0700000)
  object space 439808K, 82% used [0x00000000a1400000,0x00000000b77bc748,0x00000000bc180000)
 Metaspace       used 53023K, capacity 53399K, committed 53976K, reserved 1097728K
  class space    used 6464K, capacity 6573K, committed 6656K, reserved 1048576K
}
Event: 77.230 GC heap before
{Heap before GC invocations=43 (full 9):
 PSYoungGen      total 390656K, used 273408K [0x00000000e0700000, 0x0000000100000000, 0x0000000100000000)
  eden space 273408K, 100% used [0x00000000e0700000,0x00000000f1200000,0x00000000f1200000)
  from space 117248K, 0% used [0x00000000f1200000,0x00000000f1200000,0x00000000f8480000)
  to   space 126464K, 0% used [0x00000000f8480000,0x00000000f8480000,0x0000000100000000)
 ParOldGen       total 439808K, used 364273K [0x00000000a1400000, 0x00000000bc180000, 0x00000000e0700000)
  object space 439808K, 82% used [0x00000000a1400000,0x00000000b77bc748,0x00000000bc180000)
 Metaspace       used 53118K, capacity 53475K, committed 54232K, reserved 1097728K
  class space    used 6472K, capacity 6575K, committed 6656K, reserved 1048576K
Event: 77.271 GC heap after
Heap after GC invocations=43 (full 9):
 PSYoungGen      total 302592K, used 126464K [0x00000000e0700000, 0x0000000100000000, 0x0000000100000000)
  eden space 176128K, 0% used [0x00000000e0700000,0x00000000e0700000,0x00000000eb300000)
  from space 126464K, 100% used [0x00000000f8480000,0x0000000100000000,0x0000000100000000)
  to   space 170496K, 0% used [0x00000000eb300000,0x00000000eb300000,0x00000000f5980000)
 ParOldGen       total 439808K, used 391481K [0x00000000a1400000, 0x00000000bc180000, 0x00000000e0700000)
  object space 439808K, 89% used [0x00000000a1400000,0x00000000b924e4c8,0x00000000bc180000)
 Metaspace       used 53118K, capacity 53475K, committed 54232K, reserved 1097728K
  class space    used 6472K, capacity 6575K, committed 6656K, reserved 1048576K
}
Event: 77.615 GC heap before
{Heap before GC invocations=44 (full 9):
 PSYoungGen      total 302592K, used 302592K [0x00000000e0700000, 0x0000000100000000, 0x0000000100000000)
  eden space 176128K, 100% used [0x00000000e0700000,0x00000000eb300000,0x00000000eb300000)
  from space 126464K, 100% used [0x00000000f8480000,0x0000000100000000,0x0000000100000000)
  to   space 170496K, 0% used [0x00000000eb300000,0x00000000eb300000,0x00000000f5980000)
 ParOldGen       total 439808K, used 391481K [0x00000000a1400000, 0x00000000bc180000, 0x00000000e0700000)
  object space 439808K, 89% used [0x00000000a1400000,0x00000000b924e4c8,0x00000000bc180000)
 Metaspace       used 53126K, capacity 53481K, committed 54232K, reserved 1097728K
  class space    used 6472K, capacity 6576K, committed 6656K, reserved 1048576K
Event: 77.667 GC heap after
Heap after GC invocations=44 (full 9):
 PSYoungGen      total 346624K, used 170496K [0x00000000e0700000, 0x0000000100000000, 0x0000000100000000)
  eden space 176128K, 0% used [0x00000000e0700000,0x00000000e0700000,0x00000000eb300000)
  from space 170496K, 100% used [0x00000000eb300000,0x00000000f5980000,0x00000000f5980000)
  to   space 170496K, 0% used [0x00000000f5980000,0x00000000f5980000,0x0000000100000000)
 ParOldGen       total 443904K, used 442776K [0x00000000a1400000, 0x00000000bc580000, 0x00000000e0700000)
  object space 443904K, 99% used [0x00000000a1400000,0x00000000bc466228,0x00000000bc580000)
 Metaspace       used 53126K, capacity 53481K, committed 54232K, reserved 1097728K
  class space    used 6472K, capacity 6576K, committed 6656K, reserved 1048576K
}
Event: 77.667 GC heap before
{Heap before GC invocations=45 (full 10):
 PSYoungGen      total 346624K, used 170496K [0x00000000e0700000, 0x0000000100000000, 0x0000000100000000)
  eden space 176128K, 0% used [0x00000000e0700000,0x00000000e0700000,0x00000000eb300000)
  from space 170496K, 100% used [0x00000000eb300000,0x00000000f5980000,0x00000000f5980000)
  to   space 170496K, 0% used [0x00000000f5980000,0x00000000f5980000,0x0000000100000000)
 ParOldGen       total 443904K, used 442776K [0x00000000a1400000, 0x00000000bc580000, 0x00000000e0700000)
  object space 443904K, 99% used [0x00000000a1400000,0x00000000bc466228,0x00000000bc580000)
 Metaspace       used 53126K, capacity 53481K, committed 54232K, reserved 1097728K
  class space    used 6472K, capacity 6576K, committed 6656K, reserved 1048576K
Event: 79.110 GC heap after
Heap after GC invocations=45 (full 10):
 PSYoungGen      total 346624K, used 128629K [0x00000000e0700000, 0x0000000100000000, 0x0000000100000000)
  eden space 176128K, 0% used [0x00000000e0700000,0x00000000e0700000,0x00000000eb300000)
  from space 170496K, 75% used [0x00000000eb300000,0x00000000f309d540,0x00000000f5980000)
  to   space 170496K, 0% used [0x00000000f5980000,0x00000000f5980000,0x0000000100000000)
 ParOldGen       total 673280K, used 443885K [0x00000000a1400000, 0x00000000ca580000, 0x00000000e0700000)
  object space 673280K, 65% used [0x00000000a1400000,0x00000000bc57b718,0x00000000ca580000)
 Metaspace       used 53126K, capacity 53481K, committed 54232K, reserved 1097728K
  class space    used 6472K, capacity 6576K, committed 6656K, reserved 1048576K
}
Event: 79.503 GC heap before
{Heap before GC invocations=46 (full 10):
 PSYoungGen      total 346624K, used 304757K [0x00000000e0700000, 0x0000000100000000, 0x0000000100000000)
  eden space 176128K, 100% used [0x00000000e0700000,0x00000000eb300000,0x00000000eb300000)
  from space 170496K, 75% used [0x00000000eb300000,0x00000000f309d540,0x00000000f5980000)
  to   space 170496K, 0% used [0x00000000f5980000,0x00000000f5980000,0x0000000100000000)
 ParOldGen       total 673280K, used 443885K [0x00000000a1400000, 0x00000000ca580000, 0x00000000e0700000)
  object space 673280K, 65% used [0x00000000a1400000,0x00000000bc57b718,0x00000000ca580000)
 Metaspace       used 53143K, capacity 53481K, committed 54232K, reserved 1097728K
  class space    used 6473K, capacity 6576K, committed 6656K, reserved 1048576K
Event: 79.597 GC heap after
Heap after GC invocations=46 (full 10):
 PSYoungGen      total 343552K, used 170496K [0x00000000e0700000, 0x0000000100000000, 0x0000000100000000)
  eden space 173056K, 0% used [0x00000000e0700000,0x00000000e0700000,0x00000000eb000000)
  from space 170496K, 100% used [0x00000000f5980000,0x0000000100000000,0x0000000100000000)
  to   space 172032K, 0% used [0x00000000eb000000,0x00000000eb000000,0x00000000f5800000)
 ParOldGen       total 673280K, used 479998K [0x00000000a1400000, 0x00000000ca580000, 0x00000000e0700000)
  object space 673280K, 71% used [0x00000000a1400000,0x00000000be8bf950,0x00000000ca580000)
 Metaspace       used 53143K, capacity 53481K, committed 54232K, reserved 1097728K
  class space    used 6473K, capacity 6576K, committed 6656K, reserved 1048576K
}

Deoptimization events (10 events):
Event: 79.745 Thread 0x000001d7eba9b000 Uncommon trap: reason=unstable_if action=reinterpret pc=0x000001d7cfe5498c method=com.google.gson.internal.bind.TypeAdapters$25.write(Lcom/google/gson/stream/JsonWriter;Lcom/google/gson/JsonElement;)V @ 35
Event: 79.745 Thread 0x000001d7eba9b000 Uncommon trap: reason=unstable_if action=reinterpret pc=0x000001d7cfbf05b8 method=com.google.gson.stream.JsonWriter.string(Ljava/lang/String;)V @ 4
Event: 79.812 Thread 0x000001d7ebaa4000 Uncommon trap: reason=unstable_if action=reinterpret pc=0x000001d7cf9487cc method=java.util.concurrent.ConcurrentHashMap.isEmpty()Z @ 6
Event: 79.817 Thread 0x000001d7ebaa4000 Uncommon trap: reason=unstable_if action=reinterpret pc=0x000001d7d08cc5cc method=java.util.Collections$SetFromMap.remove(Ljava/lang/Object;)Z @ 10
Event: 79.897 Thread 0x000001d7eba9b000 Uncommon trap: reason=class_check action=maybe_recompile pc=0x000001d7d0a4c11c method=net.minecraft.world.chunk.storage.AnvilChunkLoader.writeChunkToNBT(Lnet/minecraft/world/chunk/Chunk;Lnet/minecraft/world/World;Lnet/minecraft/nbt/NBTTagCompound;)V @ 509
Event: 79.898 Thread 0x000001d7eba9b000 Uncommon trap: reason=class_check action=maybe_recompile pc=0x000001d7d0a4c11c method=net.minecraft.world.chunk.storage.AnvilChunkLoader.writeChunkToNBT(Lnet/minecraft/world/chunk/Chunk;Lnet/minecraft/world/World;Lnet/minecraft/nbt/NBTTagCompound;)V @ 509
Event: 79.898 Thread 0x000001d7eba9b000 Uncommon trap: reason=class_check action=maybe_recompile pc=0x000001d7d0a4c11c method=net.minecraft.world.chunk.storage.AnvilChunkLoader.writeChunkToNBT(Lnet/minecraft/world/chunk/Chunk;Lnet/minecraft/world/World;Lnet/minecraft/nbt/NBTTagCompound;)V @ 509
Event: 79.899 Thread 0x000001d7eba9b000 Uncommon trap: reason=class_check action=maybe_recompile pc=0x000001d7d0a4c11c method=net.minecraft.world.chunk.storage.AnvilChunkLoader.writeChunkToNBT(Lnet/minecraft/world/chunk/Chunk;Lnet/minecraft/world/World;Lnet/minecraft/nbt/NBTTagCompound;)V @ 509
Event: 79.996 Thread 0x000001d7eba9b000 Uncommon trap: reason=unstable_if action=reinterpret pc=0x000001d7d0a56460 method=net.minecraft.world.chunk.storage.AnvilChunkLoader.writeChunkToNBT(Lnet/minecraft/world/chunk/Chunk;Lnet/minecraft/world/World;Lnet/minecraft/nbt/NBTTagCompound;)V @ 530
Event: 82.201 Thread 0x000001d7eba98000 Uncommon trap: reason=class_check action=maybe_recompile pc=0x000001d7cef010f4 method=java.util.SubList.<init>(Ljava/util/AbstractList;II)V @ 37

Classes redefined (0 events):
No events

Internal exceptions (10 events):
Event: 75.196 Thread 0x000001d7eba9b000 Exception <a 'java/lang/NullPointerException'> (0x00000000ee9311b0) thrown at [C:\wsjdk\Corretto8Src\installers\windows\zip\corretto-build\buildRoot\src\hotspot\src\share\vm\runtime\sharedRuntime.cpp, line 610]
Event: 75.878 Thread 0x000001d7eba9b000 NullPointerException at vtable entry 0x000001d7cf143970
Event: 75.878 Thread 0x000001d7eba9b000 Exception <a 'java/lang/NullPointerException'> (0x00000000e5334dd8) thrown at [C:\wsjdk\Corretto8Src\installers\windows\zip\corretto-build\buildRoot\src\hotspot\src\share\vm\runtime\sharedRuntime.cpp, line 610]
Event: 76.011 Thread 0x000001d7cd537000 Exception <a 'java/lang/NullPointerException'> (0x00000000e7fdd718) thrown at [C:\wsjdk\Corretto8Src\installers\windows\zip\corretto-build\buildRoot\src\hotspot\src\share\vm\interpreter\linkResolver.cpp, line 1185]
Event: 76.013 Thread 0x000001d7cd537000 Exception <a 'java/lang/NullPointerException'> (0x00000000e7ff9980) thrown at [C:\wsjdk\Corretto8Src\installers\windows\zip\corretto-build\buildRoot\src\hotspot\src\share\vm\interpreter\linkResolver.cpp, line 1185]
Event: 76.014 Thread 0x000001d7cd537000 Exception <a 'java/lang/NullPointerException'> (0x00000000e7ffe0d8) thrown at [C:\wsjdk\Corretto8Src\installers\windows\zip\corretto-build\buildRoot\src\hotspot\src\share\vm\interpreter\linkResolver.cpp, line 1185]
Event: 79.714 Thread 0x000001d7eba9b000 Implicit null exception at 0x000001d7d07dd5fe to 0x000001d7d07de4c0
Event: 79.714 Thread 0x000001d7eba9b000 Exception <a 'java/lang/NullPointerException'> (0x00000000e1281200) thrown at [C:\wsjdk\Corretto8Src\installers\windows\zip\corretto-build\buildRoot\src\hotspot\src\share\vm\interpreter\linkResolver.cpp, line 1185]
Event: 79.715 Thread 0x000001d7eba9b000 Exception <a 'java/lang/NullPointerException'> (0x00000000e128c630) thrown at [C:\wsjdk\Corretto8Src\installers\windows\zip\corretto-build\buildRoot\src\hotspot\src\share\vm\interpreter\linkResolver.cpp, line 1185]
Event: 79.715 Thread 0x000001d7eba9b000 Exception <a 'java/lang/NullPointerException'> (0x00000000e128ca10) thrown at [C:\wsjdk\Corretto8Src\installers\windows\zip\corretto-build\buildRoot\src\hotspot\src\share\vm\interpreter\linkResolver.cpp, line 1185]

Events (10 events):
Event: 202.779 Thread 0x000001d7eba9f000 DEOPT UNPACKING pc=0x000001d7cee471d8 sp=0x000000c90a5fe268 mode 1
Event: 202.779 Thread 0x000001d7eba9f000 DEOPT PACKING pc=0x000001d7cf094bc8 sp=0x000000c90a5fe5a0
Event: 202.779 Thread 0x000001d7eba9f000 DEOPT UNPACKING pc=0x000001d7cee471d8 sp=0x000000c90a5fe2c0 mode 1
Event: 202.779 Thread 0x000001d7eba9f000 DEOPT PACKING pc=0x000001d7cf0d58dc sp=0x000000c90a5feed0
Event: 202.779 Thread 0x000001d7eba9f000 DEOPT UNPACKING pc=0x000001d7cee471d8 sp=0x000000c90a5fec28 mode 1
Event: 202.798 Thread 0x000001d7eba9f000 Thread exited: 0x000001d7eba9f000
Event: 202.818 Executing VM operation: RevokeBias
Event: 202.818 Executing VM operation: RevokeBias done
Event: 202.823 Thread 0x000001d7eba98000 Thread exited: 0x000001d7eba98000
Event: 202.831 Executing VM operation: Exit


Dynamic libraries:
0x00007ff6fdee0000 - 0x00007ff6fdf1a000 	C:\Users\Sun3k\.jdks\corretto-1.8.0_332\bin\java.exe
0x00007ffeb6950000 - 0x00007ffeb6b47000 	C:\Windows\SYSTEM32\ntdll.dll
0x00007ffeb49b0000 - 0x00007ffeb4a6d000 	C:\Windows\System32\KERNEL32.DLL
0x00007ffeb4480000 - 0x00007ffeb474d000 	C:\Windows\System32\KERNELBASE.dll
0x00007ffeb5160000 - 0x00007ffeb520e000 	C:\Windows\System32\ADVAPI32.dll
0x00007ffeb62b0000 - 0x00007ffeb634e000 	C:\Windows\System32\msvcrt.dll
0x00007ffeb5f70000 - 0x00007ffeb600c000 	C:\Windows\System32\sechost.dll
0x00007ffeb5210000 - 0x00007ffeb5335000 	C:\Windows\System32\RPCRT4.dll
0x00007ffeb53a0000 - 0x00007ffeb5540000 	C:\Windows\System32\USER32.dll
0x00007ffeb4950000 - 0x00007ffeb4972000 	C:\Windows\System32\win32u.dll
0x00007ffeb61d0000 - 0x00007ffeb61fa000 	C:\Windows\System32\GDI32.dll
0x00007ffeb4220000 - 0x00007ffeb432b000 	C:\Windows\System32\gdi32full.dll
0x00007ffeb43e0000 - 0x00007ffeb447d000 	C:\Windows\System32\msvcp_win.dll
0x00007ffeb47e0000 - 0x00007ffeb48e0000 	C:\Windows\System32\ucrtbase.dll
0x00007ffe9dfe0000 - 0x00007ffe9e27a000 	C:\Windows\WinSxS\amd64_microsoft.windows.common-controls_6595b64144ccf1df_6.0.19041.1110_none_60b5254171f9507e\COMCTL32.dll
0x00007ffeb55a0000 - 0x00007ffeb55d0000 	C:\Windows\System32\IMM32.DLL
0x00007ffeabda0000 - 0x00007ffeabe8f000 	C:\Users\Sun3k\.jdks\corretto-1.8.0_332\jre\bin\msvcr120.dll
0x00007ffe77520000 - 0x00007ffe775c6000 	C:\Users\Sun3k\.jdks\corretto-1.8.0_332\jre\bin\msvcp120.dll
0x0000000063830000 - 0x00000000640a6000 	C:\Users\Sun3k\.jdks\corretto-1.8.0_332\jre\bin\server\jvm.dll
0x00007ffeb61c0000 - 0x00007ffeb61c8000 	C:\Windows\System32\PSAPI.DLL
0x00007ffe9d810000 - 0x00007ffe9d819000 	C:\Windows\SYSTEM32\WSOCK32.dll
0x00007ffeab0b0000 - 0x00007ffeab0d7000 	C:\Windows\SYSTEM32\WINMM.dll
0x00007ffead3a0000 - 0x00007ffead3aa000 	C:\Windows\SYSTEM32\VERSION.dll
0x00007ffeb5060000 - 0x00007ffeb50cb000 	C:\Windows\System32\WS2_32.dll
0x00007ffeaea20000 - 0x00007ffeaea2f000 	C:\Users\Sun3k\.jdks\corretto-1.8.0_332\jre\bin\verify.dll
0x00007ffeae6b0000 - 0x00007ffeae6d9000 	C:\Users\Sun3k\.jdks\corretto-1.8.0_332\jre\bin\java.dll
0x00007ffe9b620000 - 0x00007ffe9b655000 	C:\Users\Sun3k\.jdks\corretto-1.8.0_332\jre\bin\jdwp.dll
0x00007ffeafc80000 - 0x00007ffeafc88000 	C:\Users\Sun3k\.jdks\corretto-1.8.0_332\jre\bin\npt.dll
0x00007ffe9b5f0000 - 0x00007ffe9b61a000 	C:\Users\Sun3k\.jdks\corretto-1.8.0_332\jre\bin\instrument.dll
0x00007ffeaea00000 - 0x00007ffeaea16000 	C:\Users\Sun3k\.jdks\corretto-1.8.0_332\jre\bin\zip.dll
0x00007ffeb57b0000 - 0x00007ffeb5ef4000 	C:\Windows\System32\SHELL32.dll
0x00007ffeb2170000 - 0x00007ffeb2904000 	C:\Windows\SYSTEM32\windows.storage.dll
0x00007ffeb4a70000 - 0x00007ffeb4dc4000 	C:\Windows\System32\combase.dll
0x00007ffeb3ad0000 - 0x00007ffeb3afc000 	C:\Windows\SYSTEM32\Wldp.dll
0x00007ffeb6200000 - 0x00007ffeb62ad000 	C:\Windows\System32\SHCORE.dll
0x00007ffeb5540000 - 0x00007ffeb5595000 	C:\Windows\System32\shlwapi.dll
0x00007ffeb3fb0000 - 0x00007ffeb3fcf000 	C:\Windows\SYSTEM32\profapi.dll
0x00007ffeaeef0000 - 0x00007ffeaeef9000 	C:\Users\Sun3k\.jdks\corretto-1.8.0_332\jre\bin\dt_socket.dll
0x00007ffeb3830000 - 0x00007ffeb389a000 	C:\Windows\system32\mswsock.dll
0x00007ffeafd00000 - 0x00007ffeafd0d000 	C:\Users\Sun3k\.jdks\corretto-1.8.0_332\jre\bin\management.dll
0x00007ffeae690000 - 0x00007ffeae6aa000 	C:\Users\Sun3k\.jdks\corretto-1.8.0_332\jre\bin\net.dll
0x00007ffeae670000 - 0x00007ffeae682000 	C:\Users\Sun3k\.jdks\corretto-1.8.0_332\jre\bin\nio.dll
0x00007ffeb3a20000 - 0x00007ffeb3a38000 	C:\Windows\SYSTEM32\CRYPTSP.dll
0x00007ffeb3140000 - 0x00007ffeb3174000 	C:\Windows\system32\rsaenh.dll
0x00007ffeb4980000 - 0x00007ffeb49a7000 	C:\Windows\System32\bcrypt.dll
0x00007ffeb3f30000 - 0x00007ffeb3f5e000 	C:\Windows\SYSTEM32\USERENV.dll
0x00007ffeb4750000 - 0x00007ffeb47d2000 	C:\Windows\System32\bcryptprimitives.dll
0x00007ffeb3a40000 - 0x00007ffeb3a4c000 	C:\Windows\SYSTEM32\CRYPTBASE.dll
0x00007ffeb34b0000 - 0x00007ffeb34eb000 	C:\Windows\SYSTEM32\IPHLPAPI.DLL
0x00007ffeb5f60000 - 0x00007ffeb5f68000 	C:\Windows\System32\NSI.dll
0x00007ffea8bc0000 - 0x00007ffea8bd7000 	C:\Windows\SYSTEM32\dhcpcsvc6.DLL
0x00007ffeab020000 - 0x00007ffeab03d000 	C:\Windows\SYSTEM32\dhcpcsvc.DLL
0x00007ffeb34f0000 - 0x00007ffeb35bb000 	C:\Windows\SYSTEM32\DNSAPI.dll
0x00007ffe9d9f0000 - 0x00007ffe9d9fa000 	C:\Users\Sun3k\AppData\Local\Temp\jansi-64-8489101733684711838.dll
0x00007ffe77a30000 - 0x00007ffe77a47000 	C:\Windows\system32\napinsp.dll
0x00007ffe629d0000 - 0x00007ffe629eb000 	C:\Windows\system32\pnrpnsp.dll
0x00007ffeaee60000 - 0x00007ffeaee75000 	C:\Windows\system32\wshbth.dll
0x00007ffeafbb0000 - 0x00007ffeafbcd000 	C:\Windows\system32\NLAapi.dll
0x00007ffe629b0000 - 0x00007ffe629c2000 	C:\Windows\System32\winrnr.dll
0x00007ffea8160000 - 0x00007ffea816a000 	C:\Windows\System32\rasadhlp.dll
0x00007ffea7d30000 - 0x00007ffea7db0000 	C:\Windows\System32\fwpuclnt.dll
0x00007ffeafcb0000 - 0x00007ffeafcd3000 	C:\Users\Sun3k\.jdks\corretto-1.8.0_332\jre\bin\sunec.dll
0x00007ffeafcf0000 - 0x00007ffeafcfc000 	C:\Users\Sun3k\.jdks\corretto-1.8.0_332\jre\bin\sunmscapi.dll
0x00007ffeb4070000 - 0x00007ffeb41c6000 	C:\Windows\System32\CRYPT32.dll
0x00007ffeb3b40000 - 0x00007ffeb3b67000 	C:\Windows\SYSTEM32\ncrypt.dll
0x00007ffeb3b00000 - 0x00007ffeb3b3b000 	C:\Windows\SYSTEM32\NTASN1.dll
0x0000000180000000 - 0x0000000180053000 	C:\Users\Sun3k\.gradle\caches\minecraft\net\minecraft\natives\1.8.9\lwjgl64.dll
0x00007ffe7d620000 - 0x00007ffe7d746000 	C:\Windows\SYSTEM32\OPENGL32.dll
0x00007ffe7d5f0000 - 0x00007ffe7d61c000 	C:\Windows\SYSTEM32\GLU32.dll
0x00007ffe54250000 - 0x00007ffe543e5000 	C:\Users\Sun3k\.jdks\corretto-1.8.0_332\jre\bin\awt.dll
0x00007ffeb60f0000 - 0x00007ffeb61bd000 	C:\Windows\System32\OLEAUT32.dll
0x00007ffeb18b0000 - 0x00007ffeb1940000 	C:\Windows\SYSTEM32\apphelp.dll
0x00007ffeaeb70000 - 0x00007ffeaec1e000 	C:\Windows\SYSTEM32\mscms.dll
0x00007ffeaeb50000 - 0x00007ffeaeb61000 	C:\Windows\SYSTEM32\ColorAdapterClient.dll
0x00007ffeb1f70000 - 0x00007ffeb1f82000 	C:\Windows\SYSTEM32\kernel.appcore.dll
0x00007ffeb55d0000 - 0x00007ffeb5679000 	C:\Windows\System32\clbcatq.dll
0x00007ffeac730000 - 0x00007ffeac773000 	C:\Windows\System32\Windows.Internal.Graphics.Display.DisplayColorManagement.dll
0x00007ffeb41d0000 - 0x00007ffeb421e000 	C:\Windows\System32\cfgmgr32.dll
0x00007ffeb1a70000 - 0x00007ffeb1b0e000 	C:\Windows\system32\uxtheme.dll
0x00007ffeb5690000 - 0x00007ffeb57a5000 	C:\Windows\System32\MSCTF.dll
0x00007ffea19f0000 - 0x00007ffea1ae9000 	C:\Windows\SYSTEM32\textinputframework.dll
0x00007ffeb0ec0000 - 0x00007ffeb121e000 	C:\Windows\System32\CoreUIComponents.dll
0x00007ffeb15a0000 - 0x00007ffeb1692000 	C:\Windows\System32\CoreMessaging.dll
0x00007ffeb2d70000 - 0x00007ffeb2da3000 	C:\Windows\SYSTEM32\ntmarta.dll
0x00007ffeafee0000 - 0x00007ffeb0034000 	C:\Windows\SYSTEM32\wintypes.dll
0x00007ffead280000 - 0x00007ffead377000 	C:\Windows\System32\AppXDeploymentClient.dll
0x00007ffe9b5c0000 - 0x00007ffe9b5ec000 	C:\Windows\System32\DriverStore\FileRepository\u0375335.inf_amd64_7de275617d9da25a\B374868\atig6pxx.dll
0x00007ffe47b80000 - 0x00007ffe4a9c3000 	C:\Windows\System32\DriverStore\FileRepository\u0375335.inf_amd64_7de275617d9da25a\B374868\atio6axx.dll
0x00007ffeb6350000 - 0x00007ffeb67bf000 	C:\Windows\System32\SETUPAPI.dll
0x00007ffe9f7f0000 - 0x00007ffe9f814000 	C:\Windows\SYSTEM32\dxva2.dll
0x00007ffeb67e0000 - 0x00007ffeb690a000 	C:\Windows\System32\ole32.dll
0x00007ffeb1c80000 - 0x00007ffeb1caf000 	C:\Windows\SYSTEM32\dwmapi.dll
0x00007ffe96250000 - 0x00007ffe9628f000 	C:\Windows\System32\DriverStore\FileRepository\u0375335.inf_amd64_7de275617d9da25a\B374868\atig6txx.dll
0x00007ffe6eee0000 - 0x00007ffe6f0b4000 	C:\Windows\SYSTEM32\atiadlxx.dll
0x00007ffeafab0000 - 0x00007ffeafba6000 	C:\Windows\SYSTEM32\PROPSYS.dll
0x00007ffe92cf0000 - 0x00007ffe92d39000 	C:\Windows\SYSTEM32\pdh.dll
0x00007ffeb3e20000 - 0x00007ffeb3e4c000 	C:\Windows\SYSTEM32\DEVOBJ.dll
0x00007ffeb48e0000 - 0x00007ffeb4947000 	C:\Windows\System32\WINTRUST.dll
0x00007ffeb3c60000 - 0x00007ffeb3c72000 	C:\Windows\SYSTEM32\MSASN1.dll
0x00007ffeabd00000 - 0x00007ffeabd3b000 	C:\Windows\SYSTEM32\dxcore.dll
0x00007ffe671f0000 - 0x00007ffe67233000 	C:\Windows\SYSTEM32\icm32.dll
0x000001d7ec550000 - 0x000001d7ec588000 	C:\Users\Sun3k\AppData\Local\Temp\jna\jna5894925425932652826.dll
0x00007ffe84ae0000 - 0x00007ffe84b2b000 	C:\ProgramData\obs-studio-hook\graphics-hook64.dll
0x00007ffeb0040000 - 0x00007ffeb02a3000 	C:\Windows\system32\d3d11.dll
0x00007ffeb2970000 - 0x00007ffeb2a63000 	C:\Windows\SYSTEM32\dxgi.dll
0x00007ffeab0e0000 - 0x00007ffeab298000 	C:\Windows\System32\DriverStore\FileRepository\u0375335.inf_amd64_7de275617d9da25a\B374868\aticfx64.dll
0x00007ffeaaf50000 - 0x00007ffeaaf89000 	C:\Windows\System32\DriverStore\FileRepository\u0375335.inf_amd64_7de275617d9da25a\B374868\atiuxp64.dll
0x00007ffea8df0000 - 0x00007ffeaad27000 	C:\Windows\System32\DriverStore\FileRepository\u0375335.inf_amd64_7de275617d9da25a\B374868\atidxx64.dll
0x00007ffea8ab0000 - 0x00007ffea8ae0000 	C:\Windows\SYSTEM32\amdihk64.dll
0x00007ffea8200000 - 0x00007ffea822b000 	C:\Windows\SYSTEM32\D3DSCache.dll
0x00007ffeada20000 - 0x00007ffeadc20000 	C:\Windows\SYSTEM32\twinapi.appcore.dll
0x0000000070a40000 - 0x0000000070adc000 	C:\Users\Sun3k\.gradle\caches\minecraft\net\minecraft\natives\1.8.9\avutil-ttv-51.dll
0x0000000065980000 - 0x00000000659d6000 	C:\Users\Sun3k\.gradle\caches\minecraft\net\minecraft\natives\1.8.9\swresample-ttv-0.dll
0x000000006eb80000 - 0x000000006ec50000 	C:\Users\Sun3k\.gradle\caches\minecraft\net\minecraft\natives\1.8.9\libmp3lame-ttv.dll
0x00007ffe51770000 - 0x00007ffe52b14000 	C:\Users\Sun3k\.gradle\caches\minecraft\net\minecraft\natives\1.8.9\libmfxsw64.dll
0x00007ffe60740000 - 0x00007ffe608ad000 	C:\Users\Sun3k\.gradle\caches\minecraft\net\minecraft\natives\1.8.9\twitchsdk.dll
0x00007ffe99ea0000 - 0x00007ffe9a376000 	C:\Windows\SYSTEM32\WININET.dll
0x000001d78ee20000 - 0x000001d78ee84000 	C:\Users\Sun3k\.gradle\caches\minecraft\net\minecraft\natives\1.8.9\OpenAL64.dll
0x00007ffeaad30000 - 0x00007ffeaadb5000 	C:\Windows\System32\MMDevApi.dll
0x00007ffe7eb30000 - 0x00007ffe7ebcc000 	C:\Windows\SYSTEM32\dsound.dll
0x00007ffeb3730000 - 0x00007ffeb377b000 	C:\Windows\SYSTEM32\powrprof.dll
0x00007ffe9a760000 - 0x00007ffe9a786000 	C:\Windows\SYSTEM32\winmmbase.dll
0x00007ffeb3630000 - 0x00007ffeb3642000 	C:\Windows\SYSTEM32\UMPDC.dll
0x00007ffeaadc0000 - 0x00007ffeaaf42000 	C:\Windows\SYSTEM32\AUDIOSES.DLL
0x00007ffeb1b80000 - 0x00007ffeb1b94000 	C:\Windows\SYSTEM32\resourcepolicyclient.dll
0x00007ffe9faf0000 - 0x00007ffe9fcd4000 	C:\Windows\SYSTEM32\dbghelp.dll

VM Arguments:
jvm_args: -agentlib:jdwp=transport=dt_socket,address=127.0.0.1:61236,suspend=y,server=n -javaagent:C:\Users\Sun3k\AppData\Local\JetBrains\IdeaIC2022.1\captureAgent\debugger-agent.jar -Dfile.encoding=UTF-8 
java_command: GradleStart --mixin mixins.sunrise.json --tweakClass org.spongepowered.asm.launch.MixinTweaker -Ddevauth.account --javaagent:C:\Users\Sun3k\.gradle\caches\modules-2\files-2.1\org.spongepowered\mixin\0.7.11-SNAPSHOT\7a670207bdb97db418118ad1e9bb42424ff3776d\mixin-0.7.11-SNAPSHOT.jar
java_class_path (initial): C:\Users\Sun3k\.jdks\corretto-1.8.0_332\jre\lib\charsets.jar;C:\Users\Sun3k\.jdks\corretto-1.8.0_332\jre\lib\ext\access-bridge-64.jar;C:\Users\Sun3k\.jdks\corretto-1.8.0_332\jre\lib\ext\cldrdata.jar;C:\Users\Sun3k\.jdks\corretto-1.8.0_332\jre\lib\ext\dnsns.jar;C:\Users\Sun3k\.jdks\corretto-1.8.0_332\jre\lib\ext\jaccess.jar;C:\Users\Sun3k\.jdks\corretto-1.8.0_332\jre\lib\ext\jfxrt.jar;C:\Users\Sun3k\.jdks\corretto-1.8.0_332\jre\lib\ext\localedata.jar;C:\Users\Sun3k\.jdks\corretto-1.8.0_332\jre\lib\ext\nashorn.jar;C:\Users\Sun3k\.jdks\corretto-1.8.0_332\jre\lib\ext\sunec.jar;C:\Users\Sun3k\.jdks\corretto-1.8.0_332\jre\lib\ext\sunjce_provider.jar;C:\Users\Sun3k\.jdks\corretto-1.8.0_332\jre\lib\ext\sunmscapi.jar;C:\Users\Sun3k\.jdks\corretto-1.8.0_332\jre\lib\ext\sunpkcs11.jar;C:\Users\Sun3k\.jdks\corretto-1.8.0_332\jre\lib\ext\zipfs.jar;C:\Users\Sun3k\.jdks\corretto-1.8.0_332\jre\lib\jce.jar;C:\Users\Sun3k\.jdks\corretto-1.8.0_332\jre\lib\jfr.jar;C:\Users\Sun3k\.jdks\corretto-1.8.0_332\jre\lib\jfxswt.jar;C:\Users\Sun3k\.jdks\corretto-1.8.0_332\jre\lib\jsse.jar;C:\Users\Sun3k\.jdks\corretto-1.8.0_332\jre\lib\management-agent.jar;C:\Users\Sun3k\.jdks\corretto-1.8.0_332\jre\lib\resources.jar;C:\Users\Sun3k\.jdks\corretto-1.8.0_332\jre\lib\rt.jar;C:\Users\Sun3k\IdeaProjects\Sunrise8\build\classes\java\main;C:\Users\Sun3k\.gradle\caches\minecraft\deobfedDeps\compileDummy.jar;C:\Users\Sun3k\.gradle\caches\minecraft\deobfedDeps\providedDummy.jar;C:\Users\Sun3k\.gradle\caches\modules-2\files-2.1\org.spongepowered\mixin\0.7.11-SNAPSHOT\7a670207bdb97db418118ad1e9bb42424ff3776d\mixin-0.7.11-SNAPSHOT.jar;C:\Users\Sun3k\.gradle\caches\modules-2\files-2.1\gg.essential\elementa-1.8.9-forge\507\38e5ea484636664fc185041360ee5e86cfc147b5\elementa-1.8.9-forge-507.jar;C:\Users\Sun3k\.gradle\caches\modules-2\files-2.1\com.google.guava\guava\17.0\9c6ef172e8de35fd8d4d8783e4821e57cdef7445\guava-17.0.jar;C:\Users\Sun3k\.gradle\caches\modules-2\files-2.1\commons-io\c
Launcher Type: SUN_STANDARD

Environment Variables:
JAVA_HOME=C:\Program Files\OpenJDK\jdk-18
PATH=C:\Windows\system32;C:\Windows;C:\Windows\System32\Wbem;C:\Windows\System32\WindowsPowerShell\v1.0\;C:\Windows\System32\OpenSSH\;C:\ProgramData\chocolatey\bin;C:\Program Files\Microsoft VS Code\bin;C:\Program Files (x86)\Yarn\bin\;C:\Program Files\nodejs\;C:\Program Files\Git\cmd;C:\Program Files\OpenJDK\jdk-18\bin;C:\Program Files\dotnet\;C:\Users\Sun3k\AppData\Local\Programs\Python\Python310\Scripts\;C:\Users\Sun3k\AppData\Local\Programs\Python\Python310\;C:\Users\Sun3k\AppData\Local\Microsoft\WindowsApps;C:\Users\Sun3k\AppData\Local\Yarn\bin;C:\Users\Sun3k\AppData\Roaming\npm;C:\Program Files\Oracle\VirtualBox;C:\Program Files\heroku\bin;C:\Program Files\JetBrains\IntelliJ IDEA Community Edition 2022.1.1\bin;;C:\Users\Sun3k\.dotnet\tools
USERNAME=Sun3k
OS=Windows_NT
PROCESSOR_IDENTIFIER=AMD64 Family 23 Model 24 Stepping 1, AuthenticAMD



---------------  S Y S T E M  ---------------

OS: Windows 10.0 , 64 bit Build 19041 (10.0.19041.1741)

CPU:total 8 (initial active 8) (8 cores per cpu, 1 threads per core) family 23 model 24 stepping 1, cmov, cx8, fxsr, mmx, sse, sse2, sse3, ssse3, sse4.1, sse4.2, popcnt, avx, avx2, aes, clmul, mmxext, 3dnowpref, lzcnt, sse4a, tsc, tscinvbit, tscinv, bmi1

Memory: 4k page, physical 6206224k(352516k free), swap 19837712k(4890828k free)

vm_info: OpenJDK 64-Bit Server VM (25.332-b08) for windows-amd64 JRE (1.8.0_332-b08), built on Apr 16 2022 08:31:02 by "Administrator" with MS VC++ 12.0 (VS2013)

time: Mon Jun 20 15:54:30 2022
timezone: South Sudan Standard Time
elapsed time: 203.581174 seconds (0d 0h 3m 23s)

