#
# A fatal error has been detected by the Java Runtime Environment:
#
#  EXCEPTION_ACCESS_VIOLATION (0xc0000005) at pc=0x0000000000000000, pid=3252, tid=0x00000000000042c0
#
# JRE version: OpenJDK Runtime Environment (8.0_332-b08) (build 1.8.0_332-b08)
# Java VM: OpenJDK 64-Bit Server VM (25.332-b08 mixed mode windows-amd64 compressed oops)
# Problematic frame:
# C  0x0000000000000000
#
# Failed to write core dump. Minidumps are not enabled by default on client versions of Windows
#
# If you would like to submit a bug report, please visit:
#   https://github.com/corretto/corretto-8/issues/
#

---------------  T H R E A D  ---------------

Current thread (0x0000023bd4dcb000):  VMThread [stack: 0x00000048f6500000,0x00000048f6600000] [id=17088]

siginfo: ExceptionCode=0xc0000005, ExceptionInformation=0x0000000000000008 0x0000000000000000

Registers:
RAX=0x0000000000000000, RBX=0x0000000000000000, RCX=0x0000000000000001, RDX=0x00007ffe60e4f0b8
RSP=0x00000048f65ff0d8, RBP=0x0000023bbfeb99a0, RSI=0x0000000000010000, RDI=0x0000000000000000
R8 =0x00000048f5703000, R9 =0x0000023bdd5b4c98, R10=0x0000023bdcf85ae8, R11=0x0000023bdd5b4c90
R12=0x00007ffe7d6fe810, R13=0x00000000ffffffff, R14=0x00007ffe7d620000, R15=0x0000000000000001
RIP=0x0000000000000000, EFLAGS=0x0000000000010202

Top of Stack: (sp=0x00000048f65ff0d8)
0x00000048f65ff0d8:   00007ffe60e12f2c 0000000000000000
0x00000048f65ff0e8:   0000023bbfeb99a0 00000000ffffffff
0x00000048f65ff0f8:   0000000000010000 0000000000000000
0x00000048f65ff108:   00007ffe60e1406e 0000000000000000
0x00000048f65ff118:   0000023bbfeb99a0 0000000000010000
0x00000048f65ff128:   0000023bd999e9d8 0000000000000001
0x00000048f65ff138:   00007ffe7d626e2e 0000000000000000
0x00000048f65ff148:   0000000000000001 000000018004bb20
0x00000048f65ff158:   0000000000000000 0000000000000001
0x00000048f65ff168:   00007ffe7d627276 0000000000000000
0x00000048f65ff178:   0000023bbfeb99a0 0000000000000001
0x00000048f65ff188:   0000000000000001 0000000000000000
0x00000048f65ff198:   00007ffe7d6fe94f 0000000000000001
0x00000048f65ff1a8:   0000000000000000 0000000000000000
0x00000048f65ff1b8:   0000023bdb540b30 0000000100000001
0x00000048f65ff1c8:   000000018000ecac 000000018001c558 

Instructions: (pc=0x0000000000000000)
0xffffffffffffffe0:   


Register to memory mapping:

RAX=0x0000000000000000 is an unknown value
RBX=0x0000000000000000 is an unknown value
RCX=0x0000000000000001 is an unknown value
RDX=0x00007ffe60e4f0b8 is an unknown value
RSP=0x00000048f65ff0d8 is an unknown value
RBP=0x0000023bbfeb99a0 is an unknown value
RSI=0x0000000000010000 is an unknown value
RDI=0x0000000000000000 is an unknown value
R8 =0x00000048f5703000 is an unknown value
R9 =0x0000023bdd5b4c98 is an unknown value
R10=0x0000023bdcf85ae8 is an unknown value
R11=0x0000023bdd5b4c90 is an unknown value
R12=0x00007ffe7d6fe810 is an unknown value
R13=0x00000000ffffffff is an unknown value
R14=0x00007ffe7d620000 is an unknown value
R15=0x0000000000000001 is an unknown value


Stack: [0x00000048f6500000,0x00000048f6600000],  sp=0x00000048f65ff0d8,  free space=1020k
Native frames: (J=compiled Java code, j=interpreted, Vv=VM code, C=native code)

VM_Operation (0x00000048f5cfde20): Exit, mode: safepoint, requested by thread 0x0000023bbfe97000


---------------  P R O C E S S  ---------------

Java Threads: ( => current thread )
  0x0000023bdb7b2000 JavaThread "Chunk Batcher 1" daemon [_thread_blocked, id=15024, stack(0x00000048f8800000,0x00000048f8900000)]
  0x0000023bdb7ad800 JavaThread "Chunk Batcher 0" daemon [_thread_blocked, id=4496, stack(0x00000048f7f00000,0x00000048f8000000)]
  0x0000023bdb7b0000 JavaThread "Thread-10" [_thread_blocked, id=20024, stack(0x00000048f8200000,0x00000048f8300000)]
  0x0000023bdb7af000 JavaThread "Thread-9" [_thread_blocked, id=20788, stack(0x00000048f8100000,0x00000048f8200000)]
  0x0000023bda793800 JavaThread "LWJGL Timer" daemon [_thread_blocked, id=16068, stack(0x00000048f7900000,0x00000048f7a00000)]
  0x0000023bd9b77800 JavaThread "Thread-7" [_thread_blocked, id=17728, stack(0x00000048f7800000,0x00000048f7900000)]
  0x0000023bd7ebf800 JavaThread "Java2D Disposer" daemon [_thread_blocked, id=1568, stack(0x00000048f7600000,0x00000048f7700000)]
  0x0000023bda355800 JavaThread "Timer hack thread" daemon [_thread_blocked, id=4572, stack(0x00000048f7500000,0x00000048f7600000)]
  0x0000023bddce0800 JavaThread "Snooper Timer" daemon [_thread_blocked, id=16532, stack(0x00000048f7400000,0x00000048f7500000)]
  0x0000023bd9a6e000 JavaThread "Snooper Timer" daemon [_thread_blocked, id=6324, stack(0x00000048f7300000,0x00000048f7400000)]
  0x0000023bd6d42800 JavaThread "Service Thread" daemon [_thread_blocked, id=10996, stack(0x00000048f7100000,0x00000048f7200000)]
  0x0000023bd4e83000 JavaThread "C1 CompilerThread3" daemon [_thread_blocked, id=16164, stack(0x00000048f7000000,0x00000048f7100000)]
  0x0000023bd4e81800 JavaThread "C2 CompilerThread2" daemon [_thread_blocked, id=15860, stack(0x00000048f6f00000,0x00000048f7000000)]
  0x0000023bd4e75800 JavaThread "C2 CompilerThread1" daemon [_thread_blocked, id=3312, stack(0x00000048f6e00000,0x00000048f6f00000)]
  0x0000023bd6cb2800 JavaThread "C2 CompilerThread0" daemon [_thread_blocked, id=3012, stack(0x00000048f6d00000,0x00000048f6e00000)]
  0x0000023bd4e5b800 JavaThread "JDWP Command Reader" daemon [_thread_blocked, id=3684, stack(0x00000048f6c00000,0x00000048f6d00000)]
  0x0000023bd4e55800 JavaThread "JDWP Event Helper Thread" daemon [_thread_blocked, id=16008, stack(0x00000048f6b00000,0x00000048f6c00000)]
  0x0000023bd4e40800 JavaThread "JDWP Transport Listener: dt_socket" daemon [_thread_blocked, id=22340, stack(0x00000048f6a00000,0x00000048f6b00000)]
  0x0000023bd4e36000 JavaThread "Attach Listener" daemon [_thread_blocked, id=22476, stack(0x00000048f6900000,0x00000048f6a00000)]
  0x0000023bd4e2d800 JavaThread "Signal Dispatcher" daemon [_thread_blocked, id=864, stack(0x00000048f6800000,0x00000048f6900000)]
  0x0000023bd4e04800 JavaThread "Finalizer" daemon [_thread_blocked, id=12216, stack(0x00000048f6700000,0x00000048f6800000)]
  0x0000023bd4dfd000 JavaThread "Reference Handler" daemon [_thread_blocked, id=4084, stack(0x00000048f6600000,0x00000048f6700000)]
  0x0000023bbfe97000 JavaThread "Client thread" [_thread_blocked, id=844, stack(0x00000048f5c00000,0x00000048f5d00000)]

Other Threads:
=>0x0000023bd4dcb000 VMThread [stack: 0x00000048f6500000,0x00000048f6600000] [id=17088]

VM state:at safepoint (shutting down)

VM Mutex/Monitor currently owned by a thread:  ([mutex/lock_event])
[0x0000023bbfe95de0] Threads_lock - owner thread: 0x0000023bd4dcb000

heap address: 0x00000000a1400000, size: 1516 MB, Compressed Oops mode: 32-bit
Narrow klass base: 0x0000000000000000, Narrow klass shift: 3
Compressed class space size: 1073741824 Address: 0x0000000100000000

Heap:
 PSYoungGen      total 465408K, used 345698K [0x00000000e0700000, 0x0000000100000000, 0x0000000100000000)
  eden space 418304K, 76% used [0x00000000e0700000,0x00000000f3f730f8,0x00000000f9f80000)
  from space 47104K, 54% used [0x00000000f9f80000,0x00000000fb8a5730,0x00000000fcd80000)
  to   space 47104K, 0% used [0x00000000fd200000,0x00000000fd200000,0x0000000100000000)
 ParOldGen       total 156160K, used 130313K [0x00000000a1400000, 0x00000000aac80000, 0x00000000e0700000)
  object space 156160K, 83% used [0x00000000a1400000,0x00000000a9342660,0x00000000aac80000)
 Metaspace       used 42874K, capacity 43293K, committed 43648K, reserved 1087488K
  class space    used 5345K, capacity 5460K, committed 5504K, reserved 1048576K

Card table byte_map: [0x0000023bd0c10000,0x0000023bd0f10000] byte_map_base: 0x0000023bd0706000

Marking Bits: (ParMarkBitMap*) 0x0000000064027850
 Begin Bits: [0x0000023bd1110000, 0x0000023bd28c0000)
 End Bits:   [0x0000023bd28c0000, 0x0000023bd4070000)

Polling page: 0x0000023bc1820000

CodeCache: size=245760Kb used=20274Kb max_used=20274Kb free=225486Kb
 bounds [0x0000023bc1850000, 0x0000023bc2c40000, 0x0000023bd0850000]
 total_blobs=5871 nmethods=5114 adapters=677
 compilation: enabled

Compilation events (10 events):
Event: 108.277 Thread 0x0000023bd4e83000 nmethod 6719 0x0000023bc2c1b010 code [0x0000023bc2c1b240, 0x0000023bc2c1c060]
Event: 108.277 Thread 0x0000023bd4e83000 6720       3       java.lang.reflect.Proxy::checkNewProxyPermission (142 bytes)
Event: 108.280 Thread 0x0000023bd4e83000 nmethod 6720 0x0000023bc2c30810 code [0x0000023bc2c30c20, 0x0000023bc2c33770]
Event: 108.331 Thread 0x0000023bd4e83000 6721       3       java.lang.StackTraceElement::isNativeMethod (15 bytes)
Event: 108.331 Thread 0x0000023bd4e83000 nmethod 6721 0x0000023bc2c1ac90 code [0x0000023bc2c1ade0, 0x0000023bc2c1af98]
Event: 108.331 Thread 0x0000023bd4e83000 6722       3       java.lang.StackTraceElement::toString (140 bytes)
Event: 108.331 Thread 0x0000023bd6cb2800 6723       4       java.text.SimpleDateFormat::subFormat (1260 bytes)
Event: 108.333 Thread 0x0000023bd4e83000 nmethod 6722 0x0000023bc2c34fd0 code [0x0000023bc2c35300, 0x0000023bc2c36fd0]
Event: 108.353 Thread 0x0000023bd4e83000 6724       3       org.apache.logging.log4j.core.helpers.NameUtil::getSubName (32 bytes)
Event: 108.354 Thread 0x0000023bd4e83000 nmethod 6724 0x0000023bc2c1a3d0 code [0x0000023bc2c1a560, 0x0000023bc2c1ab00]

GC Heap History (10 events):
Event: 35.365 GC heap before
{Heap before GC invocations=20 (full 3):
 PSYoungGen      total 428544K, used 412401K [0x00000000e0700000, 0x00000000fc500000, 0x0000000100000000)
  eden space 402432K, 100% used [0x00000000e0700000,0x00000000f9000000,0x00000000f9000000)
  from space 26112K, 38% used [0x00000000fa980000,0x00000000fb33c468,0x00000000fc300000)
  to   space 26112K, 0% used [0x00000000f9000000,0x00000000f9000000,0x00000000fa980000)
 ParOldGen       total 156160K, used 82834K [0x00000000a1400000, 0x00000000aac80000, 0x00000000e0700000)
  object space 156160K, 53% used [0x00000000a1400000,0x00000000a64e4b70,0x00000000aac80000)
 Metaspace       used 36402K, capacity 36741K, committed 37248K, reserved 1081344K
  class space    used 4547K, capacity 4647K, committed 4736K, reserved 1048576K
Event: 35.419 GC heap after
Heap after GC invocations=20 (full 3):
 PSYoungGen      total 428544K, used 26084K [0x00000000e0700000, 0x0000000100000000, 0x0000000100000000)
  eden space 402432K, 0% used [0x00000000e0700000,0x00000000e0700000,0x00000000f9000000)
  from space 26112K, 99% used [0x00000000f9000000,0x00000000fa9790a0,0x00000000fa980000)
  to   space 39424K, 0% used [0x00000000fd980000,0x00000000fd980000,0x0000000100000000)
 ParOldGen       total 156160K, used 109294K [0x00000000a1400000, 0x00000000aac80000, 0x00000000e0700000)
  object space 156160K, 69% used [0x00000000a1400000,0x00000000a7ebb958,0x00000000aac80000)
 Metaspace       used 36402K, capacity 36741K, committed 37248K, reserved 1081344K
  class space    used 4547K, capacity 4647K, committed 4736K, reserved 1048576K
}
Event: 88.572 GC heap before
{Heap before GC invocations=21 (full 3):
 PSYoungGen      total 428544K, used 428516K [0x00000000e0700000, 0x0000000100000000, 0x0000000100000000)
  eden space 402432K, 100% used [0x00000000e0700000,0x00000000f9000000,0x00000000f9000000)
  from space 26112K, 99% used [0x00000000f9000000,0x00000000fa9790a0,0x00000000fa980000)
  to   space 39424K, 0% used [0x00000000fd980000,0x00000000fd980000,0x0000000100000000)
 ParOldGen       total 156160K, used 109294K [0x00000000a1400000, 0x00000000aac80000, 0x00000000e0700000)
  object space 156160K, 69% used [0x00000000a1400000,0x00000000a7ebb958,0x00000000aac80000)
 Metaspace       used 38676K, capacity 39033K, committed 39296K, reserved 1083392K
  class space    used 4838K, capacity 4941K, committed 4992K, reserved 1048576K
Event: 88.820 GC heap after
Heap after GC invocations=21 (full 3):
 PSYoungGen      total 456192K, used 39407K [0x00000000e0700000, 0x0000000100000000, 0x0000000100000000)
  eden space 416768K, 0% used [0x00000000e0700000,0x00000000e0700000,0x00000000f9e00000)
  from space 39424K, 99% used [0x00000000fd980000,0x00000000ffffbd88,0x0000000100000000)
  to   space 50176K, 0% used [0x00000000f9e00000,0x00000000f9e00000,0x00000000fcf00000)
 ParOldGen       total 156160K, used 120848K [0x00000000a1400000, 0x00000000aac80000, 0x00000000e0700000)
  object space 156160K, 77% used [0x00000000a1400000,0x00000000a8a04188,0x00000000aac80000)
 Metaspace       used 38676K, capacity 39033K, committed 39296K, reserved 1083392K
  class space    used 4838K, capacity 4941K, committed 4992K, reserved 1048576K
}
Event: 95.874 GC heap before
{Heap before GC invocations=22 (full 3):
 PSYoungGen      total 456192K, used 456175K [0x00000000e0700000, 0x0000000100000000, 0x0000000100000000)
  eden space 416768K, 100% used [0x00000000e0700000,0x00000000f9e00000,0x00000000f9e00000)
  from space 39424K, 99% used [0x00000000fd980000,0x00000000ffffbd88,0x0000000100000000)
  to   space 50176K, 0% used [0x00000000f9e00000,0x00000000f9e00000,0x00000000fcf00000)
 ParOldGen       total 156160K, used 120848K [0x00000000a1400000, 0x00000000aac80000, 0x00000000e0700000)
  object space 156160K, 77% used [0x00000000a1400000,0x00000000a8a04188,0x00000000aac80000)
 Metaspace       used 40457K, capacity 40795K, committed 41344K, reserved 1085440K
  class space    used 5016K, capacity 5138K, committed 5248K, reserved 1048576K
Event: 95.904 GC heap after
Heap after GC invocations=22 (full 3):
 PSYoungGen      total 466944K, used 9761K [0x00000000e0700000, 0x0000000100000000, 0x0000000100000000)
  eden space 416768K, 0% used [0x00000000e0700000,0x00000000e0700000,0x00000000f9e00000)
  from space 50176K, 19% used [0x00000000f9e00000,0x00000000fa788588,0x00000000fcf00000)
  to   space 48640K, 0% used [0x00000000fd080000,0x00000000fd080000,0x0000000100000000)
 ParOldGen       total 156160K, used 130297K [0x00000000a1400000, 0x00000000aac80000, 0x00000000e0700000)
  object space 156160K, 83% used [0x00000000a1400000,0x00000000a933e660,0x00000000aac80000)
 Metaspace       used 40457K, capacity 40795K, committed 41344K, reserved 1085440K
  class space    used 5016K, capacity 5138K, committed 5248K, reserved 1048576K
}
Event: 100.431 GC heap before
{Heap before GC invocations=23 (full 3):
 PSYoungGen      total 466944K, used 426529K [0x00000000e0700000, 0x0000000100000000, 0x0000000100000000)
  eden space 416768K, 100% used [0x00000000e0700000,0x00000000f9e00000,0x00000000f9e00000)
  from space 50176K, 19% used [0x00000000f9e00000,0x00000000fa788588,0x00000000fcf00000)
  to   space 48640K, 0% used [0x00000000fd080000,0x00000000fd080000,0x0000000100000000)
 ParOldGen       total 156160K, used 130297K [0x00000000a1400000, 0x00000000aac80000, 0x00000000e0700000)
  object space 156160K, 83% used [0x00000000a1400000,0x00000000a933e660,0x00000000aac80000)
 Metaspace       used 40564K, capacity 40923K, committed 41344K, reserved 1085440K
  class space    used 5016K, capacity 5138K, committed 5248K, reserved 1048576K
Event: 100.444 GC heap after
Heap after GC invocations=23 (full 3):
 PSYoungGen      total 462336K, used 11091K [0x00000000e0700000, 0x00000000ffb80000, 0x0000000100000000)
  eden space 418304K, 0% used [0x00000000e0700000,0x00000000e0700000,0x00000000f9f80000)
  from space 44032K, 25% used [0x00000000fd080000,0x00000000fdb54f90,0x00000000ffb80000)
  to   space 47104K, 0% used [0x00000000f9f80000,0x00000000f9f80000,0x00000000fcd80000)
 ParOldGen       total 156160K, used 130305K [0x00000000a1400000, 0x00000000aac80000, 0x00000000e0700000)
  object space 156160K, 83% used [0x00000000a1400000,0x00000000a9340660,0x00000000aac80000)
 Metaspace       used 40564K, capacity 40923K, committed 41344K, reserved 1085440K
  class space    used 5016K, capacity 5138K, committed 5248K, reserved 1048576K
}
Event: 106.544 GC heap before
{Heap before GC invocations=24 (full 3):
 PSYoungGen      total 462336K, used 429395K [0x00000000e0700000, 0x00000000ffb80000, 0x0000000100000000)
  eden space 418304K, 100% used [0x00000000e0700000,0x00000000f9f80000,0x00000000f9f80000)
  from space 44032K, 25% used [0x00000000fd080000,0x00000000fdb54f90,0x00000000ffb80000)
  to   space 47104K, 0% used [0x00000000f9f80000,0x00000000f9f80000,0x00000000fcd80000)
 ParOldGen       total 156160K, used 130305K [0x00000000a1400000, 0x00000000aac80000, 0x00000000e0700000)
  object space 156160K, 83% used [0x00000000a1400000,0x00000000a9340660,0x00000000aac80000)
 Metaspace       used 41147K, capacity 41467K, committed 41856K, reserved 1085440K
  class space    used 5073K, capacity 5170K, committed 5248K, reserved 1048576K
Event: 106.562 GC heap after
Heap after GC invocations=24 (full 3):
 PSYoungGen      total 465408K, used 25749K [0x00000000e0700000, 0x0000000100000000, 0x0000000100000000)
  eden space 418304K, 0% used [0x00000000e0700000,0x00000000e0700000,0x00000000f9f80000)
  from space 47104K, 54% used [0x00000000f9f80000,0x00000000fb8a5730,0x00000000fcd80000)
  to   space 47104K, 0% used [0x00000000fd200000,0x00000000fd200000,0x0000000100000000)
 ParOldGen       total 156160K, used 130313K [0x00000000a1400000, 0x00000000aac80000, 0x00000000e0700000)
  object space 156160K, 83% used [0x00000000a1400000,0x00000000a9342660,0x00000000aac80000)
 Metaspace       used 41147K, capacity 41467K, committed 41856K, reserved 1085440K
  class space    used 5073K, capacity 5170K, committed 5248K, reserved 1048576K
}

Deoptimization events (10 events):
Event: 107.575 Thread 0x0000023bbfe97000 Uncommon trap: reason=unstable_if action=reinterpret pc=0x0000023bc1bf72c4 method=java.util.Arrays.hashCode([Ljava/lang/Object;)I @ 34
Event: 107.576 Thread 0x0000023bbfe97000 Uncommon trap: reason=class_check action=maybe_recompile pc=0x0000023bc25f501c method=java.util.regex.Pattern$CharProperty$1.isSatisfiedBy(I)Z @ 5
Event: 107.576 Thread 0x0000023bbfe97000 Uncommon trap: reason=class_check action=maybe_recompile pc=0x0000023bc25f501c method=java.util.regex.Pattern$CharProperty$1.isSatisfiedBy(I)Z @ 5
Event: 107.576 Thread 0x0000023bbfe97000 Uncommon trap: reason=class_check action=maybe_recompile pc=0x0000023bc25f501c method=java.util.regex.Pattern$CharProperty$1.isSatisfiedBy(I)Z @ 5
Event: 107.576 Thread 0x0000023bbfe97000 Uncommon trap: reason=class_check action=maybe_recompile pc=0x0000023bc25f501c method=java.util.regex.Pattern$CharProperty$1.isSatisfiedBy(I)Z @ 5
Event: 108.297 Thread 0x0000023bbfe97000 Uncommon trap: reason=unstable_if action=reinterpret pc=0x0000023bc23ee0c8 method=java.io.WinNTFileSystem.parentOrNull(Ljava/lang/String;)Ljava/lang/String; @ 96
Event: 108.298 Thread 0x0000023bbfe97000 Uncommon trap: reason=unstable_if action=reinterpret pc=0x0000023bc1eb10b8 method=java.io.WinNTFileSystem.canonicalize(Ljava/lang/String;)Ljava/lang/String; @ 217
Event: 108.298 Thread 0x0000023bbfe97000 Uncommon trap: reason=unstable_if action=reinterpret pc=0x0000023bc1eba1e8 method=java.io.FilePermission.init(I)V @ 234
Event: 108.339 Thread 0x0000023bbfe97000 Uncommon trap: reason=unstable_if action=reinterpret pc=0x0000023bc2b86614 method=sun.nio.cs.UTF_8$Encoder.encodeArrayLoop(Ljava/nio/CharBuffer;Ljava/nio/ByteBuffer;)Ljava/nio/charset/CoderResult; @ 87
Event: 108.341 Thread 0x0000023bbfe97000 Uncommon trap: reason=unstable_if action=reinterpret pc=0x0000023bc1e99c7c method=net.minecraftforge.fml.relauncher.FMLSecurityManager.checkPermission(Ljava/security/Permission;)V @ 23

Classes redefined (0 events):
No events

Internal exceptions (10 events):
Event: 107.800 Thread 0x0000023bbfe97000 Exception <a 'java/lang/NullPointerException'> (0x00000000eef9f820) thrown at [C:\wsjdk\Corretto8Src\installers\windows\zip\corretto-build\buildRoot\src\hotspot\src\share\vm\runtime\sharedRuntime.cpp, line 1094]
Event: 107.955 Thread 0x0000023bbfe97000 Exception <a 'java/lang/NullPointerException'> (0x00000000f0c2c900) thrown at [C:\wsjdk\Corretto8Src\installers\windows\zip\corretto-build\buildRoot\src\hotspot\src\share\vm\runtime\sharedRuntime.cpp, line 1094]
Event: 108.142 Thread 0x0000023bbfe97000 Exception <a 'java/lang/NullPointerException'> (0x00000000f1f5b5b0) thrown at [C:\wsjdk\Corretto8Src\installers\windows\zip\corretto-build\buildRoot\src\hotspot\src\share\vm\runtime\sharedRuntime.cpp, line 1094]
Event: 108.160 Thread 0x0000023bbfe97000 Exception <a 'java/lang/NullPointerException'> (0x00000000f2041bf8) thrown at [C:\wsjdk\Corretto8Src\installers\windows\zip\corretto-build\buildRoot\src\hotspot\src\share\vm\runtime\sharedRuntime.cpp, line 1094]
Event: 108.197 Thread 0x0000023bbfe97000 Exception <a 'java/lang/NullPointerException'> (0x00000000f229bb90) thrown at [C:\wsjdk\Corretto8Src\installers\windows\zip\corretto-build\buildRoot\src\hotspot\src\share\vm\runtime\sharedRuntime.cpp, line 1094]
Event: 108.211 Thread 0x0000023bbfe97000 Exception <a 'java/lang/NullPointerException'> (0x00000000f23730a0) thrown at [C:\wsjdk\Corretto8Src\installers\windows\zip\corretto-build\buildRoot\src\hotspot\src\share\vm\runtime\sharedRuntime.cpp, line 1094]
Event: 108.261 Thread 0x0000023bbfe97000 Exception <a 'java/lang/NullPointerException'> (0x00000000f27ab4a8) thrown at [C:\wsjdk\Corretto8Src\installers\windows\zip\corretto-build\buildRoot\src\hotspot\src\share\vm\runtime\sharedRuntime.cpp, line 1094]
Event: 108.265 Thread 0x0000023bbfe97000 Exception <a 'java/lang/NullPointerException'> (0x00000000f27deec8) thrown at [C:\wsjdk\Corretto8Src\installers\windows\zip\corretto-build\buildRoot\src\hotspot\src\share\vm\runtime\sharedRuntime.cpp, line 1094]
Event: 108.276 Thread 0x0000023bbfe97000 Exception <a 'java/lang/reflect/InvocationTargetException'> (0x00000000f2887220) thrown at [C:\wsjdk\Corretto8Src\installers\windows\zip\corretto-build\buildRoot\src\hotspot\src\share\vm\runtime\reflection.cpp, line 1092]
Event: 108.321 Thread 0x0000023bbfe97000 Exception <a 'java/lang/NullPointerException'> (0x00000000f29b08e8) thrown at [C:\wsjdk\Corretto8Src\installers\windows\zip\corretto-build\buildRoot\src\hotspot\src\share\vm\runtime\sharedRuntime.cpp, line 1094]

Events (10 events):
Event: 108.353 Executing VM operation: RevokeBias
Event: 108.353 Executing VM operation: RevokeBias done
Event: 108.354 Executing VM operation: RevokeBias
Event: 108.354 Executing VM operation: RevokeBias done
Event: 108.354 Thread 0x0000023bd9cbd800 Thread exited: 0x0000023bd9cbd800
Event: 108.354 Executing VM operation: RevokeBias
Event: 108.355 Executing VM operation: RevokeBias done
Event: 108.355 Thread 0x0000023bdb7ac800 Thread exited: 0x0000023bdb7ac800
Event: 108.356 Thread 0x0000023bd9cc3000 Thread exited: 0x0000023bd9cc3000
Event: 108.360 Executing VM operation: Exit


Dynamic libraries:
0x00007ff6fdee0000 - 0x00007ff6fdf1a000 	C:\Users\Sun3k\.jdks\corretto-1.8.0_332\bin\java.exe
0x00007ffeb6950000 - 0x00007ffeb6b47000 	C:\Windows\SYSTEM32\ntdll.dll
0x00007ffeb49b0000 - 0x00007ffeb4a6d000 	C:\Windows\System32\KERNEL32.DLL
0x00007ffeb4480000 - 0x00007ffeb474d000 	C:\Windows\System32\KERNELBASE.dll
0x00007ffeb5160000 - 0x00007ffeb520e000 	C:\Windows\System32\ADVAPI32.dll
0x00007ffeb62b0000 - 0x00007ffeb634e000 	C:\Windows\System32\msvcrt.dll
0x00007ffeb5f70000 - 0x00007ffeb600c000 	C:\Windows\System32\sechost.dll
0x00007ffeb5210000 - 0x00007ffeb5335000 	C:\Windows\System32\RPCRT4.dll
0x00007ffeb53a0000 - 0x00007ffeb5540000 	C:\Windows\System32\USER32.dll
0x00007ffeb4950000 - 0x00007ffeb4972000 	C:\Windows\System32\win32u.dll
0x00007ffeb61d0000 - 0x00007ffeb61fa000 	C:\Windows\System32\GDI32.dll
0x00007ffeb4220000 - 0x00007ffeb432b000 	C:\Windows\System32\gdi32full.dll
0x00007ffeb43e0000 - 0x00007ffeb447d000 	C:\Windows\System32\msvcp_win.dll
0x00007ffeb47e0000 - 0x00007ffeb48e0000 	C:\Windows\System32\ucrtbase.dll
0x00007ffe9dfe0000 - 0x00007ffe9e27a000 	C:\Windows\WinSxS\amd64_microsoft.windows.common-controls_6595b64144ccf1df_6.0.19041.1110_none_60b5254171f9507e\COMCTL32.dll
0x00007ffeb55a0000 - 0x00007ffeb55d0000 	C:\Windows\System32\IMM32.DLL
0x00007ffeabda0000 - 0x00007ffeabe8f000 	C:\Users\Sun3k\.jdks\corretto-1.8.0_332\jre\bin\msvcr120.dll
0x00007ffe96e30000 - 0x00007ffe96ed6000 	C:\Users\Sun3k\.jdks\corretto-1.8.0_332\jre\bin\msvcp120.dll
0x0000000063830000 - 0x00000000640a6000 	C:\Users\Sun3k\.jdks\corretto-1.8.0_332\jre\bin\server\jvm.dll
0x00007ffeb61c0000 - 0x00007ffeb61c8000 	C:\Windows\System32\PSAPI.DLL
0x00007ffead3a0000 - 0x00007ffead3aa000 	C:\Windows\SYSTEM32\VERSION.dll
0x00007ffeab0b0000 - 0x00007ffeab0d7000 	C:\Windows\SYSTEM32\WINMM.dll
0x00007ffe9d810000 - 0x00007ffe9d819000 	C:\Windows\SYSTEM32\WSOCK32.dll
0x00007ffeb5060000 - 0x00007ffeb50cb000 	C:\Windows\System32\WS2_32.dll
0x00007ffeafd00000 - 0x00007ffeafd0f000 	C:\Users\Sun3k\.jdks\corretto-1.8.0_332\jre\bin\verify.dll
0x00007ffeafcb0000 - 0x00007ffeafcd9000 	C:\Users\Sun3k\.jdks\corretto-1.8.0_332\jre\bin\java.dll
0x00007ffe96f70000 - 0x00007ffe96fa5000 	C:\Users\Sun3k\.jdks\corretto-1.8.0_332\jre\bin\jdwp.dll
0x00007ffeafc50000 - 0x00007ffeafc58000 	C:\Users\Sun3k\.jdks\corretto-1.8.0_332\jre\bin\npt.dll
0x00007ffe96f40000 - 0x00007ffe96f6a000 	C:\Users\Sun3k\.jdks\corretto-1.8.0_332\jre\bin\instrument.dll
0x00007ffeaea10000 - 0x00007ffeaea26000 	C:\Users\Sun3k\.jdks\corretto-1.8.0_332\jre\bin\zip.dll
0x00007ffeb57b0000 - 0x00007ffeb5ef4000 	C:\Windows\System32\SHELL32.dll
0x00007ffeb2170000 - 0x00007ffeb2904000 	C:\Windows\SYSTEM32\windows.storage.dll
0x00007ffeb4a70000 - 0x00007ffeb4dc4000 	C:\Windows\System32\combase.dll
0x00007ffeb3ad0000 - 0x00007ffeb3afc000 	C:\Windows\SYSTEM32\Wldp.dll
0x00007ffeb6200000 - 0x00007ffeb62ad000 	C:\Windows\System32\SHCORE.dll
0x00007ffeb5540000 - 0x00007ffeb5595000 	C:\Windows\System32\shlwapi.dll
0x00007ffeb3fb0000 - 0x00007ffeb3fcf000 	C:\Windows\SYSTEM32\profapi.dll
0x00007ffeafc40000 - 0x00007ffeafc49000 	C:\Users\Sun3k\.jdks\corretto-1.8.0_332\jre\bin\dt_socket.dll
0x00007ffeb3830000 - 0x00007ffeb389a000 	C:\Windows\system32\mswsock.dll
0x00007ffeafcf0000 - 0x00007ffeafcfd000 	C:\Users\Sun3k\.jdks\corretto-1.8.0_332\jre\bin\management.dll
0x00007ffeae6c0000 - 0x00007ffeae6da000 	C:\Users\Sun3k\.jdks\corretto-1.8.0_332\jre\bin\net.dll
0x00007ffeae6a0000 - 0x00007ffeae6b2000 	C:\Users\Sun3k\.jdks\corretto-1.8.0_332\jre\bin\nio.dll
0x00007ffeb3a20000 - 0x00007ffeb3a38000 	C:\Windows\SYSTEM32\CRYPTSP.dll
0x00007ffeb3140000 - 0x00007ffeb3174000 	C:\Windows\system32\rsaenh.dll
0x00007ffeb4980000 - 0x00007ffeb49a7000 	C:\Windows\System32\bcrypt.dll
0x00007ffeb3f30000 - 0x00007ffeb3f5e000 	C:\Windows\SYSTEM32\USERENV.dll
0x00007ffeb4750000 - 0x00007ffeb47d2000 	C:\Windows\System32\bcryptprimitives.dll
0x00007ffeb3a40000 - 0x00007ffeb3a4c000 	C:\Windows\SYSTEM32\CRYPTBASE.dll
0x00007ffeb34b0000 - 0x00007ffeb34eb000 	C:\Windows\SYSTEM32\IPHLPAPI.DLL
0x00007ffeb5f60000 - 0x00007ffeb5f68000 	C:\Windows\System32\NSI.dll
0x00007ffea8bc0000 - 0x00007ffea8bd7000 	C:\Windows\SYSTEM32\dhcpcsvc6.DLL
0x00007ffeab020000 - 0x00007ffeab03d000 	C:\Windows\SYSTEM32\dhcpcsvc.DLL
0x00007ffeb34f0000 - 0x00007ffeb35bb000 	C:\Windows\SYSTEM32\DNSAPI.dll
0x00007ffeaeab0000 - 0x00007ffeaeaba000 	C:\Users\Sun3k\AppData\Local\Temp\jansi-64-5117463155285123170.dll
0x00007ffe77a30000 - 0x00007ffe77a47000 	C:\Windows\system32\napinsp.dll
0x00007ffe629d0000 - 0x00007ffe629eb000 	C:\Windows\system32\pnrpnsp.dll
0x00007ffeaee60000 - 0x00007ffeaee75000 	C:\Windows\system32\wshbth.dll
0x00007ffeafbb0000 - 0x00007ffeafbcd000 	C:\Windows\system32\NLAapi.dll
0x00007ffe629b0000 - 0x00007ffe629c2000 	C:\Windows\System32\winrnr.dll
0x00007ffea8160000 - 0x00007ffea816a000 	C:\Windows\System32\rasadhlp.dll
0x00007ffea7d30000 - 0x00007ffea7db0000 	C:\Windows\System32\fwpuclnt.dll
0x00007ffeae670000 - 0x00007ffeae693000 	C:\Users\Sun3k\.jdks\corretto-1.8.0_332\jre\bin\sunec.dll
0x00007ffeafc80000 - 0x00007ffeafc8c000 	C:\Users\Sun3k\.jdks\corretto-1.8.0_332\jre\bin\sunmscapi.dll
0x00007ffeb4070000 - 0x00007ffeb41c6000 	C:\Windows\System32\CRYPT32.dll
0x00007ffeb3b40000 - 0x00007ffeb3b67000 	C:\Windows\SYSTEM32\ncrypt.dll
0x00007ffeb3b00000 - 0x00007ffeb3b3b000 	C:\Windows\SYSTEM32\NTASN1.dll
0x0000000180000000 - 0x0000000180053000 	C:\Users\Sun3k\.gradle\caches\minecraft\net\minecraft\natives\1.8.9\lwjgl64.dll
0x00007ffe7d620000 - 0x00007ffe7d746000 	C:\Windows\SYSTEM32\OPENGL32.dll
0x00007ffe7d5f0000 - 0x00007ffe7d61c000 	C:\Windows\SYSTEM32\GLU32.dll
0x00007ffe54d10000 - 0x00007ffe54ea5000 	C:\Users\Sun3k\.jdks\corretto-1.8.0_332\jre\bin\awt.dll
0x00007ffeb60f0000 - 0x00007ffeb61bd000 	C:\Windows\System32\OLEAUT32.dll
0x00007ffeb18b0000 - 0x00007ffeb1940000 	C:\Windows\SYSTEM32\apphelp.dll
0x00007ffeaeb70000 - 0x00007ffeaec1e000 	C:\Windows\SYSTEM32\mscms.dll
0x00007ffeaeb50000 - 0x00007ffeaeb61000 	C:\Windows\SYSTEM32\ColorAdapterClient.dll
0x00007ffeb1f70000 - 0x00007ffeb1f82000 	C:\Windows\SYSTEM32\kernel.appcore.dll
0x00007ffeb55d0000 - 0x00007ffeb5679000 	C:\Windows\System32\clbcatq.dll
0x00007ffeb41d0000 - 0x00007ffeb421e000 	C:\Windows\System32\cfgmgr32.dll
0x00007ffeb1a70000 - 0x00007ffeb1b0e000 	C:\Windows\system32\uxtheme.dll
0x00007ffeb5690000 - 0x00007ffeb57a5000 	C:\Windows\System32\MSCTF.dll
0x00007ffea19f0000 - 0x00007ffea1ae9000 	C:\Windows\SYSTEM32\textinputframework.dll
0x00007ffeb15a0000 - 0x00007ffeb1692000 	C:\Windows\System32\CoreMessaging.dll
0x00007ffeb0ec0000 - 0x00007ffeb121e000 	C:\Windows\System32\CoreUIComponents.dll
0x00007ffeafee0000 - 0x00007ffeb0034000 	C:\Windows\SYSTEM32\wintypes.dll
0x00007ffeb2d70000 - 0x00007ffeb2da3000 	C:\Windows\SYSTEM32\ntmarta.dll
0x00007ffe96e00000 - 0x00007ffe96e2c000 	C:\Windows\System32\DriverStore\FileRepository\u0375335.inf_amd64_7de275617d9da25a\B374868\atig6pxx.dll
0x00007ffe47b80000 - 0x00007ffe4a9c3000 	C:\Windows\System32\DriverStore\FileRepository\u0375335.inf_amd64_7de275617d9da25a\B374868\atio6axx.dll
0x00007ffeb6350000 - 0x00007ffeb67bf000 	C:\Windows\System32\SETUPAPI.dll
0x00007ffeb67e0000 - 0x00007ffeb690a000 	C:\Windows\System32\ole32.dll
0x00007ffe9f7f0000 - 0x00007ffe9f814000 	C:\Windows\SYSTEM32\dxva2.dll
0x00007ffeb1c80000 - 0x00007ffeb1caf000 	C:\Windows\SYSTEM32\dwmapi.dll
0x00007ffe96dc0000 - 0x00007ffe96dff000 	C:\Windows\System32\DriverStore\FileRepository\u0375335.inf_amd64_7de275617d9da25a\B374868\atig6txx.dll
0x00007ffe6eee0000 - 0x00007ffe6f0b4000 	C:\Windows\SYSTEM32\atiadlxx.dll
0x00007ffe92cf0000 - 0x00007ffe92d39000 	C:\Windows\SYSTEM32\pdh.dll
0x00007ffeafab0000 - 0x00007ffeafba6000 	C:\Windows\SYSTEM32\PROPSYS.dll
0x00007ffeb3e20000 - 0x00007ffeb3e4c000 	C:\Windows\SYSTEM32\DEVOBJ.dll
0x00007ffeb48e0000 - 0x00007ffeb4947000 	C:\Windows\System32\WINTRUST.dll
0x00007ffeb3c60000 - 0x00007ffeb3c72000 	C:\Windows\SYSTEM32\MSASN1.dll
0x00007ffeabd00000 - 0x00007ffeabd3b000 	C:\Windows\SYSTEM32\dxcore.dll
0x00007ffe671f0000 - 0x00007ffe67233000 	C:\Windows\SYSTEM32\icm32.dll
0x0000023bdc8f0000 - 0x0000023bdc928000 	C:\Users\Sun3k\AppData\Local\Temp\jna\jna8955803504495519130.dll
0x00007ffe60e10000 - 0x00007ffe60e5b000 	C:\ProgramData\obs-studio-hook\graphics-hook64.dll
0x0000000070a40000 - 0x0000000070adc000 	C:\Users\Sun3k\.gradle\caches\minecraft\net\minecraft\natives\1.8.9\avutil-ttv-51.dll
0x00007ffeb0040000 - 0x00007ffeb02a3000 	C:\Windows\system32\d3d11.dll
0x00007ffeb2970000 - 0x00007ffeb2a63000 	C:\Windows\SYSTEM32\dxgi.dll
0x0000000065980000 - 0x00000000659d6000 	C:\Users\Sun3k\.gradle\caches\minecraft\net\minecraft\natives\1.8.9\swresample-ttv-0.dll
0x000000006eb80000 - 0x000000006ec50000 	C:\Users\Sun3k\.gradle\caches\minecraft\net\minecraft\natives\1.8.9\libmp3lame-ttv.dll
0x00007ffeab0e0000 - 0x00007ffeab298000 	C:\Windows\System32\DriverStore\FileRepository\u0375335.inf_amd64_7de275617d9da25a\B374868\aticfx64.dll
0x00007ffeaaf50000 - 0x00007ffeaaf89000 	C:\Windows\System32\DriverStore\FileRepository\u0375335.inf_amd64_7de275617d9da25a\B374868\atiuxp64.dll
0x00007ffea8df0000 - 0x00007ffeaad27000 	C:\Windows\System32\DriverStore\FileRepository\u0375335.inf_amd64_7de275617d9da25a\B374868\atidxx64.dll
0x00007ffea8ab0000 - 0x00007ffea8ae0000 	C:\Windows\SYSTEM32\amdihk64.dll
0x00007ffe3a530000 - 0x00007ffe3b8d4000 	C:\Users\Sun3k\.gradle\caches\minecraft\net\minecraft\natives\1.8.9\libmfxsw64.dll
0x00007ffea8200000 - 0x00007ffea822b000 	C:\Windows\SYSTEM32\D3DSCache.dll
0x00007ffeada20000 - 0x00007ffeadc20000 	C:\Windows\SYSTEM32\twinapi.appcore.dll
0x00007ffe53b60000 - 0x00007ffe53ccd000 	C:\Users\Sun3k\.gradle\caches\minecraft\net\minecraft\natives\1.8.9\twitchsdk.dll
0x00007ffe99ea0000 - 0x00007ffe9a376000 	C:\Windows\SYSTEM32\WININET.dll
0x0000023be09a0000 - 0x0000023be0a04000 	C:\Users\Sun3k\.gradle\caches\minecraft\net\minecraft\natives\1.8.9\OpenAL64.dll
0x00007ffe53f30000 - 0x00007ffe53fcc000 	C:\Windows\SYSTEM32\dsound.dll
0x00007ffeb3730000 - 0x00007ffeb377b000 	C:\Windows\SYSTEM32\powrprof.dll
0x00007ffe9a760000 - 0x00007ffe9a786000 	C:\Windows\SYSTEM32\winmmbase.dll
0x00007ffeb3630000 - 0x00007ffeb3642000 	C:\Windows\SYSTEM32\UMPDC.dll
0x00007ffeaad30000 - 0x00007ffeaadb5000 	C:\Windows\System32\MMDevApi.dll
0x00007ffeaadc0000 - 0x00007ffeaaf42000 	C:\Windows\SYSTEM32\AUDIOSES.DLL
0x00007ffeb1b80000 - 0x00007ffeb1b94000 	C:\Windows\SYSTEM32\resourcepolicyclient.dll
0x00007ffeac730000 - 0x00007ffeac773000 	C:\Windows\System32\Windows.Internal.Graphics.Display.DisplayColorManagement.dll
0x00007ffe9faf0000 - 0x00007ffe9fcd4000 	C:\Windows\SYSTEM32\dbghelp.dll

VM Arguments:
jvm_args: -agentlib:jdwp=transport=dt_socket,address=127.0.0.1:51807,suspend=y,server=n -javaagent:C:\Users\Sun3k\AppData\Local\JetBrains\IdeaIC2022.1\captureAgent\debugger-agent.jar -Dfile.encoding=UTF-8 
java_command: GradleStart --mixin mixins.sunrise.json --tweakClass org.spongepowered.asm.launch.MixinTweaker -Ddevauth.account --javaagent:C:\Users\Sun3k\.gradle\caches\modules-2\files-2.1\org.spongepowered\mixin\0.7.11-SNAPSHOT\7a670207bdb97db418118ad1e9bb42424ff3776d\mixin-0.7.11-SNAPSHOT.jar
java_class_path (initial): C:\Users\Sun3k\.jdks\corretto-1.8.0_332\jre\lib\charsets.jar;C:\Users\Sun3k\.jdks\corretto-1.8.0_332\jre\lib\ext\access-bridge-64.jar;C:\Users\Sun3k\.jdks\corretto-1.8.0_332\jre\lib\ext\cldrdata.jar;C:\Users\Sun3k\.jdks\corretto-1.8.0_332\jre\lib\ext\dnsns.jar;C:\Users\Sun3k\.jdks\corretto-1.8.0_332\jre\lib\ext\jaccess.jar;C:\Users\Sun3k\.jdks\corretto-1.8.0_332\jre\lib\ext\jfxrt.jar;C:\Users\Sun3k\.jdks\corretto-1.8.0_332\jre\lib\ext\localedata.jar;C:\Users\Sun3k\.jdks\corretto-1.8.0_332\jre\lib\ext\nashorn.jar;C:\Users\Sun3k\.jdks\corretto-1.8.0_332\jre\lib\ext\sunec.jar;C:\Users\Sun3k\.jdks\corretto-1.8.0_332\jre\lib\ext\sunjce_provider.jar;C:\Users\Sun3k\.jdks\corretto-1.8.0_332\jre\lib\ext\sunmscapi.jar;C:\Users\Sun3k\.jdks\corretto-1.8.0_332\jre\lib\ext\sunpkcs11.jar;C:\Users\Sun3k\.jdks\corretto-1.8.0_332\jre\lib\ext\zipfs.jar;C:\Users\Sun3k\.jdks\corretto-1.8.0_332\jre\lib\jce.jar;C:\Users\Sun3k\.jdks\corretto-1.8.0_332\jre\lib\jfr.jar;C:\Users\Sun3k\.jdks\corretto-1.8.0_332\jre\lib\jfxswt.jar;C:\Users\Sun3k\.jdks\corretto-1.8.0_332\jre\lib\jsse.jar;C:\Users\Sun3k\.jdks\corretto-1.8.0_332\jre\lib\management-agent.jar;C:\Users\Sun3k\.jdks\corretto-1.8.0_332\jre\lib\resources.jar;C:\Users\Sun3k\.jdks\corretto-1.8.0_332\jre\lib\rt.jar;C:\Users\Sun3k\IdeaProjects\Sunrise8\build\classes\java\main;C:\Users\Sun3k\.gradle\caches\minecraft\deobfedDeps\compileDummy.jar;C:\Users\Sun3k\.gradle\caches\minecraft\deobfedDeps\providedDummy.jar;C:\Users\Sun3k\.gradle\caches\modules-2\files-2.1\org.spongepowered\mixin\0.7.11-SNAPSHOT\7a670207bdb97db418118ad1e9bb42424ff3776d\mixin-0.7.11-SNAPSHOT.jar;C:\Users\Sun3k\.gradle\caches\modules-2\files-2.1\com.google.guava\guava\17.0\9c6ef172e8de35fd8d4d8783e4821e57cdef7445\guava-17.0.jar;C:\Users\Sun3k\.gradle\caches\modules-2\files-2.1\commons-io\commons-io\2.4\b1b6ea3b7e4aa4f492509a4952029cd8e48019ad\commons-io-2.4.jar;C:\Users\Sun3k\.gradle\caches\modules-2\files-2.1\com.google.code.gson\gson\2.2.4\a6
Launcher Type: SUN_STANDARD

Environment Variables:
JAVA_HOME=C:\Program Files\OpenJDK\jdk-18
PATH=C:\Windows\system32;C:\Windows;C:\Windows\System32\Wbem;C:\Windows\System32\WindowsPowerShell\v1.0\;C:\Windows\System32\OpenSSH\;C:\ProgramData\chocolatey\bin;C:\Program Files\Microsoft VS Code\bin;C:\Program Files (x86)\Yarn\bin\;C:\Program Files\nodejs\;C:\Program Files\Git\cmd;C:\Program Files\OpenJDK\jdk-18\bin;C:\Program Files\dotnet\;C:\Users\Sun3k\AppData\Local\Programs\Python\Python310\Scripts\;C:\Users\Sun3k\AppData\Local\Programs\Python\Python310\;C:\Users\Sun3k\AppData\Local\Microsoft\WindowsApps;C:\Users\Sun3k\AppData\Local\Yarn\bin;C:\Users\Sun3k\AppData\Roaming\npm;C:\Program Files\Oracle\VirtualBox;C:\Program Files\heroku\bin;C:\Program Files\JetBrains\IntelliJ IDEA Community Edition 2022.1.1\bin;;C:\Users\Sun3k\.dotnet\tools
USERNAME=Sun3k
OS=Windows_NT
PROCESSOR_IDENTIFIER=AMD64 Family 23 Model 24 Stepping 1, AuthenticAMD



---------------  S Y S T E M  ---------------

OS: Windows 10.0 , 64 bit Build 19041 (10.0.19041.1741)

CPU:total 8 (initial active 8) (8 cores per cpu, 1 threads per core) family 23 model 24 stepping 1, cmov, cx8, fxsr, mmx, sse, sse2, sse3, ssse3, sse4.1, sse4.2, popcnt, avx, avx2, aes, clmul, mmxext, 3dnowpref, lzcnt, sse4a, tsc, tscinvbit, tscinv, bmi1

Memory: 4k page, physical 6206224k(487072k free), swap 21946844k(5298688k free)

vm_info: OpenJDK 64-Bit Server VM (25.332-b08) for windows-amd64 JRE (1.8.0_332-b08), built on Apr 16 2022 08:31:02 by "Administrator" with MS VC++ 12.0 (VS2013)

time: Thu Jun 23 00:28:00 2022
timezone: South Sudan Standard Time
elapsed time: 108.455776 seconds (0d 0h 1m 48s)

