#
# A fatal error has been detected by the Java Runtime Environment:
#
#  EXCEPTION_ACCESS_VIOLATION (0xc0000005) at pc=0x0000000000000000, pid=13124, tid=0x00000000000048b8
#
# JRE version: OpenJDK Runtime Environment (8.0_332-b08) (build 1.8.0_332-b08)
# Java VM: OpenJDK 64-Bit Server VM (25.332-b08 mixed mode windows-amd64 compressed oops)
# Problematic frame:
# C  0x0000000000000000
#
# Failed to write core dump. Minidumps are not enabled by default on client versions of Windows
#
# If you would like to submit a bug report, please visit:
#   https://github.com/corretto/corretto-8/issues/
#

---------------  T H R E A D  ---------------

Current thread (0x0000022d33c8d000):  VMThread [stack: 0x0000005758100000,0x0000005758200000] [id=18616]

siginfo: ExceptionCode=0xc0000005, ExceptionInformation=0x0000000000000008 0x0000000000000000

Registers:
RAX=0x0000000000000000, RBX=0x0000000000000000, RCX=0x0000000000000001, RDX=0x00007ffe60e0f0b8
RSP=0x00000057581fee68, RBP=0x0000022d1ecfdfc0, RSI=0x0000000000010000, RDI=0x0000000000000000
R8 =0x0000005757304000, R9 =0x000000000000003e, R10=0x0000000000000040, R11=0x0000022d3d592f20
R12=0x00007ffe7d6fe810, R13=0x0000000000000082, R14=0x00007ffe7d620000, R15=0x0000000000000001
RIP=0x0000000000000000, EFLAGS=0x0000000000010206

Top of Stack: (sp=0x00000057581fee68)
0x00000057581fee68:   00007ffe60dd2f2c 0000000000000000
0x00000057581fee78:   0000022d1ecfdfc0 0000000000000082
0x00000057581fee88:   0000000000010000 0000000000000000
0x00000057581fee98:   00007ffe60dd406e 0000000000000000
0x00000057581feea8:   0000022d1ecfdfc0 0000000000010000
0x00000057581feeb8:   0000022d39e4cff8 0000000000000001
0x00000057581feec8:   00007ffe7d626e2e 0000000000000000
0x00000057581feed8:   0000000000000001 000000018004bb20
0x00000057581feee8:   0000000000000000 0000000000000001
0x00000057581feef8:   00007ffe7d627276 0000000000000000
0x00000057581fef08:   0000022d1ecfdfc0 0000000000000001
0x00000057581fef18:   0000000000000001 0000000000000000
0x00000057581fef28:   00007ffe7d6fe94f 0000000000000001
0x00000057581fef38:   0000000000000000 0000000000000000
0x00000057581fef48:   0000022d3a760b30 0000000100000001
0x00000057581fef58:   000000018000ecac 000000018001c558 

Instructions: (pc=0x0000000000000000)
0xffffffffffffffe0:   


Register to memory mapping:

RAX=0x0000000000000000 is an unknown value
RBX=0x0000000000000000 is an unknown value
RCX=0x0000000000000001 is an unknown value
RDX=0x00007ffe60e0f0b8 is an unknown value
RSP=0x00000057581fee68 is an unknown value
RBP=0x0000022d1ecfdfc0 is an unknown value
RSI=0x0000000000010000 is an unknown value
RDI=0x0000000000000000 is an unknown value
R8 =0x0000005757304000 is an unknown value
R9 =0x000000000000003e is an unknown value
R10=0x0000000000000040 is an unknown value
R11=0x0000022d3d592f20 is an unknown value
R12=0x00007ffe7d6fe810 is an unknown value
R13=0x0000000000000082 is an unknown value
R14=0x00007ffe7d620000 is an unknown value
R15=0x0000000000000001 is an unknown value


Stack: [0x0000005758100000,0x0000005758200000],  sp=0x00000057581fee68,  free space=1019k
Native frames: (J=compiled Java code, j=interpreted, Vv=VM code, C=native code)

VM_Operation (0x00000057586ff210): Exit, mode: safepoint, requested by thread 0x0000022d5befa000


---------------  P R O C E S S  ---------------

Java Threads: ( => current thread )
  0x0000022d5befa000 JavaThread "SIGINT handler" daemon [_thread_blocked, id=8452, stack(0x0000005758600000,0x0000005758700000)]
  0x0000022d5bf00800 JavaThread "pool-2-thread-2" [_thread_blocked, id=5316, stack(0x0000005757700000,0x0000005757800000)]
  0x0000022d5befe800 JavaThread "Netty Client IO #8" daemon [_thread_blocked, id=22260, stack(0x0000005759300000,0x0000005759400000)]
  0x0000022d5bef7800 JavaThread "Netty Client IO #7" daemon [_thread_in_native, id=17900, stack(0x000000575bb00000,0x000000575bc00000)]
  0x0000022d5befe000 JavaThread "Netty Client IO #6" daemon [_thread_in_native, id=19448, stack(0x000000575b900000,0x000000575ba00000)]
  0x0000022d5befd000 JavaThread "Netty Client IO #5" daemon [_thread_in_native, id=3308, stack(0x000000575b800000,0x000000575b900000)]
  0x0000022d5bef5800 JavaThread "Netty Client IO #4" daemon [_thread_in_native, id=21072, stack(0x000000575b500000,0x000000575b600000)]
  0x0000022d5befc800 JavaThread "Netty Client IO #3" daemon [_thread_in_native, id=7304, stack(0x000000575b400000,0x000000575b500000)]
  0x0000022d5befb800 JavaThread "Netty Client IO #2" daemon [_thread_in_native, id=19324, stack(0x000000575b300000,0x000000575b400000)]
  0x0000022d5befb000 JavaThread "Netty Client IO #0" daemon [_thread_in_native, id=15312, stack(0x000000575b200000,0x000000575b300000)]
  0x0000022d5bef7000 JavaThread "Netty Client IO #1" daemon [_thread_in_native, id=15332, stack(0x000000575b100000,0x000000575b200000)]
  0x0000022d5bef8800 JavaThread "Server Pinger #4" daemon [_thread_blocked, id=5496, stack(0x000000575af00000,0x000000575b000000)]
  0x0000022d5bef9000 JavaThread "Server Pinger #3" daemon [_thread_blocked, id=20364, stack(0x000000575ae00000,0x000000575af00000)]
  0x0000022d5bef6000 JavaThread "Server Pinger #2" daemon [_thread_blocked, id=268, stack(0x000000575ac00000,0x000000575ad00000)]
  0x0000022d3b26f000 JavaThread "Server Pinger #1" daemon [_thread_blocked, id=16880, stack(0x000000575a700000,0x000000575a800000)]
  0x0000022d3b26a000 JavaThread "Thread-14" daemon [_thread_in_native, id=8428, stack(0x000000575a600000,0x000000575a700000)]
  0x0000022d38acc000 JavaThread "Server Pinger #0" daemon [_thread_blocked, id=15956, stack(0x0000005759600000,0x0000005759700000)]
  0x0000022d3b568000 JavaThread "File IO Thread" [_thread_blocked, id=5452, stack(0x0000005757500000,0x0000005757600000)]
  0x0000022d3b56b000 JavaThread "Chunk I/O Executor Thread-1" daemon [_thread_blocked, id=14908, stack(0x000000575ad00000,0x000000575ae00000)]
  0x0000022d3b26f800 JavaThread "Netty Server IO #1" daemon [_thread_in_native, id=19652, stack(0x000000575aa00000,0x000000575ab00000)]
  0x0000022d3b26e000 JavaThread "Netty Local Client IO #0" daemon [_thread_blocked, id=20500, stack(0x000000575a900000,0x000000575aa00000)]
  0x0000022d3b26b000 JavaThread "Netty Server IO #0" daemon [_thread_in_native, id=18852, stack(0x000000575a800000,0x000000575a900000)]
  0x0000022d3b26d000 JavaThread "Thread-12" [_thread_blocked, id=21468, stack(0x000000575a300000,0x000000575a400000)]
  0x0000022d3b270800 JavaThread "Thread-11" [_thread_blocked, id=844, stack(0x000000575a100000,0x000000575a200000)]
  0x0000022d3b269800 JavaThread "Chunk Batcher 1" daemon [_thread_blocked, id=18892, stack(0x0000005759f00000,0x000000575a000000)]
  0x0000022d3b26c800 JavaThread "Chunk Batcher 0" daemon [_thread_blocked, id=9448, stack(0x0000005759c00000,0x0000005759d00000)]
  0x0000022d36ec7800 JavaThread "LWJGL Timer" daemon [_thread_blocked, id=19292, stack(0x0000005759700000,0x0000005759800000)]
  0x0000022d383cb800 JavaThread "Java2D Disposer" daemon [_thread_blocked, id=15612, stack(0x0000005759200000,0x0000005759300000)]
  0x0000022d3b674800 JavaThread "Timer hack thread" daemon [_thread_blocked, id=14356, stack(0x0000005759100000,0x0000005759200000)]
  0x0000022d388f0000 JavaThread "Snooper Timer" daemon [_thread_blocked, id=19504, stack(0x0000005758f00000,0x0000005759000000)]
  0x0000022d35c05000 JavaThread "Service Thread" daemon [_thread_blocked, id=5792, stack(0x0000005758d00000,0x0000005758e00000)]
  0x0000022d33d41800 JavaThread "C1 CompilerThread3" daemon [_thread_blocked, id=16960, stack(0x0000005758c00000,0x0000005758d00000)]
  0x0000022d33d41000 JavaThread "C2 CompilerThread2" daemon [_thread_blocked, id=21696, stack(0x0000005758b00000,0x0000005758c00000)]
  0x0000022d33d40000 JavaThread "C2 CompilerThread1" daemon [_thread_blocked, id=17508, stack(0x0000005758a00000,0x0000005758b00000)]
  0x0000022d35b72800 JavaThread "C2 CompilerThread0" daemon [_thread_blocked, id=19428, stack(0x0000005758900000,0x0000005758a00000)]
  0x0000022d33d1e000 JavaThread "JDWP Event Helper Thread" daemon [_thread_blocked, id=1124, stack(0x0000005758700000,0x0000005758800000)]
  0x0000022d33cf4000 JavaThread "Attach Listener" daemon [_thread_blocked, id=21016, stack(0x0000005758500000,0x0000005758600000)]
  0x0000022d33cf3000 JavaThread "Signal Dispatcher" daemon [_thread_blocked, id=7448, stack(0x0000005758400000,0x0000005758500000)]
  0x0000022d33cc5000 JavaThread "Finalizer" daemon [_thread_blocked, id=3656, stack(0x0000005758300000,0x0000005758400000)]
  0x0000022d33cbe000 JavaThread "Reference Handler" daemon [_thread_blocked, id=22464, stack(0x0000005758200000,0x0000005758300000)]
  0x0000022d1ece6000 JavaThread "Client thread" [_thread_blocked, id=22232, stack(0x0000005757800000,0x0000005757900000)]

Other Threads:
=>0x0000022d33c8d000 VMThread [stack: 0x0000005758100000,0x0000005758200000] [id=18616]

VM state:at safepoint (shutting down)

VM Mutex/Monitor currently owned by a thread:  ([mutex/lock_event])
[0x0000022d1ece43f0] Threads_lock - owner thread: 0x0000022d33c8d000

heap address: 0x00000000a1400000, size: 1516 MB, Compressed Oops mode: 32-bit
Narrow klass base: 0x0000000000000000, Narrow klass shift: 3
Compressed class space size: 1073741824 Address: 0x0000000100000000

Heap:
 PSYoungGen      total 318464K, used 217659K [0x00000000e0700000, 0x00000000fb480000, 0x0000000100000000)
  eden space 211456K, 77% used [0x00000000e0700000,0x00000000ea69acf0,0x00000000ed580000)
  from space 107008K, 50% used [0x00000000f4c00000,0x00000000f80f4288,0x00000000fb480000)
  to   space 114176K, 0% used [0x00000000ed580000,0x00000000ed580000,0x00000000f4500000)
 ParOldGen       total 972800K, used 730198K [0x00000000a1400000, 0x00000000dca00000, 0x00000000e0700000)
  object space 972800K, 75% used [0x00000000a1400000,0x00000000cdd15840,0x00000000dca00000)
 Metaspace       used 56342K, capacity 56893K, committed 57600K, reserved 1099776K
  class space    used 6591K, capacity 6803K, committed 6912K, reserved 1048576K

Card table byte_map: [0x0000022d2fad0000,0x0000022d2fdd0000] byte_map_base: 0x0000022d2f5c6000

Marking Bits: (ParMarkBitMap*) 0x0000000064027850
 Begin Bits: [0x0000022d2ffd0000, 0x0000022d31780000)
 End Bits:   [0x0000022d31780000, 0x0000022d32f30000)

Polling page: 0x0000022d206e0000

CodeCache: size=245760Kb used=47012Kb max_used=48376Kb free=198747Kb
 bounds [0x0000022d20710000, 0x0000022d236b0000, 0x0000022d2f710000]
 total_blobs=11483 nmethods=10534 adapters=864
 compilation: enabled

Compilation events (10 events):
Event: 169.540 Thread 0x0000022d33d40000 15659 %     4       com.jcraft.jogg.Page::checksum @ 54 (168 bytes)
Event: 169.554 Thread 0x0000022d33d40000 nmethod 15659% 0x0000022d225cfdd0 code [0x0000022d225cff20, 0x0000022d225d0678]
Event: 169.562 Thread 0x0000022d35b72800 nmethod 15660% 0x0000022d2243a050 code [0x0000022d2243a260, 0x0000022d2243bce8]
Event: 169.588 Thread 0x0000022d33d41000 nmethod 15648 0x0000022d231df910 code [0x0000022d231e0380, 0x0000022d231e7590]
Event: 169.605 Thread 0x0000022d33d41800 15661       3       java.util.logging.LogManager$LoggerContext::getRootLogger (8 bytes)
Event: 169.605 Thread 0x0000022d33d41800 nmethod 15661 0x0000022d21e81d10 code [0x0000022d21e81e60, 0x0000022d21e82078]
Event: 169.608 Thread 0x0000022d33d41800 15662       3       java.util.logging.LogManager$LoggerContext::getGlobalLogger (6 bytes)
Event: 169.608 Thread 0x0000022d33d41800 nmethod 15662 0x0000022d2156bbd0 code [0x0000022d2156bd20, 0x0000022d2156be78]
Event: 169.623 Thread 0x0000022d33d41800 15663       1       org.apache.logging.log4j.core.config.LoggerConfig::getLevel (5 bytes)
Event: 169.623 Thread 0x0000022d33d41800 nmethod 15663 0x0000022d220f2010 code [0x0000022d220f2160, 0x0000022d220f2278]

GC Heap History (10 events):
Event: 147.917 GC heap before
{Heap before GC invocations=85 (full 15):
 PSYoungGen      total 326656K, used 275823K [0x00000000e0700000, 0x00000000fd300000, 0x0000000100000000)
  eden space 196608K, 100% used [0x00000000e0700000,0x00000000ec700000,0x00000000ec700000)
  from space 130048K, 60% used [0x00000000ec700000,0x00000000f145bcf0,0x00000000f4600000)
  to   space 133120K, 0% used [0x00000000f5100000,0x00000000f5100000,0x00000000fd300000)
 ParOldGen       total 972800K, used 730158K [0x00000000a1400000, 0x00000000dca00000, 0x00000000e0700000)
  object space 972800K, 75% used [0x00000000a1400000,0x00000000cdd0b840,0x00000000dca00000)
 Metaspace       used 56245K, capacity 56817K, committed 57344K, reserved 1099776K
  class space    used 6588K, capacity 6801K, committed 6912K, reserved 1048576K
Event: 147.967 GC heap after
Heap after GC invocations=85 (full 15):
 PSYoungGen      total 335360K, used 80770K [0x00000000e0700000, 0x00000000fd780000, 0x0000000100000000)
  eden space 202240K, 0% used [0x00000000e0700000,0x00000000e0700000,0x00000000ecc80000)
  from space 133120K, 60% used [0x00000000f5100000,0x00000000f9fe0b20,0x00000000fd300000)
  to   space 135680K, 0% used [0x00000000ecc80000,0x00000000ecc80000,0x00000000f5100000)
 ParOldGen       total 972800K, used 730166K [0x00000000a1400000, 0x00000000dca00000, 0x00000000e0700000)
  object space 972800K, 75% used [0x00000000a1400000,0x00000000cdd0d840,0x00000000dca00000)
 Metaspace       used 56245K, capacity 56817K, committed 57344K, reserved 1099776K
  class space    used 6588K, capacity 6801K, committed 6912K, reserved 1048576K
}
Event: 150.618 GC heap before
{Heap before GC invocations=86 (full 15):
 PSYoungGen      total 335360K, used 283010K [0x00000000e0700000, 0x00000000fd780000, 0x0000000100000000)
  eden space 202240K, 100% used [0x00000000e0700000,0x00000000ecc80000,0x00000000ecc80000)
  from space 133120K, 60% used [0x00000000f5100000,0x00000000f9fe0b20,0x00000000fd300000)
  to   space 135680K, 0% used [0x00000000ecc80000,0x00000000ecc80000,0x00000000f5100000)
 ParOldGen       total 972800K, used 730166K [0x00000000a1400000, 0x00000000dca00000, 0x00000000e0700000)
  object space 972800K, 75% used [0x00000000a1400000,0x00000000cdd0d840,0x00000000dca00000)
 Metaspace       used 56260K, capacity 56817K, committed 57344K, reserved 1099776K
  class space    used 6588K, capacity 6801K, committed 6912K, reserved 1048576K
Event: 150.648 GC heap after
Heap after GC invocations=86 (full 15):
 PSYoungGen      total 337920K, used 71073K [0x00000000e0700000, 0x00000000fd780000, 0x0000000100000000)
  eden space 202240K, 0% used [0x00000000e0700000,0x00000000e0700000,0x00000000ecc80000)
  from space 135680K, 52% used [0x00000000ecc80000,0x00000000f11e8670,0x00000000f5100000)
  to   space 133632K, 0% used [0x00000000f5500000,0x00000000f5500000,0x00000000fd780000)
 ParOldGen       total 972800K, used 730174K [0x00000000a1400000, 0x00000000dca00000, 0x00000000e0700000)
  object space 972800K, 75% used [0x00000000a1400000,0x00000000cdd0f840,0x00000000dca00000)
 Metaspace       used 56260K, capacity 56817K, committed 57344K, reserved 1099776K
  class space    used 6588K, capacity 6801K, committed 6912K, reserved 1048576K
}
Event: 153.413 GC heap before
{Heap before GC invocations=87 (full 15):
 PSYoungGen      total 337920K, used 273313K [0x00000000e0700000, 0x00000000fd780000, 0x0000000100000000)
  eden space 202240K, 100% used [0x00000000e0700000,0x00000000ecc80000,0x00000000ecc80000)
  from space 135680K, 52% used [0x00000000ecc80000,0x00000000f11e8670,0x00000000f5100000)
  to   space 133632K, 0% used [0x00000000f5500000,0x00000000f5500000,0x00000000fd780000)
 ParOldGen       total 972800K, used 730174K [0x00000000a1400000, 0x00000000dca00000, 0x00000000e0700000)
  object space 972800K, 75% used [0x00000000a1400000,0x00000000cdd0f840,0x00000000dca00000)
 Metaspace       used 56288K, capacity 56823K, committed 57344K, reserved 1099776K
  class space    used 6589K, capacity 6802K, committed 6912K, reserved 1048576K
Event: 153.439 GC heap after
Heap after GC invocations=87 (full 15):
 PSYoungGen      total 325632K, used 52561K [0x00000000e0700000, 0x00000000fc880000, 0x0000000100000000)
  eden space 207360K, 0% used [0x00000000e0700000,0x00000000e0700000,0x00000000ed180000)
  from space 118272K, 44% used [0x00000000f5500000,0x00000000f8854450,0x00000000fc880000)
  to   space 126464K, 0% used [0x00000000ed180000,0x00000000ed180000,0x00000000f4d00000)
 ParOldGen       total 972800K, used 730182K [0x00000000a1400000, 0x00000000dca00000, 0x00000000e0700000)
  object space 972800K, 75% used [0x00000000a1400000,0x00000000cdd11840,0x00000000dca00000)
 Metaspace       used 56288K, capacity 56823K, committed 57344K, reserved 1099776K
  class space    used 6589K, capacity 6802K, committed 6912K, reserved 1048576K
}
Event: 158.905 GC heap before
{Heap before GC invocations=88 (full 15):
 PSYoungGen      total 325632K, used 259921K [0x00000000e0700000, 0x00000000fc880000, 0x0000000100000000)
  eden space 207360K, 100% used [0x00000000e0700000,0x00000000ed180000,0x00000000ed180000)
  from space 118272K, 44% used [0x00000000f5500000,0x00000000f8854450,0x00000000fc880000)
  to   space 126464K, 0% used [0x00000000ed180000,0x00000000ed180000,0x00000000f4d00000)
 ParOldGen       total 972800K, used 730182K [0x00000000a1400000, 0x00000000dca00000, 0x00000000e0700000)
  object space 972800K, 75% used [0x00000000a1400000,0x00000000cdd11840,0x00000000dca00000)
 Metaspace       used 56310K, capacity 56829K, committed 57344K, reserved 1099776K
  class space    used 6589K, capacity 6803K, committed 6912K, reserved 1048576K
Event: 159.009 GC heap after
Heap after GC invocations=88 (full 15):
 PSYoungGen      total 260096K, used 52545K [0x00000000e0700000, 0x00000000fc180000, 0x0000000100000000)
  eden space 207360K, 0% used [0x00000000e0700000,0x00000000e0700000,0x00000000ed180000)
  from space 52736K, 99% used [0x00000000ed180000,0x00000000f04d05a0,0x00000000f0500000)
  to   space 120320K, 0% used [0x00000000f4c00000,0x00000000f4c00000,0x00000000fc180000)
 ParOldGen       total 972800K, used 730190K [0x00000000a1400000, 0x00000000dca00000, 0x00000000e0700000)
  object space 972800K, 75% used [0x00000000a1400000,0x00000000cdd13840,0x00000000dca00000)
 Metaspace       used 56310K, capacity 56829K, committed 57344K, reserved 1099776K
  class space    used 6589K, capacity 6803K, committed 6912K, reserved 1048576K
}
Event: 165.522 GC heap before
{Heap before GC invocations=89 (full 15):
 PSYoungGen      total 260096K, used 259905K [0x00000000e0700000, 0x00000000fc180000, 0x0000000100000000)
  eden space 207360K, 100% used [0x00000000e0700000,0x00000000ed180000,0x00000000ed180000)
  from space 52736K, 99% used [0x00000000ed180000,0x00000000f04d05a0,0x00000000f0500000)
  to   space 120320K, 0% used [0x00000000f4c00000,0x00000000f4c00000,0x00000000fc180000)
 ParOldGen       total 972800K, used 730190K [0x00000000a1400000, 0x00000000dca00000, 0x00000000e0700000)
  object space 972800K, 75% used [0x00000000a1400000,0x00000000cdd13840,0x00000000dca00000)
 Metaspace       used 56323K, capacity 56893K, committed 57600K, reserved 1099776K
  class space    used 6589K, capacity 6803K, committed 6912K, reserved 1048576K
Event: 165.578 GC heap after
Heap after GC invocations=89 (full 15):
 PSYoungGen      total 318464K, used 54224K [0x00000000e0700000, 0x00000000fb480000, 0x0000000100000000)
  eden space 211456K, 0% used [0x00000000e0700000,0x00000000e0700000,0x00000000ed580000)
  from space 107008K, 50% used [0x00000000f4c00000,0x00000000f80f4288,0x00000000fb480000)
  to   space 114176K, 0% used [0x00000000ed580000,0x00000000ed580000,0x00000000f4500000)
 ParOldGen       total 972800K, used 730198K [0x00000000a1400000, 0x00000000dca00000, 0x00000000e0700000)
  object space 972800K, 75% used [0x00000000a1400000,0x00000000cdd15840,0x00000000dca00000)
 Metaspace       used 56323K, capacity 56893K, committed 57600K, reserved 1099776K
  class space    used 6589K, capacity 6803K, committed 6912K, reserved 1048576K
}

Deoptimization events (10 events):
Event: 160.530 Thread 0x0000022d1ece6000 Uncommon trap: reason=unstable_if action=reinterpret pc=0x0000022d21c744b8 method=net.minecraft.entity.EntityLivingBase.updatePotionEffects()V @ 88
Event: 161.339 Thread 0x0000022d1ece6000 Uncommon trap: reason=unstable_if action=reinterpret pc=0x0000022d2175fe40 method=net.minecraft.entity.EntityLivingBase.onEntityUpdate()V @ 473
Event: 162.877 Thread 0x0000022d5befe800 Uncommon trap: reason=class_check action=maybe_recompile pc=0x0000022d23570b3c method=io.netty.channel.DefaultMessageSizeEstimator$HandleImpl.size(Ljava/lang/Object;)I @ 8
Event: 167.635 Thread 0x0000022d5befe800 Uncommon trap: reason=class_check action=maybe_recompile pc=0x0000022d23570b3c method=io.netty.channel.DefaultMessageSizeEstimator$HandleImpl.size(Ljava/lang/Object;)I @ 8
Event: 169.554 Thread 0x0000022d5befe800 Uncommon trap: reason=class_check action=maybe_recompile pc=0x0000022d23570b3c method=io.netty.channel.DefaultMessageSizeEstimator$HandleImpl.size(Ljava/lang/Object;)I @ 8
Event: 169.630 Thread 0x0000022d5befe800 Uncommon trap: reason=class_check action=maybe_recompile pc=0x0000022d2269e920 method=org.apache.logging.log4j.core.Logger$PrivateConfig.filter(Lorg/apache/logging/log4j/Level;Lorg/apache/logging/log4j/Marker;Ljava/lang/String;)Z @ 4
Event: 169.631 Thread 0x0000022d5befe800 Uncommon trap: reason=class_check action=maybe_recompile pc=0x0000022d2269e920 method=org.apache.logging.log4j.core.Logger$PrivateConfig.filter(Lorg/apache/logging/log4j/Level;Lorg/apache/logging/log4j/Marker;Ljava/lang/String;)Z @ 4
Event: 169.631 Thread 0x0000022d5befe800 Uncommon trap: reason=class_check action=maybe_recompile pc=0x0000022d2269e920 method=org.apache.logging.log4j.core.Logger$PrivateConfig.filter(Lorg/apache/logging/log4j/Level;Lorg/apache/logging/log4j/Marker;Ljava/lang/String;)Z @ 4
Event: 169.631 Thread 0x0000022d5befe800 Uncommon trap: reason=class_check action=maybe_recompile pc=0x0000022d2269e920 method=org.apache.logging.log4j.core.Logger$PrivateConfig.filter(Lorg/apache/logging/log4j/Level;Lorg/apache/logging/log4j/Marker;Ljava/lang/String;)Z @ 4
Event: 169.631 Thread 0x0000022d5befe800 Uncommon trap: reason=class_check action=maybe_recompile pc=0x0000022d209546d8 method=org.apache.logging.log4j.core.Logger$PrivateConfig.filter(Lorg/apache/logging/log4j/Level;Lorg/apache/logging/log4j/Marker;Ljava/lang/String;)Z @ 4

Classes redefined (0 events):
No events

Internal exceptions (10 events):
Event: 169.295 Thread 0x0000022d3b270800 Exception <a 'java/lang/NullPointerException'> (0x00000000e8421888) thrown at [C:\wsjdk\Corretto8Src\installers\windows\zip\corretto-build\buildRoot\src\hotspot\src\share\vm\runtime\sharedRuntime.cpp, line 610]
Event: 169.299 Thread 0x0000022d3b270800 NullPointerException at vtable entry 0x0000022d20a50030
Event: 169.299 Thread 0x0000022d3b270800 Exception <a 'java/lang/NullPointerException'> (0x00000000e842bb98) thrown at [C:\wsjdk\Corretto8Src\installers\windows\zip\corretto-build\buildRoot\src\hotspot\src\share\vm\runtime\sharedRuntime.cpp, line 610]
Event: 169.300 Thread 0x0000022d3b270800 NullPointerException at vtable entry 0x0000022d20a50030
Event: 169.300 Thread 0x0000022d3b270800 Exception <a 'java/lang/NullPointerException'> (0x00000000e8435110) thrown at [C:\wsjdk\Corretto8Src\installers\windows\zip\corretto-build\buildRoot\src\hotspot\src\share\vm\runtime\sharedRuntime.cpp, line 610]
Event: 169.477 Thread 0x0000022d3b270800 Exception <a 'java/lang/InterruptedException': sleep interrupted> (0x00000000e97b85c8) thrown at [C:\wsjdk\Corretto8Src\installers\windows\zip\corretto-build\buildRoot\src\hotspot\src\share\vm\prims\jvm.cpp, line 3337]
Event: 169.478 Thread 0x0000022d3b270800 Exception <a 'java/lang/InterruptedException': sleep interrupted> (0x00000000e97b8820) thrown at [C:\wsjdk\Corretto8Src\installers\windows\zip\corretto-build\buildRoot\src\hotspot\src\share\vm\prims\jvm.cpp, line 3384]
Event: 169.570 Thread 0x0000022d3b270800 Exception <a 'java/lang/InterruptedException': sleep interrupted> (0x00000000e97b8ac8) thrown at [C:\wsjdk\Corretto8Src\installers\windows\zip\corretto-build\buildRoot\src\hotspot\src\share\vm\prims\jvm.cpp, line 3384]
Event: 169.610 Thread 0x0000022d3b270800 Exception <a 'java/lang/InterruptedException': sleep interrupted> (0x00000000e97b8d70) thrown at [C:\wsjdk\Corretto8Src\installers\windows\zip\corretto-build\buildRoot\src\hotspot\src\share\vm\prims\jvm.cpp, line 3384]
Event: 169.610 Thread 0x0000022d3b270800 Exception <a 'java/lang/InterruptedException': sleep interrupted> (0x00000000ea2bda50) thrown at [C:\wsjdk\Corretto8Src\installers\windows\zip\corretto-build\buildRoot\src\hotspot\src\share\vm\prims\jvm.cpp, line 3337]

Events (10 events):
Event: 169.633 Thread 0x0000022d5befe800 DEOPT UNPACKING pc=0x0000022d207571d8 sp=0x00000057593fe1e8 mode 1
Event: 169.633 Thread 0x0000022d5befe800 DEOPT PACKING pc=0x0000022d235d3b0c sp=0x00000057593fe580
Event: 169.633 Thread 0x0000022d5befe800 DEOPT UNPACKING pc=0x0000022d207571d8 sp=0x00000057593fe260 mode 1
Event: 169.633 Thread 0x0000022d5befe800 DEOPT PACKING pc=0x0000022d2262be54 sp=0x00000057593fe5e0
Event: 169.633 Thread 0x0000022d5befe800 DEOPT UNPACKING pc=0x0000022d207571d8 sp=0x00000057593fe308 mode 1
Event: 169.634 Thread 0x0000022d5bf03800 Thread exited: 0x0000022d5bf03800
Event: 169.637 Executing VM operation: RevokeBias
Event: 169.637 Executing VM operation: RevokeBias done
Event: 169.638 Thread 0x0000022d5bf04000 Thread exited: 0x0000022d5bf04000
Event: 169.652 Executing VM operation: Exit


Dynamic libraries:
0x00007ff6fdee0000 - 0x00007ff6fdf1a000 	C:\Users\Sun3k\.jdks\corretto-1.8.0_332\bin\java.exe
0x00007ffeb6950000 - 0x00007ffeb6b47000 	C:\Windows\SYSTEM32\ntdll.dll
0x00007ffeb49b0000 - 0x00007ffeb4a6d000 	C:\Windows\System32\KERNEL32.DLL
0x00007ffeb4480000 - 0x00007ffeb474d000 	C:\Windows\System32\KERNELBASE.dll
0x00007ffeb5160000 - 0x00007ffeb520e000 	C:\Windows\System32\ADVAPI32.dll
0x00007ffeb62b0000 - 0x00007ffeb634e000 	C:\Windows\System32\msvcrt.dll
0x00007ffeb5f70000 - 0x00007ffeb600c000 	C:\Windows\System32\sechost.dll
0x00007ffeb5210000 - 0x00007ffeb5335000 	C:\Windows\System32\RPCRT4.dll
0x00007ffeb53a0000 - 0x00007ffeb5540000 	C:\Windows\System32\USER32.dll
0x00007ffeb4950000 - 0x00007ffeb4972000 	C:\Windows\System32\win32u.dll
0x00007ffeb61d0000 - 0x00007ffeb61fa000 	C:\Windows\System32\GDI32.dll
0x00007ffeb4220000 - 0x00007ffeb432b000 	C:\Windows\System32\gdi32full.dll
0x00007ffeb43e0000 - 0x00007ffeb447d000 	C:\Windows\System32\msvcp_win.dll
0x00007ffeb47e0000 - 0x00007ffeb48e0000 	C:\Windows\System32\ucrtbase.dll
0x00007ffe9dfe0000 - 0x00007ffe9e27a000 	C:\Windows\WinSxS\amd64_microsoft.windows.common-controls_6595b64144ccf1df_6.0.19041.1110_none_60b5254171f9507e\COMCTL32.dll
0x00007ffeb55a0000 - 0x00007ffeb55d0000 	C:\Windows\System32\IMM32.DLL
0x00007ffeabda0000 - 0x00007ffeabe8f000 	C:\Users\Sun3k\.jdks\corretto-1.8.0_332\jre\bin\msvcr120.dll
0x00007ffe96e30000 - 0x00007ffe96ed6000 	C:\Users\Sun3k\.jdks\corretto-1.8.0_332\jre\bin\msvcp120.dll
0x0000000063830000 - 0x00000000640a6000 	C:\Users\Sun3k\.jdks\corretto-1.8.0_332\jre\bin\server\jvm.dll
0x00007ffeb61c0000 - 0x00007ffeb61c8000 	C:\Windows\System32\PSAPI.DLL
0x00007ffeab0b0000 - 0x00007ffeab0d7000 	C:\Windows\SYSTEM32\WINMM.dll
0x00007ffead3a0000 - 0x00007ffead3aa000 	C:\Windows\SYSTEM32\VERSION.dll
0x00007ffe9d810000 - 0x00007ffe9d819000 	C:\Windows\SYSTEM32\WSOCK32.dll
0x00007ffeb5060000 - 0x00007ffeb50cb000 	C:\Windows\System32\WS2_32.dll
0x00007ffeafd00000 - 0x00007ffeafd0f000 	C:\Users\Sun3k\.jdks\corretto-1.8.0_332\jre\bin\verify.dll
0x00007ffeafcb0000 - 0x00007ffeafcd9000 	C:\Users\Sun3k\.jdks\corretto-1.8.0_332\jre\bin\java.dll
0x00007ffe96db0000 - 0x00007ffe96de5000 	C:\Users\Sun3k\.jdks\corretto-1.8.0_332\jre\bin\jdwp.dll
0x00007ffeafc50000 - 0x00007ffeafc58000 	C:\Users\Sun3k\.jdks\corretto-1.8.0_332\jre\bin\npt.dll
0x00007ffe96a90000 - 0x00007ffe96aba000 	C:\Users\Sun3k\.jdks\corretto-1.8.0_332\jre\bin\instrument.dll
0x00007ffeaea10000 - 0x00007ffeaea26000 	C:\Users\Sun3k\.jdks\corretto-1.8.0_332\jre\bin\zip.dll
0x00007ffeb57b0000 - 0x00007ffeb5ef4000 	C:\Windows\System32\SHELL32.dll
0x00007ffeb2170000 - 0x00007ffeb2904000 	C:\Windows\SYSTEM32\windows.storage.dll
0x00007ffeb4a70000 - 0x00007ffeb4dc4000 	C:\Windows\System32\combase.dll
0x00007ffeb3ad0000 - 0x00007ffeb3afc000 	C:\Windows\SYSTEM32\Wldp.dll
0x00007ffeb6200000 - 0x00007ffeb62ad000 	C:\Windows\System32\SHCORE.dll
0x00007ffeb5540000 - 0x00007ffeb5595000 	C:\Windows\System32\shlwapi.dll
0x00007ffeb3fb0000 - 0x00007ffeb3fcf000 	C:\Windows\SYSTEM32\profapi.dll
0x00007ffeafc40000 - 0x00007ffeafc49000 	C:\Users\Sun3k\.jdks\corretto-1.8.0_332\jre\bin\dt_socket.dll
0x00007ffeb3830000 - 0x00007ffeb389a000 	C:\Windows\system32\mswsock.dll
0x00007ffeafcf0000 - 0x00007ffeafcfd000 	C:\Users\Sun3k\.jdks\corretto-1.8.0_332\jre\bin\management.dll
0x00007ffeae6c0000 - 0x00007ffeae6da000 	C:\Users\Sun3k\.jdks\corretto-1.8.0_332\jre\bin\net.dll
0x00007ffeae6a0000 - 0x00007ffeae6b2000 	C:\Users\Sun3k\.jdks\corretto-1.8.0_332\jre\bin\nio.dll
0x00007ffeb3a20000 - 0x00007ffeb3a38000 	C:\Windows\SYSTEM32\CRYPTSP.dll
0x00007ffeb3140000 - 0x00007ffeb3174000 	C:\Windows\system32\rsaenh.dll
0x00007ffeb4980000 - 0x00007ffeb49a7000 	C:\Windows\System32\bcrypt.dll
0x00007ffeb3f30000 - 0x00007ffeb3f5e000 	C:\Windows\SYSTEM32\USERENV.dll
0x00007ffeb4750000 - 0x00007ffeb47d2000 	C:\Windows\System32\bcryptprimitives.dll
0x00007ffeb3a40000 - 0x00007ffeb3a4c000 	C:\Windows\SYSTEM32\CRYPTBASE.dll
0x00007ffeb34b0000 - 0x00007ffeb34eb000 	C:\Windows\SYSTEM32\IPHLPAPI.DLL
0x00007ffeb5f60000 - 0x00007ffeb5f68000 	C:\Windows\System32\NSI.dll
0x00007ffea8bc0000 - 0x00007ffea8bd7000 	C:\Windows\SYSTEM32\dhcpcsvc6.DLL
0x00007ffeab020000 - 0x00007ffeab03d000 	C:\Windows\SYSTEM32\dhcpcsvc.DLL
0x00007ffeb34f0000 - 0x00007ffeb35bb000 	C:\Windows\SYSTEM32\DNSAPI.dll
0x00007ffeaeab0000 - 0x00007ffeaeaba000 	C:\Users\Sun3k\AppData\Local\Temp\jansi-64-116024736565618193.dll
0x00007ffe77a30000 - 0x00007ffe77a47000 	C:\Windows\system32\napinsp.dll
0x00007ffe629d0000 - 0x00007ffe629eb000 	C:\Windows\system32\pnrpnsp.dll
0x00007ffeaee60000 - 0x00007ffeaee75000 	C:\Windows\system32\wshbth.dll
0x00007ffeafbb0000 - 0x00007ffeafbcd000 	C:\Windows\system32\NLAapi.dll
0x00007ffe629b0000 - 0x00007ffe629c2000 	C:\Windows\System32\winrnr.dll
0x00007ffea8160000 - 0x00007ffea816a000 	C:\Windows\System32\rasadhlp.dll
0x00007ffea7d30000 - 0x00007ffea7db0000 	C:\Windows\System32\fwpuclnt.dll
0x00007ffeae670000 - 0x00007ffeae693000 	C:\Users\Sun3k\.jdks\corretto-1.8.0_332\jre\bin\sunec.dll
0x00007ffeafc80000 - 0x00007ffeafc8c000 	C:\Users\Sun3k\.jdks\corretto-1.8.0_332\jre\bin\sunmscapi.dll
0x00007ffeb4070000 - 0x00007ffeb41c6000 	C:\Windows\System32\CRYPT32.dll
0x00007ffeb3b40000 - 0x00007ffeb3b67000 	C:\Windows\SYSTEM32\ncrypt.dll
0x00007ffeb3b00000 - 0x00007ffeb3b3b000 	C:\Windows\SYSTEM32\NTASN1.dll
0x0000000180000000 - 0x0000000180053000 	C:\Users\Sun3k\.gradle\caches\minecraft\net\minecraft\natives\1.8.9\lwjgl64.dll
0x00007ffe7d620000 - 0x00007ffe7d746000 	C:\Windows\SYSTEM32\OPENGL32.dll
0x00007ffe7d5f0000 - 0x00007ffe7d61c000 	C:\Windows\SYSTEM32\GLU32.dll
0x00007ffe54d10000 - 0x00007ffe54ea5000 	C:\Users\Sun3k\.jdks\corretto-1.8.0_332\jre\bin\awt.dll
0x00007ffeb60f0000 - 0x00007ffeb61bd000 	C:\Windows\System32\OLEAUT32.dll
0x00007ffeb18b0000 - 0x00007ffeb1940000 	C:\Windows\SYSTEM32\apphelp.dll
0x00007ffeaeb70000 - 0x00007ffeaec1e000 	C:\Windows\SYSTEM32\mscms.dll
0x00007ffeaeb50000 - 0x00007ffeaeb61000 	C:\Windows\SYSTEM32\ColorAdapterClient.dll
0x00007ffeb1f70000 - 0x00007ffeb1f82000 	C:\Windows\SYSTEM32\kernel.appcore.dll
0x00007ffeb55d0000 - 0x00007ffeb5679000 	C:\Windows\System32\clbcatq.dll
0x00007ffeac730000 - 0x00007ffeac773000 	C:\Windows\System32\Windows.Internal.Graphics.Display.DisplayColorManagement.dll
0x00007ffeb41d0000 - 0x00007ffeb421e000 	C:\Windows\System32\cfgmgr32.dll
0x00007ffeb1a70000 - 0x00007ffeb1b0e000 	C:\Windows\system32\uxtheme.dll
0x00007ffeb5690000 - 0x00007ffeb57a5000 	C:\Windows\System32\MSCTF.dll
0x00007ffea19f0000 - 0x00007ffea1ae9000 	C:\Windows\SYSTEM32\textinputframework.dll
0x00007ffeb0ec0000 - 0x00007ffeb121e000 	C:\Windows\System32\CoreUIComponents.dll
0x00007ffeb15a0000 - 0x00007ffeb1692000 	C:\Windows\System32\CoreMessaging.dll
0x00007ffeafee0000 - 0x00007ffeb0034000 	C:\Windows\SYSTEM32\wintypes.dll
0x00007ffeb2d70000 - 0x00007ffeb2da3000 	C:\Windows\SYSTEM32\ntmarta.dll
0x00007ffead280000 - 0x00007ffead377000 	C:\Windows\System32\AppXDeploymentClient.dll
0x00007ffe96a60000 - 0x00007ffe96a8c000 	C:\Windows\System32\DriverStore\FileRepository\u0375335.inf_amd64_7de275617d9da25a\B374868\atig6pxx.dll
0x00007ffe47b80000 - 0x00007ffe4a9c3000 	C:\Windows\System32\DriverStore\FileRepository\u0375335.inf_amd64_7de275617d9da25a\B374868\atio6axx.dll
0x00007ffeb6350000 - 0x00007ffeb67bf000 	C:\Windows\System32\SETUPAPI.dll
0x00007ffeb67e0000 - 0x00007ffeb690a000 	C:\Windows\System32\ole32.dll
0x00007ffe9f7f0000 - 0x00007ffe9f814000 	C:\Windows\SYSTEM32\dxva2.dll
0x00007ffeb1c80000 - 0x00007ffeb1caf000 	C:\Windows\SYSTEM32\dwmapi.dll
0x00007ffe60e20000 - 0x00007ffe60e5f000 	C:\Windows\System32\DriverStore\FileRepository\u0375335.inf_amd64_7de275617d9da25a\B374868\atig6txx.dll
0x00007ffe6eee0000 - 0x00007ffe6f0b4000 	C:\Windows\SYSTEM32\atiadlxx.dll
0x00007ffeafab0000 - 0x00007ffeafba6000 	C:\Windows\SYSTEM32\PROPSYS.dll
0x00007ffe92cf0000 - 0x00007ffe92d39000 	C:\Windows\SYSTEM32\pdh.dll
0x00007ffeb3e20000 - 0x00007ffeb3e4c000 	C:\Windows\SYSTEM32\DEVOBJ.dll
0x00007ffeb48e0000 - 0x00007ffeb4947000 	C:\Windows\System32\WINTRUST.dll
0x00007ffeb3c60000 - 0x00007ffeb3c72000 	C:\Windows\SYSTEM32\MSASN1.dll
0x00007ffeabd00000 - 0x00007ffeabd3b000 	C:\Windows\SYSTEM32\dxcore.dll
0x00007ffe671f0000 - 0x00007ffe67233000 	C:\Windows\SYSTEM32\icm32.dll
0x0000022d3d090000 - 0x0000022d3d0c8000 	C:\Users\Sun3k\AppData\Local\Temp\jna\jna1105963077895509158.dll
0x00007ffe60dd0000 - 0x00007ffe60e1b000 	C:\ProgramData\obs-studio-hook\graphics-hook64.dll
0x00007ffeb0040000 - 0x00007ffeb02a3000 	C:\Windows\system32\d3d11.dll
0x00007ffeb2970000 - 0x00007ffeb2a63000 	C:\Windows\SYSTEM32\dxgi.dll
0x00007ffeab0e0000 - 0x00007ffeab298000 	C:\Windows\System32\DriverStore\FileRepository\u0375335.inf_amd64_7de275617d9da25a\B374868\aticfx64.dll
0x00007ffeaaf50000 - 0x00007ffeaaf89000 	C:\Windows\System32\DriverStore\FileRepository\u0375335.inf_amd64_7de275617d9da25a\B374868\atiuxp64.dll
0x00007ffea8df0000 - 0x00007ffeaad27000 	C:\Windows\System32\DriverStore\FileRepository\u0375335.inf_amd64_7de275617d9da25a\B374868\atidxx64.dll
0x00007ffea8ab0000 - 0x00007ffea8ae0000 	C:\Windows\SYSTEM32\amdihk64.dll
0x00007ffea8200000 - 0x00007ffea822b000 	C:\Windows\SYSTEM32\D3DSCache.dll
0x00007ffeada20000 - 0x00007ffeadc20000 	C:\Windows\SYSTEM32\twinapi.appcore.dll
0x0000000070a40000 - 0x0000000070adc000 	C:\Users\Sun3k\.gradle\caches\minecraft\net\minecraft\natives\1.8.9\avutil-ttv-51.dll
0x0000000065980000 - 0x00000000659d6000 	C:\Users\Sun3k\.gradle\caches\minecraft\net\minecraft\natives\1.8.9\swresample-ttv-0.dll
0x000000006eb80000 - 0x000000006ec50000 	C:\Users\Sun3k\.gradle\caches\minecraft\net\minecraft\natives\1.8.9\libmp3lame-ttv.dll
0x00007ffe3a530000 - 0x00007ffe3b8d4000 	C:\Users\Sun3k\.gradle\caches\minecraft\net\minecraft\natives\1.8.9\libmfxsw64.dll
0x00007ffe53b60000 - 0x00007ffe53ccd000 	C:\Users\Sun3k\.gradle\caches\minecraft\net\minecraft\natives\1.8.9\twitchsdk.dll
0x00007ffe99ea0000 - 0x00007ffe9a376000 	C:\Windows\SYSTEM32\WININET.dll
0x0000022d3f5a0000 - 0x0000022d3f604000 	C:\Users\Sun3k\.gradle\caches\minecraft\net\minecraft\natives\1.8.9\OpenAL64.dll
0x00007ffeaad30000 - 0x00007ffeaadb5000 	C:\Windows\System32\MMDevApi.dll
0x00007ffe53f30000 - 0x00007ffe53fcc000 	C:\Windows\SYSTEM32\dsound.dll
0x00007ffe9a760000 - 0x00007ffe9a786000 	C:\Windows\SYSTEM32\winmmbase.dll
0x00007ffeb3730000 - 0x00007ffeb377b000 	C:\Windows\SYSTEM32\powrprof.dll
0x00007ffeb3630000 - 0x00007ffeb3642000 	C:\Windows\SYSTEM32\UMPDC.dll
0x00007ffeaadc0000 - 0x00007ffeaaf42000 	C:\Windows\SYSTEM32\AUDIOSES.DLL
0x00007ffeb1b80000 - 0x00007ffeb1b94000 	C:\Windows\SYSTEM32\resourcepolicyclient.dll
0x00007ffe9faf0000 - 0x00007ffe9fcd4000 	C:\Windows\SYSTEM32\dbghelp.dll

VM Arguments:
jvm_args: -agentlib:jdwp=transport=dt_socket,address=127.0.0.1:51922,suspend=y,server=n -javaagent:C:\Users\Sun3k\AppData\Local\JetBrains\IdeaIC2022.1\captureAgent\debugger-agent.jar -Dfile.encoding=UTF-8 
java_command: GradleStart --mixin mixins.sunrise.json --tweakClass org.spongepowered.asm.launch.MixinTweaker -Ddevauth.account --javaagent:C:\Users\Sun3k\.gradle\caches\modules-2\files-2.1\org.spongepowered\mixin\0.7.11-SNAPSHOT\7a670207bdb97db418118ad1e9bb42424ff3776d\mixin-0.7.11-SNAPSHOT.jar
java_class_path (initial): C:\Users\Sun3k\.jdks\corretto-1.8.0_332\jre\lib\charsets.jar;C:\Users\Sun3k\.jdks\corretto-1.8.0_332\jre\lib\ext\access-bridge-64.jar;C:\Users\Sun3k\.jdks\corretto-1.8.0_332\jre\lib\ext\cldrdata.jar;C:\Users\Sun3k\.jdks\corretto-1.8.0_332\jre\lib\ext\dnsns.jar;C:\Users\Sun3k\.jdks\corretto-1.8.0_332\jre\lib\ext\jaccess.jar;C:\Users\Sun3k\.jdks\corretto-1.8.0_332\jre\lib\ext\jfxrt.jar;C:\Users\Sun3k\.jdks\corretto-1.8.0_332\jre\lib\ext\localedata.jar;C:\Users\Sun3k\.jdks\corretto-1.8.0_332\jre\lib\ext\nashorn.jar;C:\Users\Sun3k\.jdks\corretto-1.8.0_332\jre\lib\ext\sunec.jar;C:\Users\Sun3k\.jdks\corretto-1.8.0_332\jre\lib\ext\sunjce_provider.jar;C:\Users\Sun3k\.jdks\corretto-1.8.0_332\jre\lib\ext\sunmscapi.jar;C:\Users\Sun3k\.jdks\corretto-1.8.0_332\jre\lib\ext\sunpkcs11.jar;C:\Users\Sun3k\.jdks\corretto-1.8.0_332\jre\lib\ext\zipfs.jar;C:\Users\Sun3k\.jdks\corretto-1.8.0_332\jre\lib\jce.jar;C:\Users\Sun3k\.jdks\corretto-1.8.0_332\jre\lib\jfr.jar;C:\Users\Sun3k\.jdks\corretto-1.8.0_332\jre\lib\jfxswt.jar;C:\Users\Sun3k\.jdks\corretto-1.8.0_332\jre\lib\jsse.jar;C:\Users\Sun3k\.jdks\corretto-1.8.0_332\jre\lib\management-agent.jar;C:\Users\Sun3k\.jdks\corretto-1.8.0_332\jre\lib\resources.jar;C:\Users\Sun3k\.jdks\corretto-1.8.0_332\jre\lib\rt.jar;C:\Users\Sun3k\IdeaProjects\Sunrise8\build\classes\java\main;C:\Users\Sun3k\.gradle\caches\minecraft\deobfedDeps\compileDummy.jar;C:\Users\Sun3k\.gradle\caches\minecraft\deobfedDeps\providedDummy.jar;C:\Users\Sun3k\.gradle\caches\modules-2\files-2.1\org.spongepowered\mixin\0.7.11-SNAPSHOT\7a670207bdb97db418118ad1e9bb42424ff3776d\mixin-0.7.11-SNAPSHOT.jar;C:\Users\Sun3k\.gradle\caches\modules-2\files-2.1\com.google.guava\guava\17.0\9c6ef172e8de35fd8d4d8783e4821e57cdef7445\guava-17.0.jar;C:\Users\Sun3k\.gradle\caches\modules-2\files-2.1\commons-io\commons-io\2.4\b1b6ea3b7e4aa4f492509a4952029cd8e48019ad\commons-io-2.4.jar;C:\Users\Sun3k\.gradle\caches\modules-2\files-2.1\com.google.code.gson\gson\2.2.4\a6
Launcher Type: SUN_STANDARD

Environment Variables:
JAVA_HOME=C:\Program Files\OpenJDK\jdk-18
PATH=C:\Windows\system32;C:\Windows;C:\Windows\System32\Wbem;C:\Windows\System32\WindowsPowerShell\v1.0\;C:\Windows\System32\OpenSSH\;C:\ProgramData\chocolatey\bin;C:\Program Files\Microsoft VS Code\bin;C:\Program Files (x86)\Yarn\bin\;C:\Program Files\nodejs\;C:\Program Files\Git\cmd;C:\Program Files\OpenJDK\jdk-18\bin;C:\Program Files\dotnet\;C:\Users\Sun3k\AppData\Local\Programs\Python\Python310\Scripts\;C:\Users\Sun3k\AppData\Local\Programs\Python\Python310\;C:\Users\Sun3k\AppData\Local\Microsoft\WindowsApps;C:\Users\Sun3k\AppData\Local\Yarn\bin;C:\Users\Sun3k\AppData\Roaming\npm;C:\Program Files\Oracle\VirtualBox;C:\Program Files\heroku\bin;C:\Program Files\JetBrains\IntelliJ IDEA Community Edition 2022.1.1\bin;;C:\Users\Sun3k\.dotnet\tools
USERNAME=Sun3k
OS=Windows_NT
PROCESSOR_IDENTIFIER=AMD64 Family 23 Model 24 Stepping 1, AuthenticAMD



---------------  S Y S T E M  ---------------

OS: Windows 10.0 , 64 bit Build 19041 (10.0.19041.1741)

CPU:total 8 (initial active 8) (8 cores per cpu, 1 threads per core) family 23 model 24 stepping 1, cmov, cx8, fxsr, mmx, sse, sse2, sse3, ssse3, sse4.1, sse4.2, popcnt, avx, avx2, aes, clmul, mmxext, 3dnowpref, lzcnt, sse4a, tsc, tscinvbit, tscinv, bmi1

Memory: 4k page, physical 6206224k(241660k free), swap 21946844k(4185488k free)

vm_info: OpenJDK 64-Bit Server VM (25.332-b08) for windows-amd64 JRE (1.8.0_332-b08), built on Apr 16 2022 08:31:02 by "Administrator" with MS VC++ 12.0 (VS2013)

time: Thu Jun 23 00:36:22 2022
timezone: South Sudan Standard Time
elapsed time: 170.243365 seconds (0d 0h 2m 50s)

