#
# A fatal error has been detected by the Java Runtime Environment:
#
#  EXCEPTION_ACCESS_VIOLATION (0xc0000005) at pc=0x0000000000000000, pid=13168, tid=0x0000000000002660
#
# JRE version: OpenJDK Runtime Environment (8.0_332-b08) (build 1.8.0_332-b08)
# Java VM: OpenJDK 64-Bit Server VM (25.332-b08 mixed mode windows-amd64 compressed oops)
# Problematic frame:
# C  0x0000000000000000
#
# Failed to write core dump. Minidumps are not enabled by default on client versions of Windows
#
# If you would like to submit a bug report, please visit:
#   https://github.com/corretto/corretto-8/issues/
#

---------------  T H R E A D  ---------------

Current thread (0x0000015452638800):  VMThread [stack: 0x0000000ab9900000,0x0000000ab9a00000] [id=9824]

siginfo: ExceptionCode=0xc0000005, ExceptionInformation=0x0000000000000008 0x0000000000000000

Registers:
RAX=0x0000000000000000, RBX=0x0000000000000000, RCX=0x0000000000000001, RDX=0x00007ffde80af0b8
RSP=0x0000000ab99ff528, RBP=0x000001543d71f640, RSI=0x0000000000010000, RDI=0x0000000000000000
R8 =0x0000000ab8a8f000, R9 =0x0000000000000040, R10=0x0000000000000000, R11=0x000001545cf1cda0
R12=0x00007ffdd698f270, R13=0x0000000000000082, R14=0x00007ffdd68b0000, R15=0x0000000000000001
RIP=0x0000000000000000, EFLAGS=0x0000000000010202

Top of Stack: (sp=0x0000000ab99ff528)
0x0000000ab99ff528:   00007ffde8072f2c 0000000000000000
0x0000000ab99ff538:   000001543d71f640 0000000000000082
0x0000000ab99ff548:   0000000000010000 0000000000000000
0x0000000ab99ff558:   00007ffde807406e 0000000000000000
0x0000000ab99ff568:   000001543d71f640 0000000000010000
0x0000000ab99ff578:   0000015455f208b8 0000000000000001
0x0000000ab99ff588:   00007ffdd68b6e2e 0000000000000000
0x0000000ab99ff598:   0000000000000001 000000018004bb20
0x0000000ab99ff5a8:   0000000000000000 0000000000000001
0x0000000ab99ff5b8:   00007ffdd68b7276 0000000000000000
0x0000000ab99ff5c8:   000001543d71f640 0000000000000001
0x0000000ab99ff5d8:   0000000000000001 0000000000000000
0x0000000ab99ff5e8:   00007ffdd698f3af 0000000000000001
0x0000000ab99ff5f8:   0000000000000000 0000000000000000
0x0000000ab99ff608:   0000015464220b30 0000000100000001
0x0000000ab99ff618:   000000018000ecac 000000018001c558 

Instructions: (pc=0x0000000000000000)
0xffffffffffffffe0:   


Register to memory mapping:

RAX=0x0000000000000000 is an unknown value
RBX=0x0000000000000000 is an unknown value
RCX=0x0000000000000001 is an unknown value
RDX=0x00007ffde80af0b8 is an unknown value
RSP=0x0000000ab99ff528 is an unknown value
RBP=0x000001543d71f640 is an unknown value
RSI=0x0000000000010000 is an unknown value
RDI=0x0000000000000000 is an unknown value
R8 =0x0000000ab8a8f000 is an unknown value
R9 =0x0000000000000040 is an unknown value
R10=0x0000000000000000 is an unknown value
R11=0x000001545cf1cda0 is an unknown value
R12=0x00007ffdd698f270 is an unknown value
R13=0x0000000000000082 is an unknown value
R14=0x00007ffdd68b0000 is an unknown value
R15=0x0000000000000001 is an unknown value


Stack: [0x0000000ab9900000,0x0000000ab9a00000],  sp=0x0000000ab99ff528,  free space=1021k
Native frames: (J=compiled Java code, j=interpreted, Vv=VM code, C=native code)

VM_Operation (0x0000000ab9eff390): Exit, mode: safepoint, requested by thread 0x000001547d9e2000


---------------  P R O C E S S  ---------------

Java Threads: ( => current thread )
  0x000001547d9e2000 JavaThread "SIGINT handler" daemon [_thread_blocked, id=17360, stack(0x0000000ab9e00000,0x0000000ab9f00000)]
  0x000001547d9d9000 JavaThread "File IO Thread" [_thread_blocked, id=6212, stack(0x0000000abed00000,0x0000000abee00000)]
  0x000001547d9cc000 JavaThread "Chunk I/O Executor Thread-1" daemon [_thread_blocked, id=18396, stack(0x0000000abee00000,0x0000000abef00000)]
  0x000001547d9cf000 JavaThread "Netty Server IO #1" daemon [_thread_in_native, id=6580, stack(0x0000000abec00000,0x0000000abed00000)]
  0x000001547a960800 JavaThread "Netty Local Client IO #0" daemon [_thread_blocked, id=18844, stack(0x0000000abeb00000,0x0000000abec00000)]
  0x000001545ea80000 JavaThread "Netty Server IO #0" daemon [_thread_in_native, id=14044, stack(0x0000000abea00000,0x0000000abeb00000)]
  0x0000015464451800 JavaThread "Server thread" [_thread_blocked, id=16316, stack(0x0000000abe900000,0x0000000abea00000)]
  0x0000015464454000 JavaThread "Netty Client IO #15" daemon [_thread_in_native, id=22628, stack(0x0000000abe800000,0x0000000abe900000)]
  0x000001546444c000 JavaThread "Netty Client IO #14" daemon [_thread_in_native, id=23196, stack(0x0000000abe700000,0x0000000abe800000)]
  0x000001546444e000 JavaThread "Netty Client IO #13" daemon [_thread_in_native, id=20724, stack(0x0000000abe600000,0x0000000abe700000)]
  0x0000015464453800 JavaThread "Netty Client IO #12" daemon [_thread_in_native, id=21120, stack(0x0000000abe500000,0x0000000abe600000)]
  0x000001546444f800 JavaThread "Netty Client IO #11" daemon [_thread_in_native, id=19216, stack(0x0000000abe400000,0x0000000abe500000)]
  0x000001546444d000 JavaThread "Netty Client IO #10" daemon [_thread_in_native, id=20560, stack(0x0000000abe200000,0x0000000abe300000)]
  0x000001546444e800 JavaThread "Netty Client IO #9" daemon [_thread_in_native, id=19752, stack(0x0000000abe100000,0x0000000abe200000)]
  0x000001547a95e800 JavaThread "Netty Client IO #8" daemon [_thread_in_native, id=6928, stack(0x0000000abda00000,0x0000000abdb00000)]
  0x000001545ea81000 JavaThread "Netty Client IO #7" daemon [_thread_in_native, id=16212, stack(0x0000000abe000000,0x0000000abe100000)]
  0x000001545ea7f800 JavaThread "Netty Client IO #6" daemon [_thread_in_native, id=13472, stack(0x0000000abdf00000,0x0000000abe000000)]
  0x000001545ea82000 JavaThread "Netty Client IO #4" daemon [_thread_in_native, id=22052, stack(0x0000000abde00000,0x0000000abdf00000)]
  0x000001545ea83800 JavaThread "Netty Client IO #5" daemon [_thread_in_native, id=8868, stack(0x0000000abdb00000,0x0000000abdc00000)]
  0x000001547b2cb000 JavaThread "Netty Client IO #3" daemon [_thread_in_native, id=6644, stack(0x0000000abdd00000,0x0000000abde00000)]
  0x000001547b2cc800 JavaThread "Netty Client IO #2" daemon [_thread_in_native, id=7484, stack(0x0000000abdc00000,0x0000000abdd00000)]
  0x000001547b2cc000 JavaThread "Netty Client IO #1" daemon [_thread_in_native, id=22952, stack(0x0000000abd900000,0x0000000abda00000)]
  0x000001547b2c8000 JavaThread "Netty Client IO #1" daemon [_thread_in_native, id=15780, stack(0x0000000abd800000,0x0000000abd900000)]
  0x000001547b2ca000 JavaThread "Netty Client IO #0" daemon [_thread_in_native, id=10004, stack(0x0000000abd700000,0x0000000abd800000)]
  0x000001547b2c8800 JavaThread "Netty Client IO #0" daemon [_thread_in_native, id=9456, stack(0x0000000abd600000,0x0000000abd700000)]
  0x000001547b2bf000 JavaThread "Server Pinger #4" daemon [_thread_blocked, id=16668, stack(0x0000000abd400000,0x0000000abd500000)]
  0x000001547b2c6800 JavaThread "Server Pinger #3" daemon [_thread_blocked, id=19480, stack(0x0000000abd300000,0x0000000abd400000)]
  0x000001547b2c4000 JavaThread "Server Pinger #2" daemon [_thread_blocked, id=23132, stack(0x0000000abd200000,0x0000000abd300000)]
  0x000001547b2c5800 JavaThread "Server Pinger #1" daemon [_thread_blocked, id=8932, stack(0x0000000abcc00000,0x0000000abcd00000)]
  0x000001547b2be800 JavaThread "Thread-24" daemon [_thread_in_native, id=22380, stack(0x0000000abc100000,0x0000000abc200000)]
  0x000001547b2c0000 JavaThread "Server Pinger #0" daemon [_thread_blocked, id=23484, stack(0x0000000abbb00000,0x0000000abbc00000)]
  0x000001545d706000 JavaThread "Thread-23" [_thread_blocked, id=15636, stack(0x0000000abcf00000,0x0000000abd000000)]
  0x000001545db9e800 JavaThread "Thread-22" [_thread_blocked, id=18664, stack(0x0000000abcd00000,0x0000000abce00000)]
  0x000001545dba0000 JavaThread "DiscordRPC" [_thread_blocked, id=20548, stack(0x0000000abd000000,0x0000000abd100000)]
  0x000001545db9c000 JavaThread "Chunk Batcher 1" daemon [_thread_blocked, id=15412, stack(0x0000000abca00000,0x0000000abcb00000)]
  0x000001545db9b000 JavaThread "Chunk Batcher 0" daemon [_thread_blocked, id=8800, stack(0x0000000abc000000,0x0000000abc100000)]
  0x000001545cf9d800 JavaThread "LWJGL Timer" daemon [_thread_blocked, id=7244, stack(0x0000000abc200000,0x0000000abc300000)]
  0x000001545d701800 JavaThread "Java2D Disposer" daemon [_thread_blocked, id=15340, stack(0x0000000abbf00000,0x0000000abc000000)]
  0x000001545d704800 JavaThread "Timer hack thread" daemon [_thread_blocked, id=21924, stack(0x0000000abbe00000,0x0000000abbf00000)]
  0x000001545cfac800 JavaThread "ViaRewind-1_8TO1_9" daemon [_thread_blocked, id=21720, stack(0x0000000abc300000,0x0000000abc400000)]
  0x00000154562f3800 JavaThread "ViaForge-1" daemon [_thread_blocked, id=22000, stack(0x0000000abbd00000,0x0000000abbe00000)]
  0x00000154562f2800 JavaThread "ViaForge-0" daemon [_thread_blocked, id=22420, stack(0x0000000abbc00000,0x0000000abbd00000)]
  0x00000154562f2000 JavaThread "Snooper Timer" daemon [_thread_blocked, id=21564, stack(0x0000000abad00000,0x0000000abae00000)]
  0x00000154562f0000 JavaThread "rebel-build-info" daemon [_thread_in_native, id=5684, stack(0x0000000abb800000,0x0000000abb900000)]
  0x00000154562ef800 JavaThread "rebel-change-detector-thread" daemon [_thread_blocked, id=21548, stack(0x0000000abb700000,0x0000000abb800000)]
  0x00000154562ea000 JavaThread "rebel-debugger-thread" daemon [_thread_blocked, id=8420, stack(0x0000000abb600000,0x0000000abb700000)]
  0x00000154562eb800 JavaThread "rebel-debugger-attach-notifier" daemon [_thread_blocked, id=12484, stack(0x0000000abb500000,0x0000000abb600000)]
  0x00000154562e9000 JavaThread "rebel-heartbeat-thread" daemon [_thread_blocked, id=22584, stack(0x0000000abb400000,0x0000000abb500000)]
  0x00000154562ec800 JavaThread "rebel-redeploy-thread" daemon [_thread_blocked, id=21832, stack(0x0000000abae00000,0x0000000abaf00000)]
  0x0000015454f03000 JavaThread "rebel-leaseManager-1" daemon [_thread_blocked, id=17652, stack(0x0000000abac00000,0x0000000abad00000)]
  0x0000015454f07800 JavaThread "rebel-messaging-executor-46" daemon [_thread_blocked, id=7656, stack(0x0000000abaa00000,0x0000000abab00000)]
  0x0000015454f0a000 JavaThread "rebel-weak-reaper" daemon [_thread_blocked, id=21184, stack(0x0000000aba800000,0x0000000aba900000)]
  0x0000015454f08800 JavaThread "rebel-cache-writer" daemon [_thread_blocked, id=22328, stack(0x0000000aba700000,0x0000000aba800000)]
  0x00000154544d8000 JavaThread "rebel-CacheKeepAlive" daemon [_thread_blocked, id=12628, stack(0x0000000abb000000,0x0000000abb100000)]
  0x0000015454e4f800 JavaThread "rebel-logger" daemon [_thread_blocked, id=796, stack(0x0000000abaf00000,0x0000000abb000000)]
  0x0000015454939000 JavaThread "Service Thread" daemon [_thread_blocked, id=3284, stack(0x0000000aba500000,0x0000000aba600000)]
  0x000001545491c800 JavaThread "C1 CompilerThread3" daemon [_thread_blocked, id=22556, stack(0x0000000aba400000,0x0000000aba500000)]
  0x000001545491b800 JavaThread "C2 CompilerThread2" daemon [_thread_blocked, id=10780, stack(0x0000000aba300000,0x0000000aba400000)]
  0x0000015454919000 JavaThread "C2 CompilerThread1" daemon [_thread_blocked, id=280, stack(0x0000000aba200000,0x0000000aba300000)]
  0x0000015454918000 JavaThread "C2 CompilerThread0" daemon [_thread_blocked, id=15312, stack(0x0000000aba100000,0x0000000aba200000)]
  0x00000154544c0000 JavaThread "JDWP Event Helper Thread" daemon [_thread_blocked, id=22612, stack(0x0000000ab9f00000,0x0000000aba000000)]
  0x00000154544a7800 JavaThread "Attach Listener" daemon [_thread_blocked, id=21128, stack(0x0000000ab9d00000,0x0000000ab9e00000)]
  0x00000154544a6800 JavaThread "Signal Dispatcher" daemon [_thread_blocked, id=21620, stack(0x0000000ab9c00000,0x0000000ab9d00000)]
  0x000001543d78b800 JavaThread "Finalizer" daemon [_thread_blocked, id=20372, stack(0x0000000ab9b00000,0x0000000ab9c00000)]
  0x000001545263e800 JavaThread "Reference Handler" daemon [_thread_blocked, id=1888, stack(0x0000000ab9a00000,0x0000000ab9b00000)]
  0x000001543d6fa000 JavaThread "Client thread" [_thread_blocked, id=16496, stack(0x0000000ab9000000,0x0000000ab9100000)]

Other Threads:
=>0x0000015452638800 VMThread [stack: 0x0000000ab9900000,0x0000000ab9a00000] [id=9824]

VM state:at safepoint (shutting down)

VM Mutex/Monitor currently owned by a thread:  ([mutex/lock_event])
[0x000001543d6f5670] Threads_lock - owner thread: 0x0000015452638800

heap address: 0x00000000a1400000, size: 1516 MB, Compressed Oops mode: 32-bit
Narrow klass base: 0x0000000000000000, Narrow klass shift: 3
Compressed class space size: 1073741824 Address: 0x0000000100000000

Heap:
 PSYoungGen      total 428032K, used 324595K [0x00000000e0700000, 0x00000000ff600000, 0x0000000100000000)
  eden space 353280K, 84% used [0x00000000e0700000,0x00000000f2985cc0,0x00000000f6000000)
  from space 74752K, 36% used [0x00000000fad00000,0x00000000fc776f68,0x00000000ff600000)
  to   space 76800K, 0% used [0x00000000f6000000,0x00000000f6000000,0x00000000fab00000)
 ParOldGen       total 515072K, used 426814K [0x00000000a1400000, 0x00000000c0b00000, 0x00000000e0700000)
  object space 515072K, 82% used [0x00000000a1400000,0x00000000bb4cf808,0x00000000c0b00000)
 Metaspace       used 103555K, capacity 106779K, committed 107312K, reserved 1144832K
  class space    used 11715K, capacity 12469K, committed 12592K, reserved 1048576K

Card table byte_map: [0x000001544e430000,0x000001544e730000] byte_map_base: 0x000001544df26000

Marking Bits: (ParMarkBitMap*) 0x000000006c1e7850
 Begin Bits: [0x000001544e930000, 0x00000154500e0000)
 End Bits:   [0x00000154500e0000, 0x0000015451890000)

Polling page: 0x000001543d7d0000

CodeCache: size=245760Kb used=71148Kb max_used=72349Kb free=174611Kb
 bounds [0x000001543f070000, 0x00000154437a0000, 0x000001544e070000]
 total_blobs=21547 nmethods=20528 adapters=936
 compilation: enabled

Compilation events (10 events):
Event: 760.373 Thread 0x000001545491c800 30598       3       net.minecraft.inventory.InventoryBasic::_jr$ig$slotsCount (8 bytes)
Event: 760.374 Thread 0x000001545491c800 nmethod 30598 0x00000154411129d0 code [0x0000015441112b40, 0x0000015441112d78]
Event: 760.384 Thread 0x000001545491c800 30599       3       com.zeroturnaround.javarebel.fph::a (226 bytes)
Event: 760.387 Thread 0x000001545491c800 nmethod 30599 0x00000154417d79d0 code [0x00000154417d7d80, 0x00000154417da860]
Event: 760.395 Thread 0x000001545491c800 30600       3       net.minecraft.util.TupleIntJsonSerializable::getIntegerValue (9 bytes)
Event: 760.396 Thread 0x000001545491c800 nmethod 30600 0x0000015442d52490 code [0x0000015442d525e0, 0x0000015442d52798]
Event: 760.399 Thread 0x000001545491c800 30601       3       net.minecraft.util.TupleIntJsonSerializable::_jr$ig$integerValue (8 bytes)
Event: 760.399 Thread 0x000001545491c800 nmethod 30601 0x000001544171f350 code [0x000001544171f4c0, 0x000001544171f6f8]
Event: 760.403 Thread 0x000001545491c800 30602       1       java.util.concurrent.ConcurrentHashMap$MapEntry::getKey (5 bytes)
Event: 760.404 Thread 0x000001545491c800 nmethod 30602 0x000001543f4e0150 code [0x000001543f4e02a0, 0x000001543f4e03b8]

GC Heap History (10 events):
Event: 706.878 GC heap before
{Heap before GC invocations=188 (full 12):
 PSYoungGen      total 418816K, used 373378K [0x00000000e0700000, 0x00000000ff580000, 0x0000000100000000)
  eden space 335360K, 100% used [0x00000000e0700000,0x00000000f4e80000,0x00000000f4e80000)
  from space 83456K, 45% used [0x00000000f4e80000,0x00000000f73a08e8,0x00000000fa000000)
  to   space 81920K, 0% used [0x00000000fa580000,0x00000000fa580000,0x00000000ff580000)
 ParOldGen       total 515072K, used 415800K [0x00000000a1400000, 0x00000000c0b00000, 0x00000000e0700000)
  object space 515072K, 80% used [0x00000000a1400000,0x00000000baa0e1a0,0x00000000c0b00000)
 Metaspace       used 103404K, capacity 106579K, committed 106928K, reserved 1144832K
  class space    used 11691K, capacity 12403K, committed 12464K, reserved 1048576K
Event: 706.895 GC heap after
Heap after GC invocations=188 (full 12):
 PSYoungGen      total 420352K, used 36206K [0x00000000e0700000, 0x00000000ff200000, 0x0000000100000000)
  eden space 342016K, 0% used [0x00000000e0700000,0x00000000e0700000,0x00000000f5500000)
  from space 78336K, 46% used [0x00000000fa580000,0x00000000fc8db968,0x00000000ff200000)
  to   space 80384K, 0% used [0x00000000f5500000,0x00000000f5500000,0x00000000fa380000)
 ParOldGen       total 515072K, used 418407K [0x00000000a1400000, 0x00000000c0b00000, 0x00000000e0700000)
  object space 515072K, 81% used [0x00000000a1400000,0x00000000bac99df0,0x00000000c0b00000)
 Metaspace       used 103404K, capacity 106579K, committed 106928K, reserved 1144832K
  class space    used 11691K, capacity 12403K, committed 12464K, reserved 1048576K
}
Event: 713.460 GC heap before
{Heap before GC invocations=189 (full 12):
 PSYoungGen      total 420352K, used 378222K [0x00000000e0700000, 0x00000000ff200000, 0x0000000100000000)
  eden space 342016K, 100% used [0x00000000e0700000,0x00000000f5500000,0x00000000f5500000)
  from space 78336K, 46% used [0x00000000fa580000,0x00000000fc8db968,0x00000000ff200000)
  to   space 80384K, 0% used [0x00000000f5500000,0x00000000f5500000,0x00000000fa380000)
 ParOldGen       total 515072K, used 418407K [0x00000000a1400000, 0x00000000c0b00000, 0x00000000e0700000)
  object space 515072K, 81% used [0x00000000a1400000,0x00000000bac99df0,0x00000000c0b00000)
 Metaspace       used 103408K, capacity 106579K, committed 106928K, reserved 1144832K
  class space    used 11691K, capacity 12403K, committed 12464K, reserved 1048576K
Event: 713.476 GC heap after
Heap after GC invocations=189 (full 12):
 PSYoungGen      total 422400K, used 33635K [0x00000000e0700000, 0x00000000ff580000, 0x0000000100000000)
  eden space 342016K, 0% used [0x00000000e0700000,0x00000000e0700000,0x00000000f5500000)
  from space 80384K, 41% used [0x00000000f5500000,0x00000000f75d8c98,0x00000000fa380000)
  to   space 79360K, 0% used [0x00000000fa800000,0x00000000fa800000,0x00000000ff580000)
 ParOldGen       total 515072K, used 420763K [0x00000000a1400000, 0x00000000c0b00000, 0x00000000e0700000)
  object space 515072K, 81% used [0x00000000a1400000,0x00000000baee6de0,0x00000000c0b00000)
 Metaspace       used 103408K, capacity 106579K, committed 106928K, reserved 1144832K
  class space    used 11691K, capacity 12403K, committed 12464K, reserved 1048576K
}
Event: 724.582 GC heap before
{Heap before GC invocations=190 (full 12):
 PSYoungGen      total 422400K, used 375651K [0x00000000e0700000, 0x00000000ff580000, 0x0000000100000000)
  eden space 342016K, 100% used [0x00000000e0700000,0x00000000f5500000,0x00000000f5500000)
  from space 80384K, 41% used [0x00000000f5500000,0x00000000f75d8c98,0x00000000fa380000)
  to   space 79360K, 0% used [0x00000000fa800000,0x00000000fa800000,0x00000000ff580000)
 ParOldGen       total 515072K, used 420763K [0x00000000a1400000, 0x00000000c0b00000, 0x00000000e0700000)
  object space 515072K, 81% used [0x00000000a1400000,0x00000000baee6de0,0x00000000c0b00000)
 Metaspace       used 103410K, capacity 106579K, committed 106928K, reserved 1144832K
  class space    used 11691K, capacity 12403K, committed 12464K, reserved 1048576K
Event: 724.691 GC heap after
Heap after GC invocations=190 (full 12):
 PSYoungGen      total 427008K, used 30978K [0x00000000e0700000, 0x00000000ff480000, 0x0000000100000000)
  eden space 348672K, 0% used [0x00000000e0700000,0x00000000e0700000,0x00000000f5b80000)
  from space 78336K, 39% used [0x00000000fa800000,0x00000000fc640a48,0x00000000ff480000)
  to   space 78336K, 0% used [0x00000000f5b80000,0x00000000f5b80000,0x00000000fa800000)
 ParOldGen       total 515072K, used 422849K [0x00000000a1400000, 0x00000000c0b00000, 0x00000000e0700000)
  object space 515072K, 82% used [0x00000000a1400000,0x00000000bb0f05a0,0x00000000c0b00000)
 Metaspace       used 103410K, capacity 106579K, committed 106928K, reserved 1144832K
  class space    used 11691K, capacity 12403K, committed 12464K, reserved 1048576K
}
Event: 737.659 GC heap before
{Heap before GC invocations=191 (full 12):
 PSYoungGen      total 427008K, used 379650K [0x00000000e0700000, 0x00000000ff480000, 0x0000000100000000)
  eden space 348672K, 100% used [0x00000000e0700000,0x00000000f5b80000,0x00000000f5b80000)
  from space 78336K, 39% used [0x00000000fa800000,0x00000000fc640a48,0x00000000ff480000)
  to   space 78336K, 0% used [0x00000000f5b80000,0x00000000f5b80000,0x00000000fa800000)
 ParOldGen       total 515072K, used 422849K [0x00000000a1400000, 0x00000000c0b00000, 0x00000000e0700000)
  object space 515072K, 82% used [0x00000000a1400000,0x00000000bb0f05a0,0x00000000c0b00000)
 Metaspace       used 103411K, capacity 106579K, committed 106928K, reserved 1144832K
  class space    used 11691K, capacity 12403K, committed 12464K, reserved 1048576K
Event: 737.680 GC heap after
Heap after GC invocations=191 (full 12):
 PSYoungGen      total 427008K, used 27760K [0x00000000e0700000, 0x00000000ff900000, 0x0000000100000000)
  eden space 348672K, 0% used [0x00000000e0700000,0x00000000e0700000,0x00000000f5b80000)
  from space 78336K, 35% used [0x00000000f5b80000,0x00000000f769c198,0x00000000fa800000)
  to   space 77824K, 0% used [0x00000000fad00000,0x00000000fad00000,0x00000000ff900000)
 ParOldGen       total 515072K, used 426183K [0x00000000a1400000, 0x00000000c0b00000, 0x00000000e0700000)
  object space 515072K, 82% used [0x00000000a1400000,0x00000000bb431e30,0x00000000c0b00000)
 Metaspace       used 103411K, capacity 106579K, committed 106928K, reserved 1144832K
  class space    used 11691K, capacity 12403K, committed 12464K, reserved 1048576K
}
Event: 749.232 GC heap before
{Heap before GC invocations=192 (full 12):
 PSYoungGen      total 427008K, used 376432K [0x00000000e0700000, 0x00000000ff900000, 0x0000000100000000)
  eden space 348672K, 100% used [0x00000000e0700000,0x00000000f5b80000,0x00000000f5b80000)
  from space 78336K, 35% used [0x00000000f5b80000,0x00000000f769c198,0x00000000fa800000)
  to   space 77824K, 0% used [0x00000000fad00000,0x00000000fad00000,0x00000000ff900000)
 ParOldGen       total 515072K, used 426183K [0x00000000a1400000, 0x00000000c0b00000, 0x00000000e0700000)
  object space 515072K, 82% used [0x00000000a1400000,0x00000000bb431e30,0x00000000c0b00000)
 Metaspace       used 103411K, capacity 106579K, committed 106928K, reserved 1144832K
  class space    used 11691K, capacity 12403K, committed 12464K, reserved 1048576K
Event: 749.260 GC heap after
Heap after GC invocations=192 (full 12):
 PSYoungGen      total 428032K, used 27099K [0x00000000e0700000, 0x00000000ff600000, 0x0000000100000000)
  eden space 353280K, 0% used [0x00000000e0700000,0x00000000e0700000,0x00000000f6000000)
  from space 74752K, 36% used [0x00000000fad00000,0x00000000fc776f68,0x00000000ff600000)
  to   space 76800K, 0% used [0x00000000f6000000,0x00000000f6000000,0x00000000fab00000)
 ParOldGen       total 515072K, used 426814K [0x00000000a1400000, 0x00000000c0b00000, 0x00000000e0700000)
  object space 515072K, 82% used [0x00000000a1400000,0x00000000bb4cf808,0x00000000c0b00000)
 Metaspace       used 103411K, capacity 106579K, committed 106928K, reserved 1144832K
  class space    used 11691K, capacity 12403K, committed 12464K, reserved 1048576K
}

Deoptimization events (10 events):
Event: 759.761 Thread 0x000001547d9de800 Uncommon trap: reason=unstable_if action=reinterpret pc=0x000001543f93532c method=com.zeroturnaround.javarebel.fph.a(Ljava/lang/String;)Z @ 190
Event: 760.100 Thread 0x000001547d9e3800 Uncommon trap: reason=class_check action=maybe_recompile pc=0x000001543f2ed318 method=org.apache.logging.log4j.core.Logger$PrivateConfig.filter(Lorg/apache/logging/log4j/Level;Lorg/apache/logging/log4j/Marker;Ljava/lang/String;)Z @ 8
Event: 760.112 Thread 0x000001547d9e3800 Uncommon trap: reason=class_check action=maybe_recompile pc=0x00000154426aec18 method=java.util.AbstractCollection.remove(Ljava/lang/Object;)Z @ 5
Event: 760.112 Thread 0x000001547d9e3800 Uncommon trap: reason=class_check action=maybe_recompile pc=0x00000154426aec18 method=java.util.AbstractCollection.remove(Ljava/lang/Object;)Z @ 5
Event: 760.262 Thread 0x0000015464451800 Uncommon trap: reason=unstable_if action=reinterpret pc=0x0000015442f7e15c method=com.google.common.collect.RegularImmutableList.isPartialView()Z @ 15
Event: 760.276 Thread 0x0000015464451800 Uncommon trap: reason=unstable_if action=reinterpret pc=0x000001544059f4d8 method=org.lwjgl.opengl.GLContext.getCapabilities()Lorg/lwjgl/opengl/ContextCapabilities; @ 5
Event: 760.347 Thread 0x0000015464451800 Uncommon trap: reason=class_check action=maybe_recompile pc=0x0000015442890a18 method=java.util.AbstractSet.removeAll(Ljava/util/Collection;)Z @ 16
Event: 760.364 Thread 0x000001543d6fa000 Uncommon trap: reason=class_check action=maybe_recompile pc=0x0000015442890a18 method=java.util.AbstractSet.removeAll(Ljava/util/Collection;)Z @ 16
Event: 760.384 Thread 0x000001547d9de800 Uncommon trap: reason=unstable_if action=reinterpret pc=0x0000015442f5362c method=com.zeroturnaround.javarebel.fph.a(Ljava/lang/String;)Z @ 199
Event: 760.412 Thread 0x0000015464451800 Uncommon trap: reason=bimorphic action=maybe_recompile pc=0x0000015442c9ea58 method=net.minecraft.entity.Entity.getHoverEvent()Lnet/minecraft/event/HoverEvent; @ 48

Classes redefined (8 events):
Event: 5.110 Thread 0x0000015452638800 redefined class name=com.zeroturnaround.jrebelbase.facade.ay, count=1
Event: 5.118 Thread 0x0000015452638800 redefined class name=com.zeroturnaround.jrebelbase.facade.as, count=1
Event: 5.126 Thread 0x0000015452638800 redefined class name=com.zeroturnaround.jrebelbase.facade.a, count=1
Event: 5.133 Thread 0x0000015452638800 redefined class name=com.zeroturnaround.jrebelbase.d, count=1
Event: 5.138 Thread 0x0000015452638800 redefined class name=com.zeroturnaround.jrebelbase.facade.f, count=1
Event: 5.143 Thread 0x0000015452638800 redefined class name=com.zeroturnaround.jrebelbase.facade.e, count=1
Event: 5.148 Thread 0x0000015452638800 redefined class name=com.zeroturnaround.jrebelbase.facade.g, count=1
Event: 5.152 Thread 0x0000015452638800 redefined class name=com.zeroturnaround.jrebelbase.facade.ad, count=1

Internal exceptions (10 events):
Event: 760.128 Thread 0x000001545db9e800 Exception <a 'java/lang/InterruptedException': sleep interrupted> (0x00000000f21a89a8) thrown at [C:\wsjdk\Corretto8Src\installers\windows\zip\corretto-build\buildRoot\src\hotspot\src\share\vm\prims\jvm.cpp, line 3384]
Event: 760.237 Thread 0x000001545db9e800 Exception <a 'java/lang/InterruptedException': sleep interrupted> (0x00000000f21a8c50) thrown at [C:\wsjdk\Corretto8Src\installers\windows\zip\corretto-build\buildRoot\src\hotspot\src\share\vm\prims\jvm.cpp, line 3384]
Event: 760.249 Thread 0x000001545db9e800 Exception <a 'java/lang/InterruptedException': sleep interrupted> (0x00000000f21a8ef8) thrown at [C:\wsjdk\Corretto8Src\installers\windows\zip\corretto-build\buildRoot\src\hotspot\src\share\vm\prims\jvm.cpp, line 3384]
Event: 760.249 Thread 0x000001545db9e800 Exception <a 'java/lang/InterruptedException': sleep interrupted> (0x00000000f21a91a0) thrown at [C:\wsjdk\Corretto8Src\installers\windows\zip\corretto-build\buildRoot\src\hotspot\src\share\vm\prims\jvm.cpp, line 3337]
Event: 760.254 Thread 0x0000015464451800 Exception <a 'java/lang/ArrayIndexOutOfBoundsException'> (0x00000000f18f9540) thrown at [C:\wsjdk\Corretto8Src\installers\windows\zip\corretto-build\buildRoot\src\hotspot\src\share\vm\runtime\sharedRuntime.cpp, line 610]
Event: 760.275 Thread 0x000001545db9e800 Exception <a 'java/lang/InterruptedException': sleep interrupted> (0x00000000f21a93f8) thrown at [C:\wsjdk\Corretto8Src\installers\windows\zip\corretto-build\buildRoot\src\hotspot\src\share\vm\prims\jvm.cpp, line 3384]
Event: 760.309 Thread 0x000001545db9e800 Exception <a 'java/lang/InterruptedException': sleep interrupted> (0x00000000f21a96a0) thrown at [C:\wsjdk\Corretto8Src\installers\windows\zip\corretto-build\buildRoot\src\hotspot\src\share\vm\prims\jvm.cpp, line 3384]
Event: 760.309 Thread 0x000001545db9e800 Exception <a 'java/lang/InterruptedException': sleep interrupted> (0x00000000f21a9920) thrown at [C:\wsjdk\Corretto8Src\installers\windows\zip\corretto-build\buildRoot\src\hotspot\src\share\vm\prims\jvm.cpp, line 3384]
Event: 760.340 Thread 0x000001545db9e800 Exception <a 'java/lang/InterruptedException': sleep interrupted> (0x00000000f21a9ba0) thrown at [C:\wsjdk\Corretto8Src\installers\windows\zip\corretto-build\buildRoot\src\hotspot\src\share\vm\prims\jvm.cpp, line 3384]
Event: 760.340 Thread 0x000001545db9e800 Exception <a 'java/lang/InterruptedException': sleep interrupted> (0x00000000f21a9e20) thrown at [C:\wsjdk\Corretto8Src\installers\windows\zip\corretto-build\buildRoot\src\hotspot\src\share\vm\prims\jvm.cpp, line 3384]

Events (10 events):
Event: 760.403 Thread 0x000001545491c800 flushing nmethod 0x00000154408b9250
Event: 760.404 Thread 0x000001545491c800 flushing nmethod 0x000001544090ad10
Event: 760.404 Thread 0x000001545491c800 flushing nmethod 0x000001544093a910
Event: 760.404 Thread 0x000001545491c800 flushing nmethod 0x000001544097c750
Event: 760.406 Thread 0x000001545491c800 flushing nmethod 0x0000015440ae4390
Event: 760.408 Thread 0x000001545491c800 flushing nmethod 0x0000015440d6a710
Event: 760.412 Thread 0x0000015464451800 Uncommon trap: trap_request=0xffffffc6 fr.pc=0x0000015442c9ea58
Event: 760.412 Thread 0x0000015464451800 DEOPT PACKING pc=0x0000015442c9ea58 sp=0x0000000abe9fea10
Event: 760.412 Thread 0x0000015464451800 DEOPT UNPACKING pc=0x000001543f0b5583 sp=0x0000000abe9fe9e8 mode 2
Event: 760.413 Executing VM operation: Exit


Dynamic libraries:
0x00007ff7eba40000 - 0x00007ff7eba7a000 	C:\Users\Sun3k\.jdks\corretto-1.8.0_332\bin\java.exe
0x00007ffe1a690000 - 0x00007ffe1a888000 	C:\Windows\SYSTEM32\ntdll.dll
0x00007ffe19060000 - 0x00007ffe1911d000 	C:\Windows\System32\KERNEL32.DLL
0x00007ffe17db0000 - 0x00007ffe1807e000 	C:\Windows\System32\KERNELBASE.dll
0x00007ffe19550000 - 0x00007ffe195fe000 	C:\Windows\System32\ADVAPI32.dll
0x00007ffe18da0000 - 0x00007ffe18e3e000 	C:\Windows\System32\msvcrt.dll
0x00007ffe18700000 - 0x00007ffe1879c000 	C:\Windows\System32\sechost.dll
0x00007ffe18e40000 - 0x00007ffe18f65000 	C:\Windows\System32\RPCRT4.dll
0x00007ffe19710000 - 0x00007ffe198b0000 	C:\Windows\System32\USER32.dll
0x00007ffe18670000 - 0x00007ffe18692000 	C:\Windows\System32\win32u.dll
0x00007ffe1a040000 - 0x00007ffe1a06a000 	C:\Windows\System32\GDI32.dll
0x00007ffe18330000 - 0x00007ffe1843b000 	C:\Windows\System32\gdi32full.dll
0x00007ffe18440000 - 0x00007ffe184dd000 	C:\Windows\System32\msvcp_win.dll
0x00007ffe18080000 - 0x00007ffe18180000 	C:\Windows\System32\ucrtbase.dll
0x00007ffdfaf10000 - 0x00007ffdfb1aa000 	C:\Windows\WinSxS\amd64_microsoft.windows.common-controls_6595b64144ccf1df_6.0.19041.1110_none_60b5254171f9507e\COMCTL32.dll
0x00007ffe198c0000 - 0x00007ffe198f0000 	C:\Windows\System32\IMM32.DLL
0x00007ffdecf20000 - 0x00007ffded00f000 	C:\Users\Sun3k\.jdks\corretto-1.8.0_332\jre\bin\msvcr120.dll
0x00007ffdece70000 - 0x00007ffdecf16000 	C:\Users\Sun3k\.jdks\corretto-1.8.0_332\jre\bin\msvcp120.dll
0x000000006b9f0000 - 0x000000006c266000 	C:\Users\Sun3k\.jdks\corretto-1.8.0_332\jre\bin\server\jvm.dll
0x00007ffe198b0000 - 0x00007ffe198b8000 	C:\Windows\System32\PSAPI.DLL
0x00007ffe06ea0000 - 0x00007ffe06ec7000 	C:\Windows\SYSTEM32\WINMM.dll
0x00007ffdde920000 - 0x00007ffdde929000 	C:\Windows\SYSTEM32\WSOCK32.dll
0x00007ffe1a4b0000 - 0x00007ffe1a51b000 	C:\Windows\System32\WS2_32.dll
0x00007ffe0fcb0000 - 0x00007ffe0fcba000 	C:\Windows\SYSTEM32\VERSION.dll
0x00007ffe12ea0000 - 0x00007ffe12eaf000 	C:\Users\Sun3k\.jdks\corretto-1.8.0_332\jre\bin\verify.dll
0x00007ffe09ae0000 - 0x00007ffe09b09000 	C:\Users\Sun3k\.jdks\corretto-1.8.0_332\jre\bin\java.dll
0x00007ffdf7760000 - 0x00007ffdf7795000 	C:\Users\Sun3k\.jdks\corretto-1.8.0_332\jre\bin\jdwp.dll
0x00007ffe125e0000 - 0x00007ffe125e8000 	C:\Users\Sun3k\.jdks\corretto-1.8.0_332\jre\bin\npt.dll
0x00007ffdf7530000 - 0x00007ffdf757d000 	C:\Users\Sun3k\AppData\Roaming\JetBrains\IdeaIC2022.1\plugins\jr-ide-idea\lib\jrebel6\lib\jrebel64.dll
0x00007ffe198f0000 - 0x00007ffe1a034000 	C:\Windows\System32\SHELL32.dll
0x00007ffe17780000 - 0x00007ffe1778c000 	C:\Windows\SYSTEM32\CRYPTBASE.DLL
0x00007ffe19660000 - 0x00007ffe1970d000 	C:\Windows\System32\shcore.dll
0x00007ffe1a070000 - 0x00007ffe1a3c4000 	C:\Windows\System32\combase.dll
0x00007ffdf8070000 - 0x00007ffdf809a000 	C:\Users\Sun3k\.jdks\corretto-1.8.0_332\jre\bin\instrument.dll
0x00007ffe09ab0000 - 0x00007ffe09ac6000 	C:\Users\Sun3k\.jdks\corretto-1.8.0_332\jre\bin\zip.dll
0x00007ffe15eb0000 - 0x00007ffe16644000 	C:\Windows\SYSTEM32\windows.storage.dll
0x00007ffe17810000 - 0x00007ffe17840000 	C:\Windows\SYSTEM32\Wldp.dll
0x00007ffe187a0000 - 0x00007ffe187f5000 	C:\Windows\System32\shlwapi.dll
0x00007ffe17cf0000 - 0x00007ffe17d0f000 	C:\Windows\SYSTEM32\profapi.dll
0x00007ffe0a360000 - 0x00007ffe0a369000 	C:\Users\Sun3k\.jdks\corretto-1.8.0_332\jre\bin\dt_socket.dll
0x00007ffe17570000 - 0x00007ffe175da000 	C:\Windows\system32\mswsock.dll
0x00007ffe09be0000 - 0x00007ffe09bfa000 	C:\Users\Sun3k\.jdks\corretto-1.8.0_332\jre\bin\net.dll
0x00007ffe01e40000 - 0x00007ffe01e52000 	C:\Users\Sun3k\.jdks\corretto-1.8.0_332\jre\bin\nio.dll
0x00007ffe01900000 - 0x00007ffe01923000 	C:\Users\Sun3k\.jdks\corretto-1.8.0_332\jre\bin\sunec.dll
0x00007ffe12ec0000 - 0x00007ffe12ecd000 	C:\Users\Sun3k\.jdks\corretto-1.8.0_332\jre\bin\management.dll
0x00007ffe12db0000 - 0x00007ffe12dbc000 	C:\Users\Sun3k\.jdks\corretto-1.8.0_332\jre\bin\sunmscapi.dll
0x00007ffe184e0000 - 0x00007ffe18636000 	C:\Windows\System32\CRYPT32.dll
0x00007ffe17880000 - 0x00007ffe178a7000 	C:\Windows\SYSTEM32\ncrypt.dll
0x00007ffe17840000 - 0x00007ffe1787b000 	C:\Windows\SYSTEM32\NTASN1.dll
0x00007ffe04ae0000 - 0x00007ffe04afb000 	C:\Users\Sun3k\.jrebel\jrebel-temp\ver-e07cee6\IdeaWin64.dll
0x00007ffe17760000 - 0x00007ffe17778000 	C:\Windows\SYSTEM32\CRYPTSP.dll
0x00007ffe16e80000 - 0x00007ffe16eb4000 	C:\Windows\system32\rsaenh.dll
0x00007ffe18640000 - 0x00007ffe18667000 	C:\Windows\System32\bcrypt.dll
0x00007ffe17c70000 - 0x00007ffe17c9e000 	C:\Windows\SYSTEM32\USERENV.dll
0x00007ffe181f0000 - 0x00007ffe18272000 	C:\Windows\System32\bcryptprimitives.dll
0x00007ffe171f0000 - 0x00007ffe1722b000 	C:\Windows\SYSTEM32\IPHLPAPI.DLL
0x00007ffe1a640000 - 0x00007ffe1a648000 	C:\Windows\System32\NSI.dll
0x00007ffe11020000 - 0x00007ffe11037000 	C:\Windows\SYSTEM32\dhcpcsvc6.DLL
0x00007ffe119f0000 - 0x00007ffe11a0d000 	C:\Windows\SYSTEM32\dhcpcsvc.DLL
0x00007ffe17230000 - 0x00007ffe172fb000 	C:\Windows\SYSTEM32\DNSAPI.dll
0x00007ffe0fca0000 - 0x00007ffe0fcaa000 	C:\Windows\System32\rasadhlp.dll
0x00007ffe0e650000 - 0x00007ffe0e6d0000 	C:\Windows\System32\fwpuclnt.dll
0x00007ffe09bd0000 - 0x00007ffe09bda000 	C:\Users\Sun3k\AppData\Local\Temp\jansi-64-1139960078863381360.dll
0x00007ffddf5c0000 - 0x00007ffddf5d7000 	C:\Windows\system32\napinsp.dll
0x00007ffddf080000 - 0x00007ffddf09b000 	C:\Windows\system32\pnrpnsp.dll
0x00007ffe13300000 - 0x00007ffe13315000 	C:\Windows\system32\wshbth.dll
0x00007ffe12160000 - 0x00007ffe1217d000 	C:\Windows\system32\NLAapi.dll
0x00007ffddf060000 - 0x00007ffddf072000 	C:\Windows\System32\winrnr.dll
0x0000000180000000 - 0x0000000180053000 	C:\Users\Sun3k\.gradle\caches\minecraft\net\minecraft\natives\1.8.9\lwjgl64.dll
0x00007ffdd68b0000 - 0x00007ffdd69d7000 	C:\Windows\SYSTEM32\OPENGL32.dll
0x00007ffdd5d00000 - 0x00007ffdd5d2c000 	C:\Windows\SYSTEM32\GLU32.dll
0x00007ffde8330000 - 0x00007ffde84c5000 	C:\Users\Sun3k\.jdks\corretto-1.8.0_332\jre\bin\awt.dll
0x00007ffe19480000 - 0x00007ffe1954d000 	C:\Windows\System32\OLEAUT32.dll
0x00007ffe155f0000 - 0x00007ffe15680000 	C:\Windows\SYSTEM32\apphelp.dll
0x00007ffe12ed0000 - 0x00007ffe12f7e000 	C:\Windows\SYSTEM32\mscms.dll
0x00007ffe12e40000 - 0x00007ffe12e51000 	C:\Windows\SYSTEM32\ColorAdapterClient.dll
0x00007ffe15cb0000 - 0x00007ffe15cc2000 	C:\Windows\SYSTEM32\kernel.appcore.dll
0x00007ffe18cf0000 - 0x00007ffe18d99000 	C:\Windows\System32\clbcatq.dll
0x00007ffe186a0000 - 0x00007ffe186ee000 	C:\Windows\System32\cfgmgr32.dll
0x00007ffe157b0000 - 0x00007ffe1584e000 	C:\Windows\system32\uxtheme.dll
0x00007ffe1a520000 - 0x00007ffe1a635000 	C:\Windows\System32\MSCTF.dll
0x00007ffe01240000 - 0x00007ffe01339000 	C:\Windows\SYSTEM32\textinputframework.dll
0x00007ffe153c0000 - 0x00007ffe154b2000 	C:\Windows\System32\CoreMessaging.dll
0x00007ffe14ce0000 - 0x00007ffe1503e000 	C:\Windows\System32\CoreUIComponents.dll
0x00007ffe13d00000 - 0x00007ffe13e54000 	C:\Windows\SYSTEM32\wintypes.dll
0x00007ffe16ab0000 - 0x00007ffe16ae3000 	C:\Windows\SYSTEM32\ntmarta.dll
0x00007ffdf6f40000 - 0x00007ffdf6f6c000 	C:\Windows\System32\DriverStore\FileRepository\u0375335.inf_amd64_7de275617d9da25a\B374868\atig6pxx.dll
0x00007ffd9c8f0000 - 0x00007ffd9f733000 	C:\Windows\System32\DriverStore\FileRepository\u0375335.inf_amd64_7de275617d9da25a\B374868\atio6axx.dll
0x00007ffe18880000 - 0x00007ffe18cef000 	C:\Windows\System32\SETUPAPI.dll
0x00007ffe19120000 - 0x00007ffe1924a000 	C:\Windows\System32\ole32.dll
0x00007ffe08d90000 - 0x00007ffe08db4000 	C:\Windows\SYSTEM32\dxva2.dll
0x00007ffe159c0000 - 0x00007ffe159ef000 	C:\Windows\SYSTEM32\dwmapi.dll
0x00007ffdea3a0000 - 0x00007ffdea3df000 	C:\Windows\System32\DriverStore\FileRepository\u0375335.inf_amd64_7de275617d9da25a\B374868\atig6txx.dll
0x00007ffdd5ad0000 - 0x00007ffdd5ca6000 	C:\Windows\SYSTEM32\atiadlxx.dll
0x00007ffe13a20000 - 0x00007ffe13b16000 	C:\Windows\SYSTEM32\PROPSYS.dll
0x00007ffe17b60000 - 0x00007ffe17b8c000 	C:\Windows\SYSTEM32\DEVOBJ.dll
0x00007ffe18180000 - 0x00007ffe181e7000 	C:\Windows\System32\WINTRUST.dll
0x00007ffe179a0000 - 0x00007ffe179b2000 	C:\Windows\SYSTEM32\MSASN1.dll
0x00007ffdf0840000 - 0x00007ffdf0889000 	C:\Windows\SYSTEM32\pdh.dll
0x00007ffe072c0000 - 0x00007ffe072fb000 	C:\Windows\SYSTEM32\dxcore.dll
0x00007ffdccd30000 - 0x00007ffdccd73000 	C:\Windows\SYSTEM32\icm32.dll
0x00007ffdea350000 - 0x00007ffdea392000 	C:\Users\Sun3k\AppData\Local\Temp\jna-80245188\jna5992973695170749904.dll
0x00007ffde8070000 - 0x00007ffde80bb000 	C:\ProgramData\obs-studio-hook\graphics-hook64.dll
0x00007ffe142c0000 - 0x00007ffe14523000 	C:\Windows\system32\d3d11.dll
0x00007ffe166b0000 - 0x00007ffe167a3000 	C:\Windows\SYSTEM32\dxgi.dll
0x00007ffe06ed0000 - 0x00007ffe07088000 	C:\Windows\System32\DriverStore\FileRepository\u0375335.inf_amd64_7de275617d9da25a\B374868\aticfx64.dll
0x00007ffe06e30000 - 0x00007ffe06e69000 	C:\Windows\System32\DriverStore\FileRepository\u0375335.inf_amd64_7de275617d9da25a\B374868\atiuxp64.dll
0x00007ffe04ef0000 - 0x00007ffe06e27000 	C:\Windows\System32\DriverStore\FileRepository\u0375335.inf_amd64_7de275617d9da25a\B374868\atidxx64.dll
0x00007ffe04780000 - 0x00007ffe047b0000 	C:\Windows\SYSTEM32\amdihk64.dll
0x0000000070a40000 - 0x0000000070adc000 	C:\Users\Sun3k\.gradle\caches\minecraft\net\minecraft\natives\1.8.9\avutil-ttv-51.dll
0x0000000065980000 - 0x00000000659d6000 	C:\Users\Sun3k\.gradle\caches\minecraft\net\minecraft\natives\1.8.9\swresample-ttv-0.dll
0x000000006eb80000 - 0x000000006ec50000 	C:\Users\Sun3k\.gradle\caches\minecraft\net\minecraft\natives\1.8.9\libmp3lame-ttv.dll
0x00007ffda15e0000 - 0x00007ffda2984000 	C:\Users\Sun3k\.gradle\caches\minecraft\net\minecraft\natives\1.8.9\libmfxsw64.dll
0x00007ffde7c20000 - 0x00007ffde7d8d000 	C:\Users\Sun3k\.gradle\caches\minecraft\net\minecraft\natives\1.8.9\twitchsdk.dll
0x00007ffdfe0f0000 - 0x00007ffdfe5c6000 	C:\Windows\SYSTEM32\WININET.dll
0x0000015464060000 - 0x00000154640c4000 	C:\Users\Sun3k\.gradle\caches\minecraft\net\minecraft\natives\1.8.9\OpenAL64.dll
0x00007ffe106a0000 - 0x00007ffe10725000 	C:\Windows\System32\MMDevApi.dll
0x00007ffde7f40000 - 0x00007ffde7fdc000 	C:\Windows\SYSTEM32\dsound.dll
0x00007ffe17470000 - 0x00007ffe174bb000 	C:\Windows\SYSTEM32\powrprof.dll
0x00007ffdfe5f0000 - 0x00007ffdfe616000 	C:\Windows\SYSTEM32\winmmbase.dll
0x00007ffe17370000 - 0x00007ffe17382000 	C:\Windows\SYSTEM32\UMPDC.dll
0x00007ffe108e0000 - 0x00007ffe10a62000 	C:\Windows\SYSTEM32\AUDIOSES.DLL
0x00007ffe158c0000 - 0x00007ffe158d4000 	C:\Windows\SYSTEM32\resourcepolicyclient.dll
0x00007ffde7ea0000 - 0x00007ffde7f3c000 	C:\Users\Sun3k\AppData\Local\Temp\discord-rpc\discord-rpc.dll
0x00007ffe084c0000 - 0x00007ffe08503000 	C:\Windows\System32\Windows.Internal.Graphics.Display.DisplayColorManagement.dll
0x00007ffe08ae0000 - 0x00007ffe08cc4000 	C:\Windows\SYSTEM32\dbghelp.dll

VM Arguments:
jvm_args: -agentlib:jdwp=transport=dt_socket,address=127.0.0.1:52833,suspend=y,server=n -Drebel.base=C:\Users\Sun3k\.jrebel -Drebel.env.ide.plugin.version=2022.3.0 -Drebel.env.ide.version=2022.1.1 -Drebel.env.ide.product=IC -Drebel.env.ide=intellij -Drebel.notification.url=http://localhost:17434 -agentpath:C:\Users\Sun3k\AppData\Roaming\JetBrains\IdeaIC2022.1\plugins\jr-ide-idea\lib\jrebel6\lib\jrebel64.dll -javaagent:C:\Users\Sun3k\.gradle\caches\modules-2\files-2.1\org.spongepowered\mixin\0.7.11-SNAPSHOT\7a670207bdb97db418118ad1e9bb42424ff3776d\mixin-0.7.11-SNAPSHOT.jar -javaagent:C:\Users\Sun3k\AppData\Local\JetBrains\IdeaIC2022.1\captureAgent\debugger-agent.jar -Dfile.encoding=UTF-8 
java_command: GradleStart --mixin mixins.sunrise.json --tweakClass org.spongepowered.asm.launch.MixinTweaker -Ddevauth.account
java_class_path (initial): C:\Users\Sun3k\.jdks\corretto-1.8.0_332\jre\lib\charsets.jar;C:\Users\Sun3k\.jdks\corretto-1.8.0_332\jre\lib\ext\access-bridge-64.jar;C:\Users\Sun3k\.jdks\corretto-1.8.0_332\jre\lib\ext\cldrdata.jar;C:\Users\Sun3k\.jdks\corretto-1.8.0_332\jre\lib\ext\dnsns.jar;C:\Users\Sun3k\.jdks\corretto-1.8.0_332\jre\lib\ext\jaccess.jar;C:\Users\Sun3k\.jdks\corretto-1.8.0_332\jre\lib\ext\jfxrt.jar;C:\Users\Sun3k\.jdks\corretto-1.8.0_332\jre\lib\ext\localedata.jar;C:\Users\Sun3k\.jdks\corretto-1.8.0_332\jre\lib\ext\nashorn.jar;C:\Users\Sun3k\.jdks\corretto-1.8.0_332\jre\lib\ext\sunec.jar;C:\Users\Sun3k\.jdks\corretto-1.8.0_332\jre\lib\ext\sunjce_provider.jar;C:\Users\Sun3k\.jdks\corretto-1.8.0_332\jre\lib\ext\sunmscapi.jar;C:\Users\Sun3k\.jdks\corretto-1.8.0_332\jre\lib\ext\sunpkcs11.jar;C:\Users\Sun3k\.jdks\corretto-1.8.0_332\jre\lib\ext\zipfs.jar;C:\Users\Sun3k\.jdks\corretto-1.8.0_332\jre\lib\jce.jar;C:\Users\Sun3k\.jdks\corretto-1.8.0_332\jre\lib\jfr.jar;C:\Users\Sun3k\.jdks\corretto-1.8.0_332\jre\lib\jfxswt.jar;C:\Users\Sun3k\.jdks\corretto-1.8.0_332\jre\lib\jsse.jar;C:\Users\Sun3k\.jdks\corretto-1.8.0_332\jre\lib\management-agent.jar;C:\Users\Sun3k\.jdks\corretto-1.8.0_332\jre\lib\resources.jar;C:\Users\Sun3k\.jdks\corretto-1.8.0_332\jre\lib\rt.jar;C:\Users\Sun3k\IdeaProjects\Sunrise8\build\classes\java\main;C:\Users\Sun3k\.gradle\caches\minecraft\deobfedDeps\compileDummy.jar;C:\Users\Sun3k\.gradle\caches\minecraft\deobfedDeps\providedDummy.jar;C:\Users\Sun3k\.gradle\caches\modules-2\files-2.1\org.spongepowered\mixin\0.7.11-SNAPSHOT\7a670207bdb97db418118ad1e9bb42424ff3776d\mixin-0.7.11-SNAPSHOT.jar;C:\Users\Sun3k\.gradle\caches\modules-2\files-2.1\com.github.Vatuu\discord-rpc\1.6.2\1e2a38614325e809efe442d82231e7c172cf94ab\discord-rpc-1.6.2.jar;C:\Users\Sun3k\.gradle\caches\modules-2\files-2.1\com.google.guava\guava\17.0\9c6ef172e8de35fd8d4d8783e4821e57cdef7445\guava-17.0.jar;C:\Users\Sun3k\.gradle\caches\modules-2\files-2.1\commons-io\commons-io\
Launcher Type: SUN_STANDARD

Environment Variables:
JAVA_HOME=C:\Program Files\OpenJDK\jdk-18
PATH=C:\Windows\system32;C:\Windows;C:\Windows\System32\Wbem;C:\Windows\System32\WindowsPowerShell\v1.0\;C:\Windows\System32\OpenSSH\;C:\ProgramData\chocolatey\bin;C:\Program Files\Microsoft VS Code\bin;C:\Program Files (x86)\Yarn\bin\;C:\Program Files\nodejs\;C:\Program Files\Git\cmd;C:\Program Files\OpenJDK\jdk-18\bin;C:\Program Files\dotnet\;C:\Users\Sun3k\AppData\Local\Programs\Python\Python310\Scripts\;C:\Users\Sun3k\AppData\Local\Programs\Python\Python310\;C:\Users\Sun3k\AppData\Local\Microsoft\WindowsApps;C:\Users\Sun3k\AppData\Local\Yarn\bin;C:\Users\Sun3k\AppData\Roaming\npm;C:\Program Files\Oracle\VirtualBox;C:\Program Files\heroku\bin;C:\Program Files\JetBrains\IntelliJ IDEA Community Edition 2022.1.1\bin;;C:\Users\Sun3k\.dotnet\tools
USERNAME=Sun3k
OS=Windows_NT
PROCESSOR_IDENTIFIER=AMD64 Family 23 Model 24 Stepping 1, AuthenticAMD



---------------  S Y S T E M  ---------------

OS: Windows 10.0 , 64 bit Build 19041 (10.0.19041.1806)

CPU:total 8 (initial active 8) (8 cores per cpu, 1 threads per core) family 23 model 24 stepping 1, cmov, cx8, fxsr, mmx, sse, sse2, sse3, ssse3, sse4.1, sse4.2, popcnt, avx, avx2, aes, clmul, mmxext, 3dnowpref, lzcnt, sse4a, tsc, tscinvbit, tscinv, bmi1

Memory: 4k page, physical 6206224k(286012k free), swap 22048772k(4792960k free)

vm_info: OpenJDK 64-Bit Server VM (25.332-b08) for windows-amd64 JRE (1.8.0_332-b08), built on Apr 16 2022 08:31:02 by "Administrator" with MS VC++ 12.0 (VS2013)

time: Wed Jul 20 13:48:25 2022
timezone: South Sudan Standard Time
elapsed time: 761.027127 seconds (0d 0h 12m 41s)

