#
# A fatal error has been detected by the Java Runtime Environment:
#
#  EXCEPTION_ACCESS_VIOLATION (0xc0000005) at pc=0x0000000000000000, pid=2524, tid=0x0000000000002538
#
# JRE version: OpenJDK Runtime Environment (8.0_332-b08) (build 1.8.0_332-b08)
# Java VM: OpenJDK 64-Bit Server VM (25.332-b08 mixed mode windows-amd64 compressed oops)
# Problematic frame:
# C  0x0000000000000000
#
# Failed to write core dump. Minidumps are not enabled by default on client versions of Windows
#
# If you would like to submit a bug report, please visit:
#   https://github.com/corretto/corretto-8/issues/
#

---------------  T H R E A D  ---------------

Current thread (0x00000215c2b8d000):  VMThread [stack: 0x000000644c100000,0x000000644c200000] [id=9528]

siginfo: ExceptionCode=0xc0000005, ExceptionInformation=0x0000000000000008 0x0000000000000000

Registers:
RAX=0x0000000000000000, RBX=0x0000000000000000, RCX=0x0000000000000001, RDX=0x00007ffe9b4af0b8
RSP=0x000000644c1fed38, RBP=0x00000215adc49160, RSI=0x0000000000010000, RDI=0x0000000000000000
R8 =0x000000644b23f000, R9 =0x000000000000001e, R10=0x0000000000000000, R11=0x00000215cafa9fc0
R12=0x00007ffe7d6fe810, R13=0x0000000000000082, R14=0x00007ffe7d620000, R15=0x0000000000000001
RIP=0x0000000000000000, EFLAGS=0x0000000000010206

Top of Stack: (sp=0x000000644c1fed38)
0x000000644c1fed38:   00007ffe9b472f2c 0000000000000000
0x000000644c1fed48:   00000215adc49160 0000000000000082
0x000000644c1fed58:   0000000000010000 0000000000000000
0x000000644c1fed68:   00007ffe9b47406e 0000000000000000
0x000000644c1fed78:   00000215adc49160 0000000000010000
0x000000644c1fed88:   00000215c8f13be8 0000000000000001
0x000000644c1fed98:   00007ffe7d626e2e 0000000000000000
0x000000644c1feda8:   0000000000000001 000000018004bb20
0x000000644c1fedb8:   0000000000000000 0000000000000001
0x000000644c1fedc8:   00007ffe7d627276 0000000000000000
0x000000644c1fedd8:   00000215adc49160 0000000000000001
0x000000644c1fede8:   0000000000000001 0000000000000000
0x000000644c1fedf8:   00007ffe7d6fe94f 0000000000000001
0x000000644c1fee08:   0000000000000000 0000000000000000
0x000000644c1fee18:   00000215ccc40b30 0000000100000001
0x000000644c1fee28:   000000018000ecac 000000018001c558 

Instructions: (pc=0x0000000000000000)
0xffffffffffffffe0:   


Register to memory mapping:

RAX=0x0000000000000000 is an unknown value
RBX=0x0000000000000000 is an unknown value
RCX=0x0000000000000001 is an unknown value
RDX=0x00007ffe9b4af0b8 is an unknown value
RSP=0x000000644c1fed38 is an unknown value
RBP=0x00000215adc49160 is an unknown value
RSI=0x0000000000010000 is an unknown value
RDI=0x0000000000000000 is an unknown value
R8 =0x000000644b23f000 is an unknown value
R9 =0x000000000000001e is an unknown value
R10=0x0000000000000000 is an unknown value
R11=0x00000215cafa9fc0 is an unknown value
R12=0x00007ffe7d6fe810 is an unknown value
R13=0x0000000000000082 is an unknown value
R14=0x00007ffe7d620000 is an unknown value
R15=0x0000000000000001 is an unknown value


Stack: [0x000000644c100000,0x000000644c200000],  sp=0x000000644c1fed38,  free space=1019k
Native frames: (J=compiled Java code, j=interpreted, Vv=VM code, C=native code)

VM_Operation (0x000000644b6fee00): Exit, mode: safepoint, requested by thread 0x00000215cd722000


---------------  P R O C E S S  ---------------

Java Threads: ( => current thread )
  0x00000215cd71e800 JavaThread "AWT-Shutdown" [_thread_blocked, id=10724, stack(0x000000644ec00000,0x000000644ed00000)]
  0x00000215cd722000 JavaThread "SIGINT handler" daemon [_thread_blocked, id=6044, stack(0x000000644b600000,0x000000644b700000)]
  0x00000215cd71d000 JavaThread "Netty Client IO #3" daemon [_thread_in_native, id=14216, stack(0x000000644ed00000,0x000000644ee00000)]
  0x00000215cd715800 JavaThread "Netty Client IO #2" daemon [_thread_in_native, id=3560, stack(0x000000644eb00000,0x000000644ec00000)]
  0x00000215cd717000 JavaThread "Netty Client IO #1" daemon [_thread_in_native, id=11928, stack(0x000000644ea00000,0x000000644eb00000)]
  0x00000215cd71a000 JavaThread "Netty Client IO #0" daemon [_thread_in_native, id=13036, stack(0x000000644e900000,0x000000644ea00000)]
  0x00000215cd71b000 JavaThread "Server Pinger #2" daemon [_thread_blocked, id=12112, stack(0x000000644e800000,0x000000644e900000)]
  0x00000215cd714800 JavaThread "Server Pinger #1" daemon [_thread_blocked, id=14412, stack(0x000000644e700000,0x000000644e800000)]
  0x00000215cd718800 JavaThread "Thread-14" daemon [_thread_in_native, id=14964, stack(0x000000644e600000,0x000000644e700000)]
  0x00000215cd716000 JavaThread "Server Pinger #0" daemon [_thread_blocked, id=8168, stack(0x000000644e500000,0x000000644e600000)]
  0x00000215c4a65800 JavaThread "Thread-12" [_thread_blocked, id=8828, stack(0x000000644e100000,0x000000644e200000)]
  0x00000215c4a67000 JavaThread "Thread-11" [_thread_blocked, id=1416, stack(0x000000644df00000,0x000000644e000000)]
  0x00000215c4a65000 JavaThread "Chunk Batcher 1" daemon [_thread_blocked, id=11360, stack(0x000000644e300000,0x000000644e400000)]
  0x00000215c4a6b000 JavaThread "Chunk Batcher 0" daemon [_thread_blocked, id=5180, stack(0x000000644dd00000,0x000000644de00000)]
  0x00000215c7f6a800 JavaThread "LWJGL Timer" daemon [_thread_blocked, id=15280, stack(0x000000644d600000,0x000000644d700000)]
  0x00000215c87da800 JavaThread "Java2D Disposer" daemon [_thread_blocked, id=15096, stack(0x000000644d200000,0x000000644d300000)]
  0x00000215cb21f000 JavaThread "Timer hack thread" daemon [_thread_blocked, id=15152, stack(0x000000644d100000,0x000000644d200000)]
  0x00000215c51b6000 JavaThread "Snooper Timer" daemon [_thread_blocked, id=8604, stack(0x000000644d000000,0x000000644d100000)]
  0x00000215c5c3e800 JavaThread "Snooper Timer" daemon [_thread_blocked, id=14396, stack(0x000000644cf00000,0x000000644d000000)]
  0x00000215c4af4800 JavaThread "Service Thread" daemon [_thread_blocked, id=9608, stack(0x000000644cd00000,0x000000644ce00000)]
  0x00000215c4a66800 JavaThread "C1 CompilerThread3" daemon [_thread_blocked, id=14476, stack(0x000000644cc00000,0x000000644cd00000)]
  0x00000215c2c48000 JavaThread "C2 CompilerThread2" daemon [_thread_blocked, id=11724, stack(0x000000644cb00000,0x000000644cc00000)]
  0x00000215c2c3a000 JavaThread "C2 CompilerThread1" daemon [_thread_blocked, id=10520, stack(0x000000644ca00000,0x000000644cb00000)]
  0x00000215c2c42000 JavaThread "C2 CompilerThread0" daemon [_thread_blocked, id=888, stack(0x000000644c900000,0x000000644ca00000)]
  0x00000215c2c19000 JavaThread "JDWP Event Helper Thread" daemon [_thread_blocked, id=9996, stack(0x000000644c700000,0x000000644c800000)]
  0x00000215c2bf5800 JavaThread "Attach Listener" daemon [_thread_blocked, id=13324, stack(0x000000644c500000,0x000000644c600000)]
  0x00000215c2bef000 JavaThread "Signal Dispatcher" daemon [_thread_blocked, id=9280, stack(0x000000644c400000,0x000000644c500000)]
  0x00000215c2bc6000 JavaThread "Finalizer" daemon [_thread_blocked, id=10760, stack(0x000000644c300000,0x000000644c400000)]
  0x00000215c2bbe800 JavaThread "Reference Handler" daemon [_thread_blocked, id=4796, stack(0x000000644c200000,0x000000644c300000)]
  0x00000215adc12000 JavaThread "Client thread" [_thread_blocked, id=15192, stack(0x000000644b800000,0x000000644b900000)]

Other Threads:
=>0x00000215c2b8d000 VMThread [stack: 0x000000644c100000,0x000000644c200000] [id=9528]

VM state:at safepoint (shutting down)

VM Mutex/Monitor currently owned by a thread:  ([mutex/lock_event])
[0x00000215adc261c0] Threads_lock - owner thread: 0x00000215c2b8d000

heap address: 0x00000000a1400000, size: 1516 MB, Compressed Oops mode: 32-bit
Narrow klass base: 0x0000000000000000, Narrow klass shift: 3
Compressed class space size: 1073741824 Address: 0x0000000100000000

Heap:
 PSYoungGen      total 464384K, used 306933K [0x00000000e0700000, 0x0000000100000000, 0x0000000100000000)
  eden space 431104K, 63% used [0x00000000e0700000,0x00000000f1265688,0x00000000fac00000)
  from space 33280K, 99% used [0x00000000fac00000,0x00000000fcc58010,0x00000000fcc80000)
  to   space 44032K, 0% used [0x00000000fd500000,0x00000000fd500000,0x0000000100000000)
 ParOldGen       total 481280K, used 344086K [0x00000000a1400000, 0x00000000bea00000, 0x00000000e0700000)
  object space 481280K, 71% used [0x00000000a1400000,0x00000000b6405b78,0x00000000bea00000)
 Metaspace       used 53312K, capacity 53827K, committed 54400K, reserved 1097728K
  class space    used 6312K, capacity 6437K, committed 6528K, reserved 1048576K

Card table byte_map: [0x00000215be9f0000,0x00000215becf0000] byte_map_base: 0x00000215be4e6000

Marking Bits: (ParMarkBitMap*) 0x0000000064027850
 Begin Bits: [0x00000215beef0000, 0x00000215c06a0000)
 End Bits:   [0x00000215c06a0000, 0x00000215c1e50000)

Polling page: 0x00000215addd0000

CodeCache: size=245760Kb used=37538Kb max_used=39667Kb free=208221Kb
 bounds [0x00000215af630000, 0x00000215b1d80000, 0x00000215be630000]
 total_blobs=10094 nmethods=9184 adapters=827
 compilation: enabled

Compilation events (10 events):
Event: 1015.142 Thread 0x00000215c4a66800 13587       3       sun.reflect.ClassFileAssembler::opc_new (16 bytes)
Event: 1015.143 Thread 0x00000215c4a66800 nmethod 13587 0x00000215b1ad12d0 code [0x00000215b1ad14a0, 0x00000215b1ad1a50]
Event: 1025.029 Thread 0x00000215c4a66800 13588       3       java.util.logging.LogManager$LoggerContext::getRootLogger (8 bytes)
Event: 1025.029 Thread 0x00000215c4a66800 nmethod 13588 0x00000215b1a8ca50 code [0x00000215b1a8cba0, 0x00000215b1a8cdb8]
Event: 1025.030 Thread 0x00000215c4a66800 13589       3       java.util.logging.LogManager$LoggerContext::getGlobalLogger (6 bytes)
Event: 1025.030 Thread 0x00000215c4a66800 nmethod 13589 0x00000215b0d7f410 code [0x00000215b0d7f560, 0x00000215b0d7f6b8]
Event: 1025.037 Thread 0x00000215c4a66800 13590       3       org.apache.logging.log4j.core.helpers.NameUtil::getSubName (32 bytes)
Event: 1025.038 Thread 0x00000215c4a66800 nmethod 13590 0x00000215b1907b90 code [0x00000215b1907d20, 0x00000215b19082c0]
Event: 1025.039 Thread 0x00000215c4a66800 13591       1       org.apache.logging.log4j.core.config.LoggerConfig::getLevel (5 bytes)
Event: 1025.039 Thread 0x00000215c4a66800 nmethod 13591 0x00000215b10b5850 code [0x00000215b10b59a0, 0x00000215b10b5ab8]

GC Heap History (10 events):
Event: 927.737 GC heap before
{Heap before GC invocations=169 (full 8):
 PSYoungGen      total 473600K, used 456928K [0x00000000e0700000, 0x00000000ffe00000, 0x0000000100000000)
  eden space 432128K, 100% used [0x00000000e0700000,0x00000000fad00000,0x00000000fad00000)
  from space 41472K, 59% used [0x00000000fd580000,0x00000000fedb8010,0x00000000ffe00000)
  to   space 41472K, 0% used [0x00000000fad00000,0x00000000fad00000,0x00000000fd580000)
 ParOldGen       total 481280K, used 344086K [0x00000000a1400000, 0x00000000bea00000, 0x00000000e0700000)
  object space 481280K, 71% used [0x00000000a1400000,0x00000000b6405b78,0x00000000bea00000)
 Metaspace       used 53301K, capacity 53821K, committed 54400K, reserved 1097728K
  class space    used 6310K, capacity 6436K, committed 6528K, reserved 1048576K
Event: 927.779 GC heap after
Heap after GC invocations=169 (full 8):
 PSYoungGen      total 473600K, used 33120K [0x00000000e0700000, 0x0000000100000000, 0x0000000100000000)
  eden space 432128K, 0% used [0x00000000e0700000,0x00000000e0700000,0x00000000fad00000)
  from space 41472K, 79% used [0x00000000fad00000,0x00000000fcd58000,0x00000000fd580000)
  to   space 43008K, 0% used [0x00000000fd600000,0x00000000fd600000,0x0000000100000000)
 ParOldGen       total 481280K, used 344086K [0x00000000a1400000, 0x00000000bea00000, 0x00000000e0700000)
  object space 481280K, 71% used [0x00000000a1400000,0x00000000b6405b78,0x00000000bea00000)
 Metaspace       used 53301K, capacity 53821K, committed 54400K, reserved 1097728K
  class space    used 6310K, capacity 6436K, committed 6528K, reserved 1048576K
}
Event: 946.310 GC heap before
{Heap before GC invocations=170 (full 8):
 PSYoungGen      total 473600K, used 465248K [0x00000000e0700000, 0x0000000100000000, 0x0000000100000000)
  eden space 432128K, 100% used [0x00000000e0700000,0x00000000fad00000,0x00000000fad00000)
  from space 41472K, 79% used [0x00000000fad00000,0x00000000fcd58000,0x00000000fd580000)
  to   space 43008K, 0% used [0x00000000fd600000,0x00000000fd600000,0x0000000100000000)
 ParOldGen       total 481280K, used 344086K [0x00000000a1400000, 0x00000000bea00000, 0x00000000e0700000)
  object space 481280K, 71% used [0x00000000a1400000,0x00000000b6405b78,0x00000000bea00000)
 Metaspace       used 53301K, capacity 53821K, committed 54400K, reserved 1097728K
  class space    used 6310K, capacity 6436K, committed 6528K, reserved 1048576K
Event: 946.335 GC heap after
Heap after GC invocations=170 (full 8):
 PSYoungGen      total 474624K, used 26432K [0x00000000e0700000, 0x00000000fff80000, 0x0000000100000000)
  eden space 432128K, 0% used [0x00000000e0700000,0x00000000e0700000,0x00000000fad00000)
  from space 42496K, 62% used [0x00000000fd600000,0x00000000fefd0000,0x00000000fff80000)
  to   space 41984K, 0% used [0x00000000fad00000,0x00000000fad00000,0x00000000fd600000)
 ParOldGen       total 481280K, used 344086K [0x00000000a1400000, 0x00000000bea00000, 0x00000000e0700000)
  object space 481280K, 71% used [0x00000000a1400000,0x00000000b6405b78,0x00000000bea00000)
 Metaspace       used 53301K, capacity 53821K, committed 54400K, reserved 1097728K
  class space    used 6310K, capacity 6436K, committed 6528K, reserved 1048576K
}
Event: 967.464 GC heap before
{Heap before GC invocations=171 (full 8):
 PSYoungGen      total 474624K, used 458560K [0x00000000e0700000, 0x00000000fff80000, 0x0000000100000000)
  eden space 432128K, 100% used [0x00000000e0700000,0x00000000fad00000,0x00000000fad00000)
  from space 42496K, 62% used [0x00000000fd600000,0x00000000fefd0000,0x00000000fff80000)
  to   space 41984K, 0% used [0x00000000fad00000,0x00000000fad00000,0x00000000fd600000)
 ParOldGen       total 481280K, used 344086K [0x00000000a1400000, 0x00000000bea00000, 0x00000000e0700000)
  object space 481280K, 71% used [0x00000000a1400000,0x00000000b6405b78,0x00000000bea00000)
 Metaspace       used 53302K, capacity 53821K, committed 54400K, reserved 1097728K
  class space    used 6310K, capacity 6436K, committed 6528K, reserved 1048576K
Event: 967.493 GC heap after
Heap after GC invocations=171 (full 8):
 PSYoungGen      total 474112K, used 30448K [0x00000000e0700000, 0x0000000100000000, 0x0000000100000000)
  eden space 432128K, 0% used [0x00000000e0700000,0x00000000e0700000,0x00000000fad00000)
  from space 41984K, 72% used [0x00000000fad00000,0x00000000fcabc010,0x00000000fd600000)
  to   space 42496K, 0% used [0x00000000fd680000,0x00000000fd680000,0x0000000100000000)
 ParOldGen       total 481280K, used 344086K [0x00000000a1400000, 0x00000000bea00000, 0x00000000e0700000)
  object space 481280K, 71% used [0x00000000a1400000,0x00000000b6405b78,0x00000000bea00000)
 Metaspace       used 53302K, capacity 53821K, committed 54400K, reserved 1097728K
  class space    used 6310K, capacity 6436K, committed 6528K, reserved 1048576K
}
Event: 990.175 GC heap before
{Heap before GC invocations=172 (full 8):
 PSYoungGen      total 474112K, used 462576K [0x00000000e0700000, 0x0000000100000000, 0x0000000100000000)
  eden space 432128K, 100% used [0x00000000e0700000,0x00000000fad00000,0x00000000fad00000)
  from space 41984K, 72% used [0x00000000fad00000,0x00000000fcabc010,0x00000000fd600000)
  to   space 42496K, 0% used [0x00000000fd680000,0x00000000fd680000,0x0000000100000000)
 ParOldGen       total 481280K, used 344086K [0x00000000a1400000, 0x00000000bea00000, 0x00000000e0700000)
  object space 481280K, 71% used [0x00000000a1400000,0x00000000b6405b78,0x00000000bea00000)
 Metaspace       used 53302K, capacity 53821K, committed 54400K, reserved 1097728K
  class space    used 6310K, capacity 6436K, committed 6528K, reserved 1048576K
Event: 990.202 GC heap after
Heap after GC invocations=172 (full 8):
 PSYoungGen      total 473600K, used 32000K [0x00000000e0700000, 0x0000000100000000, 0x0000000100000000)
  eden space 431104K, 0% used [0x00000000e0700000,0x00000000e0700000,0x00000000fac00000)
  from space 42496K, 75% used [0x00000000fd680000,0x00000000ff5c0000,0x0000000100000000)
  to   space 43008K, 0% used [0x00000000fac00000,0x00000000fac00000,0x00000000fd600000)
 ParOldGen       total 481280K, used 344086K [0x00000000a1400000, 0x00000000bea00000, 0x00000000e0700000)
  object space 481280K, 71% used [0x00000000a1400000,0x00000000b6405b78,0x00000000bea00000)
 Metaspace       used 53302K, capacity 53821K, committed 54400K, reserved 1097728K
  class space    used 6310K, capacity 6436K, committed 6528K, reserved 1048576K
}
Event: 1012.609 GC heap before
{Heap before GC invocations=173 (full 8):
 PSYoungGen      total 473600K, used 463104K [0x00000000e0700000, 0x0000000100000000, 0x0000000100000000)
  eden space 431104K, 100% used [0x00000000e0700000,0x00000000fac00000,0x00000000fac00000)
  from space 42496K, 75% used [0x00000000fd680000,0x00000000ff5c0000,0x0000000100000000)
  to   space 43008K, 0% used [0x00000000fac00000,0x00000000fac00000,0x00000000fd600000)
 ParOldGen       total 481280K, used 344086K [0x00000000a1400000, 0x00000000bea00000, 0x00000000e0700000)
  object space 481280K, 71% used [0x00000000a1400000,0x00000000b6405b78,0x00000000bea00000)
 Metaspace       used 53302K, capacity 53821K, committed 54400K, reserved 1097728K
  class space    used 6310K, capacity 6436K, committed 6528K, reserved 1048576K
Event: 1012.640 GC heap after
Heap after GC invocations=173 (full 8):
 PSYoungGen      total 464384K, used 33120K [0x00000000e0700000, 0x0000000100000000, 0x0000000100000000)
  eden space 431104K, 0% used [0x00000000e0700000,0x00000000e0700000,0x00000000fac00000)
  from space 33280K, 99% used [0x00000000fac00000,0x00000000fcc58010,0x00000000fcc80000)
  to   space 44032K, 0% used [0x00000000fd500000,0x00000000fd500000,0x0000000100000000)
 ParOldGen       total 481280K, used 344086K [0x00000000a1400000, 0x00000000bea00000, 0x00000000e0700000)
  object space 481280K, 71% used [0x00000000a1400000,0x00000000b6405b78,0x00000000bea00000)
 Metaspace       used 53302K, capacity 53821K, committed 54400K, reserved 1097728K
  class space    used 6310K, capacity 6436K, committed 6528K, reserved 1048576K
}

Deoptimization events (10 events):
Event: 795.861 Thread 0x00000215cd71d000 Uncommon trap: reason=unstable_if action=reinterpret pc=0x00000215af942370 method=java.util.concurrent.ConcurrentHashMap.addCount(JI)V @ 168
Event: 927.779 Thread 0x00000215adc12000 Uncommon trap: reason=unstable_if action=reinterpret pc=0x00000215aff34b1c method=net.minecraft.client.multiplayer.ChunkProviderClient.unloadQueuedChunks()Z @ 45
Event: 944.270 Thread 0x00000215cd71d000 Uncommon trap: reason=unstable_if action=reinterpret pc=0x00000215b15475a4 method=com.intellij.rt.debugger.agent.CaptureStorage$WeakKey.equals(Ljava/lang/Object;)Z @ 41
Event: 944.279 Thread 0x00000215adc12000 Uncommon trap: reason=unstable_if action=reinterpret pc=0x00000215b16cd2d8 method=com.intellij.rt.debugger.agent.CaptureStorage$HardKey.equals(Ljava/lang/Object;)Z @ 23
Event: 987.231 Thread 0x00000215adc12000 Uncommon trap: reason=unstable_if action=reinterpret pc=0x00000215b078abc8 method=com.intellij.rt.debugger.agent.CaptureStorage$HardKey.equals(Ljava/lang/Object;)Z @ 23
Event: 990.233 Thread 0x00000215adc12000 Uncommon trap: reason=unstable_if action=reinterpret pc=0x00000215b17cd414 method=java.util.concurrent.ConcurrentHashMap.replaceNode(Ljava/lang/Object;Ljava/lang/Object;Ljava/lang/Object;)Ljava/lang/Object; @ 136
Event: 990.233 Thread 0x00000215adc12000 Uncommon trap: reason=unstable_if action=reinterpret pc=0x00000215b0f626d8 method=com.intellij.rt.debugger.agent.CaptureStorage$WeakKey.equals(Ljava/lang/Object;)Z @ 30
Event: 1003.763 Thread 0x00000215adc12000 Uncommon trap: reason=null_check action=make_not_entrant pc=0x00000215afdc3e84 method=net.minecraft.client.audio.SoundManager$SoundSystemStarterThread.playing(Ljava/lang/String;)Z @ 28
Event: 1025.067 Thread 0x00000215cd71d000 Uncommon trap: reason=class_check action=maybe_recompile pc=0x00000215b160d3a0 method=org.apache.logging.log4j.core.Logger$PrivateConfig.filter(Lorg/apache/logging/log4j/Level;Lorg/apache/logging/log4j/Marker;Ljava/lang/String;)Z @ 4
Event: 1025.106 Thread 0x00000215cd71d000 Uncommon trap: reason=class_check action=maybe_recompile pc=0x00000215b160d3a0 method=org.apache.logging.log4j.core.Logger$PrivateConfig.filter(Lorg/apache/logging/log4j/Level;Lorg/apache/logging/log4j/Marker;Ljava/lang/String;)Z @ 4

Classes redefined (0 events):
No events

Internal exceptions (10 events):
Event: 1024.830 Thread 0x00000215c4a67000 Exception <a 'java/lang/InterruptedException': sleep interrupted> (0x00000000eec10450) thrown at [C:\wsjdk\Corretto8Src\installers\windows\zip\corretto-build\buildRoot\src\hotspot\src\share\vm\prims\jvm.cpp, line 3384]
Event: 1024.855 Thread 0x00000215c4a67000 Exception <a 'java/lang/InterruptedException': sleep interrupted> (0x00000000eec106f8) thrown at [C:\wsjdk\Corretto8Src\installers\windows\zip\corretto-build\buildRoot\src\hotspot\src\share\vm\prims\jvm.cpp, line 3384]
Event: 1024.879 Thread 0x00000215c4a67000 Exception <a 'java/lang/InterruptedException': sleep interrupted> (0x00000000eec109a0) thrown at [C:\wsjdk\Corretto8Src\installers\windows\zip\corretto-build\buildRoot\src\hotspot\src\share\vm\prims\jvm.cpp, line 3384]
Event: 1024.905 Thread 0x00000215c4a67000 Exception <a 'java/lang/InterruptedException': sleep interrupted> (0x00000000eec10c48) thrown at [C:\wsjdk\Corretto8Src\installers\windows\zip\corretto-build\buildRoot\src\hotspot\src\share\vm\prims\jvm.cpp, line 3384]
Event: 1024.929 Thread 0x00000215c4a67000 Exception <a 'java/lang/InterruptedException': sleep interrupted> (0x00000000eec10ef0) thrown at [C:\wsjdk\Corretto8Src\installers\windows\zip\corretto-build\buildRoot\src\hotspot\src\share\vm\prims\jvm.cpp, line 3384]
Event: 1024.955 Thread 0x00000215c4a67000 Exception <a 'java/lang/InterruptedException': sleep interrupted> (0x00000000eec11198) thrown at [C:\wsjdk\Corretto8Src\installers\windows\zip\corretto-build\buildRoot\src\hotspot\src\share\vm\prims\jvm.cpp, line 3384]
Event: 1024.989 Thread 0x00000215c4a67000 Exception <a 'java/lang/InterruptedException': sleep interrupted> (0x00000000ef478760) thrown at [C:\wsjdk\Corretto8Src\installers\windows\zip\corretto-build\buildRoot\src\hotspot\src\share\vm\prims\jvm.cpp, line 3384]
Event: 1025.024 Thread 0x00000215c4a67000 Exception <a 'java/lang/InterruptedException': sleep interrupted> (0x00000000ef478a08) thrown at [C:\wsjdk\Corretto8Src\installers\windows\zip\corretto-build\buildRoot\src\hotspot\src\share\vm\prims\jvm.cpp, line 3384]
Event: 1025.069 Thread 0x00000215c4a67000 Exception <a 'java/lang/InterruptedException': sleep interrupted> (0x00000000ef478cb0) thrown at [C:\wsjdk\Corretto8Src\installers\windows\zip\corretto-build\buildRoot\src\hotspot\src\share\vm\prims\jvm.cpp, line 3384]
Event: 1025.108 Thread 0x00000215c4a67000 Exception <a 'java/lang/InterruptedException': sleep interrupted> (0x00000000ef478f58) thrown at [C:\wsjdk\Corretto8Src\installers\windows\zip\corretto-build\buildRoot\src\hotspot\src\share\vm\prims\jvm.cpp, line 3384]

Events (10 events):
Event: 1025.067 Thread 0x00000215cd71d000 DEOPT UNPACKING pc=0x00000215af675583 sp=0x000000644edfeb78 mode 2
Event: 1025.069 Thread 0x00000215c4a67000 DEOPT PACKING pc=0x00000215afc49fdc sp=0x000000644dfff0f0
Event: 1025.070 Thread 0x00000215c4a67000 DEOPT UNPACKING pc=0x00000215af6771d8 sp=0x000000644dffee08 mode 1
Event: 1025.106 Thread 0x00000215cd71d000 Uncommon trap: trap_request=0xffffffde fr.pc=0x00000215b160d3a0
Event: 1025.106 Thread 0x00000215cd71d000 DEOPT PACKING pc=0x00000215b160d3a0 sp=0x000000644edfed30
Event: 1025.106 Thread 0x00000215cd71d000 DEOPT UNPACKING pc=0x00000215af675583 sp=0x000000644edfeb78 mode 2
Event: 1025.108 Thread 0x00000215c4a67000 DEOPT PACKING pc=0x00000215afc49fdc sp=0x000000644dfff0f0
Event: 1025.108 Thread 0x00000215c4a67000 DEOPT UNPACKING pc=0x00000215af6771d8 sp=0x000000644dffee08 mode 1
Event: 1025.133 Thread 0x00000215cd71b800 Thread exited: 0x00000215cd71b800
Event: 1025.139 Executing VM operation: Exit


Dynamic libraries:
0x00007ff6fdee0000 - 0x00007ff6fdf1a000 	C:\Users\Sun3k\.jdks\corretto-1.8.0_332\bin\java.exe
0x00007ffeb6950000 - 0x00007ffeb6b47000 	C:\Windows\SYSTEM32\ntdll.dll
0x00007ffeb49b0000 - 0x00007ffeb4a6d000 	C:\Windows\System32\KERNEL32.DLL
0x00007ffeb4480000 - 0x00007ffeb474d000 	C:\Windows\System32\KERNELBASE.dll
0x00007ffeb5160000 - 0x00007ffeb520e000 	C:\Windows\System32\ADVAPI32.dll
0x00007ffeb62b0000 - 0x00007ffeb634e000 	C:\Windows\System32\msvcrt.dll
0x00007ffeb5f70000 - 0x00007ffeb600c000 	C:\Windows\System32\sechost.dll
0x00007ffeb5210000 - 0x00007ffeb5335000 	C:\Windows\System32\RPCRT4.dll
0x00007ffeb53a0000 - 0x00007ffeb5540000 	C:\Windows\System32\USER32.dll
0x00007ffeb4950000 - 0x00007ffeb4972000 	C:\Windows\System32\win32u.dll
0x00007ffeb61d0000 - 0x00007ffeb61fa000 	C:\Windows\System32\GDI32.dll
0x00007ffeb4220000 - 0x00007ffeb432b000 	C:\Windows\System32\gdi32full.dll
0x00007ffeb43e0000 - 0x00007ffeb447d000 	C:\Windows\System32\msvcp_win.dll
0x00007ffeb47e0000 - 0x00007ffeb48e0000 	C:\Windows\System32\ucrtbase.dll
0x00007ffe9dfe0000 - 0x00007ffe9e27a000 	C:\Windows\WinSxS\amd64_microsoft.windows.common-controls_6595b64144ccf1df_6.0.19041.1110_none_60b5254171f9507e\COMCTL32.dll
0x00007ffeb55a0000 - 0x00007ffeb55d0000 	C:\Windows\System32\IMM32.DLL
0x00007ffeabda0000 - 0x00007ffeabe8f000 	C:\Users\Sun3k\.jdks\corretto-1.8.0_332\jre\bin\msvcr120.dll
0x00007ffe77520000 - 0x00007ffe775c6000 	C:\Users\Sun3k\.jdks\corretto-1.8.0_332\jre\bin\msvcp120.dll
0x0000000063830000 - 0x00000000640a6000 	C:\Users\Sun3k\.jdks\corretto-1.8.0_332\jre\bin\server\jvm.dll
0x00007ffeb61c0000 - 0x00007ffeb61c8000 	C:\Windows\System32\PSAPI.DLL
0x00007ffe9d810000 - 0x00007ffe9d819000 	C:\Windows\SYSTEM32\WSOCK32.dll
0x00007ffeab0b0000 - 0x00007ffeab0d7000 	C:\Windows\SYSTEM32\WINMM.dll
0x00007ffead3a0000 - 0x00007ffead3aa000 	C:\Windows\SYSTEM32\VERSION.dll
0x00007ffeb5060000 - 0x00007ffeb50cb000 	C:\Windows\System32\WS2_32.dll
0x00007ffeaea20000 - 0x00007ffeaea2f000 	C:\Users\Sun3k\.jdks\corretto-1.8.0_332\jre\bin\verify.dll
0x00007ffeae6b0000 - 0x00007ffeae6d9000 	C:\Users\Sun3k\.jdks\corretto-1.8.0_332\jre\bin\java.dll
0x00007ffeafbd0000 - 0x00007ffeafc05000 	C:\Users\Sun3k\.jdks\corretto-1.8.0_332\jre\bin\jdwp.dll
0x00007ffeafd00000 - 0x00007ffeafd08000 	C:\Users\Sun3k\.jdks\corretto-1.8.0_332\jre\bin\npt.dll
0x00007ffeaeef0000 - 0x00007ffeaef1a000 	C:\Users\Sun3k\.jdks\corretto-1.8.0_332\jre\bin\instrument.dll
0x00007ffeaea00000 - 0x00007ffeaea16000 	C:\Users\Sun3k\.jdks\corretto-1.8.0_332\jre\bin\zip.dll
0x00007ffeb57b0000 - 0x00007ffeb5ef4000 	C:\Windows\System32\SHELL32.dll
0x00007ffeb2170000 - 0x00007ffeb2904000 	C:\Windows\SYSTEM32\windows.storage.dll
0x00007ffeb4a70000 - 0x00007ffeb4dc4000 	C:\Windows\System32\combase.dll
0x00007ffeb3ad0000 - 0x00007ffeb3afc000 	C:\Windows\SYSTEM32\Wldp.dll
0x00007ffeb6200000 - 0x00007ffeb62ad000 	C:\Windows\System32\SHCORE.dll
0x00007ffeb5540000 - 0x00007ffeb5595000 	C:\Windows\System32\shlwapi.dll
0x00007ffeb3fb0000 - 0x00007ffeb3fcf000 	C:\Windows\SYSTEM32\profapi.dll
0x00007ffeafcf0000 - 0x00007ffeafcf9000 	C:\Users\Sun3k\.jdks\corretto-1.8.0_332\jre\bin\dt_socket.dll
0x00007ffeb3830000 - 0x00007ffeb389a000 	C:\Windows\system32\mswsock.dll
0x00007ffe9c420000 - 0x00007ffe9c42d000 	C:\Users\Sun3k\.jdks\corretto-1.8.0_332\jre\bin\management.dll
0x00007ffeae690000 - 0x00007ffeae6aa000 	C:\Users\Sun3k\.jdks\corretto-1.8.0_332\jre\bin\net.dll
0x00007ffeae670000 - 0x00007ffeae682000 	C:\Users\Sun3k\.jdks\corretto-1.8.0_332\jre\bin\nio.dll
0x00007ffeb3a20000 - 0x00007ffeb3a38000 	C:\Windows\SYSTEM32\CRYPTSP.dll
0x00007ffeb3140000 - 0x00007ffeb3174000 	C:\Windows\system32\rsaenh.dll
0x00007ffeb4980000 - 0x00007ffeb49a7000 	C:\Windows\System32\bcrypt.dll
0x00007ffeb3f30000 - 0x00007ffeb3f5e000 	C:\Windows\SYSTEM32\USERENV.dll
0x00007ffeb4750000 - 0x00007ffeb47d2000 	C:\Windows\System32\bcryptprimitives.dll
0x00007ffeb3a40000 - 0x00007ffeb3a4c000 	C:\Windows\SYSTEM32\CRYPTBASE.dll
0x00007ffeb34b0000 - 0x00007ffeb34eb000 	C:\Windows\SYSTEM32\IPHLPAPI.DLL
0x00007ffeb5f60000 - 0x00007ffeb5f68000 	C:\Windows\System32\NSI.dll
0x00007ffea8bc0000 - 0x00007ffea8bd7000 	C:\Windows\SYSTEM32\dhcpcsvc6.DLL
0x00007ffeab020000 - 0x00007ffeab03d000 	C:\Windows\SYSTEM32\dhcpcsvc.DLL
0x00007ffeb34f0000 - 0x00007ffeb35bb000 	C:\Windows\SYSTEM32\DNSAPI.dll
0x00007ffeafc40000 - 0x00007ffeafc4a000 	C:\Users\Sun3k\AppData\Local\Temp\jansi-64-5116034938193124046.dll
0x00007ffe77a30000 - 0x00007ffe77a47000 	C:\Windows\system32\napinsp.dll
0x00007ffe629d0000 - 0x00007ffe629eb000 	C:\Windows\system32\pnrpnsp.dll
0x00007ffeaee60000 - 0x00007ffeaee75000 	C:\Windows\system32\wshbth.dll
0x00007ffeafbb0000 - 0x00007ffeafbcd000 	C:\Windows\system32\NLAapi.dll
0x00007ffe629b0000 - 0x00007ffe629c2000 	C:\Windows\System32\winrnr.dll
0x00007ffea8160000 - 0x00007ffea816a000 	C:\Windows\System32\rasadhlp.dll
0x00007ffea7d30000 - 0x00007ffea7db0000 	C:\Windows\System32\fwpuclnt.dll
0x00007ffeabfa0000 - 0x00007ffeabfc3000 	C:\Users\Sun3k\.jdks\corretto-1.8.0_332\jre\bin\sunec.dll
0x00007ffeaea30000 - 0x00007ffeaea3c000 	C:\Users\Sun3k\.jdks\corretto-1.8.0_332\jre\bin\sunmscapi.dll
0x00007ffeb4070000 - 0x00007ffeb41c6000 	C:\Windows\System32\CRYPT32.dll
0x00007ffeb3b40000 - 0x00007ffeb3b67000 	C:\Windows\SYSTEM32\ncrypt.dll
0x00007ffeb3b00000 - 0x00007ffeb3b3b000 	C:\Windows\SYSTEM32\NTASN1.dll
0x0000000180000000 - 0x0000000180053000 	C:\Users\Sun3k\.gradle\caches\minecraft\net\minecraft\natives\1.8.9\lwjgl64.dll
0x00007ffe7d620000 - 0x00007ffe7d746000 	C:\Windows\SYSTEM32\OPENGL32.dll
0x00007ffe7d5f0000 - 0x00007ffe7d61c000 	C:\Windows\SYSTEM32\GLU32.dll
0x00007ffe9b550000 - 0x00007ffe9b6e5000 	C:\Users\Sun3k\.jdks\corretto-1.8.0_332\jre\bin\awt.dll
0x00007ffeb60f0000 - 0x00007ffeb61bd000 	C:\Windows\System32\OLEAUT32.dll
0x00007ffeb18b0000 - 0x00007ffeb1940000 	C:\Windows\SYSTEM32\apphelp.dll
0x00007ffeaeb70000 - 0x00007ffeaec1e000 	C:\Windows\SYSTEM32\mscms.dll
0x00007ffeaeb50000 - 0x00007ffeaeb61000 	C:\Windows\SYSTEM32\ColorAdapterClient.dll
0x00007ffeb1f70000 - 0x00007ffeb1f82000 	C:\Windows\SYSTEM32\kernel.appcore.dll
0x00007ffeb55d0000 - 0x00007ffeb5679000 	C:\Windows\System32\clbcatq.dll
0x00007ffeac730000 - 0x00007ffeac773000 	C:\Windows\System32\Windows.Internal.Graphics.Display.DisplayColorManagement.dll
0x00007ffeb41d0000 - 0x00007ffeb421e000 	C:\Windows\System32\cfgmgr32.dll
0x00007ffeb1a70000 - 0x00007ffeb1b0e000 	C:\Windows\system32\uxtheme.dll
0x00007ffeb5690000 - 0x00007ffeb57a5000 	C:\Windows\System32\MSCTF.dll
0x00007ffea19f0000 - 0x00007ffea1ae9000 	C:\Windows\SYSTEM32\textinputframework.dll
0x00007ffeb0ec0000 - 0x00007ffeb121e000 	C:\Windows\System32\CoreUIComponents.dll
0x00007ffeb15a0000 - 0x00007ffeb1692000 	C:\Windows\System32\CoreMessaging.dll
0x00007ffeb2d70000 - 0x00007ffeb2da3000 	C:\Windows\SYSTEM32\ntmarta.dll
0x00007ffeafee0000 - 0x00007ffeb0034000 	C:\Windows\SYSTEM32\wintypes.dll
0x00007ffead280000 - 0x00007ffead377000 	C:\Windows\System32\AppXDeploymentClient.dll
0x00007ffe9da00000 - 0x00007ffe9da2c000 	C:\Windows\System32\DriverStore\FileRepository\u0375335.inf_amd64_7de275617d9da25a\B374868\atig6pxx.dll
0x00007ffe47b80000 - 0x00007ffe4a9c3000 	C:\Windows\System32\DriverStore\FileRepository\u0375335.inf_amd64_7de275617d9da25a\B374868\atio6axx.dll
0x00007ffeb6350000 - 0x00007ffeb67bf000 	C:\Windows\System32\SETUPAPI.dll
0x00007ffe9f7f0000 - 0x00007ffe9f814000 	C:\Windows\SYSTEM32\dxva2.dll
0x00007ffeb67e0000 - 0x00007ffeb690a000 	C:\Windows\System32\ole32.dll
0x00007ffeb1c80000 - 0x00007ffeb1caf000 	C:\Windows\SYSTEM32\dwmapi.dll
0x00007ffe9d9a0000 - 0x00007ffe9d9df000 	C:\Windows\System32\DriverStore\FileRepository\u0375335.inf_amd64_7de275617d9da25a\B374868\atig6txx.dll
0x00007ffe6eee0000 - 0x00007ffe6f0b4000 	C:\Windows\SYSTEM32\atiadlxx.dll
0x00007ffeafab0000 - 0x00007ffeafba6000 	C:\Windows\SYSTEM32\PROPSYS.dll
0x00007ffe92cf0000 - 0x00007ffe92d39000 	C:\Windows\SYSTEM32\pdh.dll
0x00007ffeb3e20000 - 0x00007ffeb3e4c000 	C:\Windows\SYSTEM32\DEVOBJ.dll
0x00007ffeb48e0000 - 0x00007ffeb4947000 	C:\Windows\System32\WINTRUST.dll
0x00007ffeb3c60000 - 0x00007ffeb3c72000 	C:\Windows\SYSTEM32\MSASN1.dll
0x00007ffeabd00000 - 0x00007ffeabd3b000 	C:\Windows\SYSTEM32\dxcore.dll
0x00007ffe671f0000 - 0x00007ffe67233000 	C:\Windows\SYSTEM32\icm32.dll
0x00000215cd0e0000 - 0x00000215cd118000 	C:\Users\Sun3k\AppData\Local\Temp\jna\jna1470283171995116071.dll
0x00007ffe9b470000 - 0x00007ffe9b4bb000 	C:\ProgramData\obs-studio-hook\graphics-hook64.dll
0x00007ffeb0040000 - 0x00007ffeb02a3000 	C:\Windows\system32\d3d11.dll
0x00007ffeb2970000 - 0x00007ffeb2a63000 	C:\Windows\SYSTEM32\dxgi.dll
0x00007ffeab0e0000 - 0x00007ffeab298000 	C:\Windows\System32\DriverStore\FileRepository\u0375335.inf_amd64_7de275617d9da25a\B374868\aticfx64.dll
0x00007ffeaaf50000 - 0x00007ffeaaf89000 	C:\Windows\System32\DriverStore\FileRepository\u0375335.inf_amd64_7de275617d9da25a\B374868\atiuxp64.dll
0x00007ffea8df0000 - 0x00007ffeaad27000 	C:\Windows\System32\DriverStore\FileRepository\u0375335.inf_amd64_7de275617d9da25a\B374868\atidxx64.dll
0x00007ffea8ab0000 - 0x00007ffea8ae0000 	C:\Windows\SYSTEM32\amdihk64.dll
0x00007ffea8200000 - 0x00007ffea822b000 	C:\Windows\SYSTEM32\D3DSCache.dll
0x00007ffeada20000 - 0x00007ffeadc20000 	C:\Windows\SYSTEM32\twinapi.appcore.dll
0x0000000070a40000 - 0x0000000070adc000 	C:\Users\Sun3k\.gradle\caches\minecraft\net\minecraft\natives\1.8.9\avutil-ttv-51.dll
0x0000000065980000 - 0x00000000659d6000 	C:\Users\Sun3k\.gradle\caches\minecraft\net\minecraft\natives\1.8.9\swresample-ttv-0.dll
0x000000006eb80000 - 0x000000006ec50000 	C:\Users\Sun3k\.gradle\caches\minecraft\net\minecraft\natives\1.8.9\libmp3lame-ttv.dll
0x00007ffe50ae0000 - 0x00007ffe51e84000 	C:\Users\Sun3k\.gradle\caches\minecraft\net\minecraft\natives\1.8.9\libmfxsw64.dll
0x00007ffe96520000 - 0x00007ffe9668d000 	C:\Users\Sun3k\.gradle\caches\minecraft\net\minecraft\natives\1.8.9\twitchsdk.dll
0x00007ffe99ea0000 - 0x00007ffe9a376000 	C:\Windows\SYSTEM32\WININET.dll
0x00000215d4810000 - 0x00000215d4874000 	C:\Users\Sun3k\.gradle\caches\minecraft\net\minecraft\natives\1.8.9\OpenAL64.dll
0x00007ffeaad30000 - 0x00007ffeaadb5000 	C:\Windows\System32\MMDevApi.dll
0x00007ffe9b3d0000 - 0x00007ffe9b46c000 	C:\Windows\SYSTEM32\dsound.dll
0x00007ffe9a760000 - 0x00007ffe9a786000 	C:\Windows\SYSTEM32\winmmbase.dll
0x00007ffeb3730000 - 0x00007ffeb377b000 	C:\Windows\SYSTEM32\powrprof.dll
0x00007ffeb3630000 - 0x00007ffeb3642000 	C:\Windows\SYSTEM32\UMPDC.dll
0x00007ffeaadc0000 - 0x00007ffeaaf42000 	C:\Windows\SYSTEM32\AUDIOSES.DLL
0x00007ffeb1b80000 - 0x00007ffeb1b94000 	C:\Windows\SYSTEM32\resourcepolicyclient.dll
0x00007ffe9faf0000 - 0x00007ffe9fcd4000 	C:\Windows\SYSTEM32\dbghelp.dll

VM Arguments:
jvm_args: -agentlib:jdwp=transport=dt_socket,address=127.0.0.1:62736,suspend=y,server=n -javaagent:C:\Users\Sun3k\AppData\Local\JetBrains\IdeaIC2022.1\captureAgent\debugger-agent.jar -Dfile.encoding=UTF-8 
java_command: GradleStart --mixin mixins.sunrise.json --tweakClass org.spongepowered.asm.launch.MixinTweaker -Ddevauth.account --javaagent:C:\Users\Sun3k\.gradle\caches\modules-2\files-2.1\org.spongepowered\mixin\0.7.11-SNAPSHOT\7a670207bdb97db418118ad1e9bb42424ff3776d\mixin-0.7.11-SNAPSHOT.jar
java_class_path (initial): C:\Users\Sun3k\.jdks\corretto-1.8.0_332\jre\lib\charsets.jar;C:\Users\Sun3k\.jdks\corretto-1.8.0_332\jre\lib\ext\access-bridge-64.jar;C:\Users\Sun3k\.jdks\corretto-1.8.0_332\jre\lib\ext\cldrdata.jar;C:\Users\Sun3k\.jdks\corretto-1.8.0_332\jre\lib\ext\dnsns.jar;C:\Users\Sun3k\.jdks\corretto-1.8.0_332\jre\lib\ext\jaccess.jar;C:\Users\Sun3k\.jdks\corretto-1.8.0_332\jre\lib\ext\jfxrt.jar;C:\Users\Sun3k\.jdks\corretto-1.8.0_332\jre\lib\ext\localedata.jar;C:\Users\Sun3k\.jdks\corretto-1.8.0_332\jre\lib\ext\nashorn.jar;C:\Users\Sun3k\.jdks\corretto-1.8.0_332\jre\lib\ext\sunec.jar;C:\Users\Sun3k\.jdks\corretto-1.8.0_332\jre\lib\ext\sunjce_provider.jar;C:\Users\Sun3k\.jdks\corretto-1.8.0_332\jre\lib\ext\sunmscapi.jar;C:\Users\Sun3k\.jdks\corretto-1.8.0_332\jre\lib\ext\sunpkcs11.jar;C:\Users\Sun3k\.jdks\corretto-1.8.0_332\jre\lib\ext\zipfs.jar;C:\Users\Sun3k\.jdks\corretto-1.8.0_332\jre\lib\jce.jar;C:\Users\Sun3k\.jdks\corretto-1.8.0_332\jre\lib\jfr.jar;C:\Users\Sun3k\.jdks\corretto-1.8.0_332\jre\lib\jfxswt.jar;C:\Users\Sun3k\.jdks\corretto-1.8.0_332\jre\lib\jsse.jar;C:\Users\Sun3k\.jdks\corretto-1.8.0_332\jre\lib\management-agent.jar;C:\Users\Sun3k\.jdks\corretto-1.8.0_332\jre\lib\resources.jar;C:\Users\Sun3k\.jdks\corretto-1.8.0_332\jre\lib\rt.jar;C:\Users\Sun3k\IdeaProjects\Sunrise8\build\classes\java\main;C:\Users\Sun3k\.gradle\caches\minecraft\deobfedDeps\compileDummy.jar;C:\Users\Sun3k\.gradle\caches\minecraft\deobfedDeps\providedDummy.jar;C:\Users\Sun3k\.gradle\caches\modules-2\files-2.1\org.spongepowered\mixin\0.7.11-SNAPSHOT\7a670207bdb97db418118ad1e9bb42424ff3776d\mixin-0.7.11-SNAPSHOT.jar;C:\Users\Sun3k\.gradle\caches\modules-2\files-2.1\gg.essential\elementa-1.8.9-forge\507\38e5ea484636664fc185041360ee5e86cfc147b5\elementa-1.8.9-forge-507.jar;C:\Users\Sun3k\.gradle\caches\modules-2\files-2.1\com.google.guava\guava\17.0\9c6ef172e8de35fd8d4d8783e4821e57cdef7445\guava-17.0.jar;C:\Users\Sun3k\.gradle\caches\modules-2\files-2.1\commons-io\c
Launcher Type: SUN_STANDARD

Environment Variables:
JAVA_HOME=C:\Program Files\OpenJDK\jdk-18
PATH=C:\Windows\system32;C:\Windows;C:\Windows\System32\Wbem;C:\Windows\System32\WindowsPowerShell\v1.0\;C:\Windows\System32\OpenSSH\;C:\ProgramData\chocolatey\bin;C:\Program Files\Microsoft VS Code\bin;C:\Program Files (x86)\Yarn\bin\;C:\Program Files\nodejs\;C:\Program Files\Git\cmd;C:\Program Files\OpenJDK\jdk-18\bin;C:\Program Files\dotnet\;C:\Users\Sun3k\AppData\Local\Programs\Python\Python310\Scripts\;C:\Users\Sun3k\AppData\Local\Programs\Python\Python310\;C:\Users\Sun3k\AppData\Local\Microsoft\WindowsApps;C:\Users\Sun3k\AppData\Local\Yarn\bin;C:\Users\Sun3k\AppData\Roaming\npm;C:\Program Files\Oracle\VirtualBox;C:\Program Files\heroku\bin;C:\Program Files\JetBrains\IntelliJ IDEA Community Edition 2022.1.1\bin;;C:\Users\Sun3k\.dotnet\tools
USERNAME=Sun3k
OS=Windows_NT
PROCESSOR_IDENTIFIER=AMD64 Family 23 Model 24 Stepping 1, AuthenticAMD



---------------  S Y S T E M  ---------------

OS: Windows 10.0 , 64 bit Build 19041 (10.0.19041.1741)

CPU:total 8 (initial active 8) (8 cores per cpu, 1 threads per core) family 23 model 24 stepping 1, cmov, cx8, fxsr, mmx, sse, sse2, sse3, ssse3, sse4.1, sse4.2, popcnt, avx, avx2, aes, clmul, mmxext, 3dnowpref, lzcnt, sse4a, tsc, tscinvbit, tscinv, bmi1

Memory: 4k page, physical 6206224k(427364k free), swap 19837712k(6535304k free)

vm_info: OpenJDK 64-Bit Server VM (25.332-b08) for windows-amd64 JRE (1.8.0_332-b08), built on Apr 16 2022 08:31:02 by "Administrator" with MS VC++ 12.0 (VS2013)

time: Sun Jun 19 22:24:59 2022
timezone: South Sudan Standard Time
elapsed time: 1025.607382 seconds (0d 0h 17m 5s)

