#
# A fatal error has been detected by the Java Runtime Environment:
#
#  EXCEPTION_ACCESS_VIOLATION (0xc0000005) at pc=0x0000000000000000, pid=8084, tid=0x0000000000003760
#
# JRE version: OpenJDK Runtime Environment (8.0_332-b08) (build 1.8.0_332-b08)
# Java VM: OpenJDK 64-Bit Server VM (25.332-b08 mixed mode windows-amd64 compressed oops)
# Problematic frame:
# C  0x0000000000000000
#
# Failed to write core dump. Minidumps are not enabled by default on client versions of Windows
#
# If you would like to submit a bug report, please visit:
#   https://github.com/corretto/corretto-8/issues/
#

---------------  T H R E A D  ---------------

Current thread (0x000002703222e800):  VMThread [stack: 0x000000ae32a00000,0x000000ae32b00000] [id=14176]

siginfo: ExceptionCode=0xc0000005, ExceptionInformation=0x0000000000000008 0x0000000000000000

Registers:
RAX=0x0000000000000000, RBX=0x0000000000000000, RCX=0x0000000000000001, RDX=0x00007ffe84b1f0b8
RSP=0x000000ae32afec58, RBP=0x000002701d2983f0, RSI=0x0000000000010000, RDI=0x0000000000000000
R8 =0x000000ae31cb7000, R9 =0x0000000000000040, R10=0x0000000000000000, R11=0x00000270510c26e0
R12=0x00007ffe7d6fe810, R13=0x00000000ffffffff, R14=0x00007ffe7d620000, R15=0x0000000000000001
RIP=0x0000000000000000, EFLAGS=0x0000000000010206

Top of Stack: (sp=0x000000ae32afec58)
0x000000ae32afec58:   00007ffe84ae2f2c 0000000000000000
0x000000ae32afec68:   000002701d2983f0 00000000ffffffff
0x000000ae32afec78:   0000000000010000 0000000000000000
0x000000ae32afec88:   00007ffe84ae406e 0000000000000000
0x000000ae32afec98:   000002701d2983f0 0000000000010000
0x000000ae32afeca8:   000002703857e508 0000000000000001
0x000000ae32afecb8:   00007ffe7d626e2e 0000000000000000
0x000000ae32afecc8:   0000000000000001 000000018004bb20
0x000000ae32afecd8:   0000000000000000 0000000000000001
0x000000ae32afece8:   00007ffe7d627276 0000000000000000
0x000000ae32afecf8:   000002701d2983f0 0000000000000001
0x000000ae32afed08:   0000000000000001 0000000000000000
0x000000ae32afed18:   00007ffe7d6fe94f 0000000000000001
0x000000ae32afed28:   0000000000000000 0000000000000000
0x000000ae32afed38:   000002703c590b30 0000000100000001
0x000000ae32afed48:   000000018000ecac 000000018001c558 

Instructions: (pc=0x0000000000000000)
0xffffffffffffffe0:   


Register to memory mapping:

RAX=0x0000000000000000 is an unknown value
RBX=0x0000000000000000 is an unknown value
RCX=0x0000000000000001 is an unknown value
RDX=0x00007ffe84b1f0b8 is an unknown value
RSP=0x000000ae32afec58 is an unknown value
RBP=0x000002701d2983f0 is an unknown value
RSI=0x0000000000010000 is an unknown value
RDI=0x0000000000000000 is an unknown value
R8 =0x000000ae31cb7000 is an unknown value
R9 =0x0000000000000040 is an unknown value
R10=0x0000000000000000 is an unknown value
R11=0x00000270510c26e0 is an unknown value
R12=0x00007ffe7d6fe810 is an unknown value
R13=0x00000000ffffffff is an unknown value
R14=0x00007ffe7d620000 is an unknown value
R15=0x0000000000000001 is an unknown value


Stack: [0x000000ae32a00000,0x000000ae32b00000],  sp=0x000000ae32afec58,  free space=1019k
Native frames: (J=compiled Java code, j=interpreted, Vv=VM code, C=native code)

VM_Operation (0x000000ae321fdce0): Exit, mode: safepoint, requested by thread 0x000002701d277000


---------------  P R O C E S S  ---------------

Java Threads: ( => current thread )
  0x000002703e80d800 JavaThread "Netty Client IO #1" daemon [_thread_blocked, id=16320, stack(0x000000ae35600000,0x000000ae35700000)]
  0x000002703e80e800 JavaThread "Netty Client IO #0" daemon [_thread_in_native, id=14344, stack(0x000000ae35300000,0x000000ae35400000)]
  0x000002703e809000 JavaThread "Keep-Alive-Timer" daemon [_thread_blocked, id=15548, stack(0x000000ae35200000,0x000000ae35300000)]
  0x000002703e80c800 JavaThread "Server Pinger #2" daemon [_thread_blocked, id=8060, stack(0x000000ae34f00000,0x000000ae35000000)]
  0x000002703e808000 JavaThread "Server Pinger #1" daemon [_thread_blocked, id=13300, stack(0x000000ae34e00000,0x000000ae34f00000)]
  0x000002703e80c000 JavaThread "Thread-13" daemon [_thread_in_native, id=7904, stack(0x000000ae33f00000,0x000000ae34000000)]
  0x000002703e80b000 JavaThread "Server Pinger #0" daemon [_thread_blocked, id=860, stack(0x000000ae32000000,0x000000ae32100000)]
  0x000002703762c000 JavaThread "Thread-12" [_thread_blocked, id=10832, stack(0x000000ae34a00000,0x000000ae34b00000)]
  0x0000027037628000 JavaThread "Thread-11" [_thread_blocked, id=15664, stack(0x000000ae34800000,0x000000ae34900000)]
  0x0000027037627800 JavaThread "Chunk Batcher 1" daemon [_thread_blocked, id=14408, stack(0x000000ae34c00000,0x000000ae34d00000)]
  0x0000027037625800 JavaThread "Chunk Batcher 0" daemon [_thread_blocked, id=14072, stack(0x000000ae34600000,0x000000ae34700000)]
  0x000002703e70a800 JavaThread "LWJGL Timer" daemon [_thread_blocked, id=5296, stack(0x000000ae34000000,0x000000ae34100000)]
  0x000002703d961800 JavaThread "Java2D Disposer" daemon [_thread_blocked, id=6404, stack(0x000000ae33b00000,0x000000ae33c00000)]
  0x0000027034e63800 JavaThread "Timer hack thread" daemon [_thread_blocked, id=15280, stack(0x000000ae33a00000,0x000000ae33b00000)]
  0x00000270357da800 JavaThread "Snooper Timer" daemon [_thread_blocked, id=13596, stack(0x000000ae33900000,0x000000ae33a00000)]
  0x000002703472d800 JavaThread "Snooper Timer" daemon [_thread_blocked, id=4644, stack(0x000000ae33800000,0x000000ae33900000)]
  0x00000270322ee000 JavaThread "Service Thread" daemon [_thread_blocked, id=15108, stack(0x000000ae33600000,0x000000ae33700000)]
  0x00000270322eb800 JavaThread "C1 CompilerThread3" daemon [_thread_blocked, id=6492, stack(0x000000ae33500000,0x000000ae33600000)]
  0x00000270322e7800 JavaThread "C2 CompilerThread2" daemon [_thread_blocked, id=8788, stack(0x000000ae33400000,0x000000ae33500000)]
  0x00000270340f3000 JavaThread "C2 CompilerThread1" daemon [_thread_blocked, id=8692, stack(0x000000ae33300000,0x000000ae33400000)]
  0x00000270322d2000 JavaThread "C2 CompilerThread0" daemon [_thread_blocked, id=13152, stack(0x000000ae33200000,0x000000ae33300000)]
  0x00000270322c1800 JavaThread "JDWP Command Reader" daemon [_thread_blocked, id=10656, stack(0x000000ae33100000,0x000000ae33200000)]
  0x00000270322bd000 JavaThread "JDWP Event Helper Thread" daemon [_thread_blocked, id=15128, stack(0x000000ae33000000,0x000000ae33100000)]
  0x00000270322a7800 JavaThread "JDWP Transport Listener: dt_socket" daemon [_thread_blocked, id=9540, stack(0x000000ae32f00000,0x000000ae33000000)]
  0x0000027032296000 JavaThread "Attach Listener" daemon [_thread_blocked, id=10260, stack(0x000000ae32e00000,0x000000ae32f00000)]
  0x0000027032295000 JavaThread "Signal Dispatcher" daemon [_thread_blocked, id=9196, stack(0x000000ae32d00000,0x000000ae32e00000)]
  0x0000027032266800 JavaThread "Finalizer" daemon [_thread_blocked, id=6044, stack(0x000000ae32c00000,0x000000ae32d00000)]
  0x000002703225f800 JavaThread "Reference Handler" daemon [_thread_blocked, id=10592, stack(0x000000ae32b00000,0x000000ae32c00000)]
  0x000002701d277000 JavaThread "Client thread" [_thread_blocked, id=16368, stack(0x000000ae32100000,0x000000ae32200000)]

Other Threads:
=>0x000002703222e800 VMThread [stack: 0x000000ae32a00000,0x000000ae32b00000] [id=14176]

VM state:at safepoint (shutting down)

VM Mutex/Monitor currently owned by a thread:  ([mutex/lock_event])
[0x000002701d275710] Threads_lock - owner thread: 0x000002703222e800

heap address: 0x00000000a1400000, size: 1516 MB, Compressed Oops mode: 32-bit
Narrow klass base: 0x0000000000000000, Narrow klass shift: 3
Compressed class space size: 1073741824 Address: 0x0000000100000000

Heap:
 PSYoungGen      total 422912K, used 11455K [0x00000000e0700000, 0x0000000100000000, 0x0000000100000000)
  eden space 329728K, 3% used [0x00000000e0700000,0x00000000e122fe18,0x00000000f4900000)
  from space 93184K, 0% used [0x00000000fa500000,0x00000000fa500000,0x0000000100000000)
  to   space 93696K, 0% used [0x00000000f4900000,0x00000000f4900000,0x00000000fa480000)
 ParOldGen       total 262656K, used 240499K [0x00000000a1400000, 0x00000000b1480000, 0x00000000e0700000)
  object space 262656K, 91% used [0x00000000a1400000,0x00000000afedccd8,0x00000000b1480000)
 Metaspace       used 50693K, capacity 51191K, committed 51712K, reserved 1095680K
  class space    used 6202K, capacity 6349K, committed 6400K, reserved 1048576K

Card table byte_map: [0x000002702e070000,0x000002702e370000] byte_map_base: 0x000002702db66000

Marking Bits: (ParMarkBitMap*) 0x0000000064027850
 Begin Bits: [0x000002702e570000, 0x000002702fd20000)
 End Bits:   [0x000002702fd20000, 0x00000270314d0000)

Polling page: 0x000002701d4c0000

CodeCache: size=245760Kb used=25858Kb max_used=25858Kb free=219901Kb
 bounds [0x000002701ecb0000, 0x0000027020620000, 0x000002702dcb0000]
 total_blobs=7533 nmethods=6632 adapters=820
 compilation: enabled

Compilation events (10 events):
Event: 123.590 Thread 0x00000270322eb800 8976 %     3       sun.nio.cs.UTF_8$Encoder::encodeArrayLoop @ 109 (489 bytes)
Event: 123.594 Thread 0x00000270322eb800 nmethod 8976% 0x000002702060f1d0 code [0x000002702060f7e0, 0x00000270206134f0]
Event: 123.594 Thread 0x00000270322eb800 8977       3       java.util.logging.LogManager$LoggerContext::getRootLogger (8 bytes)
Event: 123.594 Thread 0x00000270322eb800 nmethod 8977 0x0000027020616810 code [0x0000027020616960, 0x0000027020616b78]
Event: 123.594 Thread 0x00000270322eb800 8978       3       java.util.logging.LogManager$LoggerContext::getGlobalLogger (6 bytes)
Event: 123.594 Thread 0x00000270322eb800 nmethod 8978 0x0000027020616c50 code [0x0000027020616da0, 0x0000027020616ef8]
Event: 123.596 Thread 0x00000270322eb800 8979       3       org.apache.logging.log4j.core.helpers.NameUtil::getSubName (32 bytes)
Event: 123.597 Thread 0x00000270322eb800 nmethod 8979 0x0000027020616f90 code [0x0000027020617120, 0x00000270206176c0]
Event: 123.597 Thread 0x00000270322eb800 8980       1       org.apache.logging.log4j.core.config.LoggerConfig::getLevel (5 bytes)
Event: 123.597 Thread 0x00000270322eb800 nmethod 8980 0x00000270206050d0 code [0x0000027020605220, 0x0000027020605338]

GC Heap History (10 events):
Event: 122.585 GC heap before
{Heap before GC invocations=37 (full 7):
 PSYoungGen      total 425984K, used 48505K [0x00000000e0700000, 0x0000000100000000, 0x0000000100000000)
  eden space 332800K, 0% used [0x00000000e0700000,0x00000000e0700000,0x00000000f4c00000)
  from space 93184K, 52% used [0x00000000fa500000,0x00000000fd45e610,0x0000000100000000)
  to   space 91136K, 0% used [0x00000000f4c00000,0x00000000f4c00000,0x00000000fa500000)
 ParOldGen       total 262656K, used 221708K [0x00000000a1400000, 0x00000000b1480000, 0x00000000e0700000)
  object space 262656K, 84% used [0x00000000a1400000,0x00000000aec83040,0x00000000b1480000)
 Metaspace       used 50673K, capacity 51127K, committed 51712K, reserved 1095680K
  class space    used 6200K, capacity 6349K, committed 6400K, reserved 1048576K
Event: 122.885 GC heap after
Heap after GC invocations=37 (full 7):
 PSYoungGen      total 425984K, used 0K [0x00000000e0700000, 0x0000000100000000, 0x0000000100000000)
  eden space 332800K, 0% used [0x00000000e0700000,0x00000000e0700000,0x00000000f4c00000)
  from space 93184K, 0% used [0x00000000fa500000,0x00000000fa500000,0x0000000100000000)
  to   space 91136K, 0% used [0x00000000f4c00000,0x00000000f4c00000,0x00000000fa500000)
 ParOldGen       total 262656K, used 244809K [0x00000000a1400000, 0x00000000b1480000, 0x00000000e0700000)
  object space 262656K, 93% used [0x00000000a1400000,0x00000000b0312580,0x00000000b1480000)
 Metaspace       used 50673K, capacity 51127K, committed 51712K, reserved 1095680K
  class space    used 6200K, capacity 6349K, committed 6400K, reserved 1048576K
}
Event: 122.916 GC heap before
{Heap before GC invocations=38 (full 7):
 PSYoungGen      total 425984K, used 6719K [0x00000000e0700000, 0x0000000100000000, 0x0000000100000000)
  eden space 332800K, 2% used [0x00000000e0700000,0x00000000e0d8fe60,0x00000000f4c00000)
  from space 93184K, 0% used [0x00000000fa500000,0x00000000fa500000,0x0000000100000000)
  to   space 91136K, 0% used [0x00000000f4c00000,0x00000000f4c00000,0x00000000fa500000)
 ParOldGen       total 262656K, used 244809K [0x00000000a1400000, 0x00000000b1480000, 0x00000000e0700000)
  object space 262656K, 93% used [0x00000000a1400000,0x00000000b0312580,0x00000000b1480000)
 Metaspace       used 50684K, capacity 51127K, committed 51712K, reserved 1095680K
  class space    used 6201K, capacity 6349K, committed 6400K, reserved 1048576K
Event: 122.920 GC heap after
Heap after GC invocations=38 (full 7):
 PSYoungGen      total 423936K, used 704K [0x00000000e0700000, 0x0000000100000000, 0x0000000100000000)
  eden space 332800K, 0% used [0x00000000e0700000,0x00000000e0700000,0x00000000f4c00000)
  from space 91136K, 0% used [0x00000000f4c00000,0x00000000f4cb0000,0x00000000fa500000)
  to   space 93184K, 0% used [0x00000000fa500000,0x00000000fa500000,0x0000000100000000)
 ParOldGen       total 262656K, used 244809K [0x00000000a1400000, 0x00000000b1480000, 0x00000000e0700000)
  object space 262656K, 93% used [0x00000000a1400000,0x00000000b0312580,0x00000000b1480000)
 Metaspace       used 50684K, capacity 51127K, committed 51712K, reserved 1095680K
  class space    used 6201K, capacity 6349K, committed 6400K, reserved 1048576K
}
Event: 122.920 GC heap before
{Heap before GC invocations=39 (full 8):
 PSYoungGen      total 423936K, used 704K [0x00000000e0700000, 0x0000000100000000, 0x0000000100000000)
  eden space 332800K, 0% used [0x00000000e0700000,0x00000000e0700000,0x00000000f4c00000)
  from space 91136K, 0% used [0x00000000f4c00000,0x00000000f4cb0000,0x00000000fa500000)
  to   space 93184K, 0% used [0x00000000fa500000,0x00000000fa500000,0x0000000100000000)
 ParOldGen       total 262656K, used 244809K [0x00000000a1400000, 0x00000000b1480000, 0x00000000e0700000)
  object space 262656K, 93% used [0x00000000a1400000,0x00000000b0312580,0x00000000b1480000)
 Metaspace       used 50684K, capacity 51127K, committed 51712K, reserved 1095680K
  class space    used 6201K, capacity 6349K, committed 6400K, reserved 1048576K
Event: 123.426 GC heap after
Heap after GC invocations=39 (full 8):
 PSYoungGen      total 423936K, used 0K [0x00000000e0700000, 0x0000000100000000, 0x0000000100000000)
  eden space 332800K, 0% used [0x00000000e0700000,0x00000000e0700000,0x00000000f4c00000)
  from space 91136K, 0% used [0x00000000f4c00000,0x00000000f4c00000,0x00000000fa500000)
  to   space 93184K, 0% used [0x00000000fa500000,0x00000000fa500000,0x0000000100000000)
 ParOldGen       total 262656K, used 240501K [0x00000000a1400000, 0x00000000b1480000, 0x00000000e0700000)
  object space 262656K, 91% used [0x00000000a1400000,0x00000000afedd768,0x00000000b1480000)
 Metaspace       used 50684K, capacity 51127K, committed 51712K, reserved 1095680K
  class space    used 6201K, capacity 6349K, committed 6400K, reserved 1048576K
}
Event: 123.427 GC heap before
{Heap before GC invocations=40 (full 8):
 PSYoungGen      total 423936K, used 2095K [0x00000000e0700000, 0x0000000100000000, 0x0000000100000000)
  eden space 332800K, 0% used [0x00000000e0700000,0x00000000e090be90,0x00000000f4c00000)
  from space 91136K, 0% used [0x00000000f4c00000,0x00000000f4c00000,0x00000000fa500000)
  to   space 93184K, 0% used [0x00000000fa500000,0x00000000fa500000,0x0000000100000000)
 ParOldGen       total 262656K, used 240501K [0x00000000a1400000, 0x00000000b1480000, 0x00000000e0700000)
  object space 262656K, 91% used [0x00000000a1400000,0x00000000afedd768,0x00000000b1480000)
 Metaspace       used 50684K, capacity 51127K, committed 51712K, reserved 1095680K
  class space    used 6201K, capacity 6349K, committed 6400K, reserved 1048576K
Event: 123.430 GC heap after
Heap after GC invocations=40 (full 8):
 PSYoungGen      total 422912K, used 64K [0x00000000e0700000, 0x0000000100000000, 0x0000000100000000)
  eden space 329728K, 0% used [0x00000000e0700000,0x00000000e0700000,0x00000000f4900000)
  from space 93184K, 0% used [0x00000000fa500000,0x00000000fa510000,0x0000000100000000)
  to   space 93696K, 0% used [0x00000000f4900000,0x00000000f4900000,0x00000000fa480000)
 ParOldGen       total 262656K, used 240501K [0x00000000a1400000, 0x00000000b1480000, 0x00000000e0700000)
  object space 262656K, 91% used [0x00000000a1400000,0x00000000afedd768,0x00000000b1480000)
 Metaspace       used 50684K, capacity 51127K, committed 51712K, reserved 1095680K
  class space    used 6201K, capacity 6349K, committed 6400K, reserved 1048576K
}
Event: 123.430 GC heap before
{Heap before GC invocations=41 (full 9):
 PSYoungGen      total 422912K, used 64K [0x00000000e0700000, 0x0000000100000000, 0x0000000100000000)
  eden space 329728K, 0% used [0x00000000e0700000,0x00000000e0700000,0x00000000f4900000)
  from space 93184K, 0% used [0x00000000fa500000,0x00000000fa510000,0x0000000100000000)
  to   space 93696K, 0% used [0x00000000f4900000,0x00000000f4900000,0x00000000fa480000)
 ParOldGen       total 262656K, used 240501K [0x00000000a1400000, 0x00000000b1480000, 0x00000000e0700000)
  object space 262656K, 91% used [0x00000000a1400000,0x00000000afedd768,0x00000000b1480000)
 Metaspace       used 50684K, capacity 51127K, committed 51712K, reserved 1095680K
  class space    used 6201K, capacity 6349K, committed 6400K, reserved 1048576K
Event: 123.581 GC heap after
Heap after GC invocations=41 (full 9):
 PSYoungGen      total 422912K, used 0K [0x00000000e0700000, 0x0000000100000000, 0x0000000100000000)
  eden space 329728K, 0% used [0x00000000e0700000,0x00000000e0700000,0x00000000f4900000)
  from space 93184K, 0% used [0x00000000fa500000,0x00000000fa500000,0x0000000100000000)
  to   space 93696K, 0% used [0x00000000f4900000,0x00000000f4900000,0x00000000fa480000)
 ParOldGen       total 262656K, used 240499K [0x00000000a1400000, 0x00000000b1480000, 0x00000000e0700000)
  object space 262656K, 91% used [0x00000000a1400000,0x00000000afedccd8,0x00000000b1480000)
 Metaspace       used 50684K, capacity 51127K, committed 51712K, reserved 1095680K
  class space    used 6201K, capacity 6349K, committed 6400K, reserved 1048576K
}

Deoptimization events (10 events):
Event: 122.507 Thread 0x000002701d277000 Uncommon trap: reason=unstable_if action=reinterpret pc=0x000002701fe1733c method=net.minecraft.client.gui.FontRenderer.getStringWidth(Ljava/lang/String;)I @ 109
Event: 122.508 Thread 0x000002701d277000 Uncommon trap: reason=unstable_if action=reinterpret pc=0x000002701f7e6188 method=net.minecraft.client.renderer.GlStateManager.color(FFFF)V @ 30
Event: 122.527 Thread 0x000002701d277000 Uncommon trap: reason=unstable_if action=reinterpret pc=0x000002702045abac method=net.minecraftforge.fml.common.eventhandler.ASMEventHandler.invoke(Lnet/minecraftforge/fml/common/eventhandler/Event;)V @ 43
Event: 122.531 Thread 0x000002701d277000 Uncommon trap: reason=class_check action=maybe_recompile pc=0x000002701fde25f4 method=com.google.common.collect.Lists.newArrayList(Ljava/lang/Iterable;)Ljava/util/ArrayList; @ 27
Event: 122.534 Thread 0x000002701d277000 Uncommon trap: reason=unstable_if action=reinterpret pc=0x000002701f55ae44 method=java.lang.String.lastIndexOf([CII[CIII)I @ 17
Event: 122.540 Thread 0x000002701d277000 Uncommon trap: reason=unstable_if action=reinterpret pc=0x000002702035029c method=net.minecraft.launchwrapper.LaunchClassLoader.findClass(Ljava/lang/String;)Ljava/lang/Class; @ 10
Event: 122.549 Thread 0x000002701d277000 Uncommon trap: reason=unstable_if action=reinterpret pc=0x000002701f6436dc method=java.util.Formatter$FormatSpecifier.checkGeneral()V @ 6
Event: 122.550 Thread 0x000002701d277000 Uncommon trap: reason=unstable_if action=reinterpret pc=0x000002701f40e000 method=java.util.Formatter$FormatSpecifier.checkGeneral()V @ 6
Event: 123.590 Thread 0x000002701d277000 Uncommon trap: reason=unstable_if action=reinterpret pc=0x000002701fa94e54 method=sun.nio.cs.UTF_8$Encoder.encodeArrayLoop(Ljava/nio/CharBuffer;Ljava/nio/ByteBuffer;)Ljava/nio/charset/CoderResult; @ 87
Event: 123.591 Thread 0x000002701d277000 Uncommon trap: reason=unstable_if action=reinterpret pc=0x000002701f2e31fc method=net.minecraftforge.fml.relauncher.FMLSecurityManager.checkPermission(Ljava/security/Permission;)V @ 23

Classes redefined (0 events):
No events

Internal exceptions (10 events):
Event: 122.269 Thread 0x000002701d277000 Exception <a 'java/lang/NullPointerException'> (0x00000000ed925ed8) thrown at [C:\wsjdk\Corretto8Src\installers\windows\zip\corretto-build\buildRoot\src\hotspot\src\share\vm\runtime\sharedRuntime.cpp, line 610]
Event: 122.302 Thread 0x000002701d277000 Implicit null exception at 0x00000270204f9b98 to 0x00000270204f9f8d
Event: 122.302 Thread 0x000002701d277000 Implicit null exception at 0x00000270204f2f94 to 0x00000270204f337d
Event: 122.539 Thread 0x000002701d277000 NullPointerException at vtable entry 0x000002701eff2330
Event: 122.539 Thread 0x000002701d277000 Exception <a 'java/lang/NullPointerException'> (0x00000000eef11bb8) thrown at [C:\wsjdk\Corretto8Src\installers\windows\zip\corretto-build\buildRoot\src\hotspot\src\share\vm\runtime\sharedRuntime.cpp, line 610]
Event: 122.540 Thread 0x000002701d277000 NullPointerException at vtable entry 0x000002701eff2330
Event: 122.540 Thread 0x000002701d277000 Exception <a 'java/lang/NullPointerException'> (0x00000000eef23c70) thrown at [C:\wsjdk\Corretto8Src\installers\windows\zip\corretto-build\buildRoot\src\hotspot\src\share\vm\runtime\sharedRuntime.cpp, line 610]
Event: 122.545 Thread 0x000002701d277000 Exception <a 'java/lang/NullPointerException'> (0x00000000eefa7878) thrown at [C:\wsjdk\Corretto8Src\installers\windows\zip\corretto-build\buildRoot\src\hotspot\src\share\vm\interpreter\linkResolver.cpp, line 1185]
Event: 122.546 Thread 0x000002701d277000 Exception <a 'java/lang/NullPointerException'> (0x00000000eefac018) thrown at [C:\wsjdk\Corretto8Src\installers\windows\zip\corretto-build\buildRoot\src\hotspot\src\share\vm\interpreter\linkResolver.cpp, line 1185]
Event: 122.915 Thread 0x0000027037628000 Exception <a 'java/lang/InterruptedException': sleep interrupted> (0x00000000e0d1ee00) thrown at [C:\wsjdk\Corretto8Src\installers\windows\zip\corretto-build\buildRoot\src\hotspot\src\share\vm\prims\jvm.cpp, line 3384]

Events (10 events):
Event: 123.597 Thread 0x0000027039ad1800 DEOPT PACKING pc=0x000002701ef13d74 sp=0x000000ae358fe960
Event: 123.597 Thread 0x0000027039ad1800 DEOPT UNPACKING pc=0x000002701ecf71d8 sp=0x000000ae358fe6d8 mode 1
Event: 123.597 Thread 0x0000027039ad1800 DEOPT PACKING pc=0x000002701f3b2908 sp=0x000000ae358fea10
Event: 123.597 Thread 0x0000027039ad1800 DEOPT UNPACKING pc=0x000002701ecf71d8 sp=0x000000ae358fe730 mode 1
Event: 123.597 Thread 0x0000027039ad1800 DEOPT PACKING pc=0x000002701ef76c9c sp=0x000000ae358ff340
Event: 123.597 Thread 0x0000027039ad1800 DEOPT UNPACKING pc=0x000002701ecf71d8 sp=0x000000ae358ff098 mode 1
Event: 123.597 Executing VM operation: RevokeBias
Event: 123.597 Executing VM operation: RevokeBias done
Event: 123.597 Thread 0x0000027039ad1800 Thread exited: 0x0000027039ad1800
Event: 123.601 Executing VM operation: Exit


Dynamic libraries:
0x00007ff6fdee0000 - 0x00007ff6fdf1a000 	C:\Users\Sun3k\.jdks\corretto-1.8.0_332\bin\java.exe
0x00007ffeb6950000 - 0x00007ffeb6b47000 	C:\Windows\SYSTEM32\ntdll.dll
0x00007ffeb49b0000 - 0x00007ffeb4a6d000 	C:\Windows\System32\KERNEL32.DLL
0x00007ffeb4480000 - 0x00007ffeb474d000 	C:\Windows\System32\KERNELBASE.dll
0x00007ffeb5160000 - 0x00007ffeb520e000 	C:\Windows\System32\ADVAPI32.dll
0x00007ffeb62b0000 - 0x00007ffeb634e000 	C:\Windows\System32\msvcrt.dll
0x00007ffeb5f70000 - 0x00007ffeb600c000 	C:\Windows\System32\sechost.dll
0x00007ffeb5210000 - 0x00007ffeb5335000 	C:\Windows\System32\RPCRT4.dll
0x00007ffeb53a0000 - 0x00007ffeb5540000 	C:\Windows\System32\USER32.dll
0x00007ffeb4950000 - 0x00007ffeb4972000 	C:\Windows\System32\win32u.dll
0x00007ffeb61d0000 - 0x00007ffeb61fa000 	C:\Windows\System32\GDI32.dll
0x00007ffeb4220000 - 0x00007ffeb432b000 	C:\Windows\System32\gdi32full.dll
0x00007ffeb43e0000 - 0x00007ffeb447d000 	C:\Windows\System32\msvcp_win.dll
0x00007ffeb47e0000 - 0x00007ffeb48e0000 	C:\Windows\System32\ucrtbase.dll
0x00007ffe9dfe0000 - 0x00007ffe9e27a000 	C:\Windows\WinSxS\amd64_microsoft.windows.common-controls_6595b64144ccf1df_6.0.19041.1110_none_60b5254171f9507e\COMCTL32.dll
0x00007ffeb55a0000 - 0x00007ffeb55d0000 	C:\Windows\System32\IMM32.DLL
0x00007ffeabda0000 - 0x00007ffeabe8f000 	C:\Users\Sun3k\.jdks\corretto-1.8.0_332\jre\bin\msvcr120.dll
0x00007ffe77520000 - 0x00007ffe775c6000 	C:\Users\Sun3k\.jdks\corretto-1.8.0_332\jre\bin\msvcp120.dll
0x0000000063830000 - 0x00000000640a6000 	C:\Users\Sun3k\.jdks\corretto-1.8.0_332\jre\bin\server\jvm.dll
0x00007ffeb61c0000 - 0x00007ffeb61c8000 	C:\Windows\System32\PSAPI.DLL
0x00007ffeab0b0000 - 0x00007ffeab0d7000 	C:\Windows\SYSTEM32\WINMM.dll
0x00007ffe9d810000 - 0x00007ffe9d819000 	C:\Windows\SYSTEM32\WSOCK32.dll
0x00007ffead3a0000 - 0x00007ffead3aa000 	C:\Windows\SYSTEM32\VERSION.dll
0x00007ffeb5060000 - 0x00007ffeb50cb000 	C:\Windows\System32\WS2_32.dll
0x00007ffeaea20000 - 0x00007ffeaea2f000 	C:\Users\Sun3k\.jdks\corretto-1.8.0_332\jre\bin\verify.dll
0x00007ffeae6b0000 - 0x00007ffeae6d9000 	C:\Users\Sun3k\.jdks\corretto-1.8.0_332\jre\bin\java.dll
0x00007ffe9b5b0000 - 0x00007ffe9b5e5000 	C:\Users\Sun3k\.jdks\corretto-1.8.0_332\jre\bin\jdwp.dll
0x00007ffeaeef0000 - 0x00007ffeaeef8000 	C:\Users\Sun3k\.jdks\corretto-1.8.0_332\jre\bin\npt.dll
0x00007ffe9b630000 - 0x00007ffe9b65a000 	C:\Users\Sun3k\.jdks\corretto-1.8.0_332\jre\bin\instrument.dll
0x00007ffeaea00000 - 0x00007ffeaea16000 	C:\Users\Sun3k\.jdks\corretto-1.8.0_332\jre\bin\zip.dll
0x00007ffeb57b0000 - 0x00007ffeb5ef4000 	C:\Windows\System32\SHELL32.dll
0x00007ffeb2170000 - 0x00007ffeb2904000 	C:\Windows\SYSTEM32\windows.storage.dll
0x00007ffeb4a70000 - 0x00007ffeb4dc4000 	C:\Windows\System32\combase.dll
0x00007ffeb3ad0000 - 0x00007ffeb3afc000 	C:\Windows\SYSTEM32\Wldp.dll
0x00007ffeb6200000 - 0x00007ffeb62ad000 	C:\Windows\System32\SHCORE.dll
0x00007ffeb5540000 - 0x00007ffeb5595000 	C:\Windows\System32\shlwapi.dll
0x00007ffeb3fb0000 - 0x00007ffeb3fcf000 	C:\Windows\SYSTEM32\profapi.dll
0x00007ffe9d9f0000 - 0x00007ffe9d9f9000 	C:\Users\Sun3k\.jdks\corretto-1.8.0_332\jre\bin\dt_socket.dll
0x00007ffeb3830000 - 0x00007ffeb389a000 	C:\Windows\system32\mswsock.dll
0x00007ffeafd00000 - 0x00007ffeafd0d000 	C:\Users\Sun3k\.jdks\corretto-1.8.0_332\jre\bin\management.dll
0x00007ffeae690000 - 0x00007ffeae6aa000 	C:\Users\Sun3k\.jdks\corretto-1.8.0_332\jre\bin\net.dll
0x00007ffeae670000 - 0x00007ffeae682000 	C:\Users\Sun3k\.jdks\corretto-1.8.0_332\jre\bin\nio.dll
0x00007ffeb3a20000 - 0x00007ffeb3a38000 	C:\Windows\SYSTEM32\CRYPTSP.dll
0x00007ffeb3140000 - 0x00007ffeb3174000 	C:\Windows\system32\rsaenh.dll
0x00007ffeb4980000 - 0x00007ffeb49a7000 	C:\Windows\System32\bcrypt.dll
0x00007ffeb3f30000 - 0x00007ffeb3f5e000 	C:\Windows\SYSTEM32\USERENV.dll
0x00007ffeb4750000 - 0x00007ffeb47d2000 	C:\Windows\System32\bcryptprimitives.dll
0x00007ffeb3a40000 - 0x00007ffeb3a4c000 	C:\Windows\SYSTEM32\CRYPTBASE.dll
0x00007ffeb34b0000 - 0x00007ffeb34eb000 	C:\Windows\SYSTEM32\IPHLPAPI.DLL
0x00007ffeb5f60000 - 0x00007ffeb5f68000 	C:\Windows\System32\NSI.dll
0x00007ffea8bc0000 - 0x00007ffea8bd7000 	C:\Windows\SYSTEM32\dhcpcsvc6.DLL
0x00007ffeab020000 - 0x00007ffeab03d000 	C:\Windows\SYSTEM32\dhcpcsvc.DLL
0x00007ffeb34f0000 - 0x00007ffeb35bb000 	C:\Windows\SYSTEM32\DNSAPI.dll
0x00007ffe9b580000 - 0x00007ffe9b58a000 	C:\Users\Sun3k\AppData\Local\Temp\jansi-64-8051886467776682492.dll
0x00007ffe77a30000 - 0x00007ffe77a47000 	C:\Windows\system32\napinsp.dll
0x00007ffe629d0000 - 0x00007ffe629eb000 	C:\Windows\system32\pnrpnsp.dll
0x00007ffeaee60000 - 0x00007ffeaee75000 	C:\Windows\system32\wshbth.dll
0x00007ffeafbb0000 - 0x00007ffeafbcd000 	C:\Windows\system32\NLAapi.dll
0x00007ffe629b0000 - 0x00007ffe629c2000 	C:\Windows\System32\winrnr.dll
0x00007ffea8160000 - 0x00007ffea816a000 	C:\Windows\System32\rasadhlp.dll
0x00007ffea7d30000 - 0x00007ffea7db0000 	C:\Windows\System32\fwpuclnt.dll
0x00007ffeafcb0000 - 0x00007ffeafcd3000 	C:\Users\Sun3k\.jdks\corretto-1.8.0_332\jre\bin\sunec.dll
0x00007ffeafcf0000 - 0x00007ffeafcfc000 	C:\Users\Sun3k\.jdks\corretto-1.8.0_332\jre\bin\sunmscapi.dll
0x00007ffeb4070000 - 0x00007ffeb41c6000 	C:\Windows\System32\CRYPT32.dll
0x00007ffeb3b40000 - 0x00007ffeb3b67000 	C:\Windows\SYSTEM32\ncrypt.dll
0x00007ffeb3b00000 - 0x00007ffeb3b3b000 	C:\Windows\SYSTEM32\NTASN1.dll
0x0000000180000000 - 0x0000000180053000 	C:\Users\Sun3k\.gradle\caches\minecraft\net\minecraft\natives\1.8.9\lwjgl64.dll
0x00007ffe7d620000 - 0x00007ffe7d746000 	C:\Windows\SYSTEM32\OPENGL32.dll
0x00007ffe7d5f0000 - 0x00007ffe7d61c000 	C:\Windows\SYSTEM32\GLU32.dll
0x00007ffe53e90000 - 0x00007ffe54025000 	C:\Users\Sun3k\.jdks\corretto-1.8.0_332\jre\bin\awt.dll
0x00007ffeb60f0000 - 0x00007ffeb61bd000 	C:\Windows\System32\OLEAUT32.dll
0x00007ffeb18b0000 - 0x00007ffeb1940000 	C:\Windows\SYSTEM32\apphelp.dll
0x00007ffeaeb70000 - 0x00007ffeaec1e000 	C:\Windows\SYSTEM32\mscms.dll
0x00007ffeaeb50000 - 0x00007ffeaeb61000 	C:\Windows\SYSTEM32\ColorAdapterClient.dll
0x00007ffeb1f70000 - 0x00007ffeb1f82000 	C:\Windows\SYSTEM32\kernel.appcore.dll
0x00007ffeb55d0000 - 0x00007ffeb5679000 	C:\Windows\System32\clbcatq.dll
0x00007ffeac730000 - 0x00007ffeac773000 	C:\Windows\System32\Windows.Internal.Graphics.Display.DisplayColorManagement.dll
0x00007ffeb41d0000 - 0x00007ffeb421e000 	C:\Windows\System32\cfgmgr32.dll
0x00007ffeb1a70000 - 0x00007ffeb1b0e000 	C:\Windows\system32\uxtheme.dll
0x00007ffeb5690000 - 0x00007ffeb57a5000 	C:\Windows\System32\MSCTF.dll
0x00007ffea19f0000 - 0x00007ffea1ae9000 	C:\Windows\SYSTEM32\textinputframework.dll
0x00007ffeb15a0000 - 0x00007ffeb1692000 	C:\Windows\System32\CoreMessaging.dll
0x00007ffeb0ec0000 - 0x00007ffeb121e000 	C:\Windows\System32\CoreUIComponents.dll
0x00007ffeb2d70000 - 0x00007ffeb2da3000 	C:\Windows\SYSTEM32\ntmarta.dll
0x00007ffeafee0000 - 0x00007ffeb0034000 	C:\Windows\SYSTEM32\wintypes.dll
0x00007ffead280000 - 0x00007ffead377000 	C:\Windows\System32\AppXDeploymentClient.dll
0x00007ffe96260000 - 0x00007ffe9628c000 	C:\Windows\System32\DriverStore\FileRepository\u0375335.inf_amd64_7de275617d9da25a\B374868\atig6pxx.dll
0x00007ffe47b80000 - 0x00007ffe4a9c3000 	C:\Windows\System32\DriverStore\FileRepository\u0375335.inf_amd64_7de275617d9da25a\B374868\atio6axx.dll
0x00007ffeb6350000 - 0x00007ffeb67bf000 	C:\Windows\System32\SETUPAPI.dll
0x00007ffeb67e0000 - 0x00007ffeb690a000 	C:\Windows\System32\ole32.dll
0x00007ffe9f7f0000 - 0x00007ffe9f814000 	C:\Windows\SYSTEM32\dxva2.dll
0x00007ffeb1c80000 - 0x00007ffeb1caf000 	C:\Windows\SYSTEM32\dwmapi.dll
0x00007ffe96220000 - 0x00007ffe9625f000 	C:\Windows\System32\DriverStore\FileRepository\u0375335.inf_amd64_7de275617d9da25a\B374868\atig6txx.dll
0x00007ffe6eee0000 - 0x00007ffe6f0b4000 	C:\Windows\SYSTEM32\atiadlxx.dll
0x00007ffeafab0000 - 0x00007ffeafba6000 	C:\Windows\SYSTEM32\PROPSYS.dll
0x00007ffe92cf0000 - 0x00007ffe92d39000 	C:\Windows\SYSTEM32\pdh.dll
0x00007ffeb3e20000 - 0x00007ffeb3e4c000 	C:\Windows\SYSTEM32\DEVOBJ.dll
0x00007ffeb48e0000 - 0x00007ffeb4947000 	C:\Windows\System32\WINTRUST.dll
0x00007ffeb3c60000 - 0x00007ffeb3c72000 	C:\Windows\SYSTEM32\MSASN1.dll
0x00007ffeabd00000 - 0x00007ffeabd3b000 	C:\Windows\SYSTEM32\dxcore.dll
0x00007ffe671f0000 - 0x00007ffe67233000 	C:\Windows\SYSTEM32\icm32.dll
0x000002703c9c0000 - 0x000002703c9f8000 	C:\Users\Sun3k\AppData\Local\Temp\jna\jna5533757089158600062.dll
0x00007ffe84ae0000 - 0x00007ffe84b2b000 	C:\ProgramData\obs-studio-hook\graphics-hook64.dll
0x00007ffeb0040000 - 0x00007ffeb02a3000 	C:\Windows\system32\d3d11.dll
0x00007ffeb2970000 - 0x00007ffeb2a63000 	C:\Windows\SYSTEM32\dxgi.dll
0x00007ffeab0e0000 - 0x00007ffeab298000 	C:\Windows\System32\DriverStore\FileRepository\u0375335.inf_amd64_7de275617d9da25a\B374868\aticfx64.dll
0x00007ffeaaf50000 - 0x00007ffeaaf89000 	C:\Windows\System32\DriverStore\FileRepository\u0375335.inf_amd64_7de275617d9da25a\B374868\atiuxp64.dll
0x00007ffea8df0000 - 0x00007ffeaad27000 	C:\Windows\System32\DriverStore\FileRepository\u0375335.inf_amd64_7de275617d9da25a\B374868\atidxx64.dll
0x00007ffea8ab0000 - 0x00007ffea8ae0000 	C:\Windows\SYSTEM32\amdihk64.dll
0x00007ffea8200000 - 0x00007ffea822b000 	C:\Windows\SYSTEM32\D3DSCache.dll
0x00007ffeada20000 - 0x00007ffeadc20000 	C:\Windows\SYSTEM32\twinapi.appcore.dll
0x0000000070a40000 - 0x0000000070adc000 	C:\Users\Sun3k\.gradle\caches\minecraft\net\minecraft\natives\1.8.9\avutil-ttv-51.dll
0x0000000065980000 - 0x00000000659d6000 	C:\Users\Sun3k\.gradle\caches\minecraft\net\minecraft\natives\1.8.9\swresample-ttv-0.dll
0x000000006eb80000 - 0x000000006ec50000 	C:\Users\Sun3k\.gradle\caches\minecraft\net\minecraft\natives\1.8.9\libmp3lame-ttv.dll
0x00007ffe51770000 - 0x00007ffe52b14000 	C:\Users\Sun3k\.gradle\caches\minecraft\net\minecraft\natives\1.8.9\libmfxsw64.dll
0x00007ffe60740000 - 0x00007ffe608ad000 	C:\Users\Sun3k\.gradle\caches\minecraft\net\minecraft\natives\1.8.9\twitchsdk.dll
0x00007ffe99ea0000 - 0x00007ffe9a376000 	C:\Windows\SYSTEM32\WININET.dll
0x0000027043bc0000 - 0x0000027043c24000 	C:\Users\Sun3k\.gradle\caches\minecraft\net\minecraft\natives\1.8.9\OpenAL64.dll
0x00007ffeaad30000 - 0x00007ffeaadb5000 	C:\Windows\System32\MMDevApi.dll
0x00007ffe7eb30000 - 0x00007ffe7ebcc000 	C:\Windows\SYSTEM32\dsound.dll
0x00007ffeb3730000 - 0x00007ffeb377b000 	C:\Windows\SYSTEM32\powrprof.dll
0x00007ffe9a760000 - 0x00007ffe9a786000 	C:\Windows\SYSTEM32\winmmbase.dll
0x00007ffeb3630000 - 0x00007ffeb3642000 	C:\Windows\SYSTEM32\UMPDC.dll
0x00007ffeaadc0000 - 0x00007ffeaaf42000 	C:\Windows\SYSTEM32\AUDIOSES.DLL
0x00007ffeb1b80000 - 0x00007ffeb1b94000 	C:\Windows\SYSTEM32\resourcepolicyclient.dll
0x00007ffe9faf0000 - 0x00007ffe9fcd4000 	C:\Windows\SYSTEM32\dbghelp.dll

VM Arguments:
jvm_args: -agentlib:jdwp=transport=dt_socket,address=127.0.0.1:57096,suspend=y,server=n -javaagent:C:\Users\Sun3k\AppData\Local\JetBrains\IdeaIC2022.1\captureAgent\debugger-agent.jar -Dfile.encoding=UTF-8 
java_command: GradleStart --mixin mixins.sunrise.json --tweakClass org.spongepowered.asm.launch.MixinTweaker -Ddevauth.account --javaagent:C:\Users\Sun3k\.gradle\caches\modules-2\files-2.1\org.spongepowered\mixin\0.7.11-SNAPSHOT\7a670207bdb97db418118ad1e9bb42424ff3776d\mixin-0.7.11-SNAPSHOT.jar
java_class_path (initial): C:\Users\Sun3k\.jdks\corretto-1.8.0_332\jre\lib\charsets.jar;C:\Users\Sun3k\.jdks\corretto-1.8.0_332\jre\lib\ext\access-bridge-64.jar;C:\Users\Sun3k\.jdks\corretto-1.8.0_332\jre\lib\ext\cldrdata.jar;C:\Users\Sun3k\.jdks\corretto-1.8.0_332\jre\lib\ext\dnsns.jar;C:\Users\Sun3k\.jdks\corretto-1.8.0_332\jre\lib\ext\jaccess.jar;C:\Users\Sun3k\.jdks\corretto-1.8.0_332\jre\lib\ext\jfxrt.jar;C:\Users\Sun3k\.jdks\corretto-1.8.0_332\jre\lib\ext\localedata.jar;C:\Users\Sun3k\.jdks\corretto-1.8.0_332\jre\lib\ext\nashorn.jar;C:\Users\Sun3k\.jdks\corretto-1.8.0_332\jre\lib\ext\sunec.jar;C:\Users\Sun3k\.jdks\corretto-1.8.0_332\jre\lib\ext\sunjce_provider.jar;C:\Users\Sun3k\.jdks\corretto-1.8.0_332\jre\lib\ext\sunmscapi.jar;C:\Users\Sun3k\.jdks\corretto-1.8.0_332\jre\lib\ext\sunpkcs11.jar;C:\Users\Sun3k\.jdks\corretto-1.8.0_332\jre\lib\ext\zipfs.jar;C:\Users\Sun3k\.jdks\corretto-1.8.0_332\jre\lib\jce.jar;C:\Users\Sun3k\.jdks\corretto-1.8.0_332\jre\lib\jfr.jar;C:\Users\Sun3k\.jdks\corretto-1.8.0_332\jre\lib\jfxswt.jar;C:\Users\Sun3k\.jdks\corretto-1.8.0_332\jre\lib\jsse.jar;C:\Users\Sun3k\.jdks\corretto-1.8.0_332\jre\lib\management-agent.jar;C:\Users\Sun3k\.jdks\corretto-1.8.0_332\jre\lib\resources.jar;C:\Users\Sun3k\.jdks\corretto-1.8.0_332\jre\lib\rt.jar;C:\Users\Sun3k\IdeaProjects\Sunrise8\build\classes\java\main;C:\Users\Sun3k\.gradle\caches\minecraft\deobfedDeps\compileDummy.jar;C:\Users\Sun3k\.gradle\caches\minecraft\deobfedDeps\providedDummy.jar;C:\Users\Sun3k\.gradle\caches\modules-2\files-2.1\org.spongepowered\mixin\0.7.11-SNAPSHOT\7a670207bdb97db418118ad1e9bb42424ff3776d\mixin-0.7.11-SNAPSHOT.jar;C:\Users\Sun3k\.gradle\caches\modules-2\files-2.1\gg.essential\elementa-1.8.9-forge\507\38e5ea484636664fc185041360ee5e86cfc147b5\elementa-1.8.9-forge-507.jar;C:\Users\Sun3k\.gradle\caches\modules-2\files-2.1\com.google.guava\guava\17.0\9c6ef172e8de35fd8d4d8783e4821e57cdef7445\guava-17.0.jar;C:\Users\Sun3k\.gradle\caches\modules-2\files-2.1\commons-io\c
Launcher Type: SUN_STANDARD

Environment Variables:
JAVA_HOME=C:\Program Files\OpenJDK\jdk-18
PATH=C:\Windows\system32;C:\Windows;C:\Windows\System32\Wbem;C:\Windows\System32\WindowsPowerShell\v1.0\;C:\Windows\System32\OpenSSH\;C:\ProgramData\chocolatey\bin;C:\Program Files\Microsoft VS Code\bin;C:\Program Files (x86)\Yarn\bin\;C:\Program Files\nodejs\;C:\Program Files\Git\cmd;C:\Program Files\OpenJDK\jdk-18\bin;C:\Program Files\dotnet\;C:\Users\Sun3k\AppData\Local\Programs\Python\Python310\Scripts\;C:\Users\Sun3k\AppData\Local\Programs\Python\Python310\;C:\Users\Sun3k\AppData\Local\Microsoft\WindowsApps;C:\Users\Sun3k\AppData\Local\Yarn\bin;C:\Users\Sun3k\AppData\Roaming\npm;C:\Program Files\Oracle\VirtualBox;C:\Program Files\heroku\bin;C:\Program Files\JetBrains\IntelliJ IDEA Community Edition 2022.1.1\bin;;C:\Users\Sun3k\.dotnet\tools
USERNAME=Sun3k
OS=Windows_NT
PROCESSOR_IDENTIFIER=AMD64 Family 23 Model 24 Stepping 1, AuthenticAMD



---------------  S Y S T E M  ---------------

OS: Windows 10.0 , 64 bit Build 19041 (10.0.19041.1741)

CPU:total 8 (initial active 8) (8 cores per cpu, 1 threads per core) family 23 model 24 stepping 1, cmov, cx8, fxsr, mmx, sse, sse2, sse3, ssse3, sse4.1, sse4.2, popcnt, avx, avx2, aes, clmul, mmxext, 3dnowpref, lzcnt, sse4a, tsc, tscinvbit, tscinv, bmi1

Memory: 4k page, physical 6206224k(1535400k free), swap 19837712k(4758044k free)

vm_info: OpenJDK 64-Bit Server VM (25.332-b08) for windows-amd64 JRE (1.8.0_332-b08), built on Apr 16 2022 08:31:02 by "Administrator" with MS VC++ 12.0 (VS2013)

time: Mon Jun 20 16:10:31 2022
timezone: South Sudan Standard Time
elapsed time: 124.013102 seconds (0d 0h 2m 4s)

