#
# A fatal error has been detected by the Java Runtime Environment:
#
#  EXCEPTION_ACCESS_VIOLATION (0xc0000005) at pc=0x0000000000000000, pid=14028, tid=0x0000000000002bb8
#
# JRE version: OpenJDK Runtime Environment (8.0_332-b08) (build 1.8.0_332-b08)
# Java VM: OpenJDK 64-Bit Server VM (25.332-b08 mixed mode windows-amd64 compressed oops)
# Problematic frame:
# C  0x0000000000000000
#
# Failed to write core dump. Minidumps are not enabled by default on client versions of Windows
#
# If you would like to submit a bug report, please visit:
#   https://github.com/corretto/corretto-8/issues/
#

---------------  T H R E A D  ---------------

Current thread (0x0000027028b9c000):  VMThread [stack: 0x000000be06a00000,0x000000be06b00000] [id=11192]

siginfo: ExceptionCode=0xc0000005, ExceptionInformation=0x0000000000000008 0x0000000000000000

Registers:
RAX=0x0000000000000000, RBX=0x0000000000000000, RCX=0x0000000000000001, RDX=0x00007ffe54b8f0b8
RSP=0x000000be06afecb8, RBP=0x0000027013c2a630, RSI=0x0000000000010000, RDI=0x0000000000000000
R8 =0x000000be05daa000, R9 =0x0000000000000040, R10=0x0000000000000280, R11=0x000002702ee6e690
R12=0x00007ffe7d6fe810, R13=0x0000000000000082, R14=0x00007ffe7d620000, R15=0x0000000000000001
RIP=0x0000000000000000, EFLAGS=0x0000000000010202

Top of Stack: (sp=0x000000be06afecb8)
0x000000be06afecb8:   00007ffe54b52f2c 0000000000000000
0x000000be06afecc8:   0000027013c2a630 0000000000000082
0x000000be06afecd8:   0000000000010000 0000000000000000
0x000000be06afece8:   00007ffe54b5406e 0000000000000000
0x000000be06afecf8:   0000027013c2a630 0000000000010000
0x000000be06afed08:   000002702d7308d8 0000000000000001
0x000000be06afed18:   00007ffe7d626e2e 0000000000000000
0x000000be06afed28:   0000000000000001 000000018004bb20
0x000000be06afed38:   0000000000000000 0000000000000001
0x000000be06afed48:   00007ffe7d627276 0000000000000000
0x000000be06afed58:   0000027013c2a630 0000000000000001
0x000000be06afed68:   0000000000000001 0000000000000000
0x000000be06afed78:   00007ffe7d6fe94f 0000000000000001
0x000000be06afed88:   0000000000000000 0000000000000000
0x000000be06afed98:   000002702f0b0b30 0000000100000001
0x000000be06afeda8:   000000018000ecac 000000018001c558 

Instructions: (pc=0x0000000000000000)
0xffffffffffffffe0:   


Register to memory mapping:

RAX=0x0000000000000000 is an unknown value
RBX=0x0000000000000000 is an unknown value
RCX=0x0000000000000001 is an unknown value
RDX=0x00007ffe54b8f0b8 is an unknown value
RSP=0x000000be06afecb8 is an unknown value
RBP=0x0000027013c2a630 is an unknown value
RSI=0x0000000000010000 is an unknown value
RDI=0x0000000000000000 is an unknown value
R8 =0x000000be05daa000 is an unknown value
R9 =0x0000000000000040 is an unknown value
R10=0x0000000000000280 is an unknown value
R11=0x000002702ee6e690 is an unknown value
R12=0x00007ffe7d6fe810 is an unknown value
R13=0x0000000000000082 is an unknown value
R14=0x00007ffe7d620000 is an unknown value
R15=0x0000000000000001 is an unknown value


Stack: [0x000000be06a00000,0x000000be06b00000],  sp=0x000000be06afecb8,  free space=1019k
Native frames: (J=compiled Java code, j=interpreted, Vv=VM code, C=native code)

VM_Operation (0x000000be05efedf0): Exit, mode: safepoint, requested by thread 0x000002702dc9c000


---------------  P R O C E S S  ---------------

Java Threads: ( => current thread )
  0x000002702dc9c000 JavaThread "SIGINT handler" daemon [_thread_blocked, id=9368, stack(0x000000be05e00000,0x000000be05f00000)]
  0x000002702dc9b800 JavaThread "Netty Client IO #7" daemon [_thread_blocked, id=21208, stack(0x000000be09600000,0x000000be09700000)]
  0x000002702dc9d000 JavaThread "Netty Client IO #6" daemon [_thread_in_native, id=13912, stack(0x000000be09e00000,0x000000be09f00000)]
  0x000002702dc9a800 JavaThread "Netty Client IO #5" daemon [_thread_in_native, id=20308, stack(0x000000be09d00000,0x000000be09e00000)]
  0x000002702dc99000 JavaThread "Netty Client IO #0" daemon [_thread_in_native, id=9852, stack(0x000000be09b00000,0x000000be09c00000)]
  0x00000270326a9800 JavaThread "Netty Client IO #2" daemon [_thread_in_native, id=9356, stack(0x000000be09a00000,0x000000be09b00000)]
  0x00000270326ab000 JavaThread "Netty Client IO #3" daemon [_thread_in_native, id=19984, stack(0x000000be09900000,0x000000be09a00000)]
  0x00000270326aa800 JavaThread "Netty Client IO #4" daemon [_thread_in_native, id=14224, stack(0x000000be09800000,0x000000be09900000)]
  0x00000270326a9000 JavaThread "Netty Client IO #1" daemon [_thread_in_native, id=19628, stack(0x000000be09700000,0x000000be09800000)]
  0x00000270326a8000 JavaThread "Server Pinger #4" daemon [_thread_blocked, id=16952, stack(0x000000be09500000,0x000000be09600000)]
  0x00000270326a7000 JavaThread "Server Pinger #3" daemon [_thread_blocked, id=21840, stack(0x000000be09400000,0x000000be09500000)]
  0x00000270326a6800 JavaThread "Server Pinger #2" daemon [_thread_blocked, id=13828, stack(0x000000be09300000,0x000000be09400000)]
  0x00000270326a5800 JavaThread "Server Pinger #1" daemon [_thread_blocked, id=7568, stack(0x000000be09200000,0x000000be09300000)]
  0x00000270326a5000 JavaThread "Thread-13" daemon [_thread_in_native, id=10088, stack(0x000000be09100000,0x000000be09200000)]
  0x000002703269d000 JavaThread "Server Pinger #0" daemon [_thread_blocked, id=21136, stack(0x000000be09000000,0x000000be09100000)]
  0x000002703269e800 JavaThread "Thread-12" [_thread_blocked, id=16856, stack(0x000000be08c00000,0x000000be08d00000)]
  0x00000270326a4000 JavaThread "Thread-11" [_thread_blocked, id=4856, stack(0x000000be08a00000,0x000000be08b00000)]
  0x00000270326a0000 JavaThread "Chunk Batcher 1" daemon [_thread_blocked, id=12080, stack(0x000000be08800000,0x000000be08900000)]
  0x00000270326a3800 JavaThread "Chunk Batcher 0" daemon [_thread_blocked, id=11768, stack(0x000000be08700000,0x000000be08800000)]
  0x00000270326a1000 JavaThread "LWJGL Timer" daemon [_thread_blocked, id=4664, stack(0x000000be08000000,0x000000be08100000)]
  0x0000027032447800 JavaThread "Java2D Disposer" daemon [_thread_blocked, id=16164, stack(0x000000be07b00000,0x000000be07c00000)]
  0x0000027032447000 JavaThread "Timer hack thread" daemon [_thread_blocked, id=15860, stack(0x000000be07a00000,0x000000be07b00000)]
  0x0000027032448800 JavaThread "Snooper Timer" daemon [_thread_blocked, id=5452, stack(0x000000be07900000,0x000000be07a00000)]
  0x0000027032449800 JavaThread "Snooper Timer" daemon [_thread_blocked, id=5552, stack(0x000000be07800000,0x000000be07900000)]
  0x000002702aaef800 JavaThread "Service Thread" daemon [_thread_blocked, id=7048, stack(0x000000be07600000,0x000000be07700000)]
  0x000002702aacc000 JavaThread "C1 CompilerThread3" daemon [_thread_blocked, id=18328, stack(0x000000be07500000,0x000000be07600000)]
  0x000002702aa6c800 JavaThread "C2 CompilerThread2" daemon [_thread_blocked, id=5964, stack(0x000000be07400000,0x000000be07500000)]
  0x0000027028c50000 JavaThread "C2 CompilerThread1" daemon [_thread_blocked, id=15160, stack(0x000000be07300000,0x000000be07400000)]
  0x0000027028c3e000 JavaThread "C2 CompilerThread0" daemon [_thread_blocked, id=11988, stack(0x000000be07200000,0x000000be07300000)]
  0x0000027028c24800 JavaThread "JDWP Event Helper Thread" daemon [_thread_blocked, id=18008, stack(0x000000be07000000,0x000000be07100000)]
  0x0000027028c03800 JavaThread "Attach Listener" daemon [_thread_blocked, id=788, stack(0x000000be06e00000,0x000000be06f00000)]
  0x0000027028c02800 JavaThread "Signal Dispatcher" daemon [_thread_blocked, id=16296, stack(0x000000be06d00000,0x000000be06e00000)]
  0x0000027028bd5000 JavaThread "Finalizer" daemon [_thread_blocked, id=18280, stack(0x000000be06c00000,0x000000be06d00000)]
  0x0000027028bcd800 JavaThread "Reference Handler" daemon [_thread_blocked, id=18408, stack(0x000000be06b00000,0x000000be06c00000)]
  0x0000027013c07000 JavaThread "Client thread" [_thread_blocked, id=13840, stack(0x000000be06100000,0x000000be06200000)]

Other Threads:
=>0x0000027028b9c000 VMThread [stack: 0x000000be06a00000,0x000000be06b00000] [id=11192]

VM state:at safepoint (shutting down)

VM Mutex/Monitor currently owned by a thread:  ([mutex/lock_event])
[0x0000027013c05da0] Threads_lock - owner thread: 0x0000027028b9c000

heap address: 0x00000000a1400000, size: 1516 MB, Compressed Oops mode: 32-bit
Narrow klass base: 0x0000000000000000, Narrow klass shift: 3
Compressed class space size: 1073741824 Address: 0x0000000100000000

Heap:
 PSYoungGen      total 451584K, used 351732K [0x00000000e0700000, 0x00000000ff600000, 0x0000000100000000)
  eden space 402944K, 83% used [0x00000000e0700000,0x00000000f4f6c290,0x00000000f9080000)
  from space 48640K, 31% used [0x00000000f9080000,0x00000000f9f90f10,0x00000000fc000000)
  to   space 46592K, 0% used [0x00000000fc880000,0x00000000fc880000,0x00000000ff600000)
 ParOldGen       total 395776K, used 265389K [0x00000000a1400000, 0x00000000b9680000, 0x00000000e0700000)
  object space 395776K, 67% used [0x00000000a1400000,0x00000000b172b490,0x00000000b9680000)
 Metaspace       used 52850K, capacity 53379K, committed 53888K, reserved 1097728K
  class space    used 6276K, capacity 6436K, committed 6528K, reserved 1048576K

Card table byte_map: [0x0000027024a00000,0x0000027024d00000] byte_map_base: 0x00000270244f6000

Marking Bits: (ParMarkBitMap*) 0x0000000064027850
 Begin Bits: [0x0000027024f00000, 0x00000270266b0000)
 End Bits:   [0x00000270266b0000, 0x0000027027e60000)

Polling page: 0x0000027013e20000

CodeCache: size=245760Kb used=37962Kb max_used=38307Kb free=207797Kb
 bounds [0x0000027015640000, 0x0000027017bf0000, 0x0000027024640000]
 total_blobs=9951 nmethods=9044 adapters=824
 compilation: enabled

Compilation events (10 events):
Event: 216.778 Thread 0x000002702aacc000 12884       3       net.minecraft.client.particle.EntityReddustFX::<init> (18 bytes)
Event: 216.778 Thread 0x000002702aacc000 nmethod 12884 0x0000027017689590 code [0x0000027017689720, 0x0000027017689950]
Event: 217.255 Thread 0x000002702aacc000 12885       3       java.util.logging.LogManager$LoggerContext::getRootLogger (8 bytes)
Event: 217.255 Thread 0x000002702aacc000 nmethod 12885 0x00000270171bba50 code [0x00000270171bbba0, 0x00000270171bbdb8]
Event: 217.257 Thread 0x000002702aacc000 12886       3       java.util.logging.LogManager$LoggerContext::getGlobalLogger (6 bytes)
Event: 217.257 Thread 0x000002702aacc000 nmethod 12886 0x0000027015e3fad0 code [0x0000027015e3fc20, 0x0000027015e3fd78]
Event: 217.261 Thread 0x000002702aacc000 12887       3       org.apache.logging.log4j.core.helpers.NameUtil::getSubName (32 bytes)
Event: 217.261 Thread 0x000002702aacc000 nmethod 12887 0x00000270174bc090 code [0x00000270174bc220, 0x00000270174bc7c0]
Event: 217.264 Thread 0x000002702aacc000 12888       1       org.apache.logging.log4j.core.config.LoggerConfig::getLevel (5 bytes)
Event: 217.264 Thread 0x000002702aacc000 nmethod 12888 0x0000027016f7ed50 code [0x0000027016f7eea0, 0x0000027016f7efb8]

GC Heap History (10 events):
Event: 193.735 GC heap before
{Heap before GC invocations=70 (full 7):
 PSYoungGen      total 434688K, used 396446K [0x00000000e0700000, 0x00000000fed80000, 0x0000000100000000)
  eden space 379392K, 100% used [0x00000000e0700000,0x00000000f7980000,0x00000000f7980000)
  from space 55296K, 30% used [0x00000000fb780000,0x00000000fc827bd0,0x00000000fed80000)
  to   space 59392K, 0% used [0x00000000f7980000,0x00000000f7980000,0x00000000fb380000)
 ParOldGen       total 395776K, used 262374K [0x00000000a1400000, 0x00000000b9680000, 0x00000000e0700000)
  object space 395776K, 66% used [0x00000000a1400000,0x00000000b1439b30,0x00000000b9680000)
 Metaspace       used 52822K, capacity 53373K, committed 53888K, reserved 1097728K
  class space    used 6273K, capacity 6435K, committed 6528K, reserved 1048576K
Event: 193.760 GC heap after
Heap after GC invocations=70 (full 7):
 PSYoungGen      total 438784K, used 17208K [0x00000000e0700000, 0x00000000ff400000, 0x0000000100000000)
  eden space 379392K, 0% used [0x00000000e0700000,0x00000000e0700000,0x00000000f7980000)
  from space 59392K, 28% used [0x00000000f7980000,0x00000000f8a4e1e0,0x00000000fb380000)
  to   space 56320K, 0% used [0x00000000fbd00000,0x00000000fbd00000,0x00000000ff400000)
 ParOldGen       total 395776K, used 262438K [0x00000000a1400000, 0x00000000b9680000, 0x00000000e0700000)
  object space 395776K, 66% used [0x00000000a1400000,0x00000000b1449b30,0x00000000b9680000)
 Metaspace       used 52822K, capacity 53373K, committed 53888K, reserved 1097728K
  class space    used 6273K, capacity 6435K, committed 6528K, reserved 1048576K
}
Event: 197.951 GC heap before
{Heap before GC invocations=71 (full 7):
 PSYoungGen      total 438784K, used 396600K [0x00000000e0700000, 0x00000000ff400000, 0x0000000100000000)
  eden space 379392K, 100% used [0x00000000e0700000,0x00000000f7980000,0x00000000f7980000)
  from space 59392K, 28% used [0x00000000f7980000,0x00000000f8a4e1e0,0x00000000fb380000)
  to   space 56320K, 0% used [0x00000000fbd00000,0x00000000fbd00000,0x00000000ff400000)
 ParOldGen       total 395776K, used 262438K [0x00000000a1400000, 0x00000000b9680000, 0x00000000e0700000)
  object space 395776K, 66% used [0x00000000a1400000,0x00000000b1449b30,0x00000000b9680000)
 Metaspace       used 52824K, capacity 53373K, committed 53888K, reserved 1097728K
  class space    used 6274K, capacity 6435K, committed 6528K, reserved 1048576K
Event: 197.966 GC heap after
Heap after GC invocations=71 (full 7):
 PSYoungGen      total 442368K, used 16284K [0x00000000e0700000, 0x00000000fee80000, 0x0000000100000000)
  eden space 391680K, 0% used [0x00000000e0700000,0x00000000e0700000,0x00000000f8580000)
  from space 50688K, 32% used [0x00000000fbd00000,0x00000000fcce7150,0x00000000fee80000)
  to   space 53760K, 0% used [0x00000000f8580000,0x00000000f8580000,0x00000000fba00000)
 ParOldGen       total 395776K, used 262627K [0x00000000a1400000, 0x00000000b9680000, 0x00000000e0700000)
  object space 395776K, 66% used [0x00000000a1400000,0x00000000b1478f70,0x00000000b9680000)
 Metaspace       used 52824K, capacity 53373K, committed 53888K, reserved 1097728K
  class space    used 6274K, capacity 6435K, committed 6528K, reserved 1048576K
}
Event: 202.915 GC heap before
{Heap before GC invocations=72 (full 7):
 PSYoungGen      total 442368K, used 407964K [0x00000000e0700000, 0x00000000fee80000, 0x0000000100000000)
  eden space 391680K, 100% used [0x00000000e0700000,0x00000000f8580000,0x00000000f8580000)
  from space 50688K, 32% used [0x00000000fbd00000,0x00000000fcce7150,0x00000000fee80000)
  to   space 53760K, 0% used [0x00000000f8580000,0x00000000f8580000,0x00000000fba00000)
 ParOldGen       total 395776K, used 262627K [0x00000000a1400000, 0x00000000b9680000, 0x00000000e0700000)
  object space 395776K, 66% used [0x00000000a1400000,0x00000000b1478f70,0x00000000b9680000)
 Metaspace       used 52830K, capacity 53373K, committed 53888K, reserved 1097728K
  class space    used 6274K, capacity 6435K, committed 6528K, reserved 1048576K
Event: 202.931 GC heap after
Heap after GC invocations=72 (full 7):
 PSYoungGen      total 445440K, used 17200K [0x00000000e0700000, 0x00000000ff480000, 0x0000000100000000)
  eden space 391680K, 0% used [0x00000000e0700000,0x00000000e0700000,0x00000000f8580000)
  from space 53760K, 31% used [0x00000000f8580000,0x00000000f964c300,0x00000000fba00000)
  to   space 50688K, 0% used [0x00000000fc300000,0x00000000fc300000,0x00000000ff480000)
 ParOldGen       total 395776K, used 263163K [0x00000000a1400000, 0x00000000b9680000, 0x00000000e0700000)
  object space 395776K, 66% used [0x00000000a1400000,0x00000000b14fef70,0x00000000b9680000)
 Metaspace       used 52830K, capacity 53373K, committed 53888K, reserved 1097728K
  class space    used 6274K, capacity 6435K, committed 6528K, reserved 1048576K
}
Event: 207.566 GC heap before
{Heap before GC invocations=73 (full 7):
 PSYoungGen      total 445440K, used 408880K [0x00000000e0700000, 0x00000000ff480000, 0x0000000100000000)
  eden space 391680K, 100% used [0x00000000e0700000,0x00000000f8580000,0x00000000f8580000)
  from space 53760K, 31% used [0x00000000f8580000,0x00000000f964c300,0x00000000fba00000)
  to   space 50688K, 0% used [0x00000000fc300000,0x00000000fc300000,0x00000000ff480000)
 ParOldGen       total 395776K, used 263163K [0x00000000a1400000, 0x00000000b9680000, 0x00000000e0700000)
  object space 395776K, 66% used [0x00000000a1400000,0x00000000b14fef70,0x00000000b9680000)
 Metaspace       used 52834K, capacity 53373K, committed 53888K, reserved 1097728K
  class space    used 6274K, capacity 6435K, committed 6528K, reserved 1048576K
Event: 207.577 GC heap after
Heap after GC invocations=73 (full 7):
 PSYoungGen      total 448512K, used 16025K [0x00000000e0700000, 0x00000000fef80000, 0x0000000100000000)
  eden space 402944K, 0% used [0x00000000e0700000,0x00000000e0700000,0x00000000f9080000)
  from space 45568K, 35% used [0x00000000fc300000,0x00000000fd2a6540,0x00000000fef80000)
  to   space 48640K, 0% used [0x00000000f9080000,0x00000000f9080000,0x00000000fc000000)
 ParOldGen       total 395776K, used 263795K [0x00000000a1400000, 0x00000000b9680000, 0x00000000e0700000)
  object space 395776K, 66% used [0x00000000a1400000,0x00000000b159cfd0,0x00000000b9680000)
 Metaspace       used 52834K, capacity 53373K, committed 53888K, reserved 1097728K
  class space    used 6274K, capacity 6435K, committed 6528K, reserved 1048576K
}
Event: 213.323 GC heap before
{Heap before GC invocations=74 (full 7):
 PSYoungGen      total 448512K, used 418969K [0x00000000e0700000, 0x00000000fef80000, 0x0000000100000000)
  eden space 402944K, 100% used [0x00000000e0700000,0x00000000f9080000,0x00000000f9080000)
  from space 45568K, 35% used [0x00000000fc300000,0x00000000fd2a6540,0x00000000fef80000)
  to   space 48640K, 0% used [0x00000000f9080000,0x00000000f9080000,0x00000000fc000000)
 ParOldGen       total 395776K, used 263795K [0x00000000a1400000, 0x00000000b9680000, 0x00000000e0700000)
  object space 395776K, 66% used [0x00000000a1400000,0x00000000b159cfd0,0x00000000b9680000)
 Metaspace       used 52840K, capacity 53379K, committed 53888K, reserved 1097728K
  class space    used 6275K, capacity 6436K, committed 6528K, reserved 1048576K
Event: 213.337 GC heap after
Heap after GC invocations=74 (full 7):
 PSYoungGen      total 451584K, used 15427K [0x00000000e0700000, 0x00000000ff600000, 0x0000000100000000)
  eden space 402944K, 0% used [0x00000000e0700000,0x00000000e0700000,0x00000000f9080000)
  from space 48640K, 31% used [0x00000000f9080000,0x00000000f9f90f10,0x00000000fc000000)
  to   space 46592K, 0% used [0x00000000fc880000,0x00000000fc880000,0x00000000ff600000)
 ParOldGen       total 395776K, used 265389K [0x00000000a1400000, 0x00000000b9680000, 0x00000000e0700000)
  object space 395776K, 67% used [0x00000000a1400000,0x00000000b172b490,0x00000000b9680000)
 Metaspace       used 52840K, capacity 53379K, committed 53888K, reserved 1097728K
  class space    used 6275K, capacity 6436K, committed 6528K, reserved 1048576K
}

Deoptimization events (10 events):
Event: 181.513 Thread 0x0000027013c07000 Uncommon trap: reason=unstable_if action=reinterpret pc=0x00000270160d6fd8 method=net.minecraft.world.World.isValid(Lnet/minecraft/util/BlockPos;)Z @ 44
Event: 188.084 Thread 0x0000027013c07000 Uncommon trap: reason=bimorphic action=maybe_recompile pc=0x00000270165f97cc method=net.minecraft.tileentity.TileEntity.getBlockMetadata()I @ 28
Event: 188.097 Thread 0x0000027013c07000 Uncommon trap: reason=bimorphic action=maybe_recompile pc=0x00000270165f97cc method=net.minecraft.tileentity.TileEntity.getBlockMetadata()I @ 28
Event: 188.097 Thread 0x0000027013c07000 Uncommon trap: reason=bimorphic action=maybe_recompile pc=0x00000270165f97cc method=net.minecraft.tileentity.TileEntity.getBlockMetadata()I @ 28
Event: 188.097 Thread 0x0000027013c07000 Uncommon trap: reason=bimorphic action=maybe_recompile pc=0x00000270165f97cc method=net.minecraft.tileentity.TileEntity.getBlockMetadata()I @ 28
Event: 188.103 Thread 0x0000027013c07000 Uncommon trap: reason=unstable_if action=reinterpret pc=0x0000027017138a6c method=net.minecraft.client.model.ModelRenderer.render(F)V @ 92
Event: 204.498 Thread 0x0000027013c07000 Uncommon trap: reason=speculate_class_check action=maybe_recompile pc=0x0000027016e578f4 method=net.minecraft.util.BlockPos.offset(Lnet/minecraft/util/EnumFacing;I)Lnet/minecraft/util/BlockPos; @ 13
Event: 213.115 Thread 0x0000027013c07000 Uncommon trap: reason=unstable_if action=reinterpret pc=0x0000027016c09aa4 method=net.minecraft.block.BlockLiquid.randomDisplayTick(Lnet/minecraft/world/World;Lnet/minecraft/util/BlockPos;Lnet/minecraft/block/state/IBlockState;Ljava/util/Random;)V @ 231
Event: 213.134 Thread 0x00000270326a4000 Uncommon trap: reason=unstable_if action=reinterpret pc=0x00000270170b69b8 method=com.jcraft.jorbis.Residue0._01inverse(Lcom/jcraft/jorbis/Block;Ljava/lang/Object;[[FII)I @ 104
Event: 217.267 Thread 0x000002702dc9b800 Uncommon trap: reason=class_check action=maybe_recompile pc=0x0000027015cdcd98 method=org.apache.logging.log4j.core.Logger$PrivateConfig.filter(Lorg/apache/logging/log4j/Level;Lorg/apache/logging/log4j/Marker;Ljava/lang/String;)Z @ 4

Classes redefined (0 events):
No events

Internal exceptions (10 events):
Event: 217.021 Thread 0x00000270326a4000 Exception <a 'java/lang/InterruptedException': sleep interrupted> (0x00000000f2cdde50) thrown at [C:\wsjdk\Corretto8Src\installers\windows\zip\corretto-build\buildRoot\src\hotspot\src\share\vm\prims\jvm.cpp, line 3384]
Event: 217.040 Thread 0x00000270326a4000 Exception <a 'java/lang/InterruptedException': sleep interrupted> (0x00000000f2cde0f8) thrown at [C:\wsjdk\Corretto8Src\installers\windows\zip\corretto-build\buildRoot\src\hotspot\src\share\vm\prims\jvm.cpp, line 3384]
Event: 217.063 Thread 0x00000270326a4000 Exception <a 'java/lang/InterruptedException': sleep interrupted> (0x00000000f2cde3a0) thrown at [C:\wsjdk\Corretto8Src\installers\windows\zip\corretto-build\buildRoot\src\hotspot\src\share\vm\prims\jvm.cpp, line 3384]
Event: 217.083 Thread 0x00000270326a4000 Exception <a 'java/lang/InterruptedException': sleep interrupted> (0x00000000f2cde648) thrown at [C:\wsjdk\Corretto8Src\installers\windows\zip\corretto-build\buildRoot\src\hotspot\src\share\vm\prims\jvm.cpp, line 3384]
Event: 217.108 Thread 0x00000270326a4000 Exception <a 'java/lang/InterruptedException': sleep interrupted> (0x00000000f2cde8f0) thrown at [C:\wsjdk\Corretto8Src\installers\windows\zip\corretto-build\buildRoot\src\hotspot\src\share\vm\prims\jvm.cpp, line 3384]
Event: 217.134 Thread 0x00000270326a4000 Exception <a 'java/lang/InterruptedException': sleep interrupted> (0x00000000f2cdeb98) thrown at [C:\wsjdk\Corretto8Src\installers\windows\zip\corretto-build\buildRoot\src\hotspot\src\share\vm\prims\jvm.cpp, line 3384]
Event: 217.164 Thread 0x00000270326a4000 Exception <a 'java/lang/InterruptedException': sleep interrupted> (0x00000000f2cdee40) thrown at [C:\wsjdk\Corretto8Src\installers\windows\zip\corretto-build\buildRoot\src\hotspot\src\share\vm\prims\jvm.cpp, line 3384]
Event: 217.195 Thread 0x00000270326a4000 Exception <a 'java/lang/InterruptedException': sleep interrupted> (0x00000000f2cdf0e8) thrown at [C:\wsjdk\Corretto8Src\installers\windows\zip\corretto-build\buildRoot\src\hotspot\src\share\vm\prims\jvm.cpp, line 3384]
Event: 217.233 Thread 0x00000270326a4000 Exception <a 'java/lang/InterruptedException': sleep interrupted> (0x00000000f2cdf390) thrown at [C:\wsjdk\Corretto8Src\installers\windows\zip\corretto-build\buildRoot\src\hotspot\src\share\vm\prims\jvm.cpp, line 3384]
Event: 217.269 Thread 0x00000270326a4000 Exception <a 'java/lang/InterruptedException': sleep interrupted> (0x00000000f2cdf638) thrown at [C:\wsjdk\Corretto8Src\installers\windows\zip\corretto-build\buildRoot\src\hotspot\src\share\vm\prims\jvm.cpp, line 3384]

Events (10 events):
Event: 217.265 Executing VM operation: RevokeBias
Event: 217.265 Executing VM operation: RevokeBias done
Event: 217.265 Thread 0x000002702aacc000 flushing nmethod 0x00000270168aa890
Event: 217.266 Thread 0x000002702dc9e000 Thread exited: 0x000002702dc9e000
Event: 217.267 Thread 0x000002702dc9b800 Uncommon trap: trap_request=0xffffffde fr.pc=0x0000027015cdcd98
Event: 217.267 Thread 0x000002702dc9b800 DEOPT PACKING pc=0x0000027015cdcd98 sp=0x000000be096feda0
Event: 217.268 Thread 0x000002702dc9b800 DEOPT UNPACKING pc=0x0000027015685583 sp=0x000000be096fed28 mode 2
Event: 217.269 Thread 0x00000270326a4000 DEOPT PACKING pc=0x0000027017713ec4 sp=0x000000be08aff210
Event: 217.269 Thread 0x00000270326a4000 DEOPT UNPACKING pc=0x00000270156871d8 sp=0x000000be08afef48 mode 1
Event: 217.272 Executing VM operation: Exit


Dynamic libraries:
0x00007ff6fdee0000 - 0x00007ff6fdf1a000 	C:\Users\Sun3k\.jdks\corretto-1.8.0_332\bin\java.exe
0x00007ffeb6950000 - 0x00007ffeb6b47000 	C:\Windows\SYSTEM32\ntdll.dll
0x00007ffeb49b0000 - 0x00007ffeb4a6d000 	C:\Windows\System32\KERNEL32.DLL
0x00007ffeb4480000 - 0x00007ffeb474d000 	C:\Windows\System32\KERNELBASE.dll
0x00007ffeb5160000 - 0x00007ffeb520e000 	C:\Windows\System32\ADVAPI32.dll
0x00007ffeb62b0000 - 0x00007ffeb634e000 	C:\Windows\System32\msvcrt.dll
0x00007ffeb5f70000 - 0x00007ffeb600c000 	C:\Windows\System32\sechost.dll
0x00007ffeb5210000 - 0x00007ffeb5335000 	C:\Windows\System32\RPCRT4.dll
0x00007ffeb53a0000 - 0x00007ffeb5540000 	C:\Windows\System32\USER32.dll
0x00007ffeb4950000 - 0x00007ffeb4972000 	C:\Windows\System32\win32u.dll
0x00007ffeb61d0000 - 0x00007ffeb61fa000 	C:\Windows\System32\GDI32.dll
0x00007ffeb4220000 - 0x00007ffeb432b000 	C:\Windows\System32\gdi32full.dll
0x00007ffeb43e0000 - 0x00007ffeb447d000 	C:\Windows\System32\msvcp_win.dll
0x00007ffeb47e0000 - 0x00007ffeb48e0000 	C:\Windows\System32\ucrtbase.dll
0x00007ffe9dfe0000 - 0x00007ffe9e27a000 	C:\Windows\WinSxS\amd64_microsoft.windows.common-controls_6595b64144ccf1df_6.0.19041.1110_none_60b5254171f9507e\COMCTL32.dll
0x00007ffeb55a0000 - 0x00007ffeb55d0000 	C:\Windows\System32\IMM32.DLL
0x00007ffeabda0000 - 0x00007ffeabe8f000 	C:\Users\Sun3k\.jdks\corretto-1.8.0_332\jre\bin\msvcr120.dll
0x00007ffe96e30000 - 0x00007ffe96ed6000 	C:\Users\Sun3k\.jdks\corretto-1.8.0_332\jre\bin\msvcp120.dll
0x0000000063830000 - 0x00000000640a6000 	C:\Users\Sun3k\.jdks\corretto-1.8.0_332\jre\bin\server\jvm.dll
0x00007ffeb61c0000 - 0x00007ffeb61c8000 	C:\Windows\System32\PSAPI.DLL
0x00007ffeab0b0000 - 0x00007ffeab0d7000 	C:\Windows\SYSTEM32\WINMM.dll
0x00007ffe9d810000 - 0x00007ffe9d819000 	C:\Windows\SYSTEM32\WSOCK32.dll
0x00007ffead3a0000 - 0x00007ffead3aa000 	C:\Windows\SYSTEM32\VERSION.dll
0x00007ffeb5060000 - 0x00007ffeb50cb000 	C:\Windows\System32\WS2_32.dll
0x00007ffeafd00000 - 0x00007ffeafd0f000 	C:\Users\Sun3k\.jdks\corretto-1.8.0_332\jre\bin\verify.dll
0x00007ffeafcb0000 - 0x00007ffeafcd9000 	C:\Users\Sun3k\.jdks\corretto-1.8.0_332\jre\bin\java.dll
0x00007ffe96db0000 - 0x00007ffe96de5000 	C:\Users\Sun3k\.jdks\corretto-1.8.0_332\jre\bin\jdwp.dll
0x00007ffeafc40000 - 0x00007ffeafc48000 	C:\Users\Sun3k\.jdks\corretto-1.8.0_332\jre\bin\npt.dll
0x00007ffe60e30000 - 0x00007ffe60e5a000 	C:\Users\Sun3k\.jdks\corretto-1.8.0_332\jre\bin\instrument.dll
0x00007ffeaea10000 - 0x00007ffeaea26000 	C:\Users\Sun3k\.jdks\corretto-1.8.0_332\jre\bin\zip.dll
0x00007ffeb57b0000 - 0x00007ffeb5ef4000 	C:\Windows\System32\SHELL32.dll
0x00007ffeb2170000 - 0x00007ffeb2904000 	C:\Windows\SYSTEM32\windows.storage.dll
0x00007ffeb4a70000 - 0x00007ffeb4dc4000 	C:\Windows\System32\combase.dll
0x00007ffeb3ad0000 - 0x00007ffeb3afc000 	C:\Windows\SYSTEM32\Wldp.dll
0x00007ffeb6200000 - 0x00007ffeb62ad000 	C:\Windows\System32\SHCORE.dll
0x00007ffeb5540000 - 0x00007ffeb5595000 	C:\Windows\System32\shlwapi.dll
0x00007ffeb3fb0000 - 0x00007ffeb3fcf000 	C:\Windows\SYSTEM32\profapi.dll
0x00007ffeaeab0000 - 0x00007ffeaeab9000 	C:\Users\Sun3k\.jdks\corretto-1.8.0_332\jre\bin\dt_socket.dll
0x00007ffeb3830000 - 0x00007ffeb389a000 	C:\Windows\system32\mswsock.dll
0x00007ffeafcf0000 - 0x00007ffeafcfd000 	C:\Users\Sun3k\.jdks\corretto-1.8.0_332\jre\bin\management.dll
0x00007ffeae6c0000 - 0x00007ffeae6da000 	C:\Users\Sun3k\.jdks\corretto-1.8.0_332\jre\bin\net.dll
0x00007ffeae6a0000 - 0x00007ffeae6b2000 	C:\Users\Sun3k\.jdks\corretto-1.8.0_332\jre\bin\nio.dll
0x00007ffeb3a20000 - 0x00007ffeb3a38000 	C:\Windows\SYSTEM32\CRYPTSP.dll
0x00007ffeb3140000 - 0x00007ffeb3174000 	C:\Windows\system32\rsaenh.dll
0x00007ffeb4980000 - 0x00007ffeb49a7000 	C:\Windows\System32\bcrypt.dll
0x00007ffeb3f30000 - 0x00007ffeb3f5e000 	C:\Windows\SYSTEM32\USERENV.dll
0x00007ffeb4750000 - 0x00007ffeb47d2000 	C:\Windows\System32\bcryptprimitives.dll
0x00007ffeb3a40000 - 0x00007ffeb3a4c000 	C:\Windows\SYSTEM32\CRYPTBASE.dll
0x00007ffeb34b0000 - 0x00007ffeb34eb000 	C:\Windows\SYSTEM32\IPHLPAPI.DLL
0x00007ffeb5f60000 - 0x00007ffeb5f68000 	C:\Windows\System32\NSI.dll
0x00007ffea8bc0000 - 0x00007ffea8bd7000 	C:\Windows\SYSTEM32\dhcpcsvc6.DLL
0x00007ffeab020000 - 0x00007ffeab03d000 	C:\Windows\SYSTEM32\dhcpcsvc.DLL
0x00007ffeb34f0000 - 0x00007ffeb35bb000 	C:\Windows\SYSTEM32\DNSAPI.dll
0x00007ffe9dac0000 - 0x00007ffe9daca000 	C:\Users\Sun3k\AppData\Local\Temp\jansi-64-1815885702509108460.dll
0x00007ffe77a30000 - 0x00007ffe77a47000 	C:\Windows\system32\napinsp.dll
0x00007ffe629d0000 - 0x00007ffe629eb000 	C:\Windows\system32\pnrpnsp.dll
0x00007ffeaee60000 - 0x00007ffeaee75000 	C:\Windows\system32\wshbth.dll
0x00007ffeafbb0000 - 0x00007ffeafbcd000 	C:\Windows\system32\NLAapi.dll
0x00007ffe629b0000 - 0x00007ffe629c2000 	C:\Windows\System32\winrnr.dll
0x00007ffea8160000 - 0x00007ffea816a000 	C:\Windows\System32\rasadhlp.dll
0x00007ffea7d30000 - 0x00007ffea7db0000 	C:\Windows\System32\fwpuclnt.dll
0x00007ffeae670000 - 0x00007ffeae693000 	C:\Users\Sun3k\.jdks\corretto-1.8.0_332\jre\bin\sunec.dll
0x00007ffeafc80000 - 0x00007ffeafc8c000 	C:\Users\Sun3k\.jdks\corretto-1.8.0_332\jre\bin\sunmscapi.dll
0x00007ffeb4070000 - 0x00007ffeb41c6000 	C:\Windows\System32\CRYPT32.dll
0x00007ffeb3b40000 - 0x00007ffeb3b67000 	C:\Windows\SYSTEM32\ncrypt.dll
0x00007ffeb3b00000 - 0x00007ffeb3b3b000 	C:\Windows\SYSTEM32\NTASN1.dll
0x0000000180000000 - 0x0000000180053000 	C:\Users\Sun3k\.gradle\caches\minecraft\net\minecraft\natives\1.8.9\lwjgl64.dll
0x00007ffe7d620000 - 0x00007ffe7d746000 	C:\Windows\SYSTEM32\OPENGL32.dll
0x00007ffe7d5f0000 - 0x00007ffe7d61c000 	C:\Windows\SYSTEM32\GLU32.dll
0x00007ffe54d10000 - 0x00007ffe54ea5000 	C:\Users\Sun3k\.jdks\corretto-1.8.0_332\jre\bin\awt.dll
0x00007ffeb60f0000 - 0x00007ffeb61bd000 	C:\Windows\System32\OLEAUT32.dll
0x00007ffeb18b0000 - 0x00007ffeb1940000 	C:\Windows\SYSTEM32\apphelp.dll
0x00007ffeaeb70000 - 0x00007ffeaec1e000 	C:\Windows\SYSTEM32\mscms.dll
0x00007ffeaeb50000 - 0x00007ffeaeb61000 	C:\Windows\SYSTEM32\ColorAdapterClient.dll
0x00007ffeb1f70000 - 0x00007ffeb1f82000 	C:\Windows\SYSTEM32\kernel.appcore.dll
0x00007ffeb55d0000 - 0x00007ffeb5679000 	C:\Windows\System32\clbcatq.dll
0x00007ffeac730000 - 0x00007ffeac773000 	C:\Windows\System32\Windows.Internal.Graphics.Display.DisplayColorManagement.dll
0x00007ffeb41d0000 - 0x00007ffeb421e000 	C:\Windows\System32\cfgmgr32.dll
0x00007ffeb1a70000 - 0x00007ffeb1b0e000 	C:\Windows\system32\uxtheme.dll
0x00007ffeb5690000 - 0x00007ffeb57a5000 	C:\Windows\System32\MSCTF.dll
0x00007ffea19f0000 - 0x00007ffea1ae9000 	C:\Windows\SYSTEM32\textinputframework.dll
0x00007ffeb0ec0000 - 0x00007ffeb121e000 	C:\Windows\System32\CoreUIComponents.dll
0x00007ffeb15a0000 - 0x00007ffeb1692000 	C:\Windows\System32\CoreMessaging.dll
0x00007ffeb2d70000 - 0x00007ffeb2da3000 	C:\Windows\SYSTEM32\ntmarta.dll
0x00007ffeafee0000 - 0x00007ffeb0034000 	C:\Windows\SYSTEM32\wintypes.dll
0x00007ffead280000 - 0x00007ffead377000 	C:\Windows\System32\AppXDeploymentClient.dll
0x00007ffe60e00000 - 0x00007ffe60e2c000 	C:\Windows\System32\DriverStore\FileRepository\u0375335.inf_amd64_7de275617d9da25a\B374868\atig6pxx.dll
0x00007ffe47b80000 - 0x00007ffe4a9c3000 	C:\Windows\System32\DriverStore\FileRepository\u0375335.inf_amd64_7de275617d9da25a\B374868\atio6axx.dll
0x00007ffeb6350000 - 0x00007ffeb67bf000 	C:\Windows\System32\SETUPAPI.dll
0x00007ffeb67e0000 - 0x00007ffeb690a000 	C:\Windows\System32\ole32.dll
0x00007ffe9f7f0000 - 0x00007ffe9f814000 	C:\Windows\SYSTEM32\dxva2.dll
0x00007ffeb1c80000 - 0x00007ffeb1caf000 	C:\Windows\SYSTEM32\dwmapi.dll
0x00007ffe60dc0000 - 0x00007ffe60dff000 	C:\Windows\System32\DriverStore\FileRepository\u0375335.inf_amd64_7de275617d9da25a\B374868\atig6txx.dll
0x00007ffe6eee0000 - 0x00007ffe6f0b4000 	C:\Windows\SYSTEM32\atiadlxx.dll
0x00007ffeafab0000 - 0x00007ffeafba6000 	C:\Windows\SYSTEM32\PROPSYS.dll
0x00007ffe92cf0000 - 0x00007ffe92d39000 	C:\Windows\SYSTEM32\pdh.dll
0x00007ffeb3e20000 - 0x00007ffeb3e4c000 	C:\Windows\SYSTEM32\DEVOBJ.dll
0x00007ffeb48e0000 - 0x00007ffeb4947000 	C:\Windows\System32\WINTRUST.dll
0x00007ffeb3c60000 - 0x00007ffeb3c72000 	C:\Windows\SYSTEM32\MSASN1.dll
0x00007ffeabd00000 - 0x00007ffeabd3b000 	C:\Windows\SYSTEM32\dxcore.dll
0x00007ffe671f0000 - 0x00007ffe67233000 	C:\Windows\SYSTEM32\icm32.dll
0x0000027030610000 - 0x0000027030648000 	C:\Users\Sun3k\AppData\Local\Temp\jna\jna1421505536800318421.dll
0x00007ffe54b50000 - 0x00007ffe54b9b000 	C:\ProgramData\obs-studio-hook\graphics-hook64.dll
0x00007ffeb0040000 - 0x00007ffeb02a3000 	C:\Windows\system32\d3d11.dll
0x00007ffeb2970000 - 0x00007ffeb2a63000 	C:\Windows\SYSTEM32\dxgi.dll
0x00007ffeab0e0000 - 0x00007ffeab298000 	C:\Windows\System32\DriverStore\FileRepository\u0375335.inf_amd64_7de275617d9da25a\B374868\aticfx64.dll
0x00007ffeaaf50000 - 0x00007ffeaaf89000 	C:\Windows\System32\DriverStore\FileRepository\u0375335.inf_amd64_7de275617d9da25a\B374868\atiuxp64.dll
0x00007ffea8df0000 - 0x00007ffeaad27000 	C:\Windows\System32\DriverStore\FileRepository\u0375335.inf_amd64_7de275617d9da25a\B374868\atidxx64.dll
0x00007ffea8ab0000 - 0x00007ffea8ae0000 	C:\Windows\SYSTEM32\amdihk64.dll
0x00007ffea8200000 - 0x00007ffea822b000 	C:\Windows\SYSTEM32\D3DSCache.dll
0x00007ffeada20000 - 0x00007ffeadc20000 	C:\Windows\SYSTEM32\twinapi.appcore.dll
0x0000000070a40000 - 0x0000000070adc000 	C:\Users\Sun3k\.gradle\caches\minecraft\net\minecraft\natives\1.8.9\avutil-ttv-51.dll
0x0000000065980000 - 0x00000000659d6000 	C:\Users\Sun3k\.gradle\caches\minecraft\net\minecraft\natives\1.8.9\swresample-ttv-0.dll
0x000000006eb80000 - 0x000000006ec50000 	C:\Users\Sun3k\.gradle\caches\minecraft\net\minecraft\natives\1.8.9\libmp3lame-ttv.dll
0x00007ffe3a530000 - 0x00007ffe3b8d4000 	C:\Users\Sun3k\.gradle\caches\minecraft\net\minecraft\natives\1.8.9\libmfxsw64.dll
0x00007ffe53b60000 - 0x00007ffe53ccd000 	C:\Users\Sun3k\.gradle\caches\minecraft\net\minecraft\natives\1.8.9\twitchsdk.dll
0x00007ffe99ea0000 - 0x00007ffe9a376000 	C:\Windows\SYSTEM32\WININET.dll
0x0000027035b80000 - 0x0000027035be4000 	C:\Users\Sun3k\.gradle\caches\minecraft\net\minecraft\natives\1.8.9\OpenAL64.dll
0x00007ffeaad30000 - 0x00007ffeaadb5000 	C:\Windows\System32\MMDevApi.dll
0x00007ffe53f30000 - 0x00007ffe53fcc000 	C:\Windows\SYSTEM32\dsound.dll
0x00007ffeb3730000 - 0x00007ffeb377b000 	C:\Windows\SYSTEM32\powrprof.dll
0x00007ffe9a760000 - 0x00007ffe9a786000 	C:\Windows\SYSTEM32\winmmbase.dll
0x00007ffeb3630000 - 0x00007ffeb3642000 	C:\Windows\SYSTEM32\UMPDC.dll
0x00007ffeaadc0000 - 0x00007ffeaaf42000 	C:\Windows\SYSTEM32\AUDIOSES.DLL
0x00007ffeb1b80000 - 0x00007ffeb1b94000 	C:\Windows\SYSTEM32\resourcepolicyclient.dll
0x00007ffe9faf0000 - 0x00007ffe9fcd4000 	C:\Windows\SYSTEM32\dbghelp.dll

VM Arguments:
jvm_args: -agentlib:jdwp=transport=dt_socket,address=127.0.0.1:51848,suspend=y,server=n -javaagent:C:\Users\Sun3k\AppData\Local\JetBrains\IdeaIC2022.1\captureAgent\debugger-agent.jar -Dfile.encoding=UTF-8 
java_command: GradleStart --mixin mixins.sunrise.json --tweakClass org.spongepowered.asm.launch.MixinTweaker -Ddevauth.account --javaagent:C:\Users\Sun3k\.gradle\caches\modules-2\files-2.1\org.spongepowered\mixin\0.7.11-SNAPSHOT\7a670207bdb97db418118ad1e9bb42424ff3776d\mixin-0.7.11-SNAPSHOT.jar
java_class_path (initial): C:\Users\Sun3k\.jdks\corretto-1.8.0_332\jre\lib\charsets.jar;C:\Users\Sun3k\.jdks\corretto-1.8.0_332\jre\lib\ext\access-bridge-64.jar;C:\Users\Sun3k\.jdks\corretto-1.8.0_332\jre\lib\ext\cldrdata.jar;C:\Users\Sun3k\.jdks\corretto-1.8.0_332\jre\lib\ext\dnsns.jar;C:\Users\Sun3k\.jdks\corretto-1.8.0_332\jre\lib\ext\jaccess.jar;C:\Users\Sun3k\.jdks\corretto-1.8.0_332\jre\lib\ext\jfxrt.jar;C:\Users\Sun3k\.jdks\corretto-1.8.0_332\jre\lib\ext\localedata.jar;C:\Users\Sun3k\.jdks\corretto-1.8.0_332\jre\lib\ext\nashorn.jar;C:\Users\Sun3k\.jdks\corretto-1.8.0_332\jre\lib\ext\sunec.jar;C:\Users\Sun3k\.jdks\corretto-1.8.0_332\jre\lib\ext\sunjce_provider.jar;C:\Users\Sun3k\.jdks\corretto-1.8.0_332\jre\lib\ext\sunmscapi.jar;C:\Users\Sun3k\.jdks\corretto-1.8.0_332\jre\lib\ext\sunpkcs11.jar;C:\Users\Sun3k\.jdks\corretto-1.8.0_332\jre\lib\ext\zipfs.jar;C:\Users\Sun3k\.jdks\corretto-1.8.0_332\jre\lib\jce.jar;C:\Users\Sun3k\.jdks\corretto-1.8.0_332\jre\lib\jfr.jar;C:\Users\Sun3k\.jdks\corretto-1.8.0_332\jre\lib\jfxswt.jar;C:\Users\Sun3k\.jdks\corretto-1.8.0_332\jre\lib\jsse.jar;C:\Users\Sun3k\.jdks\corretto-1.8.0_332\jre\lib\management-agent.jar;C:\Users\Sun3k\.jdks\corretto-1.8.0_332\jre\lib\resources.jar;C:\Users\Sun3k\.jdks\corretto-1.8.0_332\jre\lib\rt.jar;C:\Users\Sun3k\IdeaProjects\Sunrise8\build\classes\java\main;C:\Users\Sun3k\.gradle\caches\minecraft\deobfedDeps\compileDummy.jar;C:\Users\Sun3k\.gradle\caches\minecraft\deobfedDeps\providedDummy.jar;C:\Users\Sun3k\.gradle\caches\modules-2\files-2.1\org.spongepowered\mixin\0.7.11-SNAPSHOT\7a670207bdb97db418118ad1e9bb42424ff3776d\mixin-0.7.11-SNAPSHOT.jar;C:\Users\Sun3k\.gradle\caches\modules-2\files-2.1\com.google.guava\guava\17.0\9c6ef172e8de35fd8d4d8783e4821e57cdef7445\guava-17.0.jar;C:\Users\Sun3k\.gradle\caches\modules-2\files-2.1\commons-io\commons-io\2.4\b1b6ea3b7e4aa4f492509a4952029cd8e48019ad\commons-io-2.4.jar;C:\Users\Sun3k\.gradle\caches\modules-2\files-2.1\com.google.code.gson\gson\2.2.4\a6
Launcher Type: SUN_STANDARD

Environment Variables:
JAVA_HOME=C:\Program Files\OpenJDK\jdk-18
PATH=C:\Windows\system32;C:\Windows;C:\Windows\System32\Wbem;C:\Windows\System32\WindowsPowerShell\v1.0\;C:\Windows\System32\OpenSSH\;C:\ProgramData\chocolatey\bin;C:\Program Files\Microsoft VS Code\bin;C:\Program Files (x86)\Yarn\bin\;C:\Program Files\nodejs\;C:\Program Files\Git\cmd;C:\Program Files\OpenJDK\jdk-18\bin;C:\Program Files\dotnet\;C:\Users\Sun3k\AppData\Local\Programs\Python\Python310\Scripts\;C:\Users\Sun3k\AppData\Local\Programs\Python\Python310\;C:\Users\Sun3k\AppData\Local\Microsoft\WindowsApps;C:\Users\Sun3k\AppData\Local\Yarn\bin;C:\Users\Sun3k\AppData\Roaming\npm;C:\Program Files\Oracle\VirtualBox;C:\Program Files\heroku\bin;C:\Program Files\JetBrains\IntelliJ IDEA Community Edition 2022.1.1\bin;;C:\Users\Sun3k\.dotnet\tools
USERNAME=Sun3k
OS=Windows_NT
PROCESSOR_IDENTIFIER=AMD64 Family 23 Model 24 Stepping 1, AuthenticAMD



---------------  S Y S T E M  ---------------

OS: Windows 10.0 , 64 bit Build 19041 (10.0.19041.1741)

CPU:total 8 (initial active 8) (8 cores per cpu, 1 threads per core) family 23 model 24 stepping 1, cmov, cx8, fxsr, mmx, sse, sse2, sse3, ssse3, sse4.1, sse4.2, popcnt, avx, avx2, aes, clmul, mmxext, 3dnowpref, lzcnt, sse4a, tsc, tscinvbit, tscinv, bmi1

Memory: 4k page, physical 6206224k(281004k free), swap 21946844k(4745628k free)

vm_info: OpenJDK 64-Bit Server VM (25.332-b08) for windows-amd64 JRE (1.8.0_332-b08), built on Apr 16 2022 08:31:02 by "Administrator" with MS VC++ 12.0 (VS2013)

time: Thu Jun 23 00:33:21 2022
timezone: South Sudan Standard Time
elapsed time: 217.758215 seconds (0d 0h 3m 37s)

