#
# A fatal error has been detected by the Java Runtime Environment:
#
#  EXCEPTION_ACCESS_VIOLATION (0xc0000005) at pc=0x0000000000000000, pid=2544, tid=0x0000000000001b44
#
# JRE version: OpenJDK Runtime Environment (8.0_332-b08) (build 1.8.0_332-b08)
# Java VM: OpenJDK 64-Bit Server VM (25.332-b08 mixed mode windows-amd64 compressed oops)
# Problematic frame:
# C  0x0000000000000000
#
# Failed to write core dump. Minidumps are not enabled by default on client versions of Windows
#
# If you would like to submit a bug report, please visit:
#   https://github.com/corretto/corretto-8/issues/
#

---------------  T H R E A D  ---------------

Current thread (0x000001b0acf90000):  VMThread [stack: 0x0000003436800000,0x0000003436900000] [id=6980]

siginfo: ExceptionCode=0xc0000005, ExceptionInformation=0x0000000000000008 0x0000000000000000

Registers:
RAX=0x0000000000000000, RBX=0x0000000000000000, RCX=0x0000000000000001, RDX=0x00007ffe9b3cf0b8
RSP=0x00000034368fef48, RBP=0x000001b0980b0bb0, RSI=0x0000000000010000, RDI=0x0000000000000000
R8 =0x0000003435ad6000, R9 =0x000000000000003e, R10=0x0000000000000000, R11=0x000001b0b16e7060
R12=0x00007ffe7d6fe810, R13=0x0000000000000082, R14=0x00007ffe7d620000, R15=0x0000000000000001
RIP=0x0000000000000000, EFLAGS=0x0000000000010202

Top of Stack: (sp=0x00000034368fef48)
0x00000034368fef48:   00007ffe9b392f2c 0000000000000000
0x00000034368fef58:   000001b0980b0bb0 0000000000000082
0x00000034368fef68:   0000000000010000 0000000000000000
0x00000034368fef78:   00007ffe9b39406e 0000000000000000
0x00000034368fef88:   000001b0980b0bb0 0000000000010000
0x00000034368fef98:   000001b0b04c5c28 0000000000000001
0x00000034368fefa8:   00007ffe7d626e2e 0000000000000000
0x00000034368fefb8:   0000000000000001 000000018004bb20
0x00000034368fefc8:   0000000000000000 0000000000000001
0x00000034368fefd8:   00007ffe7d627276 0000000000000000
0x00000034368fefe8:   000001b0980b0bb0 0000000000000001
0x00000034368feff8:   0000000000000001 0000000000000000
0x00000034368ff008:   00007ffe7d6fe94f 0000000000000001
0x00000034368ff018:   0000000000000000 0000000000000000
0x00000034368ff028:   000001b0b24f0b30 0000000100000001
0x00000034368ff038:   000000018000ecac 000000018001c558 

Instructions: (pc=0x0000000000000000)
0xffffffffffffffe0:   


Register to memory mapping:

RAX=0x0000000000000000 is an unknown value
RBX=0x0000000000000000 is an unknown value
RCX=0x0000000000000001 is an unknown value
RDX=0x00007ffe9b3cf0b8 is an unknown value
RSP=0x00000034368fef48 is an unknown value
RBP=0x000001b0980b0bb0 is an unknown value
RSI=0x0000000000010000 is an unknown value
RDI=0x0000000000000000 is an unknown value
R8 =0x0000003435ad6000 is an unknown value
R9 =0x000000000000003e is an unknown value
R10=0x0000000000000000 is an unknown value
R11=0x000001b0b16e7060 is an unknown value
R12=0x00007ffe7d6fe810 is an unknown value
R13=0x0000000000000082 is an unknown value
R14=0x00007ffe7d620000 is an unknown value
R15=0x0000000000000001 is an unknown value


Stack: [0x0000003436800000,0x0000003436900000],  sp=0x00000034368fef48,  free space=1019k
Native frames: (J=compiled Java code, j=interpreted, Vv=VM code, C=native code)

VM_Operation (0x0000003436dff200): Exit, mode: safepoint, requested by thread 0x000001b0b0742800


---------------  P R O C E S S  ---------------

Java Threads: ( => current thread )
  0x000001b0b074a800 JavaThread "AWT-Shutdown" [_thread_blocked, id=2780, stack(0x000000343a300000,0x000000343a400000)]
  0x000001b0b0742800 JavaThread "SIGINT handler" daemon [_thread_blocked, id=3500, stack(0x0000003436d00000,0x0000003436e00000)]
  0x000001b0b06e6800 JavaThread "Netty Client IO #15" daemon [_thread_blocked, id=8496, stack(0x0000003439a00000,0x0000003439b00000)]
  0x000001b0b06e1000 JavaThread "Netty Client IO #14" daemon [_thread_blocked, id=2976, stack(0x0000003439800000,0x0000003439900000)]
  0x000001b0b06e6000 JavaThread "Netty Client IO #13" daemon [_thread_blocked, id=14280, stack(0x0000003439900000,0x0000003439a00000)]
  0x000001b0b06dd000 JavaThread "Netty Client IO #12" daemon [_thread_blocked, id=5048, stack(0x0000003439700000,0x0000003439800000)]
  0x000001b0b06e0800 JavaThread "Netty Client IO #11" daemon [_thread_in_native, id=6364, stack(0x0000003439600000,0x0000003439700000)]
  0x000001b0b06e2800 JavaThread "Netty Client IO #10" daemon [_thread_blocked, id=8600, stack(0x0000003439500000,0x0000003439600000)]
  0x000001b0b06e2000 JavaThread "Netty Client IO #9" daemon [_thread_blocked, id=440, stack(0x0000003439300000,0x0000003439400000)]
  0x000001b0b06de000 JavaThread "Netty Client IO #8" daemon [_thread_blocked, id=1060, stack(0x0000003439200000,0x0000003439300000)]
  0x000001b0b06dc800 JavaThread "Netty Client IO #7" daemon [_thread_blocked, id=3564, stack(0x0000003439100000,0x0000003439200000)]
  0x000001b0b06e3800 JavaThread "Netty Client IO #6" daemon [_thread_blocked, id=9932, stack(0x0000003438f00000,0x0000003439000000)]
  0x000001b0b5124800 JavaThread "Netty Client IO #5" daemon [_thread_blocked, id=784, stack(0x0000003438300000,0x0000003438400000)]
  0x000001b0b0763000 JavaThread "Netty Client IO #4" daemon [_thread_blocked, id=13328, stack(0x0000003439000000,0x0000003439100000)]
  0x000001b0b075b000 JavaThread "Netty Client IO #3" daemon [_thread_blocked, id=4116, stack(0x0000003438e00000,0x0000003438f00000)]
  0x000001b0b0762000 JavaThread "Netty Client IO #2" daemon [_thread_blocked, id=7560, stack(0x0000003438d00000,0x0000003438e00000)]
  0x000001b0b075a800 JavaThread "Netty Client IO #1" daemon [_thread_blocked, id=4868, stack(0x0000003438c00000,0x0000003438d00000)]
  0x000001b0b075e800 JavaThread "Server Pinger #4" daemon [_thread_blocked, id=8808, stack(0x0000003437b00000,0x0000003437c00000)]
  0x000001b0b0761800 JavaThread "Server Pinger #3" daemon [_thread_blocked, id=7604, stack(0x0000003435e00000,0x0000003435f00000)]
  0x000001b0b075d800 JavaThread "Netty Client IO #0" daemon [_thread_blocked, id=6544, stack(0x0000003438a00000,0x0000003438b00000)]
  0x000001b0b5122800 JavaThread "Server Pinger #2" daemon [_thread_blocked, id=6368, stack(0x0000003438800000,0x0000003438900000)]
  0x000001b0b5121800 JavaThread "Server Pinger #1" daemon [_thread_blocked, id=10024, stack(0x0000003438700000,0x0000003438800000)]
  0x000001b0b5127000 JavaThread "Thread-13" daemon [_thread_in_native, id=7436, stack(0x0000003438600000,0x0000003438700000)]
  0x000001b0b5125800 JavaThread "Server Pinger #0" daemon [_thread_blocked, id=4512, stack(0x0000003437d00000,0x0000003437e00000)]
  0x000001b0b5128000 JavaThread "Thread-12" [_thread_blocked, id=13136, stack(0x0000003438200000,0x0000003438300000)]
  0x000001b0b5126000 JavaThread "Thread-11" [_thread_blocked, id=2340, stack(0x0000003438000000,0x0000003438100000)]
  0x000001b0b5120800 JavaThread "Chunk Batcher 1" daemon [_thread_blocked, id=4448, stack(0x0000003438400000,0x0000003438500000)]
  0x000001b0b5124000 JavaThread "Chunk Batcher 0" daemon [_thread_blocked, id=11520, stack(0x0000003437e00000,0x0000003437f00000)]
  0x000001b0b41c4800 JavaThread "LWJGL Timer" daemon [_thread_blocked, id=7392, stack(0x0000003437c00000,0x0000003437d00000)]
  0x000001b0b0776800 JavaThread "Java2D Disposer" daemon [_thread_blocked, id=11048, stack(0x0000003437900000,0x0000003437a00000)]
  0x000001b0b0775800 JavaThread "Timer hack thread" daemon [_thread_blocked, id=10016, stack(0x0000003437800000,0x0000003437900000)]
  0x000001b0afe01800 JavaThread "Snooper Timer" daemon [_thread_blocked, id=12468, stack(0x0000003437700000,0x0000003437800000)]
  0x000001b0b2b53000 JavaThread "Snooper Timer" daemon [_thread_blocked, id=9656, stack(0x0000003437600000,0x0000003437700000)]
  0x000001b0aeea8800 JavaThread "Service Thread" daemon [_thread_blocked, id=9356, stack(0x0000003437400000,0x0000003437500000)]
  0x000001b0ad04c800 JavaThread "C1 CompilerThread3" daemon [_thread_blocked, id=2992, stack(0x0000003437300000,0x0000003437400000)]
  0x000001b0ad037800 JavaThread "C2 CompilerThread2" daemon [_thread_blocked, id=9516, stack(0x0000003437200000,0x0000003437300000)]
  0x000001b0ad036800 JavaThread "C2 CompilerThread1" daemon [_thread_blocked, id=11296, stack(0x0000003437100000,0x0000003437200000)]
  0x000001b0aee72800 JavaThread "C2 CompilerThread0" daemon [_thread_blocked, id=13604, stack(0x0000003437000000,0x0000003437100000)]
  0x000001b0ad019000 JavaThread "JDWP Event Helper Thread" daemon [_thread_blocked, id=6560, stack(0x0000003436e00000,0x0000003436f00000)]
  0x000001b0acff6800 JavaThread "Attach Listener" daemon [_thread_blocked, id=13280, stack(0x0000003436c00000,0x0000003436d00000)]
  0x000001b0acff5800 JavaThread "Signal Dispatcher" daemon [_thread_blocked, id=8116, stack(0x0000003436b00000,0x0000003436c00000)]
  0x000001b0acfc9000 JavaThread "Finalizer" daemon [_thread_blocked, id=12376, stack(0x0000003436a00000,0x0000003436b00000)]
  0x000001b0acfc2000 JavaThread "Reference Handler" daemon [_thread_blocked, id=9652, stack(0x0000003436900000,0x0000003436a00000)]
  0x000001b098058800 JavaThread "Client thread" [_thread_blocked, id=3552, stack(0x0000003435f00000,0x0000003436000000)]

Other Threads:
=>0x000001b0acf90000 VMThread [stack: 0x0000003436800000,0x0000003436900000] [id=6980]

VM state:at safepoint (shutting down)

VM Mutex/Monitor currently owned by a thread:  ([mutex/lock_event])
[0x000001b098056620] Threads_lock - owner thread: 0x000001b0acf90000

heap address: 0x00000000a1400000, size: 1516 MB, Compressed Oops mode: 32-bit
Narrow klass base: 0x0000000000000000, Narrow klass shift: 3
Compressed class space size: 1073741824 Address: 0x0000000100000000

Heap:
 PSYoungGen      total 426496K, used 276398K [0x00000000e0700000, 0x0000000100000000, 0x0000000100000000)
  eden space 344064K, 80% used [0x00000000e0700000,0x00000000f14eb860,0x00000000f5700000)
  from space 82432K, 0% used [0x00000000faf80000,0x00000000faf80000,0x0000000100000000)
  to   space 86528K, 0% used [0x00000000f5700000,0x00000000f5700000,0x00000000fab80000)
 ParOldGen       total 350208K, used 249582K [0x00000000a1400000, 0x00000000b6a00000, 0x00000000e0700000)
  object space 350208K, 71% used [0x00000000a1400000,0x00000000b07bb868,0x00000000b6a00000)
 Metaspace       used 54439K, capacity 55075K, committed 55552K, reserved 1097728K
  class space    used 6372K, capacity 6552K, committed 6656K, reserved 1048576K

Card table byte_map: [0x000001b0a8ef0000,0x000001b0a91f0000] byte_map_base: 0x000001b0a89e6000

Marking Bits: (ParMarkBitMap*) 0x0000000064027850
 Begin Bits: [0x000001b0a93f0000, 0x000001b0aaba0000)
 End Bits:   [0x000001b0aaba0000, 0x000001b0ac350000)

Polling page: 0x000001b098230000

CodeCache: size=245760Kb used=46304Kb max_used=46359Kb free=199455Kb
 bounds [0x000001b099b30000, 0x000001b09c900000, 0x000001b0a8b30000]
 total_blobs=11664 nmethods=10743 adapters=839
 compilation: enabled

Compilation events (10 events):
Event: 2872.787 Thread 0x000001b0ad04c800 16510       3       java.util.logging.LogManager$LoggerContext::getRootLogger (8 bytes)
Event: 2872.787 Thread 0x000001b0ad04c800 nmethod 16510 0x000001b09af3df10 code [0x000001b09af3e060, 0x000001b09af3e278]
Event: 2872.793 Thread 0x000001b0aee72800 16513       4       java.lang.StringCoding::access$000 (6 bytes)
Event: 2872.793 Thread 0x000001b0aee72800 nmethod 16513 0x000001b099e16450 code [0x000001b099e16580, 0x000001b099e165f8]
Event: 2872.802 Thread 0x000001b0ad04c800 16512 % !   2       java.util.jar.Attributes::read @ 146 (344 bytes)
Event: 2872.804 Thread 0x000001b0ad04c800 nmethod 16512% 0x000001b09bc7ddd0 code [0x000001b09bc7e160, 0x000001b09bc7f870]
Event: 2872.816 Thread 0x000001b0ad04c800 16514       1       org.apache.logging.log4j.core.config.LoggerConfig::getLevel (5 bytes)
Event: 2872.816 Thread 0x000001b0ad04c800 nmethod 16514 0x000001b099fb6a10 code [0x000001b099fb6b60, 0x000001b099fb6c78]
Event: 2872.828 Thread 0x000001b0ad04c800 16511       3       java.util.logging.LogManager$LoggerContext::getGlobalLogger (6 bytes)
Event: 2872.829 Thread 0x000001b0ad04c800 nmethod 16511 0x000001b09be75c90 code [0x000001b09be75de0, 0x000001b09be75f38]

GC Heap History (10 events):
Event: 2467.016 GC heap before
{Heap before GC invocations=948 (full 194):
 PSYoungGen      total 384000K, used 383946K [0x00000000e0700000, 0x0000000100000000, 0x0000000100000000)
  eden space 352256K, 100% used [0x00000000e0700000,0x00000000f5f00000,0x00000000f5f00000)
  from space 31744K, 99% used [0x00000000f5f00000,0x00000000f7df2910,0x00000000f7e00000)
  to   space 82944K, 0% used [0x00000000faf00000,0x00000000faf00000,0x0000000100000000)
 ParOldGen       total 350208K, used 260808K [0x00000000a1400000, 0x00000000b6a00000, 0x00000000e0700000)
  object space 350208K, 74% used [0x00000000a1400000,0x00000000b12b2098,0x00000000b6a00000)
 Metaspace       used 54429K, capacity 55075K, committed 55552K, reserved 1097728K
  class space    used 6370K, capacity 6552K, committed 6656K, reserved 1048576K
Event: 2467.047 GC heap after
Heap after GC invocations=948 (full 194):
 PSYoungGen      total 434176K, used 31032K [0x00000000e0700000, 0x0000000100000000, 0x0000000100000000)
  eden space 351232K, 0% used [0x00000000e0700000,0x00000000e0700000,0x00000000f5e00000)
  from space 82944K, 37% used [0x00000000faf00000,0x00000000fcd4e3d0,0x0000000100000000)
  to   space 82944K, 0% used [0x00000000f5e00000,0x00000000f5e00000,0x00000000faf00000)
 ParOldGen       total 350208K, used 260808K [0x00000000a1400000, 0x00000000b6a00000, 0x00000000e0700000)
  object space 350208K, 74% used [0x00000000a1400000,0x00000000b12b2098,0x00000000b6a00000)
 Metaspace       used 54429K, capacity 55075K, committed 55552K, reserved 1097728K
  class space    used 6370K, capacity 6552K, committed 6656K, reserved 1048576K
}
Event: 2472.289 GC heap before
{Heap before GC invocations=949 (full 194):
 PSYoungGen      total 434176K, used 382264K [0x00000000e0700000, 0x0000000100000000, 0x0000000100000000)
  eden space 351232K, 100% used [0x00000000e0700000,0x00000000f5e00000,0x00000000f5e00000)
  from space 82944K, 37% used [0x00000000faf00000,0x00000000fcd4e3d0,0x0000000100000000)
  to   space 82944K, 0% used [0x00000000f5e00000,0x00000000f5e00000,0x00000000faf00000)
 ParOldGen       total 350208K, used 260808K [0x00000000a1400000, 0x00000000b6a00000, 0x00000000e0700000)
  object space 350208K, 74% used [0x00000000a1400000,0x00000000b12b2098,0x00000000b6a00000)
 Metaspace       used 54430K, capacity 55075K, committed 55552K, reserved 1097728K
  class space    used 6370K, capacity 6552K, committed 6656K, reserved 1048576K
Event: 2472.326 GC heap after
Heap after GC invocations=949 (full 194):
 PSYoungGen      total 434176K, used 31349K [0x00000000e0700000, 0x0000000100000000, 0x0000000100000000)
  eden space 351232K, 0% used [0x00000000e0700000,0x00000000e0700000,0x00000000f5e00000)
  from space 82944K, 37% used [0x00000000f5e00000,0x00000000f7c9d428,0x00000000faf00000)
  to   space 82432K, 0% used [0x00000000faf80000,0x00000000faf80000,0x0000000100000000)
 ParOldGen       total 350208K, used 260808K [0x00000000a1400000, 0x00000000b6a00000, 0x00000000e0700000)
  object space 350208K, 74% used [0x00000000a1400000,0x00000000b12b2098,0x00000000b6a00000)
 Metaspace       used 54430K, capacity 55075K, committed 55552K, reserved 1097728K
  class space    used 6370K, capacity 6552K, committed 6656K, reserved 1048576K
}
Event: 2472.326 GC heap before
{Heap before GC invocations=950 (full 195):
 PSYoungGen      total 434176K, used 31349K [0x00000000e0700000, 0x0000000100000000, 0x0000000100000000)
  eden space 351232K, 0% used [0x00000000e0700000,0x00000000e0700000,0x00000000f5e00000)
  from space 82944K, 37% used [0x00000000f5e00000,0x00000000f7c9d428,0x00000000faf00000)
  to   space 82432K, 0% used [0x00000000faf80000,0x00000000faf80000,0x0000000100000000)
 ParOldGen       total 350208K, used 260808K [0x00000000a1400000, 0x00000000b6a00000, 0x00000000e0700000)
  object space 350208K, 74% used [0x00000000a1400000,0x00000000b12b2098,0x00000000b6a00000)
 Metaspace       used 54430K, capacity 55075K, committed 55552K, reserved 1097728K
  class space    used 6370K, capacity 6552K, committed 6656K, reserved 1048576K
Event: 2472.796 GC heap after
Heap after GC invocations=950 (full 195):
 PSYoungGen      total 434176K, used 0K [0x00000000e0700000, 0x0000000100000000, 0x0000000100000000)
  eden space 351232K, 0% used [0x00000000e0700000,0x00000000e0700000,0x00000000f5e00000)
  from space 82944K, 0% used [0x00000000f5e00000,0x00000000f5e00000,0x00000000faf00000)
  to   space 82432K, 0% used [0x00000000faf80000,0x00000000faf80000,0x0000000100000000)
 ParOldGen       total 350208K, used 249593K [0x00000000a1400000, 0x00000000b6a00000, 0x00000000e0700000)
  object space 350208K, 71% used [0x00000000a1400000,0x00000000b07be588,0x00000000b6a00000)
 Metaspace       used 54430K, capacity 55075K, committed 55552K, reserved 1097728K
  class space    used 6370K, capacity 6552K, committed 6656K, reserved 1048576K
}
Event: 2477.640 GC heap before
{Heap before GC invocations=951 (full 195):
 PSYoungGen      total 434176K, used 6402K [0x00000000e0700000, 0x0000000100000000, 0x0000000100000000)
  eden space 351232K, 1% used [0x00000000e0700000,0x00000000e0d40808,0x00000000f5e00000)
  from space 82944K, 0% used [0x00000000f5e00000,0x00000000f5e00000,0x00000000faf00000)
  to   space 82432K, 0% used [0x00000000faf80000,0x00000000faf80000,0x0000000100000000)
 ParOldGen       total 350208K, used 249593K [0x00000000a1400000, 0x00000000b6a00000, 0x00000000e0700000)
  object space 350208K, 71% used [0x00000000a1400000,0x00000000b07be588,0x00000000b6a00000)
 Metaspace       used 54431K, capacity 55075K, committed 55552K, reserved 1097728K
  class space    used 6370K, capacity 6552K, committed 6656K, reserved 1048576K
Event: 2477.647 GC heap after
Heap after GC invocations=951 (full 195):
 PSYoungGen      total 426496K, used 192K [0x00000000e0700000, 0x0000000100000000, 0x0000000100000000)
  eden space 344064K, 0% used [0x00000000e0700000,0x00000000e0700000,0x00000000f5700000)
  from space 82432K, 0% used [0x00000000faf80000,0x00000000fafb0000,0x0000000100000000)
  to   space 86528K, 0% used [0x00000000f5700000,0x00000000f5700000,0x00000000fab80000)
 ParOldGen       total 350208K, used 249593K [0x00000000a1400000, 0x00000000b6a00000, 0x00000000e0700000)
  object space 350208K, 71% used [0x00000000a1400000,0x00000000b07be588,0x00000000b6a00000)
 Metaspace       used 54431K, capacity 55075K, committed 55552K, reserved 1097728K
  class space    used 6370K, capacity 6552K, committed 6656K, reserved 1048576K
}
Event: 2477.648 GC heap before
{Heap before GC invocations=952 (full 196):
 PSYoungGen      total 426496K, used 192K [0x00000000e0700000, 0x0000000100000000, 0x0000000100000000)
  eden space 344064K, 0% used [0x00000000e0700000,0x00000000e0700000,0x00000000f5700000)
  from space 82432K, 0% used [0x00000000faf80000,0x00000000fafb0000,0x0000000100000000)
  to   space 86528K, 0% used [0x00000000f5700000,0x00000000f5700000,0x00000000fab80000)
 ParOldGen       total 350208K, used 249593K [0x00000000a1400000, 0x00000000b6a00000, 0x00000000e0700000)
  object space 350208K, 71% used [0x00000000a1400000,0x00000000b07be588,0x00000000b6a00000)
 Metaspace       used 54431K, capacity 55075K, committed 55552K, reserved 1097728K
  class space    used 6370K, capacity 6552K, committed 6656K, reserved 1048576K
Event: 2478.010 GC heap after
Heap after GC invocations=952 (full 196):
 PSYoungGen      total 426496K, used 0K [0x00000000e0700000, 0x0000000100000000, 0x0000000100000000)
  eden space 344064K, 0% used [0x00000000e0700000,0x00000000e0700000,0x00000000f5700000)
  from space 82432K, 0% used [0x00000000faf80000,0x00000000faf80000,0x0000000100000000)
  to   space 86528K, 0% used [0x00000000f5700000,0x00000000f5700000,0x00000000fab80000)
 ParOldGen       total 350208K, used 249582K [0x00000000a1400000, 0x00000000b6a00000, 0x00000000e0700000)
  object space 350208K, 71% used [0x00000000a1400000,0x00000000b07bb868,0x00000000b6a00000)
 Metaspace       used 54431K, capacity 55075K, committed 55552K, reserved 1097728K
  class space    used 6370K, capacity 6552K, committed 6656K, reserved 1048576K
}

Deoptimization events (10 events):
Event: 2464.392 Thread 0x000001b098058800 Uncommon trap: reason=unstable_if action=reinterpret pc=0x000001b09c557c90 method=net.minecraft.client.entity.EntityPlayerSP.isSneaking()Z @ 20
Event: 2464.393 Thread 0x000001b098058800 Uncommon trap: reason=unstable_if action=reinterpret pc=0x000001b09a9b5970 method=net.minecraft.client.entity.EntityPlayerSP.isSneaking()Z @ 20
Event: 2464.394 Thread 0x000001b098058800 Uncommon trap: reason=unstable_if action=reinterpret pc=0x000001b09b67eea8 method=net.minecraft.client.entity.EntityPlayerSP.isSneaking()Z @ 20
Event: 2464.396 Thread 0x000001b098058800 Uncommon trap: reason=unstable_if action=reinterpret pc=0x000001b09bb356d8 method=net.minecraft.client.entity.EntityPlayerSP.isSneaking()Z @ 20
Event: 2464.482 Thread 0x000001b0b5124000 Uncommon trap: reason=unstable_if action=reinterpret pc=0x000001b09b70dce4 method=net.minecraft.client.renderer.chunk.ChunkCompileTaskGenerator.addFinishRunnable(Ljava/lang/Runnable;)V @ 22
Event: 2472.226 Thread 0x000001b0b06e2800 Uncommon trap: reason=class_check action=maybe_recompile pc=0x000001b09b94ed70 method=net.minecraft.network.NettyCompressionDecoder.decode(Lio/netty/channel/ChannelHandlerContext;Lio/netty/buffer/ByteBuf;Ljava/util/List;)V @ 1
Event: 2497.688 Thread 0x000001b098058800 Uncommon trap: reason=class_check action=maybe_recompile pc=0x000001b09ba43c30 method=net.minecraft.util.ChatComponentStyle.getFormattedText()Ljava/lang/String; @ 9
Event: 2497.689 Thread 0x000001b098058800 Uncommon trap: reason=class_check action=maybe_recompile pc=0x000001b09b94d488 method=net.minecraft.util.ChatComponentStyle$1.apply(Ljava/lang/Object;)Ljava/lang/Object; @ 2
Event: 2497.689 Thread 0x000001b098058800 Uncommon trap: reason=class_check action=maybe_recompile pc=0x000001b09b9537ac method=net.minecraft.util.ChatComponentStyle$1.apply(Lnet/minecraft/util/IChatComponent;)Ljava/util/Iterator; @ 1
Event: 2508.361 Thread 0x000001b0b0745000 Uncommon trap: reason=class_check action=maybe_recompile pc=0x000001b09a477fd0 method=java.util.HashSet.<init>(Ljava/util/Collection;)V @ 10

Classes redefined (0 events):
No events

Internal exceptions (10 events):
Event: 2477.170 Thread 0x000001b0b5126000 Exception <a 'java/lang/InterruptedException': sleep interrupted> (0x00000000e0d3f7d8) thrown at [C:\wsjdk\Corretto8Src\installers\windows\zip\corretto-build\buildRoot\src\hotspot\src\share\vm\prims\jvm.cpp, line 3384]
Event: 2497.657 Thread 0x000001b0b06e0800 Exception <a 'java/net/SocketTimeoutException': Read timed out> (0x00000000e0d8ba10) thrown at [C:\wsjdk\Corretto8Src\installers\windows\zip\corretto-build\buildRoot\src\hotspot\src\share\vm\prims\jni.cpp, line 738]
Event: 2497.658 Thread 0x000001b0b06e0800 Exception <a 'java/security/PrivilegedActionException'> (0x00000000e0d8be08) thrown at [C:\wsjdk\Corretto8Src\installers\windows\zip\corretto-build\buildRoot\src\hotspot\src\share\vm\prims\jvm.cpp, line 1524]
Event: 2499.489 Thread 0x000001b0b5126000 Exception <a 'java/lang/InterruptedException': sleep interrupted> (0x00000000e0d97710) thrown at [C:\wsjdk\Corretto8Src\installers\windows\zip\corretto-build\buildRoot\src\hotspot\src\share\vm\prims\jvm.cpp, line 3384]
Event: 2500.416 Thread 0x000001b0b5126000 Exception <a 'java/lang/InterruptedException': sleep interrupted> (0x00000000e0d984c8) thrown at [C:\wsjdk\Corretto8Src\installers\windows\zip\corretto-build\buildRoot\src\hotspot\src\share\vm\prims\jvm.cpp, line 3384]
Event: 2756.759 Thread 0x000001b0b2b53000 Exception <a 'sun/net/ConnectionResetException': > (0x00000000eb96c340) thrown at [C:\wsjdk\Corretto8Src\installers\windows\zip\corretto-build\buildRoot\src\hotspot\src\share\vm\prims\jni.cpp, line 738]
Event: 2756.760 Thread 0x000001b0b2b53000 Exception <a 'sun/net/ConnectionResetException': > (0x00000000eb96c570) thrown at [C:\wsjdk\Corretto8Src\installers\windows\zip\corretto-build\buildRoot\src\hotspot\src\share\vm\prims\jni.cpp, line 738]
Event: 2758.783 Thread 0x000001b0b2b53000 Exception <a 'sun/net/ConnectionResetException': > (0x00000000eb9792b8) thrown at [C:\wsjdk\Corretto8Src\installers\windows\zip\corretto-build\buildRoot\src\hotspot\src\share\vm\prims\jni.cpp, line 738]
Event: 2758.783 Thread 0x000001b0b2b53000 Exception <a 'sun/net/ConnectionResetException': > (0x00000000eb9794e8) thrown at [C:\wsjdk\Corretto8Src\installers\windows\zip\corretto-build\buildRoot\src\hotspot\src\share\vm\prims\jni.cpp, line 738]
Event: 2758.784 Thread 0x000001b0b2b53000 Exception <a 'java/security/PrivilegedActionException'> (0x00000000eb9798f8) thrown at [C:\wsjdk\Corretto8Src\installers\windows\zip\corretto-build\buildRoot\src\hotspot\src\share\vm\prims\jvm.cpp, line 1524]

Events (10 events):
Event: 2872.803 Thread 0x000001b0b074c000 DEOPT UNPACKING pc=0x000001b099b771d8 sp=0x0000003439bfef68 mode 1
Event: 2872.805 Executing VM operation: RevokeBias
Event: 2872.805 Executing VM operation: RevokeBias done
Event: 2872.808 Thread 0x000001b0b074c000 Thread exited: 0x000001b0b074c000
Event: 2872.808 Thread 0x000001b0b0743800 Thread exited: 0x000001b0b0743800
Event: 2872.811 Thread 0x000001b0ad04c800 flushing nmethod 0x000001b09b53bf50
Event: 2872.814 Thread 0x000001b0ad04c800 flushing nmethod 0x000001b09b607d90
Event: 2872.824 Thread 0x000001b0ad04c800 flushing nmethod 0x000001b09b7b8250
Event: 2872.888 Thread 0x000001b0b0745000 Thread exited: 0x000001b0b0745000
Event: 2872.894 Executing VM operation: Exit


Dynamic libraries:
0x00007ff6fdee0000 - 0x00007ff6fdf1a000 	C:\Users\Sun3k\.jdks\corretto-1.8.0_332\bin\java.exe
0x00007ffeb6950000 - 0x00007ffeb6b47000 	C:\Windows\SYSTEM32\ntdll.dll
0x00007ffeb49b0000 - 0x00007ffeb4a6d000 	C:\Windows\System32\KERNEL32.DLL
0x00007ffeb4480000 - 0x00007ffeb474d000 	C:\Windows\System32\KERNELBASE.dll
0x00007ffeb5160000 - 0x00007ffeb520e000 	C:\Windows\System32\ADVAPI32.dll
0x00007ffeb62b0000 - 0x00007ffeb634e000 	C:\Windows\System32\msvcrt.dll
0x00007ffeb5f70000 - 0x00007ffeb600c000 	C:\Windows\System32\sechost.dll
0x00007ffeb5210000 - 0x00007ffeb5335000 	C:\Windows\System32\RPCRT4.dll
0x00007ffeb53a0000 - 0x00007ffeb5540000 	C:\Windows\System32\USER32.dll
0x00007ffeb4950000 - 0x00007ffeb4972000 	C:\Windows\System32\win32u.dll
0x00007ffeb61d0000 - 0x00007ffeb61fa000 	C:\Windows\System32\GDI32.dll
0x00007ffeb4220000 - 0x00007ffeb432b000 	C:\Windows\System32\gdi32full.dll
0x00007ffeb43e0000 - 0x00007ffeb447d000 	C:\Windows\System32\msvcp_win.dll
0x00007ffeb47e0000 - 0x00007ffeb48e0000 	C:\Windows\System32\ucrtbase.dll
0x00007ffe9dfe0000 - 0x00007ffe9e27a000 	C:\Windows\WinSxS\amd64_microsoft.windows.common-controls_6595b64144ccf1df_6.0.19041.1110_none_60b5254171f9507e\COMCTL32.dll
0x00007ffeb55a0000 - 0x00007ffeb55d0000 	C:\Windows\System32\IMM32.DLL
0x00007ffeabda0000 - 0x00007ffeabe8f000 	C:\Users\Sun3k\.jdks\corretto-1.8.0_332\jre\bin\msvcr120.dll
0x00007ffe77520000 - 0x00007ffe775c6000 	C:\Users\Sun3k\.jdks\corretto-1.8.0_332\jre\bin\msvcp120.dll
0x0000000063830000 - 0x00000000640a6000 	C:\Users\Sun3k\.jdks\corretto-1.8.0_332\jre\bin\server\jvm.dll
0x00007ffeb61c0000 - 0x00007ffeb61c8000 	C:\Windows\System32\PSAPI.DLL
0x00007ffe9d810000 - 0x00007ffe9d819000 	C:\Windows\SYSTEM32\WSOCK32.dll
0x00007ffead3a0000 - 0x00007ffead3aa000 	C:\Windows\SYSTEM32\VERSION.dll
0x00007ffeab0b0000 - 0x00007ffeab0d7000 	C:\Windows\SYSTEM32\WINMM.dll
0x00007ffeb5060000 - 0x00007ffeb50cb000 	C:\Windows\System32\WS2_32.dll
0x00007ffeaea20000 - 0x00007ffeaea2f000 	C:\Users\Sun3k\.jdks\corretto-1.8.0_332\jre\bin\verify.dll
0x00007ffeae6b0000 - 0x00007ffeae6d9000 	C:\Users\Sun3k\.jdks\corretto-1.8.0_332\jre\bin\java.dll
0x00007ffeafca0000 - 0x00007ffeafcd5000 	C:\Users\Sun3k\.jdks\corretto-1.8.0_332\jre\bin\jdwp.dll
0x00007ffeafc90000 - 0x00007ffeafc98000 	C:\Users\Sun3k\.jdks\corretto-1.8.0_332\jre\bin\npt.dll
0x00007ffeafc60000 - 0x00007ffeafc8a000 	C:\Users\Sun3k\.jdks\corretto-1.8.0_332\jre\bin\instrument.dll
0x00007ffeaea00000 - 0x00007ffeaea16000 	C:\Users\Sun3k\.jdks\corretto-1.8.0_332\jre\bin\zip.dll
0x00007ffeb57b0000 - 0x00007ffeb5ef4000 	C:\Windows\System32\SHELL32.dll
0x00007ffeb2170000 - 0x00007ffeb2904000 	C:\Windows\SYSTEM32\windows.storage.dll
0x00007ffeb4a70000 - 0x00007ffeb4dc4000 	C:\Windows\System32\combase.dll
0x00007ffeb3ad0000 - 0x00007ffeb3afc000 	C:\Windows\SYSTEM32\Wldp.dll
0x00007ffeb6200000 - 0x00007ffeb62ad000 	C:\Windows\System32\SHCORE.dll
0x00007ffeb5540000 - 0x00007ffeb5595000 	C:\Windows\System32\shlwapi.dll
0x00007ffeb3fb0000 - 0x00007ffeb3fcf000 	C:\Windows\SYSTEM32\profapi.dll
0x00007ffeafc50000 - 0x00007ffeafc59000 	C:\Users\Sun3k\.jdks\corretto-1.8.0_332\jre\bin\dt_socket.dll
0x00007ffeb3830000 - 0x00007ffeb389a000 	C:\Windows\system32\mswsock.dll
0x00007ffe9c420000 - 0x00007ffe9c42d000 	C:\Users\Sun3k\.jdks\corretto-1.8.0_332\jre\bin\management.dll
0x00007ffeae690000 - 0x00007ffeae6aa000 	C:\Users\Sun3k\.jdks\corretto-1.8.0_332\jre\bin\net.dll
0x00007ffeae670000 - 0x00007ffeae682000 	C:\Users\Sun3k\.jdks\corretto-1.8.0_332\jre\bin\nio.dll
0x00007ffeb3a20000 - 0x00007ffeb3a38000 	C:\Windows\SYSTEM32\CRYPTSP.dll
0x00007ffeb3140000 - 0x00007ffeb3174000 	C:\Windows\system32\rsaenh.dll
0x00007ffeb4980000 - 0x00007ffeb49a7000 	C:\Windows\System32\bcrypt.dll
0x00007ffeb3f30000 - 0x00007ffeb3f5e000 	C:\Windows\SYSTEM32\USERENV.dll
0x00007ffeb4750000 - 0x00007ffeb47d2000 	C:\Windows\System32\bcryptprimitives.dll
0x00007ffeb3a40000 - 0x00007ffeb3a4c000 	C:\Windows\SYSTEM32\CRYPTBASE.dll
0x00007ffeb34b0000 - 0x00007ffeb34eb000 	C:\Windows\SYSTEM32\IPHLPAPI.DLL
0x00007ffeb5f60000 - 0x00007ffeb5f68000 	C:\Windows\System32\NSI.dll
0x00007ffea8bc0000 - 0x00007ffea8bd7000 	C:\Windows\SYSTEM32\dhcpcsvc6.DLL
0x00007ffeab020000 - 0x00007ffeab03d000 	C:\Windows\SYSTEM32\dhcpcsvc.DLL
0x00007ffeb34f0000 - 0x00007ffeb35bb000 	C:\Windows\SYSTEM32\DNSAPI.dll
0x00007ffeafc40000 - 0x00007ffeafc4a000 	C:\Users\Sun3k\AppData\Local\Temp\jansi-64-8789561962843762165.dll
0x00007ffe77a30000 - 0x00007ffe77a47000 	C:\Windows\system32\napinsp.dll
0x00007ffe629d0000 - 0x00007ffe629eb000 	C:\Windows\system32\pnrpnsp.dll
0x00007ffeaee60000 - 0x00007ffeaee75000 	C:\Windows\system32\wshbth.dll
0x00007ffeafbb0000 - 0x00007ffeafbcd000 	C:\Windows\system32\NLAapi.dll
0x00007ffe629b0000 - 0x00007ffe629c2000 	C:\Windows\System32\winrnr.dll
0x00007ffea8160000 - 0x00007ffea816a000 	C:\Windows\System32\rasadhlp.dll
0x00007ffea7d30000 - 0x00007ffea7db0000 	C:\Windows\System32\fwpuclnt.dll
0x00007ffeabfa0000 - 0x00007ffeabfc3000 	C:\Users\Sun3k\.jdks\corretto-1.8.0_332\jre\bin\sunec.dll
0x00007ffeaea30000 - 0x00007ffeaea3c000 	C:\Users\Sun3k\.jdks\corretto-1.8.0_332\jre\bin\sunmscapi.dll
0x00007ffeb4070000 - 0x00007ffeb41c6000 	C:\Windows\System32\CRYPT32.dll
0x00007ffeb3b40000 - 0x00007ffeb3b67000 	C:\Windows\SYSTEM32\ncrypt.dll
0x00007ffeb3b00000 - 0x00007ffeb3b3b000 	C:\Windows\SYSTEM32\NTASN1.dll
0x0000000180000000 - 0x0000000180053000 	C:\Users\Sun3k\.gradle\caches\minecraft\net\minecraft\natives\1.8.9\lwjgl64.dll
0x00007ffe7d620000 - 0x00007ffe7d746000 	C:\Windows\SYSTEM32\OPENGL32.dll
0x00007ffe7d5f0000 - 0x00007ffe7d61c000 	C:\Windows\SYSTEM32\GLU32.dll
0x00007ffe9b550000 - 0x00007ffe9b6e5000 	C:\Users\Sun3k\.jdks\corretto-1.8.0_332\jre\bin\awt.dll
0x00007ffeb60f0000 - 0x00007ffeb61bd000 	C:\Windows\System32\OLEAUT32.dll
0x00007ffeb18b0000 - 0x00007ffeb1940000 	C:\Windows\SYSTEM32\apphelp.dll
0x00007ffeaeb70000 - 0x00007ffeaec1e000 	C:\Windows\SYSTEM32\mscms.dll
0x00007ffeaeb50000 - 0x00007ffeaeb61000 	C:\Windows\SYSTEM32\ColorAdapterClient.dll
0x00007ffeb1f70000 - 0x00007ffeb1f82000 	C:\Windows\SYSTEM32\kernel.appcore.dll
0x00007ffeb55d0000 - 0x00007ffeb5679000 	C:\Windows\System32\clbcatq.dll
0x00007ffeac730000 - 0x00007ffeac773000 	C:\Windows\System32\Windows.Internal.Graphics.Display.DisplayColorManagement.dll
0x00007ffeb41d0000 - 0x00007ffeb421e000 	C:\Windows\System32\cfgmgr32.dll
0x00007ffeb1a70000 - 0x00007ffeb1b0e000 	C:\Windows\system32\uxtheme.dll
0x00007ffeb5690000 - 0x00007ffeb57a5000 	C:\Windows\System32\MSCTF.dll
0x00007ffea19f0000 - 0x00007ffea1ae9000 	C:\Windows\SYSTEM32\textinputframework.dll
0x00007ffeb15a0000 - 0x00007ffeb1692000 	C:\Windows\System32\CoreMessaging.dll
0x00007ffeb0ec0000 - 0x00007ffeb121e000 	C:\Windows\System32\CoreUIComponents.dll
0x00007ffeb2d70000 - 0x00007ffeb2da3000 	C:\Windows\SYSTEM32\ntmarta.dll
0x00007ffeafee0000 - 0x00007ffeb0034000 	C:\Windows\SYSTEM32\wintypes.dll
0x00007ffead280000 - 0x00007ffead377000 	C:\Windows\System32\AppXDeploymentClient.dll
0x00007ffeaea90000 - 0x00007ffeaeabc000 	C:\Windows\System32\DriverStore\FileRepository\u0375335.inf_amd64_7de275617d9da25a\B374868\atig6pxx.dll
0x00007ffe47b80000 - 0x00007ffe4a9c3000 	C:\Windows\System32\DriverStore\FileRepository\u0375335.inf_amd64_7de275617d9da25a\B374868\atio6axx.dll
0x00007ffe9f7f0000 - 0x00007ffe9f814000 	C:\Windows\SYSTEM32\dxva2.dll
0x00007ffeb6350000 - 0x00007ffeb67bf000 	C:\Windows\System32\SETUPAPI.dll
0x00007ffeb67e0000 - 0x00007ffeb690a000 	C:\Windows\System32\ole32.dll
0x00007ffeb1c80000 - 0x00007ffeb1caf000 	C:\Windows\SYSTEM32\dwmapi.dll
0x00007ffe9d9a0000 - 0x00007ffe9d9df000 	C:\Windows\System32\DriverStore\FileRepository\u0375335.inf_amd64_7de275617d9da25a\B374868\atig6txx.dll
0x00007ffe6eee0000 - 0x00007ffe6f0b4000 	C:\Windows\SYSTEM32\atiadlxx.dll
0x00007ffe92cf0000 - 0x00007ffe92d39000 	C:\Windows\SYSTEM32\pdh.dll
0x00007ffeafab0000 - 0x00007ffeafba6000 	C:\Windows\SYSTEM32\PROPSYS.dll
0x00007ffeb3e20000 - 0x00007ffeb3e4c000 	C:\Windows\SYSTEM32\DEVOBJ.dll
0x00007ffeb48e0000 - 0x00007ffeb4947000 	C:\Windows\System32\WINTRUST.dll
0x00007ffeb3c60000 - 0x00007ffeb3c72000 	C:\Windows\SYSTEM32\MSASN1.dll
0x00007ffeabd00000 - 0x00007ffeabd3b000 	C:\Windows\SYSTEM32\dxcore.dll
0x00007ffe671f0000 - 0x00007ffe67233000 	C:\Windows\SYSTEM32\icm32.dll
0x000001b0b62c0000 - 0x000001b0b62f8000 	C:\Users\Sun3k\AppData\Local\Temp\jna\jna1067076359867559163.dll
0x0000000070a40000 - 0x0000000070adc000 	C:\Users\Sun3k\.gradle\caches\minecraft\net\minecraft\natives\1.8.9\avutil-ttv-51.dll
0x0000000065980000 - 0x00000000659d6000 	C:\Users\Sun3k\.gradle\caches\minecraft\net\minecraft\natives\1.8.9\swresample-ttv-0.dll
0x000000006eb80000 - 0x000000006ec50000 	C:\Users\Sun3k\.gradle\caches\minecraft\net\minecraft\natives\1.8.9\libmp3lame-ttv.dll
0x00007ffe50ae0000 - 0x00007ffe51e84000 	C:\Users\Sun3k\.gradle\caches\minecraft\net\minecraft\natives\1.8.9\libmfxsw64.dll
0x00007ffe96520000 - 0x00007ffe9668d000 	C:\Users\Sun3k\.gradle\caches\minecraft\net\minecraft\natives\1.8.9\twitchsdk.dll
0x00007ffe99ea0000 - 0x00007ffe9a376000 	C:\Windows\SYSTEM32\WININET.dll
0x000001b0bcb00000 - 0x000001b0bcb64000 	C:\Users\Sun3k\.gradle\caches\minecraft\net\minecraft\natives\1.8.9\OpenAL64.dll
0x00007ffeaad30000 - 0x00007ffeaadb5000 	C:\Windows\System32\MMDevApi.dll
0x00007ffe9b3e0000 - 0x00007ffe9b47c000 	C:\Windows\SYSTEM32\dsound.dll
0x00007ffe9a760000 - 0x00007ffe9a786000 	C:\Windows\SYSTEM32\winmmbase.dll
0x00007ffeb3730000 - 0x00007ffeb377b000 	C:\Windows\SYSTEM32\powrprof.dll
0x00007ffeb3630000 - 0x00007ffeb3642000 	C:\Windows\SYSTEM32\UMPDC.dll
0x00007ffeaadc0000 - 0x00007ffeaaf42000 	C:\Windows\SYSTEM32\AUDIOSES.DLL
0x00007ffeb1b80000 - 0x00007ffeb1b94000 	C:\Windows\SYSTEM32\resourcepolicyclient.dll
0x00007ffe9b390000 - 0x00007ffe9b3db000 	C:\ProgramData\obs-studio-hook\graphics-hook64.dll
0x00007ffeb0040000 - 0x00007ffeb02a3000 	C:\Windows\system32\d3d11.dll
0x00007ffeb2970000 - 0x00007ffeb2a63000 	C:\Windows\SYSTEM32\dxgi.dll
0x00007ffeab0e0000 - 0x00007ffeab298000 	C:\Windows\System32\DriverStore\FileRepository\u0375335.inf_amd64_7de275617d9da25a\B374868\aticfx64.dll
0x00007ffeaaf50000 - 0x00007ffeaaf89000 	C:\Windows\System32\DriverStore\FileRepository\u0375335.inf_amd64_7de275617d9da25a\B374868\atiuxp64.dll
0x00007ffea8df0000 - 0x00007ffeaad27000 	C:\Windows\System32\DriverStore\FileRepository\u0375335.inf_amd64_7de275617d9da25a\B374868\atidxx64.dll
0x00007ffea8ab0000 - 0x00007ffea8ae0000 	C:\Windows\SYSTEM32\amdihk64.dll
0x00007ffea8200000 - 0x00007ffea822b000 	C:\Windows\SYSTEM32\D3DSCache.dll
0x00007ffeada20000 - 0x00007ffeadc20000 	C:\Windows\SYSTEM32\twinapi.appcore.dll
0x00007ffe9faf0000 - 0x00007ffe9fcd4000 	C:\Windows\SYSTEM32\dbghelp.dll

VM Arguments:
jvm_args: -agentlib:jdwp=transport=dt_socket,address=127.0.0.1:62469,suspend=y,server=n -javaagent:C:\Users\Sun3k\AppData\Local\JetBrains\IdeaIC2022.1\captureAgent\debugger-agent.jar -Dfile.encoding=UTF-8 
java_command: GradleStart --mixin mixins.sunrise.json --tweakClass org.spongepowered.asm.launch.MixinTweaker -Ddevauth.account --javaagent:C:\Users\Sun3k\.gradle\caches\modules-2\files-2.1\org.spongepowered\mixin\0.7.11-SNAPSHOT\7a670207bdb97db418118ad1e9bb42424ff3776d\mixin-0.7.11-SNAPSHOT.jar
java_class_path (initial): C:\Users\Sun3k\.jdks\corretto-1.8.0_332\jre\lib\charsets.jar;C:\Users\Sun3k\.jdks\corretto-1.8.0_332\jre\lib\ext\access-bridge-64.jar;C:\Users\Sun3k\.jdks\corretto-1.8.0_332\jre\lib\ext\cldrdata.jar;C:\Users\Sun3k\.jdks\corretto-1.8.0_332\jre\lib\ext\dnsns.jar;C:\Users\Sun3k\.jdks\corretto-1.8.0_332\jre\lib\ext\jaccess.jar;C:\Users\Sun3k\.jdks\corretto-1.8.0_332\jre\lib\ext\jfxrt.jar;C:\Users\Sun3k\.jdks\corretto-1.8.0_332\jre\lib\ext\localedata.jar;C:\Users\Sun3k\.jdks\corretto-1.8.0_332\jre\lib\ext\nashorn.jar;C:\Users\Sun3k\.jdks\corretto-1.8.0_332\jre\lib\ext\sunec.jar;C:\Users\Sun3k\.jdks\corretto-1.8.0_332\jre\lib\ext\sunjce_provider.jar;C:\Users\Sun3k\.jdks\corretto-1.8.0_332\jre\lib\ext\sunmscapi.jar;C:\Users\Sun3k\.jdks\corretto-1.8.0_332\jre\lib\ext\sunpkcs11.jar;C:\Users\Sun3k\.jdks\corretto-1.8.0_332\jre\lib\ext\zipfs.jar;C:\Users\Sun3k\.jdks\corretto-1.8.0_332\jre\lib\jce.jar;C:\Users\Sun3k\.jdks\corretto-1.8.0_332\jre\lib\jfr.jar;C:\Users\Sun3k\.jdks\corretto-1.8.0_332\jre\lib\jfxswt.jar;C:\Users\Sun3k\.jdks\corretto-1.8.0_332\jre\lib\jsse.jar;C:\Users\Sun3k\.jdks\corretto-1.8.0_332\jre\lib\management-agent.jar;C:\Users\Sun3k\.jdks\corretto-1.8.0_332\jre\lib\resources.jar;C:\Users\Sun3k\.jdks\corretto-1.8.0_332\jre\lib\rt.jar;C:\Users\Sun3k\IdeaProjects\Sunrise8\build\classes\java\main;C:\Users\Sun3k\.gradle\caches\minecraft\deobfedDeps\compileDummy.jar;C:\Users\Sun3k\.gradle\caches\minecraft\deobfedDeps\providedDummy.jar;C:\Users\Sun3k\.gradle\caches\modules-2\files-2.1\org.spongepowered\mixin\0.7.11-SNAPSHOT\7a670207bdb97db418118ad1e9bb42424ff3776d\mixin-0.7.11-SNAPSHOT.jar;C:\Users\Sun3k\.gradle\caches\modules-2\files-2.1\gg.essential\elementa-1.8.9-forge\507\38e5ea484636664fc185041360ee5e86cfc147b5\elementa-1.8.9-forge-507.jar;C:\Users\Sun3k\.gradle\caches\modules-2\files-2.1\com.google.guava\guava\17.0\9c6ef172e8de35fd8d4d8783e4821e57cdef7445\guava-17.0.jar;C:\Users\Sun3k\.gradle\caches\modules-2\files-2.1\commons-io\c
Launcher Type: SUN_STANDARD

Environment Variables:
JAVA_HOME=C:\Program Files\OpenJDK\jdk-18
PATH=C:\Windows\system32;C:\Windows;C:\Windows\System32\Wbem;C:\Windows\System32\WindowsPowerShell\v1.0\;C:\Windows\System32\OpenSSH\;C:\ProgramData\chocolatey\bin;C:\Program Files\Microsoft VS Code\bin;C:\Program Files (x86)\Yarn\bin\;C:\Program Files\nodejs\;C:\Program Files\Git\cmd;C:\Program Files\OpenJDK\jdk-18\bin;C:\Program Files\dotnet\;C:\Users\Sun3k\AppData\Local\Programs\Python\Python310\Scripts\;C:\Users\Sun3k\AppData\Local\Programs\Python\Python310\;C:\Users\Sun3k\AppData\Local\Microsoft\WindowsApps;C:\Users\Sun3k\AppData\Local\Yarn\bin;C:\Users\Sun3k\AppData\Roaming\npm;C:\Program Files\Oracle\VirtualBox;C:\Program Files\heroku\bin;C:\Program Files\JetBrains\IntelliJ IDEA Community Edition 2022.1.1\bin;;C:\Users\Sun3k\.dotnet\tools
USERNAME=Sun3k
OS=Windows_NT
PROCESSOR_IDENTIFIER=AMD64 Family 23 Model 24 Stepping 1, AuthenticAMD



---------------  S Y S T E M  ---------------

OS: Windows 10.0 , 64 bit Build 19041 (10.0.19041.1741)

CPU:total 8 (initial active 8) (8 cores per cpu, 1 threads per core) family 23 model 24 stepping 1, cmov, cx8, fxsr, mmx, sse, sse2, sse3, ssse3, sse4.1, sse4.2, popcnt, avx, avx2, aes, clmul, mmxext, 3dnowpref, lzcnt, sse4a, tsc, tscinvbit, tscinv, bmi1

Memory: 4k page, physical 6206224k(444628k free), swap 19837712k(6991436k free)

vm_info: OpenJDK 64-Bit Server VM (25.332-b08) for windows-amd64 JRE (1.8.0_332-b08), built on Apr 16 2022 08:31:02 by "Administrator" with MS VC++ 12.0 (VS2013)

time: Sun Jun 19 21:49:32 2022
timezone: South Sudan Standard Time
elapsed time: 2873.344498 seconds (0d 0h 47m 53s)

