#
# A fatal error has been detected by the Java Runtime Environment:
#
#  EXCEPTION_ACCESS_VIOLATION (0xc0000005) at pc=0x0000000000000000, pid=13612, tid=0x00000000000002a4
#
# JRE version: OpenJDK Runtime Environment (8.0_332-b08) (build 1.8.0_332-b08)
# Java VM: OpenJDK 64-Bit Server VM (25.332-b08 mixed mode windows-amd64 compressed oops)
# Problematic frame:
# C  0x0000000000000000
#
# Failed to write core dump. Minidumps are not enabled by default on client versions of Windows
#
# If you would like to submit a bug report, please visit:
#   https://github.com/corretto/corretto-8/issues/
#

---------------  T H R E A D  ---------------

Current thread (0x00000262d3019000):  VMThread [stack: 0x000000b0e3000000,0x000000b0e3100000] [id=676]

siginfo: ExceptionCode=0xc0000005, ExceptionInformation=0x0000000000000008 0x0000000000000000

Registers:
RAX=0x0000000000000000, RBX=0x0000000000000000, RCX=0x0000000000000001, RDX=0x00007ffde81bf0b8
RSP=0x000000b0e30fedc8, RBP=0x00000262be112d50, RSI=0x0000000000010000, RDI=0x0000000000000000
R8 =0x000000b0e2363000, R9 =0x0000000000000040, R10=0x0000000000000280, R11=0x00000262e2683ff0
R12=0x00007ffdd698f270, R13=0x00000000ffffffff, R14=0x00007ffdd68b0000, R15=0x0000000000000001
RIP=0x0000000000000000, EFLAGS=0x0000000000010206

Top of Stack: (sp=0x000000b0e30fedc8)
0x000000b0e30fedc8:   00007ffde8182f2c 0000000000000000
0x000000b0e30fedd8:   00000262be112d50 00000000ffffffff
0x000000b0e30fede8:   0000000000010000 0000000000000000
0x000000b0e30fedf8:   00007ffde818406e 0000000000000000
0x000000b0e30fee08:   00000262be112d50 0000000000010000
0x000000b0e30fee18:   00000262d66f90e8 0000000000000001
0x000000b0e30fee28:   00007ffdd68b6e2e 0000000000000000
0x000000b0e30fee38:   0000000000000001 000000018004bb20
0x000000b0e30fee48:   0000000000000000 0000000000000001
0x000000b0e30fee58:   00007ffdd68b7276 0000000000000000
0x000000b0e30fee68:   00000262be112d50 0000000000000001
0x000000b0e30fee78:   0000000000000001 0000000000000000
0x000000b0e30fee88:   00007ffdd698f3af 0000000000000001
0x000000b0e30fee98:   0000000000000000 0000000000000000
0x000000b0e30feea8:   00000262e30a0b30 0000000100000001
0x000000b0e30feeb8:   000000018000ecac 000000018001c558 

Instructions: (pc=0x0000000000000000)
0xffffffffffffffe0:   


Register to memory mapping:

RAX=0x0000000000000000 is an unknown value
RBX=0x0000000000000000 is an unknown value
RCX=0x0000000000000001 is an unknown value
RDX=0x00007ffde81bf0b8 is an unknown value
RSP=0x000000b0e30fedc8 is an unknown value
RBP=0x00000262be112d50 is an unknown value
RSI=0x0000000000010000 is an unknown value
RDI=0x0000000000000000 is an unknown value
R8 =0x000000b0e2363000 is an unknown value
R9 =0x0000000000000040 is an unknown value
R10=0x0000000000000280 is an unknown value
R11=0x00000262e2683ff0 is an unknown value
R12=0x00007ffdd698f270 is an unknown value
R13=0x00000000ffffffff is an unknown value
R14=0x00007ffdd68b0000 is an unknown value
R15=0x0000000000000001 is an unknown value


Stack: [0x000000b0e3000000,0x000000b0e3100000],  sp=0x000000b0e30fedc8,  free space=1019k
Native frames: (J=compiled Java code, j=interpreted, Vv=VM code, C=native code)

VM_Operation (0x000000b0e27fd930): Exit, mode: safepoint, requested by thread 0x00000262be0fa000


---------------  P R O C E S S  ---------------

Java Threads: ( => current thread )
  0x00000262ef99e800 JavaThread "rebel-intermediate-collector" daemon [_thread_blocked, id=21508, stack(0x000000b0e6a00000,0x000000b0e6b00000)]
  0x00000262ef98b800 JavaThread "pool-6-thread-11" [_thread_blocked, id=15980, stack(0x000000b0e7600000,0x000000b0e7700000)]
  0x00000262ef98e000 JavaThread "Netty Client IO #15" daemon [_thread_in_native, id=11436, stack(0x000000b0e7e00000,0x000000b0e7f00000)]
  0x00000262ef989800 JavaThread "Netty Client IO #14" daemon [_thread_in_native, id=13724, stack(0x000000b0e7d00000,0x000000b0e7e00000)]
  0x00000262ef98f000 JavaThread "Netty Client IO #13" daemon [_thread_in_native, id=12896, stack(0x000000b0e7c00000,0x000000b0e7d00000)]
  0x00000262ef98f800 JavaThread "Netty Client IO #12" daemon [_thread_in_native, id=824, stack(0x000000b0e7b00000,0x000000b0e7c00000)]
  0x00000262ef990800 JavaThread "Netty Client IO #11" daemon [_thread_in_native, id=13188, stack(0x000000b0e7a00000,0x000000b0e7b00000)]
  0x00000262ef98c800 JavaThread "Netty Client IO #10" daemon [_thread_in_native, id=16720, stack(0x000000b0e7900000,0x000000b0e7a00000)]
  0x00000262d5314800 JavaThread "Netty Client IO #9" daemon [_thread_in_native, id=15544, stack(0x000000b0e7800000,0x000000b0e7900000)]
  0x00000262f6272800 JavaThread "Netty Client IO #8" daemon [_thread_in_native, id=5540, stack(0x000000b0e7700000,0x000000b0e7800000)]
  0x00000262f6271800 JavaThread "Netty Client IO #7" daemon [_thread_in_native, id=16216, stack(0x000000b0e7100000,0x000000b0e7200000)]
  0x00000262f6273000 JavaThread "Netty Client IO #6" daemon [_thread_in_native, id=10120, stack(0x000000b0e6c00000,0x000000b0e6d00000)]
  0x00000262f626e800 JavaThread "Netty Client IO #5" daemon [_thread_in_native, id=7596, stack(0x000000b0e2400000,0x000000b0e2500000)]
  0x00000262f6269000 JavaThread "Netty Client IO #4" daemon [_thread_in_native, id=12600, stack(0x000000b0e7000000,0x000000b0e7100000)]
  0x00000262f6270000 JavaThread "Netty Client IO #3" daemon [_thread_in_native, id=16880, stack(0x000000b0e6f00000,0x000000b0e7000000)]
  0x00000262f6268000 JavaThread "Netty Client IO #2" daemon [_thread_in_native, id=6092, stack(0x000000b0e6e00000,0x000000b0e6f00000)]
  0x00000262f626f000 JavaThread "Netty Client IO #1" daemon [_thread_in_native, id=11356, stack(0x000000b0e6d00000,0x000000b0e6e00000)]
  0x00000262f626d800 JavaThread "Netty Client IO #0" daemon [_thread_in_native, id=18112, stack(0x000000b0e6b00000,0x000000b0e6c00000)]
  0x00000262f6267800 JavaThread "Server Pinger #4" daemon [_thread_blocked, id=18944, stack(0x000000b0e6900000,0x000000b0e6a00000)]
  0x00000262f626c000 JavaThread "Server Pinger #3" daemon [_thread_blocked, id=13132, stack(0x000000b0e6300000,0x000000b0e6400000)]
  0x00000262f626b000 JavaThread "Server Pinger #2" daemon [_thread_blocked, id=1588, stack(0x000000b0e5700000,0x000000b0e5800000)]
  0x00000262f6264000 JavaThread "Server Pinger #1" daemon [_thread_blocked, id=8276, stack(0x000000b0e5100000,0x000000b0e5200000)]
  0x00000262f626a800 JavaThread "Thread-24" daemon [_thread_in_native, id=20176, stack(0x000000b0e2600000,0x000000b0e2700000)]
  0x00000262e1638000 JavaThread "Server Pinger #0" daemon [_thread_blocked, id=18892, stack(0x000000b0e2500000,0x000000b0e2600000)]
  0x00000262e1636000 JavaThread "Thread-23" [_thread_blocked, id=20924, stack(0x000000b0e6600000,0x000000b0e6700000)]
  0x00000262e162e000 JavaThread "Thread-22" [_thread_blocked, id=19300, stack(0x000000b0e6400000,0x000000b0e6500000)]
  0x00000262e1631000 JavaThread "DiscordRPC" [_thread_blocked, id=15132, stack(0x000000b0e6700000,0x000000b0e6800000)]
  0x00000262e162a000 JavaThread "Chunk Batcher 1" daemon [_thread_blocked, id=19288, stack(0x000000b0e6100000,0x000000b0e6200000)]
  0x00000262e1629800 JavaThread "Chunk Batcher 0" daemon [_thread_blocked, id=13812, stack(0x000000b0e5600000,0x000000b0e5700000)]
  0x00000262de556800 JavaThread "LWJGL Timer" daemon [_thread_blocked, id=13748, stack(0x000000b0e5800000,0x000000b0e5900000)]
  0x00000262de557000 JavaThread "Java2D Disposer" daemon [_thread_blocked, id=13260, stack(0x000000b0e5500000,0x000000b0e5600000)]
  0x00000262de553000 JavaThread "Timer hack thread" daemon [_thread_blocked, id=17784, stack(0x000000b0e5b00000,0x000000b0e5c00000)]
  0x00000262ddde3800 JavaThread "ViaRewind-1_8TO1_9" daemon [_thread_blocked, id=4720, stack(0x000000b0e5a00000,0x000000b0e5b00000)]
  0x00000262ddb21000 JavaThread "ViaForge-1" daemon [_thread_blocked, id=1472, stack(0x000000b0e5400000,0x000000b0e5500000)]
  0x00000262ddb24800 JavaThread "ViaForge-0" daemon [_thread_blocked, id=16624, stack(0x000000b0e5300000,0x000000b0e5400000)]
  0x00000262ddb20800 JavaThread "Snooper Timer" daemon [_thread_blocked, id=21192, stack(0x000000b0e5000000,0x000000b0e5100000)]
  0x00000262ddb26000 JavaThread "Snooper Timer" daemon [_thread_blocked, id=20172, stack(0x000000b0e4400000,0x000000b0e4500000)]
  0x00000262d59bb800 JavaThread "rebel-build-info" daemon [_thread_in_native, id=17804, stack(0x000000b0e4f00000,0x000000b0e5000000)]
  0x00000262d59ba800 JavaThread "rebel-change-detector-thread" daemon [_thread_blocked, id=11868, stack(0x000000b0e4e00000,0x000000b0e4f00000)]
  0x00000262d59b8800 JavaThread "rebel-debugger-thread" daemon [_thread_blocked, id=13656, stack(0x000000b0e4d00000,0x000000b0e4e00000)]
  0x00000262d59b7000 JavaThread "rebel-debugger-attach-notifier" daemon [_thread_blocked, id=17312, stack(0x000000b0e4c00000,0x000000b0e4d00000)]
  0x00000262d59ba000 JavaThread "rebel-heartbeat-thread" daemon [_thread_blocked, id=18792, stack(0x000000b0e4b00000,0x000000b0e4c00000)]
  0x00000262d59b9000 JavaThread "rebel-redeploy-thread" daemon [_thread_blocked, id=5044, stack(0x000000b0e4500000,0x000000b0e4600000)]
  0x00000262d59af000 JavaThread "rebel-leaseManager-1" daemon [_thread_blocked, id=9176, stack(0x000000b0e4300000,0x000000b0e4400000)]
  0x00000262d59b6000 JavaThread "rebel-messaging-executor-46" daemon [_thread_blocked, id=12568, stack(0x000000b0e4100000,0x000000b0e4200000)]
  0x00000262d59b5000 JavaThread "rebel-weak-reaper" daemon [_thread_blocked, id=11532, stack(0x000000b0e3f00000,0x000000b0e4000000)]
  0x00000262d59b2000 JavaThread "rebel-cache-writer" daemon [_thread_blocked, id=4220, stack(0x000000b0e3e00000,0x000000b0e3f00000)]
  0x00000262d5768800 JavaThread "rebel-CacheKeepAlive" daemon [_thread_blocked, id=8668, stack(0x000000b0e4700000,0x000000b0e4800000)]
  0x00000262d57c9000 JavaThread "rebel-logger" daemon [_thread_blocked, id=13876, stack(0x000000b0e4600000,0x000000b0e4700000)]
  0x00000262d5317800 JavaThread "Service Thread" daemon [_thread_blocked, id=8676, stack(0x000000b0e3c00000,0x000000b0e3d00000)]
  0x00000262d5310800 JavaThread "C1 CompilerThread3" daemon [_thread_blocked, id=21264, stack(0x000000b0e3b00000,0x000000b0e3c00000)]
  0x00000262d5315000 JavaThread "C2 CompilerThread2" daemon [_thread_blocked, id=21212, stack(0x000000b0e3a00000,0x000000b0e3b00000)]
  0x00000262d530b800 JavaThread "C2 CompilerThread1" daemon [_thread_blocked, id=7108, stack(0x000000b0e3900000,0x000000b0e3a00000)]
  0x00000262d530a000 JavaThread "C2 CompilerThread0" daemon [_thread_blocked, id=14932, stack(0x000000b0e3800000,0x000000b0e3900000)]
  0x00000262d4eb2000 JavaThread "JDWP Event Helper Thread" daemon [_thread_blocked, id=18808, stack(0x000000b0e3600000,0x000000b0e3700000)]
  0x00000262d3067000 JavaThread "Attach Listener" daemon [_thread_blocked, id=16820, stack(0x000000b0e3400000,0x000000b0e3500000)]
  0x00000262d3066000 JavaThread "Signal Dispatcher" daemon [_thread_blocked, id=16668, stack(0x000000b0e3300000,0x000000b0e3400000)]
  0x00000262be18e800 JavaThread "Finalizer" daemon [_thread_blocked, id=21060, stack(0x000000b0e3200000,0x000000b0e3300000)]
  0x00000262be18c800 JavaThread "Reference Handler" daemon [_thread_blocked, id=19228, stack(0x000000b0e3100000,0x000000b0e3200000)]
  0x00000262be0fa000 JavaThread "Client thread" [_thread_blocked, id=19848, stack(0x000000b0e2700000,0x000000b0e2800000)]

Other Threads:
=>0x00000262d3019000 VMThread [stack: 0x000000b0e3000000,0x000000b0e3100000] [id=676]

VM state:at safepoint (shutting down)

VM Mutex/Monitor currently owned by a thread:  ([mutex/lock_event])
[0x00000262be0f8ea0] Threads_lock - owner thread: 0x00000262d3019000

heap address: 0x00000000a1400000, size: 1516 MB, Compressed Oops mode: 32-bit
Narrow klass base: 0x0000000000000000, Narrow klass shift: 3
Compressed class space size: 1073741824 Address: 0x0000000100000000

Heap:
 PSYoungGen      total 429568K, used 21998K [0x00000000e0700000, 0x0000000100000000, 0x0000000100000000)
  eden space 429056K, 5% used [0x00000000e0700000,0x00000000e1c7bae8,0x00000000faa00000)
  from space 512K, 0% used [0x00000000faa00000,0x00000000faa00000,0x00000000faa80000)
  to   space 45056K, 0% used [0x00000000fd400000,0x00000000fd400000,0x0000000100000000)
 ParOldGen       total 531456K, used 278471K [0x00000000a1400000, 0x00000000c1b00000, 0x00000000e0700000)
  object space 531456K, 52% used [0x00000000a1400000,0x00000000b23f1f00,0x00000000c1b00000)
 Metaspace       used 105345K, capacity 108679K, committed 108976K, reserved 1146880K
  class space    used 11650K, capacity 12402K, committed 12464K, reserved 1048576K

Card table byte_map: [0x00000262cedf0000,0x00000262cf0f0000] byte_map_base: 0x00000262ce8e6000

Marking Bits: (ParMarkBitMap*) 0x000000006c1e7850
 Begin Bits: [0x00000262cf2f0000, 0x00000262d0aa0000)
 End Bits:   [0x00000262d0aa0000, 0x00000262d2250000)

Polling page: 0x00000262bfa00000

CodeCache: size=245760Kb used=67553Kb max_used=68643Kb free=178206Kb
 bounds [0x00000262bfa30000, 0x00000262c3df0000, 0x00000262cea30000]
 total_blobs=20681 nmethods=19706 adapters=895
 compilation: enabled

Compilation events (10 events):
Event: 4099.316 Thread 0x00000262d5310800 nmethod 42613 0x00000262c1065910 code [0x00000262c1065ca0, 0x00000262c1067980]
Event: 4099.318 Thread 0x00000262d530b800 nmethod 42612 0x00000262c3849250 code [0x00000262c38493a0, 0x00000262c3849678]
Event: 4099.324 Thread 0x00000262d5310800 42614       3       java.lang.invoke.InvokerBytecodeGenerator::isStaticallyNameable (125 bytes)
Event: 4099.328 Thread 0x00000262d5310800 nmethod 42614 0x00000262c3a92d90 code [0x00000262c3a93160, 0x00000262c3a95200]
Event: 4099.342 Thread 0x00000262d5310800 42615   !   3       java.lang.ThreadGroup::remove (118 bytes)
Event: 4099.344 Thread 0x00000262d5310800 nmethod 42615 0x00000262c3d81450 code [0x00000262c3d81720, 0x00000262c3d82a40]
Event: 4099.369 Thread 0x00000262d5310800 42616       3       com.zeroturnaround.javarebel.fph::a (226 bytes)
Event: 4099.372 Thread 0x00000262d5310800 nmethod 42616 0x00000262c20a4e50 code [0x00000262c20a5200, 0x00000262c20a7ce0]
Event: 4099.380 Thread 0x00000262d5310800 42617       3       net.minecraftforge.fml.relauncher.FMLSecurityManager::checkPermission (186 bytes)
Event: 4099.383 Thread 0x00000262d5310800 nmethod 42617 0x00000262c381cfd0 code [0x00000262c381d460, 0x00000262c381ffe0]

GC Heap History (10 events):
Event: 4097.702 GC heap before
{Heap before GC invocations=964 (full 49):
 PSYoungGen      total 469504K, used 33561K [0x00000000e0700000, 0x0000000100000000, 0x0000000100000000)
  eden space 430080K, 0% used [0x00000000e0700000,0x00000000e0700000,0x00000000fab00000)
  from space 39424K, 85% used [0x00000000fab00000,0x00000000fcbc6540,0x00000000fd180000)
  to   space 42496K, 0% used [0x00000000fd680000,0x00000000fd680000,0x0000000100000000)
 ParOldGen       total 531456K, used 271637K [0x00000000a1400000, 0x00000000c1b00000, 0x00000000e0700000)
  object space 531456K, 51% used [0x00000000a1400000,0x00000000b1d455f0,0x00000000c1b00000)
 Metaspace       used 105221K, capacity 108509K, committed 108720K, reserved 1144832K
  class space    used 11630K, capacity 12367K, committed 12464K, reserved 1048576K
Event: 4098.210 GC heap after
Heap after GC invocations=964 (full 49):
 PSYoungGen      total 469504K, used 0K [0x00000000e0700000, 0x0000000100000000, 0x0000000100000000)
  eden space 430080K, 0% used [0x00000000e0700000,0x00000000e0700000,0x00000000fab00000)
  from space 39424K, 0% used [0x00000000fab00000,0x00000000fab00000,0x00000000fd180000)
  to   space 42496K, 0% used [0x00000000fd680000,0x00000000fd680000,0x0000000100000000)
 ParOldGen       total 531456K, used 278705K [0x00000000a1400000, 0x00000000c1b00000, 0x00000000e0700000)
  object space 531456K, 52% used [0x00000000a1400000,0x00000000b242c590,0x00000000c1b00000)
 Metaspace       used 105221K, capacity 108509K, committed 108720K, reserved 1144832K
  class space    used 11630K, capacity 12367K, committed 12464K, reserved 1048576K
}
Event: 4098.234 GC heap before
{Heap before GC invocations=965 (full 49):
 PSYoungGen      total 469504K, used 7699K [0x00000000e0700000, 0x0000000100000000, 0x0000000100000000)
  eden space 430080K, 1% used [0x00000000e0700000,0x00000000e0e84c18,0x00000000fab00000)
  from space 39424K, 0% used [0x00000000fab00000,0x00000000fab00000,0x00000000fd180000)
  to   space 42496K, 0% used [0x00000000fd680000,0x00000000fd680000,0x0000000100000000)
 ParOldGen       total 531456K, used 278705K [0x00000000a1400000, 0x00000000c1b00000, 0x00000000e0700000)
  object space 531456K, 52% used [0x00000000a1400000,0x00000000b242c590,0x00000000c1b00000)
 Metaspace       used 105224K, capacity 108509K, committed 108720K, reserved 1144832K
  class space    used 11630K, capacity 12367K, committed 12464K, reserved 1048576K
Event: 4098.242 GC heap after
Heap after GC invocations=965 (full 49):
 PSYoungGen      total 471552K, used 384K [0x00000000e0700000, 0x0000000100000000, 0x0000000100000000)
  eden space 429056K, 0% used [0x00000000e0700000,0x00000000e0700000,0x00000000faa00000)
  from space 42496K, 0% used [0x00000000fd680000,0x00000000fd6e0000,0x0000000100000000)
  to   space 44032K, 0% used [0x00000000faa00000,0x00000000faa00000,0x00000000fd500000)
 ParOldGen       total 531456K, used 278705K [0x00000000a1400000, 0x00000000c1b00000, 0x00000000e0700000)
  object space 531456K, 52% used [0x00000000a1400000,0x00000000b242c590,0x00000000c1b00000)
 Metaspace       used 105224K, capacity 108509K, committed 108720K, reserved 1144832K
  class space    used 11630K, capacity 12367K, committed 12464K, reserved 1048576K
}
Event: 4098.242 GC heap before
{Heap before GC invocations=966 (full 50):
 PSYoungGen      total 471552K, used 384K [0x00000000e0700000, 0x0000000100000000, 0x0000000100000000)
  eden space 429056K, 0% used [0x00000000e0700000,0x00000000e0700000,0x00000000faa00000)
  from space 42496K, 0% used [0x00000000fd680000,0x00000000fd6e0000,0x0000000100000000)
  to   space 44032K, 0% used [0x00000000faa00000,0x00000000faa00000,0x00000000fd500000)
 ParOldGen       total 531456K, used 278705K [0x00000000a1400000, 0x00000000c1b00000, 0x00000000e0700000)
  object space 531456K, 52% used [0x00000000a1400000,0x00000000b242c590,0x00000000c1b00000)
 Metaspace       used 105224K, capacity 108509K, committed 108720K, reserved 1144832K
  class space    used 11630K, capacity 12367K, committed 12464K, reserved 1048576K
Event: 4098.638 GC heap after
Heap after GC invocations=966 (full 50):
 PSYoungGen      total 471552K, used 0K [0x00000000e0700000, 0x0000000100000000, 0x0000000100000000)
  eden space 429056K, 0% used [0x00000000e0700000,0x00000000e0700000,0x00000000faa00000)
  from space 42496K, 0% used [0x00000000fd680000,0x00000000fd680000,0x0000000100000000)
  to   space 44032K, 0% used [0x00000000faa00000,0x00000000faa00000,0x00000000fd500000)
 ParOldGen       total 531456K, used 278474K [0x00000000a1400000, 0x00000000c1b00000, 0x00000000e0700000)
  object space 531456K, 52% used [0x00000000a1400000,0x00000000b23f2ae0,0x00000000c1b00000)
 Metaspace       used 105224K, capacity 108509K, committed 108720K, reserved 1144832K
  class space    used 11630K, capacity 12367K, committed 12464K, reserved 1048576K
}
Event: 4098.639 GC heap before
{Heap before GC invocations=967 (full 50):
 PSYoungGen      total 471552K, used 2740K [0x00000000e0700000, 0x0000000100000000, 0x0000000100000000)
  eden space 429056K, 0% used [0x00000000e0700000,0x00000000e09ad120,0x00000000faa00000)
  from space 42496K, 0% used [0x00000000fd680000,0x00000000fd680000,0x0000000100000000)
  to   space 44032K, 0% used [0x00000000faa00000,0x00000000faa00000,0x00000000fd500000)
 ParOldGen       total 531456K, used 278474K [0x00000000a1400000, 0x00000000c1b00000, 0x00000000e0700000)
  object space 531456K, 52% used [0x00000000a1400000,0x00000000b23f2ae0,0x00000000c1b00000)
 Metaspace       used 105224K, capacity 108509K, committed 108720K, reserved 1144832K
  class space    used 11630K, capacity 12367K, committed 12464K, reserved 1048576K
Event: 4098.647 GC heap after
Heap after GC invocations=967 (full 50):
 PSYoungGen      total 429568K, used 128K [0x00000000e0700000, 0x0000000100000000, 0x0000000100000000)
  eden space 429056K, 0% used [0x00000000e0700000,0x00000000e0700000,0x00000000faa00000)
  from space 512K, 25% used [0x00000000faa00000,0x00000000faa20000,0x00000000faa80000)
  to   space 45056K, 0% used [0x00000000fd400000,0x00000000fd400000,0x0000000100000000)
 ParOldGen       total 531456K, used 278474K [0x00000000a1400000, 0x00000000c1b00000, 0x00000000e0700000)
  object space 531456K, 52% used [0x00000000a1400000,0x00000000b23f2ae0,0x00000000c1b00000)
 Metaspace       used 105224K, capacity 108509K, committed 108720K, reserved 1144832K
  class space    used 11630K, capacity 12367K, committed 12464K, reserved 1048576K
}
Event: 4098.647 GC heap before
{Heap before GC invocations=968 (full 51):
 PSYoungGen      total 429568K, used 128K [0x00000000e0700000, 0x0000000100000000, 0x0000000100000000)
  eden space 429056K, 0% used [0x00000000e0700000,0x00000000e0700000,0x00000000faa00000)
  from space 512K, 25% used [0x00000000faa00000,0x00000000faa20000,0x00000000faa80000)
  to   space 45056K, 0% used [0x00000000fd400000,0x00000000fd400000,0x0000000100000000)
 ParOldGen       total 531456K, used 278474K [0x00000000a1400000, 0x00000000c1b00000, 0x00000000e0700000)
  object space 531456K, 52% used [0x00000000a1400000,0x00000000b23f2ae0,0x00000000c1b00000)
 Metaspace       used 105224K, capacity 108509K, committed 108720K, reserved 1144832K
  class space    used 11630K, capacity 12367K, committed 12464K, reserved 1048576K
Event: 4099.198 GC heap after
Heap after GC invocations=968 (full 51):
 PSYoungGen      total 429568K, used 0K [0x00000000e0700000, 0x0000000100000000, 0x0000000100000000)
  eden space 429056K, 0% used [0x00000000e0700000,0x00000000e0700000,0x00000000faa00000)
  from space 512K, 0% used [0x00000000faa00000,0x00000000faa00000,0x00000000faa80000)
  to   space 45056K, 0% used [0x00000000fd400000,0x00000000fd400000,0x0000000100000000)
 ParOldGen       total 531456K, used 278471K [0x00000000a1400000, 0x00000000c1b00000, 0x00000000e0700000)
  object space 531456K, 52% used [0x00000000a1400000,0x00000000b23f1f00,0x00000000c1b00000)
 Metaspace       used 105224K, capacity 108509K, committed 108720K, reserved 1144832K
  class space    used 11630K, capacity 12367K, committed 12464K, reserved 1048576K
}

Deoptimization events (10 events):
Event: 4099.215 Thread 0x00000262f6273000 Uncommon trap: reason=class_check action=maybe_recompile pc=0x00000262c14fffb4 method=com.zeroturnaround.jrebelbase.facade.g.getCurrentVersionInternal(Lcom/zeroturnaround/jrebelbase/d;)Lcom/zeroturnaround/jrebelbase/d; @ 12
Event: 4099.219 Thread 0x00000262be0fa000 Uncommon trap: reason=class_check action=maybe_recompile pc=0x00000262c255b4d4 method=java.util.AbstractSet.removeAll(Ljava/util/Collection;)Z @ 16
Event: 4099.220 Thread 0x00000262f6273000 Uncommon trap: reason=unstable_if action=reinterpret pc=0x00000262c018ebf0 method=sun.nio.ch.SocketChannelImpl.ensureReadOpen()Z @ 14
Event: 4099.221 Thread 0x00000262f6273000 Uncommon trap: reason=unstable_if action=reinterpret pc=0x00000262c328f75c method=io.netty.channel.nio.AbstractNioByteChannel$NioByteUnsafe.read()V @ 255
Event: 4099.222 Thread 0x00000262be0fa000 Uncommon trap: reason=unstable_if action=reinterpret pc=0x00000262c05ee1bc method=net.minecraftforge.fml.relauncher.FMLSecurityManager.checkPermission(Ljava/security/Permission;)V @ 27
Event: 4099.229 Thread 0x00000262d59b3000 Uncommon trap: reason=unstable_if action=reinterpret pc=0x00000262c15bf15c method=java.util.concurrent.locks.AbstractQueuedSynchronizer$ConditionObject.checkInterruptWhileWaiting(Ljava/util/concurrent/locks/AbstractQueuedSynchronizer$Node;)I @ 3
Event: 4099.236 Thread 0x00000262e162f000 Uncommon trap: reason=unstable_if action=reinterpret pc=0x00000262c0e09bb0 method=sun.nio.cs.StreamEncoder.implFlushBuffer()V @ 11
Event: 4099.342 Thread 0x00000262f627f000 Uncommon trap: reason=class_check action=maybe_recompile pc=0x00000262c1a06540 method=sun.misc.Cleaner.clean()V @ 16
Event: 4099.342 Thread 0x00000262f627f000 Uncommon trap: reason=class_check action=maybe_recompile pc=0x00000262c1a06540 method=sun.misc.Cleaner.clean()V @ 16
Event: 4099.369 Thread 0x00000262d5313800 Uncommon trap: reason=unstable_if action=reinterpret pc=0x00000262bfd0a7ac method=com.zeroturnaround.javarebel.fph.a(Ljava/lang/String;)Z @ 199

Classes redefined (10 events):
Event: 3920.629 Thread 0x00000262d3019000 redefined class name=net.minecraft.entity.Entity, count=3
Event: 3920.865 Thread 0x00000262d3019000 redefined class name=net.sunderw.ssidlogin.mixin.EntityPlayerMixin, count=3
Event: 3920.992 Thread 0x00000262d3019000 redefined class name=net.sunderw.ssidlogin.mixin.EntityPlayerSPMixin, count=3
Event: 3921.114 Thread 0x00000262d3019000 redefined class name=net.sunderw.ssidlogin.mixin.EntityRendererMixin, count=3
Event: 3921.243 Thread 0x00000262d3019000 redefined class name=net.sunderw.ssidlogin.mixin.GuiMainMenuMixin, count=3
Event: 3921.373 Thread 0x00000262d3019000 redefined class name=net.sunderw.ssidlogin.mixin.ItemRendererMixin, count=3
Event: 3921.493 Thread 0x00000262d3019000 redefined class name=net.sunderw.ssidlogin.mixin.EntityLivingBaseMixin, count=3
Event: 3921.622 Thread 0x00000262d3019000 redefined class name=net.sunderw.ssidlogin.mixin.MinecraftMixin, count=3
Event: 3921.744 Thread 0x00000262d3019000 redefined class name=net.sunderw.ssidlogin.mixin.NetworkManagerMixin, count=3
Event: 3921.882 Thread 0x00000262d3019000 redefined class name=net.sunderw.ssidlogin.mixin.EntityMixin, count=3

Internal exceptions (10 events):
Event: 4097.599 Thread 0x00000262e162e000 Exception <a 'java/lang/InterruptedException': sleep interrupted> (0x00000000fa62bd88) thrown at [C:\wsjdk\Corretto8Src\installers\windows\zip\corretto-build\buildRoot\src\hotspot\src\share\vm\prims\jvm.cpp, line 3384]
Event: 4097.621 Thread 0x00000262be0fa000 Exception <a 'java/lang/NoClassDefFoundError': net/sunderw/sunrise/utils/RaycastUtils> (0x00000000f9bd6990) thrown at [C:\wsjdk\Corretto8Src\installers\windows\zip\corretto-build\buildRoot\src\hotspot\src\share\vm\classfile\systemDictionary.cpp, line 206]
Event: 4097.634 Thread 0x00000262be0fa000 Implicit null exception at 0x00000262c26c2084 to 0x00000262c26c2792
Event: 4097.634 Thread 0x00000262be0fa000 Exception <a 'java/lang/NullPointerException'> (0x00000000f9c07e28) thrown at [C:\wsjdk\Corretto8Src\installers\windows\zip\corretto-build\buildRoot\src\hotspot\src\share\vm\runtime\sharedRuntime.cpp, line 610]
Event: 4097.664 Thread 0x00000262be0fa000 Exception <a 'java/lang/NullPointerException'> (0x00000000fa8db138) thrown at [C:\wsjdk\Corretto8Src\installers\windows\zip\corretto-build\buildRoot\src\hotspot\src\share\vm\interpreter\linkResolver.cpp, line 1185]
Event: 4097.665 Thread 0x00000262be0fa000 Exception <a 'java/lang/NullPointerException'> (0x00000000fa8e23b0) thrown at [C:\wsjdk\Corretto8Src\installers\windows\zip\corretto-build\buildRoot\src\hotspot\src\share\vm\interpreter\linkResolver.cpp, line 1185]
Event: 4098.234 Thread 0x00000262e162e000 Exception <a 'java/lang/InterruptedException': sleep interrupted> (0x00000000e0e83ca8) thrown at [C:\wsjdk\Corretto8Src\installers\windows\zip\corretto-build\buildRoot\src\hotspot\src\share\vm\prims\jvm.cpp, line 3384]
Event: 4099.199 Thread 0x00000262e162e000 Exception <a 'java/lang/InterruptedException': sleep interrupted> (0x00000000e0e34440) thrown at [C:\wsjdk\Corretto8Src\installers\windows\zip\corretto-build\buildRoot\src\hotspot\src\share\vm\prims\jvm.cpp, line 3337]
Event: 4099.209 Thread 0x00000262f6273000 Implicit null exception at 0x00000262c26c2084 to 0x00000262c26c2792
Event: 4099.209 Thread 0x00000262f6273000 Exception <a 'java/lang/NullPointerException'> (0x00000000e0e776e0) thrown at [C:\wsjdk\Corretto8Src\installers\windows\zip\corretto-build\buildRoot\src\hotspot\src\share\vm\runtime\sharedRuntime.cpp, line 610]

Events (10 events):
Event: 4099.342 Thread 0x00000262f627f000 DEOPT PACKING pc=0x00000262c1a06540 sp=0x000000b0e80fefd0
Event: 4099.342 Thread 0x00000262f627f000 DEOPT UNPACKING pc=0x00000262bfa75583 sp=0x000000b0e80fef90 mode 2
Event: 4099.342 Thread 0x00000262f627f000 Thread exited: 0x00000262f627f000
Event: 4099.369 Thread 0x00000262d5313800 Uncommon trap: trap_request=0xffffff65 fr.pc=0x00000262bfd0a7ac
Event: 4099.369 Thread 0x00000262d5313800 DEOPT PACKING pc=0x00000262bfd0a7ac sp=0x000000b0e81ff680
Event: 4099.369 Thread 0x00000262d5313800 DEOPT UNPACKING pc=0x00000262bfa75583 sp=0x000000b0e81ff638 mode 2
Event: 4099.373 Thread 0x00000262d5313800 Thread exited: 0x00000262d5313800
Event: 4099.384 Thread 0x00000262d4eb3800 Thread exited: 0x00000262d4eb3800
Event: 4099.385 Thread 0x00000262d4eab000 Thread exited: 0x00000262d4eab000
Event: 4099.388 Executing VM operation: Exit


Dynamic libraries:
0x00007ff7eba40000 - 0x00007ff7eba7a000 	C:\Users\Sun3k\.jdks\corretto-1.8.0_332\bin\java.exe
0x00007ffe1a690000 - 0x00007ffe1a888000 	C:\Windows\SYSTEM32\ntdll.dll
0x00007ffe19060000 - 0x00007ffe1911d000 	C:\Windows\System32\KERNEL32.DLL
0x00007ffe17db0000 - 0x00007ffe1807e000 	C:\Windows\System32\KERNELBASE.dll
0x00007ffe19550000 - 0x00007ffe195fe000 	C:\Windows\System32\ADVAPI32.dll
0x00007ffe18da0000 - 0x00007ffe18e3e000 	C:\Windows\System32\msvcrt.dll
0x00007ffe18700000 - 0x00007ffe1879c000 	C:\Windows\System32\sechost.dll
0x00007ffe18e40000 - 0x00007ffe18f65000 	C:\Windows\System32\RPCRT4.dll
0x00007ffe19710000 - 0x00007ffe198b0000 	C:\Windows\System32\USER32.dll
0x00007ffe18670000 - 0x00007ffe18692000 	C:\Windows\System32\win32u.dll
0x00007ffe1a040000 - 0x00007ffe1a06a000 	C:\Windows\System32\GDI32.dll
0x00007ffe18330000 - 0x00007ffe1843b000 	C:\Windows\System32\gdi32full.dll
0x00007ffe18440000 - 0x00007ffe184dd000 	C:\Windows\System32\msvcp_win.dll
0x00007ffe18080000 - 0x00007ffe18180000 	C:\Windows\System32\ucrtbase.dll
0x00007ffdfaf10000 - 0x00007ffdfb1aa000 	C:\Windows\WinSxS\amd64_microsoft.windows.common-controls_6595b64144ccf1df_6.0.19041.1110_none_60b5254171f9507e\COMCTL32.dll
0x00007ffe198c0000 - 0x00007ffe198f0000 	C:\Windows\System32\IMM32.DLL
0x00007ffdecf20000 - 0x00007ffded00f000 	C:\Users\Sun3k\.jdks\corretto-1.8.0_332\jre\bin\msvcr120.dll
0x00007ffdece70000 - 0x00007ffdecf16000 	C:\Users\Sun3k\.jdks\corretto-1.8.0_332\jre\bin\msvcp120.dll
0x000000006b9f0000 - 0x000000006c266000 	C:\Users\Sun3k\.jdks\corretto-1.8.0_332\jre\bin\server\jvm.dll
0x00007ffe198b0000 - 0x00007ffe198b8000 	C:\Windows\System32\PSAPI.DLL
0x00007ffe0fcb0000 - 0x00007ffe0fcba000 	C:\Windows\SYSTEM32\VERSION.dll
0x00007ffe06ea0000 - 0x00007ffe06ec7000 	C:\Windows\SYSTEM32\WINMM.dll
0x00007ffdde920000 - 0x00007ffdde929000 	C:\Windows\SYSTEM32\WSOCK32.dll
0x00007ffe1a4b0000 - 0x00007ffe1a51b000 	C:\Windows\System32\WS2_32.dll
0x00007ffe12ea0000 - 0x00007ffe12eaf000 	C:\Users\Sun3k\.jdks\corretto-1.8.0_332\jre\bin\verify.dll
0x00007ffe09ae0000 - 0x00007ffe09b09000 	C:\Users\Sun3k\.jdks\corretto-1.8.0_332\jre\bin\java.dll
0x00007ffdf77a0000 - 0x00007ffdf77d5000 	C:\Users\Sun3k\.jdks\corretto-1.8.0_332\jre\bin\jdwp.dll
0x00007ffe09bd0000 - 0x00007ffe09bd8000 	C:\Users\Sun3k\.jdks\corretto-1.8.0_332\jre\bin\npt.dll
0x00007ffdea390000 - 0x00007ffdea3dd000 	C:\Users\Sun3k\AppData\Roaming\JetBrains\IdeaIC2022.1\plugins\jr-ide-idea\lib\jrebel6\lib\jrebel64.dll
0x00007ffe198f0000 - 0x00007ffe1a034000 	C:\Windows\System32\SHELL32.dll
0x00007ffe17780000 - 0x00007ffe1778c000 	C:\Windows\SYSTEM32\CRYPTBASE.DLL
0x00007ffe19660000 - 0x00007ffe1970d000 	C:\Windows\System32\shcore.dll
0x00007ffe1a070000 - 0x00007ffe1a3c4000 	C:\Windows\System32\combase.dll
0x00007ffdf7770000 - 0x00007ffdf779a000 	C:\Users\Sun3k\.jdks\corretto-1.8.0_332\jre\bin\instrument.dll
0x00007ffe09ab0000 - 0x00007ffe09ac6000 	C:\Users\Sun3k\.jdks\corretto-1.8.0_332\jre\bin\zip.dll
0x00007ffe15eb0000 - 0x00007ffe16644000 	C:\Windows\SYSTEM32\windows.storage.dll
0x00007ffe17810000 - 0x00007ffe17840000 	C:\Windows\SYSTEM32\Wldp.dll
0x00007ffe187a0000 - 0x00007ffe187f5000 	C:\Windows\System32\shlwapi.dll
0x00007ffe17cf0000 - 0x00007ffe17d0f000 	C:\Windows\SYSTEM32\profapi.dll
0x00007ffe04ed0000 - 0x00007ffe04ed9000 	C:\Users\Sun3k\.jdks\corretto-1.8.0_332\jre\bin\dt_socket.dll
0x00007ffe17570000 - 0x00007ffe175da000 	C:\Windows\system32\mswsock.dll
0x00007ffe09be0000 - 0x00007ffe09bfa000 	C:\Users\Sun3k\.jdks\corretto-1.8.0_332\jre\bin\net.dll
0x00007ffe01e40000 - 0x00007ffe01e52000 	C:\Users\Sun3k\.jdks\corretto-1.8.0_332\jre\bin\nio.dll
0x00007ffe01900000 - 0x00007ffe01923000 	C:\Users\Sun3k\.jdks\corretto-1.8.0_332\jre\bin\sunec.dll
0x00007ffe12ec0000 - 0x00007ffe12ecd000 	C:\Users\Sun3k\.jdks\corretto-1.8.0_332\jre\bin\management.dll
0x00007ffe12db0000 - 0x00007ffe12dbc000 	C:\Users\Sun3k\.jdks\corretto-1.8.0_332\jre\bin\sunmscapi.dll
0x00007ffe184e0000 - 0x00007ffe18636000 	C:\Windows\System32\CRYPT32.dll
0x00007ffe17880000 - 0x00007ffe178a7000 	C:\Windows\SYSTEM32\ncrypt.dll
0x00007ffe17840000 - 0x00007ffe1787b000 	C:\Windows\SYSTEM32\NTASN1.dll
0x00007ffdf9660000 - 0x00007ffdf967b000 	C:\Users\Sun3k\.jrebel\jrebel-temp\ver-e07cee6\IdeaWin64.dll
0x00007ffe17760000 - 0x00007ffe17778000 	C:\Windows\SYSTEM32\CRYPTSP.dll
0x00007ffe16e80000 - 0x00007ffe16eb4000 	C:\Windows\system32\rsaenh.dll
0x00007ffe18640000 - 0x00007ffe18667000 	C:\Windows\System32\bcrypt.dll
0x00007ffe17c70000 - 0x00007ffe17c9e000 	C:\Windows\SYSTEM32\USERENV.dll
0x00007ffe181f0000 - 0x00007ffe18272000 	C:\Windows\System32\bcryptprimitives.dll
0x00007ffe171f0000 - 0x00007ffe1722b000 	C:\Windows\SYSTEM32\IPHLPAPI.DLL
0x00007ffe1a640000 - 0x00007ffe1a648000 	C:\Windows\System32\NSI.dll
0x00007ffe11020000 - 0x00007ffe11037000 	C:\Windows\SYSTEM32\dhcpcsvc6.DLL
0x00007ffe119f0000 - 0x00007ffe11a0d000 	C:\Windows\SYSTEM32\dhcpcsvc.DLL
0x00007ffe17230000 - 0x00007ffe172fb000 	C:\Windows\SYSTEM32\DNSAPI.dll
0x00007ffe0fca0000 - 0x00007ffe0fcaa000 	C:\Windows\System32\rasadhlp.dll
0x00007ffe0e650000 - 0x00007ffe0e6d0000 	C:\Windows\System32\fwpuclnt.dll
0x00007ffe017f0000 - 0x00007ffe017fa000 	C:\Users\Sun3k\AppData\Local\Temp\jansi-64-1736999076823039619.dll
0x00007ffddf5c0000 - 0x00007ffddf5d7000 	C:\Windows\system32\napinsp.dll
0x00007ffddf080000 - 0x00007ffddf09b000 	C:\Windows\system32\pnrpnsp.dll
0x00007ffe13300000 - 0x00007ffe13315000 	C:\Windows\system32\wshbth.dll
0x00007ffe12160000 - 0x00007ffe1217d000 	C:\Windows\system32\NLAapi.dll
0x00007ffddf060000 - 0x00007ffddf072000 	C:\Windows\System32\winrnr.dll
0x0000000180000000 - 0x0000000180053000 	C:\Users\Sun3k\.gradle\caches\minecraft\net\minecraft\natives\1.8.9\lwjgl64.dll
0x00007ffdd68b0000 - 0x00007ffdd69d7000 	C:\Windows\SYSTEM32\OPENGL32.dll
0x00007ffdd5d00000 - 0x00007ffdd5d2c000 	C:\Windows\SYSTEM32\GLU32.dll
0x00007ffde7bf0000 - 0x00007ffde7d85000 	C:\Users\Sun3k\.jdks\corretto-1.8.0_332\jre\bin\awt.dll
0x00007ffe19480000 - 0x00007ffe1954d000 	C:\Windows\System32\OLEAUT32.dll
0x00007ffe155f0000 - 0x00007ffe15680000 	C:\Windows\SYSTEM32\apphelp.dll
0x00007ffe12ed0000 - 0x00007ffe12f7e000 	C:\Windows\SYSTEM32\mscms.dll
0x00007ffe12e40000 - 0x00007ffe12e51000 	C:\Windows\SYSTEM32\ColorAdapterClient.dll
0x00007ffe15cb0000 - 0x00007ffe15cc2000 	C:\Windows\SYSTEM32\kernel.appcore.dll
0x00007ffe18cf0000 - 0x00007ffe18d99000 	C:\Windows\System32\clbcatq.dll
0x00007ffe186a0000 - 0x00007ffe186ee000 	C:\Windows\System32\cfgmgr32.dll
0x00007ffe157b0000 - 0x00007ffe1584e000 	C:\Windows\system32\uxtheme.dll
0x00007ffe1a520000 - 0x00007ffe1a635000 	C:\Windows\System32\MSCTF.dll
0x00007ffe01240000 - 0x00007ffe01339000 	C:\Windows\SYSTEM32\textinputframework.dll
0x00007ffe153c0000 - 0x00007ffe154b2000 	C:\Windows\System32\CoreMessaging.dll
0x00007ffe14ce0000 - 0x00007ffe1503e000 	C:\Windows\System32\CoreUIComponents.dll
0x00007ffe16ab0000 - 0x00007ffe16ae3000 	C:\Windows\SYSTEM32\ntmarta.dll
0x00007ffe13d00000 - 0x00007ffe13e54000 	C:\Windows\SYSTEM32\wintypes.dll
0x00007ffdf6e80000 - 0x00007ffdf6eac000 	C:\Windows\System32\DriverStore\FileRepository\u0375335.inf_amd64_7de275617d9da25a\B374868\atig6pxx.dll
0x00007ffd9c8f0000 - 0x00007ffd9f733000 	C:\Windows\System32\DriverStore\FileRepository\u0375335.inf_amd64_7de275617d9da25a\B374868\atio6axx.dll
0x00007ffe18880000 - 0x00007ffe18cef000 	C:\Windows\System32\SETUPAPI.dll
0x00007ffe19120000 - 0x00007ffe1924a000 	C:\Windows\System32\ole32.dll
0x00007ffe08d90000 - 0x00007ffe08db4000 	C:\Windows\SYSTEM32\dxva2.dll
0x00007ffe159c0000 - 0x00007ffe159ef000 	C:\Windows\SYSTEM32\dwmapi.dll
0x00007ffdea820000 - 0x00007ffdea85f000 	C:\Windows\System32\DriverStore\FileRepository\u0375335.inf_amd64_7de275617d9da25a\B374868\atig6txx.dll
0x00007ffdd5ad0000 - 0x00007ffdd5ca6000 	C:\Windows\SYSTEM32\atiadlxx.dll
0x00007ffe13a20000 - 0x00007ffe13b16000 	C:\Windows\SYSTEM32\PROPSYS.dll
0x00007ffe17b60000 - 0x00007ffe17b8c000 	C:\Windows\SYSTEM32\DEVOBJ.dll
0x00007ffe18180000 - 0x00007ffe181e7000 	C:\Windows\System32\WINTRUST.dll
0x00007ffe179a0000 - 0x00007ffe179b2000 	C:\Windows\SYSTEM32\MSASN1.dll
0x00007ffdf0840000 - 0x00007ffdf0889000 	C:\Windows\SYSTEM32\pdh.dll
0x00007ffe072c0000 - 0x00007ffe072fb000 	C:\Windows\SYSTEM32\dxcore.dll
0x00007ffdccd30000 - 0x00007ffdccd73000 	C:\Windows\SYSTEM32\icm32.dll
0x00007ffde81d0000 - 0x00007ffde8212000 	C:\Users\Sun3k\AppData\Local\Temp\jna-80245188\jna7137284412342344074.dll
0x00007ffde8180000 - 0x00007ffde81cb000 	C:\ProgramData\obs-studio-hook\graphics-hook64.dll
0x00007ffe142c0000 - 0x00007ffe14523000 	C:\Windows\system32\d3d11.dll
0x00007ffe166b0000 - 0x00007ffe167a3000 	C:\Windows\SYSTEM32\dxgi.dll
0x00007ffe06ed0000 - 0x00007ffe07088000 	C:\Windows\System32\DriverStore\FileRepository\u0375335.inf_amd64_7de275617d9da25a\B374868\aticfx64.dll
0x00007ffe06e30000 - 0x00007ffe06e69000 	C:\Windows\System32\DriverStore\FileRepository\u0375335.inf_amd64_7de275617d9da25a\B374868\atiuxp64.dll
0x00007ffe04ef0000 - 0x00007ffe06e27000 	C:\Windows\System32\DriverStore\FileRepository\u0375335.inf_amd64_7de275617d9da25a\B374868\atidxx64.dll
0x00007ffe04780000 - 0x00007ffe047b0000 	C:\Windows\SYSTEM32\amdihk64.dll
0x0000000070a40000 - 0x0000000070adc000 	C:\Users\Sun3k\.gradle\caches\minecraft\net\minecraft\natives\1.8.9\avutil-ttv-51.dll
0x0000000065980000 - 0x00000000659d6000 	C:\Users\Sun3k\.gradle\caches\minecraft\net\minecraft\natives\1.8.9\swresample-ttv-0.dll
0x000000006eb80000 - 0x000000006ec50000 	C:\Users\Sun3k\.gradle\caches\minecraft\net\minecraft\natives\1.8.9\libmp3lame-ttv.dll
0x00007ffd9a540000 - 0x00007ffd9b8e4000 	C:\Users\Sun3k\.gradle\caches\minecraft\net\minecraft\natives\1.8.9\libmfxsw64.dll
0x00007ffde5d10000 - 0x00007ffde5e7d000 	C:\Users\Sun3k\.gradle\caches\minecraft\net\minecraft\natives\1.8.9\twitchsdk.dll
0x00007ffdfe0f0000 - 0x00007ffdfe5c6000 	C:\Windows\SYSTEM32\WININET.dll
0x00000262e30b0000 - 0x00000262e3114000 	C:\Users\Sun3k\.gradle\caches\minecraft\net\minecraft\natives\1.8.9\OpenAL64.dll
0x00007ffe106a0000 - 0x00007ffe10725000 	C:\Windows\System32\MMDevApi.dll
0x00007ffde7b10000 - 0x00007ffde7bac000 	C:\Windows\SYSTEM32\dsound.dll
0x00007ffdfe5f0000 - 0x00007ffdfe616000 	C:\Windows\SYSTEM32\winmmbase.dll
0x00007ffe17470000 - 0x00007ffe174bb000 	C:\Windows\SYSTEM32\powrprof.dll
0x00007ffe17370000 - 0x00007ffe17382000 	C:\Windows\SYSTEM32\UMPDC.dll
0x00007ffe108e0000 - 0x00007ffe10a62000 	C:\Windows\SYSTEM32\AUDIOSES.DLL
0x00007ffe158c0000 - 0x00007ffe158d4000 	C:\Windows\SYSTEM32\resourcepolicyclient.dll
0x00007ffde69b0000 - 0x00007ffde6a4c000 	C:\Users\Sun3k\AppData\Local\Temp\discord-rpc\discord-rpc.dll
0x00007ffe084c0000 - 0x00007ffe08503000 	C:\Windows\System32\Windows.Internal.Graphics.Display.DisplayColorManagement.dll
0x00007ffe08ae0000 - 0x00007ffe08cc4000 	C:\Windows\SYSTEM32\dbghelp.dll

VM Arguments:
jvm_args: -agentlib:jdwp=transport=dt_socket,address=127.0.0.1:58169,suspend=y,server=n -Drebel.base=C:\Users\Sun3k\.jrebel -Drebel.env.ide.plugin.version=2022.3.0 -Drebel.env.ide.version=2022.1.1 -Drebel.env.ide.product=IC -Drebel.env.ide=intellij -Drebel.notification.url=http://localhost:17434 -agentpath:C:\Users\Sun3k\AppData\Roaming\JetBrains\IdeaIC2022.1\plugins\jr-ide-idea\lib\jrebel6\lib\jrebel64.dll -javaagent:C:\Users\Sun3k\.gradle\caches\modules-2\files-2.1\org.spongepowered\mixin\0.7.11-SNAPSHOT\7a670207bdb97db418118ad1e9bb42424ff3776d\mixin-0.7.11-SNAPSHOT.jar -javaagent:C:\Users\Sun3k\AppData\Local\JetBrains\IdeaIC2022.1\captureAgent\debugger-agent.jar -Dfile.encoding=UTF-8 
java_command: GradleStart --mixin mixins.sunrise.json --tweakClass org.spongepowered.asm.launch.MixinTweaker -Ddevauth.account
java_class_path (initial): C:\Users\Sun3k\.jdks\corretto-1.8.0_332\jre\lib\charsets.jar;C:\Users\Sun3k\.jdks\corretto-1.8.0_332\jre\lib\ext\access-bridge-64.jar;C:\Users\Sun3k\.jdks\corretto-1.8.0_332\jre\lib\ext\cldrdata.jar;C:\Users\Sun3k\.jdks\corretto-1.8.0_332\jre\lib\ext\dnsns.jar;C:\Users\Sun3k\.jdks\corretto-1.8.0_332\jre\lib\ext\jaccess.jar;C:\Users\Sun3k\.jdks\corretto-1.8.0_332\jre\lib\ext\jfxrt.jar;C:\Users\Sun3k\.jdks\corretto-1.8.0_332\jre\lib\ext\localedata.jar;C:\Users\Sun3k\.jdks\corretto-1.8.0_332\jre\lib\ext\nashorn.jar;C:\Users\Sun3k\.jdks\corretto-1.8.0_332\jre\lib\ext\sunec.jar;C:\Users\Sun3k\.jdks\corretto-1.8.0_332\jre\lib\ext\sunjce_provider.jar;C:\Users\Sun3k\.jdks\corretto-1.8.0_332\jre\lib\ext\sunmscapi.jar;C:\Users\Sun3k\.jdks\corretto-1.8.0_332\jre\lib\ext\sunpkcs11.jar;C:\Users\Sun3k\.jdks\corretto-1.8.0_332\jre\lib\ext\zipfs.jar;C:\Users\Sun3k\.jdks\corretto-1.8.0_332\jre\lib\jce.jar;C:\Users\Sun3k\.jdks\corretto-1.8.0_332\jre\lib\jfr.jar;C:\Users\Sun3k\.jdks\corretto-1.8.0_332\jre\lib\jfxswt.jar;C:\Users\Sun3k\.jdks\corretto-1.8.0_332\jre\lib\jsse.jar;C:\Users\Sun3k\.jdks\corretto-1.8.0_332\jre\lib\management-agent.jar;C:\Users\Sun3k\.jdks\corretto-1.8.0_332\jre\lib\resources.jar;C:\Users\Sun3k\.jdks\corretto-1.8.0_332\jre\lib\rt.jar;C:\Users\Sun3k\IdeaProjects\Sunrise8\build\classes\java\main;C:\Users\Sun3k\.gradle\caches\minecraft\deobfedDeps\compileDummy.jar;C:\Users\Sun3k\.gradle\caches\minecraft\deobfedDeps\providedDummy.jar;C:\Users\Sun3k\.gradle\caches\modules-2\files-2.1\org.spongepowered\mixin\0.7.11-SNAPSHOT\7a670207bdb97db418118ad1e9bb42424ff3776d\mixin-0.7.11-SNAPSHOT.jar;C:\Users\Sun3k\.gradle\caches\modules-2\files-2.1\com.github.Vatuu\discord-rpc\1.6.2\1e2a38614325e809efe442d82231e7c172cf94ab\discord-rpc-1.6.2.jar;C:\Users\Sun3k\.gradle\caches\modules-2\files-2.1\com.google.guava\guava\17.0\9c6ef172e8de35fd8d4d8783e4821e57cdef7445\guava-17.0.jar;C:\Users\Sun3k\.gradle\caches\modules-2\files-2.1\commons-io\commons-io\
Launcher Type: SUN_STANDARD

Environment Variables:
JAVA_HOME=C:\Program Files\OpenJDK\jdk-18
PATH=C:\Windows\system32;C:\Windows;C:\Windows\System32\Wbem;C:\Windows\System32\WindowsPowerShell\v1.0\;C:\Windows\System32\OpenSSH\;C:\ProgramData\chocolatey\bin;C:\Program Files\Microsoft VS Code\bin;C:\Program Files (x86)\Yarn\bin\;C:\Program Files\nodejs\;C:\Program Files\Git\cmd;C:\Program Files\OpenJDK\jdk-18\bin;C:\Program Files\dotnet\;C:\Users\Sun3k\AppData\Local\Programs\Python\Python310\Scripts\;C:\Users\Sun3k\AppData\Local\Programs\Python\Python310\;C:\Users\Sun3k\AppData\Local\Microsoft\WindowsApps;C:\Users\Sun3k\AppData\Local\Yarn\bin;C:\Users\Sun3k\AppData\Roaming\npm;C:\Program Files\Oracle\VirtualBox;C:\Program Files\heroku\bin;C:\Program Files\JetBrains\IntelliJ IDEA Community Edition 2022.1.1\bin;;C:\Users\Sun3k\.dotnet\tools
USERNAME=Sun3k
OS=Windows_NT
PROCESSOR_IDENTIFIER=AMD64 Family 23 Model 24 Stepping 1, AuthenticAMD



---------------  S Y S T E M  ---------------

OS: Windows 10.0 , 64 bit Build 19041 (10.0.19041.1806)

CPU:total 8 (initial active 8) (8 cores per cpu, 1 threads per core) family 23 model 24 stepping 1, cmov, cx8, fxsr, mmx, sse, sse2, sse3, ssse3, sse4.1, sse4.2, popcnt, avx, avx2, aes, clmul, mmxext, 3dnowpref, lzcnt, sse4a, tsc, tscinvbit, tscinv, bmi1

Memory: 4k page, physical 6206224k(942836k free), swap 22048772k(3926160k free)

vm_info: OpenJDK 64-Bit Server VM (25.332-b08) for windows-amd64 JRE (1.8.0_332-b08), built on Apr 16 2022 08:31:02 by "Administrator" with MS VC++ 12.0 (VS2013)

time: Tue Jul 19 23:19:54 2022
timezone: South Sudan Standard Time
elapsed time: 4099.887901 seconds (0d 1h 8m 19s)

