#
# A fatal error has been detected by the Java Runtime Environment:
#
#  EXCEPTION_ACCESS_VIOLATION (0xc0000005) at pc=0x0000000000000000, pid=5524, tid=0x0000000000004cf8
#
# JRE version: OpenJDK Runtime Environment (8.0_332-b08) (build 1.8.0_332-b08)
# Java VM: OpenJDK 64-Bit Server VM (25.332-b08 mixed mode windows-amd64 compressed oops)
# Problematic frame:
# C  0x0000000000000000
#
# Failed to write core dump. Minidumps are not enabled by default on client versions of Windows
#
# If you would like to submit a bug report, please visit:
#   https://github.com/corretto/corretto-8/issues/
#

---------------  T H R E A D  ---------------

Current thread (0x00000249e937c000):  VMThread [stack: 0x000000dca2e00000,0x000000dca2f00000] [id=19704]

siginfo: ExceptionCode=0xc0000005, ExceptionInformation=0x0000000000000008 0x0000000000000000

Registers:
RAX=0x0000000000000000, RBX=0x0000000000000000, RCX=0x0000000000000001, RDX=0x00007ffde835f0b8
RSP=0x000000dca2eff168, RBP=0x00000249d45a53a0, RSI=0x0000000000010000, RDI=0x0000000000000000
R8 =0x000000dca21c5000, R9 =0x0000000000000040, R10=0x0000000000000000, R11=0x000002498453a950
R12=0x00007ffdd698f270, R13=0x00000000ffffffff, R14=0x00007ffdd68b0000, R15=0x0000000000000001
RIP=0x0000000000000000, EFLAGS=0x0000000000010206

Top of Stack: (sp=0x000000dca2eff168)
0x000000dca2eff168:   00007ffde8322f2c 0000000000000000
0x000000dca2eff178:   00000249d45a53a0 00000000ffffffff
0x000000dca2eff188:   0000000000010000 0000000000000000
0x000000dca2eff198:   00007ffde832406e 0000000000000000
0x000000dca2eff1a8:   00000249d45a53a0 0000000000010000
0x000000dca2eff1b8:   00000249ed1b4518 0000000000000001
0x000000dca2eff1c8:   00007ffdd68b6e2e 0000000000000000
0x000000dca2eff1d8:   0000000000000001 000000018004bb20
0x000000dca2eff1e8:   0000000000000000 0000000000000001
0x000000dca2eff1f8:   00007ffdd68b7276 0000000000000000
0x000000dca2eff208:   00000249d45a53a0 0000000000000001
0x000000dca2eff218:   0000000000000001 0000000000000000
0x000000dca2eff228:   00007ffdd698f3af 0000000000000001
0x000000dca2eff238:   0000000000000000 0000000000000000
0x000000dca2eff248:   00000249eecb0b30 0000000100000001
0x000000dca2eff258:   000000018000ecac 000000018001c558 

Instructions: (pc=0x0000000000000000)
0xffffffffffffffe0:   


Register to memory mapping:

RAX=0x0000000000000000 is an unknown value
RBX=0x0000000000000000 is an unknown value
RCX=0x0000000000000001 is an unknown value
RDX=0x00007ffde835f0b8 is an unknown value
RSP=0x000000dca2eff168 is an unknown value
RBP=0x00000249d45a53a0 is an unknown value
RSI=0x0000000000010000 is an unknown value
RDI=0x0000000000000000 is an unknown value
R8 =0x000000dca21c5000 is an unknown value
R9 =0x0000000000000040 is an unknown value
R10=0x0000000000000000 is an unknown value
R11=0x000002498453a950 is an unknown value
R12=0x00007ffdd698f270 is an unknown value
R13=0x00000000ffffffff is an unknown value
R14=0x00007ffdd68b0000 is an unknown value
R15=0x0000000000000001 is an unknown value


Stack: [0x000000dca2e00000,0x000000dca2f00000],  sp=0x000000dca2eff168,  free space=1020k
Native frames: (J=compiled Java code, j=interpreted, Vv=VM code, C=native code)

VM_Operation (0x000000dca25fdc30): Exit, mode: safepoint, requested by thread 0x00000249d4582000


---------------  P R O C E S S  ---------------

Java Threads: ( => current thread )
  0x00000249ed39b800 JavaThread "Netty Client IO #15" daemon [_thread_in_native, id=14908, stack(0x000000dca6600000,0x000000dca6700000)]
  0x00000249ed3a2800 JavaThread "Netty Client IO #14" daemon [_thread_in_native, id=16624, stack(0x000000dca6500000,0x000000dca6600000)]
  0x00000249ed39d000 JavaThread "Netty Client IO #13" daemon [_thread_in_native, id=21976, stack(0x000000dca6400000,0x000000dca6500000)]
  0x00000249ed39c000 JavaThread "Netty Client IO #12" daemon [_thread_in_native, id=23280, stack(0x000000dca6300000,0x000000dca6400000)]
  0x00000249eef77800 JavaThread "Netty Client IO #11" daemon [_thread_in_native, id=17836, stack(0x000000dca6200000,0x000000dca6300000)]
  0x00000249ed448000 JavaThread "Netty Client IO #10" daemon [_thread_in_native, id=19868, stack(0x000000dca6100000,0x000000dca6200000)]
  0x00000249ed447000 JavaThread "Netty Client IO #9" daemon [_thread_in_native, id=22352, stack(0x000000dca5c00000,0x000000dca5d00000)]
  0x00000249ed449000 JavaThread "Netty Client IO #8" daemon [_thread_in_native, id=1480, stack(0x000000dca5b00000,0x000000dca5c00000)]
  0x00000249ed43d000 JavaThread "Netty Client IO #7" daemon [_thread_in_native, id=14892, stack(0x000000dca5f00000,0x000000dca6000000)]
  0x00000249ed444000 JavaThread "Netty Client IO #6" daemon [_thread_in_native, id=3084, stack(0x000000dca5e00000,0x000000dca5f00000)]
  0x00000249ed441000 JavaThread "Netty Client IO #5" daemon [_thread_in_native, id=8796, stack(0x000000dca5800000,0x000000dca5900000)]
  0x00000249ed443800 JavaThread "Netty Client IO #4" daemon [_thread_in_native, id=17004, stack(0x000000dca5a00000,0x000000dca5b00000)]
  0x00000249ed441800 JavaThread "Netty Client IO #3" daemon [_thread_in_native, id=12348, stack(0x000000dca5900000,0x000000dca5a00000)]
  0x00000249ed43c000 JavaThread "Netty Client IO #2" daemon [_thread_in_native, id=1828, stack(0x000000dca5700000,0x000000dca5800000)]
  0x00000249ed43e000 JavaThread "Netty Client IO #1" daemon [_thread_in_native, id=6104, stack(0x000000dca5600000,0x000000dca5700000)]
  0x00000249ed43f800 JavaThread "Netty Client IO #0" daemon [_thread_in_native, id=12884, stack(0x000000dca5400000,0x000000dca5500000)]
  0x00000249ed442800 JavaThread "Server Pinger #4" daemon [_thread_blocked, id=17556, stack(0x000000dca4300000,0x000000dca4400000)]
  0x00000249ed440000 JavaThread "Server Pinger #3" daemon [_thread_blocked, id=22636, stack(0x000000dca4200000,0x000000dca4300000)]
  0x00000249eef7a000 JavaThread "Server Pinger #2" daemon [_thread_blocked, id=22416, stack(0x000000dca4100000,0x000000dca4200000)]
  0x00000249eef75800 JavaThread "Server Pinger #1" daemon [_thread_blocked, id=23076, stack(0x000000dca4000000,0x000000dca4100000)]
  0x00000249eef78800 JavaThread "Thread-13" daemon [_thread_in_native, id=14064, stack(0x000000dca2400000,0x000000dca2500000)]
  0x00000249eef79800 JavaThread "Server Pinger #0" daemon [_thread_blocked, id=19848, stack(0x000000dca2300000,0x000000dca2400000)]
  0x00000249eef77000 JavaThread "Thread-12" [_thread_blocked, id=19336, stack(0x000000dca4e00000,0x000000dca4f00000)]
  0x00000249eef74000 JavaThread "Thread-11" [_thread_blocked, id=16512, stack(0x000000dca4a00000,0x000000dca4b00000)]
  0x00000249eef76000 JavaThread "DiscordRPC" [_thread_blocked, id=22988, stack(0x000000dca5200000,0x000000dca5300000)]
  0x00000249eef74800 JavaThread "Chunk Batcher 1" daemon [_thread_blocked, id=13108, stack(0x000000dca5000000,0x000000dca5100000)]
  0x00000249eef7b000 JavaThread "Chunk Batcher 0" daemon [_thread_blocked, id=9100, stack(0x000000dca4900000,0x000000dca4a00000)]
  0x00000249ef526000 JavaThread "LWJGL Timer" daemon [_thread_blocked, id=16116, stack(0x000000dca4400000,0x000000dca4500000)]
  0x00000249ec922000 JavaThread "Java2D Disposer" daemon [_thread_blocked, id=11788, stack(0x000000dca3f00000,0x000000dca4000000)]
  0x00000249ebb81800 JavaThread "Timer hack thread" daemon [_thread_blocked, id=21760, stack(0x000000dca3e00000,0x000000dca3f00000)]
  0x00000249f0b8b800 JavaThread "Snooper Timer" daemon [_thread_blocked, id=22944, stack(0x000000dca3d00000,0x000000dca3e00000)]
  0x00000249edb88800 JavaThread "Snooper Timer" daemon [_thread_blocked, id=1812, stack(0x000000dca3c00000,0x000000dca3d00000)]
  0x00000249eb95d800 JavaThread "Service Thread" daemon [_thread_blocked, id=22132, stack(0x000000dca3a00000,0x000000dca3b00000)]
  0x00000249eb88a800 JavaThread "C1 CompilerThread3" daemon [_thread_blocked, id=22568, stack(0x000000dca3900000,0x000000dca3a00000)]
  0x00000249eb88a000 JavaThread "C2 CompilerThread2" daemon [_thread_blocked, id=1804, stack(0x000000dca3800000,0x000000dca3900000)]
  0x00000249eb884800 JavaThread "C2 CompilerThread1" daemon [_thread_blocked, id=20144, stack(0x000000dca3700000,0x000000dca3800000)]
  0x00000249eb884000 JavaThread "C2 CompilerThread0" daemon [_thread_blocked, id=18684, stack(0x000000dca3600000,0x000000dca3700000)]
  0x00000249e940e800 JavaThread "JDWP Command Reader" daemon [_thread_blocked, id=18824, stack(0x000000dca3500000,0x000000dca3600000)]
  0x00000249e940a000 JavaThread "JDWP Event Helper Thread" daemon [_thread_blocked, id=9824, stack(0x000000dca3400000,0x000000dca3500000)]
  0x00000249e9404000 JavaThread "JDWP Transport Listener: dt_socket" daemon [_thread_blocked, id=676, stack(0x000000dca3300000,0x000000dca3400000)]
  0x00000249e93ea000 JavaThread "Attach Listener" daemon [_thread_blocked, id=5320, stack(0x000000dca3200000,0x000000dca3300000)]
  0x00000249e93df800 JavaThread "Signal Dispatcher" daemon [_thread_blocked, id=10288, stack(0x000000dca3100000,0x000000dca3200000)]
  0x00000249e93b5000 JavaThread "Finalizer" daemon [_thread_blocked, id=11412, stack(0x000000dca3000000,0x000000dca3100000)]
  0x00000249e93ae000 JavaThread "Reference Handler" daemon [_thread_blocked, id=21660, stack(0x000000dca2f00000,0x000000dca3000000)]
  0x00000249d4582000 JavaThread "Client thread" [_thread_blocked, id=21524, stack(0x000000dca2500000,0x000000dca2600000)]

Other Threads:
=>0x00000249e937c000 VMThread [stack: 0x000000dca2e00000,0x000000dca2f00000] [id=19704]

VM state:at safepoint (shutting down)

VM Mutex/Monitor currently owned by a thread:  ([mutex/lock_event])
[0x00000249d45801a0] Threads_lock - owner thread: 0x00000249e937c000

heap address: 0x00000000a1400000, size: 1516 MB, Compressed Oops mode: 32-bit
Narrow klass base: 0x0000000000000000, Narrow klass shift: 3
Compressed class space size: 1073741824 Address: 0x0000000100000000

Heap:
 PSYoungGen      total 486400K, used 12355K [0x00000000e0700000, 0x0000000100000000, 0x0000000100000000)
  eden space 455680K, 2% used [0x00000000e0700000,0x00000000e1310d18,0x00000000fc400000)
  from space 30720K, 0% used [0x00000000fc400000,0x00000000fc400000,0x00000000fe200000)
  to   space 30208K, 0% used [0x00000000fe280000,0x00000000fe280000,0x0000000100000000)
 ParOldGen       total 375296K, used 197087K [0x00000000a1400000, 0x00000000b8280000, 0x00000000e0700000)
  object space 375296K, 52% used [0x00000000a1400000,0x00000000ad477f98,0x00000000b8280000)
 Metaspace       used 56789K, capacity 57489K, committed 57776K, reserved 1099776K
  class space    used 6565K, capacity 6763K, committed 6832K, reserved 1048576K

Card table byte_map: [0x00000249e51e0000,0x00000249e54e0000] byte_map_base: 0x00000249e4cd6000

Marking Bits: (ParMarkBitMap*) 0x000000006c1e7850
 Begin Bits: [0x00000249e56e0000, 0x00000249e6e90000)
 End Bits:   [0x00000249e6e90000, 0x00000249e8640000)

Polling page: 0x00000249d44e0000

CodeCache: size=245760Kb used=52993Kb max_used=53024Kb free=192766Kb
 bounds [0x00000249d5e20000, 0x00000249d9260000, 0x00000249e4e20000]
 total_blobs=13182 nmethods=12243 adapters=857
 compilation: enabled

Compilation events (10 events):
Event: 2997.555 Thread 0x00000249eb88a800 19247       3       sun.util.calendar.BaseCalendar::getGregorianYearFromFixedDate (201 bytes)
Event: 2997.558 Thread 0x00000249eb88a800 nmethod 19247 0x00000249d6c79d50 code [0x00000249d6c79f60, 0x00000249d6c7adf8]
Event: 2997.560 Thread 0x00000249eb88a800 19246       3       java.util.concurrent.ConcurrentHashMap::resizeStamp (13 bytes)
Event: 2997.560 Thread 0x00000249eb88a800 nmethod 19246 0x00000249d8311950 code [0x00000249d8311ac0, 0x00000249d8311c50]
Event: 2997.572 Thread 0x00000249eb88a800 19248       3       java.util.logging.LogManager$LoggerContext::getRootLogger (8 bytes)
Event: 2997.573 Thread 0x00000249eb88a800 nmethod 19248 0x00000249d746d250 code [0x00000249d746d3a0, 0x00000249d746d5b8]
Event: 2997.578 Thread 0x00000249eb88a800 19249       3       java.util.logging.LogManager$LoggerContext::getGlobalLogger (6 bytes)
Event: 2997.579 Thread 0x00000249eb88a800 nmethod 19249 0x00000249d6f49c50 code [0x00000249d6f49da0, 0x00000249d6f49ef8]
Event: 2997.589 Thread 0x00000249eb88a800 19250       1       org.apache.logging.log4j.core.config.LoggerConfig::getLevel (5 bytes)
Event: 2997.591 Thread 0x00000249eb88a800 nmethod 19250 0x00000249d76c41d0 code [0x00000249d76c4320, 0x00000249d76c4438]

GC Heap History (10 events):
Event: 2996.816 GC heap before
{Heap before GC invocations=781 (full 130):
 PSYoungGen      total 484352K, used 224K [0x00000000e0700000, 0x0000000100000000, 0x0000000100000000)
  eden space 453632K, 0% used [0x00000000e0700000,0x00000000e0700000,0x00000000fc200000)
  from space 30720K, 0% used [0x00000000fc200000,0x00000000fc238000,0x00000000fe000000)
  to   space 30720K, 0% used [0x00000000fe200000,0x00000000fe200000,0x0000000100000000)
 ParOldGen       total 375296K, used 207327K [0x00000000a1400000, 0x00000000b8280000, 0x00000000e0700000)
  object space 375296K, 55% used [0x00000000a1400000,0x00000000ade77fd8,0x00000000b8280000)
 Metaspace       used 56783K, capacity 57489K, committed 57776K, reserved 1099776K
  class space    used 6564K, capacity 6763K, committed 6832K, reserved 1048576K
Event: 2997.059 GC heap after
Heap after GC invocations=781 (full 130):
 PSYoungGen      total 484352K, used 0K [0x00000000e0700000, 0x0000000100000000, 0x0000000100000000)
  eden space 453632K, 0% used [0x00000000e0700000,0x00000000e0700000,0x00000000fc200000)
  from space 30720K, 0% used [0x00000000fc200000,0x00000000fc200000,0x00000000fe000000)
  to   space 30720K, 0% used [0x00000000fe200000,0x00000000fe200000,0x0000000100000000)
 ParOldGen       total 375296K, used 197087K [0x00000000a1400000, 0x00000000b8280000, 0x00000000e0700000)
  object space 375296K, 52% used [0x00000000a1400000,0x00000000ad477e58,0x00000000b8280000)
 Metaspace       used 56783K, capacity 57489K, committed 57776K, reserved 1099776K
  class space    used 6564K, capacity 6763K, committed 6832K, reserved 1048576K
}
Event: 2997.109 GC heap before
{Heap before GC invocations=782 (full 130):
 PSYoungGen      total 484352K, used 8621K [0x00000000e0700000, 0x0000000100000000, 0x0000000100000000)
  eden space 453632K, 1% used [0x00000000e0700000,0x00000000e0f6b5a8,0x00000000fc200000)
  from space 30720K, 0% used [0x00000000fc200000,0x00000000fc200000,0x00000000fe000000)
  to   space 30720K, 0% used [0x00000000fe200000,0x00000000fe200000,0x0000000100000000)
 ParOldGen       total 375296K, used 197087K [0x00000000a1400000, 0x00000000b8280000, 0x00000000e0700000)
  object space 375296K, 52% used [0x00000000a1400000,0x00000000ad477e58,0x00000000b8280000)
 Metaspace       used 56783K, capacity 57489K, committed 57776K, reserved 1099776K
  class space    used 6564K, capacity 6763K, committed 6832K, reserved 1048576K
Event: 2997.116 GC heap after
Heap after GC invocations=782 (full 130):
 PSYoungGen      total 486400K, used 128K [0x00000000e0700000, 0x0000000100000000, 0x0000000100000000)
  eden space 455680K, 0% used [0x00000000e0700000,0x00000000e0700000,0x00000000fc400000)
  from space 30720K, 0% used [0x00000000fe200000,0x00000000fe220000,0x0000000100000000)
  to   space 30720K, 0% used [0x00000000fc400000,0x00000000fc400000,0x00000000fe200000)
 ParOldGen       total 375296K, used 197087K [0x00000000a1400000, 0x00000000b8280000, 0x00000000e0700000)
  object space 375296K, 52% used [0x00000000a1400000,0x00000000ad477e58,0x00000000b8280000)
 Metaspace       used 56783K, capacity 57489K, committed 57776K, reserved 1099776K
  class space    used 6564K, capacity 6763K, committed 6832K, reserved 1048576K
}
Event: 2997.116 GC heap before
{Heap before GC invocations=783 (full 131):
 PSYoungGen      total 486400K, used 128K [0x00000000e0700000, 0x0000000100000000, 0x0000000100000000)
  eden space 455680K, 0% used [0x00000000e0700000,0x00000000e0700000,0x00000000fc400000)
  from space 30720K, 0% used [0x00000000fe200000,0x00000000fe220000,0x0000000100000000)
  to   space 30720K, 0% used [0x00000000fc400000,0x00000000fc400000,0x00000000fe200000)
 ParOldGen       total 375296K, used 197087K [0x00000000a1400000, 0x00000000b8280000, 0x00000000e0700000)
  object space 375296K, 52% used [0x00000000a1400000,0x00000000ad477e58,0x00000000b8280000)
 Metaspace       used 56783K, capacity 57489K, committed 57776K, reserved 1099776K
  class space    used 6564K, capacity 6763K, committed 6832K, reserved 1048576K
Event: 2997.325 GC heap after
Heap after GC invocations=783 (full 131):
 PSYoungGen      total 486400K, used 0K [0x00000000e0700000, 0x0000000100000000, 0x0000000100000000)
  eden space 455680K, 0% used [0x00000000e0700000,0x00000000e0700000,0x00000000fc400000)
  from space 30720K, 0% used [0x00000000fe200000,0x00000000fe200000,0x0000000100000000)
  to   space 30720K, 0% used [0x00000000fc400000,0x00000000fc400000,0x00000000fe200000)
 ParOldGen       total 375296K, used 197087K [0x00000000a1400000, 0x00000000b8280000, 0x00000000e0700000)
  object space 375296K, 52% used [0x00000000a1400000,0x00000000ad477f98,0x00000000b8280000)
 Metaspace       used 56783K, capacity 57489K, committed 57776K, reserved 1099776K
  class space    used 6564K, capacity 6763K, committed 6832K, reserved 1048576K
}
Event: 2997.325 GC heap before
{Heap before GC invocations=784 (full 131):
 PSYoungGen      total 486400K, used 8K [0x00000000e0700000, 0x0000000100000000, 0x0000000100000000)
  eden space 455680K, 0% used [0x00000000e0700000,0x00000000e07020c0,0x00000000fc400000)
  from space 30720K, 0% used [0x00000000fe200000,0x00000000fe200000,0x0000000100000000)
  to   space 30720K, 0% used [0x00000000fc400000,0x00000000fc400000,0x00000000fe200000)
 ParOldGen       total 375296K, used 197087K [0x00000000a1400000, 0x00000000b8280000, 0x00000000e0700000)
  object space 375296K, 52% used [0x00000000a1400000,0x00000000ad477f98,0x00000000b8280000)
 Metaspace       used 56783K, capacity 57489K, committed 57776K, reserved 1099776K
  class space    used 6564K, capacity 6763K, committed 6832K, reserved 1048576K
Event: 2997.330 GC heap after
Heap after GC invocations=784 (full 131):
 PSYoungGen      total 486400K, used 32K [0x00000000e0700000, 0x0000000100000000, 0x0000000100000000)
  eden space 455680K, 0% used [0x00000000e0700000,0x00000000e0700000,0x00000000fc400000)
  from space 30720K, 0% used [0x00000000fc400000,0x00000000fc408000,0x00000000fe200000)
  to   space 30208K, 0% used [0x00000000fe280000,0x00000000fe280000,0x0000000100000000)
 ParOldGen       total 375296K, used 197087K [0x00000000a1400000, 0x00000000b8280000, 0x00000000e0700000)
  object space 375296K, 52% used [0x00000000a1400000,0x00000000ad477f98,0x00000000b8280000)
 Metaspace       used 56783K, capacity 57489K, committed 57776K, reserved 1099776K
  class space    used 6564K, capacity 6763K, committed 6832K, reserved 1048576K
}
Event: 2997.330 GC heap before
{Heap before GC invocations=785 (full 132):
 PSYoungGen      total 486400K, used 32K [0x00000000e0700000, 0x0000000100000000, 0x0000000100000000)
  eden space 455680K, 0% used [0x00000000e0700000,0x00000000e0700000,0x00000000fc400000)
  from space 30720K, 0% used [0x00000000fc400000,0x00000000fc408000,0x00000000fe200000)
  to   space 30208K, 0% used [0x00000000fe280000,0x00000000fe280000,0x0000000100000000)
 ParOldGen       total 375296K, used 197087K [0x00000000a1400000, 0x00000000b8280000, 0x00000000e0700000)
  object space 375296K, 52% used [0x00000000a1400000,0x00000000ad477f98,0x00000000b8280000)
 Metaspace       used 56783K, capacity 57489K, committed 57776K, reserved 1099776K
  class space    used 6564K, capacity 6763K, committed 6832K, reserved 1048576K
Event: 2997.550 GC heap after
Heap after GC invocations=785 (full 132):
 PSYoungGen      total 486400K, used 0K [0x00000000e0700000, 0x0000000100000000, 0x0000000100000000)
  eden space 455680K, 0% used [0x00000000e0700000,0x00000000e0700000,0x00000000fc400000)
  from space 30720K, 0% used [0x00000000fc400000,0x00000000fc400000,0x00000000fe200000)
  to   space 30208K, 0% used [0x00000000fe280000,0x00000000fe280000,0x0000000100000000)
 ParOldGen       total 375296K, used 197087K [0x00000000a1400000, 0x00000000b8280000, 0x00000000e0700000)
  object space 375296K, 52% used [0x00000000a1400000,0x00000000ad477f98,0x00000000b8280000)
 Metaspace       used 56783K, capacity 57489K, committed 57776K, reserved 1099776K
  class space    used 6564K, capacity 6763K, committed 6832K, reserved 1048576K
}

Deoptimization events (10 events):
Event: 2983.721 Thread 0x00000249ed39b800 Uncommon trap: reason=class_check action=maybe_recompile pc=0x00000249d86867ac method=org.apache.logging.log4j.core.impl.ThrowableProxy.getExtendedStackTrace(Ljava/util/List;)Ljava/lang/String; @ 16
Event: 2983.722 Thread 0x00000249ed39b800 Uncommon trap: reason=class_check action=maybe_recompile pc=0x00000249d86867ac method=org.apache.logging.log4j.core.impl.ThrowableProxy.getExtendedStackTrace(Ljava/util/List;)Ljava/lang/String; @ 16
Event: 2983.722 Thread 0x00000249ed39b800 Uncommon trap: reason=class_check action=maybe_recompile pc=0x00000249d86867ac method=org.apache.logging.log4j.core.impl.ThrowableProxy.getExtendedStackTrace(Ljava/util/List;)Ljava/lang/String; @ 16
Event: 2983.723 Thread 0x00000249ed39b800 Uncommon trap: reason=unstable_if action=reinterpret pc=0x00000249d8521fdc method=io.netty.channel.AbstractChannel$AbstractUnsafe.write(Ljava/lang/Object;Lio/netty/channel/ChannelPromise;)V @ 6
Event: 2983.723 Thread 0x00000249ed39b800 Uncommon trap: reason=unstable_if action=reinterpret pc=0x00000249d7b17ad8 method=io.netty.util.concurrent.DefaultPromise.isSuccess()Z @ 22
Event: 2984.045 Thread 0x00000249d4582000 Uncommon trap: reason=class_check action=maybe_recompile pc=0x00000249d7c87c78 method=net.minecraft.util.ChatComponentStyle.getFormattedText()Ljava/lang/String; @ 9
Event: 2996.804 Thread 0x00000249d4582000 Uncommon trap: reason=unstable_if action=reinterpret pc=0x00000249d75fcf0c method=com.google.common.collect.RegularImmutableList.isPartialView()Z @ 9
Event: 2997.551 Thread 0x00000249d4582000 Uncommon trap: reason=class_check action=maybe_recompile pc=0x00000249d86867ac method=org.apache.logging.log4j.core.impl.ThrowableProxy.getExtendedStackTrace(Ljava/util/List;)Ljava/lang/String; @ 16
Event: 2997.567 Thread 0x00000249d4582000 Uncommon trap: reason=unstable_if action=reinterpret pc=0x00000249d63bba3c method=net.minecraftforge.fml.relauncher.FMLSecurityManager.checkPermission(Ljava/security/Permission;)V @ 23
Event: 2997.571 Thread 0x00000249ed3a9800 Uncommon trap: reason=unstable_if action=reinterpret pc=0x00000249d7ad2540 method=java.util.concurrent.ConcurrentHashMap.putVal(Ljava/lang/Object;Ljava/lang/Object;Z)Ljava/lang/Object; @ 98

Classes redefined (0 events):
No events

Internal exceptions (10 events):
Event: 2983.719 Thread 0x00000249eef74000 Exception <a 'java/lang/InterruptedException': sleep interrupted> (0x00000000e40d8210) thrown at [C:\wsjdk\Corretto8Src\installers\windows\zip\corretto-build\buildRoot\src\hotspot\src\share\vm\prims\jvm.cpp, line 3384]
Event: 2983.720 Thread 0x00000249ed39b800 Exception <a 'java/io/IOException'> (0x00000000e0f84320) thrown at [C:\wsjdk\Corretto8Src\installers\windows\zip\corretto-build\buildRoot\src\hotspot\src\share\vm\prims\jni.cpp, line 711]
Event: 2983.733 Thread 0x00000249eef74000 Exception <a 'java/lang/InterruptedException': sleep interrupted> (0x00000000e40d84b8) thrown at [C:\wsjdk\Corretto8Src\installers\windows\zip\corretto-build\buildRoot\src\hotspot\src\share\vm\prims\jvm.cpp, line 3384]
Event: 2983.749 Thread 0x00000249eef74000 Exception <a 'java/lang/InterruptedException': sleep interrupted> (0x00000000e40d8760) thrown at [C:\wsjdk\Corretto8Src\installers\windows\zip\corretto-build\buildRoot\src\hotspot\src\share\vm\prims\jvm.cpp, line 3384]
Event: 2983.793 Thread 0x00000249eef74000 Exception <a 'java/lang/InterruptedException': sleep interrupted> (0x00000000e40d8a08) thrown at [C:\wsjdk\Corretto8Src\installers\windows\zip\corretto-build\buildRoot\src\hotspot\src\share\vm\prims\jvm.cpp, line 3384]
Event: 2984.684 Thread 0x00000249eef74000 Exception <a 'java/lang/InterruptedException': sleep interrupted> (0x00000000e2602908) thrown at [C:\wsjdk\Corretto8Src\installers\windows\zip\corretto-build\buildRoot\src\hotspot\src\share\vm\prims\jvm.cpp, line 3384]
Event: 2984.684 Thread 0x00000249eef74000 Exception <a 'java/lang/InterruptedException': sleep interrupted> (0x00000000e2603698) thrown at [C:\wsjdk\Corretto8Src\installers\windows\zip\corretto-build\buildRoot\src\hotspot\src\share\vm\prims\jvm.cpp, line 3337]
Event: 2985.690 Thread 0x00000249d4582000 Exception <a 'java/net/SocketTimeoutException': Receive timed out> (0x00000000e0717778) thrown at [C:\wsjdk\Corretto8Src\installers\windows\zip\corretto-build\buildRoot\src\hotspot\src\share\vm\prims\jni.cpp, line 738]
Event: 2996.802 Thread 0x00000249d4582000 Exception <a 'java/net/UnknownHostException': bridger.land> (0x00000000e9c0d720) thrown at [C:\wsjdk\Corretto8Src\installers\windows\zip\corretto-build\buildRoot\src\hotspot\src\share\vm\prims\jni.cpp, line 738]
Event: 2997.550 Thread 0x00000249eef74000 Exception <a 'java/lang/InterruptedException': sleep interrupted> (0x00000000ad477c88) thrown at [C:\wsjdk\Corretto8Src\installers\windows\zip\corretto-build\buildRoot\src\hotspot\src\share\vm\prims\jvm.cpp, line 3384]

Events (10 events):
Event: 2997.590 Thread 0x00000249ed3a1000 DEOPT UNPACKING pc=0x00000249d5e671d8 sp=0x000000dca67fe3b8 mode 1
Event: 2997.590 Thread 0x00000249ed3a1000 DEOPT PACKING pc=0x00000249d638a8c8 sp=0x000000dca67fe6f0
Event: 2997.590 Thread 0x00000249ed3a1000 DEOPT UNPACKING pc=0x00000249d5e671d8 sp=0x000000dca67fe410 mode 1
Event: 2997.590 Thread 0x00000249ed3a1000 DEOPT PACKING pc=0x00000249d6a69f9c sp=0x000000dca67ff020
Event: 2997.590 Thread 0x00000249ed3a1000 DEOPT UNPACKING pc=0x00000249d5e671d8 sp=0x000000dca67fed78 mode 1
Event: 2997.590 Executing VM operation: RevokeBias
Event: 2997.591 Executing VM operation: RevokeBias done
Event: 2997.593 Thread 0x00000249ed3a1000 Thread exited: 0x00000249ed3a1000
Event: 2997.593 Thread 0x00000249ed3a9800 Thread exited: 0x00000249ed3a9800
Event: 2997.612 Executing VM operation: Exit


Dynamic libraries:
0x00007ff7eba40000 - 0x00007ff7eba7a000 	C:\Users\Sun3k\.jdks\corretto-1.8.0_332\bin\java.exe
0x00007ffe1a690000 - 0x00007ffe1a888000 	C:\Windows\SYSTEM32\ntdll.dll
0x00007ffe19060000 - 0x00007ffe1911d000 	C:\Windows\System32\KERNEL32.DLL
0x00007ffe17db0000 - 0x00007ffe1807e000 	C:\Windows\System32\KERNELBASE.dll
0x00007ffe19550000 - 0x00007ffe195fe000 	C:\Windows\System32\ADVAPI32.dll
0x00007ffe18da0000 - 0x00007ffe18e3e000 	C:\Windows\System32\msvcrt.dll
0x00007ffe18700000 - 0x00007ffe1879c000 	C:\Windows\System32\sechost.dll
0x00007ffe18e40000 - 0x00007ffe18f65000 	C:\Windows\System32\RPCRT4.dll
0x00007ffe19710000 - 0x00007ffe198b0000 	C:\Windows\System32\USER32.dll
0x00007ffe18670000 - 0x00007ffe18692000 	C:\Windows\System32\win32u.dll
0x00007ffe1a040000 - 0x00007ffe1a06a000 	C:\Windows\System32\GDI32.dll
0x00007ffe18330000 - 0x00007ffe1843b000 	C:\Windows\System32\gdi32full.dll
0x00007ffe18440000 - 0x00007ffe184dd000 	C:\Windows\System32\msvcp_win.dll
0x00007ffe18080000 - 0x00007ffe18180000 	C:\Windows\System32\ucrtbase.dll
0x00007ffdfaf10000 - 0x00007ffdfb1aa000 	C:\Windows\WinSxS\amd64_microsoft.windows.common-controls_6595b64144ccf1df_6.0.19041.1110_none_60b5254171f9507e\COMCTL32.dll
0x00007ffe198c0000 - 0x00007ffe198f0000 	C:\Windows\System32\IMM32.DLL
0x00007ffdecf20000 - 0x00007ffded00f000 	C:\Users\Sun3k\.jdks\corretto-1.8.0_332\jre\bin\msvcr120.dll
0x00007ffdf6ef0000 - 0x00007ffdf6f96000 	C:\Users\Sun3k\.jdks\corretto-1.8.0_332\jre\bin\msvcp120.dll
0x000000006b9f0000 - 0x000000006c266000 	C:\Users\Sun3k\.jdks\corretto-1.8.0_332\jre\bin\server\jvm.dll
0x00007ffe198b0000 - 0x00007ffe198b8000 	C:\Windows\System32\PSAPI.DLL
0x00007ffe06ea0000 - 0x00007ffe06ec7000 	C:\Windows\SYSTEM32\WINMM.dll
0x00007ffdde920000 - 0x00007ffdde929000 	C:\Windows\SYSTEM32\WSOCK32.dll
0x00007ffe1a4b0000 - 0x00007ffe1a51b000 	C:\Windows\System32\WS2_32.dll
0x00007ffe0fcb0000 - 0x00007ffe0fcba000 	C:\Windows\SYSTEM32\VERSION.dll
0x00007ffe12ec0000 - 0x00007ffe12ecf000 	C:\Users\Sun3k\.jdks\corretto-1.8.0_332\jre\bin\verify.dll
0x00007ffe125e0000 - 0x00007ffe12609000 	C:\Users\Sun3k\.jdks\corretto-1.8.0_332\jre\bin\java.dll
0x00007ffdf9320000 - 0x00007ffdf9355000 	C:\Users\Sun3k\.jdks\corretto-1.8.0_332\jre\bin\jdwp.dll
0x00007ffe13cf0000 - 0x00007ffe13cf8000 	C:\Users\Sun3k\.jdks\corretto-1.8.0_332\jre\bin\npt.dll
0x00007ffe01740000 - 0x00007ffe0176a000 	C:\Users\Sun3k\.jdks\corretto-1.8.0_332\jre\bin\instrument.dll
0x00007ffe0a350000 - 0x00007ffe0a366000 	C:\Users\Sun3k\.jdks\corretto-1.8.0_332\jre\bin\zip.dll
0x00007ffe198f0000 - 0x00007ffe1a034000 	C:\Windows\System32\SHELL32.dll
0x00007ffe15eb0000 - 0x00007ffe16644000 	C:\Windows\SYSTEM32\windows.storage.dll
0x00007ffe1a070000 - 0x00007ffe1a3c4000 	C:\Windows\System32\combase.dll
0x00007ffe17810000 - 0x00007ffe17840000 	C:\Windows\SYSTEM32\Wldp.dll
0x00007ffe19660000 - 0x00007ffe1970d000 	C:\Windows\System32\SHCORE.dll
0x00007ffe187a0000 - 0x00007ffe187f5000 	C:\Windows\System32\shlwapi.dll
0x00007ffe17cf0000 - 0x00007ffe17d0f000 	C:\Windows\SYSTEM32\profapi.dll
0x00007ffe0a340000 - 0x00007ffe0a349000 	C:\Users\Sun3k\.jdks\corretto-1.8.0_332\jre\bin\dt_socket.dll
0x00007ffe17570000 - 0x00007ffe175da000 	C:\Windows\system32\mswsock.dll
0x00007ffe12ea0000 - 0x00007ffe12ead000 	C:\Users\Sun3k\.jdks\corretto-1.8.0_332\jre\bin\management.dll
0x00007ffe09be0000 - 0x00007ffe09bfa000 	C:\Users\Sun3k\.jdks\corretto-1.8.0_332\jre\bin\net.dll
0x00007ffe09af0000 - 0x00007ffe09b02000 	C:\Users\Sun3k\.jdks\corretto-1.8.0_332\jre\bin\nio.dll
0x00007ffe17760000 - 0x00007ffe17778000 	C:\Windows\SYSTEM32\CRYPTSP.dll
0x00007ffe16e80000 - 0x00007ffe16eb4000 	C:\Windows\system32\rsaenh.dll
0x00007ffe18640000 - 0x00007ffe18667000 	C:\Windows\System32\bcrypt.dll
0x00007ffe17c70000 - 0x00007ffe17c9e000 	C:\Windows\SYSTEM32\USERENV.dll
0x00007ffe181f0000 - 0x00007ffe18272000 	C:\Windows\System32\bcryptprimitives.dll
0x00007ffe17780000 - 0x00007ffe1778c000 	C:\Windows\SYSTEM32\CRYPTBASE.dll
0x00007ffe171f0000 - 0x00007ffe1722b000 	C:\Windows\SYSTEM32\IPHLPAPI.DLL
0x00007ffe1a640000 - 0x00007ffe1a648000 	C:\Windows\System32\NSI.dll
0x00007ffe11020000 - 0x00007ffe11037000 	C:\Windows\SYSTEM32\dhcpcsvc6.DLL
0x00007ffe119f0000 - 0x00007ffe11a0d000 	C:\Windows\SYSTEM32\dhcpcsvc.DLL
0x00007ffe17230000 - 0x00007ffe172fb000 	C:\Windows\SYSTEM32\DNSAPI.dll
0x00007ffe09bd0000 - 0x00007ffe09bda000 	C:\Users\Sun3k\AppData\Local\Temp\jansi-64-6551016183280460212.dll
0x00007ffddf5c0000 - 0x00007ffddf5d7000 	C:\Windows\system32\napinsp.dll
0x00007ffddf080000 - 0x00007ffddf09b000 	C:\Windows\system32\pnrpnsp.dll
0x00007ffe13300000 - 0x00007ffe13315000 	C:\Windows\system32\wshbth.dll
0x00007ffe12160000 - 0x00007ffe1217d000 	C:\Windows\system32\NLAapi.dll
0x00007ffddf060000 - 0x00007ffddf072000 	C:\Windows\System32\winrnr.dll
0x00007ffe0fca0000 - 0x00007ffe0fcaa000 	C:\Windows\System32\rasadhlp.dll
0x00007ffe0e650000 - 0x00007ffe0e6d0000 	C:\Windows\System32\fwpuclnt.dll
0x00007ffe09aa0000 - 0x00007ffe09ac3000 	C:\Users\Sun3k\.jdks\corretto-1.8.0_332\jre\bin\sunec.dll
0x00007ffe12db0000 - 0x00007ffe12dbc000 	C:\Users\Sun3k\.jdks\corretto-1.8.0_332\jre\bin\sunmscapi.dll
0x00007ffe184e0000 - 0x00007ffe18636000 	C:\Windows\System32\CRYPT32.dll
0x00007ffe17880000 - 0x00007ffe178a7000 	C:\Windows\SYSTEM32\ncrypt.dll
0x00007ffe17840000 - 0x00007ffe1787b000 	C:\Windows\SYSTEM32\NTASN1.dll
0x0000000180000000 - 0x0000000180053000 	C:\Users\Sun3k\.gradle\caches\minecraft\net\minecraft\natives\1.8.9\lwjgl64.dll
0x00007ffdd68b0000 - 0x00007ffdd69d7000 	C:\Windows\SYSTEM32\OPENGL32.dll
0x00007ffdd5d00000 - 0x00007ffdd5d2c000 	C:\Windows\SYSTEM32\GLU32.dll
0x00007ffde7a30000 - 0x00007ffde7bc5000 	C:\Users\Sun3k\.jdks\corretto-1.8.0_332\jre\bin\awt.dll
0x00007ffe19480000 - 0x00007ffe1954d000 	C:\Windows\System32\OLEAUT32.dll
0x00007ffe155f0000 - 0x00007ffe15680000 	C:\Windows\SYSTEM32\apphelp.dll
0x00007ffe12ed0000 - 0x00007ffe12f7e000 	C:\Windows\SYSTEM32\mscms.dll
0x00007ffe12e40000 - 0x00007ffe12e51000 	C:\Windows\SYSTEM32\ColorAdapterClient.dll
0x00007ffe15cb0000 - 0x00007ffe15cc2000 	C:\Windows\SYSTEM32\kernel.appcore.dll
0x00007ffe18cf0000 - 0x00007ffe18d99000 	C:\Windows\System32\clbcatq.dll
0x00007ffe084c0000 - 0x00007ffe08503000 	C:\Windows\System32\Windows.Internal.Graphics.Display.DisplayColorManagement.dll
0x00007ffe186a0000 - 0x00007ffe186ee000 	C:\Windows\System32\cfgmgr32.dll
0x00007ffe157b0000 - 0x00007ffe1584e000 	C:\Windows\system32\uxtheme.dll
0x00007ffe1a520000 - 0x00007ffe1a635000 	C:\Windows\System32\MSCTF.dll
0x00007ffe01240000 - 0x00007ffe01339000 	C:\Windows\SYSTEM32\textinputframework.dll
0x00007ffe14ce0000 - 0x00007ffe1503e000 	C:\Windows\System32\CoreUIComponents.dll
0x00007ffe153c0000 - 0x00007ffe154b2000 	C:\Windows\System32\CoreMessaging.dll
0x00007ffe13d00000 - 0x00007ffe13e54000 	C:\Windows\SYSTEM32\wintypes.dll
0x00007ffe16ab0000 - 0x00007ffe16ae3000 	C:\Windows\SYSTEM32\ntmarta.dll
0x00007ffe10b10000 - 0x00007ffe10c07000 	C:\Windows\System32\AppXDeploymentClient.dll
0x00007ffdf8070000 - 0x00007ffdf809c000 	C:\Windows\System32\DriverStore\FileRepository\u0375335.inf_amd64_7de275617d9da25a\B374868\atig6pxx.dll
0x00007ffd9c8f0000 - 0x00007ffd9f733000 	C:\Windows\System32\DriverStore\FileRepository\u0375335.inf_amd64_7de275617d9da25a\B374868\atio6axx.dll
0x00007ffe18880000 - 0x00007ffe18cef000 	C:\Windows\System32\SETUPAPI.dll
0x00007ffe19120000 - 0x00007ffe1924a000 	C:\Windows\System32\ole32.dll
0x00007ffe08d90000 - 0x00007ffe08db4000 	C:\Windows\SYSTEM32\dxva2.dll
0x00007ffe159c0000 - 0x00007ffe159ef000 	C:\Windows\SYSTEM32\dwmapi.dll
0x00007ffdecee0000 - 0x00007ffdecf1f000 	C:\Windows\System32\DriverStore\FileRepository\u0375335.inf_amd64_7de275617d9da25a\B374868\atig6txx.dll
0x00007ffdd5ad0000 - 0x00007ffdd5ca6000 	C:\Windows\SYSTEM32\atiadlxx.dll
0x00007ffe13a20000 - 0x00007ffe13b16000 	C:\Windows\SYSTEM32\PROPSYS.dll
0x00007ffe17b60000 - 0x00007ffe17b8c000 	C:\Windows\SYSTEM32\DEVOBJ.dll
0x00007ffe18180000 - 0x00007ffe181e7000 	C:\Windows\System32\WINTRUST.dll
0x00007ffe179a0000 - 0x00007ffe179b2000 	C:\Windows\SYSTEM32\MSASN1.dll
0x00007ffdf0840000 - 0x00007ffdf0889000 	C:\Windows\SYSTEM32\pdh.dll
0x00007ffe072c0000 - 0x00007ffe072fb000 	C:\Windows\SYSTEM32\dxcore.dll
0x00007ffdccd30000 - 0x00007ffdccd73000 	C:\Windows\SYSTEM32\icm32.dll
0x00007ffde8370000 - 0x00007ffde83b2000 	C:\Users\Sun3k\AppData\Local\Temp\jna-80245188\jna6299769544141652323.dll
0x00007ffde8320000 - 0x00007ffde836b000 	C:\ProgramData\obs-studio-hook\graphics-hook64.dll
0x0000000070a40000 - 0x0000000070adc000 	C:\Users\Sun3k\.gradle\caches\minecraft\net\minecraft\natives\1.8.9\avutil-ttv-51.dll
0x0000000065980000 - 0x00000000659d6000 	C:\Users\Sun3k\.gradle\caches\minecraft\net\minecraft\natives\1.8.9\swresample-ttv-0.dll
0x000000006eb80000 - 0x000000006ec50000 	C:\Users\Sun3k\.gradle\caches\minecraft\net\minecraft\natives\1.8.9\libmp3lame-ttv.dll
0x00007ffda1e40000 - 0x00007ffda31e4000 	C:\Users\Sun3k\.gradle\caches\minecraft\net\minecraft\natives\1.8.9\libmfxsw64.dll
0x00007ffde7c20000 - 0x00007ffde7d8d000 	C:\Users\Sun3k\.gradle\caches\minecraft\net\minecraft\natives\1.8.9\twitchsdk.dll
0x00007ffdfe0f0000 - 0x00007ffdfe5c6000 	C:\Windows\SYSTEM32\WININET.dll
0x0000024982030000 - 0x0000024982094000 	C:\Users\Sun3k\.gradle\caches\minecraft\net\minecraft\natives\1.8.9\OpenAL64.dll
0x00007ffe106a0000 - 0x00007ffe10725000 	C:\Windows\System32\MMDevApi.dll
0x00007ffde7870000 - 0x00007ffde790c000 	C:\Windows\SYSTEM32\dsound.dll
0x00007ffe17470000 - 0x00007ffe174bb000 	C:\Windows\SYSTEM32\powrprof.dll
0x00007ffdfe5f0000 - 0x00007ffdfe616000 	C:\Windows\SYSTEM32\winmmbase.dll
0x00007ffe17370000 - 0x00007ffe17382000 	C:\Windows\SYSTEM32\UMPDC.dll
0x00007ffe108e0000 - 0x00007ffe10a62000 	C:\Windows\SYSTEM32\AUDIOSES.DLL
0x00007ffe158c0000 - 0x00007ffe158d4000 	C:\Windows\SYSTEM32\resourcepolicyclient.dll
0x00007ffe142c0000 - 0x00007ffe14523000 	C:\Windows\system32\d3d11.dll
0x00007ffe166b0000 - 0x00007ffe167a3000 	C:\Windows\SYSTEM32\dxgi.dll
0x00007ffe06ed0000 - 0x00007ffe07088000 	C:\Windows\System32\DriverStore\FileRepository\u0375335.inf_amd64_7de275617d9da25a\B374868\aticfx64.dll
0x00007ffe06e30000 - 0x00007ffe06e69000 	C:\Windows\System32\DriverStore\FileRepository\u0375335.inf_amd64_7de275617d9da25a\B374868\atiuxp64.dll
0x00007ffe04ef0000 - 0x00007ffe06e27000 	C:\Windows\System32\DriverStore\FileRepository\u0375335.inf_amd64_7de275617d9da25a\B374868\atidxx64.dll
0x00007ffe04780000 - 0x00007ffe047b0000 	C:\Windows\SYSTEM32\amdihk64.dll
0x00007ffde69b0000 - 0x00007ffde6a4c000 	C:\Users\Sun3k\AppData\Local\Temp\discord-rpc\discord-rpc.dll
0x00007ffe08ae0000 - 0x00007ffe08cc4000 	C:\Windows\SYSTEM32\dbghelp.dll

VM Arguments:
jvm_args: -agentlib:jdwp=transport=dt_socket,address=127.0.0.1:64026,suspend=y,server=n -javaagent:C:\Users\Sun3k\.gradle\caches\modules-2\files-2.1\org.spongepowered\mixin\0.7.11-SNAPSHOT\7a670207bdb97db418118ad1e9bb42424ff3776d\mixin-0.7.11-SNAPSHOT.jar -javaagent:C:\Users\Sun3k\AppData\Local\JetBrains\IdeaIC2022.1\captureAgent\debugger-agent.jar -Dfile.encoding=UTF-8 
java_command: GradleStart --mixin mixins.sunrise.json --tweakClass org.spongepowered.asm.launch.MixinTweaker -Ddevauth.account
java_class_path (initial): C:\Users\Sun3k\.jdks\corretto-1.8.0_332\jre\lib\charsets.jar;C:\Users\Sun3k\.jdks\corretto-1.8.0_332\jre\lib\ext\access-bridge-64.jar;C:\Users\Sun3k\.jdks\corretto-1.8.0_332\jre\lib\ext\cldrdata.jar;C:\Users\Sun3k\.jdks\corretto-1.8.0_332\jre\lib\ext\dnsns.jar;C:\Users\Sun3k\.jdks\corretto-1.8.0_332\jre\lib\ext\jaccess.jar;C:\Users\Sun3k\.jdks\corretto-1.8.0_332\jre\lib\ext\jfxrt.jar;C:\Users\Sun3k\.jdks\corretto-1.8.0_332\jre\lib\ext\localedata.jar;C:\Users\Sun3k\.jdks\corretto-1.8.0_332\jre\lib\ext\nashorn.jar;C:\Users\Sun3k\.jdks\corretto-1.8.0_332\jre\lib\ext\sunec.jar;C:\Users\Sun3k\.jdks\corretto-1.8.0_332\jre\lib\ext\sunjce_provider.jar;C:\Users\Sun3k\.jdks\corretto-1.8.0_332\jre\lib\ext\sunmscapi.jar;C:\Users\Sun3k\.jdks\corretto-1.8.0_332\jre\lib\ext\sunpkcs11.jar;C:\Users\Sun3k\.jdks\corretto-1.8.0_332\jre\lib\ext\zipfs.jar;C:\Users\Sun3k\.jdks\corretto-1.8.0_332\jre\lib\jce.jar;C:\Users\Sun3k\.jdks\corretto-1.8.0_332\jre\lib\jfr.jar;C:\Users\Sun3k\.jdks\corretto-1.8.0_332\jre\lib\jfxswt.jar;C:\Users\Sun3k\.jdks\corretto-1.8.0_332\jre\lib\jsse.jar;C:\Users\Sun3k\.jdks\corretto-1.8.0_332\jre\lib\management-agent.jar;C:\Users\Sun3k\.jdks\corretto-1.8.0_332\jre\lib\resources.jar;C:\Users\Sun3k\.jdks\corretto-1.8.0_332\jre\lib\rt.jar;C:\Users\Sun3k\IdeaProjects\Sunrise8\build\classes\java\main;C:\Users\Sun3k\.gradle\caches\minecraft\deobfedDeps\compileDummy.jar;C:\Users\Sun3k\.gradle\caches\minecraft\deobfedDeps\providedDummy.jar;C:\Users\Sun3k\.gradle\caches\modules-2\files-2.1\org.spongepowered\mixin\0.7.11-SNAPSHOT\7a670207bdb97db418118ad1e9bb42424ff3776d\mixin-0.7.11-SNAPSHOT.jar;C:\Users\Sun3k\.gradle\caches\modules-2\files-2.1\com.github.Vatuu\discord-rpc\1.6.2\1e2a38614325e809efe442d82231e7c172cf94ab\discord-rpc-1.6.2.jar;C:\Users\Sun3k\.gradle\caches\modules-2\files-2.1\com.google.guava\guava\17.0\9c6ef172e8de35fd8d4d8783e4821e57cdef7445\guava-17.0.jar;C:\Users\Sun3k\.gradle\caches\modules-2\files-2.1\commons-io\commons-io\
Launcher Type: SUN_STANDARD

Environment Variables:
JAVA_HOME=C:\Program Files\OpenJDK\jdk-18
PATH=C:\Windows\system32;C:\Windows;C:\Windows\System32\Wbem;C:\Windows\System32\WindowsPowerShell\v1.0\;C:\Windows\System32\OpenSSH\;C:\ProgramData\chocolatey\bin;C:\Program Files\Microsoft VS Code\bin;C:\Program Files (x86)\Yarn\bin\;C:\Program Files\nodejs\;C:\Program Files\Git\cmd;C:\Program Files\OpenJDK\jdk-18\bin;C:\Program Files\dotnet\;C:\Users\Sun3k\AppData\Local\Programs\Python\Python310\Scripts\;C:\Users\Sun3k\AppData\Local\Programs\Python\Python310\;C:\Users\Sun3k\AppData\Local\Microsoft\WindowsApps;C:\Users\Sun3k\AppData\Local\Yarn\bin;C:\Users\Sun3k\AppData\Roaming\npm;C:\Program Files\Oracle\VirtualBox;C:\Program Files\heroku\bin;C:\Program Files\JetBrains\IntelliJ IDEA Community Edition 2022.1.1\bin;;C:\Users\Sun3k\.dotnet\tools
USERNAME=Sun3k
OS=Windows_NT
PROCESSOR_IDENTIFIER=AMD64 Family 23 Model 24 Stepping 1, AuthenticAMD



---------------  S Y S T E M  ---------------

OS: Windows 10.0 , 64 bit Build 19041 (10.0.19041.1806)

CPU:total 8 (initial active 8) (8 cores per cpu, 1 threads per core) family 23 model 24 stepping 1, cmov, cx8, fxsr, mmx, sse, sse2, sse3, ssse3, sse4.1, sse4.2, popcnt, avx, avx2, aes, clmul, mmxext, 3dnowpref, lzcnt, sse4a, tsc, tscinvbit, tscinv, bmi1

Memory: 4k page, physical 6206224k(495256k free), swap 22048772k(4683084k free)

vm_info: OpenJDK 64-Bit Server VM (25.332-b08) for windows-amd64 JRE (1.8.0_332-b08), built on Apr 16 2022 08:31:02 by "Administrator" with MS VC++ 12.0 (VS2013)

time: Wed Jul 20 23:18:12 2022
timezone: South Sudan Standard Time
elapsed time: 2998.116082 seconds (0d 0h 49m 58s)

