#
# A fatal error has been detected by the Java Runtime Environment:
#
#  EXCEPTION_ACCESS_VIOLATION (0xc0000005) at pc=0x0000000000000000, pid=19008, tid=0x0000000000001a44
#
# JRE version: OpenJDK Runtime Environment (8.0_332-b08) (build 1.8.0_332-b08)
# Java VM: OpenJDK 64-Bit Server VM (25.332-b08 mixed mode windows-amd64 compressed oops)
# Problematic frame:
# C  0x0000000000000000
#
# Failed to write core dump. Minidumps are not enabled by default on client versions of Windows
#
# If you would like to submit a bug report, please visit:
#   https://github.com/corretto/corretto-8/issues/
#

---------------  T H R E A D  ---------------

Current thread (0x00000168fa94b800):  VMThread [stack: 0x0000001d93d00000,0x0000001d93e00000] [id=6724]

siginfo: ExceptionCode=0xc0000005, ExceptionInformation=0x0000000000000008 0x0000000000000000

Registers:
RAX=0x0000000000000000, RBX=0x0000000000000000, RCX=0x0000000000000001, RDX=0x00007ffe53fbf0b8
RSP=0x0000001d93dfeed8, RBP=0x00000168fa7df520, RSI=0x0000000000010000, RDI=0x0000000000000000
R8 =0x0000001d92e8b000, R9 =0x000000000000003e, R10=0x0000000000000000, R11=0x0000016886cc4760
R12=0x00007ffe7d6fe810, R13=0x0000000000000082, R14=0x00007ffe7d620000, R15=0x0000000000000001
RIP=0x0000000000000000, EFLAGS=0x0000000000010202

Top of Stack: (sp=0x0000001d93dfeed8)
0x0000001d93dfeed8:   00007ffe53f82f2c 0000000000000000
0x0000001d93dfeee8:   00000168fa7df520 0000000000000082
0x0000001d93dfeef8:   0000000000010000 0000000000000000
0x0000001d93dfef08:   00007ffe53f8406e 0000000000000000
0x0000001d93dfef18:   00000168fa7df520 0000000000010000
0x0000001d93dfef28:   00000168fd029108 0000000000000001
0x0000001d93dfef38:   00007ffe7d626e2e 0000000000000000
0x0000001d93dfef48:   0000000000000001 000000018004bb20
0x0000001d93dfef58:   0000000000000000 0000000000000001
0x0000001d93dfef68:   00007ffe7d627276 0000000000000000
0x0000001d93dfef78:   00000168fa7df520 0000000000000001
0x0000001d93dfef88:   0000000000000001 0000000000000000
0x0000001d93dfef98:   00007ffe7d6fe94f 0000000000000001
0x0000001d93dfefa8:   0000000000000000 0000000000000000
0x0000001d93dfefb8:   00000168835c0b30 0000000100000001
0x0000001d93dfefc8:   000000018000ecac 000000018001c558 

Instructions: (pc=0x0000000000000000)
0xffffffffffffffe0:   


Register to memory mapping:

RAX=0x0000000000000000 is an unknown value
RBX=0x0000000000000000 is an unknown value
RCX=0x0000000000000001 is an unknown value
RDX=0x00007ffe53fbf0b8 is an unknown value
RSP=0x0000001d93dfeed8 is an unknown value
RBP=0x00000168fa7df520 is an unknown value
RSI=0x0000000000010000 is an unknown value
RDI=0x0000000000000000 is an unknown value
R8 =0x0000001d92e8b000 is an unknown value
R9 =0x000000000000003e is an unknown value
R10=0x0000000000000000 is an unknown value
R11=0x0000016886cc4760 is an unknown value
R12=0x00007ffe7d6fe810 is an unknown value
R13=0x0000000000000082 is an unknown value
R14=0x00007ffe7d620000 is an unknown value
R15=0x0000000000000001 is an unknown value


Stack: [0x0000001d93d00000,0x0000001d93e00000],  sp=0x0000001d93dfeed8,  free space=1019k
Native frames: (J=compiled Java code, j=interpreted, Vv=VM code, C=native code)

VM_Operation (0x0000001d932ff2f0): Exit, mode: safepoint, requested by thread 0x0000016880153800


---------------  P R O C E S S  ---------------

Java Threads: ( => current thread )
  0x0000016880153800 JavaThread "SIGINT handler" daemon [_thread_blocked, id=4676, stack(0x0000001d93200000,0x0000001d93300000)]
  0x00000168818ce800 JavaThread "Netty Client IO #7" daemon [_thread_in_native, id=21448, stack(0x0000001d97100000,0x0000001d97200000)]
  0x00000168818cd800 JavaThread "Netty Client IO #6" daemon [_thread_in_native, id=10584, stack(0x0000001d96e00000,0x0000001d96f00000)]
  0x00000168818d1800 JavaThread "Netty Client IO #5" daemon [_thread_blocked, id=20140, stack(0x0000001d96f00000,0x0000001d97000000)]
  0x00000168818c6800 JavaThread "Netty Client IO #4" daemon [_thread_in_native, id=10012, stack(0x0000001d96d00000,0x0000001d96e00000)]
  0x00000168818c4000 JavaThread "Netty Client IO #2" daemon [_thread_in_native, id=2292, stack(0x0000001d96c00000,0x0000001d96d00000)]
  0x00000168818cb800 JavaThread "Netty Client IO #3" daemon [_thread_in_native, id=19584, stack(0x0000001d96b00000,0x0000001d96c00000)]
  0x00000168818c8000 JavaThread "Netty Client IO #1" daemon [_thread_in_native, id=6780, stack(0x0000001d96a00000,0x0000001d96b00000)]
  0x00000168818c6000 JavaThread "Netty Client IO #0" daemon [_thread_in_native, id=21044, stack(0x0000001d96900000,0x0000001d96a00000)]
  0x00000168818c5000 JavaThread "Server Pinger #4" daemon [_thread_blocked, id=19540, stack(0x0000001d96700000,0x0000001d96800000)]
  0x00000168818c3800 JavaThread "Server Pinger #3" daemon [_thread_blocked, id=20424, stack(0x0000001d96600000,0x0000001d96700000)]
  0x00000168818c9800 JavaThread "Server Pinger #2" daemon [_thread_blocked, id=7832, stack(0x0000001d96500000,0x0000001d96600000)]
  0x00000168818c9000 JavaThread "Server Pinger #1" daemon [_thread_blocked, id=8112, stack(0x0000001d96400000,0x0000001d96500000)]
  0x00000168818ca800 JavaThread "Thread-13" daemon [_thread_in_native, id=12076, stack(0x0000001d96300000,0x0000001d96400000)]
  0x00000168802eb800 JavaThread "Server Pinger #0" daemon [_thread_blocked, id=9516, stack(0x0000001d96200000,0x0000001d96300000)]
  0x00000168802f2800 JavaThread "Thread-12" [_thread_blocked, id=19340, stack(0x0000001d95b00000,0x0000001d95c00000)]
  0x00000168802ef800 JavaThread "Thread-11" [_thread_blocked, id=18920, stack(0x0000001d95900000,0x0000001d95a00000)]
  0x00000168802ee000 JavaThread "Chunk Batcher 1" daemon [_thread_blocked, id=4496, stack(0x0000001d95f00000,0x0000001d96000000)]
  0x00000168802ec800 JavaThread "Chunk Batcher 0" daemon [_thread_blocked, id=21032, stack(0x0000001d95700000,0x0000001d95800000)]
  0x0000016884357800 JavaThread "LWJGL Timer" daemon [_thread_blocked, id=18288, stack(0x0000001d95100000,0x0000001d95200000)]
  0x00000168ffdd0000 JavaThread "Java2D Disposer" daemon [_thread_blocked, id=21556, stack(0x0000001d94e00000,0x0000001d94f00000)]
  0x00000168fd53b800 JavaThread "Timer hack thread" daemon [_thread_blocked, id=6888, stack(0x0000001d94d00000,0x0000001d94e00000)]
  0x0000016885517000 JavaThread "Snooper Timer" daemon [_thread_blocked, id=12268, stack(0x0000001d94c00000,0x0000001d94d00000)]
  0x00000168fdc48800 JavaThread "Snooper Timer" daemon [_thread_blocked, id=16660, stack(0x0000001d94b00000,0x0000001d94c00000)]
  0x00000168fc8ae800 JavaThread "Service Thread" daemon [_thread_blocked, id=20484, stack(0x0000001d94900000,0x0000001d94a00000)]
  0x00000168fc82c000 JavaThread "C1 CompilerThread3" daemon [_thread_blocked, id=21800, stack(0x0000001d94800000,0x0000001d94900000)]
  0x00000168faa03000 JavaThread "C2 CompilerThread2" daemon [_thread_blocked, id=784, stack(0x0000001d94700000,0x0000001d94800000)]
  0x00000168fa9f2800 JavaThread "C2 CompilerThread1" daemon [_thread_blocked, id=20112, stack(0x0000001d94600000,0x0000001d94700000)]
  0x00000168fc822800 JavaThread "C2 CompilerThread0" daemon [_thread_blocked, id=1256, stack(0x0000001d94500000,0x0000001d94600000)]
  0x00000168fa9d4800 JavaThread "JDWP Event Helper Thread" daemon [_thread_blocked, id=16828, stack(0x0000001d94300000,0x0000001d94400000)]
  0x00000168fa9aa800 JavaThread "Attach Listener" daemon [_thread_blocked, id=1268, stack(0x0000001d94100000,0x0000001d94200000)]
  0x00000168fa9a9800 JavaThread "Signal Dispatcher" daemon [_thread_blocked, id=6696, stack(0x0000001d94000000,0x0000001d94100000)]
  0x00000168fa984800 JavaThread "Finalizer" daemon [_thread_blocked, id=15828, stack(0x0000001d93f00000,0x0000001d94000000)]
  0x00000168fa97d800 JavaThread "Reference Handler" daemon [_thread_blocked, id=19148, stack(0x0000001d93e00000,0x0000001d93f00000)]
  0x00000168e59e6000 JavaThread "Client thread" [_thread_blocked, id=18208, stack(0x0000001d93400000,0x0000001d93500000)]

Other Threads:
=>0x00000168fa94b800 VMThread [stack: 0x0000001d93d00000,0x0000001d93e00000] [id=6724]

VM state:at safepoint (shutting down)

VM Mutex/Monitor currently owned by a thread:  ([mutex/lock_event])
[0x00000168e59e5400] Threads_lock - owner thread: 0x00000168fa94b800

heap address: 0x00000000a1400000, size: 1516 MB, Compressed Oops mode: 32-bit
Narrow klass base: 0x0000000000000000, Narrow klass shift: 3
Compressed class space size: 1073741824 Address: 0x0000000100000000

Heap:
 PSYoungGen      total 456192K, used 392567K [0x00000000e0700000, 0x0000000100000000, 0x0000000100000000)
  eden space 394240K, 93% used [0x00000000e0700000,0x00000000f6efaff0,0x00000000f8800000)
  from space 61952K, 38% used [0x00000000fc380000,0x00000000fdae2cd8,0x0000000100000000)
  to   space 60928K, 0% used [0x00000000f8800000,0x00000000f8800000,0x00000000fc380000)
 ParOldGen       total 363008K, used 264443K [0x00000000a1400000, 0x00000000b7680000, 0x00000000e0700000)
  object space 363008K, 72% used [0x00000000a1400000,0x00000000b163ed58,0x00000000b7680000)
 Metaspace       used 53009K, capacity 53531K, committed 54144K, reserved 1097728K
  class space    used 6279K, capacity 6440K, committed 6528K, reserved 1048576K

Card table byte_map: [0x00000168f67b0000,0x00000168f6ab0000] byte_map_base: 0x00000168f62a6000

Marking Bits: (ParMarkBitMap*) 0x0000000064027850
 Begin Bits: [0x00000168f6cb0000, 0x00000168f8460000)
 End Bits:   [0x00000168f8460000, 0x00000168f9c10000)

Polling page: 0x00000168e5b70000

CodeCache: size=245760Kb used=41178Kb max_used=41339Kb free=204581Kb
 bounds [0x00000168e73f0000, 0x00000168e9cc0000, 0x00000168f63f0000]
 total_blobs=10334 nmethods=9430 adapters=823
 compilation: enabled

Compilation events (10 events):
Event: 222.232 Thread 0x00000168fa9f2800 13417       4       paulscode.sound.Source::playing (44 bytes)
Event: 222.240 Thread 0x00000168fa9f2800 nmethod 13417 0x00000168e9450f50 code [0x00000168e9451120, 0x00000168e94517b0]
Event: 222.567 Thread 0x00000168fc82c000 13418       3       java.util.logging.LogManager$LoggerContext::getRootLogger (8 bytes)
Event: 222.568 Thread 0x00000168fc82c000 nmethod 13418 0x00000168e8a4f890 code [0x00000168e8a4f9e0, 0x00000168e8a4fbf8]
Event: 222.568 Thread 0x00000168fc82c000 13419       3       java.util.logging.LogManager$LoggerContext::getGlobalLogger (6 bytes)
Event: 222.568 Thread 0x00000168fc82c000 nmethod 13419 0x00000168e8410a50 code [0x00000168e8410ba0, 0x00000168e8410cf8]
Event: 222.574 Thread 0x00000168fc82c000 13420       3       org.apache.logging.log4j.core.helpers.NameUtil::getSubName (32 bytes)
Event: 222.575 Thread 0x00000168fc82c000 nmethod 13420 0x00000168e94ea150 code [0x00000168e94ea2e0, 0x00000168e94ea880]
Event: 222.577 Thread 0x00000168fc82c000 13421       1       org.apache.logging.log4j.core.config.LoggerConfig::getLevel (5 bytes)
Event: 222.577 Thread 0x00000168fc82c000 nmethod 13421 0x00000168e92cd690 code [0x00000168e92cd7e0, 0x00000168e92cd8f8]

GC Heap History (10 events):
Event: 203.023 GC heap before
{Heap before GC invocations=63 (full 7):
 PSYoungGen      total 460288K, used 426989K [0x00000000e0700000, 0x0000000100000000, 0x0000000100000000)
  eden space 403456K, 100% used [0x00000000e0700000,0x00000000f9100000,0x00000000f9100000)
  from space 56832K, 41% used [0x00000000f9100000,0x00000000fa7fb4d0,0x00000000fc880000)
  to   space 55808K, 0% used [0x00000000fc980000,0x00000000fc980000,0x0000000100000000)
 ParOldGen       total 363008K, used 263884K [0x00000000a1400000, 0x00000000b7680000, 0x00000000e0700000)
  object space 363008K, 72% used [0x00000000a1400000,0x00000000b15b3218,0x00000000b7680000)
 Metaspace       used 52934K, capacity 53513K, committed 54144K, reserved 1097728K
  class space    used 6273K, capacity 6437K, committed 6528K, reserved 1048576K
Event: 203.040 GC heap after
Heap after GC invocations=63 (full 7):
 PSYoungGen      total 460288K, used 39670K [0x00000000e0700000, 0x0000000100000000, 0x0000000100000000)
  eden space 404480K, 0% used [0x00000000e0700000,0x00000000e0700000,0x00000000f9200000)
  from space 55808K, 71% used [0x00000000fc980000,0x00000000ff03da08,0x0000000100000000)
  to   space 56320K, 0% used [0x00000000f9200000,0x00000000f9200000,0x00000000fc900000)
 ParOldGen       total 363008K, used 263996K [0x00000000a1400000, 0x00000000b7680000, 0x00000000e0700000)
  object space 363008K, 72% used [0x00000000a1400000,0x00000000b15cf218,0x00000000b7680000)
 Metaspace       used 52934K, capacity 53513K, committed 54144K, reserved 1097728K
  class space    used 6273K, capacity 6437K, committed 6528K, reserved 1048576K
}
Event: 206.217 GC heap before
{Heap before GC invocations=64 (full 7):
 PSYoungGen      total 460288K, used 444150K [0x00000000e0700000, 0x0000000100000000, 0x0000000100000000)
  eden space 404480K, 100% used [0x00000000e0700000,0x00000000f9200000,0x00000000f9200000)
  from space 55808K, 71% used [0x00000000fc980000,0x00000000ff03da08,0x0000000100000000)
  to   space 56320K, 0% used [0x00000000f9200000,0x00000000f9200000,0x00000000fc900000)
 ParOldGen       total 363008K, used 263996K [0x00000000a1400000, 0x00000000b7680000, 0x00000000e0700000)
  object space 363008K, 72% used [0x00000000a1400000,0x00000000b15cf218,0x00000000b7680000)
 Metaspace       used 52942K, capacity 53513K, committed 54144K, reserved 1097728K
  class space    used 6273K, capacity 6437K, committed 6528K, reserved 1048576K
Event: 206.234 GC heap after
Heap after GC invocations=64 (full 7):
 PSYoungGen      total 449024K, used 44109K [0x00000000e0700000, 0x0000000100000000, 0x0000000100000000)
  eden space 404480K, 0% used [0x00000000e0700000,0x00000000e0700000,0x00000000f9200000)
  from space 44544K, 99% used [0x00000000f9200000,0x00000000fbd134a0,0x00000000fbd80000)
  to   space 58368K, 0% used [0x00000000fc700000,0x00000000fc700000,0x0000000100000000)
 ParOldGen       total 363008K, used 264171K [0x00000000a1400000, 0x00000000b7680000, 0x00000000e0700000)
  object space 363008K, 72% used [0x00000000a1400000,0x00000000b15fad28,0x00000000b7680000)
 Metaspace       used 52942K, capacity 53513K, committed 54144K, reserved 1097728K
  class space    used 6273K, capacity 6437K, committed 6528K, reserved 1048576K
}
Event: 209.836 GC heap before
{Heap before GC invocations=65 (full 7):
 PSYoungGen      total 449024K, used 448589K [0x00000000e0700000, 0x0000000100000000, 0x0000000100000000)
  eden space 404480K, 100% used [0x00000000e0700000,0x00000000f9200000,0x00000000f9200000)
  from space 44544K, 99% used [0x00000000f9200000,0x00000000fbd134a0,0x00000000fbd80000)
  to   space 58368K, 0% used [0x00000000fc700000,0x00000000fc700000,0x0000000100000000)
 ParOldGen       total 363008K, used 264171K [0x00000000a1400000, 0x00000000b7680000, 0x00000000e0700000)
  object space 363008K, 72% used [0x00000000a1400000,0x00000000b15fad28,0x00000000b7680000)
 Metaspace       used 52962K, capacity 53525K, committed 54144K, reserved 1097728K
  class space    used 6274K, capacity 6439K, committed 6528K, reserved 1048576K
Event: 209.849 GC heap after
Heap after GC invocations=65 (full 7):
 PSYoungGen      total 459776K, used 23468K [0x00000000e0700000, 0x0000000100000000, 0x0000000100000000)
  eden space 401408K, 0% used [0x00000000e0700000,0x00000000e0700000,0x00000000f8f00000)
  from space 58368K, 40% used [0x00000000fc700000,0x00000000fddeb1d0,0x0000000100000000)
  to   space 57344K, 0% used [0x00000000f8f00000,0x00000000f8f00000,0x00000000fc700000)
 ParOldGen       total 363008K, used 264299K [0x00000000a1400000, 0x00000000b7680000, 0x00000000e0700000)
  object space 363008K, 72% used [0x00000000a1400000,0x00000000b161ad58,0x00000000b7680000)
 Metaspace       used 52962K, capacity 53525K, committed 54144K, reserved 1097728K
  class space    used 6274K, capacity 6439K, committed 6528K, reserved 1048576K
}
Event: 212.533 GC heap before
{Heap before GC invocations=66 (full 7):
 PSYoungGen      total 459776K, used 424876K [0x00000000e0700000, 0x0000000100000000, 0x0000000100000000)
  eden space 401408K, 100% used [0x00000000e0700000,0x00000000f8f00000,0x00000000f8f00000)
  from space 58368K, 40% used [0x00000000fc700000,0x00000000fddeb1d0,0x0000000100000000)
  to   space 57344K, 0% used [0x00000000f8f00000,0x00000000f8f00000,0x00000000fc700000)
 ParOldGen       total 363008K, used 264299K [0x00000000a1400000, 0x00000000b7680000, 0x00000000e0700000)
  object space 363008K, 72% used [0x00000000a1400000,0x00000000b161ad58,0x00000000b7680000)
 Metaspace       used 52992K, capacity 53525K, committed 54144K, reserved 1097728K
  class space    used 6277K, capacity 6439K, committed 6528K, reserved 1048576K
Event: 212.553 GC heap after
Heap after GC invocations=66 (full 7):
 PSYoungGen      total 452608K, used 50926K [0x00000000e0700000, 0x0000000100000000, 0x0000000100000000)
  eden space 401408K, 0% used [0x00000000e0700000,0x00000000e0700000,0x00000000f8f00000)
  from space 51200K, 99% used [0x00000000f8f00000,0x00000000fc0bb878,0x00000000fc100000)
  to   space 61952K, 0% used [0x00000000fc380000,0x00000000fc380000,0x0000000100000000)
 ParOldGen       total 363008K, used 264379K [0x00000000a1400000, 0x00000000b7680000, 0x00000000e0700000)
  object space 363008K, 72% used [0x00000000a1400000,0x00000000b162ed58,0x00000000b7680000)
 Metaspace       used 52992K, capacity 53525K, committed 54144K, reserved 1097728K
  class space    used 6277K, capacity 6439K, committed 6528K, reserved 1048576K
}
Event: 217.919 GC heap before
{Heap before GC invocations=67 (full 7):
 PSYoungGen      total 452608K, used 452334K [0x00000000e0700000, 0x0000000100000000, 0x0000000100000000)
  eden space 401408K, 100% used [0x00000000e0700000,0x00000000f8f00000,0x00000000f8f00000)
  from space 51200K, 99% used [0x00000000f8f00000,0x00000000fc0bb878,0x00000000fc100000)
  to   space 61952K, 0% used [0x00000000fc380000,0x00000000fc380000,0x0000000100000000)
 ParOldGen       total 363008K, used 264379K [0x00000000a1400000, 0x00000000b7680000, 0x00000000e0700000)
  object space 363008K, 72% used [0x00000000a1400000,0x00000000b162ed58,0x00000000b7680000)
 Metaspace       used 53001K, capacity 53531K, committed 54144K, reserved 1097728K
  class space    used 6277K, capacity 6440K, committed 6528K, reserved 1048576K
Event: 217.945 GC heap after
Heap after GC invocations=67 (full 7):
 PSYoungGen      total 456192K, used 23947K [0x00000000e0700000, 0x0000000100000000, 0x0000000100000000)
  eden space 394240K, 0% used [0x00000000e0700000,0x00000000e0700000,0x00000000f8800000)
  from space 61952K, 38% used [0x00000000fc380000,0x00000000fdae2cd8,0x0000000100000000)
  to   space 60928K, 0% used [0x00000000f8800000,0x00000000f8800000,0x00000000fc380000)
 ParOldGen       total 363008K, used 264443K [0x00000000a1400000, 0x00000000b7680000, 0x00000000e0700000)
  object space 363008K, 72% used [0x00000000a1400000,0x00000000b163ed58,0x00000000b7680000)
 Metaspace       used 53001K, capacity 53531K, committed 54144K, reserved 1097728K
  class space    used 6277K, capacity 6440K, committed 6528K, reserved 1048576K
}

Deoptimization events (10 events):
Event: 220.516 Thread 0x00000168e59e6000 Uncommon trap: reason=unstable_if action=reinterpret pc=0x00000168e938c5f0 method=net.minecraft.entity.Entity.handleWaterMovement()Z @ 35
Event: 220.517 Thread 0x00000168e59e6000 Uncommon trap: reason=unstable_if action=reinterpret pc=0x00000168e9113078 method=net.minecraft.entity.Entity.isWet()Z @ 4
Event: 220.572 Thread 0x00000168e59e6000 Uncommon trap: reason=class_check action=maybe_recompile pc=0x00000168e900ddd4 method=net.minecraft.block.BlockLiquid.getFlowVector(Lnet/minecraft/world/IBlockAccess;Lnet/minecraft/util/BlockPos;)Lnet/minecraft/util/Vec3; @ 74
Event: 220.572 Thread 0x00000168e59e6000 Uncommon trap: reason=class_check action=maybe_recompile pc=0x00000168e900ddd4 method=net.minecraft.block.BlockLiquid.getFlowVector(Lnet/minecraft/world/IBlockAccess;Lnet/minecraft/util/BlockPos;)Lnet/minecraft/util/Vec3; @ 74
Event: 222.586 Thread 0x00000168818d1800 Uncommon trap: reason=class_check action=maybe_recompile pc=0x00000168e7a6c210 method=org.apache.logging.log4j.core.Logger$PrivateConfig.filter(Lorg/apache/logging/log4j/Level;Lorg/apache/logging/log4j/Marker;Ljava/lang/String;)Z @ 4
Event: 222.588 Thread 0x00000168818d1800 Uncommon trap: reason=class_check action=maybe_recompile pc=0x00000168e7a6c210 method=org.apache.logging.log4j.core.Logger$PrivateConfig.filter(Lorg/apache/logging/log4j/Level;Lorg/apache/logging/log4j/Marker;Ljava/lang/String;)Z @ 4
Event: 222.588 Thread 0x00000168818d1800 Uncommon trap: reason=class_check action=maybe_recompile pc=0x00000168e7a6c210 method=org.apache.logging.log4j.core.Logger$PrivateConfig.filter(Lorg/apache/logging/log4j/Level;Lorg/apache/logging/log4j/Marker;Ljava/lang/String;)Z @ 4
Event: 222.588 Thread 0x00000168818d1800 Uncommon trap: reason=class_check action=maybe_recompile pc=0x00000168e7a6c210 method=org.apache.logging.log4j.core.Logger$PrivateConfig.filter(Lorg/apache/logging/log4j/Level;Lorg/apache/logging/log4j/Marker;Ljava/lang/String;)Z @ 4
Event: 222.589 Thread 0x00000168818d1800 Uncommon trap: reason=class_check action=maybe_recompile pc=0x00000168e8a75074 method=org.apache.logging.log4j.core.Logger$PrivateConfig.filter(Lorg/apache/logging/log4j/Level;Lorg/apache/logging/log4j/Marker;Ljava/lang/String;)Z @ 4
Event: 222.589 Thread 0x00000168818d1800 Uncommon trap: reason=class_check action=maybe_recompile pc=0x00000168e7518398 method=org.apache.logging.log4j.core.Logger$PrivateConfig.filter(Lorg/apache/logging/log4j/Level;Lorg/apache/logging/log4j/Marker;Ljava/lang/String;)Z @ 4

Classes redefined (0 events):
No events

Internal exceptions (10 events):
Event: 222.239 Thread 0x00000168802ef800 Exception <a 'java/lang/InterruptedException': sleep interrupted> (0x00000000f3ce5000) thrown at [C:\wsjdk\Corretto8Src\installers\windows\zip\corretto-build\buildRoot\src\hotspot\src\share\vm\prims\jvm.cpp, line 3384]
Event: 222.251 Thread 0x00000168802ef800 Exception <a 'java/lang/InterruptedException': sleep interrupted> (0x00000000f3ce5258) thrown at [C:\wsjdk\Corretto8Src\installers\windows\zip\corretto-build\buildRoot\src\hotspot\src\share\vm\prims\jvm.cpp, line 3384]
Event: 222.295 Thread 0x00000168802ef800 Exception <a 'java/lang/InterruptedException': sleep interrupted> (0x00000000f3ce5500) thrown at [C:\wsjdk\Corretto8Src\installers\windows\zip\corretto-build\buildRoot\src\hotspot\src\share\vm\prims\jvm.cpp, line 3384]
Event: 222.340 Thread 0x00000168802ef800 Exception <a 'java/lang/InterruptedException': sleep interrupted> (0x00000000f3ce57a8) thrown at [C:\wsjdk\Corretto8Src\installers\windows\zip\corretto-build\buildRoot\src\hotspot\src\share\vm\prims\jvm.cpp, line 3384]
Event: 222.418 Thread 0x00000168802ef800 Exception <a 'java/lang/InterruptedException': sleep interrupted> (0x00000000f3ce5a50) thrown at [C:\wsjdk\Corretto8Src\installers\windows\zip\corretto-build\buildRoot\src\hotspot\src\share\vm\prims\jvm.cpp, line 3384]
Event: 222.458 Thread 0x00000168802ef800 Exception <a 'java/lang/InterruptedException': sleep interrupted> (0x00000000f3ce5cf8) thrown at [C:\wsjdk\Corretto8Src\installers\windows\zip\corretto-build\buildRoot\src\hotspot\src\share\vm\prims\jvm.cpp, line 3384]
Event: 222.493 Thread 0x00000168802ef800 Exception <a 'java/lang/InterruptedException': sleep interrupted> (0x00000000f3ce5fa0) thrown at [C:\wsjdk\Corretto8Src\installers\windows\zip\corretto-build\buildRoot\src\hotspot\src\share\vm\prims\jvm.cpp, line 3384]
Event: 222.493 Thread 0x00000168802ef800 Exception <a 'java/lang/InterruptedException': sleep interrupted> (0x00000000f3ce6248) thrown at [C:\wsjdk\Corretto8Src\installers\windows\zip\corretto-build\buildRoot\src\hotspot\src\share\vm\prims\jvm.cpp, line 3337]
Event: 222.532 Thread 0x00000168802ef800 Exception <a 'java/lang/InterruptedException': sleep interrupted> (0x00000000f3ce64a0) thrown at [C:\wsjdk\Corretto8Src\installers\windows\zip\corretto-build\buildRoot\src\hotspot\src\share\vm\prims\jvm.cpp, line 3384]
Event: 222.578 Thread 0x00000168802ef800 Exception <a 'java/lang/InterruptedException': sleep interrupted> (0x00000000f3ce6748) thrown at [C:\wsjdk\Corretto8Src\installers\windows\zip\corretto-build\buildRoot\src\hotspot\src\share\vm\prims\jvm.cpp, line 3384]

Events (10 events):
Event: 222.590 Thread 0x00000168818d1800 DEOPT UNPACKING pc=0x00000168e74371d8 sp=0x0000001d96ffe678 mode 1
Event: 222.590 Thread 0x00000168818d1800 DEOPT PACKING pc=0x00000168e8b0f5fc sp=0x0000001d96ffea70
Event: 222.590 Thread 0x00000168818d1800 DEOPT UNPACKING pc=0x00000168e74371d8 sp=0x0000001d96ffe708 mode 1
Event: 222.590 Thread 0x00000168818d1800 DEOPT PACKING pc=0x00000168e926e580 sp=0x0000001d96ffe9b0
Event: 222.590 Thread 0x00000168818d1800 DEOPT UNPACKING pc=0x00000168e74371d8 sp=0x0000001d96ffe678 mode 1
Event: 222.590 Thread 0x00000168818d1800 DEOPT PACKING pc=0x00000168e8b0f5fc sp=0x0000001d96ffea70
Event: 222.590 Thread 0x00000168818d1800 DEOPT UNPACKING pc=0x00000168e74371d8 sp=0x0000001d96ffe708 mode 1
Event: 222.590 Thread 0x00000168818d1800 DEOPT PACKING pc=0x00000168e926e580 sp=0x0000001d96ffe9b0
Event: 222.590 Thread 0x00000168818d1800 DEOPT UNPACKING pc=0x00000168e74371d8 sp=0x0000001d96ffe678 mode 1
Event: 222.590 Executing VM operation: Exit


Dynamic libraries:
0x00007ff6fdee0000 - 0x00007ff6fdf1a000 	C:\Users\Sun3k\.jdks\corretto-1.8.0_332\bin\java.exe
0x00007ffeb6950000 - 0x00007ffeb6b47000 	C:\Windows\SYSTEM32\ntdll.dll
0x00007ffeb49b0000 - 0x00007ffeb4a6d000 	C:\Windows\System32\KERNEL32.DLL
0x00007ffeb4480000 - 0x00007ffeb474d000 	C:\Windows\System32\KERNELBASE.dll
0x00007ffeb5160000 - 0x00007ffeb520e000 	C:\Windows\System32\ADVAPI32.dll
0x00007ffeb62b0000 - 0x00007ffeb634e000 	C:\Windows\System32\msvcrt.dll
0x00007ffeb5f70000 - 0x00007ffeb600c000 	C:\Windows\System32\sechost.dll
0x00007ffeb5210000 - 0x00007ffeb5335000 	C:\Windows\System32\RPCRT4.dll
0x00007ffeb53a0000 - 0x00007ffeb5540000 	C:\Windows\System32\USER32.dll
0x00007ffeb4950000 - 0x00007ffeb4972000 	C:\Windows\System32\win32u.dll
0x00007ffeb61d0000 - 0x00007ffeb61fa000 	C:\Windows\System32\GDI32.dll
0x00007ffeb4220000 - 0x00007ffeb432b000 	C:\Windows\System32\gdi32full.dll
0x00007ffeb43e0000 - 0x00007ffeb447d000 	C:\Windows\System32\msvcp_win.dll
0x00007ffeb47e0000 - 0x00007ffeb48e0000 	C:\Windows\System32\ucrtbase.dll
0x00007ffe9dfe0000 - 0x00007ffe9e27a000 	C:\Windows\WinSxS\amd64_microsoft.windows.common-controls_6595b64144ccf1df_6.0.19041.1110_none_60b5254171f9507e\COMCTL32.dll
0x00007ffeb55a0000 - 0x00007ffeb55d0000 	C:\Windows\System32\IMM32.DLL
0x00007ffeabda0000 - 0x00007ffeabe8f000 	C:\Users\Sun3k\.jdks\corretto-1.8.0_332\jre\bin\msvcr120.dll
0x00007ffe96e30000 - 0x00007ffe96ed6000 	C:\Users\Sun3k\.jdks\corretto-1.8.0_332\jre\bin\msvcp120.dll
0x0000000063830000 - 0x00000000640a6000 	C:\Users\Sun3k\.jdks\corretto-1.8.0_332\jre\bin\server\jvm.dll
0x00007ffeb61c0000 - 0x00007ffeb61c8000 	C:\Windows\System32\PSAPI.DLL
0x00007ffe9d810000 - 0x00007ffe9d819000 	C:\Windows\SYSTEM32\WSOCK32.dll
0x00007ffeab0b0000 - 0x00007ffeab0d7000 	C:\Windows\SYSTEM32\WINMM.dll
0x00007ffeb5060000 - 0x00007ffeb50cb000 	C:\Windows\System32\WS2_32.dll
0x00007ffead3a0000 - 0x00007ffead3aa000 	C:\Windows\SYSTEM32\VERSION.dll
0x00007ffeafd00000 - 0x00007ffeafd0f000 	C:\Users\Sun3k\.jdks\corretto-1.8.0_332\jre\bin\verify.dll
0x00007ffeafcb0000 - 0x00007ffeafcd9000 	C:\Users\Sun3k\.jdks\corretto-1.8.0_332\jre\bin\java.dll
0x00007ffe60e20000 - 0x00007ffe60e55000 	C:\Users\Sun3k\.jdks\corretto-1.8.0_332\jre\bin\jdwp.dll
0x00007ffeafc40000 - 0x00007ffeafc48000 	C:\Users\Sun3k\.jdks\corretto-1.8.0_332\jre\bin\npt.dll
0x00007ffe60df0000 - 0x00007ffe60e1a000 	C:\Users\Sun3k\.jdks\corretto-1.8.0_332\jre\bin\instrument.dll
0x00007ffeaea10000 - 0x00007ffeaea26000 	C:\Users\Sun3k\.jdks\corretto-1.8.0_332\jre\bin\zip.dll
0x00007ffeb57b0000 - 0x00007ffeb5ef4000 	C:\Windows\System32\SHELL32.dll
0x00007ffeb2170000 - 0x00007ffeb2904000 	C:\Windows\SYSTEM32\windows.storage.dll
0x00007ffeb4a70000 - 0x00007ffeb4dc4000 	C:\Windows\System32\combase.dll
0x00007ffeb3ad0000 - 0x00007ffeb3afc000 	C:\Windows\SYSTEM32\Wldp.dll
0x00007ffeb6200000 - 0x00007ffeb62ad000 	C:\Windows\System32\SHCORE.dll
0x00007ffeb5540000 - 0x00007ffeb5595000 	C:\Windows\System32\shlwapi.dll
0x00007ffeb3fb0000 - 0x00007ffeb3fcf000 	C:\Windows\SYSTEM32\profapi.dll
0x00007ffeaeab0000 - 0x00007ffeaeab9000 	C:\Users\Sun3k\.jdks\corretto-1.8.0_332\jre\bin\dt_socket.dll
0x00007ffeb3830000 - 0x00007ffeb389a000 	C:\Windows\system32\mswsock.dll
0x00007ffeafcf0000 - 0x00007ffeafcfd000 	C:\Users\Sun3k\.jdks\corretto-1.8.0_332\jre\bin\management.dll
0x00007ffeae6c0000 - 0x00007ffeae6da000 	C:\Users\Sun3k\.jdks\corretto-1.8.0_332\jre\bin\net.dll
0x00007ffeae6a0000 - 0x00007ffeae6b2000 	C:\Users\Sun3k\.jdks\corretto-1.8.0_332\jre\bin\nio.dll
0x00007ffeb3a20000 - 0x00007ffeb3a38000 	C:\Windows\SYSTEM32\CRYPTSP.dll
0x00007ffeb3140000 - 0x00007ffeb3174000 	C:\Windows\system32\rsaenh.dll
0x00007ffeb4980000 - 0x00007ffeb49a7000 	C:\Windows\System32\bcrypt.dll
0x00007ffeb3f30000 - 0x00007ffeb3f5e000 	C:\Windows\SYSTEM32\USERENV.dll
0x00007ffeb4750000 - 0x00007ffeb47d2000 	C:\Windows\System32\bcryptprimitives.dll
0x00007ffeb3a40000 - 0x00007ffeb3a4c000 	C:\Windows\SYSTEM32\CRYPTBASE.dll
0x00007ffeb34b0000 - 0x00007ffeb34eb000 	C:\Windows\SYSTEM32\IPHLPAPI.DLL
0x00007ffeb5f60000 - 0x00007ffeb5f68000 	C:\Windows\System32\NSI.dll
0x00007ffea8bc0000 - 0x00007ffea8bd7000 	C:\Windows\SYSTEM32\dhcpcsvc6.DLL
0x00007ffeab020000 - 0x00007ffeab03d000 	C:\Windows\SYSTEM32\dhcpcsvc.DLL
0x00007ffeb34f0000 - 0x00007ffeb35bb000 	C:\Windows\SYSTEM32\DNSAPI.dll
0x00007ffe9dac0000 - 0x00007ffe9daca000 	C:\Users\Sun3k\AppData\Local\Temp\jansi-64-8077366056180334443.dll
0x00007ffe77a30000 - 0x00007ffe77a47000 	C:\Windows\system32\napinsp.dll
0x00007ffe629d0000 - 0x00007ffe629eb000 	C:\Windows\system32\pnrpnsp.dll
0x00007ffeaee60000 - 0x00007ffeaee75000 	C:\Windows\system32\wshbth.dll
0x00007ffeafbb0000 - 0x00007ffeafbcd000 	C:\Windows\system32\NLAapi.dll
0x00007ffe629b0000 - 0x00007ffe629c2000 	C:\Windows\System32\winrnr.dll
0x00007ffea8160000 - 0x00007ffea816a000 	C:\Windows\System32\rasadhlp.dll
0x00007ffea7d30000 - 0x00007ffea7db0000 	C:\Windows\System32\fwpuclnt.dll
0x00007ffeae670000 - 0x00007ffeae693000 	C:\Users\Sun3k\.jdks\corretto-1.8.0_332\jre\bin\sunec.dll
0x00007ffeafc80000 - 0x00007ffeafc8c000 	C:\Users\Sun3k\.jdks\corretto-1.8.0_332\jre\bin\sunmscapi.dll
0x00007ffeb4070000 - 0x00007ffeb41c6000 	C:\Windows\System32\CRYPT32.dll
0x00007ffeb3b40000 - 0x00007ffeb3b67000 	C:\Windows\SYSTEM32\ncrypt.dll
0x00007ffeb3b00000 - 0x00007ffeb3b3b000 	C:\Windows\SYSTEM32\NTASN1.dll
0x0000000180000000 - 0x0000000180053000 	C:\Users\Sun3k\.gradle\caches\minecraft\net\minecraft\natives\1.8.9\lwjgl64.dll
0x00007ffe7d620000 - 0x00007ffe7d746000 	C:\Windows\SYSTEM32\OPENGL32.dll
0x00007ffe7d5f0000 - 0x00007ffe7d61c000 	C:\Windows\SYSTEM32\GLU32.dll
0x00007ffe54d10000 - 0x00007ffe54ea5000 	C:\Users\Sun3k\.jdks\corretto-1.8.0_332\jre\bin\awt.dll
0x00007ffeb60f0000 - 0x00007ffeb61bd000 	C:\Windows\System32\OLEAUT32.dll
0x00007ffeb18b0000 - 0x00007ffeb1940000 	C:\Windows\SYSTEM32\apphelp.dll
0x00007ffeaeb70000 - 0x00007ffeaec1e000 	C:\Windows\SYSTEM32\mscms.dll
0x00007ffeaeb50000 - 0x00007ffeaeb61000 	C:\Windows\SYSTEM32\ColorAdapterClient.dll
0x00007ffeb1f70000 - 0x00007ffeb1f82000 	C:\Windows\SYSTEM32\kernel.appcore.dll
0x00007ffeb55d0000 - 0x00007ffeb5679000 	C:\Windows\System32\clbcatq.dll
0x00007ffeac730000 - 0x00007ffeac773000 	C:\Windows\System32\Windows.Internal.Graphics.Display.DisplayColorManagement.dll
0x00007ffeb41d0000 - 0x00007ffeb421e000 	C:\Windows\System32\cfgmgr32.dll
0x00007ffeb1a70000 - 0x00007ffeb1b0e000 	C:\Windows\system32\uxtheme.dll
0x00007ffeb5690000 - 0x00007ffeb57a5000 	C:\Windows\System32\MSCTF.dll
0x00007ffea19f0000 - 0x00007ffea1ae9000 	C:\Windows\SYSTEM32\textinputframework.dll
0x00007ffeb0ec0000 - 0x00007ffeb121e000 	C:\Windows\System32\CoreUIComponents.dll
0x00007ffeb15a0000 - 0x00007ffeb1692000 	C:\Windows\System32\CoreMessaging.dll
0x00007ffeb2d70000 - 0x00007ffeb2da3000 	C:\Windows\SYSTEM32\ntmarta.dll
0x00007ffeafee0000 - 0x00007ffeb0034000 	C:\Windows\SYSTEM32\wintypes.dll
0x00007ffead280000 - 0x00007ffead377000 	C:\Windows\System32\AppXDeploymentClient.dll
0x00007ffe60dc0000 - 0x00007ffe60dec000 	C:\Windows\System32\DriverStore\FileRepository\u0375335.inf_amd64_7de275617d9da25a\B374868\atig6pxx.dll
0x00007ffe47b80000 - 0x00007ffe4a9c3000 	C:\Windows\System32\DriverStore\FileRepository\u0375335.inf_amd64_7de275617d9da25a\B374868\atio6axx.dll
0x00007ffeb6350000 - 0x00007ffeb67bf000 	C:\Windows\System32\SETUPAPI.dll
0x00007ffeb67e0000 - 0x00007ffeb690a000 	C:\Windows\System32\ole32.dll
0x00007ffe9f7f0000 - 0x00007ffe9f814000 	C:\Windows\SYSTEM32\dxva2.dll
0x00007ffeb1c80000 - 0x00007ffeb1caf000 	C:\Windows\SYSTEM32\dwmapi.dll
0x00007ffe54b60000 - 0x00007ffe54b9f000 	C:\Windows\System32\DriverStore\FileRepository\u0375335.inf_amd64_7de275617d9da25a\B374868\atig6txx.dll
0x00007ffe6eee0000 - 0x00007ffe6f0b4000 	C:\Windows\SYSTEM32\atiadlxx.dll
0x00007ffeafab0000 - 0x00007ffeafba6000 	C:\Windows\SYSTEM32\PROPSYS.dll
0x00007ffe92cf0000 - 0x00007ffe92d39000 	C:\Windows\SYSTEM32\pdh.dll
0x00007ffeb3e20000 - 0x00007ffeb3e4c000 	C:\Windows\SYSTEM32\DEVOBJ.dll
0x00007ffeb48e0000 - 0x00007ffeb4947000 	C:\Windows\System32\WINTRUST.dll
0x00007ffeb3c60000 - 0x00007ffeb3c72000 	C:\Windows\SYSTEM32\MSASN1.dll
0x00007ffeabd00000 - 0x00007ffeabd3b000 	C:\Windows\SYSTEM32\dxcore.dll
0x00007ffe671f0000 - 0x00007ffe67233000 	C:\Windows\SYSTEM32\icm32.dll
0x0000016887420000 - 0x0000016887458000 	C:\Users\Sun3k\AppData\Local\Temp\jna\jna3162792329449822455.dll
0x00007ffe53f80000 - 0x00007ffe53fcb000 	C:\ProgramData\obs-studio-hook\graphics-hook64.dll
0x0000000070a40000 - 0x0000000070adc000 	C:\Users\Sun3k\.gradle\caches\minecraft\net\minecraft\natives\1.8.9\avutil-ttv-51.dll
0x0000000065980000 - 0x00000000659d6000 	C:\Users\Sun3k\.gradle\caches\minecraft\net\minecraft\natives\1.8.9\swresample-ttv-0.dll
0x000000006eb80000 - 0x000000006ec50000 	C:\Users\Sun3k\.gradle\caches\minecraft\net\minecraft\natives\1.8.9\libmp3lame-ttv.dll
0x00007ffe3a530000 - 0x00007ffe3b8d4000 	C:\Users\Sun3k\.gradle\caches\minecraft\net\minecraft\natives\1.8.9\libmfxsw64.dll
0x00007ffe53b60000 - 0x00007ffe53ccd000 	C:\Users\Sun3k\.gradle\caches\minecraft\net\minecraft\natives\1.8.9\twitchsdk.dll
0x00007ffe99ea0000 - 0x00007ffe9a376000 	C:\Windows\SYSTEM32\WININET.dll
0x0000016887310000 - 0x0000016887374000 	C:\Users\Sun3k\.gradle\caches\minecraft\net\minecraft\natives\1.8.9\OpenAL64.dll
0x00007ffeaad30000 - 0x00007ffeaadb5000 	C:\Windows\System32\MMDevApi.dll
0x00007ffe53ee0000 - 0x00007ffe53f7c000 	C:\Windows\SYSTEM32\dsound.dll
0x00007ffeb3730000 - 0x00007ffeb377b000 	C:\Windows\SYSTEM32\powrprof.dll
0x00007ffe9a760000 - 0x00007ffe9a786000 	C:\Windows\SYSTEM32\winmmbase.dll
0x00007ffeb3630000 - 0x00007ffeb3642000 	C:\Windows\SYSTEM32\UMPDC.dll
0x00007ffeaadc0000 - 0x00007ffeaaf42000 	C:\Windows\SYSTEM32\AUDIOSES.DLL
0x00007ffeb1b80000 - 0x00007ffeb1b94000 	C:\Windows\SYSTEM32\resourcepolicyclient.dll
0x00007ffeb0040000 - 0x00007ffeb02a3000 	C:\Windows\system32\d3d11.dll
0x00007ffeb2970000 - 0x00007ffeb2a63000 	C:\Windows\SYSTEM32\dxgi.dll
0x00007ffeab0e0000 - 0x00007ffeab298000 	C:\Windows\System32\DriverStore\FileRepository\u0375335.inf_amd64_7de275617d9da25a\B374868\aticfx64.dll
0x00007ffeaaf50000 - 0x00007ffeaaf89000 	C:\Windows\System32\DriverStore\FileRepository\u0375335.inf_amd64_7de275617d9da25a\B374868\atiuxp64.dll
0x00007ffea8df0000 - 0x00007ffeaad27000 	C:\Windows\System32\DriverStore\FileRepository\u0375335.inf_amd64_7de275617d9da25a\B374868\atidxx64.dll
0x00007ffea8ab0000 - 0x00007ffea8ae0000 	C:\Windows\SYSTEM32\amdihk64.dll
0x00007ffea8200000 - 0x00007ffea822b000 	C:\Windows\SYSTEM32\D3DSCache.dll
0x00007ffeada20000 - 0x00007ffeadc20000 	C:\Windows\SYSTEM32\twinapi.appcore.dll
0x00007ffe9faf0000 - 0x00007ffe9fcd4000 	C:\Windows\SYSTEM32\dbghelp.dll

VM Arguments:
jvm_args: -agentlib:jdwp=transport=dt_socket,address=127.0.0.1:51708,suspend=y,server=n -javaagent:C:\Users\Sun3k\AppData\Local\JetBrains\IdeaIC2022.1\captureAgent\debugger-agent.jar -Dfile.encoding=UTF-8 
java_command: GradleStart --mixin mixins.sunrise.json --tweakClass org.spongepowered.asm.launch.MixinTweaker -Ddevauth.account --javaagent:C:\Users\Sun3k\.gradle\caches\modules-2\files-2.1\org.spongepowered\mixin\0.7.11-SNAPSHOT\7a670207bdb97db418118ad1e9bb42424ff3776d\mixin-0.7.11-SNAPSHOT.jar
java_class_path (initial): C:\Users\Sun3k\.jdks\corretto-1.8.0_332\jre\lib\charsets.jar;C:\Users\Sun3k\.jdks\corretto-1.8.0_332\jre\lib\ext\access-bridge-64.jar;C:\Users\Sun3k\.jdks\corretto-1.8.0_332\jre\lib\ext\cldrdata.jar;C:\Users\Sun3k\.jdks\corretto-1.8.0_332\jre\lib\ext\dnsns.jar;C:\Users\Sun3k\.jdks\corretto-1.8.0_332\jre\lib\ext\jaccess.jar;C:\Users\Sun3k\.jdks\corretto-1.8.0_332\jre\lib\ext\jfxrt.jar;C:\Users\Sun3k\.jdks\corretto-1.8.0_332\jre\lib\ext\localedata.jar;C:\Users\Sun3k\.jdks\corretto-1.8.0_332\jre\lib\ext\nashorn.jar;C:\Users\Sun3k\.jdks\corretto-1.8.0_332\jre\lib\ext\sunec.jar;C:\Users\Sun3k\.jdks\corretto-1.8.0_332\jre\lib\ext\sunjce_provider.jar;C:\Users\Sun3k\.jdks\corretto-1.8.0_332\jre\lib\ext\sunmscapi.jar;C:\Users\Sun3k\.jdks\corretto-1.8.0_332\jre\lib\ext\sunpkcs11.jar;C:\Users\Sun3k\.jdks\corretto-1.8.0_332\jre\lib\ext\zipfs.jar;C:\Users\Sun3k\.jdks\corretto-1.8.0_332\jre\lib\jce.jar;C:\Users\Sun3k\.jdks\corretto-1.8.0_332\jre\lib\jfr.jar;C:\Users\Sun3k\.jdks\corretto-1.8.0_332\jre\lib\jfxswt.jar;C:\Users\Sun3k\.jdks\corretto-1.8.0_332\jre\lib\jsse.jar;C:\Users\Sun3k\.jdks\corretto-1.8.0_332\jre\lib\management-agent.jar;C:\Users\Sun3k\.jdks\corretto-1.8.0_332\jre\lib\resources.jar;C:\Users\Sun3k\.jdks\corretto-1.8.0_332\jre\lib\rt.jar;C:\Users\Sun3k\IdeaProjects\Sunrise8\build\classes\java\main;C:\Users\Sun3k\.gradle\caches\minecraft\deobfedDeps\compileDummy.jar;C:\Users\Sun3k\.gradle\caches\minecraft\deobfedDeps\providedDummy.jar;C:\Users\Sun3k\.gradle\caches\modules-2\files-2.1\org.spongepowered\mixin\0.7.11-SNAPSHOT\7a670207bdb97db418118ad1e9bb42424ff3776d\mixin-0.7.11-SNAPSHOT.jar;C:\Users\Sun3k\.gradle\caches\modules-2\files-2.1\com.google.guava\guava\17.0\9c6ef172e8de35fd8d4d8783e4821e57cdef7445\guava-17.0.jar;C:\Users\Sun3k\.gradle\caches\modules-2\files-2.1\commons-io\commons-io\2.4\b1b6ea3b7e4aa4f492509a4952029cd8e48019ad\commons-io-2.4.jar;C:\Users\Sun3k\.gradle\caches\modules-2\files-2.1\com.google.code.gson\gson\2.2.4\a6
Launcher Type: SUN_STANDARD

Environment Variables:
JAVA_HOME=C:\Program Files\OpenJDK\jdk-18
PATH=C:\Windows\system32;C:\Windows;C:\Windows\System32\Wbem;C:\Windows\System32\WindowsPowerShell\v1.0\;C:\Windows\System32\OpenSSH\;C:\ProgramData\chocolatey\bin;C:\Program Files\Microsoft VS Code\bin;C:\Program Files (x86)\Yarn\bin\;C:\Program Files\nodejs\;C:\Program Files\Git\cmd;C:\Program Files\OpenJDK\jdk-18\bin;C:\Program Files\dotnet\;C:\Users\Sun3k\AppData\Local\Programs\Python\Python310\Scripts\;C:\Users\Sun3k\AppData\Local\Programs\Python\Python310\;C:\Users\Sun3k\AppData\Local\Microsoft\WindowsApps;C:\Users\Sun3k\AppData\Local\Yarn\bin;C:\Users\Sun3k\AppData\Roaming\npm;C:\Program Files\Oracle\VirtualBox;C:\Program Files\heroku\bin;C:\Program Files\JetBrains\IntelliJ IDEA Community Edition 2022.1.1\bin;;C:\Users\Sun3k\.dotnet\tools
USERNAME=Sun3k
OS=Windows_NT
PROCESSOR_IDENTIFIER=AMD64 Family 23 Model 24 Stepping 1, AuthenticAMD



---------------  S Y S T E M  ---------------

OS: Windows 10.0 , 64 bit Build 19041 (10.0.19041.1741)

CPU:total 8 (initial active 8) (8 cores per cpu, 1 threads per core) family 23 model 24 stepping 1, cmov, cx8, fxsr, mmx, sse, sse2, sse3, ssse3, sse4.1, sse4.2, popcnt, avx, avx2, aes, clmul, mmxext, 3dnowpref, lzcnt, sse4a, tsc, tscinvbit, tscinv, bmi1

Memory: 4k page, physical 6206224k(462964k free), swap 21946844k(5039764k free)

vm_info: OpenJDK 64-Bit Server VM (25.332-b08) for windows-amd64 JRE (1.8.0_332-b08), built on Apr 16 2022 08:31:02 by "Administrator" with MS VC++ 12.0 (VS2013)

time: Thu Jun 23 00:25:56 2022
timezone: South Sudan Standard Time
elapsed time: 223.074902 seconds (0d 0h 3m 43s)

