#
# A fatal error has been detected by the Java Runtime Environment:
#
#  EXCEPTION_ACCESS_VIOLATION (0xc0000005) at pc=0x0000000000000000, pid=11528, tid=0x00000000000036b8
#
# JRE version: OpenJDK Runtime Environment (8.0_332-b08) (build 1.8.0_332-b08)
# Java VM: OpenJDK 64-Bit Server VM (25.332-b08 mixed mode windows-amd64 compressed oops)
# Problematic frame:
# C  0x0000000000000000
#
# Failed to write core dump. Minidumps are not enabled by default on client versions of Windows
#
# If you would like to submit a bug report, please visit:
#   https://github.com/corretto/corretto-8/issues/
#

---------------  T H R E A D  ---------------

Current thread (0x000001d6d4e3e000):  VMThread [stack: 0x0000008737200000,0x0000008737300000] [id=14008]

siginfo: ExceptionCode=0xc0000005, ExceptionInformation=0x0000000000000008 0x0000000000000000

Registers:
RAX=0x0000000000000000, RBX=0x0000000000000000, RCX=0x0000000000000001, RDX=0x00007ffe8188f0b8
RSP=0x00000087372ff2f8, RBP=0x000001d6bff398b0, RSI=0x0000000000010000, RDI=0x0000000000000000
R8 =0x00000087365da000, R9 =0x0000000000000040, R10=0x0000000000000040, R11=0x000001d6dc635000
R12=0x00007ffe7d6fe810, R13=0x0000000000000082, R14=0x00007ffe7d620000, R15=0x0000000000000001
RIP=0x0000000000000000, EFLAGS=0x0000000000010206

Top of Stack: (sp=0x00000087372ff2f8)
0x00000087372ff2f8:   00007ffe81852f2c 0000000000000000
0x00000087372ff308:   000001d6bff398b0 0000000000000082
0x00000087372ff318:   0000000000010000 0000000000000000
0x00000087372ff328:   00007ffe8185406e 0000000000000000
0x00000087372ff338:   000001d6bff398b0 0000000000010000
0x00000087372ff348:   000001d6da8e1708 0000000000000001
0x00000087372ff358:   00007ffe7d626e2e 0000000000000000
0x00000087372ff368:   0000000000000001 000000018004bb20
0x00000087372ff378:   0000000000000000 0000000000000001
0x00000087372ff388:   00007ffe7d627276 0000000000000000
0x00000087372ff398:   000001d6bff398b0 0000000000000001
0x00000087372ff3a8:   0000000000000001 0000000000000000
0x00000087372ff3b8:   00007ffe7d6fe94f 0000000000000001
0x00000087372ff3c8:   0000000000000000 0000000000000000
0x00000087372ff3d8:   000001d6dee40b30 0000000100000001
0x00000087372ff3e8:   000000018000ecac 000000018001c558 

Instructions: (pc=0x0000000000000000)
0xffffffffffffffe0:   


Register to memory mapping:

RAX=0x0000000000000000 is an unknown value
RBX=0x0000000000000000 is an unknown value
RCX=0x0000000000000001 is an unknown value
RDX=0x00007ffe8188f0b8 is an unknown value
RSP=0x00000087372ff2f8 is an unknown value
RBP=0x000001d6bff398b0 is an unknown value
RSI=0x0000000000010000 is an unknown value
RDI=0x0000000000000000 is an unknown value
R8 =0x00000087365da000 is an unknown value
R9 =0x0000000000000040 is an unknown value
R10=0x0000000000000040 is an unknown value
R11=0x000001d6dc635000 is an unknown value
R12=0x00007ffe7d6fe810 is an unknown value
R13=0x0000000000000082 is an unknown value
R14=0x00007ffe7d620000 is an unknown value
R15=0x0000000000000001 is an unknown value


Stack: [0x0000008737200000,0x0000008737300000],  sp=0x00000087372ff2f8,  free space=1020k
Native frames: (J=compiled Java code, j=interpreted, Vv=VM code, C=native code)

VM_Operation (0x00000087377ff0b0): Exit, mode: safepoint, requested by thread 0x000001d6dba19800


---------------  P R O C E S S  ---------------

Java Threads: ( => current thread )
  0x000001d6dba19800 JavaThread "SIGINT handler" daemon [_thread_blocked, id=14552, stack(0x0000008737700000,0x0000008737800000)]
  0x000001d6dc7ed000 JavaThread "File IO Thread" [_thread_blocked, id=2056, stack(0x0000008736600000,0x0000008736700000)]
  0x000001d6dc74b000 JavaThread "Chunk I/O Executor Thread-1" daemon [_thread_blocked, id=14740, stack(0x0000008739b00000,0x0000008739c00000)]
  0x000001d6dc74c800 JavaThread "Netty Server IO #1" daemon [_thread_in_native, id=6004, stack(0x0000008739800000,0x0000008739900000)]
  0x000001d6dc749000 JavaThread "Netty Local Client IO #0" daemon [_thread_blocked, id=1920, stack(0x0000008739700000,0x0000008739800000)]
  0x000001d6dc747800 JavaThread "Netty Server IO #0" daemon [_thread_in_native, id=14572, stack(0x0000008739600000,0x0000008739700000)]
  0x000001d6dc74e800 JavaThread "Server thread" [_thread_blocked, id=15864, stack(0x0000008738700000,0x0000008738800000)]
  0x000001d6dba1c000 JavaThread "Thread-12" [_thread_blocked, id=15704, stack(0x0000008739200000,0x0000008739300000)]
  0x000001d6dba1a800 JavaThread "Thread-11" [_thread_blocked, id=15572, stack(0x0000008739000000,0x0000008739100000)]
  0x000001d6dba1f000 JavaThread "Chunk Batcher 1" daemon [_thread_blocked, id=15356, stack(0x0000008739400000,0x0000008739500000)]
  0x000001d6dba18800 JavaThread "Chunk Batcher 0" daemon [_thread_blocked, id=12432, stack(0x0000008738e00000,0x0000008738f00000)]
  0x000001d6dde51000 JavaThread "LWJGL Timer" daemon [_thread_blocked, id=3804, stack(0x0000008738800000,0x0000008738900000)]
  0x000001d6dcfd7800 JavaThread "Java2D Disposer" daemon [_thread_blocked, id=16036, stack(0x0000008738300000,0x0000008738400000)]
  0x000001d6dd2de800 JavaThread "Timer hack thread" daemon [_thread_blocked, id=6620, stack(0x0000008738200000,0x0000008738300000)]
  0x000001d6dc815000 JavaThread "Snooper Timer" daemon [_thread_blocked, id=9836, stack(0x0000008738000000,0x0000008738100000)]
  0x000001d6d6d92800 JavaThread "Service Thread" daemon [_thread_blocked, id=14524, stack(0x0000008737e00000,0x0000008737f00000)]
  0x000001d6d4ef9800 JavaThread "C1 CompilerThread3" daemon [_thread_blocked, id=2424, stack(0x0000008737d00000,0x0000008737e00000)]
  0x000001d6d4ef5800 JavaThread "C2 CompilerThread2" daemon [_thread_blocked, id=8272, stack(0x0000008737c00000,0x0000008737d00000)]
  0x000001d6d4eeb000 JavaThread "C2 CompilerThread1" daemon [_thread_blocked, id=16316, stack(0x0000008737b00000,0x0000008737c00000)]
  0x000001d6d6d13800 JavaThread "C2 CompilerThread0" daemon [_thread_blocked, id=13428, stack(0x0000008737a00000,0x0000008737b00000)]
  0x000001d6d4ecc800 JavaThread "JDWP Event Helper Thread" daemon [_thread_blocked, id=15540, stack(0x0000008737800000,0x0000008737900000)]
  0x000001d6d4ea5800 JavaThread "Attach Listener" daemon [_thread_blocked, id=14984, stack(0x0000008737600000,0x0000008737700000)]
  0x000001d6d4ea5000 JavaThread "Signal Dispatcher" daemon [_thread_blocked, id=5616, stack(0x0000008737500000,0x0000008737600000)]
  0x000001d6d4e77000 JavaThread "Finalizer" daemon [_thread_blocked, id=3796, stack(0x0000008737400000,0x0000008737500000)]
  0x000001d6d4e6f000 JavaThread "Reference Handler" daemon [_thread_blocked, id=16124, stack(0x0000008737300000,0x0000008737400000)]
  0x000001d6bff17000 JavaThread "Client thread" [_thread_blocked, id=15696, stack(0x0000008736900000,0x0000008736a00000)]

Other Threads:
=>0x000001d6d4e3e000 VMThread [stack: 0x0000008737200000,0x0000008737300000] [id=14008]

VM state:at safepoint (shutting down)

VM Mutex/Monitor currently owned by a thread:  ([mutex/lock_event])
[0x000001d6bff15490] Threads_lock - owner thread: 0x000001d6d4e3e000

heap address: 0x00000000a1400000, size: 1516 MB, Compressed Oops mode: 32-bit
Narrow klass base: 0x0000000000000000, Narrow klass shift: 3
Compressed class space size: 1073741824 Address: 0x0000000100000000

Heap:
 PSYoungGen      total 214016K, used 134289K [0x00000000e0700000, 0x00000000ee200000, 0x0000000100000000)
  eden space 204288K, 62% used [0x00000000e0700000,0x00000000e839a640,0x00000000ece80000)
  from space 9728K, 68% used [0x00000000ece80000,0x00000000ed50a170,0x00000000ed800000)
  to   space 9728K, 0% used [0x00000000ed880000,0x00000000ed880000,0x00000000ee200000)
 ParOldGen       total 1035264K, used 875862K [0x00000000a1400000, 0x00000000e0700000, 0x00000000e0700000)
  object space 1035264K, 84% used [0x00000000a1400000,0x00000000d6b55a80,0x00000000e0700000)
 Metaspace       used 54368K, capacity 54807K, committed 55552K, reserved 1097728K
  class space    used 6419K, capacity 6547K, committed 6656K, reserved 1048576K

Card table byte_map: [0x000001d6d0c80000,0x000001d6d0f80000] byte_map_base: 0x000001d6d0776000

Marking Bits: (ParMarkBitMap*) 0x0000000064027850
 Begin Bits: [0x000001d6d1180000, 0x000001d6d2930000)
 End Bits:   [0x000001d6d2930000, 0x000001d6d40e0000)

Polling page: 0x000001d6c1890000

CodeCache: size=245760Kb used=39649Kb max_used=43128Kb free=206110Kb
 bounds [0x000001d6c18c0000, 0x000001d6c4380000, 0x000001d6d08c0000]
 total_blobs=10322 nmethods=9385 adapters=853
 compilation: enabled

Compilation events (10 events):
Event: 685.374 Thread 0x000001d6d6d13800 nmethod 14107 0x000001d6c356b150 code [0x000001d6c356b2c0, 0x000001d6c356b758]
Event: 685.374 Thread 0x000001d6d6d13800 14109       4       net.minecraft.world.World::getSpawnPoint (48 bytes)
Event: 685.385 Thread 0x000001d6d6d13800 nmethod 14109 0x000001d6c2dfc810 code [0x000001d6c2dfca00, 0x000001d6c2dfd558]
Event: 685.386 Thread 0x000001d6d4ef9800 14110       3       java.lang.Class::copyMethods (36 bytes)
Event: 685.387 Thread 0x000001d6d4ef9800 nmethod 14110 0x000001d6c33028d0 code [0x000001d6c3302ac0, 0x000001d6c33034e0]
Event: 685.389 Thread 0x000001d6d4ef9800 14111       3       org.apache.logging.log4j.core.pattern.FormattingInfo::getDefault (4 bytes)
Event: 685.389 Thread 0x000001d6d4ef9800 nmethod 14111 0x000001d6c3e83390 code [0x000001d6c3e834e0, 0x000001d6c3e83618]
Event: 685.397 Thread 0x000001d6d4ef5800 nmethod 14102 0x000001d6c3b868d0 code [0x000001d6c3b86c00, 0x000001d6c3b885f0]
Event: 685.402 Thread 0x000001d6d4ef9800 14112       3       java.util.concurrent.CopyOnWriteArrayList::size (6 bytes)
Event: 685.403 Thread 0x000001d6d4ef9800 nmethod 14112 0x000001d6c2aefcd0 code [0x000001d6c2aefe20, 0x000001d6c2af0018]

GC Heap History (10 events):
Event: 660.718 GC heap before
{Heap before GC invocations=158 (full 11):
 PSYoungGen      total 212992K, used 210990K [0x00000000e0700000, 0x00000000ee080000, 0x0000000100000000)
  eden space 203264K, 100% used [0x00000000e0700000,0x00000000ecd80000,0x00000000ecd80000)
  from space 9728K, 79% used [0x00000000ed700000,0x00000000ede8bad8,0x00000000ee080000)
  to   space 9728K, 0% used [0x00000000ecd80000,0x00000000ecd80000,0x00000000ed700000)
 ParOldGen       total 1035264K, used 873527K [0x00000000a1400000, 0x00000000e0700000, 0x00000000e0700000)
  object space 1035264K, 84% used [0x00000000a1400000,0x00000000d690dfd0,0x00000000e0700000)
 Metaspace       used 54293K, capacity 54679K, committed 55296K, reserved 1097728K
  class space    used 6408K, capacity 6547K, committed 6656K, reserved 1048576K
Event: 660.724 GC heap after
Heap after GC invocations=158 (full 11):
 PSYoungGen      total 212992K, used 7298K [0x00000000e0700000, 0x00000000ee100000, 0x0000000100000000)
  eden space 203264K, 0% used [0x00000000e0700000,0x00000000e0700000,0x00000000ecd80000)
  from space 9728K, 75% used [0x00000000ecd80000,0x00000000ed4a0908,0x00000000ed700000)
  to   space 9728K, 0% used [0x00000000ed780000,0x00000000ed780000,0x00000000ee100000)
 ParOldGen       total 1035264K, used 874252K [0x00000000a1400000, 0x00000000e0700000, 0x00000000e0700000)
  object space 1035264K, 84% used [0x00000000a1400000,0x00000000d69c33e0,0x00000000e0700000)
 Metaspace       used 54293K, capacity 54679K, committed 55296K, reserved 1097728K
  class space    used 6408K, capacity 6547K, committed 6656K, reserved 1048576K
}
Event: 667.065 GC heap before
{Heap before GC invocations=159 (full 11):
 PSYoungGen      total 212992K, used 210549K [0x00000000e0700000, 0x00000000ee100000, 0x0000000100000000)
  eden space 203264K, 99% used [0x00000000e0700000,0x00000000ecd7ce48,0x00000000ecd80000)
  from space 9728K, 75% used [0x00000000ecd80000,0x00000000ed4a0908,0x00000000ed700000)
  to   space 9728K, 0% used [0x00000000ed780000,0x00000000ed780000,0x00000000ee100000)
 ParOldGen       total 1035264K, used 874252K [0x00000000a1400000, 0x00000000e0700000, 0x00000000e0700000)
  object space 1035264K, 84% used [0x00000000a1400000,0x00000000d69c33e0,0x00000000e0700000)
 Metaspace       used 54293K, capacity 54679K, committed 55296K, reserved 1097728K
  class space    used 6408K, capacity 6547K, committed 6656K, reserved 1048576K
Event: 667.071 GC heap after
Heap after GC invocations=159 (full 11):
 PSYoungGen      total 213504K, used 6376K [0x00000000e0700000, 0x00000000ee100000, 0x0000000100000000)
  eden space 203776K, 0% used [0x00000000e0700000,0x00000000e0700000,0x00000000ece00000)
  from space 9728K, 65% used [0x00000000ed780000,0x00000000eddba348,0x00000000ee100000)
  to   space 9728K, 0% used [0x00000000ece00000,0x00000000ece00000,0x00000000ed780000)
 ParOldGen       total 1035264K, used 874348K [0x00000000a1400000, 0x00000000e0700000, 0x00000000e0700000)
  object space 1035264K, 84% used [0x00000000a1400000,0x00000000d69db3e0,0x00000000e0700000)
 Metaspace       used 54293K, capacity 54679K, committed 55296K, reserved 1097728K
  class space    used 6408K, capacity 6547K, committed 6656K, reserved 1048576K
}
Event: 670.964 GC heap before
{Heap before GC invocations=160 (full 11):
 PSYoungGen      total 213504K, used 210152K [0x00000000e0700000, 0x00000000ee100000, 0x0000000100000000)
  eden space 203776K, 100% used [0x00000000e0700000,0x00000000ece00000,0x00000000ece00000)
  from space 9728K, 65% used [0x00000000ed780000,0x00000000eddba348,0x00000000ee100000)
  to   space 9728K, 0% used [0x00000000ece00000,0x00000000ece00000,0x00000000ed780000)
 ParOldGen       total 1035264K, used 874348K [0x00000000a1400000, 0x00000000e0700000, 0x00000000e0700000)
  object space 1035264K, 84% used [0x00000000a1400000,0x00000000d69db3e0,0x00000000e0700000)
 Metaspace       used 54293K, capacity 54679K, committed 55296K, reserved 1097728K
  class space    used 6408K, capacity 6547K, committed 6656K, reserved 1048576K
Event: 670.972 GC heap after
Heap after GC invocations=160 (full 11):
 PSYoungGen      total 213504K, used 8384K [0x00000000e0700000, 0x00000000ee180000, 0x0000000100000000)
  eden space 203776K, 0% used [0x00000000e0700000,0x00000000e0700000,0x00000000ece00000)
  from space 9728K, 86% used [0x00000000ece00000,0x00000000ed630398,0x00000000ed780000)
  to   space 9728K, 0% used [0x00000000ed800000,0x00000000ed800000,0x00000000ee180000)
 ParOldGen       total 1035264K, used 874428K [0x00000000a1400000, 0x00000000e0700000, 0x00000000e0700000)
  object space 1035264K, 84% used [0x00000000a1400000,0x00000000d69ef3e0,0x00000000e0700000)
 Metaspace       used 54293K, capacity 54679K, committed 55296K, reserved 1097728K
  class space    used 6408K, capacity 6547K, committed 6656K, reserved 1048576K
}
Event: 676.689 GC heap before
{Heap before GC invocations=161 (full 11):
 PSYoungGen      total 213504K, used 212160K [0x00000000e0700000, 0x00000000ee180000, 0x0000000100000000)
  eden space 203776K, 100% used [0x00000000e0700000,0x00000000ece00000,0x00000000ece00000)
  from space 9728K, 86% used [0x00000000ece00000,0x00000000ed630398,0x00000000ed780000)
  to   space 9728K, 0% used [0x00000000ed800000,0x00000000ed800000,0x00000000ee180000)
 ParOldGen       total 1035264K, used 874428K [0x00000000a1400000, 0x00000000e0700000, 0x00000000e0700000)
  object space 1035264K, 84% used [0x00000000a1400000,0x00000000d69ef3e0,0x00000000e0700000)
 Metaspace       used 54293K, capacity 54679K, committed 55296K, reserved 1097728K
  class space    used 6408K, capacity 6547K, committed 6656K, reserved 1048576K
Event: 676.697 GC heap after
Heap after GC invocations=161 (full 11):
 PSYoungGen      total 214016K, used 7453K [0x00000000e0700000, 0x00000000ee180000, 0x0000000100000000)
  eden space 204288K, 0% used [0x00000000e0700000,0x00000000e0700000,0x00000000ece80000)
  from space 9728K, 76% used [0x00000000ed800000,0x00000000edf47528,0x00000000ee180000)
  to   space 9728K, 0% used [0x00000000ece80000,0x00000000ece80000,0x00000000ed800000)
 ParOldGen       total 1035264K, used 874516K [0x00000000a1400000, 0x00000000e0700000, 0x00000000e0700000)
  object space 1035264K, 84% used [0x00000000a1400000,0x00000000d6a053e0,0x00000000e0700000)
 Metaspace       used 54293K, capacity 54679K, committed 55296K, reserved 1097728K
  class space    used 6408K, capacity 6547K, committed 6656K, reserved 1048576K
}
Event: 682.150 GC heap before
{Heap before GC invocations=162 (full 11):
 PSYoungGen      total 214016K, used 211741K [0x00000000e0700000, 0x00000000ee180000, 0x0000000100000000)
  eden space 204288K, 100% used [0x00000000e0700000,0x00000000ece80000,0x00000000ece80000)
  from space 9728K, 76% used [0x00000000ed800000,0x00000000edf47528,0x00000000ee180000)
  to   space 9728K, 0% used [0x00000000ece80000,0x00000000ece80000,0x00000000ed800000)
 ParOldGen       total 1035264K, used 874516K [0x00000000a1400000, 0x00000000e0700000, 0x00000000e0700000)
  object space 1035264K, 84% used [0x00000000a1400000,0x00000000d6a053e0,0x00000000e0700000)
 Metaspace       used 54293K, capacity 54679K, committed 55296K, reserved 1097728K
  class space    used 6408K, capacity 6547K, committed 6656K, reserved 1048576K
Event: 682.160 GC heap after
Heap after GC invocations=162 (full 11):
 PSYoungGen      total 214016K, used 6696K [0x00000000e0700000, 0x00000000ee200000, 0x0000000100000000)
  eden space 204288K, 0% used [0x00000000e0700000,0x00000000e0700000,0x00000000ece80000)
  from space 9728K, 68% used [0x00000000ece80000,0x00000000ed50a170,0x00000000ed800000)
  to   space 9728K, 0% used [0x00000000ed880000,0x00000000ed880000,0x00000000ee200000)
 ParOldGen       total 1035264K, used 875862K [0x00000000a1400000, 0x00000000e0700000, 0x00000000e0700000)
  object space 1035264K, 84% used [0x00000000a1400000,0x00000000d6b55a80,0x00000000e0700000)
 Metaspace       used 54293K, capacity 54679K, committed 55296K, reserved 1097728K
  class space    used 6408K, capacity 6547K, committed 6656K, reserved 1048576K
}

Deoptimization events (10 events):
Event: 685.336 Thread 0x000001d6dc74b800 Uncommon trap: reason=unstable_if action=reinterpret pc=0x000001d6c42a85b0 method=net.minecraft.world.chunk.Chunk.needsSaving(Z)Z @ 23
Event: 685.348 Thread 0x000001d6dc74b800 Uncommon trap: reason=unstable_if action=reinterpret pc=0x000001d6c35d35b8 method=java.util.concurrent.ConcurrentHashMap$TreeBin.putTreeVal(ILjava/lang/Object;Ljava/lang/Object;)Ljava/util/concurrent/ConcurrentHashMap$TreeNode; @ 94
Event: 685.348 Thread 0x000001d6dc74b800 Uncommon trap: reason=unstable_if action=reinterpret pc=0x000001d6c2158a10 method=java.util.Collections$SetFromMap.add(Ljava/lang/Object;)Z @ 13
Event: 685.361 Thread 0x000001d6dc74e800 Uncommon trap: reason=unstable_if action=reinterpret pc=0x000001d6c319d028 method=com.google.common.cache.LocalCache.usesKeyReferences()Z @ 7
Event: 685.362 Thread 0x000001d6dc74e800 Uncommon trap: reason=class_check action=maybe_recompile pc=0x000001d6c2d7b638 method=com.google.common.cache.LocalCache$Segment.drainRecencyQueue()V @ 4
Event: 685.364 Thread 0x000001d6dc74e800 Uncommon trap: reason=class_check action=maybe_recompile pc=0x000001d6c2d7b638 method=com.google.common.cache.LocalCache$Segment.drainRecencyQueue()V @ 4
Event: 685.364 Thread 0x000001d6dc74e800 Uncommon trap: reason=class_check action=maybe_recompile pc=0x000001d6c4247810 method=com.google.common.cache.LocalCache$Segment.setValue(Lcom/google/common/cache/LocalCache$ReferenceEntry;Ljava/lang/Object;Ljava/lang/Object;J)V @ 1
Event: 685.364 Thread 0x000001d6dc74e800 Uncommon trap: reason=class_check action=maybe_recompile pc=0x000001d6c4205ec4 method=com.google.common.cache.LocalCache$Segment.drainRecencyQueue()V @ 4
Event: 685.364 Thread 0x000001d6dc74e800 Uncommon trap: reason=unstable_if action=reinterpret pc=0x000001d6c426f1f4 method=com.google.common.cache.LocalCache.evictsBySize()Z @ 6
Event: 685.398 Thread 0x000001d6dc74e800 Uncommon trap: reason=unstable_if action=reinterpret pc=0x000001d6c26a23d8 method=java.lang.ClassLoader.getResource(Ljava/lang/String;)Ljava/net/URL; @ 4

Classes redefined (0 events):
No events

Internal exceptions (10 events):
Event: 685.363 Thread 0x000001d6dba1a800 Exception <a 'java/lang/InterruptedException': sleep interrupted> (0x00000000e793f5d8) thrown at [C:\wsjdk\Corretto8Src\installers\windows\zip\corretto-build\buildRoot\src\hotspot\src\share\vm\prims\jvm.cpp, line 3384]
Event: 685.390 Thread 0x000001d6dc74e800 Exception <a 'java/lang/reflect/InvocationTargetException'> (0x00000000e7d71c08) thrown at [C:\wsjdk\Corretto8Src\installers\windows\zip\corretto-build\buildRoot\src\hotspot\src\share\vm\runtime\reflection.cpp, line 1092]
Event: 685.398 Thread 0x000001d6dc74e800 NullPointerException at vtable entry 0x000001d6c1c035b0
Event: 685.398 Thread 0x000001d6dc74e800 Exception <a 'java/lang/NullPointerException'> (0x00000000e7d82728) thrown at [C:\wsjdk\Corretto8Src\installers\windows\zip\corretto-build\buildRoot\src\hotspot\src\share\vm\runtime\sharedRuntime.cpp, line 610]
Event: 685.402 Thread 0x000001d6dc74e800 NullPointerException at vtable entry 0x000001d6c1c035b0
Event: 685.402 Thread 0x000001d6dc74e800 Exception <a 'java/lang/NullPointerException'> (0x00000000e8328cd0) thrown at [C:\wsjdk\Corretto8Src\installers\windows\zip\corretto-build\buildRoot\src\hotspot\src\share\vm\runtime\sharedRuntime.cpp, line 610]
Event: 685.406 Thread 0x000001d6dc74e800 NullPointerException at vtable entry 0x000001d6c1c035b0
Event: 685.406 Thread 0x000001d6dc74e800 Exception <a 'java/lang/NullPointerException'> (0x00000000e8358620) thrown at [C:\wsjdk\Corretto8Src\installers\windows\zip\corretto-build\buildRoot\src\hotspot\src\share\vm\runtime\sharedRuntime.cpp, line 610]
Event: 685.409 Thread 0x000001d6dc74e800 NullPointerException at vtable entry 0x000001d6c1c035b0
Event: 685.409 Thread 0x000001d6dc74e800 Exception <a 'java/lang/NullPointerException'> (0x00000000e8382668) thrown at [C:\wsjdk\Corretto8Src\installers\windows\zip\corretto-build\buildRoot\src\hotspot\src\share\vm\runtime\sharedRuntime.cpp, line 610]

Events (10 events):
Event: 685.405 Executing VM operation: RevokeBias done
Event: 685.406 Thread 0x000001d6dc74b800 Thread exited: 0x000001d6dc74b800
Event: 685.406 Executing VM operation: RevokeBias
Event: 685.406 Executing VM operation: RevokeBias done
Event: 685.406 Thread 0x000001d6dc74e000 Thread exited: 0x000001d6dc74e000
Event: 685.406 Thread 0x000001d6dc74e800 DEOPT PACKING pc=0x000001d6c1f6916c sp=0x00000087387fd2e0
Event: 685.406 Thread 0x000001d6dc74e800 DEOPT UNPACKING pc=0x000001d6c19071d8 sp=0x00000087387fd008 mode 1
Event: 685.409 Thread 0x000001d6dc74e800 DEOPT PACKING pc=0x000001d6c1f6916c sp=0x00000087387fd2e0
Event: 685.409 Thread 0x000001d6dc74e800 DEOPT UNPACKING pc=0x000001d6c19071d8 sp=0x00000087387fd008 mode 1
Event: 685.410 Executing VM operation: Exit


Dynamic libraries:
0x00007ff6fdee0000 - 0x00007ff6fdf1a000 	C:\Users\Sun3k\.jdks\corretto-1.8.0_332\bin\java.exe
0x00007ffeb6950000 - 0x00007ffeb6b47000 	C:\Windows\SYSTEM32\ntdll.dll
0x00007ffeb49b0000 - 0x00007ffeb4a6d000 	C:\Windows\System32\KERNEL32.DLL
0x00007ffeb4480000 - 0x00007ffeb474d000 	C:\Windows\System32\KERNELBASE.dll
0x00007ffeb5160000 - 0x00007ffeb520e000 	C:\Windows\System32\ADVAPI32.dll
0x00007ffeb62b0000 - 0x00007ffeb634e000 	C:\Windows\System32\msvcrt.dll
0x00007ffeb5f70000 - 0x00007ffeb600c000 	C:\Windows\System32\sechost.dll
0x00007ffeb5210000 - 0x00007ffeb5335000 	C:\Windows\System32\RPCRT4.dll
0x00007ffeb53a0000 - 0x00007ffeb5540000 	C:\Windows\System32\USER32.dll
0x00007ffeb4950000 - 0x00007ffeb4972000 	C:\Windows\System32\win32u.dll
0x00007ffeb61d0000 - 0x00007ffeb61fa000 	C:\Windows\System32\GDI32.dll
0x00007ffeb4220000 - 0x00007ffeb432b000 	C:\Windows\System32\gdi32full.dll
0x00007ffeb43e0000 - 0x00007ffeb447d000 	C:\Windows\System32\msvcp_win.dll
0x00007ffeb47e0000 - 0x00007ffeb48e0000 	C:\Windows\System32\ucrtbase.dll
0x00007ffe9dfe0000 - 0x00007ffe9e27a000 	C:\Windows\WinSxS\amd64_microsoft.windows.common-controls_6595b64144ccf1df_6.0.19041.1110_none_60b5254171f9507e\COMCTL32.dll
0x00007ffeb55a0000 - 0x00007ffeb55d0000 	C:\Windows\System32\IMM32.DLL
0x00007ffeabda0000 - 0x00007ffeabe8f000 	C:\Users\Sun3k\.jdks\corretto-1.8.0_332\jre\bin\msvcr120.dll
0x00007ffe77520000 - 0x00007ffe775c6000 	C:\Users\Sun3k\.jdks\corretto-1.8.0_332\jre\bin\msvcp120.dll
0x0000000063830000 - 0x00000000640a6000 	C:\Users\Sun3k\.jdks\corretto-1.8.0_332\jre\bin\server\jvm.dll
0x00007ffeb61c0000 - 0x00007ffeb61c8000 	C:\Windows\System32\PSAPI.DLL
0x00007ffead3a0000 - 0x00007ffead3aa000 	C:\Windows\SYSTEM32\VERSION.dll
0x00007ffeab0b0000 - 0x00007ffeab0d7000 	C:\Windows\SYSTEM32\WINMM.dll
0x00007ffe9d810000 - 0x00007ffe9d819000 	C:\Windows\SYSTEM32\WSOCK32.dll
0x00007ffeb5060000 - 0x00007ffeb50cb000 	C:\Windows\System32\WS2_32.dll
0x00007ffeaea20000 - 0x00007ffeaea2f000 	C:\Users\Sun3k\.jdks\corretto-1.8.0_332\jre\bin\verify.dll
0x00007ffeae6b0000 - 0x00007ffeae6d9000 	C:\Users\Sun3k\.jdks\corretto-1.8.0_332\jre\bin\java.dll
0x00007ffe84af0000 - 0x00007ffe84b25000 	C:\Users\Sun3k\.jdks\corretto-1.8.0_332\jre\bin\jdwp.dll
0x00007ffeafc80000 - 0x00007ffeafc88000 	C:\Users\Sun3k\.jdks\corretto-1.8.0_332\jre\bin\npt.dll
0x00007ffe9b5b0000 - 0x00007ffe9b5da000 	C:\Users\Sun3k\.jdks\corretto-1.8.0_332\jre\bin\instrument.dll
0x00007ffeaea00000 - 0x00007ffeaea16000 	C:\Users\Sun3k\.jdks\corretto-1.8.0_332\jre\bin\zip.dll
0x00007ffeb57b0000 - 0x00007ffeb5ef4000 	C:\Windows\System32\SHELL32.dll
0x00007ffeb2170000 - 0x00007ffeb2904000 	C:\Windows\SYSTEM32\windows.storage.dll
0x00007ffeb4a70000 - 0x00007ffeb4dc4000 	C:\Windows\System32\combase.dll
0x00007ffeb3ad0000 - 0x00007ffeb3afc000 	C:\Windows\SYSTEM32\Wldp.dll
0x00007ffeb6200000 - 0x00007ffeb62ad000 	C:\Windows\System32\SHCORE.dll
0x00007ffeb5540000 - 0x00007ffeb5595000 	C:\Windows\System32\shlwapi.dll
0x00007ffeb3fb0000 - 0x00007ffeb3fcf000 	C:\Windows\SYSTEM32\profapi.dll
0x00007ffeafc20000 - 0x00007ffeafc29000 	C:\Users\Sun3k\.jdks\corretto-1.8.0_332\jre\bin\dt_socket.dll
0x00007ffeb3830000 - 0x00007ffeb389a000 	C:\Windows\system32\mswsock.dll
0x00007ffeafd00000 - 0x00007ffeafd0d000 	C:\Users\Sun3k\.jdks\corretto-1.8.0_332\jre\bin\management.dll
0x00007ffeae690000 - 0x00007ffeae6aa000 	C:\Users\Sun3k\.jdks\corretto-1.8.0_332\jre\bin\net.dll
0x00007ffeae670000 - 0x00007ffeae682000 	C:\Users\Sun3k\.jdks\corretto-1.8.0_332\jre\bin\nio.dll
0x00007ffeb3a20000 - 0x00007ffeb3a38000 	C:\Windows\SYSTEM32\CRYPTSP.dll
0x00007ffeb3140000 - 0x00007ffeb3174000 	C:\Windows\system32\rsaenh.dll
0x00007ffeb4980000 - 0x00007ffeb49a7000 	C:\Windows\System32\bcrypt.dll
0x00007ffeb3f30000 - 0x00007ffeb3f5e000 	C:\Windows\SYSTEM32\USERENV.dll
0x00007ffeb4750000 - 0x00007ffeb47d2000 	C:\Windows\System32\bcryptprimitives.dll
0x00007ffeb3a40000 - 0x00007ffeb3a4c000 	C:\Windows\SYSTEM32\CRYPTBASE.dll
0x00007ffeb34b0000 - 0x00007ffeb34eb000 	C:\Windows\SYSTEM32\IPHLPAPI.DLL
0x00007ffeb5f60000 - 0x00007ffeb5f68000 	C:\Windows\System32\NSI.dll
0x00007ffea8bc0000 - 0x00007ffea8bd7000 	C:\Windows\SYSTEM32\dhcpcsvc6.DLL
0x00007ffeab020000 - 0x00007ffeab03d000 	C:\Windows\SYSTEM32\dhcpcsvc.DLL
0x00007ffeb34f0000 - 0x00007ffeb35bb000 	C:\Windows\SYSTEM32\DNSAPI.dll
0x00007ffeafc10000 - 0x00007ffeafc1a000 	C:\Users\Sun3k\AppData\Local\Temp\jansi-64-8017449594318187796.dll
0x00007ffe77a30000 - 0x00007ffe77a47000 	C:\Windows\system32\napinsp.dll
0x00007ffe629d0000 - 0x00007ffe629eb000 	C:\Windows\system32\pnrpnsp.dll
0x00007ffeaee60000 - 0x00007ffeaee75000 	C:\Windows\system32\wshbth.dll
0x00007ffeafbb0000 - 0x00007ffeafbcd000 	C:\Windows\system32\NLAapi.dll
0x00007ffe629b0000 - 0x00007ffe629c2000 	C:\Windows\System32\winrnr.dll
0x00007ffea8160000 - 0x00007ffea816a000 	C:\Windows\System32\rasadhlp.dll
0x00007ffea7d30000 - 0x00007ffea7db0000 	C:\Windows\System32\fwpuclnt.dll
0x00007ffeafcb0000 - 0x00007ffeafcd3000 	C:\Users\Sun3k\.jdks\corretto-1.8.0_332\jre\bin\sunec.dll
0x00007ffeafcf0000 - 0x00007ffeafcfc000 	C:\Users\Sun3k\.jdks\corretto-1.8.0_332\jre\bin\sunmscapi.dll
0x00007ffeb4070000 - 0x00007ffeb41c6000 	C:\Windows\System32\CRYPT32.dll
0x00007ffeb3b40000 - 0x00007ffeb3b67000 	C:\Windows\SYSTEM32\ncrypt.dll
0x00007ffeb3b00000 - 0x00007ffeb3b3b000 	C:\Windows\SYSTEM32\NTASN1.dll
0x0000000180000000 - 0x0000000180053000 	C:\Users\Sun3k\.gradle\caches\minecraft\net\minecraft\natives\1.8.9\lwjgl64.dll
0x00007ffe7d620000 - 0x00007ffe7d746000 	C:\Windows\SYSTEM32\OPENGL32.dll
0x00007ffe7d5f0000 - 0x00007ffe7d61c000 	C:\Windows\SYSTEM32\GLU32.dll
0x00007ffe53e90000 - 0x00007ffe54025000 	C:\Users\Sun3k\.jdks\corretto-1.8.0_332\jre\bin\awt.dll
0x00007ffeb60f0000 - 0x00007ffeb61bd000 	C:\Windows\System32\OLEAUT32.dll
0x00007ffeb18b0000 - 0x00007ffeb1940000 	C:\Windows\SYSTEM32\apphelp.dll
0x00007ffeaeb70000 - 0x00007ffeaec1e000 	C:\Windows\SYSTEM32\mscms.dll
0x00007ffeaeb50000 - 0x00007ffeaeb61000 	C:\Windows\SYSTEM32\ColorAdapterClient.dll
0x00007ffeb1f70000 - 0x00007ffeb1f82000 	C:\Windows\SYSTEM32\kernel.appcore.dll
0x00007ffeb55d0000 - 0x00007ffeb5679000 	C:\Windows\System32\clbcatq.dll
0x00007ffeac730000 - 0x00007ffeac773000 	C:\Windows\System32\Windows.Internal.Graphics.Display.DisplayColorManagement.dll
0x00007ffeb41d0000 - 0x00007ffeb421e000 	C:\Windows\System32\cfgmgr32.dll
0x00007ffeb1a70000 - 0x00007ffeb1b0e000 	C:\Windows\system32\uxtheme.dll
0x00007ffeb5690000 - 0x00007ffeb57a5000 	C:\Windows\System32\MSCTF.dll
0x00007ffea19f0000 - 0x00007ffea1ae9000 	C:\Windows\SYSTEM32\textinputframework.dll
0x00007ffeb0ec0000 - 0x00007ffeb121e000 	C:\Windows\System32\CoreUIComponents.dll
0x00007ffeb15a0000 - 0x00007ffeb1692000 	C:\Windows\System32\CoreMessaging.dll
0x00007ffeafee0000 - 0x00007ffeb0034000 	C:\Windows\SYSTEM32\wintypes.dll
0x00007ffeb2d70000 - 0x00007ffeb2da3000 	C:\Windows\SYSTEM32\ntmarta.dll
0x00007ffead280000 - 0x00007ffead377000 	C:\Windows\System32\AppXDeploymentClient.dll
0x00007ffe96260000 - 0x00007ffe9628c000 	C:\Windows\System32\DriverStore\FileRepository\u0375335.inf_amd64_7de275617d9da25a\B374868\atig6pxx.dll
0x00007ffe47b80000 - 0x00007ffe4a9c3000 	C:\Windows\System32\DriverStore\FileRepository\u0375335.inf_amd64_7de275617d9da25a\B374868\atio6axx.dll
0x00007ffeb6350000 - 0x00007ffeb67bf000 	C:\Windows\System32\SETUPAPI.dll
0x00007ffeb67e0000 - 0x00007ffeb690a000 	C:\Windows\System32\ole32.dll
0x00007ffe9f7f0000 - 0x00007ffe9f814000 	C:\Windows\SYSTEM32\dxva2.dll
0x00007ffeb1c80000 - 0x00007ffeb1caf000 	C:\Windows\SYSTEM32\dwmapi.dll
0x00007ffe84ab0000 - 0x00007ffe84aef000 	C:\Windows\System32\DriverStore\FileRepository\u0375335.inf_amd64_7de275617d9da25a\B374868\atig6txx.dll
0x00007ffe6eee0000 - 0x00007ffe6f0b4000 	C:\Windows\SYSTEM32\atiadlxx.dll
0x00007ffe92cf0000 - 0x00007ffe92d39000 	C:\Windows\SYSTEM32\pdh.dll
0x00007ffeafab0000 - 0x00007ffeafba6000 	C:\Windows\SYSTEM32\PROPSYS.dll
0x00007ffeb3e20000 - 0x00007ffeb3e4c000 	C:\Windows\SYSTEM32\DEVOBJ.dll
0x00007ffeb48e0000 - 0x00007ffeb4947000 	C:\Windows\System32\WINTRUST.dll
0x00007ffeb3c60000 - 0x00007ffeb3c72000 	C:\Windows\SYSTEM32\MSASN1.dll
0x00007ffeabd00000 - 0x00007ffeabd3b000 	C:\Windows\SYSTEM32\dxcore.dll
0x00007ffe671f0000 - 0x00007ffe67233000 	C:\Windows\SYSTEM32\icm32.dll
0x000001d6dedd0000 - 0x000001d6dee08000 	C:\Users\Sun3k\AppData\Local\Temp\jna\jna7259105546675228722.dll
0x00007ffe81850000 - 0x00007ffe8189b000 	C:\ProgramData\obs-studio-hook\graphics-hook64.dll
0x0000000070a40000 - 0x0000000070adc000 	C:\Users\Sun3k\.gradle\caches\minecraft\net\minecraft\natives\1.8.9\avutil-ttv-51.dll
0x0000000065980000 - 0x00000000659d6000 	C:\Users\Sun3k\.gradle\caches\minecraft\net\minecraft\natives\1.8.9\swresample-ttv-0.dll
0x000000006eb80000 - 0x000000006ec50000 	C:\Users\Sun3k\.gradle\caches\minecraft\net\minecraft\natives\1.8.9\libmp3lame-ttv.dll
0x00007ffe51770000 - 0x00007ffe52b14000 	C:\Users\Sun3k\.gradle\caches\minecraft\net\minecraft\natives\1.8.9\libmfxsw64.dll
0x00007ffeb0040000 - 0x00007ffeb02a3000 	C:\Windows\system32\d3d11.dll
0x00007ffeb2970000 - 0x00007ffeb2a63000 	C:\Windows\SYSTEM32\dxgi.dll
0x00007ffeab0e0000 - 0x00007ffeab298000 	C:\Windows\System32\DriverStore\FileRepository\u0375335.inf_amd64_7de275617d9da25a\B374868\aticfx64.dll
0x00007ffeaaf50000 - 0x00007ffeaaf89000 	C:\Windows\System32\DriverStore\FileRepository\u0375335.inf_amd64_7de275617d9da25a\B374868\atiuxp64.dll
0x00007ffea8df0000 - 0x00007ffeaad27000 	C:\Windows\System32\DriverStore\FileRepository\u0375335.inf_amd64_7de275617d9da25a\B374868\atidxx64.dll
0x00007ffea8ab0000 - 0x00007ffea8ae0000 	C:\Windows\SYSTEM32\amdihk64.dll
0x00007ffea8200000 - 0x00007ffea822b000 	C:\Windows\SYSTEM32\D3DSCache.dll
0x00007ffe60740000 - 0x00007ffe608ad000 	C:\Users\Sun3k\.gradle\caches\minecraft\net\minecraft\natives\1.8.9\twitchsdk.dll
0x00007ffe99ea0000 - 0x00007ffe9a376000 	C:\Windows\SYSTEM32\WININET.dll
0x00007ffeada20000 - 0x00007ffeadc20000 	C:\Windows\SYSTEM32\twinapi.appcore.dll
0x000001d6f76e0000 - 0x000001d6f7744000 	C:\Users\Sun3k\.gradle\caches\minecraft\net\minecraft\natives\1.8.9\OpenAL64.dll
0x00007ffeaad30000 - 0x00007ffeaadb5000 	C:\Windows\System32\MMDevApi.dll
0x00007ffe7eb30000 - 0x00007ffe7ebcc000 	C:\Windows\SYSTEM32\dsound.dll
0x00007ffeb3730000 - 0x00007ffeb377b000 	C:\Windows\SYSTEM32\powrprof.dll
0x00007ffe9a760000 - 0x00007ffe9a786000 	C:\Windows\SYSTEM32\winmmbase.dll
0x00007ffeb3630000 - 0x00007ffeb3642000 	C:\Windows\SYSTEM32\UMPDC.dll
0x00007ffeaadc0000 - 0x00007ffeaaf42000 	C:\Windows\SYSTEM32\AUDIOSES.DLL
0x00007ffeb1b80000 - 0x00007ffeb1b94000 	C:\Windows\SYSTEM32\resourcepolicyclient.dll
0x00007ffe9faf0000 - 0x00007ffe9fcd4000 	C:\Windows\SYSTEM32\dbghelp.dll

VM Arguments:
jvm_args: -agentlib:jdwp=transport=dt_socket,address=127.0.0.1:50067,suspend=y,server=n -javaagent:C:\Users\Sun3k\AppData\Local\JetBrains\IdeaIC2022.1\captureAgent\debugger-agent.jar -Dfile.encoding=UTF-8 
java_command: GradleStart --mixin mixins.sunrise.json --tweakClass org.spongepowered.asm.launch.MixinTweaker -Ddevauth.account --javaagent:C:\Users\Sun3k\.gradle\caches\modules-2\files-2.1\org.spongepowered\mixin\0.7.11-SNAPSHOT\7a670207bdb97db418118ad1e9bb42424ff3776d\mixin-0.7.11-SNAPSHOT.jar
java_class_path (initial): C:\Users\Sun3k\.jdks\corretto-1.8.0_332\jre\lib\charsets.jar;C:\Users\Sun3k\.jdks\corretto-1.8.0_332\jre\lib\ext\access-bridge-64.jar;C:\Users\Sun3k\.jdks\corretto-1.8.0_332\jre\lib\ext\cldrdata.jar;C:\Users\Sun3k\.jdks\corretto-1.8.0_332\jre\lib\ext\dnsns.jar;C:\Users\Sun3k\.jdks\corretto-1.8.0_332\jre\lib\ext\jaccess.jar;C:\Users\Sun3k\.jdks\corretto-1.8.0_332\jre\lib\ext\jfxrt.jar;C:\Users\Sun3k\.jdks\corretto-1.8.0_332\jre\lib\ext\localedata.jar;C:\Users\Sun3k\.jdks\corretto-1.8.0_332\jre\lib\ext\nashorn.jar;C:\Users\Sun3k\.jdks\corretto-1.8.0_332\jre\lib\ext\sunec.jar;C:\Users\Sun3k\.jdks\corretto-1.8.0_332\jre\lib\ext\sunjce_provider.jar;C:\Users\Sun3k\.jdks\corretto-1.8.0_332\jre\lib\ext\sunmscapi.jar;C:\Users\Sun3k\.jdks\corretto-1.8.0_332\jre\lib\ext\sunpkcs11.jar;C:\Users\Sun3k\.jdks\corretto-1.8.0_332\jre\lib\ext\zipfs.jar;C:\Users\Sun3k\.jdks\corretto-1.8.0_332\jre\lib\jce.jar;C:\Users\Sun3k\.jdks\corretto-1.8.0_332\jre\lib\jfr.jar;C:\Users\Sun3k\.jdks\corretto-1.8.0_332\jre\lib\jfxswt.jar;C:\Users\Sun3k\.jdks\corretto-1.8.0_332\jre\lib\jsse.jar;C:\Users\Sun3k\.jdks\corretto-1.8.0_332\jre\lib\management-agent.jar;C:\Users\Sun3k\.jdks\corretto-1.8.0_332\jre\lib\resources.jar;C:\Users\Sun3k\.jdks\corretto-1.8.0_332\jre\lib\rt.jar;C:\Users\Sun3k\IdeaProjects\Sunrise8\build\classes\java\main;C:\Users\Sun3k\.gradle\caches\minecraft\deobfedDeps\compileDummy.jar;C:\Users\Sun3k\.gradle\caches\minecraft\deobfedDeps\providedDummy.jar;C:\Users\Sun3k\.gradle\caches\modules-2\files-2.1\org.spongepowered\mixin\0.7.11-SNAPSHOT\7a670207bdb97db418118ad1e9bb42424ff3776d\mixin-0.7.11-SNAPSHOT.jar;C:\Users\Sun3k\.gradle\caches\modules-2\files-2.1\gg.essential\elementa-1.8.9-forge\507\38e5ea484636664fc185041360ee5e86cfc147b5\elementa-1.8.9-forge-507.jar;C:\Users\Sun3k\.gradle\caches\modules-2\files-2.1\com.google.guava\guava\17.0\9c6ef172e8de35fd8d4d8783e4821e57cdef7445\guava-17.0.jar;C:\Users\Sun3k\.gradle\caches\modules-2\files-2.1\commons-io\c
Launcher Type: SUN_STANDARD

Environment Variables:
JAVA_HOME=C:\Program Files\OpenJDK\jdk-18
PATH=C:\Windows\system32;C:\Windows;C:\Windows\System32\Wbem;C:\Windows\System32\WindowsPowerShell\v1.0\;C:\Windows\System32\OpenSSH\;C:\ProgramData\chocolatey\bin;C:\Program Files\Microsoft VS Code\bin;C:\Program Files (x86)\Yarn\bin\;C:\Program Files\nodejs\;C:\Program Files\Git\cmd;C:\Program Files\OpenJDK\jdk-18\bin;C:\Program Files\dotnet\;C:\Users\Sun3k\AppData\Local\Programs\Python\Python310\Scripts\;C:\Users\Sun3k\AppData\Local\Programs\Python\Python310\;C:\Users\Sun3k\AppData\Local\Microsoft\WindowsApps;C:\Users\Sun3k\AppData\Local\Yarn\bin;C:\Users\Sun3k\AppData\Roaming\npm;C:\Program Files\Oracle\VirtualBox;C:\Program Files\heroku\bin;C:\Program Files\JetBrains\IntelliJ IDEA Community Edition 2022.1.1\bin;;C:\Users\Sun3k\.dotnet\tools
USERNAME=Sun3k
OS=Windows_NT
PROCESSOR_IDENTIFIER=AMD64 Family 23 Model 24 Stepping 1, AuthenticAMD



---------------  S Y S T E M  ---------------

OS: Windows 10.0 , 64 bit Build 19041 (10.0.19041.1741)

CPU:total 8 (initial active 8) (8 cores per cpu, 1 threads per core) family 23 model 24 stepping 1, cmov, cx8, fxsr, mmx, sse, sse2, sse3, ssse3, sse4.1, sse4.2, popcnt, avx, avx2, aes, clmul, mmxext, 3dnowpref, lzcnt, sse4a, tsc, tscinvbit, tscinv, bmi1

Memory: 4k page, physical 6206224k(735956k free), swap 19837712k(4596032k free)

vm_info: OpenJDK 64-Bit Server VM (25.332-b08) for windows-amd64 JRE (1.8.0_332-b08), built on Apr 16 2022 08:31:02 by "Administrator" with MS VC++ 12.0 (VS2013)

time: Mon Jun 20 14:16:54 2022
timezone: South Sudan Standard Time
elapsed time: 685.846148 seconds (0d 0h 11m 25s)

