#
# A fatal error has been detected by the Java Runtime Environment:
#
#  EXCEPTION_ACCESS_VIOLATION (0xc0000005) at pc=0x0000000000000000, pid=11924, tid=0x0000000000003454
#
# JRE version: OpenJDK Runtime Environment (8.0_332-b08) (build 1.8.0_332-b08)
# Java VM: OpenJDK 64-Bit Server VM (25.332-b08 mixed mode windows-amd64 compressed oops)
# Problematic frame:
# C  0x0000000000000000
#
# Failed to write core dump. Minidumps are not enabled by default on client versions of Windows
#
# If you would like to submit a bug report, please visit:
#   https://github.com/corretto/corretto-8/issues/
#

---------------  T H R E A D  ---------------

Current thread (0x000001d54daa1800):  VMThread [stack: 0x000000cb0f600000,0x000000cb0f700000] [id=13396]

siginfo: ExceptionCode=0xc0000005, ExceptionInformation=0x0000000000000008 0x0000000000000000

Registers:
RAX=0x0000000000000000, RBX=0x0000000000000000, RCX=0x0000000000000001, RDX=0x00007ffe9b5cf0b8
RSP=0x000000cb0f6ff308, RBP=0x000001d538cd5760, RSI=0x0000000000010000, RDI=0x0000000000000000
R8 =0x000000cb0e827000, R9 =0x0000000000000040, R10=0x0000000000000040, R11=0x000001d552b08d80
R12=0x00007ffe7d6fe810, R13=0x0000000000000082, R14=0x00007ffe7d620000, R15=0x0000000000000001
RIP=0x0000000000000000, EFLAGS=0x0000000000010206

Top of Stack: (sp=0x000000cb0f6ff308)
0x000000cb0f6ff308:   00007ffe9b592f2c 0000000000000000
0x000000cb0f6ff318:   000001d538cd5760 0000000000000082
0x000000cb0f6ff328:   0000000000010000 0000000000000000
0x000000cb0f6ff338:   00007ffe9b59406e 0000000000000000
0x000000cb0f6ff348:   000001d538cd5760 0000000000010000
0x000000cb0f6ff358:   000001d5522a83d8 0000000000000001
0x000000cb0f6ff368:   00007ffe7d626e2e 0000000000000000
0x000000cb0f6ff378:   0000000000000001 000000018004bb20
0x000000cb0f6ff388:   0000000000000000 0000000000000001
0x000000cb0f6ff398:   00007ffe7d627276 0000000000000000
0x000000cb0f6ff3a8:   000001d538cd5760 0000000000000001
0x000000cb0f6ff3b8:   0000000000000001 0000000000000000
0x000000cb0f6ff3c8:   00007ffe7d6fe94f 0000000000000001
0x000000cb0f6ff3d8:   0000000000000000 0000000000000000
0x000000cb0f6ff3e8:   000001d5544a0b30 0000000100000001
0x000000cb0f6ff3f8:   000000018000ecac 000000018001c558 

Instructions: (pc=0x0000000000000000)
0xffffffffffffffe0:   


Register to memory mapping:

RAX=0x0000000000000000 is an unknown value
RBX=0x0000000000000000 is an unknown value
RCX=0x0000000000000001 is an unknown value
RDX=0x00007ffe9b5cf0b8 is an unknown value
RSP=0x000000cb0f6ff308 is an unknown value
RBP=0x000001d538cd5760 is an unknown value
RSI=0x0000000000010000 is an unknown value
RDI=0x0000000000000000 is an unknown value
R8 =0x000000cb0e827000 is an unknown value
R9 =0x0000000000000040 is an unknown value
R10=0x0000000000000040 is an unknown value
R11=0x000001d552b08d80 is an unknown value
R12=0x00007ffe7d6fe810 is an unknown value
R13=0x0000000000000082 is an unknown value
R14=0x00007ffe7d620000 is an unknown value
R15=0x0000000000000001 is an unknown value


Stack: [0x000000cb0f600000,0x000000cb0f700000],  sp=0x000000cb0f6ff308,  free space=1020k
Native frames: (J=compiled Java code, j=interpreted, Vv=VM code, C=native code)

VM_Operation (0x000000cb0fbfed80): Exit, mode: safepoint, requested by thread 0x000001d555e41000


---------------  P R O C E S S  ---------------

Java Threads: ( => current thread )
  0x000001d555e41000 JavaThread "SIGINT handler" daemon [_thread_blocked, id=10860, stack(0x000000cb0fb00000,0x000000cb0fc00000)]
  0x000001d569fe5800 JavaThread "File IO Thread" [_thread_blocked, id=15812, stack(0x000000cb10b00000,0x000000cb10c00000)]
  0x000001d569fdb800 JavaThread "Chunk I/O Executor Thread-1" daemon [_thread_blocked, id=10772, stack(0x000000cb11e00000,0x000000cb11f00000)]
  0x000001d569fde800 JavaThread "Netty Server IO #1" daemon [_thread_in_native, id=1704, stack(0x000000cb0ec00000,0x000000cb0ed00000)]
  0x000001d569fdd800 JavaThread "Netty Local Client IO #0" daemon [_thread_blocked, id=6056, stack(0x000000cb0eb00000,0x000000cb0ec00000)]
  0x000001d569fe2800 JavaThread "Netty Server IO #0" daemon [_thread_in_native, id=4456, stack(0x000000cb0ea00000,0x000000cb0eb00000)]
  0x000001d55470c800 JavaThread "Server thread" [_thread_blocked, id=15736, stack(0x000000cb11b00000,0x000000cb11c00000)]
  0x000001d554709000 JavaThread "Thread-12" [_thread_blocked, id=6536, stack(0x000000cb11400000,0x000000cb11500000)]
  0x000001d554708800 JavaThread "Thread-11" [_thread_blocked, id=13976, stack(0x000000cb11200000,0x000000cb11300000)]
  0x000001d554705000 JavaThread "Chunk Batcher 1" daemon [_thread_blocked, id=8000, stack(0x000000cb11800000,0x000000cb11900000)]
  0x000001d554707800 JavaThread "Chunk Batcher 0" daemon [_thread_blocked, id=5232, stack(0x000000cb11600000,0x000000cb11700000)]
  0x000001d552bd5800 JavaThread "LWJGL Timer" daemon [_thread_blocked, id=14584, stack(0x000000cb10c00000,0x000000cb10d00000)]
  0x000001d550362000 JavaThread "Java2D Disposer" daemon [_thread_blocked, id=4644, stack(0x000000cb10900000,0x000000cb10a00000)]
  0x000001d55146a800 JavaThread "Timer hack thread" daemon [_thread_blocked, id=780, stack(0x000000cb10800000,0x000000cb10900000)]
  0x000001d550d72800 JavaThread "Snooper Timer" daemon [_thread_blocked, id=1064, stack(0x000000cb10600000,0x000000cb10700000)]
  0x000001d54f9ca800 JavaThread "Service Thread" daemon [_thread_blocked, id=15388, stack(0x000000cb10200000,0x000000cb10300000)]
  0x000001d54db5e800 JavaThread "C1 CompilerThread3" daemon [_thread_blocked, id=15264, stack(0x000000cb10100000,0x000000cb10200000)]
  0x000001d54db5d800 JavaThread "C2 CompilerThread2" daemon [_thread_blocked, id=11012, stack(0x000000cb10000000,0x000000cb10100000)]
  0x000001d54db5b000 JavaThread "C2 CompilerThread1" daemon [_thread_blocked, id=3928, stack(0x000000cb0ff00000,0x000000cb10000000)]
  0x000001d54db4f000 JavaThread "C2 CompilerThread0" daemon [_thread_blocked, id=1060, stack(0x000000cb0fe00000,0x000000cb0ff00000)]
  0x000001d54db32000 JavaThread "JDWP Event Helper Thread" daemon [_thread_blocked, id=8400, stack(0x000000cb0fc00000,0x000000cb0fd00000)]
  0x000001d54db10000 JavaThread "Attach Listener" daemon [_thread_blocked, id=6352, stack(0x000000cb0fa00000,0x000000cb0fb00000)]
  0x000001d54db0f000 JavaThread "Signal Dispatcher" daemon [_thread_blocked, id=11524, stack(0x000000cb0f900000,0x000000cb0fa00000)]
  0x000001d54dadb000 JavaThread "Finalizer" daemon [_thread_blocked, id=3452, stack(0x000000cb0f800000,0x000000cb0f900000)]
  0x000001d54dad2800 JavaThread "Reference Handler" daemon [_thread_blocked, id=4448, stack(0x000000cb0f700000,0x000000cb0f800000)]
  0x000001d538cb7000 JavaThread "Client thread" [_thread_blocked, id=15724, stack(0x000000cb0ed00000,0x000000cb0ee00000)]

Other Threads:
=>0x000001d54daa1800 VMThread [stack: 0x000000cb0f600000,0x000000cb0f700000] [id=13396]

VM state:at safepoint (shutting down)

VM Mutex/Monitor currently owned by a thread:  ([mutex/lock_event])
[0x000001d538cb5aa0] Threads_lock - owner thread: 0x000001d54daa1800

heap address: 0x00000000a1400000, size: 1516 MB, Compressed Oops mode: 32-bit
Narrow klass base: 0x0000000000000000, Narrow klass shift: 3
Compressed class space size: 1073741824 Address: 0x0000000100000000

Heap:
 PSYoungGen      total 303104K, used 214532K [0x00000000e0700000, 0x00000000f7300000, 0x0000000100000000)
  eden space 236544K, 84% used [0x00000000e0700000,0x00000000ecaaeeb0,0x00000000eee00000)
  from space 66560K, 21% used [0x00000000f3200000,0x00000000f3fd2190,0x00000000f7300000)
  to   space 68096K, 0% used [0x00000000eee00000,0x00000000eee00000,0x00000000f3080000)
 ParOldGen       total 968704K, used 926004K [0x00000000a1400000, 0x00000000dc600000, 0x00000000e0700000)
  object space 968704K, 95% used [0x00000000a1400000,0x00000000d9c4d3e0,0x00000000dc600000)
 Metaspace       used 55531K, capacity 55997K, committed 56704K, reserved 1099776K
  class space    used 6507K, capacity 6675K, committed 6784K, reserved 1048576K

Card table byte_map: [0x000001d5498e0000,0x000001d549be0000] byte_map_base: 0x000001d5493d6000

Marking Bits: (ParMarkBitMap*) 0x0000000064027850
 Begin Bits: [0x000001d549de0000, 0x000001d54b590000)
 End Bits:   [0x000001d54b590000, 0x000001d54cd40000)

Polling page: 0x000001d538c40000

CodeCache: size=245760Kb used=43658Kb max_used=45613Kb free=202101Kb
 bounds [0x000001d53a520000, 0x000001d53d210000, 0x000001d549520000]
 total_blobs=11056 nmethods=10098 adapters=874
 compilation: enabled

Compilation events (10 events):
Event: 230.699 Thread 0x000001d54db4f000 nmethod 15275 0x000001d53d012010 code [0x000001d53d0122a0, 0x000001d53d013160]
Event: 230.700 Thread 0x000001d54db4f000 15284       4       sun.reflect.generics.reflectiveObjects.ParameterizedTypeImpl::getRawType (5 bytes)
Event: 230.701 Thread 0x000001d54db4f000 nmethod 15284 0x000001d53c089b50 code [0x000001d53c089c80, 0x000001d53c089cd8]
Event: 230.702 Thread 0x000001d54db4f000 15285       4       java.util.concurrent.ConcurrentHashMap::comparableClassFor (105 bytes)
Event: 230.710 Thread 0x000001d54db5e800 15287       3       org.apache.logging.log4j.core.pattern.FormattingInfo::getDefault (4 bytes)
Event: 230.710 Thread 0x000001d54db5e800 nmethod 15287 0x000001d53bbe0cd0 code [0x000001d53bbe0e20, 0x000001d53bbe0f58]
Event: 230.716 Thread 0x000001d54db4f000 nmethod 15285 0x000001d53b410b10 code [0x000001d53b410ce0, 0x000001d53b411560]
Event: 230.719 Thread 0x000001d54db5b000 nmethod 15283 0x000001d53c3bd750 code [0x000001d53c3bd920, 0x000001d53c3bebb0]
Event: 230.721 Thread 0x000001d54db5e800 15288       3       java.util.concurrent.CopyOnWriteArrayList::size (6 bytes)
Event: 230.722 Thread 0x000001d54db5e800 nmethod 15288 0x000001d53d011c10 code [0x000001d53d011d60, 0x000001d53d011f58]

GC Heap History (10 events):
Event: 209.519 GC heap before
{Heap before GC invocations=119 (full 11):
 PSYoungGen      total 307712K, used 254346K [0x00000000e0700000, 0x00000000f7d00000, 0x0000000100000000)
  eden space 230912K, 100% used [0x00000000e0700000,0x00000000ee880000,0x00000000ee880000)
  from space 76800K, 30% used [0x00000000ee880000,0x00000000eff629f0,0x00000000f3380000)
  to   space 74752K, 0% used [0x00000000f3400000,0x00000000f3400000,0x00000000f7d00000)
 ParOldGen       total 968704K, used 920656K [0x00000000a1400000, 0x00000000dc600000, 0x00000000e0700000)
  object space 968704K, 95% used [0x00000000a1400000,0x00000000d97142a0,0x00000000dc600000)
 Metaspace       used 55364K, capacity 55869K, committed 56576K, reserved 1099776K
  class space    used 6494K, capacity 6611K, committed 6656K, reserved 1048576K
Event: 209.530 GC heap after
Heap after GC invocations=119 (full 11):
 PSYoungGen      total 305152K, used 17777K [0x00000000e0700000, 0x00000000f7a80000, 0x0000000100000000)
  eden space 232960K, 0% used [0x00000000e0700000,0x00000000e0700000,0x00000000eea80000)
  from space 72192K, 24% used [0x00000000f3400000,0x00000000f455c5e0,0x00000000f7a80000)
  to   space 73728K, 0% used [0x00000000eea80000,0x00000000eea80000,0x00000000f3280000)
 ParOldGen       total 968704K, used 921891K [0x00000000a1400000, 0x00000000dc600000, 0x00000000e0700000)
  object space 968704K, 95% used [0x00000000a1400000,0x00000000d9848f20,0x00000000dc600000)
 Metaspace       used 55364K, capacity 55869K, committed 56576K, reserved 1099776K
  class space    used 6494K, capacity 6611K, committed 6656K, reserved 1048576K
}
Event: 211.317 GC heap before
{Heap before GC invocations=120 (full 11):
 PSYoungGen      total 305152K, used 250737K [0x00000000e0700000, 0x00000000f7a80000, 0x0000000100000000)
  eden space 232960K, 100% used [0x00000000e0700000,0x00000000eea80000,0x00000000eea80000)
  from space 72192K, 24% used [0x00000000f3400000,0x00000000f455c5e0,0x00000000f7a80000)
  to   space 73728K, 0% used [0x00000000eea80000,0x00000000eea80000,0x00000000f3280000)
 ParOldGen       total 968704K, used 921891K [0x00000000a1400000, 0x00000000dc600000, 0x00000000e0700000)
  object space 968704K, 95% used [0x00000000a1400000,0x00000000d9848f20,0x00000000dc600000)
 Metaspace       used 55463K, capacity 55933K, committed 56576K, reserved 1099776K
  class space    used 6500K, capacity 6611K, committed 6656K, reserved 1048576K
Event: 211.330 GC heap after
Heap after GC invocations=120 (full 11):
 PSYoungGen      total 306688K, used 17754K [0x00000000e0700000, 0x00000000f7980000, 0x0000000100000000)
  eden space 232960K, 0% used [0x00000000e0700000,0x00000000e0700000,0x00000000eea80000)
  from space 73728K, 24% used [0x00000000eea80000,0x00000000efbd6830,0x00000000f3280000)
  to   space 72192K, 0% used [0x00000000f3300000,0x00000000f3300000,0x00000000f7980000)
 ParOldGen       total 968704K, used 923465K [0x00000000a1400000, 0x00000000dc600000, 0x00000000e0700000)
  object space 968704K, 95% used [0x00000000a1400000,0x00000000d99d2420,0x00000000dc600000)
 Metaspace       used 55463K, capacity 55933K, committed 56576K, reserved 1099776K
  class space    used 6500K, capacity 6611K, committed 6656K, reserved 1048576K
}
Event: 213.029 GC heap before
{Heap before GC invocations=121 (full 11):
 PSYoungGen      total 306688K, used 250714K [0x00000000e0700000, 0x00000000f7980000, 0x0000000100000000)
  eden space 232960K, 100% used [0x00000000e0700000,0x00000000eea80000,0x00000000eea80000)
  from space 73728K, 24% used [0x00000000eea80000,0x00000000efbd6830,0x00000000f3280000)
  to   space 72192K, 0% used [0x00000000f3300000,0x00000000f3300000,0x00000000f7980000)
 ParOldGen       total 968704K, used 923465K [0x00000000a1400000, 0x00000000dc600000, 0x00000000e0700000)
  object space 968704K, 95% used [0x00000000a1400000,0x00000000d99d2420,0x00000000dc600000)
 Metaspace       used 55466K, capacity 55933K, committed 56576K, reserved 1099776K
  class space    used 6500K, capacity 6611K, committed 6656K, reserved 1048576K
Event: 213.040 GC heap after
Heap after GC invocations=121 (full 11):
 PSYoungGen      total 303104K, used 18206K [0x00000000e0700000, 0x00000000f7580000, 0x0000000100000000)
  eden space 235008K, 0% used [0x00000000e0700000,0x00000000e0700000,0x00000000eec80000)
  from space 68096K, 26% used [0x00000000f3300000,0x00000000f44c7b70,0x00000000f7580000)
  to   space 70144K, 0% used [0x00000000eec80000,0x00000000eec80000,0x00000000f3100000)
 ParOldGen       total 968704K, used 924082K [0x00000000a1400000, 0x00000000dc600000, 0x00000000e0700000)
  object space 968704K, 95% used [0x00000000a1400000,0x00000000d9a6c930,0x00000000dc600000)
 Metaspace       used 55466K, capacity 55933K, committed 56576K, reserved 1099776K
  class space    used 6500K, capacity 6611K, committed 6656K, reserved 1048576K
}
Event: 217.673 GC heap before
{Heap before GC invocations=122 (full 11):
 PSYoungGen      total 303104K, used 253214K [0x00000000e0700000, 0x00000000f7580000, 0x0000000100000000)
  eden space 235008K, 100% used [0x00000000e0700000,0x00000000eec80000,0x00000000eec80000)
  from space 68096K, 26% used [0x00000000f3300000,0x00000000f44c7b70,0x00000000f7580000)
  to   space 70144K, 0% used [0x00000000eec80000,0x00000000eec80000,0x00000000f3100000)
 ParOldGen       total 968704K, used 924082K [0x00000000a1400000, 0x00000000dc600000, 0x00000000e0700000)
  object space 968704K, 95% used [0x00000000a1400000,0x00000000d9a6c930,0x00000000dc600000)
 Metaspace       used 55468K, capacity 55933K, committed 56576K, reserved 1099776K
  class space    used 6500K, capacity 6611K, committed 6656K, reserved 1048576K
Event: 217.692 GC heap after
Heap after GC invocations=122 (full 11):
 PSYoungGen      total 305152K, used 37669K [0x00000000e0700000, 0x00000000f7580000, 0x0000000100000000)
  eden space 235008K, 0% used [0x00000000e0700000,0x00000000e0700000,0x00000000eec80000)
  from space 70144K, 53% used [0x00000000eec80000,0x00000000f1149778,0x00000000f3100000)
  to   space 69120K, 0% used [0x00000000f3200000,0x00000000f3200000,0x00000000f7580000)
 ParOldGen       total 968704K, used 925097K [0x00000000a1400000, 0x00000000dc600000, 0x00000000e0700000)
  object space 968704K, 95% used [0x00000000a1400000,0x00000000d9b6a6e0,0x00000000dc600000)
 Metaspace       used 55468K, capacity 55933K, committed 56576K, reserved 1099776K
  class space    used 6500K, capacity 6611K, committed 6656K, reserved 1048576K
}
Event: 224.757 GC heap before
{Heap before GC invocations=123 (full 11):
 PSYoungGen      total 305152K, used 272677K [0x00000000e0700000, 0x00000000f7580000, 0x0000000100000000)
  eden space 235008K, 100% used [0x00000000e0700000,0x00000000eec80000,0x00000000eec80000)
  from space 70144K, 53% used [0x00000000eec80000,0x00000000f1149778,0x00000000f3100000)
  to   space 69120K, 0% used [0x00000000f3200000,0x00000000f3200000,0x00000000f7580000)
 ParOldGen       total 968704K, used 925097K [0x00000000a1400000, 0x00000000dc600000, 0x00000000e0700000)
  object space 968704K, 95% used [0x00000000a1400000,0x00000000d9b6a6e0,0x00000000dc600000)
 Metaspace       used 55471K, capacity 55933K, committed 56576K, reserved 1099776K
  class space    used 6500K, capacity 6611K, committed 6656K, reserved 1048576K
Event: 224.767 GC heap after
Heap after GC invocations=123 (full 11):
 PSYoungGen      total 303104K, used 14152K [0x00000000e0700000, 0x00000000f7300000, 0x0000000100000000)
  eden space 236544K, 0% used [0x00000000e0700000,0x00000000e0700000,0x00000000eee00000)
  from space 66560K, 21% used [0x00000000f3200000,0x00000000f3fd2190,0x00000000f7300000)
  to   space 68096K, 0% used [0x00000000eee00000,0x00000000eee00000,0x00000000f3080000)
 ParOldGen       total 968704K, used 926004K [0x00000000a1400000, 0x00000000dc600000, 0x00000000e0700000)
  object space 968704K, 95% used [0x00000000a1400000,0x00000000d9c4d3e0,0x00000000dc600000)
 Metaspace       used 55471K, capacity 55933K, committed 56576K, reserved 1099776K
  class space    used 6500K, capacity 6611K, committed 6656K, reserved 1048576K
}

Deoptimization events (10 events):
Event: 230.671 Thread 0x000001d555e3c800 Uncommon trap: reason=unstable_if action=reinterpret pc=0x000001d53bc8d314 method=java.util.Collections$SetFromMap.add(Ljava/lang/Object;)Z @ 13
Event: 230.685 Thread 0x000001d55470c800 Uncommon trap: reason=null_check action=make_not_entrant pc=0x000001d53c794960 method=com.google.common.cache.LocalCache$Segment.getFirst(I)Lcom/google/common/cache/LocalCache$ReferenceEntry; @ 17
Event: 230.685 Thread 0x000001d55470c800 Uncommon trap: reason=unstable_if action=reinterpret pc=0x000001d53cb79150 method=com.google.common.cache.LocalCache.usesKeyReferences()Z @ 7
Event: 230.686 Thread 0x000001d55470c800 Uncommon trap: reason=class_check action=maybe_recompile pc=0x000001d53cb72498 method=com.google.common.cache.LocalCache$Segment.drainRecencyQueue()V @ 4
Event: 230.686 Thread 0x000001d55470c800 Uncommon trap: reason=class_check action=maybe_recompile pc=0x000001d53cb72498 method=com.google.common.cache.LocalCache$Segment.drainRecencyQueue()V @ 4
Event: 230.686 Thread 0x000001d55470c800 Uncommon trap: reason=class_check action=maybe_recompile pc=0x000001d53c9bf258 method=com.google.common.cache.LocalCache$Segment.setValue(Lcom/google/common/cache/LocalCache$ReferenceEntry;Ljava/lang/Object;Ljava/lang/Object;J)V @ 1
Event: 230.686 Thread 0x000001d55470c800 Uncommon trap: reason=class_check action=maybe_recompile pc=0x000001d53c382644 method=com.google.common.cache.LocalCache$Segment.drainRecencyQueue()V @ 4
Event: 230.716 Thread 0x000001d55470c800 Uncommon trap: reason=unstable_if action=reinterpret pc=0x000001d53b7fa258 method=java.lang.ClassLoader.getResource(Ljava/lang/String;)Ljava/net/URL; @ 4
Event: 230.728 Thread 0x000001d555e3c800 Uncommon trap: reason=unstable_if action=reinterpret pc=0x000001d53cb8588c method=java.util.Formatter$FormatSpecifier.print(ILjava/util/Locale;)V @ 4
Event: 230.728 Thread 0x000001d555e3c800 Uncommon trap: reason=unstable_if action=reinterpret pc=0x000001d53cb9623c method=java.util.Formatter$FormatSpecifier.print(JLjava/util/Locale;)V @ 21

Classes redefined (0 events):
No events

Internal exceptions (10 events):
Event: 230.690 Thread 0x000001d554708800 Exception <a 'java/lang/InterruptedException': sleep interrupted> (0x00000000ec551f40) thrown at [C:\wsjdk\Corretto8Src\installers\windows\zip\corretto-build\buildRoot\src\hotspot\src\share\vm\prims\jvm.cpp, line 3384]
Event: 230.711 Thread 0x000001d55470c800 Exception <a 'java/lang/reflect/InvocationTargetException'> (0x00000000ec258f78) thrown at [C:\wsjdk\Corretto8Src\installers\windows\zip\corretto-build\buildRoot\src\hotspot\src\share\vm\runtime\reflection.cpp, line 1092]
Event: 230.716 Thread 0x000001d55470c800 NullPointerException at vtable entry 0x000001d53a86a8f0
Event: 230.716 Thread 0x000001d55470c800 Exception <a 'java/lang/NullPointerException'> (0x00000000ec269b10) thrown at [C:\wsjdk\Corretto8Src\installers\windows\zip\corretto-build\buildRoot\src\hotspot\src\share\vm\runtime\sharedRuntime.cpp, line 610]
Event: 230.721 Thread 0x000001d55470c800 NullPointerException at vtable entry 0x000001d53a86a8f0
Event: 230.721 Thread 0x000001d55470c800 Exception <a 'java/lang/NullPointerException'> (0x00000000ec89e510) thrown at [C:\wsjdk\Corretto8Src\installers\windows\zip\corretto-build\buildRoot\src\hotspot\src\share\vm\runtime\sharedRuntime.cpp, line 610]
Event: 230.726 Thread 0x000001d55470c800 NullPointerException at vtable entry 0x000001d53a86a8f0
Event: 230.726 Thread 0x000001d55470c800 Exception <a 'java/lang/NullPointerException'> (0x00000000ec8cde60) thrown at [C:\wsjdk\Corretto8Src\installers\windows\zip\corretto-build\buildRoot\src\hotspot\src\share\vm\runtime\sharedRuntime.cpp, line 610]
Event: 230.731 Thread 0x000001d55470c800 NullPointerException at vtable entry 0x000001d53a86a8f0
Event: 230.731 Thread 0x000001d55470c800 Exception <a 'java/lang/NullPointerException'> (0x00000000ec8f7ea8) thrown at [C:\wsjdk\Corretto8Src\installers\windows\zip\corretto-build\buildRoot\src\hotspot\src\share\vm\runtime\sharedRuntime.cpp, line 610]

Events (10 events):
Event: 230.728 Thread 0x000001d555e3c800 Uncommon trap: trap_request=0xffffff65 fr.pc=0x000001d53cb9623c
Event: 230.728 Thread 0x000001d555e3c800 DEOPT PACKING pc=0x000001d53cb9623c sp=0x000000cb0fdfecc0
Event: 230.728 Thread 0x000001d555e3c800 DEOPT UNPACKING pc=0x000001d53a565583 sp=0x000000cb0fdfecc8 mode 2
Event: 230.728 Thread 0x000001d555e3c800 Thread exited: 0x000001d555e3c800
Event: 230.728 Executing VM operation: RevokeBias
Event: 230.729 Executing VM operation: RevokeBias done
Event: 230.729 Thread 0x000001d55470a800 Thread exited: 0x000001d55470a800
Event: 230.731 Thread 0x000001d55470c800 DEOPT PACKING pc=0x000001d53abcb7ec sp=0x000000cb11bfd030
Event: 230.731 Thread 0x000001d55470c800 DEOPT UNPACKING pc=0x000001d53a5671d8 sp=0x000000cb11bfcd58 mode 1
Event: 230.732 Executing VM operation: Exit


Dynamic libraries:
0x00007ff6fdee0000 - 0x00007ff6fdf1a000 	C:\Users\Sun3k\.jdks\corretto-1.8.0_332\bin\java.exe
0x00007ffeb6950000 - 0x00007ffeb6b47000 	C:\Windows\SYSTEM32\ntdll.dll
0x00007ffeb49b0000 - 0x00007ffeb4a6d000 	C:\Windows\System32\KERNEL32.DLL
0x00007ffeb4480000 - 0x00007ffeb474d000 	C:\Windows\System32\KERNELBASE.dll
0x00007ffeb5160000 - 0x00007ffeb520e000 	C:\Windows\System32\ADVAPI32.dll
0x00007ffeb62b0000 - 0x00007ffeb634e000 	C:\Windows\System32\msvcrt.dll
0x00007ffeb5f70000 - 0x00007ffeb600c000 	C:\Windows\System32\sechost.dll
0x00007ffeb5210000 - 0x00007ffeb5335000 	C:\Windows\System32\RPCRT4.dll
0x00007ffeb53a0000 - 0x00007ffeb5540000 	C:\Windows\System32\USER32.dll
0x00007ffeb4950000 - 0x00007ffeb4972000 	C:\Windows\System32\win32u.dll
0x00007ffeb61d0000 - 0x00007ffeb61fa000 	C:\Windows\System32\GDI32.dll
0x00007ffeb4220000 - 0x00007ffeb432b000 	C:\Windows\System32\gdi32full.dll
0x00007ffeb43e0000 - 0x00007ffeb447d000 	C:\Windows\System32\msvcp_win.dll
0x00007ffeb47e0000 - 0x00007ffeb48e0000 	C:\Windows\System32\ucrtbase.dll
0x00007ffe9dfe0000 - 0x00007ffe9e27a000 	C:\Windows\WinSxS\amd64_microsoft.windows.common-controls_6595b64144ccf1df_6.0.19041.1110_none_60b5254171f9507e\COMCTL32.dll
0x00007ffeb55a0000 - 0x00007ffeb55d0000 	C:\Windows\System32\IMM32.DLL
0x00007ffeabda0000 - 0x00007ffeabe8f000 	C:\Users\Sun3k\.jdks\corretto-1.8.0_332\jre\bin\msvcr120.dll
0x00007ffe77520000 - 0x00007ffe775c6000 	C:\Users\Sun3k\.jdks\corretto-1.8.0_332\jre\bin\msvcp120.dll
0x0000000063830000 - 0x00000000640a6000 	C:\Users\Sun3k\.jdks\corretto-1.8.0_332\jre\bin\server\jvm.dll
0x00007ffeb61c0000 - 0x00007ffeb61c8000 	C:\Windows\System32\PSAPI.DLL
0x00007ffeab0b0000 - 0x00007ffeab0d7000 	C:\Windows\SYSTEM32\WINMM.dll
0x00007ffe9d810000 - 0x00007ffe9d819000 	C:\Windows\SYSTEM32\WSOCK32.dll
0x00007ffead3a0000 - 0x00007ffead3aa000 	C:\Windows\SYSTEM32\VERSION.dll
0x00007ffeb5060000 - 0x00007ffeb50cb000 	C:\Windows\System32\WS2_32.dll
0x00007ffeaea20000 - 0x00007ffeaea2f000 	C:\Users\Sun3k\.jdks\corretto-1.8.0_332\jre\bin\verify.dll
0x00007ffeae6b0000 - 0x00007ffeae6d9000 	C:\Users\Sun3k\.jdks\corretto-1.8.0_332\jre\bin\java.dll
0x00007ffe9d9f0000 - 0x00007ffe9da25000 	C:\Users\Sun3k\.jdks\corretto-1.8.0_332\jre\bin\jdwp.dll
0x00007ffeafc20000 - 0x00007ffeafc28000 	C:\Users\Sun3k\.jdks\corretto-1.8.0_332\jre\bin\npt.dll
0x00007ffe9d9b0000 - 0x00007ffe9d9da000 	C:\Users\Sun3k\.jdks\corretto-1.8.0_332\jre\bin\instrument.dll
0x00007ffeaea00000 - 0x00007ffeaea16000 	C:\Users\Sun3k\.jdks\corretto-1.8.0_332\jre\bin\zip.dll
0x00007ffeb57b0000 - 0x00007ffeb5ef4000 	C:\Windows\System32\SHELL32.dll
0x00007ffeb2170000 - 0x00007ffeb2904000 	C:\Windows\SYSTEM32\windows.storage.dll
0x00007ffeb4a70000 - 0x00007ffeb4dc4000 	C:\Windows\System32\combase.dll
0x00007ffeb3ad0000 - 0x00007ffeb3afc000 	C:\Windows\SYSTEM32\Wldp.dll
0x00007ffeb6200000 - 0x00007ffeb62ad000 	C:\Windows\System32\SHCORE.dll
0x00007ffeb5540000 - 0x00007ffeb5595000 	C:\Windows\System32\shlwapi.dll
0x00007ffeb3fb0000 - 0x00007ffeb3fcf000 	C:\Windows\SYSTEM32\profapi.dll
0x00007ffeafc10000 - 0x00007ffeafc19000 	C:\Users\Sun3k\.jdks\corretto-1.8.0_332\jre\bin\dt_socket.dll
0x00007ffeb3830000 - 0x00007ffeb389a000 	C:\Windows\system32\mswsock.dll
0x00007ffeafd00000 - 0x00007ffeafd0d000 	C:\Users\Sun3k\.jdks\corretto-1.8.0_332\jre\bin\management.dll
0x00007ffeae690000 - 0x00007ffeae6aa000 	C:\Users\Sun3k\.jdks\corretto-1.8.0_332\jre\bin\net.dll
0x00007ffeae670000 - 0x00007ffeae682000 	C:\Users\Sun3k\.jdks\corretto-1.8.0_332\jre\bin\nio.dll
0x00007ffeb3a20000 - 0x00007ffeb3a38000 	C:\Windows\SYSTEM32\CRYPTSP.dll
0x00007ffeb3140000 - 0x00007ffeb3174000 	C:\Windows\system32\rsaenh.dll
0x00007ffeb4980000 - 0x00007ffeb49a7000 	C:\Windows\System32\bcrypt.dll
0x00007ffeb3f30000 - 0x00007ffeb3f5e000 	C:\Windows\SYSTEM32\USERENV.dll
0x00007ffeb4750000 - 0x00007ffeb47d2000 	C:\Windows\System32\bcryptprimitives.dll
0x00007ffeb3a40000 - 0x00007ffeb3a4c000 	C:\Windows\SYSTEM32\CRYPTBASE.dll
0x00007ffeb34b0000 - 0x00007ffeb34eb000 	C:\Windows\SYSTEM32\IPHLPAPI.DLL
0x00007ffeb5f60000 - 0x00007ffeb5f68000 	C:\Windows\System32\NSI.dll
0x00007ffea8bc0000 - 0x00007ffea8bd7000 	C:\Windows\SYSTEM32\dhcpcsvc6.DLL
0x00007ffeab020000 - 0x00007ffeab03d000 	C:\Windows\SYSTEM32\dhcpcsvc.DLL
0x00007ffeb34f0000 - 0x00007ffeb35bb000 	C:\Windows\SYSTEM32\DNSAPI.dll
0x00007ffeaeef0000 - 0x00007ffeaeefa000 	C:\Users\Sun3k\AppData\Local\Temp\jansi-64-2405710398648211724.dll
0x00007ffe77a30000 - 0x00007ffe77a47000 	C:\Windows\system32\napinsp.dll
0x00007ffe629d0000 - 0x00007ffe629eb000 	C:\Windows\system32\pnrpnsp.dll
0x00007ffeaee60000 - 0x00007ffeaee75000 	C:\Windows\system32\wshbth.dll
0x00007ffeafbb0000 - 0x00007ffeafbcd000 	C:\Windows\system32\NLAapi.dll
0x00007ffe629b0000 - 0x00007ffe629c2000 	C:\Windows\System32\winrnr.dll
0x00007ffea8160000 - 0x00007ffea816a000 	C:\Windows\System32\rasadhlp.dll
0x00007ffea7d30000 - 0x00007ffea7db0000 	C:\Windows\System32\fwpuclnt.dll
0x00007ffeafcb0000 - 0x00007ffeafcd3000 	C:\Users\Sun3k\.jdks\corretto-1.8.0_332\jre\bin\sunec.dll
0x00007ffeafcf0000 - 0x00007ffeafcfc000 	C:\Users\Sun3k\.jdks\corretto-1.8.0_332\jre\bin\sunmscapi.dll
0x00007ffeb4070000 - 0x00007ffeb41c6000 	C:\Windows\System32\CRYPT32.dll
0x00007ffeb3b40000 - 0x00007ffeb3b67000 	C:\Windows\SYSTEM32\ncrypt.dll
0x00007ffeb3b00000 - 0x00007ffeb3b3b000 	C:\Windows\SYSTEM32\NTASN1.dll
0x0000000180000000 - 0x0000000180053000 	C:\Users\Sun3k\.gradle\caches\minecraft\net\minecraft\natives\1.8.9\lwjgl64.dll
0x00007ffe7d620000 - 0x00007ffe7d746000 	C:\Windows\SYSTEM32\OPENGL32.dll
0x00007ffe7d5f0000 - 0x00007ffe7d61c000 	C:\Windows\SYSTEM32\GLU32.dll
0x00007ffe52980000 - 0x00007ffe52b15000 	C:\Users\Sun3k\.jdks\corretto-1.8.0_332\jre\bin\awt.dll
0x00007ffeb60f0000 - 0x00007ffeb61bd000 	C:\Windows\System32\OLEAUT32.dll
0x00007ffeb18b0000 - 0x00007ffeb1940000 	C:\Windows\SYSTEM32\apphelp.dll
0x00007ffeaeb70000 - 0x00007ffeaec1e000 	C:\Windows\SYSTEM32\mscms.dll
0x00007ffeaeb50000 - 0x00007ffeaeb61000 	C:\Windows\SYSTEM32\ColorAdapterClient.dll
0x00007ffeb1f70000 - 0x00007ffeb1f82000 	C:\Windows\SYSTEM32\kernel.appcore.dll
0x00007ffeb55d0000 - 0x00007ffeb5679000 	C:\Windows\System32\clbcatq.dll
0x00007ffeac730000 - 0x00007ffeac773000 	C:\Windows\System32\Windows.Internal.Graphics.Display.DisplayColorManagement.dll
0x00007ffeb41d0000 - 0x00007ffeb421e000 	C:\Windows\System32\cfgmgr32.dll
0x00007ffeb1a70000 - 0x00007ffeb1b0e000 	C:\Windows\system32\uxtheme.dll
0x00007ffeb5690000 - 0x00007ffeb57a5000 	C:\Windows\System32\MSCTF.dll
0x00007ffea19f0000 - 0x00007ffea1ae9000 	C:\Windows\SYSTEM32\textinputframework.dll
0x00007ffeb0ec0000 - 0x00007ffeb121e000 	C:\Windows\System32\CoreUIComponents.dll
0x00007ffeb15a0000 - 0x00007ffeb1692000 	C:\Windows\System32\CoreMessaging.dll
0x00007ffeb2d70000 - 0x00007ffeb2da3000 	C:\Windows\SYSTEM32\ntmarta.dll
0x00007ffeafee0000 - 0x00007ffeb0034000 	C:\Windows\SYSTEM32\wintypes.dll
0x00007ffead280000 - 0x00007ffead377000 	C:\Windows\System32\AppXDeploymentClient.dll
0x00007ffe9b620000 - 0x00007ffe9b64c000 	C:\Windows\System32\DriverStore\FileRepository\u0375335.inf_amd64_7de275617d9da25a\B374868\atig6pxx.dll
0x00007ffe47b80000 - 0x00007ffe4a9c3000 	C:\Windows\System32\DriverStore\FileRepository\u0375335.inf_amd64_7de275617d9da25a\B374868\atio6axx.dll
0x00007ffeb6350000 - 0x00007ffeb67bf000 	C:\Windows\System32\SETUPAPI.dll
0x00007ffe9f7f0000 - 0x00007ffe9f814000 	C:\Windows\SYSTEM32\dxva2.dll
0x00007ffeb67e0000 - 0x00007ffeb690a000 	C:\Windows\System32\ole32.dll
0x00007ffeb1c80000 - 0x00007ffeb1caf000 	C:\Windows\SYSTEM32\dwmapi.dll
0x00007ffe9b5e0000 - 0x00007ffe9b61f000 	C:\Windows\System32\DriverStore\FileRepository\u0375335.inf_amd64_7de275617d9da25a\B374868\atig6txx.dll
0x00007ffe6eee0000 - 0x00007ffe6f0b4000 	C:\Windows\SYSTEM32\atiadlxx.dll
0x00007ffeafab0000 - 0x00007ffeafba6000 	C:\Windows\SYSTEM32\PROPSYS.dll
0x00007ffe92cf0000 - 0x00007ffe92d39000 	C:\Windows\SYSTEM32\pdh.dll
0x00007ffeb3e20000 - 0x00007ffeb3e4c000 	C:\Windows\SYSTEM32\DEVOBJ.dll
0x00007ffeb48e0000 - 0x00007ffeb4947000 	C:\Windows\System32\WINTRUST.dll
0x00007ffeb3c60000 - 0x00007ffeb3c72000 	C:\Windows\SYSTEM32\MSASN1.dll
0x00007ffeabd00000 - 0x00007ffeabd3b000 	C:\Windows\SYSTEM32\dxcore.dll
0x00007ffe671f0000 - 0x00007ffe67233000 	C:\Windows\SYSTEM32\icm32.dll
0x000001d557070000 - 0x000001d5570a8000 	C:\Users\Sun3k\AppData\Local\Temp\jna\jna815716740537463719.dll
0x00007ffe9b590000 - 0x00007ffe9b5db000 	C:\ProgramData\obs-studio-hook\graphics-hook64.dll
0x0000000070a40000 - 0x0000000070adc000 	C:\Users\Sun3k\.gradle\caches\minecraft\net\minecraft\natives\1.8.9\avutil-ttv-51.dll
0x0000000065980000 - 0x00000000659d6000 	C:\Users\Sun3k\.gradle\caches\minecraft\net\minecraft\natives\1.8.9\swresample-ttv-0.dll
0x000000006eb80000 - 0x000000006ec50000 	C:\Users\Sun3k\.gradle\caches\minecraft\net\minecraft\natives\1.8.9\libmp3lame-ttv.dll
0x00007ffe515d0000 - 0x00007ffe52974000 	C:\Users\Sun3k\.gradle\caches\minecraft\net\minecraft\natives\1.8.9\libmfxsw64.dll
0x00007ffe60740000 - 0x00007ffe608ad000 	C:\Users\Sun3k\.gradle\caches\minecraft\net\minecraft\natives\1.8.9\twitchsdk.dll
0x00007ffe99ea0000 - 0x00007ffe9a376000 	C:\Windows\SYSTEM32\WININET.dll
0x000001d559430000 - 0x000001d559494000 	C:\Users\Sun3k\.gradle\caches\minecraft\net\minecraft\natives\1.8.9\OpenAL64.dll
0x00007ffeaad30000 - 0x00007ffeaadb5000 	C:\Windows\System32\MMDevApi.dll
0x00007ffe965f0000 - 0x00007ffe9668c000 	C:\Windows\SYSTEM32\dsound.dll
0x00007ffeb3730000 - 0x00007ffeb377b000 	C:\Windows\SYSTEM32\powrprof.dll
0x00007ffe9a760000 - 0x00007ffe9a786000 	C:\Windows\SYSTEM32\winmmbase.dll
0x00007ffeb3630000 - 0x00007ffeb3642000 	C:\Windows\SYSTEM32\UMPDC.dll
0x00007ffeaadc0000 - 0x00007ffeaaf42000 	C:\Windows\SYSTEM32\AUDIOSES.DLL
0x00007ffeb1b80000 - 0x00007ffeb1b94000 	C:\Windows\SYSTEM32\resourcepolicyclient.dll
0x00007ffeb0040000 - 0x00007ffeb02a3000 	C:\Windows\system32\d3d11.dll
0x00007ffeb2970000 - 0x00007ffeb2a63000 	C:\Windows\SYSTEM32\dxgi.dll
0x00007ffeab0e0000 - 0x00007ffeab298000 	C:\Windows\System32\DriverStore\FileRepository\u0375335.inf_amd64_7de275617d9da25a\B374868\aticfx64.dll
0x00007ffeaaf50000 - 0x00007ffeaaf89000 	C:\Windows\System32\DriverStore\FileRepository\u0375335.inf_amd64_7de275617d9da25a\B374868\atiuxp64.dll
0x00007ffea8df0000 - 0x00007ffeaad27000 	C:\Windows\System32\DriverStore\FileRepository\u0375335.inf_amd64_7de275617d9da25a\B374868\atidxx64.dll
0x00007ffea8ab0000 - 0x00007ffea8ae0000 	C:\Windows\SYSTEM32\amdihk64.dll
0x00007ffea8200000 - 0x00007ffea822b000 	C:\Windows\SYSTEM32\D3DSCache.dll
0x00007ffeada20000 - 0x00007ffeadc20000 	C:\Windows\SYSTEM32\twinapi.appcore.dll
0x00007ffe9faf0000 - 0x00007ffe9fcd4000 	C:\Windows\SYSTEM32\dbghelp.dll

VM Arguments:
jvm_args: -agentlib:jdwp=transport=dt_socket,address=127.0.0.1:64543,suspend=y,server=n -javaagent:C:\Users\Sun3k\AppData\Local\JetBrains\IdeaIC2022.1\captureAgent\debugger-agent.jar -Dfile.encoding=UTF-8 
java_command: GradleStart --mixin mixins.sunrise.json --tweakClass org.spongepowered.asm.launch.MixinTweaker -Ddevauth.account --javaagent:C:\Users\Sun3k\.gradle\caches\modules-2\files-2.1\org.spongepowered\mixin\0.7.11-SNAPSHOT\7a670207bdb97db418118ad1e9bb42424ff3776d\mixin-0.7.11-SNAPSHOT.jar
java_class_path (initial): C:\Users\Sun3k\.jdks\corretto-1.8.0_332\jre\lib\charsets.jar;C:\Users\Sun3k\.jdks\corretto-1.8.0_332\jre\lib\ext\access-bridge-64.jar;C:\Users\Sun3k\.jdks\corretto-1.8.0_332\jre\lib\ext\cldrdata.jar;C:\Users\Sun3k\.jdks\corretto-1.8.0_332\jre\lib\ext\dnsns.jar;C:\Users\Sun3k\.jdks\corretto-1.8.0_332\jre\lib\ext\jaccess.jar;C:\Users\Sun3k\.jdks\corretto-1.8.0_332\jre\lib\ext\jfxrt.jar;C:\Users\Sun3k\.jdks\corretto-1.8.0_332\jre\lib\ext\localedata.jar;C:\Users\Sun3k\.jdks\corretto-1.8.0_332\jre\lib\ext\nashorn.jar;C:\Users\Sun3k\.jdks\corretto-1.8.0_332\jre\lib\ext\sunec.jar;C:\Users\Sun3k\.jdks\corretto-1.8.0_332\jre\lib\ext\sunjce_provider.jar;C:\Users\Sun3k\.jdks\corretto-1.8.0_332\jre\lib\ext\sunmscapi.jar;C:\Users\Sun3k\.jdks\corretto-1.8.0_332\jre\lib\ext\sunpkcs11.jar;C:\Users\Sun3k\.jdks\corretto-1.8.0_332\jre\lib\ext\zipfs.jar;C:\Users\Sun3k\.jdks\corretto-1.8.0_332\jre\lib\jce.jar;C:\Users\Sun3k\.jdks\corretto-1.8.0_332\jre\lib\jfr.jar;C:\Users\Sun3k\.jdks\corretto-1.8.0_332\jre\lib\jfxswt.jar;C:\Users\Sun3k\.jdks\corretto-1.8.0_332\jre\lib\jsse.jar;C:\Users\Sun3k\.jdks\corretto-1.8.0_332\jre\lib\management-agent.jar;C:\Users\Sun3k\.jdks\corretto-1.8.0_332\jre\lib\resources.jar;C:\Users\Sun3k\.jdks\corretto-1.8.0_332\jre\lib\rt.jar;C:\Users\Sun3k\IdeaProjects\Sunrise8\build\classes\java\main;C:\Users\Sun3k\.gradle\caches\minecraft\deobfedDeps\compileDummy.jar;C:\Users\Sun3k\.gradle\caches\minecraft\deobfedDeps\providedDummy.jar;C:\Users\Sun3k\.gradle\caches\modules-2\files-2.1\org.spongepowered\mixin\0.7.11-SNAPSHOT\7a670207bdb97db418118ad1e9bb42424ff3776d\mixin-0.7.11-SNAPSHOT.jar;C:\Users\Sun3k\.gradle\caches\modules-2\files-2.1\gg.essential\elementa-1.8.9-forge\507\38e5ea484636664fc185041360ee5e86cfc147b5\elementa-1.8.9-forge-507.jar;C:\Users\Sun3k\.gradle\caches\modules-2\files-2.1\com.google.guava\guava\17.0\9c6ef172e8de35fd8d4d8783e4821e57cdef7445\guava-17.0.jar;C:\Users\Sun3k\.gradle\caches\modules-2\files-2.1\commons-io\c
Launcher Type: SUN_STANDARD

Environment Variables:
JAVA_HOME=C:\Program Files\OpenJDK\jdk-18
PATH=C:\Windows\system32;C:\Windows;C:\Windows\System32\Wbem;C:\Windows\System32\WindowsPowerShell\v1.0\;C:\Windows\System32\OpenSSH\;C:\ProgramData\chocolatey\bin;C:\Program Files\Microsoft VS Code\bin;C:\Program Files (x86)\Yarn\bin\;C:\Program Files\nodejs\;C:\Program Files\Git\cmd;C:\Program Files\OpenJDK\jdk-18\bin;C:\Program Files\dotnet\;C:\Users\Sun3k\AppData\Local\Programs\Python\Python310\Scripts\;C:\Users\Sun3k\AppData\Local\Programs\Python\Python310\;C:\Users\Sun3k\AppData\Local\Microsoft\WindowsApps;C:\Users\Sun3k\AppData\Local\Yarn\bin;C:\Users\Sun3k\AppData\Roaming\npm;C:\Program Files\Oracle\VirtualBox;C:\Program Files\heroku\bin;C:\Program Files\JetBrains\IntelliJ IDEA Community Edition 2022.1.1\bin;;C:\Users\Sun3k\.dotnet\tools
USERNAME=Sun3k
OS=Windows_NT
PROCESSOR_IDENTIFIER=AMD64 Family 23 Model 24 Stepping 1, AuthenticAMD



---------------  S Y S T E M  ---------------

OS: Windows 10.0 , 64 bit Build 19041 (10.0.19041.1741)

CPU:total 8 (initial active 8) (8 cores per cpu, 1 threads per core) family 23 model 24 stepping 1, cmov, cx8, fxsr, mmx, sse, sse2, sse3, ssse3, sse4.1, sse4.2, popcnt, avx, avx2, aes, clmul, mmxext, 3dnowpref, lzcnt, sse4a, tsc, tscinvbit, tscinv, bmi1

Memory: 4k page, physical 6206224k(416168k free), swap 19837712k(4994284k free)

vm_info: OpenJDK 64-Bit Server VM (25.332-b08) for windows-amd64 JRE (1.8.0_332-b08), built on Apr 16 2022 08:31:02 by "Administrator" with MS VC++ 12.0 (VS2013)

time: Mon Jun 20 13:56:23 2022
timezone: South Sudan Standard Time
elapsed time: 231.151581 seconds (0d 0h 3m 51s)

