#
# A fatal error has been detected by the Java Runtime Environment:
#
#  EXCEPTION_ACCESS_VIOLATION (0xc0000005) at pc=0x0000000000000000, pid=8952, tid=0x0000000000001c34
#
# JRE version: OpenJDK Runtime Environment (8.0_332-b08) (build 1.8.0_332-b08)
# Java VM: OpenJDK 64-Bit Server VM (25.332-b08 mixed mode windows-amd64 compressed oops)
# Problematic frame:
# C  0x0000000000000000
#
# Failed to write core dump. Minidumps are not enabled by default on client versions of Windows
#
# If you would like to submit a bug report, please visit:
#   https://github.com/corretto/corretto-8/issues/
#

---------------  T H R E A D  ---------------

Current thread (0x0000016e61cce800):  VMThread [stack: 0x0000000a62e00000,0x0000000a62f00000] [id=7220]

siginfo: ExceptionCode=0xc0000005, ExceptionInformation=0x0000000000000008 0x0000000000000000

Registers:
RAX=0x0000000000000000, RBX=0x0000000000000000, RCX=0x0000000000000001, RDX=0x00007ffe8188f0b8
RSP=0x0000000a62eff228, RBP=0x0000016e4cd67bf0, RSI=0x0000000000010000, RDI=0x0000000000000000
R8 =0x0000000a6213e000, R9 =0x000000000000003e, R10=0x0000000000000000, R11=0x0000016e667d0090
R12=0x00007ffe7d6fe810, R13=0x0000000000000082, R14=0x00007ffe7d620000, R15=0x0000000000000001
RIP=0x0000000000000000, EFLAGS=0x0000000000010202

Top of Stack: (sp=0x0000000a62eff228)
0x0000000a62eff228:   00007ffe81852f2c 0000000000000000
0x0000000a62eff238:   0000016e4cd67bf0 0000000000000082
0x0000000a62eff248:   0000000000010000 0000000000000000
0x0000000a62eff258:   00007ffe8185406e 0000000000000000
0x0000000a62eff268:   0000016e4cd67bf0 0000000000010000
0x0000000a62eff278:   0000016e67747098 0000000000000001
0x0000000a62eff288:   00007ffe7d626e2e 0000000000000000
0x0000000a62eff298:   0000000000000001 000000018004bb20
0x0000000a62eff2a8:   0000000000000000 0000000000000001
0x0000000a62eff2b8:   00007ffe7d627276 0000000000000000
0x0000000a62eff2c8:   0000016e4cd67bf0 0000000000000001
0x0000000a62eff2d8:   0000000000000001 0000000000000000
0x0000000a62eff2e8:   00007ffe7d6fe94f 0000000000000001
0x0000000a62eff2f8:   0000000000000000 0000000000000000
0x0000000a62eff308:   0000016e6af90b30 0000000100000001
0x0000000a62eff318:   000000018000ecac 000000018001c558 

Instructions: (pc=0x0000000000000000)
0xffffffffffffffe0:   


Register to memory mapping:

RAX=0x0000000000000000 is an unknown value
RBX=0x0000000000000000 is an unknown value
RCX=0x0000000000000001 is an unknown value
RDX=0x00007ffe8188f0b8 is an unknown value
RSP=0x0000000a62eff228 is an unknown value
RBP=0x0000016e4cd67bf0 is an unknown value
RSI=0x0000000000010000 is an unknown value
RDI=0x0000000000000000 is an unknown value
R8 =0x0000000a6213e000 is an unknown value
R9 =0x000000000000003e is an unknown value
R10=0x0000000000000000 is an unknown value
R11=0x0000016e667d0090 is an unknown value
R12=0x00007ffe7d6fe810 is an unknown value
R13=0x0000000000000082 is an unknown value
R14=0x00007ffe7d620000 is an unknown value
R15=0x0000000000000001 is an unknown value


Stack: [0x0000000a62e00000,0x0000000a62f00000],  sp=0x0000000a62eff228,  free space=1020k
Native frames: (J=compiled Java code, j=interpreted, Vv=VM code, C=native code)

VM_Operation (0x0000000a623ff110): Exit, mode: safepoint, requested by thread 0x0000016e0ac4d000


---------------  P R O C E S S  ---------------

Java Threads: ( => current thread )
  0x0000016e0ac4d000 JavaThread "SIGINT handler" daemon [_thread_blocked, id=20104, stack(0x0000000a62300000,0x0000000a62400000)]
  0x0000016e0ac47000 JavaThread "Netty Client IO #4" daemon [_thread_blocked, id=10848, stack(0x0000000a66200000,0x0000000a66300000)]
  0x0000016e0ac40800 JavaThread "Netty Client IO #3" daemon [_thread_blocked, id=13208, stack(0x0000000a66000000,0x0000000a66100000)]
  0x0000016e0ac47800 JavaThread "Netty Client IO #1" daemon [_thread_blocked, id=22208, stack(0x0000000a65e00000,0x0000000a65f00000)]
  0x0000016e0ac45800 JavaThread "Netty Client IO #0" daemon [_thread_blocked, id=19428, stack(0x0000000a65d00000,0x0000000a65e00000)]
  0x0000016e0ac46000 JavaThread "Netty Client IO #2" daemon [_thread_blocked, id=21028, stack(0x0000000a65c00000,0x0000000a65d00000)]
  0x0000016e0ac43000 JavaThread "Netty Client IO #0" daemon [_thread_blocked, id=20364, stack(0x0000000a65b00000,0x0000000a65c00000)]
  0x0000016e0ac41800 JavaThread "Server Pinger #4" daemon [_thread_blocked, id=16448, stack(0x0000000a65900000,0x0000000a65a00000)]
  0x0000016e0ac44800 JavaThread "Server Pinger #3" daemon [_thread_blocked, id=2540, stack(0x0000000a65800000,0x0000000a65900000)]
  0x0000016e0ac3f000 JavaThread "Server Pinger #2" daemon [_thread_blocked, id=2056, stack(0x0000000a65700000,0x0000000a65800000)]
  0x0000016e69355000 JavaThread "Server Pinger #1" daemon [_thread_blocked, id=6828, stack(0x0000000a65600000,0x0000000a65700000)]
  0x0000016e69359000 JavaThread "Thread-13" daemon [_thread_in_native, id=15352, stack(0x0000000a65500000,0x0000000a65600000)]
  0x0000016e6935a000 JavaThread "Server Pinger #0" daemon [_thread_blocked, id=14780, stack(0x0000000a65400000,0x0000000a65500000)]
  0x0000016e69356000 JavaThread "Thread-12" [_thread_blocked, id=15032, stack(0x0000000a65000000,0x0000000a65100000)]
  0x0000016e6935c000 JavaThread "Thread-11" [_thread_blocked, id=17608, stack(0x0000000a64e00000,0x0000000a64f00000)]
  0x0000016e0d9d8800 JavaThread "Chunk Batcher 1" daemon [_thread_blocked, id=20072, stack(0x0000000a64c00000,0x0000000a64d00000)]
  0x0000016e0aada000 JavaThread "Chunk Batcher 0" daemon [_thread_blocked, id=784, stack(0x0000000a64b00000,0x0000000a64c00000)]
  0x0000016e664bc000 JavaThread "LWJGL Timer" daemon [_thread_blocked, id=13100, stack(0x0000000a64400000,0x0000000a64500000)]
  0x0000016e6b6da800 JavaThread "Java2D Disposer" daemon [_thread_blocked, id=19540, stack(0x0000000a63f00000,0x0000000a64000000)]
  0x0000016e6d0ae800 JavaThread "Timer hack thread" daemon [_thread_blocked, id=19080, stack(0x0000000a63e00000,0x0000000a63f00000)]
  0x0000016e690ac800 JavaThread "Snooper Timer" daemon [_thread_blocked, id=20668, stack(0x0000000a63d00000,0x0000000a63e00000)]
  0x0000016e6fabc800 JavaThread "Snooper Timer" daemon [_thread_blocked, id=2292, stack(0x0000000a63c00000,0x0000000a63d00000)]
  0x0000016e63c52000 JavaThread "Service Thread" daemon [_thread_blocked, id=19376, stack(0x0000000a63a00000,0x0000000a63b00000)]
  0x0000016e63bb5800 JavaThread "C1 CompilerThread3" daemon [_thread_blocked, id=12416, stack(0x0000000a63900000,0x0000000a63a00000)]
  0x0000016e61d8a000 JavaThread "C2 CompilerThread2" daemon [_thread_blocked, id=22164, stack(0x0000000a63800000,0x0000000a63900000)]
  0x0000016e61d89000 JavaThread "C2 CompilerThread1" daemon [_thread_blocked, id=22368, stack(0x0000000a63700000,0x0000000a63800000)]
  0x0000016e61d88800 JavaThread "C2 CompilerThread0" daemon [_thread_blocked, id=11012, stack(0x0000000a63600000,0x0000000a63700000)]
  0x0000016e61d63000 JavaThread "JDWP Event Helper Thread" daemon [_thread_blocked, id=21664, stack(0x0000000a63400000,0x0000000a63500000)]
  0x0000016e61d38800 JavaThread "Attach Listener" daemon [_thread_blocked, id=20992, stack(0x0000000a63200000,0x0000000a63300000)]
  0x0000016e61d37800 JavaThread "Signal Dispatcher" daemon [_thread_blocked, id=9356, stack(0x0000000a63100000,0x0000000a63200000)]
  0x0000016e61d07800 JavaThread "Finalizer" daemon [_thread_blocked, id=5648, stack(0x0000000a63000000,0x0000000a63100000)]
  0x0000016e61d00000 JavaThread "Reference Handler" daemon [_thread_blocked, id=20780, stack(0x0000000a62f00000,0x0000000a63000000)]
  0x0000016e4cd46800 JavaThread "Client thread" [_thread_blocked, id=19324, stack(0x0000000a62500000,0x0000000a62600000)]

Other Threads:
=>0x0000016e61cce800 VMThread [stack: 0x0000000a62e00000,0x0000000a62f00000] [id=7220]

VM state:at safepoint (shutting down)

VM Mutex/Monitor currently owned by a thread:  ([mutex/lock_event])
[0x0000016e4cd461c0] Threads_lock - owner thread: 0x0000016e61cce800

heap address: 0x00000000a1400000, size: 1516 MB, Compressed Oops mode: 32-bit
Narrow klass base: 0x0000000000000000, Narrow klass shift: 3
Compressed class space size: 1073741824 Address: 0x0000000100000000

Heap:
 PSYoungGen      total 500736K, used 61210K [0x00000000e0700000, 0x00000000ffd80000, 0x0000000100000000)
  eden space 487936K, 11% used [0x00000000e0700000,0x00000000e3c56ed0,0x00000000fe380000)
  from space 12800K, 51% used [0x00000000ff100000,0x00000000ff76f978,0x00000000ffd80000)
  to   space 13312K, 0% used [0x00000000fe380000,0x00000000fe380000,0x00000000ff080000)
 ParOldGen       total 389632K, used 270102K [0x00000000a1400000, 0x00000000b9080000, 0x00000000e0700000)
  object space 389632K, 69% used [0x00000000a1400000,0x00000000b1bc5b40,0x00000000b9080000)
 Metaspace       used 53131K, capacity 53629K, committed 54144K, reserved 1097728K
  class space    used 6284K, capacity 6435K, committed 6528K, reserved 1048576K

Card table byte_map: [0x0000016e5db10000,0x0000016e5de10000] byte_map_base: 0x0000016e5d606000

Marking Bits: (ParMarkBitMap*) 0x0000000064027850
 Begin Bits: [0x0000016e5e010000, 0x0000016e5f7c0000)
 End Bits:   [0x0000016e5f7c0000, 0x0000016e60f70000)

Polling page: 0x0000016e4e720000

CodeCache: size=245760Kb used=40232Kb max_used=40933Kb free=205527Kb
 bounds [0x0000016e4e750000, 0x0000016e51020000, 0x0000016e5d750000]
 total_blobs=10368 nmethods=9463 adapters=824
 compilation: enabled

Compilation events (10 events):
Event: 276.877 Thread 0x0000016e61d89000 13932       4       net.minecraft.entity.EntityLivingBase::setPositionAndRotation2 (37 bytes)
Event: 276.878 Thread 0x0000016e61d89000 nmethod 13932 0x0000016e4f26bb50 code [0x0000016e4f26bc80, 0x0000016e4f26bd18]
Event: 276.948 Thread 0x0000016e63bb5800 13933       3       java.util.logging.LogManager$LoggerContext::getRootLogger (8 bytes)
Event: 276.948 Thread 0x0000016e63bb5800 nmethod 13933 0x0000016e50bf4050 code [0x0000016e50bf41a0, 0x0000016e50bf43b8]
Event: 276.949 Thread 0x0000016e63bb5800 13934       3       java.util.logging.LogManager$LoggerContext::getGlobalLogger (6 bytes)
Event: 276.949 Thread 0x0000016e63bb5800 nmethod 13934 0x0000016e50bf3c50 code [0x0000016e50bf3da0, 0x0000016e50bf3ef8]
Event: 276.951 Thread 0x0000016e63bb5800 13935       3       org.apache.logging.log4j.core.helpers.NameUtil::getSubName (32 bytes)
Event: 276.952 Thread 0x0000016e63bb5800 nmethod 13935 0x0000016e4ff0e690 code [0x0000016e4ff0e820, 0x0000016e4ff0edc0]
Event: 276.953 Thread 0x0000016e63bb5800 13936       1       org.apache.logging.log4j.core.config.LoggerConfig::getLevel (5 bytes)
Event: 276.953 Thread 0x0000016e63bb5800 nmethod 13936 0x0000016e509e4d50 code [0x0000016e509e4ea0, 0x0000016e509e4fb8]

GC Heap History (10 events):
Event: 255.557 GC heap before
{Heap before GC invocations=97 (full 7):
 PSYoungGen      total 480768K, used 469857K [0x00000000e0700000, 0x00000000ff500000, 0x0000000100000000)
  eden space 463360K, 100% used [0x00000000e0700000,0x00000000fcb80000,0x00000000fcb80000)
  from space 17408K, 37% used [0x00000000fcb80000,0x00000000fd1d8550,0x00000000fdc80000)
  to   space 16896K, 0% used [0x00000000fe480000,0x00000000fe480000,0x00000000ff500000)
 ParOldGen       total 389632K, used 269766K [0x00000000a1400000, 0x00000000b9080000, 0x00000000e0700000)
  object space 389632K, 69% used [0x00000000a1400000,0x00000000b1b71b20,0x00000000b9080000)
 Metaspace       used 53108K, capacity 53629K, committed 54144K, reserved 1097728K
  class space    used 6282K, capacity 6435K, committed 6528K, reserved 1048576K
Event: 255.564 GC heap after
Heap after GC invocations=97 (full 7):
 PSYoungGen      total 485888K, used 6719K [0x00000000e0700000, 0x00000000ff280000, 0x0000000100000000)
  eden space 471552K, 0% used [0x00000000e0700000,0x00000000e0700000,0x00000000fd380000)
  from space 14336K, 46% used [0x00000000fe480000,0x00000000feb0ffc8,0x00000000ff280000)
  to   space 15872K, 0% used [0x00000000fd380000,0x00000000fd380000,0x00000000fe300000)
 ParOldGen       total 389632K, used 269830K [0x00000000a1400000, 0x00000000b9080000, 0x00000000e0700000)
  object space 389632K, 69% used [0x00000000a1400000,0x00000000b1b81b20,0x00000000b9080000)
 Metaspace       used 53108K, capacity 53629K, committed 54144K, reserved 1097728K
  class space    used 6282K, capacity 6435K, committed 6528K, reserved 1048576K
}
Event: 260.428 GC heap before
{Heap before GC invocations=98 (full 7):
 PSYoungGen      total 485888K, used 478271K [0x00000000e0700000, 0x00000000ff280000, 0x0000000100000000)
  eden space 471552K, 100% used [0x00000000e0700000,0x00000000fd380000,0x00000000fd380000)
  from space 14336K, 46% used [0x00000000fe480000,0x00000000feb0ffc8,0x00000000ff280000)
  to   space 15872K, 0% used [0x00000000fd380000,0x00000000fd380000,0x00000000fe300000)
 ParOldGen       total 389632K, used 269830K [0x00000000a1400000, 0x00000000b9080000, 0x00000000e0700000)
  object space 389632K, 69% used [0x00000000a1400000,0x00000000b1b81b20,0x00000000b9080000)
 Metaspace       used 53110K, capacity 53629K, committed 54144K, reserved 1097728K
  class space    used 6282K, capacity 6435K, committed 6528K, reserved 1048576K
Event: 260.434 GC heap after
Heap after GC invocations=98 (full 7):
 PSYoungGen      total 487424K, used 6658K [0x00000000e0700000, 0x00000000ff980000, 0x0000000100000000)
  eden space 471552K, 0% used [0x00000000e0700000,0x00000000e0700000,0x00000000fd380000)
  from space 15872K, 41% used [0x00000000fd380000,0x00000000fda00a50,0x00000000fe300000)
  to   space 15360K, 0% used [0x00000000fea80000,0x00000000fea80000,0x00000000ff980000)
 ParOldGen       total 389632K, used 269894K [0x00000000a1400000, 0x00000000b9080000, 0x00000000e0700000)
  object space 389632K, 69% used [0x00000000a1400000,0x00000000b1b91b20,0x00000000b9080000)
 Metaspace       used 53110K, capacity 53629K, committed 54144K, reserved 1097728K
  class space    used 6282K, capacity 6435K, committed 6528K, reserved 1048576K
}
Event: 266.170 GC heap before
{Heap before GC invocations=99 (full 7):
 PSYoungGen      total 487424K, used 478210K [0x00000000e0700000, 0x00000000ff980000, 0x0000000100000000)
  eden space 471552K, 100% used [0x00000000e0700000,0x00000000fd380000,0x00000000fd380000)
  from space 15872K, 41% used [0x00000000fd380000,0x00000000fda00a50,0x00000000fe300000)
  to   space 15360K, 0% used [0x00000000fea80000,0x00000000fea80000,0x00000000ff980000)
 ParOldGen       total 389632K, used 269894K [0x00000000a1400000, 0x00000000b9080000, 0x00000000e0700000)
  object space 389632K, 69% used [0x00000000a1400000,0x00000000b1b91b20,0x00000000b9080000)
 Metaspace       used 53119K, capacity 53629K, committed 54144K, reserved 1097728K
  class space    used 6282K, capacity 6435K, committed 6528K, reserved 1048576K
Event: 266.182 GC heap after
Heap after GC invocations=99 (full 7):
 PSYoungGen      total 493056K, used 7539K [0x00000000e0700000, 0x00000000ff780000, 0x0000000100000000)
  eden space 479744K, 0% used [0x00000000e0700000,0x00000000e0700000,0x00000000fdb80000)
  from space 13312K, 56% used [0x00000000fea80000,0x00000000ff1dcd48,0x00000000ff780000)
  to   space 14336K, 0% used [0x00000000fdb80000,0x00000000fdb80000,0x00000000fe980000)
 ParOldGen       total 389632K, used 269966K [0x00000000a1400000, 0x00000000b9080000, 0x00000000e0700000)
  object space 389632K, 69% used [0x00000000a1400000,0x00000000b1ba3b20,0x00000000b9080000)
 Metaspace       used 53119K, capacity 53629K, committed 54144K, reserved 1097728K
  class space    used 6282K, capacity 6435K, committed 6528K, reserved 1048576K
}
Event: 271.668 GC heap before
{Heap before GC invocations=100 (full 7):
 PSYoungGen      total 493056K, used 487283K [0x00000000e0700000, 0x00000000ff780000, 0x0000000100000000)
  eden space 479744K, 100% used [0x00000000e0700000,0x00000000fdb80000,0x00000000fdb80000)
  from space 13312K, 56% used [0x00000000fea80000,0x00000000ff1dcd48,0x00000000ff780000)
  to   space 14336K, 0% used [0x00000000fdb80000,0x00000000fdb80000,0x00000000fe980000)
 ParOldGen       total 389632K, used 269966K [0x00000000a1400000, 0x00000000b9080000, 0x00000000e0700000)
  object space 389632K, 69% used [0x00000000a1400000,0x00000000b1ba3b20,0x00000000b9080000)
 Metaspace       used 53122K, capacity 53629K, committed 54144K, reserved 1097728K
  class space    used 6282K, capacity 6435K, committed 6528K, reserved 1048576K
Event: 271.677 GC heap after
Heap after GC invocations=100 (full 7):
 PSYoungGen      total 494080K, used 7273K [0x00000000e0700000, 0x00000000ffe80000, 0x0000000100000000)
  eden space 479744K, 0% used [0x00000000e0700000,0x00000000e0700000,0x00000000fdb80000)
  from space 14336K, 50% used [0x00000000fdb80000,0x00000000fe29a4d8,0x00000000fe980000)
  to   space 13824K, 0% used [0x00000000ff100000,0x00000000ff100000,0x00000000ffe80000)
 ParOldGen       total 389632K, used 270014K [0x00000000a1400000, 0x00000000b9080000, 0x00000000e0700000)
  object space 389632K, 69% used [0x00000000a1400000,0x00000000b1bafb20,0x00000000b9080000)
 Metaspace       used 53122K, capacity 53629K, committed 54144K, reserved 1097728K
  class space    used 6282K, capacity 6435K, committed 6528K, reserved 1048576K
}
Event: 276.710 GC heap before
{Heap before GC invocations=101 (full 7):
 PSYoungGen      total 494080K, used 487017K [0x00000000e0700000, 0x00000000ffe80000, 0x0000000100000000)
  eden space 479744K, 100% used [0x00000000e0700000,0x00000000fdb80000,0x00000000fdb80000)
  from space 14336K, 50% used [0x00000000fdb80000,0x00000000fe29a4d8,0x00000000fe980000)
  to   space 13824K, 0% used [0x00000000ff100000,0x00000000ff100000,0x00000000ffe80000)
 ParOldGen       total 389632K, used 270014K [0x00000000a1400000, 0x00000000b9080000, 0x00000000e0700000)
  object space 389632K, 69% used [0x00000000a1400000,0x00000000b1bafb20,0x00000000b9080000)
 Metaspace       used 53125K, capacity 53629K, committed 54144K, reserved 1097728K
  class space    used 6282K, capacity 6435K, committed 6528K, reserved 1048576K
Event: 276.718 GC heap after
Heap after GC invocations=101 (full 7):
 PSYoungGen      total 500736K, used 6590K [0x00000000e0700000, 0x00000000ffd80000, 0x0000000100000000)
  eden space 487936K, 0% used [0x00000000e0700000,0x00000000e0700000,0x00000000fe380000)
  from space 12800K, 51% used [0x00000000ff100000,0x00000000ff76f978,0x00000000ffd80000)
  to   space 13312K, 0% used [0x00000000fe380000,0x00000000fe380000,0x00000000ff080000)
 ParOldGen       total 389632K, used 270102K [0x00000000a1400000, 0x00000000b9080000, 0x00000000e0700000)
  object space 389632K, 69% used [0x00000000a1400000,0x00000000b1bc5b40,0x00000000b9080000)
 Metaspace       used 53125K, capacity 53629K, committed 54144K, reserved 1097728K
  class space    used 6282K, capacity 6435K, committed 6528K, reserved 1048576K
}

Deoptimization events (10 events):
Event: 253.490 Thread 0x0000016e4cd46800 Uncommon trap: reason=speculate_class_check action=maybe_recompile pc=0x0000016e508de3c0 method=net.minecraft.util.BlockPos.offset(Lnet/minecraft/util/EnumFacing;I)Lnet/minecraft/util/BlockPos; @ 13
Event: 253.538 Thread 0x0000016e4cd46800 Uncommon trap: reason=speculate_class_check action=maybe_recompile pc=0x0000016e4fffd56c method=net.minecraft.util.BlockPos.offset(Lnet/minecraft/util/EnumFacing;I)Lnet/minecraft/util/BlockPos; @ 13
Event: 253.538 Thread 0x0000016e4cd46800 Uncommon trap: reason=speculate_class_check action=maybe_recompile pc=0x0000016e508de3c0 method=net.minecraft.util.BlockPos.offset(Lnet/minecraft/util/EnumFacing;I)Lnet/minecraft/util/BlockPos; @ 13
Event: 257.619 Thread 0x0000016e4cd46800 Uncommon trap: reason=unstable_if action=reinterpret pc=0x0000016e50ca7190 method=net.minecraft.client.renderer.entity.layers.LayerArmorBase.renderLayer(Lnet/minecraft/entity/EntityLivingBase;FFFFFFFI)V @ 293
Event: 257.653 Thread 0x0000016e4cd46800 Uncommon trap: reason=class_check action=maybe_recompile pc=0x0000016e4fc38e78 method=net.minecraft.entity.Entity.handleWaterMovement()Z @ 53
Event: 262.581 Thread 0x0000016e4cd46800 Uncommon trap: reason=unstable_if action=reinterpret pc=0x0000016e50032e2c method=net.minecraft.util.AxisAlignedBB.isVecInYZ(Lnet/minecraft/util/Vec3;)Z @ 29
Event: 268.411 Thread 0x0000016e4cd46800 Uncommon trap: reason=unstable_if action=reinterpret pc=0x0000016e50525bd0 method=net.minecraft.world.chunk.Chunk.setBlockState(Lnet/minecraft/util/BlockPos;Lnet/minecraft/block/state/IBlockState;)Lnet/minecraft/block/state/IBlockState; @ 420
Event: 268.411 Thread 0x0000016e4cd46800 Uncommon trap: reason=unstable_if action=reinterpret pc=0x0000016e507aeecc method=net.minecraft.world.World.setBlockState(Lnet/minecraft/util/BlockPos;Lnet/minecraft/block/state/IBlockState;I)Z @ 161
Event: 268.414 Thread 0x0000016e4cd46800 Uncommon trap: reason=unstable_if action=reinterpret pc=0x0000016e500a17c4 method=net.minecraft.world.chunk.Chunk.func_150804_b(Z)V @ 4
Event: 268.453 Thread 0x0000016e4cd46800 Uncommon trap: reason=unstable_if action=reinterpret pc=0x0000016e5026be50 method=net.minecraft.world.chunk.Chunk.func_150804_b(Z)V @ 4

Classes redefined (0 events):
No events

Internal exceptions (10 events):
Event: 276.687 Thread 0x0000016e6935c000 Exception <a 'java/lang/InterruptedException': sleep interrupted> (0x00000000fba7e790) thrown at [C:\wsjdk\Corretto8Src\installers\windows\zip\corretto-build\buildRoot\src\hotspot\src\share\vm\prims\jvm.cpp, line 3384]
Event: 276.718 Thread 0x0000016e6935c000 Exception <a 'java/lang/InterruptedException': sleep interrupted> (0x00000000e0f099a8) thrown at [C:\wsjdk\Corretto8Src\installers\windows\zip\corretto-build\buildRoot\src\hotspot\src\share\vm\prims\jvm.cpp, line 3384]
Event: 276.740 Thread 0x0000016e6935c000 Exception <a 'java/lang/InterruptedException': sleep interrupted> (0x00000000e0f09c50) thrown at [C:\wsjdk\Corretto8Src\installers\windows\zip\corretto-build\buildRoot\src\hotspot\src\share\vm\prims\jvm.cpp, line 3384]
Event: 276.765 Thread 0x0000016e6935c000 Exception <a 'java/lang/InterruptedException': sleep interrupted> (0x00000000e0f09ef8) thrown at [C:\wsjdk\Corretto8Src\installers\windows\zip\corretto-build\buildRoot\src\hotspot\src\share\vm\prims\jvm.cpp, line 3384]
Event: 276.788 Thread 0x0000016e6935c000 Exception <a 'java/lang/InterruptedException': sleep interrupted> (0x00000000e0f0a1a0) thrown at [C:\wsjdk\Corretto8Src\installers\windows\zip\corretto-build\buildRoot\src\hotspot\src\share\vm\prims\jvm.cpp, line 3384]
Event: 276.817 Thread 0x0000016e6935c000 Exception <a 'java/lang/InterruptedException': sleep interrupted> (0x00000000e0f0a448) thrown at [C:\wsjdk\Corretto8Src\installers\windows\zip\corretto-build\buildRoot\src\hotspot\src\share\vm\prims\jvm.cpp, line 3384]
Event: 276.843 Thread 0x0000016e6935c000 Exception <a 'java/lang/InterruptedException': sleep interrupted> (0x00000000e0f0a6f0) thrown at [C:\wsjdk\Corretto8Src\installers\windows\zip\corretto-build\buildRoot\src\hotspot\src\share\vm\prims\jvm.cpp, line 3384]
Event: 276.881 Thread 0x0000016e6935c000 Exception <a 'java/lang/InterruptedException': sleep interrupted> (0x00000000e0f0a998) thrown at [C:\wsjdk\Corretto8Src\installers\windows\zip\corretto-build\buildRoot\src\hotspot\src\share\vm\prims\jvm.cpp, line 3384]
Event: 276.917 Thread 0x0000016e6935c000 Exception <a 'java/lang/InterruptedException': sleep interrupted> (0x00000000e0f0ac40) thrown at [C:\wsjdk\Corretto8Src\installers\windows\zip\corretto-build\buildRoot\src\hotspot\src\share\vm\prims\jvm.cpp, line 3384]
Event: 276.952 Thread 0x0000016e6935c000 Exception <a 'java/lang/InterruptedException': sleep interrupted> (0x00000000e0f0aee8) thrown at [C:\wsjdk\Corretto8Src\installers\windows\zip\corretto-build\buildRoot\src\hotspot\src\share\vm\prims\jvm.cpp, line 3384]

Events (10 events):
Event: 276.951 Thread 0x0000016e68cbf000 DEOPT UNPACKING pc=0x0000016e4e7971d8 sp=0x0000000a635fe888 mode 1
Event: 276.952 Thread 0x0000016e6935c000 DEOPT PACKING pc=0x0000016e50a6655c sp=0x0000000a64efee30
Event: 276.952 Thread 0x0000016e6935c000 DEOPT UNPACKING pc=0x0000016e4e7971d8 sp=0x0000000a64efeb48 mode 1
Event: 276.952 Executing VM operation: RevokeBias
Event: 276.953 Executing VM operation: RevokeBias done
Event: 276.953 Executing VM operation: RevokeBias
Event: 276.953 Executing VM operation: RevokeBias done
Event: 276.953 Thread 0x0000016e68cbe000 Thread exited: 0x0000016e68cbe000
Event: 276.953 Thread 0x0000016e68cbf000 Thread exited: 0x0000016e68cbf000
Event: 276.960 Executing VM operation: Exit


Dynamic libraries:
0x00007ff6fdee0000 - 0x00007ff6fdf1a000 	C:\Users\Sun3k\.jdks\corretto-1.8.0_332\bin\java.exe
0x00007ffeb6950000 - 0x00007ffeb6b47000 	C:\Windows\SYSTEM32\ntdll.dll
0x00007ffeb49b0000 - 0x00007ffeb4a6d000 	C:\Windows\System32\KERNEL32.DLL
0x00007ffeb4480000 - 0x00007ffeb474d000 	C:\Windows\System32\KERNELBASE.dll
0x00007ffeb5160000 - 0x00007ffeb520e000 	C:\Windows\System32\ADVAPI32.dll
0x00007ffeb62b0000 - 0x00007ffeb634e000 	C:\Windows\System32\msvcrt.dll
0x00007ffeb5f70000 - 0x00007ffeb600c000 	C:\Windows\System32\sechost.dll
0x00007ffeb5210000 - 0x00007ffeb5335000 	C:\Windows\System32\RPCRT4.dll
0x00007ffeb53a0000 - 0x00007ffeb5540000 	C:\Windows\System32\USER32.dll
0x00007ffeb4950000 - 0x00007ffeb4972000 	C:\Windows\System32\win32u.dll
0x00007ffeb61d0000 - 0x00007ffeb61fa000 	C:\Windows\System32\GDI32.dll
0x00007ffeb4220000 - 0x00007ffeb432b000 	C:\Windows\System32\gdi32full.dll
0x00007ffeb43e0000 - 0x00007ffeb447d000 	C:\Windows\System32\msvcp_win.dll
0x00007ffeb47e0000 - 0x00007ffeb48e0000 	C:\Windows\System32\ucrtbase.dll
0x00007ffe9dfe0000 - 0x00007ffe9e27a000 	C:\Windows\WinSxS\amd64_microsoft.windows.common-controls_6595b64144ccf1df_6.0.19041.1110_none_60b5254171f9507e\COMCTL32.dll
0x00007ffeb55a0000 - 0x00007ffeb55d0000 	C:\Windows\System32\IMM32.DLL
0x00007ffeabda0000 - 0x00007ffeabe8f000 	C:\Users\Sun3k\.jdks\corretto-1.8.0_332\jre\bin\msvcr120.dll
0x00007ffe96e30000 - 0x00007ffe96ed6000 	C:\Users\Sun3k\.jdks\corretto-1.8.0_332\jre\bin\msvcp120.dll
0x0000000063830000 - 0x00000000640a6000 	C:\Users\Sun3k\.jdks\corretto-1.8.0_332\jre\bin\server\jvm.dll
0x00007ffeb61c0000 - 0x00007ffeb61c8000 	C:\Windows\System32\PSAPI.DLL
0x00007ffeab0b0000 - 0x00007ffeab0d7000 	C:\Windows\SYSTEM32\WINMM.dll
0x00007ffe9d810000 - 0x00007ffe9d819000 	C:\Windows\SYSTEM32\WSOCK32.dll
0x00007ffeb5060000 - 0x00007ffeb50cb000 	C:\Windows\System32\WS2_32.dll
0x00007ffead3a0000 - 0x00007ffead3aa000 	C:\Windows\SYSTEM32\VERSION.dll
0x00007ffeafd00000 - 0x00007ffeafd0f000 	C:\Users\Sun3k\.jdks\corretto-1.8.0_332\jre\bin\verify.dll
0x00007ffeafcb0000 - 0x00007ffeafcd9000 	C:\Users\Sun3k\.jdks\corretto-1.8.0_332\jre\bin\java.dll
0x00007ffe96f70000 - 0x00007ffe96fa5000 	C:\Users\Sun3k\.jdks\corretto-1.8.0_332\jre\bin\jdwp.dll
0x00007ffeafc50000 - 0x00007ffeafc58000 	C:\Users\Sun3k\.jdks\corretto-1.8.0_332\jre\bin\npt.dll
0x00007ffe96f40000 - 0x00007ffe96f6a000 	C:\Users\Sun3k\.jdks\corretto-1.8.0_332\jre\bin\instrument.dll
0x00007ffeaea10000 - 0x00007ffeaea26000 	C:\Users\Sun3k\.jdks\corretto-1.8.0_332\jre\bin\zip.dll
0x00007ffeb57b0000 - 0x00007ffeb5ef4000 	C:\Windows\System32\SHELL32.dll
0x00007ffeb2170000 - 0x00007ffeb2904000 	C:\Windows\SYSTEM32\windows.storage.dll
0x00007ffeb4a70000 - 0x00007ffeb4dc4000 	C:\Windows\System32\combase.dll
0x00007ffeb3ad0000 - 0x00007ffeb3afc000 	C:\Windows\SYSTEM32\Wldp.dll
0x00007ffeb6200000 - 0x00007ffeb62ad000 	C:\Windows\System32\SHCORE.dll
0x00007ffeb5540000 - 0x00007ffeb5595000 	C:\Windows\System32\shlwapi.dll
0x00007ffeb3fb0000 - 0x00007ffeb3fcf000 	C:\Windows\SYSTEM32\profapi.dll
0x00007ffeafc40000 - 0x00007ffeafc49000 	C:\Users\Sun3k\.jdks\corretto-1.8.0_332\jre\bin\dt_socket.dll
0x00007ffeb3830000 - 0x00007ffeb389a000 	C:\Windows\system32\mswsock.dll
0x00007ffeafcf0000 - 0x00007ffeafcfd000 	C:\Users\Sun3k\.jdks\corretto-1.8.0_332\jre\bin\management.dll
0x00007ffeae6c0000 - 0x00007ffeae6da000 	C:\Users\Sun3k\.jdks\corretto-1.8.0_332\jre\bin\net.dll
0x00007ffeae6a0000 - 0x00007ffeae6b2000 	C:\Users\Sun3k\.jdks\corretto-1.8.0_332\jre\bin\nio.dll
0x00007ffeb3a20000 - 0x00007ffeb3a38000 	C:\Windows\SYSTEM32\CRYPTSP.dll
0x00007ffeb3140000 - 0x00007ffeb3174000 	C:\Windows\system32\rsaenh.dll
0x00007ffeb4980000 - 0x00007ffeb49a7000 	C:\Windows\System32\bcrypt.dll
0x00007ffeb3f30000 - 0x00007ffeb3f5e000 	C:\Windows\SYSTEM32\USERENV.dll
0x00007ffeb4750000 - 0x00007ffeb47d2000 	C:\Windows\System32\bcryptprimitives.dll
0x00007ffeb3a40000 - 0x00007ffeb3a4c000 	C:\Windows\SYSTEM32\CRYPTBASE.dll
0x00007ffeb34b0000 - 0x00007ffeb34eb000 	C:\Windows\SYSTEM32\IPHLPAPI.DLL
0x00007ffeb5f60000 - 0x00007ffeb5f68000 	C:\Windows\System32\NSI.dll
0x00007ffea8bc0000 - 0x00007ffea8bd7000 	C:\Windows\SYSTEM32\dhcpcsvc6.DLL
0x00007ffeab020000 - 0x00007ffeab03d000 	C:\Windows\SYSTEM32\dhcpcsvc.DLL
0x00007ffeb34f0000 - 0x00007ffeb35bb000 	C:\Windows\SYSTEM32\DNSAPI.dll
0x00007ffeafc20000 - 0x00007ffeafc2a000 	C:\Users\Sun3k\AppData\Local\Temp\jansi-64-2240265665739852087.dll
0x00007ffe77a30000 - 0x00007ffe77a47000 	C:\Windows\system32\napinsp.dll
0x00007ffe629d0000 - 0x00007ffe629eb000 	C:\Windows\system32\pnrpnsp.dll
0x00007ffeaee60000 - 0x00007ffeaee75000 	C:\Windows\system32\wshbth.dll
0x00007ffeafbb0000 - 0x00007ffeafbcd000 	C:\Windows\system32\NLAapi.dll
0x00007ffe629b0000 - 0x00007ffe629c2000 	C:\Windows\System32\winrnr.dll
0x00007ffea8160000 - 0x00007ffea816a000 	C:\Windows\System32\rasadhlp.dll
0x00007ffea7d30000 - 0x00007ffea7db0000 	C:\Windows\System32\fwpuclnt.dll
0x00007ffeae670000 - 0x00007ffeae693000 	C:\Users\Sun3k\.jdks\corretto-1.8.0_332\jre\bin\sunec.dll
0x00007ffeafc80000 - 0x00007ffeafc8c000 	C:\Users\Sun3k\.jdks\corretto-1.8.0_332\jre\bin\sunmscapi.dll
0x00007ffeb4070000 - 0x00007ffeb41c6000 	C:\Windows\System32\CRYPT32.dll
0x00007ffeb3b40000 - 0x00007ffeb3b67000 	C:\Windows\SYSTEM32\ncrypt.dll
0x00007ffeb3b00000 - 0x00007ffeb3b3b000 	C:\Windows\SYSTEM32\NTASN1.dll
0x0000000180000000 - 0x0000000180053000 	C:\Users\Sun3k\.gradle\caches\minecraft\net\minecraft\natives\1.8.9\lwjgl64.dll
0x00007ffe7d620000 - 0x00007ffe7d746000 	C:\Windows\SYSTEM32\OPENGL32.dll
0x00007ffe7d5f0000 - 0x00007ffe7d61c000 	C:\Windows\SYSTEM32\GLU32.dll
0x00007ffe54d10000 - 0x00007ffe54ea5000 	C:\Users\Sun3k\.jdks\corretto-1.8.0_332\jre\bin\awt.dll
0x00007ffeb60f0000 - 0x00007ffeb61bd000 	C:\Windows\System32\OLEAUT32.dll
0x00007ffeb18b0000 - 0x00007ffeb1940000 	C:\Windows\SYSTEM32\apphelp.dll
0x00007ffeaeb70000 - 0x00007ffeaec1e000 	C:\Windows\SYSTEM32\mscms.dll
0x00007ffeaeb50000 - 0x00007ffeaeb61000 	C:\Windows\SYSTEM32\ColorAdapterClient.dll
0x00007ffeb1f70000 - 0x00007ffeb1f82000 	C:\Windows\SYSTEM32\kernel.appcore.dll
0x00007ffeb55d0000 - 0x00007ffeb5679000 	C:\Windows\System32\clbcatq.dll
0x00007ffeac730000 - 0x00007ffeac773000 	C:\Windows\System32\Windows.Internal.Graphics.Display.DisplayColorManagement.dll
0x00007ffeb41d0000 - 0x00007ffeb421e000 	C:\Windows\System32\cfgmgr32.dll
0x00007ffeb1a70000 - 0x00007ffeb1b0e000 	C:\Windows\system32\uxtheme.dll
0x00007ffeb5690000 - 0x00007ffeb57a5000 	C:\Windows\System32\MSCTF.dll
0x00007ffea19f0000 - 0x00007ffea1ae9000 	C:\Windows\SYSTEM32\textinputframework.dll
0x00007ffeb0ec0000 - 0x00007ffeb121e000 	C:\Windows\System32\CoreUIComponents.dll
0x00007ffeb15a0000 - 0x00007ffeb1692000 	C:\Windows\System32\CoreMessaging.dll
0x00007ffeafee0000 - 0x00007ffeb0034000 	C:\Windows\SYSTEM32\wintypes.dll
0x00007ffeb2d70000 - 0x00007ffeb2da3000 	C:\Windows\SYSTEM32\ntmarta.dll
0x00007ffead280000 - 0x00007ffead377000 	C:\Windows\System32\AppXDeploymentClient.dll
0x00007ffe96da0000 - 0x00007ffe96dcc000 	C:\Windows\System32\DriverStore\FileRepository\u0375335.inf_amd64_7de275617d9da25a\B374868\atig6pxx.dll
0x00007ffe47b80000 - 0x00007ffe4a9c3000 	C:\Windows\System32\DriverStore\FileRepository\u0375335.inf_amd64_7de275617d9da25a\B374868\atio6axx.dll
0x00007ffeb6350000 - 0x00007ffeb67bf000 	C:\Windows\System32\SETUPAPI.dll
0x00007ffe9f7f0000 - 0x00007ffe9f814000 	C:\Windows\SYSTEM32\dxva2.dll
0x00007ffeb67e0000 - 0x00007ffeb690a000 	C:\Windows\System32\ole32.dll
0x00007ffeb1c80000 - 0x00007ffeb1caf000 	C:\Windows\SYSTEM32\dwmapi.dll
0x00007ffe96a80000 - 0x00007ffe96abf000 	C:\Windows\System32\DriverStore\FileRepository\u0375335.inf_amd64_7de275617d9da25a\B374868\atig6txx.dll
0x00007ffe6eee0000 - 0x00007ffe6f0b4000 	C:\Windows\SYSTEM32\atiadlxx.dll
0x00007ffe92cf0000 - 0x00007ffe92d39000 	C:\Windows\SYSTEM32\pdh.dll
0x00007ffeafab0000 - 0x00007ffeafba6000 	C:\Windows\SYSTEM32\PROPSYS.dll
0x00007ffeb3e20000 - 0x00007ffeb3e4c000 	C:\Windows\SYSTEM32\DEVOBJ.dll
0x00007ffeb48e0000 - 0x00007ffeb4947000 	C:\Windows\System32\WINTRUST.dll
0x00007ffeb3c60000 - 0x00007ffeb3c72000 	C:\Windows\SYSTEM32\MSASN1.dll
0x00007ffeabd00000 - 0x00007ffeabd3b000 	C:\Windows\SYSTEM32\dxcore.dll
0x00007ffe671f0000 - 0x00007ffe67233000 	C:\Windows\SYSTEM32\icm32.dll
0x0000016e6c630000 - 0x0000016e6c668000 	C:\Users\Sun3k\AppData\Local\Temp\jna\jna1622872984339630594.dll
0x00007ffe81850000 - 0x00007ffe8189b000 	C:\ProgramData\obs-studio-hook\graphics-hook64.dll
0x00007ffeb0040000 - 0x00007ffeb02a3000 	C:\Windows\system32\d3d11.dll
0x00007ffeb2970000 - 0x00007ffeb2a63000 	C:\Windows\SYSTEM32\dxgi.dll
0x00007ffeab0e0000 - 0x00007ffeab298000 	C:\Windows\System32\DriverStore\FileRepository\u0375335.inf_amd64_7de275617d9da25a\B374868\aticfx64.dll
0x00007ffeaaf50000 - 0x00007ffeaaf89000 	C:\Windows\System32\DriverStore\FileRepository\u0375335.inf_amd64_7de275617d9da25a\B374868\atiuxp64.dll
0x00007ffea8df0000 - 0x00007ffeaad27000 	C:\Windows\System32\DriverStore\FileRepository\u0375335.inf_amd64_7de275617d9da25a\B374868\atidxx64.dll
0x00007ffea8ab0000 - 0x00007ffea8ae0000 	C:\Windows\SYSTEM32\amdihk64.dll
0x00007ffea8200000 - 0x00007ffea822b000 	C:\Windows\SYSTEM32\D3DSCache.dll
0x00007ffeada20000 - 0x00007ffeadc20000 	C:\Windows\SYSTEM32\twinapi.appcore.dll
0x0000000070a40000 - 0x0000000070adc000 	C:\Users\Sun3k\.gradle\caches\minecraft\net\minecraft\natives\1.8.9\avutil-ttv-51.dll
0x0000000065980000 - 0x00000000659d6000 	C:\Users\Sun3k\.gradle\caches\minecraft\net\minecraft\natives\1.8.9\swresample-ttv-0.dll
0x000000006eb80000 - 0x000000006ec50000 	C:\Users\Sun3k\.gradle\caches\minecraft\net\minecraft\natives\1.8.9\libmp3lame-ttv.dll
0x00007ffe3a530000 - 0x00007ffe3b8d4000 	C:\Users\Sun3k\.gradle\caches\minecraft\net\minecraft\natives\1.8.9\libmfxsw64.dll
0x00007ffe53b60000 - 0x00007ffe53ccd000 	C:\Users\Sun3k\.gradle\caches\minecraft\net\minecraft\natives\1.8.9\twitchsdk.dll
0x00007ffe99ea0000 - 0x00007ffe9a376000 	C:\Windows\SYSTEM32\WININET.dll
0x0000016e006f0000 - 0x0000016e00754000 	C:\Users\Sun3k\.gradle\caches\minecraft\net\minecraft\natives\1.8.9\OpenAL64.dll
0x00007ffeaad30000 - 0x00007ffeaadb5000 	C:\Windows\System32\MMDevApi.dll
0x00007ffe53ed0000 - 0x00007ffe53f6c000 	C:\Windows\SYSTEM32\dsound.dll
0x00007ffe9a760000 - 0x00007ffe9a786000 	C:\Windows\SYSTEM32\winmmbase.dll
0x00007ffeb3730000 - 0x00007ffeb377b000 	C:\Windows\SYSTEM32\powrprof.dll
0x00007ffeb3630000 - 0x00007ffeb3642000 	C:\Windows\SYSTEM32\UMPDC.dll
0x00007ffeaadc0000 - 0x00007ffeaaf42000 	C:\Windows\SYSTEM32\AUDIOSES.DLL
0x00007ffeb1b80000 - 0x00007ffeb1b94000 	C:\Windows\SYSTEM32\resourcepolicyclient.dll
0x00007ffe9faf0000 - 0x00007ffe9fcd4000 	C:\Windows\SYSTEM32\dbghelp.dll

VM Arguments:
jvm_args: -agentlib:jdwp=transport=dt_socket,address=127.0.0.1:64469,suspend=y,server=n -javaagent:C:\Users\Sun3k\AppData\Local\JetBrains\IdeaIC2022.1\captureAgent\debugger-agent.jar -Dfile.encoding=UTF-8 
java_command: GradleStart --mixin mixins.sunrise.json --tweakClass org.spongepowered.asm.launch.MixinTweaker -Ddevauth.account --javaagent:C:\Users\Sun3k\.gradle\caches\modules-2\files-2.1\org.spongepowered\mixin\0.7.11-SNAPSHOT\7a670207bdb97db418118ad1e9bb42424ff3776d\mixin-0.7.11-SNAPSHOT.jar
java_class_path (initial): C:\Users\Sun3k\.jdks\corretto-1.8.0_332\jre\lib\charsets.jar;C:\Users\Sun3k\.jdks\corretto-1.8.0_332\jre\lib\ext\access-bridge-64.jar;C:\Users\Sun3k\.jdks\corretto-1.8.0_332\jre\lib\ext\cldrdata.jar;C:\Users\Sun3k\.jdks\corretto-1.8.0_332\jre\lib\ext\dnsns.jar;C:\Users\Sun3k\.jdks\corretto-1.8.0_332\jre\lib\ext\jaccess.jar;C:\Users\Sun3k\.jdks\corretto-1.8.0_332\jre\lib\ext\jfxrt.jar;C:\Users\Sun3k\.jdks\corretto-1.8.0_332\jre\lib\ext\localedata.jar;C:\Users\Sun3k\.jdks\corretto-1.8.0_332\jre\lib\ext\nashorn.jar;C:\Users\Sun3k\.jdks\corretto-1.8.0_332\jre\lib\ext\sunec.jar;C:\Users\Sun3k\.jdks\corretto-1.8.0_332\jre\lib\ext\sunjce_provider.jar;C:\Users\Sun3k\.jdks\corretto-1.8.0_332\jre\lib\ext\sunmscapi.jar;C:\Users\Sun3k\.jdks\corretto-1.8.0_332\jre\lib\ext\sunpkcs11.jar;C:\Users\Sun3k\.jdks\corretto-1.8.0_332\jre\lib\ext\zipfs.jar;C:\Users\Sun3k\.jdks\corretto-1.8.0_332\jre\lib\jce.jar;C:\Users\Sun3k\.jdks\corretto-1.8.0_332\jre\lib\jfr.jar;C:\Users\Sun3k\.jdks\corretto-1.8.0_332\jre\lib\jfxswt.jar;C:\Users\Sun3k\.jdks\corretto-1.8.0_332\jre\lib\jsse.jar;C:\Users\Sun3k\.jdks\corretto-1.8.0_332\jre\lib\management-agent.jar;C:\Users\Sun3k\.jdks\corretto-1.8.0_332\jre\lib\resources.jar;C:\Users\Sun3k\.jdks\corretto-1.8.0_332\jre\lib\rt.jar;C:\Users\Sun3k\IdeaProjects\Sunrise8\build\classes\java\main;C:\Users\Sun3k\.gradle\caches\minecraft\deobfedDeps\compileDummy.jar;C:\Users\Sun3k\.gradle\caches\minecraft\deobfedDeps\providedDummy.jar;C:\Users\Sun3k\.gradle\caches\modules-2\files-2.1\org.spongepowered\mixin\0.7.11-SNAPSHOT\7a670207bdb97db418118ad1e9bb42424ff3776d\mixin-0.7.11-SNAPSHOT.jar;C:\Users\Sun3k\.gradle\caches\modules-2\files-2.1\com.google.guava\guava\17.0\9c6ef172e8de35fd8d4d8783e4821e57cdef7445\guava-17.0.jar;C:\Users\Sun3k\.gradle\caches\modules-2\files-2.1\commons-io\commons-io\2.4\b1b6ea3b7e4aa4f492509a4952029cd8e48019ad\commons-io-2.4.jar;C:\Users\Sun3k\.gradle\caches\modules-2\files-2.1\com.google.code.gson\gson\2.2.4\a6
Launcher Type: SUN_STANDARD

Environment Variables:
JAVA_HOME=C:\Program Files\OpenJDK\jdk-18
PATH=C:\Windows\system32;C:\Windows;C:\Windows\System32\Wbem;C:\Windows\System32\WindowsPowerShell\v1.0\;C:\Windows\System32\OpenSSH\;C:\ProgramData\chocolatey\bin;C:\Program Files\Microsoft VS Code\bin;C:\Program Files (x86)\Yarn\bin\;C:\Program Files\nodejs\;C:\Program Files\Git\cmd;C:\Program Files\OpenJDK\jdk-18\bin;C:\Program Files\dotnet\;C:\Users\Sun3k\AppData\Local\Programs\Python\Python310\Scripts\;C:\Users\Sun3k\AppData\Local\Programs\Python\Python310\;C:\Users\Sun3k\AppData\Local\Microsoft\WindowsApps;C:\Users\Sun3k\AppData\Local\Yarn\bin;C:\Users\Sun3k\AppData\Roaming\npm;C:\Program Files\Oracle\VirtualBox;C:\Program Files\heroku\bin;C:\Program Files\JetBrains\IntelliJ IDEA Community Edition 2022.1.1\bin;;C:\Users\Sun3k\.dotnet\tools
USERNAME=Sun3k
OS=Windows_NT
PROCESSOR_IDENTIFIER=AMD64 Family 23 Model 24 Stepping 1, AuthenticAMD



---------------  S Y S T E M  ---------------

OS: Windows 10.0 , 64 bit Build 19041 (10.0.19041.1741)

CPU:total 8 (initial active 8) (8 cores per cpu, 1 threads per core) family 23 model 24 stepping 1, cmov, cx8, fxsr, mmx, sse, sse2, sse3, ssse3, sse4.1, sse4.2, popcnt, avx, avx2, aes, clmul, mmxext, 3dnowpref, lzcnt, sse4a, tsc, tscinvbit, tscinv, bmi1

Memory: 4k page, physical 6206224k(345608k free), swap 21946844k(4295816k free)

vm_info: OpenJDK 64-Bit Server VM (25.332-b08) for windows-amd64 JRE (1.8.0_332-b08), built on Apr 16 2022 08:31:02 by "Administrator" with MS VC++ 12.0 (VS2013)

time: Thu Jun 23 00:58:09 2022
timezone: South Sudan Standard Time
elapsed time: 277.399885 seconds (0d 0h 4m 37s)

