#
# A fatal error has been detected by the Java Runtime Environment:
#
#  EXCEPTION_ACCESS_VIOLATION (0xc0000005) at pc=0x0000000000000000, pid=12948, tid=0x0000000000001f94
#
# JRE version: OpenJDK Runtime Environment (8.0_332-b08) (build 1.8.0_332-b08)
# Java VM: OpenJDK 64-Bit Server VM (25.332-b08 mixed mode windows-amd64 compressed oops)
# Problematic frame:
# C  0x0000000000000000
#
# Failed to write core dump. Minidumps are not enabled by default on client versions of Windows
#
# If you would like to submit a bug report, please visit:
#   https://github.com/corretto/corretto-8/issues/
#

---------------  T H R E A D  ---------------

Current thread (0x000001992b62f800):  VMThread [stack: 0x0000005ed0d00000,0x0000005ed0e00000] [id=8084]

siginfo: ExceptionCode=0xc0000005, ExceptionInformation=0x0000000000000008 0x0000000000000000

Registers:
RAX=0x0000000000000000, RBX=0x0000000000000000, RCX=0x0000000000000001, RDX=0x00007ffe9b5af0b8
RSP=0x0000005ed0dfef18, RBP=0x00000199167f98b0, RSI=0x0000000000010000, RDI=0x0000000000000000
R8 =0x0000005ecffcb000, R9 =0x000000000000003e, R10=0x0000000000000000, R11=0x000001994cc4f050
R12=0x00007ffe7d6fe810, R13=0x00000000ffffffff, R14=0x00007ffe7d620000, R15=0x0000000000000001
RIP=0x0000000000000000, EFLAGS=0x0000000000010202

Top of Stack: (sp=0x0000005ed0dfef18)
0x0000005ed0dfef18:   00007ffe9b572f2c 0000000000000000
0x0000005ed0dfef28:   00000199167f98b0 00000000ffffffff
0x0000005ed0dfef38:   0000000000010000 0000000000000000
0x0000005ed0dfef48:   00007ffe9b57406e 0000000000000000
0x0000005ed0dfef58:   00000199167f98b0 0000000000010000
0x0000005ed0dfef68:   00000199321a6e18 0000000000000001
0x0000005ed0dfef78:   00007ffe7d626e2e 0000000000000000
0x0000005ed0dfef88:   0000000000000001 000000018004bb20
0x0000005ed0dfef98:   0000000000000000 0000000000000001
0x0000005ed0dfefa8:   00007ffe7d627276 0000000000000000
0x0000005ed0dfefb8:   00000199167f98b0 0000000000000001
0x0000005ed0dfefc8:   0000000000000001 0000000000000000
0x0000005ed0dfefd8:   00007ffe7d6fe94f 0000000000000001
0x0000005ed0dfefe8:   0000000000000000 0000000000000000
0x0000005ed0dfeff8:   00000199331f0b30 0000000100000001
0x0000005ed0dff008:   000000018000ecac 000000018001c558 

Instructions: (pc=0x0000000000000000)
0xffffffffffffffe0:   


Register to memory mapping:

RAX=0x0000000000000000 is an unknown value
RBX=0x0000000000000000 is an unknown value
RCX=0x0000000000000001 is an unknown value
RDX=0x00007ffe9b5af0b8 is an unknown value
RSP=0x0000005ed0dfef18 is an unknown value
RBP=0x00000199167f98b0 is an unknown value
RSI=0x0000000000010000 is an unknown value
RDI=0x0000000000000000 is an unknown value
R8 =0x0000005ecffcb000 is an unknown value
R9 =0x000000000000003e is an unknown value
R10=0x0000000000000000 is an unknown value
R11=0x000001994cc4f050 is an unknown value
R12=0x00007ffe7d6fe810 is an unknown value
R13=0x00000000ffffffff is an unknown value
R14=0x00007ffe7d620000 is an unknown value
R15=0x0000000000000001 is an unknown value


Stack: [0x0000005ed0d00000,0x0000005ed0e00000],  sp=0x0000005ed0dfef18,  free space=1019k
Native frames: (J=compiled Java code, j=interpreted, Vv=VM code, C=native code)

VM_Operation (0x0000005ed04fde10): Exit, mode: safepoint, requested by thread 0x00000199167d7000


---------------  P R O C E S S  ---------------

Java Threads: ( => current thread )
  0x00000199321e9000 JavaThread "File IO Thread" [_thread_blocked, id=14968, stack(0x0000005ed3800000,0x0000005ed3900000)]
  0x00000199321e0800 JavaThread "Chunk I/O Executor Thread-1" daemon [_thread_blocked, id=8676, stack(0x0000005ed3700000,0x0000005ed3800000)]
  0x00000199321dd800 JavaThread "Netty Server IO #1" daemon [_thread_in_native, id=6292, stack(0x0000005ed3400000,0x0000005ed3500000)]
  0x00000199321dc800 JavaThread "Netty Local Client IO #0" daemon [_thread_blocked, id=14508, stack(0x0000005ed3300000,0x0000005ed3400000)]
  0x00000199321df800 JavaThread "Netty Server IO #0" daemon [_thread_in_native, id=15684, stack(0x0000005ed3200000,0x0000005ed3300000)]
  0x0000019930aa7800 JavaThread "Snooper Timer" daemon [_thread_blocked, id=13080, stack(0x0000005ed2a00000,0x0000005ed2b00000)]
  0x0000019930aab000 JavaThread "Thread-12" [_thread_blocked, id=5464, stack(0x0000005ed2d00000,0x0000005ed2e00000)]
  0x0000019930aad000 JavaThread "Thread-11" [_thread_blocked, id=8064, stack(0x0000005ed2b00000,0x0000005ed2c00000)]
  0x0000019930aaf000 JavaThread "Chunk Batcher 1" daemon [_thread_blocked, id=5356, stack(0x0000005ed2f00000,0x0000005ed3000000)]
  0x0000019930aab800 JavaThread "Chunk Batcher 0" daemon [_thread_blocked, id=8088, stack(0x0000005ed2900000,0x0000005ed2a00000)]
  0x0000019930a9d000 JavaThread "LWJGL Timer" daemon [_thread_blocked, id=10208, stack(0x0000005ed2300000,0x0000005ed2400000)]
  0x0000019930a36800 JavaThread "Java2D Disposer" daemon [_thread_blocked, id=5708, stack(0x0000005ed1e00000,0x0000005ed1f00000)]
  0x000001992e7f9000 JavaThread "Timer hack thread" daemon [_thread_blocked, id=11296, stack(0x0000005ed1d00000,0x0000005ed1e00000)]
  0x0000019932d68800 JavaThread "Snooper Timer" daemon [_thread_blocked, id=15060, stack(0x0000005ed1b00000,0x0000005ed1c00000)]
  0x000001992d5c5800 JavaThread "Service Thread" daemon [_thread_blocked, id=8628, stack(0x0000005ed1900000,0x0000005ed1a00000)]
  0x000001992b6e9800 JavaThread "C1 CompilerThread3" daemon [_thread_blocked, id=9400, stack(0x0000005ed1800000,0x0000005ed1900000)]
  0x000001992d542800 JavaThread "C2 CompilerThread2" daemon [_thread_blocked, id=15712, stack(0x0000005ed1700000,0x0000005ed1800000)]
  0x000001992b6e5000 JavaThread "C2 CompilerThread1" daemon [_thread_blocked, id=10660, stack(0x0000005ed1600000,0x0000005ed1700000)]
  0x000001992b6d2800 JavaThread "C2 CompilerThread0" daemon [_thread_blocked, id=16212, stack(0x0000005ed1500000,0x0000005ed1600000)]
  0x000001992b6bd800 JavaThread "JDWP Event Helper Thread" daemon [_thread_blocked, id=7748, stack(0x0000005ed1300000,0x0000005ed1400000)]
  0x000001992b696000 JavaThread "Attach Listener" daemon [_thread_blocked, id=15724, stack(0x0000005ed1100000,0x0000005ed1200000)]
  0x000001992b695800 JavaThread "Signal Dispatcher" daemon [_thread_blocked, id=1872, stack(0x0000005ed1000000,0x0000005ed1100000)]
  0x000001992b667800 JavaThread "Finalizer" daemon [_thread_blocked, id=2484, stack(0x0000005ed0f00000,0x0000005ed1000000)]
  0x000001992b660800 JavaThread "Reference Handler" daemon [_thread_blocked, id=10096, stack(0x0000005ed0e00000,0x0000005ed0f00000)]
  0x00000199167d7000 JavaThread "Client thread" [_thread_blocked, id=12580, stack(0x0000005ed0400000,0x0000005ed0500000)]

Other Threads:
=>0x000001992b62f800 VMThread [stack: 0x0000005ed0d00000,0x0000005ed0e00000] [id=8084]

VM state:at safepoint (shutting down)

VM Mutex/Monitor currently owned by a thread:  ([mutex/lock_event])
[0x00000199167d6490] Threads_lock - owner thread: 0x000001992b62f800

heap address: 0x00000000a1400000, size: 1516 MB, Compressed Oops mode: 32-bit
Narrow klass base: 0x0000000000000000, Narrow klass shift: 3
Compressed class space size: 1073741824 Address: 0x0000000100000000

Heap:
 PSYoungGen      total 345088K, used 5371K [0x00000000e0700000, 0x0000000100000000, 0x0000000100000000)
  eden space 173056K, 3% used [0x00000000e0700000,0x00000000e0c3ed28,0x00000000eb000000)
  from space 172032K, 0% used [0x00000000eb000000,0x00000000eb000000,0x00000000f5800000)
  to   space 172032K, 0% used [0x00000000f5800000,0x00000000f5800000,0x0000000100000000)
 ParOldGen       total 949760K, used 506749K [0x00000000a1400000, 0x00000000db380000, 0x00000000e0700000)
  object space 949760K, 53% used [0x00000000a1400000,0x00000000c02df598,0x00000000db380000)
 Metaspace       used 53752K, capacity 54189K, committed 54784K, reserved 1097728K
  class space    used 6433K, capacity 6559K, committed 6656K, reserved 1048576K

Card table byte_map: [0x0000019927470000,0x0000019927770000] byte_map_base: 0x0000019926f66000

Marking Bits: (ParMarkBitMap*) 0x0000000064027850
 Begin Bits: [0x0000019927970000, 0x0000019929120000)
 End Bits:   [0x0000019929120000, 0x000001992a8d0000)

Polling page: 0x0000019918080000

CodeCache: size=245760Kb used=34864Kb max_used=35085Kb free=210895Kb
 bounds [0x00000199180b0000, 0x000001991a330000, 0x00000199270b0000]
 total_blobs=9476 nmethods=8542 adapters=851
 compilation: enabled

Compilation events (10 events):
Event: 340.473 Thread 0x000001992b6e9800 12011       3       net.minecraftforge.fml.relauncher.FMLSecurityManager::checkPermission (170 bytes)
Event: 340.474 Thread 0x000001992b6d2800 nmethod 12008 0x0000019919ea0e50 code [0x0000019919ea14e0, 0x0000019919ea1ad8]
Event: 340.475 Thread 0x000001992b6e9800 nmethod 12011 0x0000019919edc1d0 code [0x0000019919edc480, 0x0000019919edd8a0]
Event: 340.475 Thread 0x000001992b6e9800 12012       3       java.util.logging.LogManager$LoggerContext::getRootLogger (8 bytes)
Event: 340.476 Thread 0x000001992b6e9800 nmethod 12012 0x000001991a25a9d0 code [0x000001991a25ab20, 0x000001991a25ad38]
Event: 340.476 Thread 0x000001992b6e9800 12013       3       java.util.logging.LogManager$LoggerContext::getGlobalLogger (6 bytes)
Event: 340.476 Thread 0x000001992b6e9800 nmethod 12013 0x0000019919edbe90 code [0x0000019919edbfe0, 0x0000019919edc138]
Event: 340.479 Thread 0x000001992b6e9800 12014       1       org.apache.logging.log4j.core.config.LoggerConfig::getLevel (5 bytes)
Event: 340.479 Thread 0x000001992b6e9800 nmethod 12014 0x0000019919edbbd0 code [0x0000019919edbd20, 0x0000019919edbe38]
Event: 340.485 Thread 0x000001992d542800 nmethod 12007 0x0000019919fc2850 code [0x0000019919fc2a20, 0x0000019919fc3708]

GC Heap History (10 events):
Event: 327.718 GC heap before
{Heap before GC invocations=51 (full 11):
 PSYoungGen      total 345088K, used 16699K [0x00000000e0700000, 0x0000000100000000, 0x0000000100000000)
  eden space 173056K, 0% used [0x00000000e0700000,0x00000000e0700000,0x00000000eb000000)
  from space 172032K, 9% used [0x00000000eb000000,0x00000000ec04eeb8,0x00000000f5800000)
  to   space 172032K, 0% used [0x00000000f5800000,0x00000000f5800000,0x0000000100000000)
 ParOldGen       total 949760K, used 659042K [0x00000000a1400000, 0x00000000db380000, 0x00000000e0700000)
  object space 949760K, 69% used [0x00000000a1400000,0x00000000c97989b8,0x00000000db380000)
 Metaspace       used 53642K, capacity 54061K, committed 54784K, reserved 1097728K
  class space    used 6424K, capacity 6559K, committed 6656K, reserved 1048576K
Event: 329.582 GC heap after
Heap after GC invocations=51 (full 11):
 PSYoungGen      total 345088K, used 0K [0x00000000e0700000, 0x0000000100000000, 0x0000000100000000)
  eden space 173056K, 0% used [0x00000000e0700000,0x00000000e0700000,0x00000000eb000000)
  from space 172032K, 0% used [0x00000000eb000000,0x00000000eb000000,0x00000000f5800000)
  to   space 172032K, 0% used [0x00000000f5800000,0x00000000f5800000,0x0000000100000000)
 ParOldGen       total 949760K, used 550517K [0x00000000a1400000, 0x00000000db380000, 0x00000000e0700000)
  object space 949760K, 57% used [0x00000000a1400000,0x00000000c2d9d4a0,0x00000000db380000)
 Metaspace       used 53642K, capacity 54061K, committed 54784K, reserved 1097728K
  class space    used 6424K, capacity 6559K, committed 6656K, reserved 1048576K
}
Event: 339.143 GC heap before
{Heap before GC invocations=52 (full 11):
 PSYoungGen      total 345088K, used 150058K [0x00000000e0700000, 0x0000000100000000, 0x0000000100000000)
  eden space 173056K, 86% used [0x00000000e0700000,0x00000000e998a818,0x00000000eb000000)
  from space 172032K, 0% used [0x00000000eb000000,0x00000000eb000000,0x00000000f5800000)
  to   space 172032K, 0% used [0x00000000f5800000,0x00000000f5800000,0x0000000100000000)
 ParOldGen       total 949760K, used 550517K [0x00000000a1400000, 0x00000000db380000, 0x00000000e0700000)
  object space 949760K, 57% used [0x00000000a1400000,0x00000000c2d9d4a0,0x00000000db380000)
 Metaspace       used 53738K, capacity 54189K, committed 54784K, reserved 1097728K
  class space    used 6431K, capacity 6559K, committed 6656K, reserved 1048576K
Event: 339.185 GC heap after
Heap after GC invocations=52 (full 11):
 PSYoungGen      total 345088K, used 12234K [0x00000000e0700000, 0x0000000100000000, 0x0000000100000000)
  eden space 173056K, 0% used [0x00000000e0700000,0x00000000e0700000,0x00000000eb000000)
  from space 172032K, 7% used [0x00000000f5800000,0x00000000f63f2b00,0x0000000100000000)
  to   space 172032K, 0% used [0x00000000eb000000,0x00000000eb000000,0x00000000f5800000)
 ParOldGen       total 949760K, used 550517K [0x00000000a1400000, 0x00000000db380000, 0x00000000e0700000)
  object space 949760K, 57% used [0x00000000a1400000,0x00000000c2d9d4a0,0x00000000db380000)
 Metaspace       used 53738K, capacity 54189K, committed 54784K, reserved 1097728K
  class space    used 6431K, capacity 6559K, committed 6656K, reserved 1048576K
}
Event: 339.185 GC heap before
{Heap before GC invocations=53 (full 12):
 PSYoungGen      total 345088K, used 12234K [0x00000000e0700000, 0x0000000100000000, 0x0000000100000000)
  eden space 173056K, 0% used [0x00000000e0700000,0x00000000e0700000,0x00000000eb000000)
  from space 172032K, 7% used [0x00000000f5800000,0x00000000f63f2b00,0x0000000100000000)
  to   space 172032K, 0% used [0x00000000eb000000,0x00000000eb000000,0x00000000f5800000)
 ParOldGen       total 949760K, used 550517K [0x00000000a1400000, 0x00000000db380000, 0x00000000e0700000)
  object space 949760K, 57% used [0x00000000a1400000,0x00000000c2d9d4a0,0x00000000db380000)
 Metaspace       used 53738K, capacity 54189K, committed 54784K, reserved 1097728K
  class space    used 6431K, capacity 6559K, committed 6656K, reserved 1048576K
Event: 340.226 GC heap after
Heap after GC invocations=53 (full 12):
 PSYoungGen      total 345088K, used 0K [0x00000000e0700000, 0x0000000100000000, 0x0000000100000000)
  eden space 173056K, 0% used [0x00000000e0700000,0x00000000e0700000,0x00000000eb000000)
  from space 172032K, 0% used [0x00000000f5800000,0x00000000f5800000,0x0000000100000000)
  to   space 172032K, 0% used [0x00000000eb000000,0x00000000eb000000,0x00000000f5800000)
 ParOldGen       total 949760K, used 506749K [0x00000000a1400000, 0x00000000db380000, 0x00000000e0700000)
  object space 949760K, 53% used [0x00000000a1400000,0x00000000c02df560,0x00000000db380000)
 Metaspace       used 53738K, capacity 54189K, committed 54784K, reserved 1097728K
  class space    used 6431K, capacity 6559K, committed 6656K, reserved 1048576K
}
Event: 340.227 GC heap before
{Heap before GC invocations=54 (full 12):
 PSYoungGen      total 345088K, used 200K [0x00000000e0700000, 0x0000000100000000, 0x0000000100000000)
  eden space 173056K, 0% used [0x00000000e0700000,0x00000000e07323d0,0x00000000eb000000)
  from space 172032K, 0% used [0x00000000f5800000,0x00000000f5800000,0x0000000100000000)
  to   space 172032K, 0% used [0x00000000eb000000,0x00000000eb000000,0x00000000f5800000)
 ParOldGen       total 949760K, used 506749K [0x00000000a1400000, 0x00000000db380000, 0x00000000e0700000)
  object space 949760K, 53% used [0x00000000a1400000,0x00000000c02df560,0x00000000db380000)
 Metaspace       used 53738K, capacity 54189K, committed 54784K, reserved 1097728K
  class space    used 6431K, capacity 6559K, committed 6656K, reserved 1048576K
Event: 340.231 GC heap after
Heap after GC invocations=54 (full 12):
 PSYoungGen      total 345088K, used 64K [0x00000000e0700000, 0x0000000100000000, 0x0000000100000000)
  eden space 173056K, 0% used [0x00000000e0700000,0x00000000e0700000,0x00000000eb000000)
  from space 172032K, 0% used [0x00000000eb000000,0x00000000eb010000,0x00000000f5800000)
  to   space 172032K, 0% used [0x00000000f5800000,0x00000000f5800000,0x0000000100000000)
 ParOldGen       total 949760K, used 506749K [0x00000000a1400000, 0x00000000db380000, 0x00000000e0700000)
  object space 949760K, 53% used [0x00000000a1400000,0x00000000c02df560,0x00000000db380000)
 Metaspace       used 53738K, capacity 54189K, committed 54784K, reserved 1097728K
  class space    used 6431K, capacity 6559K, committed 6656K, reserved 1048576K
}
Event: 340.231 GC heap before
{Heap before GC invocations=55 (full 13):
 PSYoungGen      total 345088K, used 64K [0x00000000e0700000, 0x0000000100000000, 0x0000000100000000)
  eden space 173056K, 0% used [0x00000000e0700000,0x00000000e0700000,0x00000000eb000000)
  from space 172032K, 0% used [0x00000000eb000000,0x00000000eb010000,0x00000000f5800000)
  to   space 172032K, 0% used [0x00000000f5800000,0x00000000f5800000,0x0000000100000000)
 ParOldGen       total 949760K, used 506749K [0x00000000a1400000, 0x00000000db380000, 0x00000000e0700000)
  object space 949760K, 53% used [0x00000000a1400000,0x00000000c02df560,0x00000000db380000)
 Metaspace       used 53738K, capacity 54189K, committed 54784K, reserved 1097728K
  class space    used 6431K, capacity 6559K, committed 6656K, reserved 1048576K
Event: 340.453 GC heap after
Heap after GC invocations=55 (full 13):
 PSYoungGen      total 345088K, used 0K [0x00000000e0700000, 0x0000000100000000, 0x0000000100000000)
  eden space 173056K, 0% used [0x00000000e0700000,0x00000000e0700000,0x00000000eb000000)
  from space 172032K, 0% used [0x00000000eb000000,0x00000000eb000000,0x00000000f5800000)
  to   space 172032K, 0% used [0x00000000f5800000,0x00000000f5800000,0x0000000100000000)
 ParOldGen       total 949760K, used 506749K [0x00000000a1400000, 0x00000000db380000, 0x00000000e0700000)
  object space 949760K, 53% used [0x00000000a1400000,0x00000000c02df598,0x00000000db380000)
 Metaspace       used 53738K, capacity 54189K, committed 54784K, reserved 1097728K
  class space    used 6431K, capacity 6559K, committed 6656K, reserved 1048576K
}

Deoptimization events (10 events):
Event: 333.029 Thread 0x00000199321db800 Uncommon trap: reason=unstable_if action=reinterpret pc=0x0000019919883350 method=java.util.Collections$SetFromMap.add(Ljava/lang/Object;)Z @ 13
Event: 340.454 Thread 0x00000199167d7000 Uncommon trap: reason=unstable_if action=reinterpret pc=0x00000199196ec28c method=net.minecraft.launchwrapper.LaunchClassLoader.findClass(Ljava/lang/String;)Ljava/lang/Class; @ 10
Event: 340.458 Thread 0x00000199321db800 Uncommon trap: reason=class_check action=maybe_recompile pc=0x0000019919c59718 method=com.google.common.cache.LocalCache$Segment.drainRecencyQueue()V @ 4
Event: 340.459 Thread 0x00000199321db800 Uncommon trap: reason=class_check action=maybe_recompile pc=0x000001991a022278 method=com.google.common.cache.LocalCache$Segment.drainRecencyQueue()V @ 4
Event: 340.459 Thread 0x00000199321db800 Uncommon trap: reason=class_check action=maybe_recompile pc=0x000001991a134e28 method=com.google.common.cache.LocalCache$Segment.setValue(Lcom/google/common/cache/LocalCache$ReferenceEntry;Ljava/lang/Object;Ljava/lang/Object;J)V @ 1
Event: 340.459 Thread 0x00000199321db800 Uncommon trap: reason=class_check action=maybe_recompile pc=0x000001991a137384 method=com.google.common.cache.LocalCache$Segment.drainRecencyQueue()V @ 4
Event: 340.460 Thread 0x00000199167d7000 Uncommon trap: reason=class_check action=maybe_recompile pc=0x00000199195ec168 method=java.util.AbstractSet.removeAll(Ljava/util/Collection;)Z @ 12
Event: 340.468 Thread 0x00000199167d7000 Uncommon trap: reason=class_check action=maybe_recompile pc=0x00000199195ec168 method=java.util.AbstractSet.removeAll(Ljava/util/Collection;)Z @ 12
Event: 340.469 Thread 0x00000199167d7000 Uncommon trap: reason=unstable_if action=reinterpret pc=0x0000019918bcc6d4 method=sun.nio.cs.UTF_8$Encoder.encodeArrayLoop(Ljava/nio/CharBuffer;Ljava/nio/ByteBuffer;)Ljava/nio/charset/CoderResult; @ 87
Event: 340.470 Thread 0x00000199167d7000 Uncommon trap: reason=unstable_if action=reinterpret pc=0x00000199186d833c method=net.minecraftforge.fml.relauncher.FMLSecurityManager.checkPermission(Ljava/security/Permission;)V @ 23

Classes redefined (0 events):
No events

Internal exceptions (10 events):
Event: 90.123 Thread 0x0000019930aad000 Exception <a 'java/lang/InterruptedException': sleep interrupted> (0x00000000e3c266c0) thrown at [C:\wsjdk\Corretto8Src\installers\windows\zip\corretto-build\buildRoot\src\hotspot\src\share\vm\prims\jvm.cpp, line 3337]
Event: 90.127 Thread 0x0000019930aad000 Exception <a 'java/lang/InterruptedException': sleep interrupted> (0x00000000e3c26918) thrown at [C:\wsjdk\Corretto8Src\installers\windows\zip\corretto-build\buildRoot\src\hotspot\src\share\vm\prims\jvm.cpp, line 3384]
Event: 90.161 Thread 0x0000019930aad000 Exception <a 'java/lang/InterruptedException': sleep interrupted> (0x00000000e3c26bc0) thrown at [C:\wsjdk\Corretto8Src\installers\windows\zip\corretto-build\buildRoot\src\hotspot\src\share\vm\prims\jvm.cpp, line 3384]
Event: 90.197 Thread 0x0000019930aad000 Exception <a 'java/lang/InterruptedException': sleep interrupted> (0x00000000e3c26e68) thrown at [C:\wsjdk\Corretto8Src\installers\windows\zip\corretto-build\buildRoot\src\hotspot\src\share\vm\prims\jvm.cpp, line 3384]
Event: 90.235 Thread 0x0000019930aad000 Exception <a 'java/lang/InterruptedException': sleep interrupted> (0x00000000e3c27110) thrown at [C:\wsjdk\Corretto8Src\installers\windows\zip\corretto-build\buildRoot\src\hotspot\src\share\vm\prims\jvm.cpp, line 3384]
Event: 90.235 Thread 0x0000019930aad000 Exception <a 'java/lang/InterruptedException': sleep interrupted> (0x00000000e3c27f40) thrown at [C:\wsjdk\Corretto8Src\installers\windows\zip\corretto-build\buildRoot\src\hotspot\src\share\vm\prims\jvm.cpp, line 3337]
Event: 90.260 Thread 0x00000199167d7000 Exception <a 'java/lang/NoSuchMethodError': java.lang.Object.lambda$comparingDouble$8dcf42ea$1(Ljava/util/function/ToDoubleFunction;Ljava/lang/Object;Ljava/lang/Object;)I> (0x00000000e4c0e8e0) thrown at [C:\wsjdk\Corretto8Src\installers\windows\zip\corret
Event: 327.388 Thread 0x00000199167d7000 Exception <a 'java/lang/NullPointerException'> (0x00000000e51c03c0) thrown at [C:\wsjdk\Corretto8Src\installers\windows\zip\corretto-build\buildRoot\src\hotspot\src\share\vm\interpreter\linkResolver.cpp, line 1185]
Event: 327.389 Thread 0x00000199167d7000 Exception <a 'java/lang/NullPointerException'> (0x00000000e51c4b18) thrown at [C:\wsjdk\Corretto8Src\installers\windows\zip\corretto-build\buildRoot\src\hotspot\src\share\vm\interpreter\linkResolver.cpp, line 1185]
Event: 340.453 Thread 0x0000019930aad000 Exception <a 'java/lang/InterruptedException': sleep interrupted> (0x00000000c02df528) thrown at [C:\wsjdk\Corretto8Src\installers\windows\zip\corretto-build\buildRoot\src\hotspot\src\share\vm\prims\jvm.cpp, line 3384]

Events (10 events):
Event: 340.479 Thread 0x0000019930aa9800 DEOPT PACKING pc=0x000001991837ebdc sp=0x0000005ed36ff460
Event: 340.479 Thread 0x0000019930aa9800 DEOPT UNPACKING pc=0x00000199180f71d8 sp=0x0000005ed36ff1b8 mode 1
Event: 340.479 Thread 0x00000199321e7800 Thread exited: 0x00000199321e7800
Event: 340.479 Executing VM operation: RevokeBias
Event: 340.479 Executing VM operation: RevokeBias done
Event: 340.480 Thread 0x0000019930aa9800 Thread exited: 0x0000019930aa9800
Event: 340.481 Thread 0x00000199321db800 Thread exited: 0x00000199321db800
Event: 340.486 Thread 0x000001992b6c1800 Thread exited: 0x000001992b6c1800
Event: 340.486 Thread 0x000001992b6b0000 Thread exited: 0x000001992b6b0000
Event: 340.486 Executing VM operation: Exit


Dynamic libraries:
0x00007ff6fdee0000 - 0x00007ff6fdf1a000 	C:\Users\Sun3k\.jdks\corretto-1.8.0_332\bin\java.exe
0x00007ffeb6950000 - 0x00007ffeb6b47000 	C:\Windows\SYSTEM32\ntdll.dll
0x00007ffeb49b0000 - 0x00007ffeb4a6d000 	C:\Windows\System32\KERNEL32.DLL
0x00007ffeb4480000 - 0x00007ffeb474d000 	C:\Windows\System32\KERNELBASE.dll
0x00007ffeb5160000 - 0x00007ffeb520e000 	C:\Windows\System32\ADVAPI32.dll
0x00007ffeb62b0000 - 0x00007ffeb634e000 	C:\Windows\System32\msvcrt.dll
0x00007ffeb5f70000 - 0x00007ffeb600c000 	C:\Windows\System32\sechost.dll
0x00007ffeb5210000 - 0x00007ffeb5335000 	C:\Windows\System32\RPCRT4.dll
0x00007ffeb53a0000 - 0x00007ffeb5540000 	C:\Windows\System32\USER32.dll
0x00007ffeb4950000 - 0x00007ffeb4972000 	C:\Windows\System32\win32u.dll
0x00007ffeb61d0000 - 0x00007ffeb61fa000 	C:\Windows\System32\GDI32.dll
0x00007ffeb4220000 - 0x00007ffeb432b000 	C:\Windows\System32\gdi32full.dll
0x00007ffeb43e0000 - 0x00007ffeb447d000 	C:\Windows\System32\msvcp_win.dll
0x00007ffeb47e0000 - 0x00007ffeb48e0000 	C:\Windows\System32\ucrtbase.dll
0x00007ffe9dfe0000 - 0x00007ffe9e27a000 	C:\Windows\WinSxS\amd64_microsoft.windows.common-controls_6595b64144ccf1df_6.0.19041.1110_none_60b5254171f9507e\COMCTL32.dll
0x00007ffeb55a0000 - 0x00007ffeb55d0000 	C:\Windows\System32\IMM32.DLL
0x00007ffeabda0000 - 0x00007ffeabe8f000 	C:\Users\Sun3k\.jdks\corretto-1.8.0_332\jre\bin\msvcr120.dll
0x00007ffe77520000 - 0x00007ffe775c6000 	C:\Users\Sun3k\.jdks\corretto-1.8.0_332\jre\bin\msvcp120.dll
0x0000000063830000 - 0x00000000640a6000 	C:\Users\Sun3k\.jdks\corretto-1.8.0_332\jre\bin\server\jvm.dll
0x00007ffeb61c0000 - 0x00007ffeb61c8000 	C:\Windows\System32\PSAPI.DLL
0x00007ffeab0b0000 - 0x00007ffeab0d7000 	C:\Windows\SYSTEM32\WINMM.dll
0x00007ffe9d810000 - 0x00007ffe9d819000 	C:\Windows\SYSTEM32\WSOCK32.dll
0x00007ffead3a0000 - 0x00007ffead3aa000 	C:\Windows\SYSTEM32\VERSION.dll
0x00007ffeb5060000 - 0x00007ffeb50cb000 	C:\Windows\System32\WS2_32.dll
0x00007ffeaea20000 - 0x00007ffeaea2f000 	C:\Users\Sun3k\.jdks\corretto-1.8.0_332\jre\bin\verify.dll
0x00007ffeae6b0000 - 0x00007ffeae6d9000 	C:\Users\Sun3k\.jdks\corretto-1.8.0_332\jre\bin\java.dll
0x00007ffe9b6b0000 - 0x00007ffe9b6e5000 	C:\Users\Sun3k\.jdks\corretto-1.8.0_332\jre\bin\jdwp.dll
0x00007ffeafc80000 - 0x00007ffeafc88000 	C:\Users\Sun3k\.jdks\corretto-1.8.0_332\jre\bin\npt.dll
0x00007ffeaea70000 - 0x00007ffeaea9a000 	C:\Users\Sun3k\.jdks\corretto-1.8.0_332\jre\bin\instrument.dll
0x00007ffeaea00000 - 0x00007ffeaea16000 	C:\Users\Sun3k\.jdks\corretto-1.8.0_332\jre\bin\zip.dll
0x00007ffeb57b0000 - 0x00007ffeb5ef4000 	C:\Windows\System32\SHELL32.dll
0x00007ffeb2170000 - 0x00007ffeb2904000 	C:\Windows\SYSTEM32\windows.storage.dll
0x00007ffeb4a70000 - 0x00007ffeb4dc4000 	C:\Windows\System32\combase.dll
0x00007ffeb3ad0000 - 0x00007ffeb3afc000 	C:\Windows\SYSTEM32\Wldp.dll
0x00007ffeb6200000 - 0x00007ffeb62ad000 	C:\Windows\System32\SHCORE.dll
0x00007ffeb5540000 - 0x00007ffeb5595000 	C:\Windows\System32\shlwapi.dll
0x00007ffeb3fb0000 - 0x00007ffeb3fcf000 	C:\Windows\SYSTEM32\profapi.dll
0x00007ffeafc70000 - 0x00007ffeafc79000 	C:\Users\Sun3k\.jdks\corretto-1.8.0_332\jre\bin\dt_socket.dll
0x00007ffeb3830000 - 0x00007ffeb389a000 	C:\Windows\system32\mswsock.dll
0x00007ffeafd00000 - 0x00007ffeafd0d000 	C:\Users\Sun3k\.jdks\corretto-1.8.0_332\jre\bin\management.dll
0x00007ffeae690000 - 0x00007ffeae6aa000 	C:\Users\Sun3k\.jdks\corretto-1.8.0_332\jre\bin\net.dll
0x00007ffeae670000 - 0x00007ffeae682000 	C:\Users\Sun3k\.jdks\corretto-1.8.0_332\jre\bin\nio.dll
0x00007ffeb3a20000 - 0x00007ffeb3a38000 	C:\Windows\SYSTEM32\CRYPTSP.dll
0x00007ffeb3140000 - 0x00007ffeb3174000 	C:\Windows\system32\rsaenh.dll
0x00007ffeb4980000 - 0x00007ffeb49a7000 	C:\Windows\System32\bcrypt.dll
0x00007ffeb3f30000 - 0x00007ffeb3f5e000 	C:\Windows\SYSTEM32\USERENV.dll
0x00007ffeb4750000 - 0x00007ffeb47d2000 	C:\Windows\System32\bcryptprimitives.dll
0x00007ffeb3a40000 - 0x00007ffeb3a4c000 	C:\Windows\SYSTEM32\CRYPTBASE.dll
0x00007ffeb34b0000 - 0x00007ffeb34eb000 	C:\Windows\SYSTEM32\IPHLPAPI.DLL
0x00007ffeb5f60000 - 0x00007ffeb5f68000 	C:\Windows\System32\NSI.dll
0x00007ffea8bc0000 - 0x00007ffea8bd7000 	C:\Windows\SYSTEM32\dhcpcsvc6.DLL
0x00007ffeab020000 - 0x00007ffeab03d000 	C:\Windows\SYSTEM32\dhcpcsvc.DLL
0x00007ffeb34f0000 - 0x00007ffeb35bb000 	C:\Windows\SYSTEM32\DNSAPI.dll
0x00007ffeafc60000 - 0x00007ffeafc6a000 	C:\Users\Sun3k\AppData\Local\Temp\jansi-64-7836644620664450072.dll
0x00007ffe77a30000 - 0x00007ffe77a47000 	C:\Windows\system32\napinsp.dll
0x00007ffe629d0000 - 0x00007ffe629eb000 	C:\Windows\system32\pnrpnsp.dll
0x00007ffeaee60000 - 0x00007ffeaee75000 	C:\Windows\system32\wshbth.dll
0x00007ffeafbb0000 - 0x00007ffeafbcd000 	C:\Windows\system32\NLAapi.dll
0x00007ffe629b0000 - 0x00007ffe629c2000 	C:\Windows\System32\winrnr.dll
0x00007ffea8160000 - 0x00007ffea816a000 	C:\Windows\System32\rasadhlp.dll
0x00007ffea7d30000 - 0x00007ffea7db0000 	C:\Windows\System32\fwpuclnt.dll
0x00007ffeafcb0000 - 0x00007ffeafcd3000 	C:\Users\Sun3k\.jdks\corretto-1.8.0_332\jre\bin\sunec.dll
0x00007ffeafcf0000 - 0x00007ffeafcfc000 	C:\Users\Sun3k\.jdks\corretto-1.8.0_332\jre\bin\sunmscapi.dll
0x00007ffeb4070000 - 0x00007ffeb41c6000 	C:\Windows\System32\CRYPT32.dll
0x00007ffeb3b40000 - 0x00007ffeb3b67000 	C:\Windows\SYSTEM32\ncrypt.dll
0x00007ffeb3b00000 - 0x00007ffeb3b3b000 	C:\Windows\SYSTEM32\NTASN1.dll
0x0000000180000000 - 0x0000000180053000 	C:\Users\Sun3k\.gradle\caches\minecraft\net\minecraft\natives\1.8.9\lwjgl64.dll
0x00007ffe7d620000 - 0x00007ffe7d746000 	C:\Windows\SYSTEM32\OPENGL32.dll
0x00007ffe7d5f0000 - 0x00007ffe7d61c000 	C:\Windows\SYSTEM32\GLU32.dll
0x00007ffe88390000 - 0x00007ffe88525000 	C:\Users\Sun3k\.jdks\corretto-1.8.0_332\jre\bin\awt.dll
0x00007ffeb60f0000 - 0x00007ffeb61bd000 	C:\Windows\System32\OLEAUT32.dll
0x00007ffeb18b0000 - 0x00007ffeb1940000 	C:\Windows\SYSTEM32\apphelp.dll
0x00007ffeaeb70000 - 0x00007ffeaec1e000 	C:\Windows\SYSTEM32\mscms.dll
0x00007ffeaeb50000 - 0x00007ffeaeb61000 	C:\Windows\SYSTEM32\ColorAdapterClient.dll
0x00007ffeb1f70000 - 0x00007ffeb1f82000 	C:\Windows\SYSTEM32\kernel.appcore.dll
0x00007ffeb55d0000 - 0x00007ffeb5679000 	C:\Windows\System32\clbcatq.dll
0x00007ffeac730000 - 0x00007ffeac773000 	C:\Windows\System32\Windows.Internal.Graphics.Display.DisplayColorManagement.dll
0x00007ffeb41d0000 - 0x00007ffeb421e000 	C:\Windows\System32\cfgmgr32.dll
0x00007ffeb1a70000 - 0x00007ffeb1b0e000 	C:\Windows\system32\uxtheme.dll
0x00007ffeb5690000 - 0x00007ffeb57a5000 	C:\Windows\System32\MSCTF.dll
0x00007ffea19f0000 - 0x00007ffea1ae9000 	C:\Windows\SYSTEM32\textinputframework.dll
0x00007ffeb0ec0000 - 0x00007ffeb121e000 	C:\Windows\System32\CoreUIComponents.dll
0x00007ffeb15a0000 - 0x00007ffeb1692000 	C:\Windows\System32\CoreMessaging.dll
0x00007ffeafee0000 - 0x00007ffeb0034000 	C:\Windows\SYSTEM32\wintypes.dll
0x00007ffeb2d70000 - 0x00007ffeb2da3000 	C:\Windows\SYSTEM32\ntmarta.dll
0x00007ffead280000 - 0x00007ffead377000 	C:\Windows\System32\AppXDeploymentClient.dll
0x00007ffe9b680000 - 0x00007ffe9b6ac000 	C:\Windows\System32\DriverStore\FileRepository\u0375335.inf_amd64_7de275617d9da25a\B374868\atig6pxx.dll
0x00007ffe47b80000 - 0x00007ffe4a9c3000 	C:\Windows\System32\DriverStore\FileRepository\u0375335.inf_amd64_7de275617d9da25a\B374868\atio6axx.dll
0x00007ffeb6350000 - 0x00007ffeb67bf000 	C:\Windows\System32\SETUPAPI.dll
0x00007ffe9f7f0000 - 0x00007ffe9f814000 	C:\Windows\SYSTEM32\dxva2.dll
0x00007ffeb67e0000 - 0x00007ffeb690a000 	C:\Windows\System32\ole32.dll
0x00007ffeb1c80000 - 0x00007ffeb1caf000 	C:\Windows\SYSTEM32\dwmapi.dll
0x00007ffe9b640000 - 0x00007ffe9b67f000 	C:\Windows\System32\DriverStore\FileRepository\u0375335.inf_amd64_7de275617d9da25a\B374868\atig6txx.dll
0x00007ffe6eee0000 - 0x00007ffe6f0b4000 	C:\Windows\SYSTEM32\atiadlxx.dll
0x00007ffe92cf0000 - 0x00007ffe92d39000 	C:\Windows\SYSTEM32\pdh.dll
0x00007ffeafab0000 - 0x00007ffeafba6000 	C:\Windows\SYSTEM32\PROPSYS.dll
0x00007ffeb3e20000 - 0x00007ffeb3e4c000 	C:\Windows\SYSTEM32\DEVOBJ.dll
0x00007ffeb48e0000 - 0x00007ffeb4947000 	C:\Windows\System32\WINTRUST.dll
0x00007ffeb3c60000 - 0x00007ffeb3c72000 	C:\Windows\SYSTEM32\MSASN1.dll
0x00007ffeabd00000 - 0x00007ffeabd3b000 	C:\Windows\SYSTEM32\dxcore.dll
0x00007ffe671f0000 - 0x00007ffe67233000 	C:\Windows\SYSTEM32\icm32.dll
0x0000019933270000 - 0x00000199332a8000 	C:\Users\Sun3k\AppData\Local\Temp\jna\jna8851711414626454936.dll
0x00007ffe9b570000 - 0x00007ffe9b5bb000 	C:\ProgramData\obs-studio-hook\graphics-hook64.dll
0x0000000070a40000 - 0x0000000070adc000 	C:\Users\Sun3k\.gradle\caches\minecraft\net\minecraft\natives\1.8.9\avutil-ttv-51.dll
0x0000000065980000 - 0x00000000659d6000 	C:\Users\Sun3k\.gradle\caches\minecraft\net\minecraft\natives\1.8.9\swresample-ttv-0.dll
0x000000006eb80000 - 0x000000006ec50000 	C:\Users\Sun3k\.gradle\caches\minecraft\net\minecraft\natives\1.8.9\libmp3lame-ttv.dll
0x00007ffe51770000 - 0x00007ffe52b14000 	C:\Users\Sun3k\.gradle\caches\minecraft\net\minecraft\natives\1.8.9\libmfxsw64.dll
0x00007ffe60740000 - 0x00007ffe608ad000 	C:\Users\Sun3k\.gradle\caches\minecraft\net\minecraft\natives\1.8.9\twitchsdk.dll
0x00007ffe99ea0000 - 0x00007ffe9a376000 	C:\Windows\SYSTEM32\WININET.dll
0x00007ffeb0040000 - 0x00007ffeb02a3000 	C:\Windows\system32\d3d11.dll
0x00007ffeb2970000 - 0x00007ffeb2a63000 	C:\Windows\SYSTEM32\dxgi.dll
0x00007ffeab0e0000 - 0x00007ffeab298000 	C:\Windows\System32\DriverStore\FileRepository\u0375335.inf_amd64_7de275617d9da25a\B374868\aticfx64.dll
0x00007ffeaaf50000 - 0x00007ffeaaf89000 	C:\Windows\System32\DriverStore\FileRepository\u0375335.inf_amd64_7de275617d9da25a\B374868\atiuxp64.dll
0x00007ffea8df0000 - 0x00007ffeaad27000 	C:\Windows\System32\DriverStore\FileRepository\u0375335.inf_amd64_7de275617d9da25a\B374868\atidxx64.dll
0x00007ffea8ab0000 - 0x00007ffea8ae0000 	C:\Windows\SYSTEM32\amdihk64.dll
0x00007ffea8200000 - 0x00007ffea822b000 	C:\Windows\SYSTEM32\D3DSCache.dll
0x00007ffeada20000 - 0x00007ffeadc20000 	C:\Windows\SYSTEM32\twinapi.appcore.dll
0x0000019955fc0000 - 0x0000019956024000 	C:\Users\Sun3k\.gradle\caches\minecraft\net\minecraft\natives\1.8.9\OpenAL64.dll
0x00007ffeaad30000 - 0x00007ffeaadb5000 	C:\Windows\System32\MMDevApi.dll
0x00007ffe965f0000 - 0x00007ffe9668c000 	C:\Windows\SYSTEM32\dsound.dll
0x00007ffe9a760000 - 0x00007ffe9a786000 	C:\Windows\SYSTEM32\winmmbase.dll
0x00007ffeb3730000 - 0x00007ffeb377b000 	C:\Windows\SYSTEM32\powrprof.dll
0x00007ffeb3630000 - 0x00007ffeb3642000 	C:\Windows\SYSTEM32\UMPDC.dll
0x00007ffeaadc0000 - 0x00007ffeaaf42000 	C:\Windows\SYSTEM32\AUDIOSES.DLL
0x00007ffeb1b80000 - 0x00007ffeb1b94000 	C:\Windows\SYSTEM32\resourcepolicyclient.dll
0x00007ffe9faf0000 - 0x00007ffe9fcd4000 	C:\Windows\SYSTEM32\dbghelp.dll

VM Arguments:
jvm_args: -agentlib:jdwp=transport=dt_socket,address=127.0.0.1:58015,suspend=y,server=n -javaagent:C:\Users\Sun3k\AppData\Local\JetBrains\IdeaIC2022.1\captureAgent\debugger-agent.jar -Dfile.encoding=UTF-8 
java_command: GradleStart --mixin mixins.sunrise.json --tweakClass org.spongepowered.asm.launch.MixinTweaker -Ddevauth.account --javaagent:C:\Users\Sun3k\.gradle\caches\modules-2\files-2.1\org.spongepowered\mixin\0.7.11-SNAPSHOT\7a670207bdb97db418118ad1e9bb42424ff3776d\mixin-0.7.11-SNAPSHOT.jar
java_class_path (initial): C:\Users\Sun3k\.jdks\corretto-1.8.0_332\jre\lib\charsets.jar;C:\Users\Sun3k\.jdks\corretto-1.8.0_332\jre\lib\ext\access-bridge-64.jar;C:\Users\Sun3k\.jdks\corretto-1.8.0_332\jre\lib\ext\cldrdata.jar;C:\Users\Sun3k\.jdks\corretto-1.8.0_332\jre\lib\ext\dnsns.jar;C:\Users\Sun3k\.jdks\corretto-1.8.0_332\jre\lib\ext\jaccess.jar;C:\Users\Sun3k\.jdks\corretto-1.8.0_332\jre\lib\ext\jfxrt.jar;C:\Users\Sun3k\.jdks\corretto-1.8.0_332\jre\lib\ext\localedata.jar;C:\Users\Sun3k\.jdks\corretto-1.8.0_332\jre\lib\ext\nashorn.jar;C:\Users\Sun3k\.jdks\corretto-1.8.0_332\jre\lib\ext\sunec.jar;C:\Users\Sun3k\.jdks\corretto-1.8.0_332\jre\lib\ext\sunjce_provider.jar;C:\Users\Sun3k\.jdks\corretto-1.8.0_332\jre\lib\ext\sunmscapi.jar;C:\Users\Sun3k\.jdks\corretto-1.8.0_332\jre\lib\ext\sunpkcs11.jar;C:\Users\Sun3k\.jdks\corretto-1.8.0_332\jre\lib\ext\zipfs.jar;C:\Users\Sun3k\.jdks\corretto-1.8.0_332\jre\lib\jce.jar;C:\Users\Sun3k\.jdks\corretto-1.8.0_332\jre\lib\jfr.jar;C:\Users\Sun3k\.jdks\corretto-1.8.0_332\jre\lib\jfxswt.jar;C:\Users\Sun3k\.jdks\corretto-1.8.0_332\jre\lib\jsse.jar;C:\Users\Sun3k\.jdks\corretto-1.8.0_332\jre\lib\management-agent.jar;C:\Users\Sun3k\.jdks\corretto-1.8.0_332\jre\lib\resources.jar;C:\Users\Sun3k\.jdks\corretto-1.8.0_332\jre\lib\rt.jar;C:\Users\Sun3k\IdeaProjects\Sunrise8\build\classes\java\main;C:\Users\Sun3k\.gradle\caches\minecraft\deobfedDeps\compileDummy.jar;C:\Users\Sun3k\.gradle\caches\minecraft\deobfedDeps\providedDummy.jar;C:\Users\Sun3k\.gradle\caches\modules-2\files-2.1\org.spongepowered\mixin\0.7.11-SNAPSHOT\7a670207bdb97db418118ad1e9bb42424ff3776d\mixin-0.7.11-SNAPSHOT.jar;C:\Users\Sun3k\.gradle\caches\modules-2\files-2.1\gg.essential\elementa-1.8.9-forge\507\38e5ea484636664fc185041360ee5e86cfc147b5\elementa-1.8.9-forge-507.jar;C:\Users\Sun3k\.gradle\caches\modules-2\files-2.1\com.google.guava\guava\17.0\9c6ef172e8de35fd8d4d8783e4821e57cdef7445\guava-17.0.jar;C:\Users\Sun3k\.gradle\caches\modules-2\files-2.1\commons-io\c
Launcher Type: SUN_STANDARD

Environment Variables:
JAVA_HOME=C:\Program Files\OpenJDK\jdk-18
PATH=C:\Windows\system32;C:\Windows;C:\Windows\System32\Wbem;C:\Windows\System32\WindowsPowerShell\v1.0\;C:\Windows\System32\OpenSSH\;C:\ProgramData\chocolatey\bin;C:\Program Files\Microsoft VS Code\bin;C:\Program Files (x86)\Yarn\bin\;C:\Program Files\nodejs\;C:\Program Files\Git\cmd;C:\Program Files\OpenJDK\jdk-18\bin;C:\Program Files\dotnet\;C:\Users\Sun3k\AppData\Local\Programs\Python\Python310\Scripts\;C:\Users\Sun3k\AppData\Local\Programs\Python\Python310\;C:\Users\Sun3k\AppData\Local\Microsoft\WindowsApps;C:\Users\Sun3k\AppData\Local\Yarn\bin;C:\Users\Sun3k\AppData\Roaming\npm;C:\Program Files\Oracle\VirtualBox;C:\Program Files\heroku\bin;C:\Program Files\JetBrains\IntelliJ IDEA Community Edition 2022.1.1\bin;;C:\Users\Sun3k\.dotnet\tools
USERNAME=Sun3k
OS=Windows_NT
PROCESSOR_IDENTIFIER=AMD64 Family 23 Model 24 Stepping 1, AuthenticAMD



---------------  S Y S T E M  ---------------

OS: Windows 10.0 , 64 bit Build 19041 (10.0.19041.1741)

CPU:total 8 (initial active 8) (8 cores per cpu, 1 threads per core) family 23 model 24 stepping 1, cmov, cx8, fxsr, mmx, sse, sse2, sse3, ssse3, sse4.1, sse4.2, popcnt, avx, avx2, aes, clmul, mmxext, 3dnowpref, lzcnt, sse4a, tsc, tscinvbit, tscinv, bmi1

Memory: 4k page, physical 6206224k(527144k free), swap 19837712k(5143932k free)

vm_info: OpenJDK 64-Bit Server VM (25.332-b08) for windows-amd64 JRE (1.8.0_332-b08), built on Apr 16 2022 08:31:02 by "Administrator" with MS VC++ 12.0 (VS2013)

time: Mon Jun 20 13:16:25 2022
timezone: South Sudan Standard Time
elapsed time: 340.893311 seconds (0d 0h 5m 40s)

