#
# A fatal error has been detected by the Java Runtime Environment:
#
#  EXCEPTION_ACCESS_VIOLATION (0xc0000005) at pc=0x0000000000000000, pid=18620, tid=0x0000000000000af0
#
# JRE version: OpenJDK Runtime Environment (8.0_332-b08) (build 1.8.0_332-b08)
# Java VM: OpenJDK 64-Bit Server VM (25.332-b08 mixed mode windows-amd64 compressed oops)
# Problematic frame:
# C  0x0000000000000000
#
# Failed to write core dump. Minidumps are not enabled by default on client versions of Windows
#
# If you would like to submit a bug report, please visit:
#   https://github.com/corretto/corretto-8/issues/
#

---------------  T H R E A D  ---------------

Current thread (0x00000210a58c8800):  VMThread [stack: 0x00000094c3000000,0x00000094c3100000] [id=2800]

siginfo: ExceptionCode=0xc0000005, ExceptionInformation=0x0000000000000008 0x0000000000000000

Registers:
RAX=0x0000000000000000, RBX=0x0000000000000000, RCX=0x0000000000000001, RDX=0x00007ffde820f0b8
RSP=0x00000094c30fef38, RBP=0x00000210909c63a0, RSI=0x0000000000010000, RDI=0x0000000000000000
R8 =0x00000094c2234000, R9 =0x0000000000000040, R10=0x0000000000000100, R11=0x00000210cc864220
R12=0x00007ffdd698f270, R13=0x0000000000000082, R14=0x00007ffdd68b0000, R15=0x0000000000000001
RIP=0x0000000000000000, EFLAGS=0x0000000000010206

Top of Stack: (sp=0x00000094c30fef38)
0x00000094c30fef38:   00007ffde81d2f2c 0000000000000000
0x00000094c30fef48:   00000210909c63a0 0000000000000082
0x00000094c30fef58:   0000000000010000 0000000000000000
0x00000094c30fef68:   00007ffde81d406e 0000000000000000
0x00000094c30fef78:   00000210909c63a0 0000000000010000
0x00000094c30fef88:   00000210aa0d8bc8 0000000000000001
0x00000094c30fef98:   00007ffdd68b6e2e 0000000000000000
0x00000094c30fefa8:   0000000000000001 000000018004bb20
0x00000094c30fefb8:   0000000000000000 0000000000000001
0x00000094c30fefc8:   00007ffdd68b7276 0000000000000000
0x00000094c30fefd8:   00000210909c63a0 0000000000000001
0x00000094c30fefe8:   0000000000000001 0000000000000000
0x00000094c30feff8:   00007ffdd698f3af 0000000000000001
0x00000094c30ff008:   0000000000000000 0000000000000000
0x00000094c30ff018:   00000210b1130b30 0000000100000001
0x00000094c30ff028:   000000018000ecac 000000018001c558 

Instructions: (pc=0x0000000000000000)
0xffffffffffffffe0:   


Register to memory mapping:

RAX=0x0000000000000000 is an unknown value
RBX=0x0000000000000000 is an unknown value
RCX=0x0000000000000001 is an unknown value
RDX=0x00007ffde820f0b8 is an unknown value
RSP=0x00000094c30fef38 is an unknown value
RBP=0x00000210909c63a0 is an unknown value
RSI=0x0000000000010000 is an unknown value
RDI=0x0000000000000000 is an unknown value
R8 =0x00000094c2234000 is an unknown value
R9 =0x0000000000000040 is an unknown value
R10=0x0000000000000100 is an unknown value
R11=0x00000210cc864220 is an unknown value
R12=0x00007ffdd698f270 is an unknown value
R13=0x0000000000000082 is an unknown value
R14=0x00007ffdd68b0000 is an unknown value
R15=0x0000000000000001 is an unknown value


Stack: [0x00000094c3000000,0x00000094c3100000],  sp=0x00000094c30fef38,  free space=1019k
Native frames: (J=compiled Java code, j=interpreted, Vv=VM code, C=native code)

VM_Operation (0x00000094c35fefc0): Exit, mode: safepoint, requested by thread 0x00000210ce2fc800


---------------  P R O C E S S  ---------------

Java Threads: ( => current thread )
  0x00000210ce2fc800 JavaThread "SIGINT handler" daemon [_thread_blocked, id=15932, stack(0x00000094c3500000,0x00000094c3600000)]
  0x00000210ce300000 JavaThread "LanServerDetector #15" daemon [_thread_in_native, id=22236, stack(0x00000094ca100000,0x00000094ca200000)]
  0x00000210ce2fd800 JavaThread "pool-6-thread-20" [_thread_blocked, id=16976, stack(0x00000094c9300000,0x00000094c9400000)]
  0x00000210ce36b800 JavaThread "Netty Client IO #15" daemon [_thread_blocked, id=10288, stack(0x00000094c9200000,0x00000094c9300000)]
  0x00000210ce36f800 JavaThread "Netty Client IO #14" daemon [_thread_blocked, id=19224, stack(0x00000094c9100000,0x00000094c9200000)]
  0x00000210ce36e000 JavaThread "Netty Client IO #13" daemon [_thread_blocked, id=22080, stack(0x00000094c9000000,0x00000094c9100000)]
  0x00000210ce371000 JavaThread "Netty Client IO #12" daemon [_thread_blocked, id=20696, stack(0x00000094c8f00000,0x00000094c9000000)]
  0x00000210b4e94800 JavaThread "Netty Client IO #11" daemon [_thread_blocked, id=6212, stack(0x00000094c8e00000,0x00000094c8f00000)]
  0x00000210b0af0800 JavaThread "Netty Client IO #10" daemon [_thread_blocked, id=18952, stack(0x00000094c8d00000,0x00000094c8e00000)]
  0x00000210b3f06800 JavaThread "Netty Client IO #9" daemon [_thread_blocked, id=22744, stack(0x00000094c8c00000,0x00000094c8d00000)]
  0x00000210b3efa000 JavaThread "Netty Client IO #8" daemon [_thread_blocked, id=19016, stack(0x00000094c7200000,0x00000094c7300000)]
  0x00000210b5d4a000 JavaThread "File IO Thread" [_thread_blocked, id=20212, stack(0x00000094c7f00000,0x00000094c8000000)]
  0x00000210b3f00800 JavaThread "Chunk I/O Executor Thread-1" daemon [_thread_blocked, id=14212, stack(0x00000094c7c00000,0x00000094c7d00000)]
  0x00000210c4257800 JavaThread "Netty Server IO #1" daemon [_thread_blocked, id=14488, stack(0x00000094c7a00000,0x00000094c7b00000)]
  0x00000210c4258000 JavaThread "Netty Local Client IO #0" daemon [_thread_blocked, id=21436, stack(0x00000094c7900000,0x00000094c7a00000)]
  0x00000210c4259800 JavaThread "Netty Server IO #0" daemon [_thread_blocked, id=7580, stack(0x00000094c6d00000,0x00000094c6e00000)]
  0x00000210b3f08800 JavaThread "Netty Client IO #7" daemon [_thread_blocked, id=12384, stack(0x00000094c7800000,0x00000094c7900000)]
  0x00000210b3f07800 JavaThread "Netty Client IO #6" daemon [_thread_blocked, id=9672, stack(0x00000094c7700000,0x00000094c7800000)]
  0x00000210b3f04800 JavaThread "Netty Client IO #5" daemon [_thread_blocked, id=20956, stack(0x00000094c7600000,0x00000094c7700000)]
  0x00000210b3efc800 JavaThread "Netty Client IO #4" daemon [_thread_blocked, id=18968, stack(0x00000094c7500000,0x00000094c7600000)]
  0x00000210b3f03800 JavaThread "Netty Client IO #3" daemon [_thread_blocked, id=21140, stack(0x00000094c7400000,0x00000094c7500000)]
  0x00000210b3f02000 JavaThread "Netty Client IO #2" daemon [_thread_blocked, id=11860, stack(0x00000094c7300000,0x00000094c7400000)]
  0x00000210b3eff800 JavaThread "Netty Client IO #1" daemon [_thread_blocked, id=9560, stack(0x00000094c7100000,0x00000094c7200000)]
  0x00000210b3efd800 JavaThread "Netty Client IO #0" daemon [_thread_blocked, id=3216, stack(0x00000094c7000000,0x00000094c7100000)]
  0x00000210b3f01000 JavaThread "Netty Client IO #0" daemon [_thread_blocked, id=19756, stack(0x00000094c6f00000,0x00000094c7000000)]
  0x00000210b3efe000 JavaThread "Netty Client IO #0" daemon [_thread_blocked, id=22924, stack(0x00000094c6e00000,0x00000094c6f00000)]
  0x00000210b0af2800 JavaThread "Server Pinger #4" daemon [_thread_blocked, id=18676, stack(0x00000094c6c00000,0x00000094c6d00000)]
  0x00000210b5cb9000 JavaThread "Server Pinger #3" daemon [_thread_blocked, id=23516, stack(0x00000094c6b00000,0x00000094c6c00000)]
  0x00000210af429800 JavaThread "Server Pinger #2" daemon [_thread_blocked, id=7256, stack(0x00000094c6a00000,0x00000094c6b00000)]
  0x00000210b4e93800 JavaThread "Server Pinger #1" daemon [_thread_blocked, id=5568, stack(0x00000094c6100000,0x00000094c6200000)]
  0x00000210b4e92000 JavaThread "Thread-24" daemon [_thread_in_native, id=15524, stack(0x00000094c5800000,0x00000094c5900000)]
  0x00000210b4e90800 JavaThread "Server Pinger #0" daemon [_thread_blocked, id=21752, stack(0x00000094c5700000,0x00000094c5800000)]
  0x00000210b4e8c000 JavaThread "Thread-23" [_thread_blocked, id=10456, stack(0x00000094c6400000,0x00000094c6500000)]
  0x00000210b4e8b000 JavaThread "Thread-22" [_thread_blocked, id=9940, stack(0x00000094c6200000,0x00000094c6300000)]
  0x00000210b4e8f000 JavaThread "DiscordRPC" [_thread_blocked, id=20776, stack(0x00000094c6800000,0x00000094c6900000)]
  0x00000210b5cc3800 JavaThread "Chunk Batcher 1" daemon [_thread_blocked, id=21460, stack(0x00000094c6600000,0x00000094c6700000)]
  0x00000210b5cc2800 JavaThread "Chunk Batcher 0" daemon [_thread_blocked, id=21856, stack(0x00000094c6000000,0x00000094c6100000)]
  0x00000210b0aef000 JavaThread "LWJGL Timer" daemon [_thread_blocked, id=12600, stack(0x00000094c5900000,0x00000094c5a00000)]
  0x00000210af42c800 JavaThread "Java2D Disposer" daemon [_thread_blocked, id=21712, stack(0x00000094c5600000,0x00000094c5700000)]
  0x00000210af426000 JavaThread "Timer hack thread" daemon [_thread_blocked, id=21028, stack(0x00000094c5500000,0x00000094c5600000)]
  0x00000210af424800 JavaThread "ViaRewind-1_8TO1_9" daemon [_thread_blocked, id=11788, stack(0x00000094c5a00000,0x00000094c5b00000)]
  0x00000210a78f3800 JavaThread "ViaForge-1" daemon [_thread_blocked, id=21888, stack(0x00000094c5400000,0x00000094c5500000)]
  0x00000210a78ee800 JavaThread "ViaForge-0" daemon [_thread_blocked, id=12236, stack(0x00000094c5300000,0x00000094c5400000)]
  0x00000210a9845800 JavaThread "Snooper Timer" daemon [_thread_blocked, id=21104, stack(0x00000094c4400000,0x00000094c4500000)]
  0x00000210a9847800 JavaThread "rebel-change-detector-thread" daemon [_thread_blocked, id=14084, stack(0x00000094c4e00000,0x00000094c4f00000)]
  0x00000210a9847000 JavaThread "rebel-debugger-thread" daemon [_thread_blocked, id=20048, stack(0x00000094c4d00000,0x00000094c4e00000)]
  0x00000210a9846000 JavaThread "rebel-debugger-attach-notifier" daemon [_thread_blocked, id=2668, stack(0x00000094c4c00000,0x00000094c4d00000)]
  0x00000210a9848800 JavaThread "rebel-heartbeat-thread" daemon [_thread_blocked, id=22304, stack(0x00000094c4b00000,0x00000094c4c00000)]
  0x00000210a9844800 JavaThread "rebel-redeploy-thread" daemon [_thread_blocked, id=17000, stack(0x00000094c4500000,0x00000094c4600000)]
  0x00000210a9843800 JavaThread "rebel-leaseManager-1" daemon [_thread_blocked, id=12584, stack(0x00000094c4300000,0x00000094c4400000)]
  0x00000210a8115000 JavaThread "rebel-messaging-executor-46" daemon [_thread_blocked, id=3132, stack(0x00000094c4100000,0x00000094c4200000)]
  0x00000210a8117800 JavaThread "rebel-weak-reaper" daemon [_thread_blocked, id=20472, stack(0x00000094c3f00000,0x00000094c4000000)]
  0x00000210a8116000 JavaThread "rebel-cache-writer" daemon [_thread_blocked, id=16928, stack(0x00000094c3e00000,0x00000094c3f00000)]
  0x00000210a8175000 JavaThread "rebel-CacheKeepAlive" daemon [_thread_blocked, id=4176, stack(0x00000094c4700000,0x00000094c4800000)]
  0x00000210a80a1800 JavaThread "rebel-logger" daemon [_thread_blocked, id=21980, stack(0x00000094c4600000,0x00000094c4700000)]
  0x00000210a7bc1800 JavaThread "Service Thread" daemon [_thread_blocked, id=21912, stack(0x00000094c3c00000,0x00000094c3d00000)]
  0x00000210a7bc0800 JavaThread "C1 CompilerThread3" daemon [_thread_blocked, id=23496, stack(0x00000094c3b00000,0x00000094c3c00000)]
  0x00000210a7bbd000 JavaThread "C2 CompilerThread2" daemon [_thread_blocked, id=10656, stack(0x00000094c3a00000,0x00000094c3b00000)]
  0x00000210a7bba000 JavaThread "C2 CompilerThread1" daemon [_thread_blocked, id=6292, stack(0x00000094c3900000,0x00000094c3a00000)]
  0x00000210a7bb9800 JavaThread "C2 CompilerThread0" daemon [_thread_blocked, id=19972, stack(0x00000094c3800000,0x00000094c3900000)]
  0x00000210a7760800 JavaThread "JDWP Event Helper Thread" daemon [_thread_blocked, id=8076, stack(0x00000094c3600000,0x00000094c3700000)]
  0x00000210a7747800 JavaThread "Attach Listener" daemon [_thread_blocked, id=11476, stack(0x00000094c3400000,0x00000094c3500000)]
  0x00000210a7746000 JavaThread "Signal Dispatcher" daemon [_thread_blocked, id=22548, stack(0x00000094c3300000,0x00000094c3400000)]
  0x0000021090a3e000 JavaThread "Finalizer" daemon [_thread_blocked, id=22140, stack(0x00000094c3200000,0x00000094c3300000)]
  0x0000021090a36800 JavaThread "Reference Handler" daemon [_thread_blocked, id=20524, stack(0x00000094c3100000,0x00000094c3200000)]
  0x00000210909a5000 JavaThread "Client thread" [_thread_blocked, id=16732, stack(0x00000094c2700000,0x00000094c2800000)]

Other Threads:
=>0x00000210a58c8800 VMThread [stack: 0x00000094c3000000,0x00000094c3100000] [id=2800]

VM state:at safepoint (shutting down)

VM Mutex/Monitor currently owned by a thread:  ([mutex/lock_event])
[0x00000210909a3590] Threads_lock - owner thread: 0x00000210a58c8800

heap address: 0x00000000a1400000, size: 1516 MB, Compressed Oops mode: 32-bit
Narrow klass base: 0x0000000000000000, Narrow klass shift: 3
Compressed class space size: 1073741824 Address: 0x0000000100000000

Heap:
 PSYoungGen      total 492544K, used 201256K [0x00000000e0700000, 0x0000000100000000, 0x0000000100000000)
  eden space 467456K, 43% used [0x00000000e0700000,0x00000000ecb8a350,0x00000000fcf80000)
  from space 25088K, 0% used [0x00000000fe780000,0x00000000fe780000,0x0000000100000000)
  to   space 24576K, 0% used [0x00000000fcf80000,0x00000000fcf80000,0x00000000fe780000)
 ParOldGen       total 598528K, used 330033K [0x00000000a1400000, 0x00000000c5c80000, 0x00000000e0700000)
  object space 598528K, 55% used [0x00000000a1400000,0x00000000b564c638,0x00000000c5c80000)
 Metaspace       used 106974K, capacity 110211K, committed 110512K, reserved 1146880K
  class space    used 11873K, capacity 12593K, committed 12720K, reserved 1048576K

Card table byte_map: [0x00000210a16a0000,0x00000210a19a0000] byte_map_base: 0x00000210a1196000

Marking Bits: (ParMarkBitMap*) 0x000000006c1e7850
 Begin Bits: [0x00000210a1ba0000, 0x00000210a3350000)
 End Bits:   [0x00000210a3350000, 0x00000210a4b00000)

Polling page: 0x00000210922b0000

CodeCache: size=245760Kb used=69691Kb max_used=78249Kb free=176068Kb
 bounds [0x00000210922e0000, 0x0000021097000000, 0x00000210a12e0000]
 total_blobs=22913 nmethods=21895 adapters=934
 compilation: enabled

Compilation events (10 events):
Event: 11792.786 Thread 0x00000210a7bc0800 44575       3       java.lang.invoke.MethodType::parameterList (17 bytes)
Event: 11792.788 Thread 0x00000210a7bc0800 nmethod 44575 0x0000021096265510 code [0x0000021096265760, 0x0000021096266500]
Event: 11792.790 Thread 0x00000210a7bc0800 44577   !   3       com.zeroturnaround.javarebel.fza::doTransform (535 bytes)
Event: 11792.804 Thread 0x00000210a7bc0800 nmethod 44577 0x0000021095c4e710 code [0x0000021095c4ed80, 0x0000021095c52ff0]
Event: 11792.842 Thread 0x00000210a7bbd000 nmethod 44571 0x000002109678e910 code [0x000002109678ec20, 0x0000021096791028]
Event: 11792.842 Thread 0x00000210a7bbd000 44576       4       com.zeroturnaround.javarebel.be::e (16 bytes)
Event: 11792.850 Thread 0x00000210a7bbd000 nmethod 44576 0x0000021096042d90 code [0x0000021096042ee0, 0x00000210960431b8]
Event: 11792.874 Thread 0x00000210a7bb9800 nmethod 44574 0x0000021092974d90 code [0x0000021092974f60, 0x0000021092976748]
Event: 11792.894 Thread 0x00000210a7bc0800 44578       3       com.zeroturnaround.javarebel.fph::a (226 bytes)
Event: 11792.896 Thread 0x00000210a7bc0800 nmethod 44578 0x00000210945c6550 code [0x00000210945c6900, 0x00000210945c93e0]

GC Heap History (10 events):
Event: 11766.015 GC heap before
{Heap before GC invocations=3384 (full 171):
 PSYoungGen      total 489472K, used 482612K [0x00000000e0700000, 0x0000000100000000, 0x0000000100000000)
  eden space 464896K, 100% used [0x00000000e0700000,0x00000000fcd00000,0x00000000fcd00000)
  from space 24576K, 72% used [0x00000000fe800000,0x00000000ff94d1c0,0x0000000100000000)
  to   space 26112K, 0% used [0x00000000fcd00000,0x00000000fcd00000,0x00000000fe680000)
 ParOldGen       total 598528K, used 329565K [0x00000000a1400000, 0x00000000c5c80000, 0x00000000e0700000)
  object space 598528K, 55% used [0x00000000a1400000,0x00000000b55d75c0,0x00000000c5c80000)
 Metaspace       used 106857K, capacity 110145K, committed 110512K, reserved 1146880K
  class space    used 11857K, capacity 12592K, committed 12720K, reserved 1048576K
Event: 11766.030 GC heap after
Heap after GC invocations=3384 (full 171):
 PSYoungGen      total 491008K, used 14527K [0x00000000e0700000, 0x0000000100000000, 0x0000000100000000)
  eden space 464896K, 0% used [0x00000000e0700000,0x00000000e0700000,0x00000000fcd00000)
  from space 26112K, 55% used [0x00000000fcd00000,0x00000000fdb2fd60,0x00000000fe680000)
  to   space 25600K, 0% used [0x00000000fe700000,0x00000000fe700000,0x0000000100000000)
 ParOldGen       total 598528K, used 329565K [0x00000000a1400000, 0x00000000c5c80000, 0x00000000e0700000)
  object space 598528K, 55% used [0x00000000a1400000,0x00000000b55d75c0,0x00000000c5c80000)
 Metaspace       used 106857K, capacity 110145K, committed 110512K, reserved 1146880K
  class space    used 11857K, capacity 12592K, committed 12720K, reserved 1048576K
}
Event: 11772.349 GC heap before
{Heap before GC invocations=3385 (full 171):
 PSYoungGen      total 491008K, used 479423K [0x00000000e0700000, 0x0000000100000000, 0x0000000100000000)
  eden space 464896K, 100% used [0x00000000e0700000,0x00000000fcd00000,0x00000000fcd00000)
  from space 26112K, 55% used [0x00000000fcd00000,0x00000000fdb2fd60,0x00000000fe680000)
  to   space 25600K, 0% used [0x00000000fe700000,0x00000000fe700000,0x0000000100000000)
 ParOldGen       total 598528K, used 329565K [0x00000000a1400000, 0x00000000c5c80000, 0x00000000e0700000)
  object space 598528K, 55% used [0x00000000a1400000,0x00000000b55d75c0,0x00000000c5c80000)
 Metaspace       used 106858K, capacity 110145K, committed 110512K, reserved 1146880K
  class space    used 11857K, capacity 12592K, committed 12720K, reserved 1048576K
Event: 11772.362 GC heap after
Heap after GC invocations=3385 (full 171):
 PSYoungGen      total 489472K, used 13909K [0x00000000e0700000, 0x00000000ffe80000, 0x0000000100000000)
  eden space 465408K, 0% used [0x00000000e0700000,0x00000000e0700000,0x00000000fcd80000)
  from space 24064K, 57% used [0x00000000fe700000,0x00000000ff495580,0x00000000ffe80000)
  to   space 25088K, 0% used [0x00000000fcd80000,0x00000000fcd80000,0x00000000fe600000)
 ParOldGen       total 598528K, used 329565K [0x00000000a1400000, 0x00000000c5c80000, 0x00000000e0700000)
  object space 598528K, 55% used [0x00000000a1400000,0x00000000b55d75c0,0x00000000c5c80000)
 Metaspace       used 106858K, capacity 110145K, committed 110512K, reserved 1146880K
  class space    used 11857K, capacity 12592K, committed 12720K, reserved 1048576K
}
Event: 11779.227 GC heap before
{Heap before GC invocations=3386 (full 171):
 PSYoungGen      total 489472K, used 479317K [0x00000000e0700000, 0x00000000ffe80000, 0x0000000100000000)
  eden space 465408K, 100% used [0x00000000e0700000,0x00000000fcd80000,0x00000000fcd80000)
  from space 24064K, 57% used [0x00000000fe700000,0x00000000ff495580,0x00000000ffe80000)
  to   space 25088K, 0% used [0x00000000fcd80000,0x00000000fcd80000,0x00000000fe600000)
 ParOldGen       total 598528K, used 329565K [0x00000000a1400000, 0x00000000c5c80000, 0x00000000e0700000)
  object space 598528K, 55% used [0x00000000a1400000,0x00000000b55d75c0,0x00000000c5c80000)
 Metaspace       used 106863K, capacity 110145K, committed 110512K, reserved 1146880K
  class space    used 11857K, capacity 12592K, committed 12720K, reserved 1048576K
Event: 11779.244 GC heap after
Heap after GC invocations=3386 (full 171):
 PSYoungGen      total 490496K, used 14104K [0x00000000e0700000, 0x0000000100000000, 0x0000000100000000)
  eden space 465408K, 0% used [0x00000000e0700000,0x00000000e0700000,0x00000000fcd80000)
  from space 25088K, 56% used [0x00000000fcd80000,0x00000000fdb46120,0x00000000fe600000)
  to   space 25088K, 0% used [0x00000000fe780000,0x00000000fe780000,0x0000000100000000)
 ParOldGen       total 598528K, used 329565K [0x00000000a1400000, 0x00000000c5c80000, 0x00000000e0700000)
  object space 598528K, 55% used [0x00000000a1400000,0x00000000b55d75c0,0x00000000c5c80000)
 Metaspace       used 106863K, capacity 110145K, committed 110512K, reserved 1146880K
  class space    used 11857K, capacity 12592K, committed 12720K, reserved 1048576K
}
Event: 11786.365 GC heap before
{Heap before GC invocations=3387 (full 171):
 PSYoungGen      total 490496K, used 427029K [0x00000000e0700000, 0x0000000100000000, 0x0000000100000000)
  eden space 465408K, 88% used [0x00000000e0700000,0x00000000f9a3f468,0x00000000fcd80000)
  from space 25088K, 56% used [0x00000000fcd80000,0x00000000fdb46120,0x00000000fe600000)
  to   space 25088K, 0% used [0x00000000fe780000,0x00000000fe780000,0x0000000100000000)
 ParOldGen       total 598528K, used 329565K [0x00000000a1400000, 0x00000000c5c80000, 0x00000000e0700000)
  object space 598528K, 55% used [0x00000000a1400000,0x00000000b55d75c0,0x00000000c5c80000)
 Metaspace       used 106866K, capacity 110145K, committed 110512K, reserved 1146880K
  class space    used 11857K, capacity 12592K, committed 12720K, reserved 1048576K
Event: 11786.380 GC heap after
Heap after GC invocations=3387 (full 171):
 PSYoungGen      total 492544K, used 14386K [0x00000000e0700000, 0x0000000100000000, 0x0000000100000000)
  eden space 467456K, 0% used [0x00000000e0700000,0x00000000e0700000,0x00000000fcf80000)
  from space 25088K, 57% used [0x00000000fe780000,0x00000000ff58c918,0x0000000100000000)
  to   space 24576K, 0% used [0x00000000fcf80000,0x00000000fcf80000,0x00000000fe780000)
 ParOldGen       total 598528K, used 329565K [0x00000000a1400000, 0x00000000c5c80000, 0x00000000e0700000)
  object space 598528K, 55% used [0x00000000a1400000,0x00000000b55d75c0,0x00000000c5c80000)
 Metaspace       used 106866K, capacity 110145K, committed 110512K, reserved 1146880K
  class space    used 11857K, capacity 12592K, committed 12720K, reserved 1048576K
}
Event: 11786.380 GC heap before
{Heap before GC invocations=3388 (full 172):
 PSYoungGen      total 492544K, used 14386K [0x00000000e0700000, 0x0000000100000000, 0x0000000100000000)
  eden space 467456K, 0% used [0x00000000e0700000,0x00000000e0700000,0x00000000fcf80000)
  from space 25088K, 57% used [0x00000000fe780000,0x00000000ff58c918,0x0000000100000000)
  to   space 24576K, 0% used [0x00000000fcf80000,0x00000000fcf80000,0x00000000fe780000)
 ParOldGen       total 598528K, used 329565K [0x00000000a1400000, 0x00000000c5c80000, 0x00000000e0700000)
  object space 598528K, 55% used [0x00000000a1400000,0x00000000b55d75c0,0x00000000c5c80000)
 Metaspace       used 106866K, capacity 110145K, committed 110512K, reserved 1146880K
  class space    used 11857K, capacity 12592K, committed 12720K, reserved 1048576K
Event: 11786.778 GC heap after
Heap after GC invocations=3388 (full 172):
 PSYoungGen      total 492544K, used 0K [0x00000000e0700000, 0x0000000100000000, 0x0000000100000000)
  eden space 467456K, 0% used [0x00000000e0700000,0x00000000e0700000,0x00000000fcf80000)
  from space 25088K, 0% used [0x00000000fe780000,0x00000000fe780000,0x0000000100000000)
  to   space 24576K, 0% used [0x00000000fcf80000,0x00000000fcf80000,0x00000000fe780000)
 ParOldGen       total 598528K, used 330033K [0x00000000a1400000, 0x00000000c5c80000, 0x00000000e0700000)
  object space 598528K, 55% used [0x00000000a1400000,0x00000000b564c638,0x00000000c5c80000)
 Metaspace       used 106866K, capacity 110145K, committed 110512K, reserved 1146880K
  class space    used 11857K, capacity 12592K, committed 12720K, reserved 1048576K
}

Deoptimization events (10 events):
Event: 11652.594 Thread 0x00000210909a5000 Uncommon trap: reason=speculate_class_check action=maybe_recompile pc=0x0000021095ab07dc method=net.minecraft.client.gui.GuiSlot.func_148135_f()I @ 6
Event: 11652.610 Thread 0x00000210909a5000 Uncommon trap: reason=speculate_class_check action=maybe_recompile pc=0x0000021095ab07dc method=net.minecraft.client.gui.GuiSlot.func_148135_f()I @ 6
Event: 11654.851 Thread 0x00000210909a5000 Uncommon trap: reason=unstable_if action=reinterpret pc=0x000002109372916c method=net.minecraft.client.Minecraft.runGameLoop()V @ 796
Event: 11787.150 Thread 0x00000210b3efa000 Uncommon trap: reason=unstable_if action=reinterpret pc=0x000002109632a318 method=io.netty.util.concurrent.DefaultPromise.setUncancellable()Z @ 13
Event: 11792.652 Thread 0x00000210ce300800 Uncommon trap: reason=class_check action=maybe_recompile pc=0x0000021095a01b34 method=java.io.PrintStream.flush()V @ 19
Event: 11792.660 Thread 0x00000210ce304800 Uncommon trap: reason=unstable_if action=reinterpret pc=0x0000021093115cbc method=com.zeroturnaround.javarebel.fph.a(Ljava/lang/String;)Z @ 190
Event: 11792.670 Thread 0x00000210ce30a000 Uncommon trap: reason=unstable_if action=reinterpret pc=0x000002109405a7b4 method=com.zeroturnaround.javarebel.vk.a()Z @ 17
Event: 11792.824 Thread 0x00000210ce30a800 Uncommon trap: reason=class_check action=maybe_recompile pc=0x00000210929c6400 method=sun.misc.Cleaner.clean()V @ 16
Event: 11792.824 Thread 0x00000210ce30a800 Uncommon trap: reason=class_check action=maybe_recompile pc=0x00000210929c6400 method=sun.misc.Cleaner.clean()V @ 16
Event: 11792.893 Thread 0x00000210ce304800 Uncommon trap: reason=unstable_if action=reinterpret pc=0x000002109297666c method=com.zeroturnaround.javarebel.fph.a(Ljava/lang/String;)Z @ 199

Classes redefined (10 events):
Event: 5441.737 Thread 0x00000210a58c8800 redefined class name=com.zeroturnaround.jrebelbase.facade.ay, count=2
Event: 5441.859 Thread 0x00000210a58c8800 redefined class name=com.zeroturnaround.jrebelbase.facade.as, count=2
Event: 5441.967 Thread 0x00000210a58c8800 redefined class name=com.zeroturnaround.jrebelbase.facade.a, count=2
Event: 5442.159 Thread 0x00000210a58c8800 redefined class name=com.zeroturnaround.jrebelbase.d, count=2
Event: 5442.222 Thread 0x00000210a58c8800 redefined class name=com.zeroturnaround.jrebelbase.facade.f, count=2
Event: 5442.282 Thread 0x00000210a58c8800 redefined class name=com.zeroturnaround.jrebelbase.facade.e, count=2
Event: 5442.341 Thread 0x00000210a58c8800 redefined class name=com.zeroturnaround.jrebelbase.facade.g, count=2
Event: 5442.401 Thread 0x00000210a58c8800 redefined class name=com.zeroturnaround.jrebelbase.facade.ad, count=2
Event: 5443.062 Thread 0x00000210a58c8800 redefined class name=net.sunderw.ssidlogin.modules.Module, count=2
Event: 5443.125 Thread 0x00000210a58c8800 redefined class name=net.sunderw.ssidlogin.modules.movement.Flight, count=3

Internal exceptions (10 events):
Event: 11786.094 Thread 0x00000210b4e8b000 Exception <a 'java/lang/InterruptedException': sleep interrupted> (0x00000000f82a4e38) thrown at [C:\wsjdk\Corretto8Src\installers\windows\zip\corretto-build\buildRoot\src\hotspot\src\share\vm\prims\jvm.cpp, line 3384]
Event: 11786.111 Thread 0x00000210b4e8b000 Exception <a 'java/lang/InterruptedException': sleep interrupted> (0x00000000f82a50e0) thrown at [C:\wsjdk\Corretto8Src\installers\windows\zip\corretto-build\buildRoot\src\hotspot\src\share\vm\prims\jvm.cpp, line 3384]
Event: 11786.167 Thread 0x00000210b4e8b000 Exception <a 'java/lang/InterruptedException': sleep interrupted> (0x00000000f82a5388) thrown at [C:\wsjdk\Corretto8Src\installers\windows\zip\corretto-build\buildRoot\src\hotspot\src\share\vm\prims\jvm.cpp, line 3384]
Event: 11786.286 Thread 0x00000210b4e8b000 Exception <a 'java/lang/InterruptedException': sleep interrupted> (0x00000000f82a5630) thrown at [C:\wsjdk\Corretto8Src\installers\windows\zip\corretto-build\buildRoot\src\hotspot\src\share\vm\prims\jvm.cpp, line 3384]
Event: 11786.318 Thread 0x00000210b4e8b000 Exception <a 'java/lang/InterruptedException': sleep interrupted> (0x00000000f99910c0) thrown at [C:\wsjdk\Corretto8Src\installers\windows\zip\corretto-build\buildRoot\src\hotspot\src\share\vm\prims\jvm.cpp, line 3384]
Event: 11786.336 Thread 0x00000210b4e8b000 Exception <a 'java/lang/InterruptedException': sleep interrupted> (0x00000000f9991368) thrown at [C:\wsjdk\Corretto8Src\installers\windows\zip\corretto-build\buildRoot\src\hotspot\src\share\vm\prims\jvm.cpp, line 3384]
Event: 11786.336 Thread 0x00000210b4e8b000 Exception <a 'java/lang/InterruptedException': sleep interrupted> (0x00000000f9992158) thrown at [C:\wsjdk\Corretto8Src\installers\windows\zip\corretto-build\buildRoot\src\hotspot\src\share\vm\prims\jvm.cpp, line 3384]
Event: 11786.364 Thread 0x00000210b4e8b000 Exception <a 'java/lang/InterruptedException': sleep interrupted> (0x00000000f99923b0) thrown at [C:\wsjdk\Corretto8Src\installers\windows\zip\corretto-build\buildRoot\src\hotspot\src\share\vm\prims\jvm.cpp, line 3384]
Event: 11786.778 Thread 0x00000210b4e8b000 Exception <a 'java/lang/InterruptedException': sleep interrupted> (0x00000000e0ec3cd0) thrown at [C:\wsjdk\Corretto8Src\installers\windows\zip\corretto-build\buildRoot\src\hotspot\src\share\vm\prims\jvm.cpp, line 3337]
Event: 11791.817 Thread 0x00000210ce300000 Exception <a 'java/net/SocketTimeoutException': Peek timed out> (0x00000000e0ecf420) thrown at [C:\wsjdk\Corretto8Src\installers\windows\zip\corretto-build\buildRoot\src\hotspot\src\share\vm\prims\jni.cpp, line 738]

Events (10 events):
Event: 11792.824 Thread 0x00000210ce30a800 DEOPT UNPACKING pc=0x0000021092325583 sp=0x00000094cadff020 mode 2
Event: 11792.824 Thread 0x00000210ce30a800 Uncommon trap: trap_request=0xffffffde fr.pc=0x00000210929c6400
Event: 11792.824 Thread 0x00000210ce30a800 DEOPT PACKING pc=0x00000210929c6400 sp=0x00000094cadff060
Event: 11792.824 Thread 0x00000210ce30a800 DEOPT UNPACKING pc=0x0000021092325583 sp=0x00000094cadff020 mode 2
Event: 11792.825 Thread 0x00000210ce30a800 Thread exited: 0x00000210ce30a800
Event: 11792.893 Thread 0x00000210ce304800 Uncommon trap: trap_request=0xffffff65 fr.pc=0x000002109297666c
Event: 11792.893 Thread 0x00000210ce304800 DEOPT PACKING pc=0x000002109297666c sp=0x00000094ca4ff290
Event: 11792.893 Thread 0x00000210ce304800 DEOPT UNPACKING pc=0x0000021092325583 sp=0x00000094ca4ff248 mode 2
Event: 11792.899 Thread 0x00000210ce304800 Thread exited: 0x00000210ce304800
Event: 11792.919 Executing VM operation: Exit


Dynamic libraries:
0x00007ff7eba40000 - 0x00007ff7eba7a000 	C:\Users\Sun3k\.jdks\corretto-1.8.0_332\bin\java.exe
0x00007ffe1a690000 - 0x00007ffe1a888000 	C:\Windows\SYSTEM32\ntdll.dll
0x00007ffe19060000 - 0x00007ffe1911d000 	C:\Windows\System32\KERNEL32.DLL
0x00007ffe17db0000 - 0x00007ffe1807e000 	C:\Windows\System32\KERNELBASE.dll
0x00007ffe19550000 - 0x00007ffe195fe000 	C:\Windows\System32\ADVAPI32.dll
0x00007ffe18da0000 - 0x00007ffe18e3e000 	C:\Windows\System32\msvcrt.dll
0x00007ffe18700000 - 0x00007ffe1879c000 	C:\Windows\System32\sechost.dll
0x00007ffe18e40000 - 0x00007ffe18f65000 	C:\Windows\System32\RPCRT4.dll
0x00007ffe19710000 - 0x00007ffe198b0000 	C:\Windows\System32\USER32.dll
0x00007ffe18670000 - 0x00007ffe18692000 	C:\Windows\System32\win32u.dll
0x00007ffe1a040000 - 0x00007ffe1a06a000 	C:\Windows\System32\GDI32.dll
0x00007ffe18330000 - 0x00007ffe1843b000 	C:\Windows\System32\gdi32full.dll
0x00007ffe18440000 - 0x00007ffe184dd000 	C:\Windows\System32\msvcp_win.dll
0x00007ffe18080000 - 0x00007ffe18180000 	C:\Windows\System32\ucrtbase.dll
0x00007ffdfaf10000 - 0x00007ffdfb1aa000 	C:\Windows\WinSxS\amd64_microsoft.windows.common-controls_6595b64144ccf1df_6.0.19041.1110_none_60b5254171f9507e\COMCTL32.dll
0x00007ffe198c0000 - 0x00007ffe198f0000 	C:\Windows\System32\IMM32.DLL
0x00007ffdecf20000 - 0x00007ffded00f000 	C:\Users\Sun3k\.jdks\corretto-1.8.0_332\jre\bin\msvcr120.dll
0x00007ffdece70000 - 0x00007ffdecf16000 	C:\Users\Sun3k\.jdks\corretto-1.8.0_332\jre\bin\msvcp120.dll
0x000000006b9f0000 - 0x000000006c266000 	C:\Users\Sun3k\.jdks\corretto-1.8.0_332\jre\bin\server\jvm.dll
0x00007ffe198b0000 - 0x00007ffe198b8000 	C:\Windows\System32\PSAPI.DLL
0x00007ffdde920000 - 0x00007ffdde929000 	C:\Windows\SYSTEM32\WSOCK32.dll
0x00007ffe1a4b0000 - 0x00007ffe1a51b000 	C:\Windows\System32\WS2_32.dll
0x00007ffe0fcb0000 - 0x00007ffe0fcba000 	C:\Windows\SYSTEM32\VERSION.dll
0x00007ffe06ea0000 - 0x00007ffe06ec7000 	C:\Windows\SYSTEM32\WINMM.dll
0x00007ffe12ea0000 - 0x00007ffe12eaf000 	C:\Users\Sun3k\.jdks\corretto-1.8.0_332\jre\bin\verify.dll
0x00007ffe09ae0000 - 0x00007ffe09b09000 	C:\Users\Sun3k\.jdks\corretto-1.8.0_332\jre\bin\java.dll
0x00007ffdf77a0000 - 0x00007ffdf77d5000 	C:\Users\Sun3k\.jdks\corretto-1.8.0_332\jre\bin\jdwp.dll
0x00007ffe12600000 - 0x00007ffe12608000 	C:\Users\Sun3k\.jdks\corretto-1.8.0_332\jre\bin\npt.dll
0x00007ffdf7750000 - 0x00007ffdf779d000 	C:\Users\Sun3k\AppData\Roaming\JetBrains\IdeaIC2022.1\plugins\jr-ide-idea\lib\jrebel6\lib\jrebel64.dll
0x00007ffe198f0000 - 0x00007ffe1a034000 	C:\Windows\System32\SHELL32.dll
0x00007ffe17780000 - 0x00007ffe1778c000 	C:\Windows\SYSTEM32\CRYPTBASE.DLL
0x00007ffe19660000 - 0x00007ffe1970d000 	C:\Windows\System32\shcore.dll
0x00007ffe1a070000 - 0x00007ffe1a3c4000 	C:\Windows\System32\combase.dll
0x00007ffdf8070000 - 0x00007ffdf809a000 	C:\Users\Sun3k\.jdks\corretto-1.8.0_332\jre\bin\instrument.dll
0x00007ffe09ab0000 - 0x00007ffe09ac6000 	C:\Users\Sun3k\.jdks\corretto-1.8.0_332\jre\bin\zip.dll
0x00007ffe15eb0000 - 0x00007ffe16644000 	C:\Windows\SYSTEM32\windows.storage.dll
0x00007ffe17810000 - 0x00007ffe17840000 	C:\Windows\SYSTEM32\Wldp.dll
0x00007ffe187a0000 - 0x00007ffe187f5000 	C:\Windows\System32\shlwapi.dll
0x00007ffe17cf0000 - 0x00007ffe17d0f000 	C:\Windows\SYSTEM32\profapi.dll
0x00007ffe125f0000 - 0x00007ffe125f9000 	C:\Users\Sun3k\.jdks\corretto-1.8.0_332\jre\bin\dt_socket.dll
0x00007ffe17570000 - 0x00007ffe175da000 	C:\Windows\system32\mswsock.dll
0x00007ffe09be0000 - 0x00007ffe09bfa000 	C:\Users\Sun3k\.jdks\corretto-1.8.0_332\jre\bin\net.dll
0x00007ffe01e40000 - 0x00007ffe01e52000 	C:\Users\Sun3k\.jdks\corretto-1.8.0_332\jre\bin\nio.dll
0x00007ffe01900000 - 0x00007ffe01923000 	C:\Users\Sun3k\.jdks\corretto-1.8.0_332\jre\bin\sunec.dll
0x00007ffe12ec0000 - 0x00007ffe12ecd000 	C:\Users\Sun3k\.jdks\corretto-1.8.0_332\jre\bin\management.dll
0x00007ffe12db0000 - 0x00007ffe12dbc000 	C:\Users\Sun3k\.jdks\corretto-1.8.0_332\jre\bin\sunmscapi.dll
0x00007ffe184e0000 - 0x00007ffe18636000 	C:\Windows\System32\CRYPT32.dll
0x00007ffe17880000 - 0x00007ffe178a7000 	C:\Windows\SYSTEM32\ncrypt.dll
0x00007ffe17840000 - 0x00007ffe1787b000 	C:\Windows\SYSTEM32\NTASN1.dll
0x00007ffe0a350000 - 0x00007ffe0a36b000 	C:\Users\Sun3k\.jrebel\jrebel-temp\ver-e07cee6\IdeaWin64.dll
0x00007ffe17760000 - 0x00007ffe17778000 	C:\Windows\SYSTEM32\CRYPTSP.dll
0x00007ffe16e80000 - 0x00007ffe16eb4000 	C:\Windows\system32\rsaenh.dll
0x00007ffe18640000 - 0x00007ffe18667000 	C:\Windows\System32\bcrypt.dll
0x00007ffe17c70000 - 0x00007ffe17c9e000 	C:\Windows\SYSTEM32\USERENV.dll
0x00007ffe181f0000 - 0x00007ffe18272000 	C:\Windows\System32\bcryptprimitives.dll
0x00007ffe171f0000 - 0x00007ffe1722b000 	C:\Windows\SYSTEM32\IPHLPAPI.DLL
0x00007ffe1a640000 - 0x00007ffe1a648000 	C:\Windows\System32\NSI.dll
0x00007ffe11020000 - 0x00007ffe11037000 	C:\Windows\SYSTEM32\dhcpcsvc6.DLL
0x00007ffe119f0000 - 0x00007ffe11a0d000 	C:\Windows\SYSTEM32\dhcpcsvc.DLL
0x00007ffe17230000 - 0x00007ffe172fb000 	C:\Windows\SYSTEM32\DNSAPI.dll
0x00007ffe0fca0000 - 0x00007ffe0fcaa000 	C:\Windows\System32\rasadhlp.dll
0x00007ffe0e650000 - 0x00007ffe0e6d0000 	C:\Windows\System32\fwpuclnt.dll
0x00007ffe125e0000 - 0x00007ffe125ea000 	C:\Users\Sun3k\AppData\Local\Temp\jansi-64-7392638273834525541.dll
0x00007ffddf5c0000 - 0x00007ffddf5d7000 	C:\Windows\system32\napinsp.dll
0x00007ffddf080000 - 0x00007ffddf09b000 	C:\Windows\system32\pnrpnsp.dll
0x00007ffe13300000 - 0x00007ffe13315000 	C:\Windows\system32\wshbth.dll
0x00007ffe12160000 - 0x00007ffe1217d000 	C:\Windows\system32\NLAapi.dll
0x00007ffddf060000 - 0x00007ffddf072000 	C:\Windows\System32\winrnr.dll
0x0000000180000000 - 0x0000000180053000 	C:\Users\Sun3k\.gradle\caches\minecraft\net\minecraft\natives\1.8.9\lwjgl64.dll
0x00007ffdd68b0000 - 0x00007ffdd69d7000 	C:\Windows\SYSTEM32\OPENGL32.dll
0x00007ffdd5d00000 - 0x00007ffdd5d2c000 	C:\Windows\SYSTEM32\GLU32.dll
0x00007ffde8330000 - 0x00007ffde84c5000 	C:\Users\Sun3k\.jdks\corretto-1.8.0_332\jre\bin\awt.dll
0x00007ffe19480000 - 0x00007ffe1954d000 	C:\Windows\System32\OLEAUT32.dll
0x00007ffe155f0000 - 0x00007ffe15680000 	C:\Windows\SYSTEM32\apphelp.dll
0x00007ffe12ed0000 - 0x00007ffe12f7e000 	C:\Windows\SYSTEM32\mscms.dll
0x00007ffe12e40000 - 0x00007ffe12e51000 	C:\Windows\SYSTEM32\ColorAdapterClient.dll
0x00007ffe15cb0000 - 0x00007ffe15cc2000 	C:\Windows\SYSTEM32\kernel.appcore.dll
0x00007ffe18cf0000 - 0x00007ffe18d99000 	C:\Windows\System32\clbcatq.dll
0x00007ffe084c0000 - 0x00007ffe08503000 	C:\Windows\System32\Windows.Internal.Graphics.Display.DisplayColorManagement.dll
0x00007ffe186a0000 - 0x00007ffe186ee000 	C:\Windows\System32\cfgmgr32.dll
0x00007ffe157b0000 - 0x00007ffe1584e000 	C:\Windows\system32\uxtheme.dll
0x00007ffe1a520000 - 0x00007ffe1a635000 	C:\Windows\System32\MSCTF.dll
0x00007ffe01240000 - 0x00007ffe01339000 	C:\Windows\SYSTEM32\textinputframework.dll
0x00007ffe14ce0000 - 0x00007ffe1503e000 	C:\Windows\System32\CoreUIComponents.dll
0x00007ffe153c0000 - 0x00007ffe154b2000 	C:\Windows\System32\CoreMessaging.dll
0x00007ffe16ab0000 - 0x00007ffe16ae3000 	C:\Windows\SYSTEM32\ntmarta.dll
0x00007ffe13d00000 - 0x00007ffe13e54000 	C:\Windows\SYSTEM32\wintypes.dll
0x00007ffe10b10000 - 0x00007ffe10c07000 	C:\Windows\System32\AppXDeploymentClient.dll
0x00007ffdf6ee0000 - 0x00007ffdf6f0c000 	C:\Windows\System32\DriverStore\FileRepository\u0375335.inf_amd64_7de275617d9da25a\B374868\atig6pxx.dll
0x00007ffd9c8f0000 - 0x00007ffd9f733000 	C:\Windows\System32\DriverStore\FileRepository\u0375335.inf_amd64_7de275617d9da25a\B374868\atio6axx.dll
0x00007ffe18880000 - 0x00007ffe18cef000 	C:\Windows\System32\SETUPAPI.dll
0x00007ffe19120000 - 0x00007ffe1924a000 	C:\Windows\System32\ole32.dll
0x00007ffe08d90000 - 0x00007ffe08db4000 	C:\Windows\SYSTEM32\dxva2.dll
0x00007ffe159c0000 - 0x00007ffe159ef000 	C:\Windows\SYSTEM32\dwmapi.dll
0x00007ffdea3a0000 - 0x00007ffdea3df000 	C:\Windows\System32\DriverStore\FileRepository\u0375335.inf_amd64_7de275617d9da25a\B374868\atig6txx.dll
0x00007ffdd5ad0000 - 0x00007ffdd5ca6000 	C:\Windows\SYSTEM32\atiadlxx.dll
0x00007ffe13a20000 - 0x00007ffe13b16000 	C:\Windows\SYSTEM32\PROPSYS.dll
0x00007ffe17b60000 - 0x00007ffe17b8c000 	C:\Windows\SYSTEM32\DEVOBJ.dll
0x00007ffe18180000 - 0x00007ffe181e7000 	C:\Windows\System32\WINTRUST.dll
0x00007ffe179a0000 - 0x00007ffe179b2000 	C:\Windows\SYSTEM32\MSASN1.dll
0x00007ffdf0840000 - 0x00007ffdf0889000 	C:\Windows\SYSTEM32\pdh.dll
0x00007ffe072c0000 - 0x00007ffe072fb000 	C:\Windows\SYSTEM32\dxcore.dll
0x00007ffdccd30000 - 0x00007ffdccd73000 	C:\Windows\SYSTEM32\icm32.dll
0x00007ffdea350000 - 0x00007ffdea392000 	C:\Users\Sun3k\AppData\Local\Temp\jna-80245188\jna6995579482370727381.dll
0x00007ffde81d0000 - 0x00007ffde821b000 	C:\ProgramData\obs-studio-hook\graphics-hook64.dll
0x00007ffe142c0000 - 0x00007ffe14523000 	C:\Windows\system32\d3d11.dll
0x00007ffe166b0000 - 0x00007ffe167a3000 	C:\Windows\SYSTEM32\dxgi.dll
0x00007ffe06ed0000 - 0x00007ffe07088000 	C:\Windows\System32\DriverStore\FileRepository\u0375335.inf_amd64_7de275617d9da25a\B374868\aticfx64.dll
0x00007ffe06e30000 - 0x00007ffe06e69000 	C:\Windows\System32\DriverStore\FileRepository\u0375335.inf_amd64_7de275617d9da25a\B374868\atiuxp64.dll
0x00007ffe04ef0000 - 0x00007ffe06e27000 	C:\Windows\System32\DriverStore\FileRepository\u0375335.inf_amd64_7de275617d9da25a\B374868\atidxx64.dll
0x00007ffe04780000 - 0x00007ffe047b0000 	C:\Windows\SYSTEM32\amdihk64.dll
0x0000000070a40000 - 0x0000000070adc000 	C:\Users\Sun3k\.gradle\caches\minecraft\net\minecraft\natives\1.8.9\avutil-ttv-51.dll
0x0000000065980000 - 0x00000000659d6000 	C:\Users\Sun3k\.gradle\caches\minecraft\net\minecraft\natives\1.8.9\swresample-ttv-0.dll
0x000000006eb80000 - 0x000000006ec50000 	C:\Users\Sun3k\.gradle\caches\minecraft\net\minecraft\natives\1.8.9\libmp3lame-ttv.dll
0x00007ffda15e0000 - 0x00007ffda2984000 	C:\Users\Sun3k\.gradle\caches\minecraft\net\minecraft\natives\1.8.9\libmfxsw64.dll
0x00007ffde7c20000 - 0x00007ffde7d8d000 	C:\Users\Sun3k\.gradle\caches\minecraft\net\minecraft\natives\1.8.9\twitchsdk.dll
0x00007ffdfe0f0000 - 0x00007ffdfe5c6000 	C:\Windows\SYSTEM32\WININET.dll
0x00000210bbf30000 - 0x00000210bbf94000 	C:\Users\Sun3k\.gradle\caches\minecraft\net\minecraft\natives\1.8.9\OpenAL64.dll
0x00007ffe106a0000 - 0x00007ffe10725000 	C:\Windows\System32\MMDevApi.dll
0x00007ffde62c0000 - 0x00007ffde635c000 	C:\Windows\SYSTEM32\dsound.dll
0x00007ffdfe5f0000 - 0x00007ffdfe616000 	C:\Windows\SYSTEM32\winmmbase.dll
0x00007ffe17470000 - 0x00007ffe174bb000 	C:\Windows\SYSTEM32\powrprof.dll
0x00007ffe17370000 - 0x00007ffe17382000 	C:\Windows\SYSTEM32\UMPDC.dll
0x00007ffe108e0000 - 0x00007ffe10a62000 	C:\Windows\SYSTEM32\AUDIOSES.DLL
0x00007ffe158c0000 - 0x00007ffe158d4000 	C:\Windows\SYSTEM32\resourcepolicyclient.dll
0x00007ffde6220000 - 0x00007ffde62bc000 	C:\Users\Sun3k\AppData\Local\Temp\discord-rpc\discord-rpc.dll
0x00007ffe08ae0000 - 0x00007ffe08cc4000 	C:\Windows\SYSTEM32\dbghelp.dll

VM Arguments:
jvm_args: -agentlib:jdwp=transport=dt_socket,address=127.0.0.1:63389,suspend=y,server=n -Drebel.base=C:\Users\Sun3k\.jrebel -Drebel.env.ide.plugin.version=2022.3.0 -Drebel.env.ide.version=2022.1.1 -Drebel.env.ide.product=IC -Drebel.env.ide=intellij -Drebel.notification.url=http://localhost:17434 -agentpath:C:\Users\Sun3k\AppData\Roaming\JetBrains\IdeaIC2022.1\plugins\jr-ide-idea\lib\jrebel6\lib\jrebel64.dll -javaagent:C:\Users\Sun3k\.gradle\caches\modules-2\files-2.1\org.spongepowered\mixin\0.7.11-SNAPSHOT\7a670207bdb97db418118ad1e9bb42424ff3776d\mixin-0.7.11-SNAPSHOT.jar -javaagent:C:\Users\Sun3k\AppData\Local\JetBrains\IdeaIC2022.1\captureAgent\debugger-agent.jar -Dfile.encoding=UTF-8 
java_command: GradleStart --mixin mixins.sunrise.json --tweakClass org.spongepowered.asm.launch.MixinTweaker -Ddevauth.account
java_class_path (initial): C:\Users\Sun3k\.jdks\corretto-1.8.0_332\jre\lib\charsets.jar;C:\Users\Sun3k\.jdks\corretto-1.8.0_332\jre\lib\ext\access-bridge-64.jar;C:\Users\Sun3k\.jdks\corretto-1.8.0_332\jre\lib\ext\cldrdata.jar;C:\Users\Sun3k\.jdks\corretto-1.8.0_332\jre\lib\ext\dnsns.jar;C:\Users\Sun3k\.jdks\corretto-1.8.0_332\jre\lib\ext\jaccess.jar;C:\Users\Sun3k\.jdks\corretto-1.8.0_332\jre\lib\ext\jfxrt.jar;C:\Users\Sun3k\.jdks\corretto-1.8.0_332\jre\lib\ext\localedata.jar;C:\Users\Sun3k\.jdks\corretto-1.8.0_332\jre\lib\ext\nashorn.jar;C:\Users\Sun3k\.jdks\corretto-1.8.0_332\jre\lib\ext\sunec.jar;C:\Users\Sun3k\.jdks\corretto-1.8.0_332\jre\lib\ext\sunjce_provider.jar;C:\Users\Sun3k\.jdks\corretto-1.8.0_332\jre\lib\ext\sunmscapi.jar;C:\Users\Sun3k\.jdks\corretto-1.8.0_332\jre\lib\ext\sunpkcs11.jar;C:\Users\Sun3k\.jdks\corretto-1.8.0_332\jre\lib\ext\zipfs.jar;C:\Users\Sun3k\.jdks\corretto-1.8.0_332\jre\lib\jce.jar;C:\Users\Sun3k\.jdks\corretto-1.8.0_332\jre\lib\jfr.jar;C:\Users\Sun3k\.jdks\corretto-1.8.0_332\jre\lib\jfxswt.jar;C:\Users\Sun3k\.jdks\corretto-1.8.0_332\jre\lib\jsse.jar;C:\Users\Sun3k\.jdks\corretto-1.8.0_332\jre\lib\management-agent.jar;C:\Users\Sun3k\.jdks\corretto-1.8.0_332\jre\lib\resources.jar;C:\Users\Sun3k\.jdks\corretto-1.8.0_332\jre\lib\rt.jar;C:\Users\Sun3k\IdeaProjects\Sunrise8\build\classes\java\main;C:\Users\Sun3k\.gradle\caches\minecraft\deobfedDeps\compileDummy.jar;C:\Users\Sun3k\.gradle\caches\minecraft\deobfedDeps\providedDummy.jar;C:\Users\Sun3k\.gradle\caches\modules-2\files-2.1\org.spongepowered\mixin\0.7.11-SNAPSHOT\7a670207bdb97db418118ad1e9bb42424ff3776d\mixin-0.7.11-SNAPSHOT.jar;C:\Users\Sun3k\.gradle\caches\modules-2\files-2.1\com.github.Vatuu\discord-rpc\1.6.2\1e2a38614325e809efe442d82231e7c172cf94ab\discord-rpc-1.6.2.jar;C:\Users\Sun3k\.gradle\caches\modules-2\files-2.1\com.google.guava\guava\17.0\9c6ef172e8de35fd8d4d8783e4821e57cdef7445\guava-17.0.jar;C:\Users\Sun3k\.gradle\caches\modules-2\files-2.1\commons-io\commons-io\
Launcher Type: SUN_STANDARD

Environment Variables:
JAVA_HOME=C:\Program Files\OpenJDK\jdk-18
PATH=C:\Windows\system32;C:\Windows;C:\Windows\System32\Wbem;C:\Windows\System32\WindowsPowerShell\v1.0\;C:\Windows\System32\OpenSSH\;C:\ProgramData\chocolatey\bin;C:\Program Files\Microsoft VS Code\bin;C:\Program Files (x86)\Yarn\bin\;C:\Program Files\nodejs\;C:\Program Files\Git\cmd;C:\Program Files\OpenJDK\jdk-18\bin;C:\Program Files\dotnet\;C:\Users\Sun3k\AppData\Local\Programs\Python\Python310\Scripts\;C:\Users\Sun3k\AppData\Local\Programs\Python\Python310\;C:\Users\Sun3k\AppData\Local\Microsoft\WindowsApps;C:\Users\Sun3k\AppData\Local\Yarn\bin;C:\Users\Sun3k\AppData\Roaming\npm;C:\Program Files\Oracle\VirtualBox;C:\Program Files\heroku\bin;C:\Program Files\JetBrains\IntelliJ IDEA Community Edition 2022.1.1\bin;;C:\Users\Sun3k\.dotnet\tools
USERNAME=Sun3k
OS=Windows_NT
PROCESSOR_IDENTIFIER=AMD64 Family 23 Model 24 Stepping 1, AuthenticAMD



---------------  S Y S T E M  ---------------

OS: Windows 10.0 , 64 bit Build 19041 (10.0.19041.1806)

CPU:total 8 (initial active 8) (8 cores per cpu, 1 threads per core) family 23 model 24 stepping 1, cmov, cx8, fxsr, mmx, sse, sse2, sse3, ssse3, sse4.1, sse4.2, popcnt, avx, avx2, aes, clmul, mmxext, 3dnowpref, lzcnt, sse4a, tsc, tscinvbit, tscinv, bmi1

Memory: 4k page, physical 6206224k(302112k free), swap 22048772k(5937448k free)

vm_info: OpenJDK 64-Bit Server VM (25.332-b08) for windows-amd64 JRE (1.8.0_332-b08), built on Apr 16 2022 08:31:02 by "Administrator" with MS VC++ 12.0 (VS2013)

time: Wed Jul 20 17:05:19 2022
timezone: South Sudan Standard Time
elapsed time: 11793.538226 seconds (0d 3h 16m 33s)

