#
# A fatal error has been detected by the Java Runtime Environment:
#
#  EXCEPTION_ACCESS_VIOLATION (0xc0000005) at pc=0x0000000000000000, pid=5796, tid=0x0000000000001aa0
#
# JRE version: OpenJDK Runtime Environment (8.0_332-b08) (build 1.8.0_332-b08)
# Java VM: OpenJDK 64-Bit Server VM (25.332-b08 mixed mode windows-amd64 compressed oops)
# Problematic frame:
# C  0x0000000000000000
#
# Failed to write core dump. Minidumps are not enabled by default on client versions of Windows
#
# If you would like to submit a bug report, please visit:
#   https://github.com/corretto/corretto-8/issues/
#

---------------  T H R E A D  ---------------

Current thread (0x00000178d3d6e800):  VMThread [stack: 0x0000004cd6a00000,0x0000004cd6b00000] [id=6816]

siginfo: ExceptionCode=0xc0000005, ExceptionInformation=0x0000000000000008 0x0000000000000000

Registers:
RAX=0x0000000000000000, RBX=0x0000000000000000, RCX=0x0000000000000001, RDX=0x00007ffe9b4af0b8
RSP=0x0000004cd6afec48, RBP=0x00000178bed290a0, RSI=0x0000000000010000, RDI=0x0000000000000000
R8 =0x0000004cd5d43000, R9 =0x000000000000001e, R10=0x0000000000000000, R11=0x00000178d6976e10
R12=0x00007ffe7d6fe810, R13=0x0000000000000082, R14=0x00007ffe7d620000, R15=0x0000000000000001
RIP=0x0000000000000000, EFLAGS=0x0000000000010202

Top of Stack: (sp=0x0000004cd6afec48)
0x0000004cd6afec48:   00007ffe9b472f2c 0000000000000000
0x0000004cd6afec58:   00000178bed290a0 0000000000000082
0x0000004cd6afec68:   0000000000010000 0000000000000000
0x0000004cd6afec78:   00007ffe9b47406e 0000000000000000
0x0000004cd6afec88:   00000178bed290a0 0000000000010000
0x0000004cd6afec98:   00000178d756a468 0000000000000001
0x0000004cd6afeca8:   00007ffe7d626e2e 0000000000000000
0x0000004cd6afecb8:   0000000000000001 000000018004bb20
0x0000004cd6afecc8:   0000000000000000 0000000000000001
0x0000004cd6afecd8:   00007ffe7d627276 0000000000000000
0x0000004cd6afece8:   00000178bed290a0 0000000000000001
0x0000004cd6afecf8:   0000000000000001 0000000000000000
0x0000004cd6afed08:   00007ffe7d6fe94f 0000000000000001
0x0000004cd6afed18:   0000000000000000 0000000000000000
0x0000004cd6afed28:   00000178beff0b30 0000000100000001
0x0000004cd6afed38:   000000018000ecac 000000018001c558 

Instructions: (pc=0x0000000000000000)
0xffffffffffffffe0:   


Register to memory mapping:

RAX=0x0000000000000000 is an unknown value
RBX=0x0000000000000000 is an unknown value
RCX=0x0000000000000001 is an unknown value
RDX=0x00007ffe9b4af0b8 is an unknown value
RSP=0x0000004cd6afec48 is an unknown value
RBP=0x00000178bed290a0 is an unknown value
RSI=0x0000000000010000 is an unknown value
RDI=0x0000000000000000 is an unknown value
R8 =0x0000004cd5d43000 is an unknown value
R9 =0x000000000000001e is an unknown value
R10=0x0000000000000000 is an unknown value
R11=0x00000178d6976e10 is an unknown value
R12=0x00007ffe7d6fe810 is an unknown value
R13=0x0000000000000082 is an unknown value
R14=0x00007ffe7d620000 is an unknown value
R15=0x0000000000000001 is an unknown value


Stack: [0x0000004cd6a00000,0x0000004cd6b00000],  sp=0x0000004cd6afec48,  free space=1019k
Native frames: (J=compiled Java code, j=interpreted, Vv=VM code, C=native code)

VM_Operation (0x0000004cd6ffecc0): Exit, mode: safepoint, requested by thread 0x00000178da646800


---------------  P R O C E S S  ---------------

Java Threads: ( => current thread )
  0x00000178da646800 JavaThread "SIGINT handler" daemon [_thread_blocked, id=7964, stack(0x0000004cd6f00000,0x0000004cd7000000)]
  0x00000178da641000 JavaThread "Netty Client IO #1" daemon [_thread_in_native, id=820, stack(0x0000004cd9300000,0x0000004cd9400000)]
  0x00000178da644000 JavaThread "Netty Client IO #0" daemon [_thread_in_native, id=14356, stack(0x0000004cd9200000,0x0000004cd9300000)]
  0x00000178da645800 JavaThread "Netty Client IO #0" daemon [_thread_in_native, id=14564, stack(0x0000004cd9100000,0x0000004cd9200000)]
  0x00000178da642800 JavaThread "Keep-Alive-Timer" daemon [_thread_blocked, id=14908, stack(0x0000004cd9000000,0x0000004cd9100000)]
  0x00000178da642000 JavaThread "Server Pinger #2" daemon [_thread_blocked, id=7216, stack(0x0000004cd8e00000,0x0000004cd8f00000)]
  0x00000178da645000 JavaThread "Server Pinger #1" daemon [_thread_blocked, id=1904, stack(0x0000004cd7f00000,0x0000004cd8000000)]
  0x00000178d8353000 JavaThread "Thread-13" daemon [_thread_in_native, id=8364, stack(0x0000004cd6000000,0x0000004cd6100000)]
  0x00000178d8352800 JavaThread "Server Pinger #0" daemon [_thread_blocked, id=1704, stack(0x0000004cd5f00000,0x0000004cd6000000)]
  0x00000178d8351800 JavaThread "LanServerDetector #1" daemon [_thread_in_native, id=14952, stack(0x0000004cd5e00000,0x0000004cd5f00000)]
  0x00000178d8358800 JavaThread "Thread-12" [_thread_blocked, id=1528, stack(0x0000004cd8600000,0x0000004cd8700000)]
  0x00000178d8356800 JavaThread "Thread-11" [_thread_blocked, id=14408, stack(0x0000004cd8500000,0x0000004cd8600000)]
  0x00000178d8357000 JavaThread "Chunk Batcher 1" daemon [_thread_blocked, id=5900, stack(0x0000004cd8d00000,0x0000004cd8e00000)]
  0x00000178d8354800 JavaThread "Chunk Batcher 0" daemon [_thread_blocked, id=6260, stack(0x0000004cd8c00000,0x0000004cd8d00000)]
  0x00000178dea66000 JavaThread "LWJGL Timer" daemon [_thread_blocked, id=3896, stack(0x0000004cd8000000,0x0000004cd8100000)]
  0x00000178de41b800 JavaThread "Java2D Disposer" daemon [_thread_blocked, id=10500, stack(0x0000004cd7b00000,0x0000004cd7c00000)]
  0x00000178da79c800 JavaThread "Timer hack thread" daemon [_thread_blocked, id=10124, stack(0x0000004cd7a00000,0x0000004cd7b00000)]
  0x00000178d94db800 JavaThread "Snooper Timer" daemon [_thread_blocked, id=7088, stack(0x0000004cd7900000,0x0000004cd7a00000)]
  0x00000178d697c000 JavaThread "Snooper Timer" daemon [_thread_blocked, id=3124, stack(0x0000004cd7800000,0x0000004cd7900000)]
  0x00000178d5c92000 JavaThread "Service Thread" daemon [_thread_blocked, id=11364, stack(0x0000004cd7600000,0x0000004cd7700000)]
  0x00000178d3e2b800 JavaThread "C1 CompilerThread3" daemon [_thread_blocked, id=14452, stack(0x0000004cd7500000,0x0000004cd7600000)]
  0x00000178d3e28000 JavaThread "C2 CompilerThread2" daemon [_thread_blocked, id=4300, stack(0x0000004cd7400000,0x0000004cd7500000)]
  0x00000178d3e24800 JavaThread "C2 CompilerThread1" daemon [_thread_blocked, id=14296, stack(0x0000004cd7300000,0x0000004cd7400000)]
  0x00000178d3e1c000 JavaThread "C2 CompilerThread0" daemon [_thread_blocked, id=15308, stack(0x0000004cd7200000,0x0000004cd7300000)]
  0x00000178d3df8000 JavaThread "JDWP Event Helper Thread" daemon [_thread_blocked, id=11512, stack(0x0000004cd7000000,0x0000004cd7100000)]
  0x00000178d3dd7800 JavaThread "Attach Listener" daemon [_thread_blocked, id=11528, stack(0x0000004cd6e00000,0x0000004cd6f00000)]
  0x00000178d3dd0800 JavaThread "Signal Dispatcher" daemon [_thread_blocked, id=6908, stack(0x0000004cd6d00000,0x0000004cd6e00000)]
  0x00000178d3da7000 JavaThread "Finalizer" daemon [_thread_blocked, id=7312, stack(0x0000004cd6c00000,0x0000004cd6d00000)]
  0x00000178d3da0000 JavaThread "Reference Handler" daemon [_thread_blocked, id=5740, stack(0x0000004cd6b00000,0x0000004cd6c00000)]
  0x00000178bed08000 JavaThread "Client thread" [_thread_blocked, id=10872, stack(0x0000004cd6100000,0x0000004cd6200000)]

Other Threads:
=>0x00000178d3d6e800 VMThread [stack: 0x0000004cd6a00000,0x0000004cd6b00000] [id=6816]

VM state:at safepoint (shutting down)

VM Mutex/Monitor currently owned by a thread:  ([mutex/lock_event])
[0x00000178bed069b0] Threads_lock - owner thread: 0x00000178d3d6e800

heap address: 0x00000000a1400000, size: 1516 MB, Compressed Oops mode: 32-bit
Narrow klass base: 0x0000000000000000, Narrow klass shift: 3
Compressed class space size: 1073741824 Address: 0x0000000100000000

Heap:
 PSYoungGen      total 410112K, used 239127K [0x00000000e0700000, 0x0000000100000000, 0x0000000100000000)
  eden space 352256K, 51% used [0x00000000e0700000,0x00000000eb83eef0,0x00000000f5f00000)
  from space 57856K, 99% used [0x00000000f5f00000,0x00000000f9746f40,0x00000000f9780000)
  to   space 86528K, 0% used [0x00000000fab80000,0x00000000fab80000,0x0000000100000000)
 ParOldGen       total 262656K, used 157743K [0x00000000a1400000, 0x00000000b1480000, 0x00000000e0700000)
  object space 262656K, 60% used [0x00000000a1400000,0x00000000aae0bcc8,0x00000000b1480000)
 Metaspace       used 48298K, capacity 48659K, committed 49152K, reserved 1091584K
  class space    used 5951K, capacity 6077K, committed 6144K, reserved 1048576K

Card table byte_map: [0x00000178cfbd0000,0x00000178cfed0000] byte_map_base: 0x00000178cf6c6000

Marking Bits: (ParMarkBitMap*) 0x0000000064027850
 Begin Bits: [0x00000178d00d0000, 0x00000178d1880000)
 End Bits:   [0x00000178d1880000, 0x00000178d3030000)

Polling page: 0x00000178bef30000

CodeCache: size=245760Kb used=22882Kb max_used=22909Kb free=222877Kb
 bounds [0x00000178c0810000, 0x00000178c1eb0000, 0x00000178cf810000]
 total_blobs=6538 nmethods=5673 adapters=785
 compilation: enabled

Compilation events (10 events):
Event: 118.051 Thread 0x00000178d3e2b800 7954   !   3       java.util.concurrent.ConcurrentHashMap::putVal (362 bytes)
Event: 118.052 Thread 0x00000178d3e2b800 nmethod 7954 0x00000178c15e4650 code [0x00000178c15e4940, 0x00000178c15e6420]
Event: 118.053 Thread 0x00000178d3e2b800 7955       3       java.util.logging.LogManager$LoggerContext::getRootLogger (8 bytes)
Event: 118.053 Thread 0x00000178d3e2b800 nmethod 7955 0x00000178c17f2b10 code [0x00000178c17f2c60, 0x00000178c17f2e78]
Event: 118.054 Thread 0x00000178d3e2b800 7956       3       java.util.logging.LogManager$LoggerContext::getGlobalLogger (6 bytes)
Event: 118.054 Thread 0x00000178d3e2b800 nmethod 7956 0x00000178c17f2750 code [0x00000178c17f28a0, 0x00000178c17f29f8]
Event: 118.056 Thread 0x00000178d3e2b800 7957       3       org.apache.logging.log4j.core.helpers.NameUtil::getSubName (32 bytes)
Event: 118.056 Thread 0x00000178d3e2b800 nmethod 7957 0x00000178c0bd5650 code [0x00000178c0bd57e0, 0x00000178c0bd5d80]
Event: 118.057 Thread 0x00000178d3e2b800 7958       1       org.apache.logging.log4j.core.config.LoggerConfig::getLevel (5 bytes)
Event: 118.057 Thread 0x00000178d3e2b800 nmethod 7958 0x00000178c0d30190 code [0x00000178c0d302e0, 0x00000178c0d303f8]

GC Heap History (10 events):
Event: 46.068 GC heap before
{Heap before GC invocations=27 (full 4):
 PSYoungGen      total 451072K, used 449298K [0x00000000e0700000, 0x0000000100000000, 0x0000000100000000)
  eden space 400384K, 100% used [0x00000000e0700000,0x00000000f8e00000,0x00000000f8e00000)
  from space 50688K, 96% used [0x00000000fcd80000,0x00000000ffd44a88,0x00000000fff00000)
  to   space 58368K, 0% used [0x00000000f8e00000,0x00000000f8e00000,0x00000000fc700000)
 ParOldGen       total 262656K, used 157703K [0x00000000a1400000, 0x00000000b1480000, 0x00000000e0700000)
  object space 262656K, 60% used [0x00000000a1400000,0x00000000aae01cc8,0x00000000b1480000)
 Metaspace       used 43097K, capacity 43471K, committed 43904K, reserved 1087488K
  class space    used 5383K, capacity 5499K, committed 5504K, reserved 1048576K
Event: 46.094 GC heap after
Heap after GC invocations=27 (full 4):
 PSYoungGen      total 451584K, used 50791K [0x00000000e0700000, 0x0000000100000000, 0x0000000100000000)
  eden space 400384K, 0% used [0x00000000e0700000,0x00000000e0700000,0x00000000f8e00000)
  from space 51200K, 99% used [0x00000000f8e00000,0x00000000fbf99d10,0x00000000fc000000)
  to   space 65024K, 0% used [0x00000000fc080000,0x00000000fc080000,0x0000000100000000)
 ParOldGen       total 262656K, used 157711K [0x00000000a1400000, 0x00000000b1480000, 0x00000000e0700000)
  object space 262656K, 60% used [0x00000000a1400000,0x00000000aae03cc8,0x00000000b1480000)
 Metaspace       used 43097K, capacity 43471K, committed 43904K, reserved 1087488K
  class space    used 5383K, capacity 5499K, committed 5504K, reserved 1048576K
}
Event: 48.826 GC heap before
{Heap before GC invocations=28 (full 4):
 PSYoungGen      total 451584K, used 451175K [0x00000000e0700000, 0x0000000100000000, 0x0000000100000000)
  eden space 400384K, 100% used [0x00000000e0700000,0x00000000f8e00000,0x00000000f8e00000)
  from space 51200K, 99% used [0x00000000f8e00000,0x00000000fbf99d10,0x00000000fc000000)
  to   space 65024K, 0% used [0x00000000fc080000,0x00000000fc080000,0x0000000100000000)
 ParOldGen       total 262656K, used 157711K [0x00000000a1400000, 0x00000000b1480000, 0x00000000e0700000)
  object space 262656K, 60% used [0x00000000a1400000,0x00000000aae03cc8,0x00000000b1480000)
 Metaspace       used 43098K, capacity 43471K, committed 43904K, reserved 1087488K
  class space    used 5383K, capacity 5499K, committed 5504K, reserved 1048576K
Event: 48.851 GC heap after
Heap after GC invocations=28 (full 4):
 PSYoungGen      total 438784K, used 53317K [0x00000000e0700000, 0x0000000100000000, 0x0000000100000000)
  eden space 373760K, 0% used [0x00000000e0700000,0x00000000e0700000,0x00000000f7400000)
  from space 65024K, 81% used [0x00000000fc080000,0x00000000ff491540,0x0000000100000000)
  to   space 71680K, 0% used [0x00000000f7400000,0x00000000f7400000,0x00000000fba00000)
 ParOldGen       total 262656K, used 157719K [0x00000000a1400000, 0x00000000b1480000, 0x00000000e0700000)
  object space 262656K, 60% used [0x00000000a1400000,0x00000000aae05cc8,0x00000000b1480000)
 Metaspace       used 43098K, capacity 43471K, committed 43904K, reserved 1087488K
  class space    used 5383K, capacity 5499K, committed 5504K, reserved 1048576K
}
Event: 52.767 GC heap before
{Heap before GC invocations=29 (full 4):
 PSYoungGen      total 438784K, used 427077K [0x00000000e0700000, 0x0000000100000000, 0x0000000100000000)
  eden space 373760K, 100% used [0x00000000e0700000,0x00000000f7400000,0x00000000f7400000)
  from space 65024K, 81% used [0x00000000fc080000,0x00000000ff491540,0x0000000100000000)
  to   space 71680K, 0% used [0x00000000f7400000,0x00000000f7400000,0x00000000fba00000)
 ParOldGen       total 262656K, used 157719K [0x00000000a1400000, 0x00000000b1480000, 0x00000000e0700000)
  object space 262656K, 60% used [0x00000000a1400000,0x00000000aae05cc8,0x00000000b1480000)
 Metaspace       used 43885K, capacity 44271K, committed 44800K, reserved 1089536K
  class space    used 5472K, capacity 5595K, committed 5632K, reserved 1048576K
Event: 52.792 GC heap after
Heap after GC invocations=29 (full 4):
 PSYoungGen      total 430080K, used 55929K [0x00000000e0700000, 0x0000000100000000, 0x0000000100000000)
  eden space 373760K, 0% used [0x00000000e0700000,0x00000000e0700000,0x00000000f7400000)
  from space 56320K, 99% used [0x00000000f7400000,0x00000000faa9e4a0,0x00000000fab00000)
  to   space 77824K, 0% used [0x00000000fb400000,0x00000000fb400000,0x0000000100000000)
 ParOldGen       total 262656K, used 157727K [0x00000000a1400000, 0x00000000b1480000, 0x00000000e0700000)
  object space 262656K, 60% used [0x00000000a1400000,0x00000000aae07cc8,0x00000000b1480000)
 Metaspace       used 43885K, capacity 44271K, committed 44800K, reserved 1089536K
  class space    used 5472K, capacity 5595K, committed 5632K, reserved 1048576K
}
Event: 54.185 GC heap before
{Heap before GC invocations=30 (full 4):
 PSYoungGen      total 430080K, used 417927K [0x00000000e0700000, 0x0000000100000000, 0x0000000100000000)
  eden space 373760K, 96% used [0x00000000e0700000,0x00000000f6883a30,0x00000000f7400000)
  from space 56320K, 99% used [0x00000000f7400000,0x00000000faa9e4a0,0x00000000fab00000)
  to   space 77824K, 0% used [0x00000000fb400000,0x00000000fb400000,0x0000000100000000)
 ParOldGen       total 262656K, used 157727K [0x00000000a1400000, 0x00000000b1480000, 0x00000000e0700000)
  object space 262656K, 60% used [0x00000000a1400000,0x00000000aae07cc8,0x00000000b1480000)
 Metaspace       used 44719K, capacity 45103K, committed 45696K, reserved 1089536K
  class space    used 5545K, capacity 5659K, committed 5760K, reserved 1048576K
Event: 54.227 GC heap after
Heap after GC invocations=30 (full 4):
 PSYoungGen      total 430080K, used 56624K [0x00000000e0700000, 0x0000000100000000, 0x0000000100000000)
  eden space 352256K, 0% used [0x00000000e0700000,0x00000000e0700000,0x00000000f5f00000)
  from space 77824K, 72% used [0x00000000fb400000,0x00000000feb4c250,0x0000000100000000)
  to   space 82432K, 0% used [0x00000000f5f00000,0x00000000f5f00000,0x00000000faf80000)
 ParOldGen       total 262656K, used 157735K [0x00000000a1400000, 0x00000000b1480000, 0x00000000e0700000)
  object space 262656K, 60% used [0x00000000a1400000,0x00000000aae09cc8,0x00000000b1480000)
 Metaspace       used 44719K, capacity 45103K, committed 45696K, reserved 1089536K
  class space    used 5545K, capacity 5659K, committed 5760K, reserved 1048576K
}
Event: 115.499 GC heap before
{Heap before GC invocations=31 (full 4):
 PSYoungGen      total 430080K, used 408880K [0x00000000e0700000, 0x0000000100000000, 0x0000000100000000)
  eden space 352256K, 100% used [0x00000000e0700000,0x00000000f5f00000,0x00000000f5f00000)
  from space 77824K, 72% used [0x00000000fb400000,0x00000000feb4c250,0x0000000100000000)
  to   space 82432K, 0% used [0x00000000f5f00000,0x00000000f5f00000,0x00000000faf80000)
 ParOldGen       total 262656K, used 157735K [0x00000000a1400000, 0x00000000b1480000, 0x00000000e0700000)
  object space 262656K, 60% used [0x00000000a1400000,0x00000000aae09cc8,0x00000000b1480000)
 Metaspace       used 47381K, capacity 47763K, committed 48256K, reserved 1091584K
  class space    used 5817K, capacity 5949K, committed 6016K, reserved 1048576K
Event: 115.536 GC heap after
Heap after GC invocations=31 (full 4):
 PSYoungGen      total 410112K, used 57627K [0x00000000e0700000, 0x0000000100000000, 0x0000000100000000)
  eden space 352256K, 0% used [0x00000000e0700000,0x00000000e0700000,0x00000000f5f00000)
  from space 57856K, 99% used [0x00000000f5f00000,0x00000000f9746f40,0x00000000f9780000)
  to   space 86528K, 0% used [0x00000000fab80000,0x00000000fab80000,0x0000000100000000)
 ParOldGen       total 262656K, used 157743K [0x00000000a1400000, 0x00000000b1480000, 0x00000000e0700000)
  object space 262656K, 60% used [0x00000000a1400000,0x00000000aae0bcc8,0x00000000b1480000)
 Metaspace       used 47381K, capacity 47763K, committed 48256K, reserved 1091584K
  class space    used 5817K, capacity 5949K, committed 6016K, reserved 1048576K
}

Deoptimization events (10 events):
Event: 116.950 Thread 0x00000178da645000 Uncommon trap: reason=class_check action=maybe_recompile pc=0x00000178c18c5894 method=java.lang.ClassLoader.loadClass(Ljava/lang/String;Z)Ljava/lang/Class; @ 38
Event: 116.952 Thread 0x00000178da645000 Uncommon trap: reason=unstable_if action=reinterpret pc=0x00000178c1bcab9c method=java.util.concurrent.ConcurrentHashMap.addCount(JI)V @ 34
Event: 116.955 Thread 0x00000178da645000 Uncommon trap: reason=unstable_if action=reinterpret pc=0x00000178c0eb0c7c method=java.util.concurrent.ConcurrentHashMap.addCount(JI)V @ 7
Event: 117.428 Thread 0x00000178da645800 Uncommon trap: reason=speculate_class_check action=maybe_recompile pc=0x00000178c165cbdc method=com.google.gson.JsonElement.isJsonNull()Z @ 1
Event: 117.428 Thread 0x00000178da641000 Uncommon trap: reason=speculate_class_check action=maybe_recompile pc=0x00000178c165cbdc method=com.google.gson.JsonElement.isJsonNull()Z @ 1
Event: 117.445 Thread 0x00000178bed08000 Uncommon trap: reason=unstable_if action=reinterpret pc=0x00000178c1a6e548 method=net.minecraft.client.gui.FontRenderer.getCharWidth(C)I @ 30
Event: 117.445 Thread 0x00000178bed08000 Uncommon trap: reason=unstable_if action=reinterpret pc=0x00000178c119d948 method=net.minecraft.client.gui.FontRenderer.renderStringAtPos(Ljava/lang/String;Z)V @ 22
Event: 117.445 Thread 0x00000178bed08000 Uncommon trap: reason=unstable_if action=reinterpret pc=0x00000178c1a65c6c method=net.minecraft.client.renderer.GlStateManager.color(FFFF)V @ 19
Event: 117.445 Thread 0x00000178bed08000 Uncommon trap: reason=unstable_if action=reinterpret pc=0x00000178c1d787dc method=net.minecraft.client.gui.FontRenderer.renderChar(CZ)F @ 18
Event: 117.469 Thread 0x00000178da644000 Uncommon trap: reason=speculate_class_check action=maybe_recompile pc=0x00000178c165cbdc method=com.google.gson.JsonElement.isJsonNull()Z @ 1

Classes redefined (0 events):
No events

Internal exceptions (10 events):
Event: 116.898 Thread 0x00000178da645800 NullPointerException at vtable entry 0x00000178c0b4c070
Event: 116.898 Thread 0x00000178da645800 Exception <a 'java/lang/NullPointerException'> (0x00000000e4c17f00) thrown at [C:\wsjdk\Corretto8Src\installers\windows\zip\corretto-build\buildRoot\src\hotspot\src\share\vm\runtime\sharedRuntime.cpp, line 610]
Event: 116.902 Thread 0x00000178da645800 NullPointerException at vtable entry 0x00000178c0b4c070
Event: 116.902 Thread 0x00000178da645800 Exception <a 'java/lang/NullPointerException'> (0x00000000e4c692f8) thrown at [C:\wsjdk\Corretto8Src\installers\windows\zip\corretto-build\buildRoot\src\hotspot\src\share\vm\runtime\sharedRuntime.cpp, line 610]
Event: 116.910 Thread 0x00000178da645800 NullPointerException at vtable entry 0x00000178c0b4c070
Event: 116.910 Thread 0x00000178da645800 Exception <a 'java/lang/NullPointerException'> (0x00000000e4d7d108) thrown at [C:\wsjdk\Corretto8Src\installers\windows\zip\corretto-build\buildRoot\src\hotspot\src\share\vm\runtime\sharedRuntime.cpp, line 610]
Event: 116.926 Thread 0x00000178da645800 NullPointerException at vtable entry 0x00000178c0b4c070
Event: 116.926 Thread 0x00000178da645800 Exception <a 'java/lang/NullPointerException'> (0x00000000e4f87450) thrown at [C:\wsjdk\Corretto8Src\installers\windows\zip\corretto-build\buildRoot\src\hotspot\src\share\vm\runtime\sharedRuntime.cpp, line 610]
Event: 116.934 Thread 0x00000178da645800 NullPointerException at vtable entry 0x00000178c0b4c070
Event: 116.934 Thread 0x00000178da645800 Exception <a 'java/lang/NullPointerException'> (0x00000000e50b7678) thrown at [C:\wsjdk\Corretto8Src\installers\windows\zip\corretto-build\buildRoot\src\hotspot\src\share\vm\runtime\sharedRuntime.cpp, line 610]

Events (10 events):
Event: 118.055 Thread 0x00000178da648000 DEOPT UNPACKING pc=0x00000178c08571d8 sp=0x0000004cd97fe210 mode 1
Event: 118.055 Thread 0x00000178da648000 DEOPT PACKING pc=0x00000178c0ae245c sp=0x0000004cd97fee20
Event: 118.055 Thread 0x00000178da648000 DEOPT UNPACKING pc=0x00000178c08571d8 sp=0x0000004cd97feb78 mode 1
Event: 118.056 Executing VM operation: RevokeBias
Event: 118.056 Executing VM operation: RevokeBias done
Event: 118.057 Thread 0x00000178da648000 Thread exited: 0x00000178da648000
Event: 118.057 Thread 0x00000178d3e2b800 flushing nmethod 0x00000178c0d30190
Event: 118.058 Thread 0x00000178d3e2b800 flushing nmethod 0x00000178c0dd4150
Event: 118.058 Thread 0x00000178d3e2b800 flushing nmethod 0x00000178c0e63e10
Event: 118.060 Executing VM operation: Exit


Dynamic libraries:
0x00007ff6fdee0000 - 0x00007ff6fdf1a000 	C:\Users\Sun3k\.jdks\corretto-1.8.0_332\bin\java.exe
0x00007ffeb6950000 - 0x00007ffeb6b47000 	C:\Windows\SYSTEM32\ntdll.dll
0x00007ffeb49b0000 - 0x00007ffeb4a6d000 	C:\Windows\System32\KERNEL32.DLL
0x00007ffeb4480000 - 0x00007ffeb474d000 	C:\Windows\System32\KERNELBASE.dll
0x00007ffeb5160000 - 0x00007ffeb520e000 	C:\Windows\System32\ADVAPI32.dll
0x00007ffeb62b0000 - 0x00007ffeb634e000 	C:\Windows\System32\msvcrt.dll
0x00007ffeb5f70000 - 0x00007ffeb600c000 	C:\Windows\System32\sechost.dll
0x00007ffeb5210000 - 0x00007ffeb5335000 	C:\Windows\System32\RPCRT4.dll
0x00007ffeb53a0000 - 0x00007ffeb5540000 	C:\Windows\System32\USER32.dll
0x00007ffeb4950000 - 0x00007ffeb4972000 	C:\Windows\System32\win32u.dll
0x00007ffeb61d0000 - 0x00007ffeb61fa000 	C:\Windows\System32\GDI32.dll
0x00007ffeb4220000 - 0x00007ffeb432b000 	C:\Windows\System32\gdi32full.dll
0x00007ffeb43e0000 - 0x00007ffeb447d000 	C:\Windows\System32\msvcp_win.dll
0x00007ffeb47e0000 - 0x00007ffeb48e0000 	C:\Windows\System32\ucrtbase.dll
0x00007ffe9dfe0000 - 0x00007ffe9e27a000 	C:\Windows\WinSxS\amd64_microsoft.windows.common-controls_6595b64144ccf1df_6.0.19041.1110_none_60b5254171f9507e\COMCTL32.dll
0x00007ffeb55a0000 - 0x00007ffeb55d0000 	C:\Windows\System32\IMM32.DLL
0x00007ffeabda0000 - 0x00007ffeabe8f000 	C:\Users\Sun3k\.jdks\corretto-1.8.0_332\jre\bin\msvcr120.dll
0x00007ffe77520000 - 0x00007ffe775c6000 	C:\Users\Sun3k\.jdks\corretto-1.8.0_332\jre\bin\msvcp120.dll
0x0000000063830000 - 0x00000000640a6000 	C:\Users\Sun3k\.jdks\corretto-1.8.0_332\jre\bin\server\jvm.dll
0x00007ffeb61c0000 - 0x00007ffeb61c8000 	C:\Windows\System32\PSAPI.DLL
0x00007ffe9d810000 - 0x00007ffe9d819000 	C:\Windows\SYSTEM32\WSOCK32.dll
0x00007ffeab0b0000 - 0x00007ffeab0d7000 	C:\Windows\SYSTEM32\WINMM.dll
0x00007ffeb5060000 - 0x00007ffeb50cb000 	C:\Windows\System32\WS2_32.dll
0x00007ffead3a0000 - 0x00007ffead3aa000 	C:\Windows\SYSTEM32\VERSION.dll
0x00007ffeaea20000 - 0x00007ffeaea2f000 	C:\Users\Sun3k\.jdks\corretto-1.8.0_332\jre\bin\verify.dll
0x00007ffeae6b0000 - 0x00007ffeae6d9000 	C:\Users\Sun3k\.jdks\corretto-1.8.0_332\jre\bin\java.dll
0x00007ffeafc60000 - 0x00007ffeafc95000 	C:\Users\Sun3k\.jdks\corretto-1.8.0_332\jre\bin\jdwp.dll
0x00007ffeafc50000 - 0x00007ffeafc58000 	C:\Users\Sun3k\.jdks\corretto-1.8.0_332\jre\bin\npt.dll
0x00007ffeafbd0000 - 0x00007ffeafbfa000 	C:\Users\Sun3k\.jdks\corretto-1.8.0_332\jre\bin\instrument.dll
0x00007ffeaea00000 - 0x00007ffeaea16000 	C:\Users\Sun3k\.jdks\corretto-1.8.0_332\jre\bin\zip.dll
0x00007ffeb57b0000 - 0x00007ffeb5ef4000 	C:\Windows\System32\SHELL32.dll
0x00007ffeb2170000 - 0x00007ffeb2904000 	C:\Windows\SYSTEM32\windows.storage.dll
0x00007ffeb4a70000 - 0x00007ffeb4dc4000 	C:\Windows\System32\combase.dll
0x00007ffeb3ad0000 - 0x00007ffeb3afc000 	C:\Windows\SYSTEM32\Wldp.dll
0x00007ffeb6200000 - 0x00007ffeb62ad000 	C:\Windows\System32\SHCORE.dll
0x00007ffeb5540000 - 0x00007ffeb5595000 	C:\Windows\System32\shlwapi.dll
0x00007ffeb3fb0000 - 0x00007ffeb3fcf000 	C:\Windows\SYSTEM32\profapi.dll
0x00007ffeafc40000 - 0x00007ffeafc49000 	C:\Users\Sun3k\.jdks\corretto-1.8.0_332\jre\bin\dt_socket.dll
0x00007ffeb3830000 - 0x00007ffeb389a000 	C:\Windows\system32\mswsock.dll
0x00007ffe9c420000 - 0x00007ffe9c42d000 	C:\Users\Sun3k\.jdks\corretto-1.8.0_332\jre\bin\management.dll
0x00007ffeae690000 - 0x00007ffeae6aa000 	C:\Users\Sun3k\.jdks\corretto-1.8.0_332\jre\bin\net.dll
0x00007ffeae670000 - 0x00007ffeae682000 	C:\Users\Sun3k\.jdks\corretto-1.8.0_332\jre\bin\nio.dll
0x00007ffeb3a20000 - 0x00007ffeb3a38000 	C:\Windows\SYSTEM32\CRYPTSP.dll
0x00007ffeb3140000 - 0x00007ffeb3174000 	C:\Windows\system32\rsaenh.dll
0x00007ffeb4980000 - 0x00007ffeb49a7000 	C:\Windows\System32\bcrypt.dll
0x00007ffeb3f30000 - 0x00007ffeb3f5e000 	C:\Windows\SYSTEM32\USERENV.dll
0x00007ffeb4750000 - 0x00007ffeb47d2000 	C:\Windows\System32\bcryptprimitives.dll
0x00007ffeb3a40000 - 0x00007ffeb3a4c000 	C:\Windows\SYSTEM32\CRYPTBASE.dll
0x00007ffeb34b0000 - 0x00007ffeb34eb000 	C:\Windows\SYSTEM32\IPHLPAPI.DLL
0x00007ffeb5f60000 - 0x00007ffeb5f68000 	C:\Windows\System32\NSI.dll
0x00007ffea8bc0000 - 0x00007ffea8bd7000 	C:\Windows\SYSTEM32\dhcpcsvc6.DLL
0x00007ffeab020000 - 0x00007ffeab03d000 	C:\Windows\SYSTEM32\dhcpcsvc.DLL
0x00007ffeb34f0000 - 0x00007ffeb35bb000 	C:\Windows\SYSTEM32\DNSAPI.dll
0x00007ffeaef10000 - 0x00007ffeaef1a000 	C:\Users\Sun3k\AppData\Local\Temp\jansi-64-2986054324114157191.dll
0x00007ffe77a30000 - 0x00007ffe77a47000 	C:\Windows\system32\napinsp.dll
0x00007ffe629d0000 - 0x00007ffe629eb000 	C:\Windows\system32\pnrpnsp.dll
0x00007ffeaee60000 - 0x00007ffeaee75000 	C:\Windows\system32\wshbth.dll
0x00007ffeafbb0000 - 0x00007ffeafbcd000 	C:\Windows\system32\NLAapi.dll
0x00007ffe629b0000 - 0x00007ffe629c2000 	C:\Windows\System32\winrnr.dll
0x00007ffea8160000 - 0x00007ffea816a000 	C:\Windows\System32\rasadhlp.dll
0x00007ffea7d30000 - 0x00007ffea7db0000 	C:\Windows\System32\fwpuclnt.dll
0x00007ffeabfa0000 - 0x00007ffeabfc3000 	C:\Users\Sun3k\.jdks\corretto-1.8.0_332\jre\bin\sunec.dll
0x00007ffeaea30000 - 0x00007ffeaea3c000 	C:\Users\Sun3k\.jdks\corretto-1.8.0_332\jre\bin\sunmscapi.dll
0x00007ffeb4070000 - 0x00007ffeb41c6000 	C:\Windows\System32\CRYPT32.dll
0x00007ffeb3b40000 - 0x00007ffeb3b67000 	C:\Windows\SYSTEM32\ncrypt.dll
0x00007ffeb3b00000 - 0x00007ffeb3b3b000 	C:\Windows\SYSTEM32\NTASN1.dll
0x0000000180000000 - 0x0000000180053000 	C:\Users\Sun3k\.gradle\caches\minecraft\net\minecraft\natives\1.8.9\lwjgl64.dll
0x00007ffe7d620000 - 0x00007ffe7d746000 	C:\Windows\SYSTEM32\OPENGL32.dll
0x00007ffe7d5f0000 - 0x00007ffe7d61c000 	C:\Windows\SYSTEM32\GLU32.dll
0x00007ffe9b550000 - 0x00007ffe9b6e5000 	C:\Users\Sun3k\.jdks\corretto-1.8.0_332\jre\bin\awt.dll
0x00007ffeb60f0000 - 0x00007ffeb61bd000 	C:\Windows\System32\OLEAUT32.dll
0x00007ffeb18b0000 - 0x00007ffeb1940000 	C:\Windows\SYSTEM32\apphelp.dll
0x00007ffeaeb70000 - 0x00007ffeaec1e000 	C:\Windows\SYSTEM32\mscms.dll
0x00007ffeaeb50000 - 0x00007ffeaeb61000 	C:\Windows\SYSTEM32\ColorAdapterClient.dll
0x00007ffeb1f70000 - 0x00007ffeb1f82000 	C:\Windows\SYSTEM32\kernel.appcore.dll
0x00007ffeb55d0000 - 0x00007ffeb5679000 	C:\Windows\System32\clbcatq.dll
0x00007ffeac730000 - 0x00007ffeac773000 	C:\Windows\System32\Windows.Internal.Graphics.Display.DisplayColorManagement.dll
0x00007ffeb41d0000 - 0x00007ffeb421e000 	C:\Windows\System32\cfgmgr32.dll
0x00007ffeb1a70000 - 0x00007ffeb1b0e000 	C:\Windows\system32\uxtheme.dll
0x00007ffeb5690000 - 0x00007ffeb57a5000 	C:\Windows\System32\MSCTF.dll
0x00007ffea19f0000 - 0x00007ffea1ae9000 	C:\Windows\SYSTEM32\textinputframework.dll
0x00007ffeb15a0000 - 0x00007ffeb1692000 	C:\Windows\System32\CoreMessaging.dll
0x00007ffeb0ec0000 - 0x00007ffeb121e000 	C:\Windows\System32\CoreUIComponents.dll
0x00007ffeafee0000 - 0x00007ffeb0034000 	C:\Windows\SYSTEM32\wintypes.dll
0x00007ffeb2d70000 - 0x00007ffeb2da3000 	C:\Windows\SYSTEM32\ntmarta.dll
0x00007ffead280000 - 0x00007ffead377000 	C:\Windows\System32\AppXDeploymentClient.dll
0x00007ffeaea90000 - 0x00007ffeaeabc000 	C:\Windows\System32\DriverStore\FileRepository\u0375335.inf_amd64_7de275617d9da25a\B374868\atig6pxx.dll
0x00007ffe47b80000 - 0x00007ffe4a9c3000 	C:\Windows\System32\DriverStore\FileRepository\u0375335.inf_amd64_7de275617d9da25a\B374868\atio6axx.dll
0x00007ffeb6350000 - 0x00007ffeb67bf000 	C:\Windows\System32\SETUPAPI.dll
0x00007ffe9f7f0000 - 0x00007ffe9f814000 	C:\Windows\SYSTEM32\dxva2.dll
0x00007ffeb67e0000 - 0x00007ffeb690a000 	C:\Windows\System32\ole32.dll
0x00007ffeb1c80000 - 0x00007ffeb1caf000 	C:\Windows\SYSTEM32\dwmapi.dll
0x00007ffe9d9f0000 - 0x00007ffe9da2f000 	C:\Windows\System32\DriverStore\FileRepository\u0375335.inf_amd64_7de275617d9da25a\B374868\atig6txx.dll
0x00007ffe6eee0000 - 0x00007ffe6f0b4000 	C:\Windows\SYSTEM32\atiadlxx.dll
0x00007ffeafab0000 - 0x00007ffeafba6000 	C:\Windows\SYSTEM32\PROPSYS.dll
0x00007ffe92cf0000 - 0x00007ffe92d39000 	C:\Windows\SYSTEM32\pdh.dll
0x00007ffeb3e20000 - 0x00007ffeb3e4c000 	C:\Windows\SYSTEM32\DEVOBJ.dll
0x00007ffeb48e0000 - 0x00007ffeb4947000 	C:\Windows\System32\WINTRUST.dll
0x00007ffeb3c60000 - 0x00007ffeb3c72000 	C:\Windows\SYSTEM32\MSASN1.dll
0x00007ffeabd00000 - 0x00007ffeabd3b000 	C:\Windows\SYSTEM32\dxcore.dll
0x00007ffe671f0000 - 0x00007ffe67233000 	C:\Windows\SYSTEM32\icm32.dll
0x00000178db550000 - 0x00000178db588000 	C:\Users\Sun3k\AppData\Local\Temp\jna\jna1571349240284248974.dll
0x00007ffe9b470000 - 0x00007ffe9b4bb000 	C:\ProgramData\obs-studio-hook\graphics-hook64.dll
0x0000000070a40000 - 0x0000000070adc000 	C:\Users\Sun3k\.gradle\caches\minecraft\net\minecraft\natives\1.8.9\avutil-ttv-51.dll
0x0000000065980000 - 0x00000000659d6000 	C:\Users\Sun3k\.gradle\caches\minecraft\net\minecraft\natives\1.8.9\swresample-ttv-0.dll
0x000000006eb80000 - 0x000000006ec50000 	C:\Users\Sun3k\.gradle\caches\minecraft\net\minecraft\natives\1.8.9\libmp3lame-ttv.dll
0x00007ffe50ae0000 - 0x00007ffe51e84000 	C:\Users\Sun3k\.gradle\caches\minecraft\net\minecraft\natives\1.8.9\libmfxsw64.dll
0x00007ffe96520000 - 0x00007ffe9668d000 	C:\Users\Sun3k\.gradle\caches\minecraft\net\minecraft\natives\1.8.9\twitchsdk.dll
0x00007ffe99ea0000 - 0x00007ffe9a376000 	C:\Windows\SYSTEM32\WININET.dll
0x00000178dce00000 - 0x00000178dce64000 	C:\Users\Sun3k\.gradle\caches\minecraft\net\minecraft\natives\1.8.9\OpenAL64.dll
0x00007ffeaad30000 - 0x00007ffeaadb5000 	C:\Windows\System32\MMDevApi.dll
0x00007ffe9b3d0000 - 0x00007ffe9b46c000 	C:\Windows\SYSTEM32\dsound.dll
0x00007ffeb3730000 - 0x00007ffeb377b000 	C:\Windows\SYSTEM32\powrprof.dll
0x00007ffe9a760000 - 0x00007ffe9a786000 	C:\Windows\SYSTEM32\winmmbase.dll
0x00007ffeb3630000 - 0x00007ffeb3642000 	C:\Windows\SYSTEM32\UMPDC.dll
0x00007ffeaadc0000 - 0x00007ffeaaf42000 	C:\Windows\SYSTEM32\AUDIOSES.DLL
0x00007ffeb1b80000 - 0x00007ffeb1b94000 	C:\Windows\SYSTEM32\resourcepolicyclient.dll
0x00007ffeb0040000 - 0x00007ffeb02a3000 	C:\Windows\system32\d3d11.dll
0x00007ffeb2970000 - 0x00007ffeb2a63000 	C:\Windows\SYSTEM32\dxgi.dll
0x00007ffeab0e0000 - 0x00007ffeab298000 	C:\Windows\System32\DriverStore\FileRepository\u0375335.inf_amd64_7de275617d9da25a\B374868\aticfx64.dll
0x00007ffeaaf50000 - 0x00007ffeaaf89000 	C:\Windows\System32\DriverStore\FileRepository\u0375335.inf_amd64_7de275617d9da25a\B374868\atiuxp64.dll
0x00007ffea8df0000 - 0x00007ffeaad27000 	C:\Windows\System32\DriverStore\FileRepository\u0375335.inf_amd64_7de275617d9da25a\B374868\atidxx64.dll
0x00007ffea8ab0000 - 0x00007ffea8ae0000 	C:\Windows\SYSTEM32\amdihk64.dll
0x00007ffea8200000 - 0x00007ffea822b000 	C:\Windows\SYSTEM32\D3DSCache.dll
0x00007ffeada20000 - 0x00007ffeadc20000 	C:\Windows\SYSTEM32\twinapi.appcore.dll
0x00007ffe9faf0000 - 0x00007ffe9fcd4000 	C:\Windows\SYSTEM32\dbghelp.dll

VM Arguments:
jvm_args: -agentlib:jdwp=transport=dt_socket,address=127.0.0.1:57898,suspend=y,server=n -javaagent:C:\Users\Sun3k\AppData\Local\JetBrains\IdeaIC2022.1\captureAgent\debugger-agent.jar -Dfile.encoding=UTF-8 
java_command: GradleStart --mixin mixins.sunrise.json --tweakClass org.spongepowered.asm.launch.MixinTweaker -Ddevauth.account --javaagent:C:\Users\Sun3k\.gradle\caches\modules-2\files-2.1\org.spongepowered\mixin\0.7.11-SNAPSHOT\7a670207bdb97db418118ad1e9bb42424ff3776d\mixin-0.7.11-SNAPSHOT.jar
java_class_path (initial): C:\Users\Sun3k\.jdks\corretto-1.8.0_332\jre\lib\charsets.jar;C:\Users\Sun3k\.jdks\corretto-1.8.0_332\jre\lib\ext\access-bridge-64.jar;C:\Users\Sun3k\.jdks\corretto-1.8.0_332\jre\lib\ext\cldrdata.jar;C:\Users\Sun3k\.jdks\corretto-1.8.0_332\jre\lib\ext\dnsns.jar;C:\Users\Sun3k\.jdks\corretto-1.8.0_332\jre\lib\ext\jaccess.jar;C:\Users\Sun3k\.jdks\corretto-1.8.0_332\jre\lib\ext\jfxrt.jar;C:\Users\Sun3k\.jdks\corretto-1.8.0_332\jre\lib\ext\localedata.jar;C:\Users\Sun3k\.jdks\corretto-1.8.0_332\jre\lib\ext\nashorn.jar;C:\Users\Sun3k\.jdks\corretto-1.8.0_332\jre\lib\ext\sunec.jar;C:\Users\Sun3k\.jdks\corretto-1.8.0_332\jre\lib\ext\sunjce_provider.jar;C:\Users\Sun3k\.jdks\corretto-1.8.0_332\jre\lib\ext\sunmscapi.jar;C:\Users\Sun3k\.jdks\corretto-1.8.0_332\jre\lib\ext\sunpkcs11.jar;C:\Users\Sun3k\.jdks\corretto-1.8.0_332\jre\lib\ext\zipfs.jar;C:\Users\Sun3k\.jdks\corretto-1.8.0_332\jre\lib\jce.jar;C:\Users\Sun3k\.jdks\corretto-1.8.0_332\jre\lib\jfr.jar;C:\Users\Sun3k\.jdks\corretto-1.8.0_332\jre\lib\jfxswt.jar;C:\Users\Sun3k\.jdks\corretto-1.8.0_332\jre\lib\jsse.jar;C:\Users\Sun3k\.jdks\corretto-1.8.0_332\jre\lib\management-agent.jar;C:\Users\Sun3k\.jdks\corretto-1.8.0_332\jre\lib\resources.jar;C:\Users\Sun3k\.jdks\corretto-1.8.0_332\jre\lib\rt.jar;C:\Users\Sun3k\IdeaProjects\Sunrise8\build\classes\java\main;C:\Users\Sun3k\.gradle\caches\minecraft\deobfedDeps\compileDummy.jar;C:\Users\Sun3k\.gradle\caches\minecraft\deobfedDeps\providedDummy.jar;C:\Users\Sun3k\.gradle\caches\modules-2\files-2.1\org.spongepowered\mixin\0.7.11-SNAPSHOT\7a670207bdb97db418118ad1e9bb42424ff3776d\mixin-0.7.11-SNAPSHOT.jar;C:\Users\Sun3k\.gradle\caches\modules-2\files-2.1\gg.essential\elementa-1.8.9-forge\507\38e5ea484636664fc185041360ee5e86cfc147b5\elementa-1.8.9-forge-507.jar;C:\Users\Sun3k\.gradle\caches\modules-2\files-2.1\com.google.guava\guava\17.0\9c6ef172e8de35fd8d4d8783e4821e57cdef7445\guava-17.0.jar;C:\Users\Sun3k\.gradle\caches\modules-2\files-2.1\commons-io\c
Launcher Type: SUN_STANDARD

Environment Variables:
JAVA_HOME=C:\Program Files\OpenJDK\jdk-18
PATH=C:\Windows\system32;C:\Windows;C:\Windows\System32\Wbem;C:\Windows\System32\WindowsPowerShell\v1.0\;C:\Windows\System32\OpenSSH\;C:\ProgramData\chocolatey\bin;C:\Program Files\Microsoft VS Code\bin;C:\Program Files (x86)\Yarn\bin\;C:\Program Files\nodejs\;C:\Program Files\Git\cmd;C:\Program Files\OpenJDK\jdk-18\bin;C:\Program Files\dotnet\;C:\Users\Sun3k\AppData\Local\Programs\Python\Python310\Scripts\;C:\Users\Sun3k\AppData\Local\Programs\Python\Python310\;C:\Users\Sun3k\AppData\Local\Microsoft\WindowsApps;C:\Users\Sun3k\AppData\Local\Yarn\bin;C:\Users\Sun3k\AppData\Roaming\npm;C:\Program Files\Oracle\VirtualBox;C:\Program Files\heroku\bin;C:\Program Files\JetBrains\IntelliJ IDEA Community Edition 2022.1.1\bin;;C:\Users\Sun3k\.dotnet\tools
USERNAME=Sun3k
OS=Windows_NT
PROCESSOR_IDENTIFIER=AMD64 Family 23 Model 24 Stepping 1, AuthenticAMD



---------------  S Y S T E M  ---------------

OS: Windows 10.0 , 64 bit Build 19041 (10.0.19041.1741)

CPU:total 8 (initial active 8) (8 cores per cpu, 1 threads per core) family 23 model 24 stepping 1, cmov, cx8, fxsr, mmx, sse, sse2, sse3, ssse3, sse4.1, sse4.2, popcnt, avx, avx2, aes, clmul, mmxext, 3dnowpref, lzcnt, sse4a, tsc, tscinvbit, tscinv, bmi1

Memory: 4k page, physical 6206224k(413116k free), swap 19837712k(7397120k free)

vm_info: OpenJDK 64-Bit Server VM (25.332-b08) for windows-amd64 JRE (1.8.0_332-b08), built on Apr 16 2022 08:31:02 by "Administrator" with MS VC++ 12.0 (VS2013)

time: Sun Jun 19 21:52:25 2022
timezone: South Sudan Standard Time
elapsed time: 118.430602 seconds (0d 0h 1m 58s)

