#
# A fatal error has been detected by the Java Runtime Environment:
#
#  EXCEPTION_ACCESS_VIOLATION (0xc0000005) at pc=0x0000000000000000, pid=15888, tid=0x0000000000001b68
#
# JRE version: OpenJDK Runtime Environment (8.0_332-b08) (build 1.8.0_332-b08)
# Java VM: OpenJDK 64-Bit Server VM (25.332-b08 mixed mode windows-amd64 compressed oops)
# Problematic frame:
# C  0x0000000000000000
#
# Failed to write core dump. Minidumps are not enabled by default on client versions of Windows
#
# If you would like to submit a bug report, please visit:
#   https://github.com/corretto/corretto-8/issues/
#

---------------  T H R E A D  ---------------

Current thread (0x000001dd3f11e000):  VMThread [stack: 0x0000007ab2c00000,0x0000007ab2d00000] [id=7016]

siginfo: ExceptionCode=0xc0000005, ExceptionInformation=0x0000000000000008 0x0000000000000000

Registers:
RAX=0x0000000000000000, RBX=0x0000000000000000, RCX=0x0000000000000001, RDX=0x00007ffe96def0b8
RSP=0x0000007ab2cff228, RBP=0x000001dd2a1f02b0, RSI=0x0000000000010000, RDI=0x0000000000000000
R8 =0x0000007ab1fcc000, R9 =0x000000000000001e, R10=0x0000000000000000, R11=0x000001dd49c70c50
R12=0x00007ffe7d6fe810, R13=0x00000000ffffffff, R14=0x00007ffe7d620000, R15=0x0000000000000001
RIP=0x0000000000000000, EFLAGS=0x0000000000010202

Top of Stack: (sp=0x0000007ab2cff228)
0x0000007ab2cff228:   00007ffe96db2f2c 0000000000000000
0x0000007ab2cff238:   000001dd2a1f02b0 00000000ffffffff
0x0000007ab2cff248:   0000000000010000 0000000000000000
0x0000007ab2cff258:   00007ffe96db406e 0000000000000000
0x0000007ab2cff268:   000001dd2a1f02b0 0000000000010000
0x0000007ab2cff278:   000001dd447acbe8 0000000000000001
0x0000007ab2cff288:   00007ffe7d626e2e 0000000000000000
0x0000007ab2cff298:   0000000000000001 000000018004bb20
0x0000007ab2cff2a8:   0000000000000000 0000000000000001
0x0000007ab2cff2b8:   00007ffe7d627276 0000000000000000
0x0000007ab2cff2c8:   000001dd2a1f02b0 0000000000000001
0x0000007ab2cff2d8:   0000000000000001 0000000000000000
0x0000007ab2cff2e8:   00007ffe7d6fe94f 0000000000000001
0x0000007ab2cff2f8:   0000000000000000 0000000000000000
0x0000007ab2cff308:   000001dd459d0b30 0000000100000001
0x0000007ab2cff318:   000000018000ecac 000000018001c558 

Instructions: (pc=0x0000000000000000)
0xffffffffffffffe0:   


Register to memory mapping:

RAX=0x0000000000000000 is an unknown value
RBX=0x0000000000000000 is an unknown value
RCX=0x0000000000000001 is an unknown value
RDX=0x00007ffe96def0b8 is an unknown value
RSP=0x0000007ab2cff228 is an unknown value
RBP=0x000001dd2a1f02b0 is an unknown value
RSI=0x0000000000010000 is an unknown value
RDI=0x0000000000000000 is an unknown value
R8 =0x0000007ab1fcc000 is an unknown value
R9 =0x000000000000001e is an unknown value
R10=0x0000000000000000 is an unknown value
R11=0x000001dd49c70c50 is an unknown value
R12=0x00007ffe7d6fe810 is an unknown value
R13=0x00000000ffffffff is an unknown value
R14=0x00007ffe7d620000 is an unknown value
R15=0x0000000000000001 is an unknown value


Stack: [0x0000007ab2c00000,0x0000007ab2d00000],  sp=0x0000007ab2cff228,  free space=1020k
Native frames: (J=compiled Java code, j=interpreted, Vv=VM code, C=native code)

VM_Operation (0x0000007ab23fd820): Exit, mode: safepoint, requested by thread 0x000001dd2a1d7800


---------------  P R O C E S S  ---------------

Java Threads: ( => current thread )
  0x000001dd47224000 JavaThread "File IO Thread" [_thread_blocked, id=8132, stack(0x0000007ab3f00000,0x0000007ab4000000)]
  0x000001dd47227800 JavaThread "pool-2-thread-1" [_thread_blocked, id=7612, stack(0x0000007ab3b00000,0x0000007ab3c00000)]
  0x000001dd47225000 JavaThread "Chunk I/O Executor Thread-1" daemon [_thread_blocked, id=14556, stack(0x0000007ab5500000,0x0000007ab5600000)]
  0x000001dd4721b800 JavaThread "Netty Server IO #1" daemon [_thread_in_native, id=7896, stack(0x0000007ab5300000,0x0000007ab5400000)]
  0x000001dd47222800 JavaThread "Netty Local Client IO #0" daemon [_thread_blocked, id=9932, stack(0x0000007ab5200000,0x0000007ab5300000)]
  0x000001dd4721b000 JavaThread "Netty Server IO #0" daemon [_thread_in_native, id=11088, stack(0x0000007ab2200000,0x0000007ab2300000)]
  0x000001dd47219000 JavaThread "Thread-12" [_thread_blocked, id=15696, stack(0x0000007ab4c00000,0x0000007ab4d00000)]
  0x000001dd4721f800 JavaThread "Thread-11" [_thread_blocked, id=12056, stack(0x0000007ab4a00000,0x0000007ab4b00000)]
  0x000001dd4721a000 JavaThread "Chunk Batcher 1" daemon [_thread_blocked, id=10264, stack(0x0000007ab4e00000,0x0000007ab4f00000)]
  0x000001dd4721c800 JavaThread "Chunk Batcher 0" daemon [_thread_blocked, id=14788, stack(0x0000007ab4800000,0x0000007ab4900000)]
  0x000001dd44979800 JavaThread "LWJGL Timer" daemon [_thread_blocked, id=13092, stack(0x0000007ab4000000,0x0000007ab4100000)]
  0x000001dd44975800 JavaThread "Java2D Disposer" daemon [_thread_blocked, id=8916, stack(0x0000007ab3d00000,0x0000007ab3e00000)]
  0x000001dd44974000 JavaThread "Timer hack thread" daemon [_thread_blocked, id=15640, stack(0x0000007ab3c00000,0x0000007ab3d00000)]
  0x000001dd42a98800 JavaThread "Snooper Timer" daemon [_thread_blocked, id=9400, stack(0x0000007ab3a00000,0x0000007ab3b00000)]
  0x000001dd41074000 JavaThread "Service Thread" daemon [_thread_blocked, id=3280, stack(0x0000007ab3800000,0x0000007ab3900000)]
  0x000001dd3f1dc000 JavaThread "C1 CompilerThread3" daemon [_thread_blocked, id=660, stack(0x0000007ab3700000,0x0000007ab3800000)]
  0x000001dd3f1d8000 JavaThread "C2 CompilerThread2" daemon [_thread_blocked, id=8360, stack(0x0000007ab3600000,0x0000007ab3700000)]
  0x000001dd3f1d6800 JavaThread "C2 CompilerThread1" daemon [_thread_blocked, id=1372, stack(0x0000007ab3500000,0x0000007ab3600000)]
  0x000001dd40fe2800 JavaThread "C2 CompilerThread0" daemon [_thread_blocked, id=6404, stack(0x0000007ab3400000,0x0000007ab3500000)]
  0x000001dd3f1b7000 JavaThread "JDWP Command Reader" daemon [_thread_blocked, id=9356, stack(0x0000007ab3300000,0x0000007ab3400000)]
  0x000001dd3f1a8800 JavaThread "JDWP Event Helper Thread" daemon [_thread_blocked, id=14532, stack(0x0000007ab3200000,0x0000007ab3300000)]
  0x000001dd3f1a3000 JavaThread "JDWP Transport Listener: dt_socket" daemon [_thread_blocked, id=5988, stack(0x0000007ab3100000,0x0000007ab3200000)]
  0x000001dd3f186000 JavaThread "Attach Listener" daemon [_thread_blocked, id=10588, stack(0x0000007ab3000000,0x0000007ab3100000)]
  0x000001dd3f185800 JavaThread "Signal Dispatcher" daemon [_thread_blocked, id=15452, stack(0x0000007ab2f00000,0x0000007ab3000000)]
  0x000001dd3f157800 JavaThread "Finalizer" daemon [_thread_blocked, id=9188, stack(0x0000007ab2e00000,0x0000007ab2f00000)]
  0x000001dd3f150000 JavaThread "Reference Handler" daemon [_thread_blocked, id=8308, stack(0x0000007ab2d00000,0x0000007ab2e00000)]
  0x000001dd2a1d7800 JavaThread "Client thread" [_thread_blocked, id=2904, stack(0x0000007ab2300000,0x0000007ab2400000)]

Other Threads:
=>0x000001dd3f11e000 VMThread [stack: 0x0000007ab2c00000,0x0000007ab2d00000] [id=7016]

VM state:at safepoint (shutting down)

VM Mutex/Monitor currently owned by a thread:  ([mutex/lock_event])
[0x000001dd2a1d6f30] Threads_lock - owner thread: 0x000001dd3f11e000

heap address: 0x00000000a1400000, size: 1516 MB, Compressed Oops mode: 32-bit
Narrow klass base: 0x0000000000000000, Narrow klass shift: 3
Compressed class space size: 1073741824 Address: 0x0000000100000000

Heap:
 PSYoungGen      total 345088K, used 184796K [0x00000000e0700000, 0x0000000100000000, 0x0000000100000000)
  eden space 173056K, 7% used [0x00000000e0700000,0x00000000e13783e8,0x00000000eb000000)
  from space 172032K, 99% used [0x00000000eb000000,0x00000000f57fee80,0x00000000f5800000)
  to   space 172032K, 0% used [0x00000000f5800000,0x00000000f5800000,0x0000000100000000)
 ParOldGen       total 609792K, used 511458K [0x00000000a1400000, 0x00000000c6780000, 0x00000000e0700000)
  object space 609792K, 83% used [0x00000000a1400000,0x00000000c0778888,0x00000000c6780000)
 Metaspace       used 52959K, capacity 53283K, committed 53888K, reserved 1097728K
  class space    used 6387K, capacity 6511K, committed 6528K, reserved 1048576K

Card table byte_map: [0x000001dd3af60000,0x000001dd3b260000] byte_map_base: 0x000001dd3aa56000

Marking Bits: (ParMarkBitMap*) 0x0000000064027850
 Begin Bits: [0x000001dd3b460000, 0x000001dd3cc10000)
 End Bits:   [0x000001dd3cc10000, 0x000001dd3e3c0000)

Polling page: 0x000001dd2a3c0000

CodeCache: size=245760Kb used=32062Kb max_used=32076Kb free=213697Kb
 bounds [0x000001dd2bba0000, 0x000001dd2db20000, 0x000001dd3aba0000]
 total_blobs=8793 nmethods=7865 adapters=847
 compilation: enabled

Compilation events (10 events):
Event: 109.168 Thread 0x000001dd3f1dc000 nmethod 10722 0x000001dd2db19ad0 code [0x000001dd2db19c20, 0x000001dd2db19d38]
Event: 109.169 Thread 0x000001dd3f1dc000 10726       1       com.google.common.cache.LocalCache$2::poll (2 bytes)
Event: 109.169 Thread 0x000001dd3f1dc000 nmethod 10726 0x000001dd2db19810 code [0x000001dd2db19960, 0x000001dd2db19a78]
Event: 109.178 Thread 0x000001dd3f1dc000 10727       3       java.util.logging.LogManager$LoggerContext::getRootLogger (8 bytes)
Event: 109.179 Thread 0x000001dd3f1dc000 nmethod 10727 0x000001dd2db193d0 code [0x000001dd2db19520, 0x000001dd2db19738]
Event: 109.179 Thread 0x000001dd3f1dc000 10728       3       java.util.logging.LogManager$LoggerContext::getGlobalLogger (6 bytes)
Event: 109.179 Thread 0x000001dd3f1dc000 nmethod 10728 0x000001dd2db19090 code [0x000001dd2db191e0, 0x000001dd2db19338]
Event: 109.182 Thread 0x000001dd3f1dc000 10729       1       org.apache.logging.log4j.core.config.LoggerConfig::getLevel (5 bytes)
Event: 109.183 Thread 0x000001dd3f1dc000 nmethod 10729 0x000001dd2db18dd0 code [0x000001dd2db18f20, 0x000001dd2db19038]
Event: 109.188 Thread 0x000001dd3f1d8000 nmethod 10725 0x000001dd2db1ce90 code [0x000001dd2db1d040, 0x000001dd2db1da38]

GC Heap History (10 events):
Event: 105.504 GC heap before
{Heap before GC invocations=40 (full 8):
 PSYoungGen      total 422400K, used 327680K [0x00000000e0700000, 0x0000000100000000, 0x0000000100000000)
  eden space 327680K, 100% used [0x00000000e0700000,0x00000000f4700000,0x00000000f4700000)
  from space 94720K, 0% used [0x00000000f4700000,0x00000000f4700000,0x00000000fa380000)
  to   space 94720K, 0% used [0x00000000fa380000,0x00000000fa380000,0x0000000100000000)
 ParOldGen       total 393216K, used 253351K [0x00000000a1400000, 0x00000000b9400000, 0x00000000e0700000)
  object space 393216K, 64% used [0x00000000a1400000,0x00000000b0b69c90,0x00000000b9400000)
 Metaspace       used 52468K, capacity 52893K, committed 53376K, reserved 1095680K
  class space    used 6361K, capacity 6510K, committed 6528K, reserved 1048576K
Event: 105.582 GC heap after
Heap after GC invocations=40 (full 8):
 PSYoungGen      total 267776K, used 94700K [0x00000000e0700000, 0x0000000100000000, 0x0000000100000000)
  eden space 173056K, 0% used [0x00000000e0700000,0x00000000e0700000,0x00000000eb000000)
  from space 94720K, 99% used [0x00000000fa380000,0x00000000ffffb2e0,0x0000000100000000)
  to   space 172032K, 0% used [0x00000000eb000000,0x00000000eb000000,0x00000000f5800000)
 ParOldGen       total 393216K, used 367690K [0x00000000a1400000, 0x00000000b9400000, 0x00000000e0700000)
  object space 393216K, 93% used [0x00000000a1400000,0x00000000b7b12830,0x00000000b9400000)
 Metaspace       used 52468K, capacity 52893K, committed 53376K, reserved 1095680K
  class space    used 6361K, capacity 6510K, committed 6528K, reserved 1048576K
}
Event: 105.582 GC heap before
{Heap before GC invocations=41 (full 9):
 PSYoungGen      total 267776K, used 94700K [0x00000000e0700000, 0x0000000100000000, 0x0000000100000000)
  eden space 173056K, 0% used [0x00000000e0700000,0x00000000e0700000,0x00000000eb000000)
  from space 94720K, 99% used [0x00000000fa380000,0x00000000ffffb2e0,0x0000000100000000)
  to   space 172032K, 0% used [0x00000000eb000000,0x00000000eb000000,0x00000000f5800000)
 ParOldGen       total 393216K, used 367690K [0x00000000a1400000, 0x00000000b9400000, 0x00000000e0700000)
  object space 393216K, 93% used [0x00000000a1400000,0x00000000b7b12830,0x00000000b9400000)
 Metaspace       used 52468K, capacity 52893K, committed 53376K, reserved 1095680K
  class space    used 6361K, capacity 6510K, committed 6528K, reserved 1048576K
Event: 106.024 GC heap after
Heap after GC invocations=41 (full 9):
 PSYoungGen      total 267776K, used 49855K [0x00000000e0700000, 0x0000000100000000, 0x0000000100000000)
  eden space 173056K, 0% used [0x00000000e0700000,0x00000000e0700000,0x00000000eb000000)
  from space 94720K, 52% used [0x00000000fa380000,0x00000000fd42fd50,0x0000000100000000)
  to   space 172032K, 0% used [0x00000000eb000000,0x00000000eb000000,0x00000000f5800000)
 ParOldGen       total 609792K, used 393206K [0x00000000a1400000, 0x00000000c6780000, 0x00000000e0700000)
  object space 609792K, 64% used [0x00000000a1400000,0x00000000b93fdad0,0x00000000c6780000)
 Metaspace       used 52468K, capacity 52893K, committed 53376K, reserved 1095680K
  class space    used 6361K, capacity 6510K, committed 6528K, reserved 1048576K
}
Event: 106.443 GC heap before
{Heap before GC invocations=42 (full 9):
 PSYoungGen      total 267776K, used 222911K [0x00000000e0700000, 0x0000000100000000, 0x0000000100000000)
  eden space 173056K, 100% used [0x00000000e0700000,0x00000000eb000000,0x00000000eb000000)
  from space 94720K, 52% used [0x00000000fa380000,0x00000000fd42fd50,0x0000000100000000)
  to   space 172032K, 0% used [0x00000000eb000000,0x00000000eb000000,0x00000000f5800000)
 ParOldGen       total 609792K, used 393206K [0x00000000a1400000, 0x00000000c6780000, 0x00000000e0700000)
  object space 609792K, 64% used [0x00000000a1400000,0x00000000b93fdad0,0x00000000c6780000)
 Metaspace       used 52530K, capacity 53021K, committed 53632K, reserved 1095680K
  class space    used 6363K, capacity 6510K, committed 6528K, reserved 1048576K
Event: 106.513 GC heap after
Heap after GC invocations=42 (full 9):
 PSYoungGen      total 345088K, used 150496K [0x00000000e0700000, 0x0000000100000000, 0x0000000100000000)
  eden space 173056K, 0% used [0x00000000e0700000,0x00000000e0700000,0x00000000eb000000)
  from space 172032K, 87% used [0x00000000eb000000,0x00000000f42f8020,0x00000000f5800000)
  to   space 172032K, 0% used [0x00000000f5800000,0x00000000f5800000,0x0000000100000000)
 ParOldGen       total 609792K, used 393206K [0x00000000a1400000, 0x00000000c6780000, 0x00000000e0700000)
  object space 609792K, 64% used [0x00000000a1400000,0x00000000b93fdad0,0x00000000c6780000)
 Metaspace       used 52530K, capacity 53021K, committed 53632K, reserved 1095680K
  class space    used 6363K, capacity 6510K, committed 6528K, reserved 1048576K
}
Event: 107.089 GC heap before
{Heap before GC invocations=43 (full 9):
 PSYoungGen      total 345088K, used 323552K [0x00000000e0700000, 0x0000000100000000, 0x0000000100000000)
  eden space 173056K, 100% used [0x00000000e0700000,0x00000000eb000000,0x00000000eb000000)
  from space 172032K, 87% used [0x00000000eb000000,0x00000000f42f8020,0x00000000f5800000)
  to   space 172032K, 0% used [0x00000000f5800000,0x00000000f5800000,0x0000000100000000)
 ParOldGen       total 609792K, used 393206K [0x00000000a1400000, 0x00000000c6780000, 0x00000000e0700000)
  object space 609792K, 64% used [0x00000000a1400000,0x00000000b93fdad0,0x00000000c6780000)
 Metaspace       used 52603K, capacity 53091K, committed 53632K, reserved 1095680K
  class space    used 6364K, capacity 6511K, committed 6528K, reserved 1048576K
Event: 107.155 GC heap after
Heap after GC invocations=43 (full 9):
 PSYoungGen      total 345088K, used 172000K [0x00000000e0700000, 0x0000000100000000, 0x0000000100000000)
  eden space 173056K, 0% used [0x00000000e0700000,0x00000000e0700000,0x00000000eb000000)
  from space 172032K, 99% used [0x00000000f5800000,0x00000000ffff8020,0x0000000100000000)
  to   space 172032K, 0% used [0x00000000eb000000,0x00000000eb000000,0x00000000f5800000)
 ParOldGen       total 609792K, used 460861K [0x00000000a1400000, 0x00000000c6780000, 0x00000000e0700000)
  object space 609792K, 75% used [0x00000000a1400000,0x00000000bd60f780,0x00000000c6780000)
 Metaspace       used 52603K, capacity 53091K, committed 53632K, reserved 1095680K
  class space    used 6364K, capacity 6511K, committed 6528K, reserved 1048576K
}
Event: 108.539 GC heap before
{Heap before GC invocations=44 (full 9):
 PSYoungGen      total 345088K, used 345056K [0x00000000e0700000, 0x0000000100000000, 0x0000000100000000)
  eden space 173056K, 100% used [0x00000000e0700000,0x00000000eb000000,0x00000000eb000000)
  from space 172032K, 99% used [0x00000000f5800000,0x00000000ffff8020,0x0000000100000000)
  to   space 172032K, 0% used [0x00000000eb000000,0x00000000eb000000,0x00000000f5800000)
 ParOldGen       total 609792K, used 460861K [0x00000000a1400000, 0x00000000c6780000, 0x00000000e0700000)
  object space 609792K, 75% used [0x00000000a1400000,0x00000000bd60f780,0x00000000c6780000)
 Metaspace       used 52938K, capacity 53283K, committed 53888K, reserved 1097728K
  class space    used 6386K, capacity 6511K, committed 6528K, reserved 1048576K
Event: 108.618 GC heap after
Heap after GC invocations=44 (full 9):
 PSYoungGen      total 345088K, used 172027K [0x00000000e0700000, 0x0000000100000000, 0x0000000100000000)
  eden space 173056K, 0% used [0x00000000e0700000,0x00000000e0700000,0x00000000eb000000)
  from space 172032K, 99% used [0x00000000eb000000,0x00000000f57fee80,0x00000000f5800000)
  to   space 172032K, 0% used [0x00000000f5800000,0x00000000f5800000,0x0000000100000000)
 ParOldGen       total 609792K, used 511458K [0x00000000a1400000, 0x00000000c6780000, 0x00000000e0700000)
  object space 609792K, 83% used [0x00000000a1400000,0x00000000c0778888,0x00000000c6780000)
 Metaspace       used 52938K, capacity 53283K, committed 53888K, reserved 1097728K
  class space    used 6386K, capacity 6511K, committed 6528K, reserved 1048576K
}

Deoptimization events (10 events):
Event: 107.770 Thread 0x000001dd4721e000 Uncommon trap: reason=bimorphic action=maybe_recompile pc=0x000001dd2c7ab5e4 method=java.io.DataOutputStream.writeShort(I)V @ 12
Event: 107.770 Thread 0x000001dd4721e000 Uncommon trap: reason=bimorphic action=maybe_recompile pc=0x000001dd2c7ab5e4 method=java.io.DataOutputStream.writeShort(I)V @ 12
Event: 107.770 Thread 0x000001dd4721e000 Uncommon trap: reason=bimorphic action=maybe_recompile pc=0x000001dd2c7ab5e4 method=java.io.DataOutputStream.writeShort(I)V @ 12
Event: 107.770 Thread 0x000001dd4721e000 Uncommon trap: reason=bimorphic action=maybe_recompile pc=0x000001dd2c7ab5e4 method=java.io.DataOutputStream.writeShort(I)V @ 12
Event: 107.781 Thread 0x000001dd4721e000 Uncommon trap: reason=unstable_if action=reinterpret pc=0x000001dd2d2fd8c8 method=com.google.gson.internal.bind.TypeAdapters$25.write(Lcom/google/gson/stream/JsonWriter;Lcom/google/gson/JsonElement;)V @ 35
Event: 107.781 Thread 0x000001dd4721e000 Uncommon trap: reason=unstable_if action=reinterpret pc=0x000001dd2c3215f8 method=com.google.gson.stream.JsonWriter.string(Ljava/lang/String;)V @ 4
Event: 107.870 Thread 0x000001dd47224000 Uncommon trap: reason=unstable_if action=reinterpret pc=0x000001dd2ceca30c method=java.util.concurrent.ConcurrentHashMap.isEmpty()Z @ 6
Event: 107.881 Thread 0x000001dd47224000 Uncommon trap: reason=unstable_if action=reinterpret pc=0x000001dd2c742d8c method=java.util.Collections$SetFromMap.remove(Ljava/lang/Object;)Z @ 10
Event: 107.897 Thread 0x000001dd2a1d7800 Uncommon trap: reason=unstable_if action=reinterpret pc=0x000001dd2d970418 method=net.minecraft.client.multiplayer.ChunkProviderClient.provideChunk(II)Lnet/minecraft/world/chunk/Chunk; @ 17
Event: 109.172 Thread 0x000001dd2a1d7800 Uncommon trap: reason=unstable_if action=reinterpret pc=0x000001dd2c1ea6bc method=net.minecraftforge.fml.relauncher.FMLSecurityManager.checkPermission(Ljava/security/Permission;)V @ 23

Classes redefined (0 events):
No events

Internal exceptions (10 events):
Event: 107.592 Thread 0x000001dd4721f800 Exception <a 'java/lang/InterruptedException': sleep interrupted> (0x00000000e0a622c0) thrown at [C:\wsjdk\Corretto8Src\installers\windows\zip\corretto-build\buildRoot\src\hotspot\src\share\vm\prims\jvm.cpp, line 3384]
Event: 107.609 Thread 0x000001dd4721f800 Exception <a 'java/lang/InterruptedException': sleep interrupted> (0x00000000e0a62518) thrown at [C:\wsjdk\Corretto8Src\installers\windows\zip\corretto-build\buildRoot\src\hotspot\src\share\vm\prims\jvm.cpp, line 3384]
Event: 107.609 Thread 0x000001dd4721f800 Exception <a 'java/lang/InterruptedException': sleep interrupted> (0x00000000e0a62798) thrown at [C:\wsjdk\Corretto8Src\installers\windows\zip\corretto-build\buildRoot\src\hotspot\src\share\vm\prims\jvm.cpp, line 3384]
Event: 107.656 Thread 0x000001dd4721f800 Exception <a 'java/lang/InterruptedException': sleep interrupted> (0x00000000e0a62a18) thrown at [C:\wsjdk\Corretto8Src\installers\windows\zip\corretto-build\buildRoot\src\hotspot\src\share\vm\prims\jvm.cpp, line 3384]
Event: 107.697 Thread 0x000001dd2a1d7800 NullPointerException at vtable entry 0x000001dd2bedf6f0
Event: 107.697 Thread 0x000001dd2a1d7800 Exception <a 'java/lang/NullPointerException'> (0x00000000e900d4a0) thrown at [C:\wsjdk\Corretto8Src\installers\windows\zip\corretto-build\buildRoot\src\hotspot\src\share\vm\runtime\sharedRuntime.cpp, line 610]
Event: 107.714 Thread 0x000001dd4721e000 Implicit null exception at 0x000001dd2c6c874d to 0x000001dd2c6c89b3
Event: 107.714 Thread 0x000001dd4721e000 Exception <a 'java/lang/NullPointerException'> (0x00000000e9167568) thrown at [C:\wsjdk\Corretto8Src\installers\windows\zip\corretto-build\buildRoot\src\hotspot\src\share\vm\runtime\sharedRuntime.cpp, line 610]
Event: 107.717 Thread 0x000001dd4721e000 Exception <a 'java/lang/NullPointerException'> (0x00000000e9187370) thrown at [C:\wsjdk\Corretto8Src\installers\windows\zip\corretto-build\buildRoot\src\hotspot\src\share\vm\interpreter\linkResolver.cpp, line 1185]
Event: 107.717 Thread 0x000001dd4721e000 Exception <a 'java/lang/NullPointerException'> (0x00000000e9189760) thrown at [C:\wsjdk\Corretto8Src\installers\windows\zip\corretto-build\buildRoot\src\hotspot\src\share\vm\interpreter\linkResolver.cpp, line 1185]

Events (10 events):
Event: 109.182 Thread 0x000001dd4721e000 DEOPT PACKING pc=0x000001dd2c2c7f88 sp=0x0000007ab56fe8c0
Event: 109.182 Thread 0x000001dd4721e000 DEOPT UNPACKING pc=0x000001dd2bbe71d8 sp=0x0000007ab56fe5e0 mode 1
Event: 109.182 Thread 0x000001dd4721e000 DEOPT PACKING pc=0x000001dd2be68b9c sp=0x0000007ab56ff1f0
Event: 109.182 Thread 0x000001dd4721e000 DEOPT UNPACKING pc=0x000001dd2bbe71d8 sp=0x0000007ab56fef48 mode 1
Event: 109.183 Executing VM operation: RevokeBias
Event: 109.183 Executing VM operation: RevokeBias done
Event: 109.183 Thread 0x000001dd4721e000 Thread exited: 0x000001dd4721e000
Event: 109.183 Thread 0x000001dd60f85800 Thread exited: 0x000001dd60f85800
Event: 109.187 Thread 0x000001dd44977000 Thread exited: 0x000001dd44977000
Event: 109.193 Executing VM operation: Exit


Dynamic libraries:
0x00007ff6fdee0000 - 0x00007ff6fdf1a000 	C:\Users\Sun3k\.jdks\corretto-1.8.0_332\bin\java.exe
0x00007ffeb6950000 - 0x00007ffeb6b47000 	C:\Windows\SYSTEM32\ntdll.dll
0x00007ffeb49b0000 - 0x00007ffeb4a6d000 	C:\Windows\System32\KERNEL32.DLL
0x00007ffeb4480000 - 0x00007ffeb474d000 	C:\Windows\System32\KERNELBASE.dll
0x00007ffeb5160000 - 0x00007ffeb520e000 	C:\Windows\System32\ADVAPI32.dll
0x00007ffeb62b0000 - 0x00007ffeb634e000 	C:\Windows\System32\msvcrt.dll
0x00007ffeb5f70000 - 0x00007ffeb600c000 	C:\Windows\System32\sechost.dll
0x00007ffeb5210000 - 0x00007ffeb5335000 	C:\Windows\System32\RPCRT4.dll
0x00007ffeb53a0000 - 0x00007ffeb5540000 	C:\Windows\System32\USER32.dll
0x00007ffeb4950000 - 0x00007ffeb4972000 	C:\Windows\System32\win32u.dll
0x00007ffeb61d0000 - 0x00007ffeb61fa000 	C:\Windows\System32\GDI32.dll
0x00007ffeb4220000 - 0x00007ffeb432b000 	C:\Windows\System32\gdi32full.dll
0x00007ffeb43e0000 - 0x00007ffeb447d000 	C:\Windows\System32\msvcp_win.dll
0x00007ffeb47e0000 - 0x00007ffeb48e0000 	C:\Windows\System32\ucrtbase.dll
0x00007ffe9dfe0000 - 0x00007ffe9e27a000 	C:\Windows\WinSxS\amd64_microsoft.windows.common-controls_6595b64144ccf1df_6.0.19041.1110_none_60b5254171f9507e\COMCTL32.dll
0x00007ffeb55a0000 - 0x00007ffeb55d0000 	C:\Windows\System32\IMM32.DLL
0x00007ffeabda0000 - 0x00007ffeabe8f000 	C:\Users\Sun3k\.jdks\corretto-1.8.0_332\jre\bin\msvcr120.dll
0x00007ffe77520000 - 0x00007ffe775c6000 	C:\Users\Sun3k\.jdks\corretto-1.8.0_332\jre\bin\msvcp120.dll
0x0000000063830000 - 0x00000000640a6000 	C:\Users\Sun3k\.jdks\corretto-1.8.0_332\jre\bin\server\jvm.dll
0x00007ffeb61c0000 - 0x00007ffeb61c8000 	C:\Windows\System32\PSAPI.DLL
0x00007ffeab0b0000 - 0x00007ffeab0d7000 	C:\Windows\SYSTEM32\WINMM.dll
0x00007ffe9d810000 - 0x00007ffe9d819000 	C:\Windows\SYSTEM32\WSOCK32.dll
0x00007ffead3a0000 - 0x00007ffead3aa000 	C:\Windows\SYSTEM32\VERSION.dll
0x00007ffeb5060000 - 0x00007ffeb50cb000 	C:\Windows\System32\WS2_32.dll
0x00007ffeaea20000 - 0x00007ffeaea2f000 	C:\Users\Sun3k\.jdks\corretto-1.8.0_332\jre\bin\verify.dll
0x00007ffeae6b0000 - 0x00007ffeae6d9000 	C:\Users\Sun3k\.jdks\corretto-1.8.0_332\jre\bin\java.dll
0x00007ffe9b660000 - 0x00007ffe9b695000 	C:\Users\Sun3k\.jdks\corretto-1.8.0_332\jre\bin\jdwp.dll
0x00007ffeaeef0000 - 0x00007ffeaeef8000 	C:\Users\Sun3k\.jdks\corretto-1.8.0_332\jre\bin\npt.dll
0x00007ffe96e70000 - 0x00007ffe96e9a000 	C:\Users\Sun3k\.jdks\corretto-1.8.0_332\jre\bin\instrument.dll
0x00007ffeaea00000 - 0x00007ffeaea16000 	C:\Users\Sun3k\.jdks\corretto-1.8.0_332\jre\bin\zip.dll
0x00007ffeb57b0000 - 0x00007ffeb5ef4000 	C:\Windows\System32\SHELL32.dll
0x00007ffeb2170000 - 0x00007ffeb2904000 	C:\Windows\SYSTEM32\windows.storage.dll
0x00007ffeb4a70000 - 0x00007ffeb4dc4000 	C:\Windows\System32\combase.dll
0x00007ffeb3ad0000 - 0x00007ffeb3afc000 	C:\Windows\SYSTEM32\Wldp.dll
0x00007ffeb6200000 - 0x00007ffeb62ad000 	C:\Windows\System32\SHCORE.dll
0x00007ffeb5540000 - 0x00007ffeb5595000 	C:\Windows\System32\shlwapi.dll
0x00007ffeb3fb0000 - 0x00007ffeb3fcf000 	C:\Windows\SYSTEM32\profapi.dll
0x00007ffeaeab0000 - 0x00007ffeaeab9000 	C:\Users\Sun3k\.jdks\corretto-1.8.0_332\jre\bin\dt_socket.dll
0x00007ffeb3830000 - 0x00007ffeb389a000 	C:\Windows\system32\mswsock.dll
0x00007ffeafd00000 - 0x00007ffeafd0d000 	C:\Users\Sun3k\.jdks\corretto-1.8.0_332\jre\bin\management.dll
0x00007ffeae690000 - 0x00007ffeae6aa000 	C:\Users\Sun3k\.jdks\corretto-1.8.0_332\jre\bin\net.dll
0x00007ffeae670000 - 0x00007ffeae682000 	C:\Users\Sun3k\.jdks\corretto-1.8.0_332\jre\bin\nio.dll
0x00007ffeb3a20000 - 0x00007ffeb3a38000 	C:\Windows\SYSTEM32\CRYPTSP.dll
0x00007ffeb3140000 - 0x00007ffeb3174000 	C:\Windows\system32\rsaenh.dll
0x00007ffeb4980000 - 0x00007ffeb49a7000 	C:\Windows\System32\bcrypt.dll
0x00007ffeb3f30000 - 0x00007ffeb3f5e000 	C:\Windows\SYSTEM32\USERENV.dll
0x00007ffeb4750000 - 0x00007ffeb47d2000 	C:\Windows\System32\bcryptprimitives.dll
0x00007ffeb3a40000 - 0x00007ffeb3a4c000 	C:\Windows\SYSTEM32\CRYPTBASE.dll
0x00007ffeb34b0000 - 0x00007ffeb34eb000 	C:\Windows\SYSTEM32\IPHLPAPI.DLL
0x00007ffeb5f60000 - 0x00007ffeb5f68000 	C:\Windows\System32\NSI.dll
0x00007ffea8bc0000 - 0x00007ffea8bd7000 	C:\Windows\SYSTEM32\dhcpcsvc6.DLL
0x00007ffeab020000 - 0x00007ffeab03d000 	C:\Windows\SYSTEM32\dhcpcsvc.DLL
0x00007ffeb34f0000 - 0x00007ffeb35bb000 	C:\Windows\SYSTEM32\DNSAPI.dll
0x00007ffeaeaa0000 - 0x00007ffeaeaaa000 	C:\Users\Sun3k\AppData\Local\Temp\jansi-64-3870143751952933398.dll
0x00007ffe77a30000 - 0x00007ffe77a47000 	C:\Windows\system32\napinsp.dll
0x00007ffe629d0000 - 0x00007ffe629eb000 	C:\Windows\system32\pnrpnsp.dll
0x00007ffeaee60000 - 0x00007ffeaee75000 	C:\Windows\system32\wshbth.dll
0x00007ffeafbb0000 - 0x00007ffeafbcd000 	C:\Windows\system32\NLAapi.dll
0x00007ffe629b0000 - 0x00007ffe629c2000 	C:\Windows\System32\winrnr.dll
0x00007ffea8160000 - 0x00007ffea816a000 	C:\Windows\System32\rasadhlp.dll
0x00007ffea7d30000 - 0x00007ffea7db0000 	C:\Windows\System32\fwpuclnt.dll
0x00007ffeafcb0000 - 0x00007ffeafcd3000 	C:\Users\Sun3k\.jdks\corretto-1.8.0_332\jre\bin\sunec.dll
0x00007ffeafcf0000 - 0x00007ffeafcfc000 	C:\Users\Sun3k\.jdks\corretto-1.8.0_332\jre\bin\sunmscapi.dll
0x00007ffeb4070000 - 0x00007ffeb41c6000 	C:\Windows\System32\CRYPT32.dll
0x00007ffeb3b40000 - 0x00007ffeb3b67000 	C:\Windows\SYSTEM32\ncrypt.dll
0x00007ffeb3b00000 - 0x00007ffeb3b3b000 	C:\Windows\SYSTEM32\NTASN1.dll
0x0000000180000000 - 0x0000000180053000 	C:\Users\Sun3k\.gradle\caches\minecraft\net\minecraft\natives\1.8.9\lwjgl64.dll
0x00007ffe7d620000 - 0x00007ffe7d746000 	C:\Windows\SYSTEM32\OPENGL32.dll
0x00007ffe7d5f0000 - 0x00007ffe7d61c000 	C:\Windows\SYSTEM32\GLU32.dll
0x00007ffe96bb0000 - 0x00007ffe96d45000 	C:\Users\Sun3k\.jdks\corretto-1.8.0_332\jre\bin\awt.dll
0x00007ffeb60f0000 - 0x00007ffeb61bd000 	C:\Windows\System32\OLEAUT32.dll
0x00007ffeb18b0000 - 0x00007ffeb1940000 	C:\Windows\SYSTEM32\apphelp.dll
0x00007ffeaeb70000 - 0x00007ffeaec1e000 	C:\Windows\SYSTEM32\mscms.dll
0x00007ffeaeb50000 - 0x00007ffeaeb61000 	C:\Windows\SYSTEM32\ColorAdapterClient.dll
0x00007ffeb1f70000 - 0x00007ffeb1f82000 	C:\Windows\SYSTEM32\kernel.appcore.dll
0x00007ffeb55d0000 - 0x00007ffeb5679000 	C:\Windows\System32\clbcatq.dll
0x00007ffeac730000 - 0x00007ffeac773000 	C:\Windows\System32\Windows.Internal.Graphics.Display.DisplayColorManagement.dll
0x00007ffeb41d0000 - 0x00007ffeb421e000 	C:\Windows\System32\cfgmgr32.dll
0x00007ffeb1a70000 - 0x00007ffeb1b0e000 	C:\Windows\system32\uxtheme.dll
0x00007ffeb5690000 - 0x00007ffeb57a5000 	C:\Windows\System32\MSCTF.dll
0x00007ffea19f0000 - 0x00007ffea1ae9000 	C:\Windows\SYSTEM32\textinputframework.dll
0x00007ffeb0ec0000 - 0x00007ffeb121e000 	C:\Windows\System32\CoreUIComponents.dll
0x00007ffeb15a0000 - 0x00007ffeb1692000 	C:\Windows\System32\CoreMessaging.dll
0x00007ffeb2d70000 - 0x00007ffeb2da3000 	C:\Windows\SYSTEM32\ntmarta.dll
0x00007ffeafee0000 - 0x00007ffeb0034000 	C:\Windows\SYSTEM32\wintypes.dll
0x00007ffead280000 - 0x00007ffead377000 	C:\Windows\System32\AppXDeploymentClient.dll
0x00007ffe96e40000 - 0x00007ffe96e6c000 	C:\Windows\System32\DriverStore\FileRepository\u0375335.inf_amd64_7de275617d9da25a\B374868\atig6pxx.dll
0x00007ffe47b80000 - 0x00007ffe4a9c3000 	C:\Windows\System32\DriverStore\FileRepository\u0375335.inf_amd64_7de275617d9da25a\B374868\atio6axx.dll
0x00007ffeb6350000 - 0x00007ffeb67bf000 	C:\Windows\System32\SETUPAPI.dll
0x00007ffe9f7f0000 - 0x00007ffe9f814000 	C:\Windows\SYSTEM32\dxva2.dll
0x00007ffeb67e0000 - 0x00007ffeb690a000 	C:\Windows\System32\ole32.dll
0x00007ffeb1c80000 - 0x00007ffeb1caf000 	C:\Windows\SYSTEM32\dwmapi.dll
0x00007ffe96e00000 - 0x00007ffe96e3f000 	C:\Windows\System32\DriverStore\FileRepository\u0375335.inf_amd64_7de275617d9da25a\B374868\atig6txx.dll
0x00007ffe6eee0000 - 0x00007ffe6f0b4000 	C:\Windows\SYSTEM32\atiadlxx.dll
0x00007ffeafab0000 - 0x00007ffeafba6000 	C:\Windows\SYSTEM32\PROPSYS.dll
0x00007ffe92cf0000 - 0x00007ffe92d39000 	C:\Windows\SYSTEM32\pdh.dll
0x00007ffeb3e20000 - 0x00007ffeb3e4c000 	C:\Windows\SYSTEM32\DEVOBJ.dll
0x00007ffeb48e0000 - 0x00007ffeb4947000 	C:\Windows\System32\WINTRUST.dll
0x00007ffeb3c60000 - 0x00007ffeb3c72000 	C:\Windows\SYSTEM32\MSASN1.dll
0x00007ffeabd00000 - 0x00007ffeabd3b000 	C:\Windows\SYSTEM32\dxcore.dll
0x00007ffe671f0000 - 0x00007ffe67233000 	C:\Windows\SYSTEM32\icm32.dll
0x000001dd483e0000 - 0x000001dd48418000 	C:\Users\Sun3k\AppData\Local\Temp\jna\jna4788851801467469098.dll
0x00007ffe96db0000 - 0x00007ffe96dfb000 	C:\ProgramData\obs-studio-hook\graphics-hook64.dll
0x00007ffeb0040000 - 0x00007ffeb02a3000 	C:\Windows\system32\d3d11.dll
0x00007ffeb2970000 - 0x00007ffeb2a63000 	C:\Windows\SYSTEM32\dxgi.dll
0x00007ffeab0e0000 - 0x00007ffeab298000 	C:\Windows\System32\DriverStore\FileRepository\u0375335.inf_amd64_7de275617d9da25a\B374868\aticfx64.dll
0x00007ffeaaf50000 - 0x00007ffeaaf89000 	C:\Windows\System32\DriverStore\FileRepository\u0375335.inf_amd64_7de275617d9da25a\B374868\atiuxp64.dll
0x00007ffea8df0000 - 0x00007ffeaad27000 	C:\Windows\System32\DriverStore\FileRepository\u0375335.inf_amd64_7de275617d9da25a\B374868\atidxx64.dll
0x00007ffea8ab0000 - 0x00007ffea8ae0000 	C:\Windows\SYSTEM32\amdihk64.dll
0x00007ffea8200000 - 0x00007ffea822b000 	C:\Windows\SYSTEM32\D3DSCache.dll
0x00007ffeada20000 - 0x00007ffeadc20000 	C:\Windows\SYSTEM32\twinapi.appcore.dll
0x0000000070a40000 - 0x0000000070adc000 	C:\Users\Sun3k\.gradle\caches\minecraft\net\minecraft\natives\1.8.9\avutil-ttv-51.dll
0x0000000065980000 - 0x00000000659d6000 	C:\Users\Sun3k\.gradle\caches\minecraft\net\minecraft\natives\1.8.9\swresample-ttv-0.dll
0x000000006eb80000 - 0x000000006ec50000 	C:\Users\Sun3k\.gradle\caches\minecraft\net\minecraft\natives\1.8.9\libmp3lame-ttv.dll
0x00007ffe51770000 - 0x00007ffe52b14000 	C:\Users\Sun3k\.gradle\caches\minecraft\net\minecraft\natives\1.8.9\libmfxsw64.dll
0x00007ffe60740000 - 0x00007ffe608ad000 	C:\Users\Sun3k\.gradle\caches\minecraft\net\minecraft\natives\1.8.9\twitchsdk.dll
0x00007ffe99ea0000 - 0x00007ffe9a376000 	C:\Windows\SYSTEM32\WININET.dll
0x000001dd4ee20000 - 0x000001dd4ee84000 	C:\Users\Sun3k\.gradle\caches\minecraft\net\minecraft\natives\1.8.9\OpenAL64.dll
0x00007ffeaad30000 - 0x00007ffeaadb5000 	C:\Windows\System32\MMDevApi.dll
0x00007ffe7eb30000 - 0x00007ffe7ebcc000 	C:\Windows\SYSTEM32\dsound.dll
0x00007ffe9a760000 - 0x00007ffe9a786000 	C:\Windows\SYSTEM32\winmmbase.dll
0x00007ffeb3730000 - 0x00007ffeb377b000 	C:\Windows\SYSTEM32\powrprof.dll
0x00007ffeb3630000 - 0x00007ffeb3642000 	C:\Windows\SYSTEM32\UMPDC.dll
0x00007ffeaadc0000 - 0x00007ffeaaf42000 	C:\Windows\SYSTEM32\AUDIOSES.DLL
0x00007ffeb1b80000 - 0x00007ffeb1b94000 	C:\Windows\SYSTEM32\resourcepolicyclient.dll
0x00007ffe9faf0000 - 0x00007ffe9fcd4000 	C:\Windows\SYSTEM32\dbghelp.dll

VM Arguments:
jvm_args: -agentlib:jdwp=transport=dt_socket,address=127.0.0.1:56390,suspend=y,server=n -javaagent:C:\Users\Sun3k\AppData\Local\JetBrains\IdeaIC2022.1\captureAgent\debugger-agent.jar -Dfile.encoding=UTF-8 
java_command: GradleStart --mixin mixins.sunrise.json --tweakClass org.spongepowered.asm.launch.MixinTweaker -Ddevauth.account --javaagent:C:\Users\Sun3k\.gradle\caches\modules-2\files-2.1\org.spongepowered\mixin\0.7.11-SNAPSHOT\7a670207bdb97db418118ad1e9bb42424ff3776d\mixin-0.7.11-SNAPSHOT.jar
java_class_path (initial): C:\Users\Sun3k\.jdks\corretto-1.8.0_332\jre\lib\charsets.jar;C:\Users\Sun3k\.jdks\corretto-1.8.0_332\jre\lib\ext\access-bridge-64.jar;C:\Users\Sun3k\.jdks\corretto-1.8.0_332\jre\lib\ext\cldrdata.jar;C:\Users\Sun3k\.jdks\corretto-1.8.0_332\jre\lib\ext\dnsns.jar;C:\Users\Sun3k\.jdks\corretto-1.8.0_332\jre\lib\ext\jaccess.jar;C:\Users\Sun3k\.jdks\corretto-1.8.0_332\jre\lib\ext\jfxrt.jar;C:\Users\Sun3k\.jdks\corretto-1.8.0_332\jre\lib\ext\localedata.jar;C:\Users\Sun3k\.jdks\corretto-1.8.0_332\jre\lib\ext\nashorn.jar;C:\Users\Sun3k\.jdks\corretto-1.8.0_332\jre\lib\ext\sunec.jar;C:\Users\Sun3k\.jdks\corretto-1.8.0_332\jre\lib\ext\sunjce_provider.jar;C:\Users\Sun3k\.jdks\corretto-1.8.0_332\jre\lib\ext\sunmscapi.jar;C:\Users\Sun3k\.jdks\corretto-1.8.0_332\jre\lib\ext\sunpkcs11.jar;C:\Users\Sun3k\.jdks\corretto-1.8.0_332\jre\lib\ext\zipfs.jar;C:\Users\Sun3k\.jdks\corretto-1.8.0_332\jre\lib\jce.jar;C:\Users\Sun3k\.jdks\corretto-1.8.0_332\jre\lib\jfr.jar;C:\Users\Sun3k\.jdks\corretto-1.8.0_332\jre\lib\jfxswt.jar;C:\Users\Sun3k\.jdks\corretto-1.8.0_332\jre\lib\jsse.jar;C:\Users\Sun3k\.jdks\corretto-1.8.0_332\jre\lib\management-agent.jar;C:\Users\Sun3k\.jdks\corretto-1.8.0_332\jre\lib\resources.jar;C:\Users\Sun3k\.jdks\corretto-1.8.0_332\jre\lib\rt.jar;C:\Users\Sun3k\IdeaProjects\Sunrise8\build\classes\java\main;C:\Users\Sun3k\.gradle\caches\minecraft\deobfedDeps\compileDummy.jar;C:\Users\Sun3k\.gradle\caches\minecraft\deobfedDeps\providedDummy.jar;C:\Users\Sun3k\.gradle\caches\modules-2\files-2.1\org.spongepowered\mixin\0.7.11-SNAPSHOT\7a670207bdb97db418118ad1e9bb42424ff3776d\mixin-0.7.11-SNAPSHOT.jar;C:\Users\Sun3k\.gradle\caches\modules-2\files-2.1\gg.essential\elementa-1.8.9-forge\507\38e5ea484636664fc185041360ee5e86cfc147b5\elementa-1.8.9-forge-507.jar;C:\Users\Sun3k\.gradle\caches\modules-2\files-2.1\com.google.guava\guava\17.0\9c6ef172e8de35fd8d4d8783e4821e57cdef7445\guava-17.0.jar;C:\Users\Sun3k\.gradle\caches\modules-2\files-2.1\commons-io\c
Launcher Type: SUN_STANDARD

Environment Variables:
JAVA_HOME=C:\Program Files\OpenJDK\jdk-18
PATH=C:\Windows\system32;C:\Windows;C:\Windows\System32\Wbem;C:\Windows\System32\WindowsPowerShell\v1.0\;C:\Windows\System32\OpenSSH\;C:\ProgramData\chocolatey\bin;C:\Program Files\Microsoft VS Code\bin;C:\Program Files (x86)\Yarn\bin\;C:\Program Files\nodejs\;C:\Program Files\Git\cmd;C:\Program Files\OpenJDK\jdk-18\bin;C:\Program Files\dotnet\;C:\Users\Sun3k\AppData\Local\Programs\Python\Python310\Scripts\;C:\Users\Sun3k\AppData\Local\Programs\Python\Python310\;C:\Users\Sun3k\AppData\Local\Microsoft\WindowsApps;C:\Users\Sun3k\AppData\Local\Yarn\bin;C:\Users\Sun3k\AppData\Roaming\npm;C:\Program Files\Oracle\VirtualBox;C:\Program Files\heroku\bin;C:\Program Files\JetBrains\IntelliJ IDEA Community Edition 2022.1.1\bin;;C:\Users\Sun3k\.dotnet\tools
USERNAME=Sun3k
OS=Windows_NT
PROCESSOR_IDENTIFIER=AMD64 Family 23 Model 24 Stepping 1, AuthenticAMD



---------------  S Y S T E M  ---------------

OS: Windows 10.0 , 64 bit Build 19041 (10.0.19041.1741)

CPU:total 8 (initial active 8) (8 cores per cpu, 1 threads per core) family 23 model 24 stepping 1, cmov, cx8, fxsr, mmx, sse, sse2, sse3, ssse3, sse4.1, sse4.2, popcnt, avx, avx2, aes, clmul, mmxext, 3dnowpref, lzcnt, sse4a, tsc, tscinvbit, tscinv, bmi1

Memory: 4k page, physical 6206224k(414792k free), swap 19837712k(4672784k free)

vm_info: OpenJDK 64-Bit Server VM (25.332-b08) for windows-amd64 JRE (1.8.0_332-b08), built on Apr 16 2022 08:31:02 by "Administrator" with MS VC++ 12.0 (VS2013)

time: Mon Jun 20 16:28:53 2022
timezone: South Sudan Standard Time
elapsed time: 109.610476 seconds (0d 0h 1m 49s)

