#
# A fatal error has been detected by the Java Runtime Environment:
#
#  EXCEPTION_ACCESS_VIOLATION (0xc0000005) at pc=0x0000000000000000, pid=3636, tid=0x0000000000002348
#
# JRE version: OpenJDK Runtime Environment (8.0_332-b08) (build 1.8.0_332-b08)
# Java VM: OpenJDK 64-Bit Server VM (25.332-b08 mixed mode windows-amd64 compressed oops)
# Problematic frame:
# C  0x0000000000000000
#
# Failed to write core dump. Minidumps are not enabled by default on client versions of Windows
#
# If you would like to submit a bug report, please visit:
#   https://github.com/corretto/corretto-8/issues/
#

---------------  T H R E A D  ---------------

Current thread (0x000002320475e800):  VMThread [stack: 0x000000aa2d500000,0x000000aa2d600000] [id=9032]

siginfo: ExceptionCode=0xc0000005, ExceptionInformation=0x0000000000000008 0x0000000000000000

Registers:
RAX=0x0000000000000000, RBX=0x0000000000000000, RCX=0x0000000000000001, RDX=0x00007ffe8188f0b8
RSP=0x000000aa2d5ff318, RBP=0x000002320458db00, RSI=0x0000000000010000, RDI=0x0000000000000000
R8 =0x000000aa2c6ed000, R9 =0x000000000000003e, R10=0x0000000000000000, R11=0x00000232354f0cb0
R12=0x00007ffe7d6fe810, R13=0x0000000000000082, R14=0x00007ffe7d620000, R15=0x0000000000000001
RIP=0x0000000000000000, EFLAGS=0x0000000000010202

Top of Stack: (sp=0x000000aa2d5ff318)
0x000000aa2d5ff318:   00007ffe81852f2c 0000000000000000
0x000000aa2d5ff328:   000002320458db00 0000000000000082
0x000000aa2d5ff338:   0000000000010000 0000000000000000
0x000000aa2d5ff348:   00007ffe8185406e 0000000000000000
0x000000aa2d5ff358:   000002320458db00 0000000000010000
0x000000aa2d5ff368:   000002321cad0da8 0000000000000001
0x000000aa2d5ff378:   00007ffe7d626e2e 0000000000000000
0x000000aa2d5ff388:   0000000000000001 000000018004bb20
0x000000aa2d5ff398:   0000000000000000 0000000000000001
0x000000aa2d5ff3a8:   00007ffe7d627276 0000000000000000
0x000000aa2d5ff3b8:   000002320458db00 0000000000000001
0x000000aa2d5ff3c8:   0000000000000001 0000000000000000
0x000000aa2d5ff3d8:   00007ffe7d6fe94f 0000000000000001
0x000000aa2d5ff3e8:   0000000000000000 0000000000000000
0x000000aa2d5ff3f8:   0000023220d20b30 0000000100000001
0x000000aa2d5ff408:   000000018000ecac 000000018001c558 

Instructions: (pc=0x0000000000000000)
0xffffffffffffffe0:   


Register to memory mapping:

RAX=0x0000000000000000 is an unknown value
RBX=0x0000000000000000 is an unknown value
RCX=0x0000000000000001 is an unknown value
RDX=0x00007ffe8188f0b8 is an unknown value
RSP=0x000000aa2d5ff318 is an unknown value
RBP=0x000002320458db00 is an unknown value
RSI=0x0000000000010000 is an unknown value
RDI=0x0000000000000000 is an unknown value
R8 =0x000000aa2c6ed000 is an unknown value
R9 =0x000000000000003e is an unknown value
R10=0x0000000000000000 is an unknown value
R11=0x00000232354f0cb0 is an unknown value
R12=0x00007ffe7d6fe810 is an unknown value
R13=0x0000000000000082 is an unknown value
R14=0x00007ffe7d620000 is an unknown value
R15=0x0000000000000001 is an unknown value


Stack: [0x000000aa2d500000,0x000000aa2d600000],  sp=0x000000aa2d5ff318,  free space=1020k
Native frames: (J=compiled Java code, j=interpreted, Vv=VM code, C=native code)

VM_Operation (0x000000aa2caff120): Exit, mode: safepoint, requested by thread 0x0000023221112800


---------------  P R O C E S S  ---------------

Java Threads: ( => current thread )
  0x0000023221112800 JavaThread "SIGINT handler" daemon [_thread_blocked, id=960, stack(0x000000aa2ca00000,0x000000aa2cb00000)]
  0x000002323dcea800 JavaThread "File IO Thread" [_thread_blocked, id=5676, stack(0x000000aa30000000,0x000000aa30100000)]
  0x000002323dce9000 JavaThread "Chunk I/O Executor Thread-1" daemon [_thread_blocked, id=8052, stack(0x000000aa2cb00000,0x000000aa2cc00000)]
  0x000002323dced800 JavaThread "Netty Server IO #1" daemon [_thread_blocked, id=11776, stack(0x000000aa2ff00000,0x000000aa30000000)]
  0x000002323dced000 JavaThread "Netty Local Client IO #0" daemon [_thread_blocked, id=3664, stack(0x000000aa2fe00000,0x000000aa2ff00000)]
  0x000002323dcec000 JavaThread "Netty Server IO #0" daemon [_thread_blocked, id=5212, stack(0x000000aa2fd00000,0x000000aa2fe00000)]
  0x000002323dcef000 JavaThread "Server thread" [_thread_blocked, id=14588, stack(0x000000aa2fc00000,0x000000aa2fd00000)]
  0x000002323dce8000 JavaThread "Thread-12" [_thread_blocked, id=12408, stack(0x000000aa2f500000,0x000000aa2f600000)]
  0x000002321f37d000 JavaThread "Thread-11" [_thread_blocked, id=15896, stack(0x000000aa2f300000,0x000000aa2f400000)]
  0x000002321f380000 JavaThread "Chunk Batcher 1" daemon [_thread_blocked, id=12136, stack(0x000000aa2f700000,0x000000aa2f800000)]
  0x000002321f37e800 JavaThread "Chunk Batcher 0" daemon [_thread_blocked, id=10096, stack(0x000000aa2f100000,0x000000aa2f200000)]
  0x00000232249c6800 JavaThread "LWJGL Timer" daemon [_thread_blocked, id=5620, stack(0x000000aa2e900000,0x000000aa2ea00000)]
  0x000002321e8b7800 JavaThread "Java2D Disposer" daemon [_thread_blocked, id=10788, stack(0x000000aa2e600000,0x000000aa2e700000)]
  0x000002321f7cd800 JavaThread "Timer hack thread" daemon [_thread_blocked, id=14456, stack(0x000000aa2e500000,0x000000aa2e600000)]
  0x000002321c3b6000 JavaThread "Snooper Timer" daemon [_thread_blocked, id=14764, stack(0x000000aa2e300000,0x000000aa2e400000)]
  0x000002321b295000 JavaThread "Service Thread" daemon [_thread_blocked, id=15744, stack(0x000000aa2e100000,0x000000aa2e200000)]
  0x0000023219426000 JavaThread "C1 CompilerThread3" daemon [_thread_blocked, id=12112, stack(0x000000aa2e000000,0x000000aa2e100000)]
  0x0000023219425000 JavaThread "C2 CompilerThread2" daemon [_thread_blocked, id=7220, stack(0x000000aa2df00000,0x000000aa2e000000)]
  0x0000023219424000 JavaThread "C2 CompilerThread1" daemon [_thread_blocked, id=4452, stack(0x000000aa2de00000,0x000000aa2df00000)]
  0x000002321b233800 JavaThread "C2 CompilerThread0" daemon [_thread_blocked, id=15832, stack(0x000000aa2dd00000,0x000000aa2de00000)]
  0x0000023219409800 JavaThread "JDWP Event Helper Thread" daemon [_thread_blocked, id=13964, stack(0x000000aa2db00000,0x000000aa2dc00000)]
  0x00000232193dc000 JavaThread "Attach Listener" daemon [_thread_blocked, id=15956, stack(0x000000aa2d900000,0x000000aa2da00000)]
  0x00000232193db800 JavaThread "Signal Dispatcher" daemon [_thread_blocked, id=7440, stack(0x000000aa2d800000,0x000000aa2d900000)]
  0x00000232193b7800 JavaThread "Finalizer" daemon [_thread_blocked, id=11588, stack(0x000000aa2d700000,0x000000aa2d800000)]
  0x00000232193b0000 JavaThread "Reference Handler" daemon [_thread_blocked, id=9200, stack(0x000000aa2d600000,0x000000aa2d700000)]
  0x0000023204568000 JavaThread "Client thread" [_thread_blocked, id=14248, stack(0x000000aa2cc00000,0x000000aa2cd00000)]

Other Threads:
=>0x000002320475e800 VMThread [stack: 0x000000aa2d500000,0x000000aa2d600000] [id=9032]

VM state:at safepoint (shutting down)

VM Mutex/Monitor currently owned by a thread:  ([mutex/lock_event])
[0x0000023204566e90] Threads_lock - owner thread: 0x000002320475e800

heap address: 0x00000000a1400000, size: 1516 MB, Compressed Oops mode: 32-bit
Narrow klass base: 0x0000000000000000, Narrow klass shift: 3
Compressed class space size: 1073741824 Address: 0x0000000100000000

Heap:
 PSYoungGen      total 314880K, used 91975K [0x00000000e0700000, 0x00000000f4600000, 0x0000000100000000)
  eden space 304128K, 28% used [0x00000000e0700000,0x00000000e5d0f6c8,0x00000000f3000000)
  from space 10752K, 35% used [0x00000000f3b80000,0x00000000f3f42658,0x00000000f4600000)
  to   space 11264K, 0% used [0x00000000f3000000,0x00000000f3000000,0x00000000f3b00000)
 ParOldGen       total 1035264K, used 936782K [0x00000000a1400000, 0x00000000e0700000, 0x00000000e0700000)
  object space 1035264K, 90% used [0x00000000a1400000,0x00000000da6d3a20,0x00000000e0700000)
 Metaspace       used 55016K, capacity 55407K, committed 56064K, reserved 1099776K
  class space    used 6451K, capacity 6564K, committed 6656K, reserved 1048576K

Card table byte_map: [0x00000232152e0000,0x00000232155e0000] byte_map_base: 0x0000023214dd6000

Marking Bits: (ParMarkBitMap*) 0x0000000064027850
 Begin Bits: [0x00000232157e0000, 0x0000023216f90000)
 End Bits:   [0x0000023216f90000, 0x0000023218740000)

Polling page: 0x0000023204610000

CodeCache: size=245760Kb used=44561Kb max_used=45396Kb free=201198Kb
 bounds [0x0000023205f20000, 0x0000023208cb0000, 0x0000023214f20000]
 total_blobs=11176 nmethods=10239 adapters=853
 compilation: enabled

Compilation events (10 events):
Event: 5558.296 Thread 0x000002321b233800 15971   !   4       java.util.concurrent.ConcurrentHashMap$TreeBin::putTreeVal (371 bytes)
Event: 5558.298 Thread 0x0000023219424000 nmethod 15969 0x000002320799f9d0 code [0x000002320799fba0, 0x00000232079a0420]
Event: 5558.302 Thread 0x0000023219425000 nmethod 15966 0x000002320767e790 code [0x000002320767e980, 0x000002320767fb50]
Event: 5558.311 Thread 0x0000023219426000 15972       3       java.util.Locale::getCountry (8 bytes)
Event: 5558.312 Thread 0x0000023219426000 nmethod 15972 0x0000023206472290 code [0x00000232064723e0, 0x00000232064725d8]
Event: 5558.317 Thread 0x0000023219426000 15973       3       org.apache.logging.log4j.core.pattern.FormattingInfo::getDefault (4 bytes)
Event: 5558.317 Thread 0x0000023219426000 nmethod 15973 0x00000232085ccd10 code [0x00000232085cce60, 0x00000232085ccf98]
Event: 5558.334 Thread 0x0000023219426000 15974       3       java.util.concurrent.CopyOnWriteArrayList::size (6 bytes)
Event: 5558.334 Thread 0x0000023219426000 nmethod 15974 0x000002320702a4d0 code [0x000002320702a620, 0x000002320702a818]
Event: 5558.344 Thread 0x000002321b233800 nmethod 15971 0x0000023207fd2f50 code [0x0000023207fd3160, 0x0000023207fd4780]

GC Heap History (10 events):
Event: 4633.342 GC heap before
{Heap before GC invocations=338 (full 13):
 PSYoungGen      total 316928K, used 305677K [0x00000000e0700000, 0x00000000f4b80000, 0x0000000100000000)
  eden space 301568K, 100% used [0x00000000e0700000,0x00000000f2d80000,0x00000000f2d80000)
  from space 15360K, 26% used [0x00000000f2d80000,0x00000000f3183508,0x00000000f3c80000)
  to   space 14848K, 0% used [0x00000000f3d00000,0x00000000f3d00000,0x00000000f4b80000)
 ParOldGen       total 1035264K, used 936119K [0x00000000a1400000, 0x00000000e0700000, 0x00000000e0700000)
  object space 1035264K, 90% used [0x00000000a1400000,0x00000000da62dcd0,0x00000000e0700000)
 Metaspace       used 54955K, capacity 55343K, committed 56064K, reserved 1099776K
  class space    used 6444K, capacity 6564K, committed 6656K, reserved 1048576K
Event: 4633.352 GC heap after
Heap after GC invocations=338 (full 13):
 PSYoungGen      total 315392K, used 4325K [0x00000000e0700000, 0x00000000f4980000, 0x0000000100000000)
  eden space 302592K, 0% used [0x00000000e0700000,0x00000000e0700000,0x00000000f2e80000)
  from space 12800K, 33% used [0x00000000f3d00000,0x00000000f41394b8,0x00000000f4980000)
  to   space 13824K, 0% used [0x00000000f2e80000,0x00000000f2e80000,0x00000000f3c00000)
 ParOldGen       total 1035264K, used 936247K [0x00000000a1400000, 0x00000000e0700000, 0x00000000e0700000)
  object space 1035264K, 90% used [0x00000000a1400000,0x00000000da64dcd0,0x00000000e0700000)
 Metaspace       used 54955K, capacity 55343K, committed 56064K, reserved 1099776K
  class space    used 6444K, capacity 6564K, committed 6656K, reserved 1048576K
}
Event: 4716.386 GC heap before
{Heap before GC invocations=339 (full 13):
 PSYoungGen      total 315392K, used 306917K [0x00000000e0700000, 0x00000000f4980000, 0x0000000100000000)
  eden space 302592K, 100% used [0x00000000e0700000,0x00000000f2e80000,0x00000000f2e80000)
  from space 12800K, 33% used [0x00000000f3d00000,0x00000000f41394b8,0x00000000f4980000)
  to   space 13824K, 0% used [0x00000000f2e80000,0x00000000f2e80000,0x00000000f3c00000)
 ParOldGen       total 1035264K, used 936247K [0x00000000a1400000, 0x00000000e0700000, 0x00000000e0700000)
  object space 1035264K, 90% used [0x00000000a1400000,0x00000000da64dcd0,0x00000000e0700000)
 Metaspace       used 54955K, capacity 55343K, committed 56064K, reserved 1099776K
  class space    used 6444K, capacity 6564K, committed 6656K, reserved 1048576K
Event: 4716.396 GC heap after
Heap after GC invocations=339 (full 13):
 PSYoungGen      total 316416K, used 4141K [0x00000000e0700000, 0x00000000f4980000, 0x0000000100000000)
  eden space 302592K, 0% used [0x00000000e0700000,0x00000000e0700000,0x00000000f2e80000)
  from space 13824K, 29% used [0x00000000f2e80000,0x00000000f328b728,0x00000000f3c00000)
  to   space 13312K, 0% used [0x00000000f3c80000,0x00000000f3c80000,0x00000000f4980000)
 ParOldGen       total 1035264K, used 936383K [0x00000000a1400000, 0x00000000e0700000, 0x00000000e0700000)
  object space 1035264K, 90% used [0x00000000a1400000,0x00000000da66fcd0,0x00000000e0700000)
 Metaspace       used 54955K, capacity 55343K, committed 56064K, reserved 1099776K
  class space    used 6444K, capacity 6564K, committed 6656K, reserved 1048576K
}
Event: 4984.044 GC heap before
{Heap before GC invocations=340 (full 13):
 PSYoungGen      total 316416K, used 306733K [0x00000000e0700000, 0x00000000f4980000, 0x0000000100000000)
  eden space 302592K, 100% used [0x00000000e0700000,0x00000000f2e80000,0x00000000f2e80000)
  from space 13824K, 29% used [0x00000000f2e80000,0x00000000f328b728,0x00000000f3c00000)
  to   space 13312K, 0% used [0x00000000f3c80000,0x00000000f3c80000,0x00000000f4980000)
 ParOldGen       total 1035264K, used 936383K [0x00000000a1400000, 0x00000000e0700000, 0x00000000e0700000)
  object space 1035264K, 90% used [0x00000000a1400000,0x00000000da66fcd0,0x00000000e0700000)
 Metaspace       used 54955K, capacity 55343K, committed 56064K, reserved 1099776K
  class space    used 6444K, capacity 6564K, committed 6656K, reserved 1048576K
Event: 4984.070 GC heap after
Heap after GC invocations=340 (full 13):
 PSYoungGen      total 314880K, used 4041K [0x00000000e0700000, 0x00000000f4780000, 0x0000000100000000)
  eden space 303616K, 0% used [0x00000000e0700000,0x00000000e0700000,0x00000000f2f80000)
  from space 11264K, 35% used [0x00000000f3c80000,0x00000000f4072658,0x00000000f4780000)
  to   space 12288K, 0% used [0x00000000f2f80000,0x00000000f2f80000,0x00000000f3b80000)
 ParOldGen       total 1035264K, used 936503K [0x00000000a1400000, 0x00000000e0700000, 0x00000000e0700000)
  object space 1035264K, 90% used [0x00000000a1400000,0x00000000da68dcd0,0x00000000e0700000)
 Metaspace       used 54955K, capacity 55343K, committed 56064K, reserved 1099776K
  class space    used 6444K, capacity 6564K, committed 6656K, reserved 1048576K
}
Event: 5248.905 GC heap before
{Heap before GC invocations=341 (full 13):
 PSYoungGen      total 314880K, used 307657K [0x00000000e0700000, 0x00000000f4780000, 0x0000000100000000)
  eden space 303616K, 100% used [0x00000000e0700000,0x00000000f2f80000,0x00000000f2f80000)
  from space 11264K, 35% used [0x00000000f3c80000,0x00000000f4072658,0x00000000f4780000)
  to   space 12288K, 0% used [0x00000000f2f80000,0x00000000f2f80000,0x00000000f3b80000)
 ParOldGen       total 1035264K, used 936503K [0x00000000a1400000, 0x00000000e0700000, 0x00000000e0700000)
  object space 1035264K, 90% used [0x00000000a1400000,0x00000000da68dcd0,0x00000000e0700000)
 Metaspace       used 54955K, capacity 55343K, committed 56064K, reserved 1099776K
  class space    used 6444K, capacity 6564K, committed 6656K, reserved 1048576K
Event: 5248.923 GC heap after
Heap after GC invocations=341 (full 13):
 PSYoungGen      total 315904K, used 4047K [0x00000000e0700000, 0x00000000f4700000, 0x0000000100000000)
  eden space 303616K, 0% used [0x00000000e0700000,0x00000000e0700000,0x00000000f2f80000)
  from space 12288K, 32% used [0x00000000f2f80000,0x00000000f3373dd8,0x00000000f3b80000)
  to   space 11776K, 0% used [0x00000000f3b80000,0x00000000f3b80000,0x00000000f4700000)
 ParOldGen       total 1035264K, used 936641K [0x00000000a1400000, 0x00000000e0700000, 0x00000000e0700000)
  object space 1035264K, 90% used [0x00000000a1400000,0x00000000da6b07c0,0x00000000e0700000)
 Metaspace       used 54955K, capacity 55343K, committed 56064K, reserved 1099776K
  class space    used 6444K, capacity 6564K, committed 6656K, reserved 1048576K
}
Event: 5505.395 GC heap before
{Heap before GC invocations=342 (full 13):
 PSYoungGen      total 315904K, used 307663K [0x00000000e0700000, 0x00000000f4700000, 0x0000000100000000)
  eden space 303616K, 100% used [0x00000000e0700000,0x00000000f2f80000,0x00000000f2f80000)
  from space 12288K, 32% used [0x00000000f2f80000,0x00000000f3373dd8,0x00000000f3b80000)
  to   space 11776K, 0% used [0x00000000f3b80000,0x00000000f3b80000,0x00000000f4700000)
 ParOldGen       total 1035264K, used 936641K [0x00000000a1400000, 0x00000000e0700000, 0x00000000e0700000)
  object space 1035264K, 90% used [0x00000000a1400000,0x00000000da6b07c0,0x00000000e0700000)
 Metaspace       used 54957K, capacity 55343K, committed 56064K, reserved 1099776K
  class space    used 6444K, capacity 6564K, committed 6656K, reserved 1048576K
Event: 5505.403 GC heap after
Heap after GC invocations=342 (full 13):
 PSYoungGen      total 314880K, used 3849K [0x00000000e0700000, 0x00000000f4600000, 0x0000000100000000)
  eden space 304128K, 0% used [0x00000000e0700000,0x00000000e0700000,0x00000000f3000000)
  from space 10752K, 35% used [0x00000000f3b80000,0x00000000f3f42658,0x00000000f4600000)
  to   space 11264K, 0% used [0x00000000f3000000,0x00000000f3000000,0x00000000f3b00000)
 ParOldGen       total 1035264K, used 936782K [0x00000000a1400000, 0x00000000e0700000, 0x00000000e0700000)
  object space 1035264K, 90% used [0x00000000a1400000,0x00000000da6d3a20,0x00000000e0700000)
 Metaspace       used 54957K, capacity 55343K, committed 56064K, reserved 1099776K
  class space    used 6444K, capacity 6564K, committed 6656K, reserved 1048576K
}

Deoptimization events (10 events):
Event: 5558.250 Thread 0x000002322110c800 Uncommon trap: reason=unstable_if action=reinterpret pc=0x0000023207a249d8 method=java.util.Collections$SetFromMap.add(Ljava/lang/Object;)Z @ 13
Event: 5558.250 Thread 0x000002322110c800 Uncommon trap: reason=unstable_if action=reinterpret pc=0x0000023207e91fec method=java.util.Collections$SetFromMap.add(Ljava/lang/Object;)Z @ 13
Event: 5558.250 Thread 0x000002322110c800 Uncommon trap: reason=unstable_if action=reinterpret pc=0x00000232076dc00c method=java.util.Collections$SetFromMap.add(Ljava/lang/Object;)Z @ 13
Event: 5558.268 Thread 0x000002322110c800 Uncommon trap: reason=unstable_if action=reinterpret pc=0x0000023208415544 method=java.util.Collections$SetFromMap.add(Ljava/lang/Object;)Z @ 13
Event: 5558.312 Thread 0x000002323dcef000 Uncommon trap: reason=class_check action=maybe_recompile pc=0x0000023206041984 method=java.lang.String.equals(Ljava/lang/Object;)Z @ 8
Event: 5558.320 Thread 0x000002322110c800 Uncommon trap: reason=class_check action=maybe_recompile pc=0x000002320834bed8 method=java.util.AbstractCollection.remove(Ljava/lang/Object;)Z @ 1
Event: 5558.320 Thread 0x000002322110c800 Uncommon trap: reason=class_check action=maybe_recompile pc=0x000002320834bed8 method=java.util.AbstractCollection.remove(Ljava/lang/Object;)Z @ 1
Event: 5558.321 Thread 0x000002322110c800 Uncommon trap: reason=class_check action=maybe_recompile pc=0x000002320834bed8 method=java.util.AbstractCollection.remove(Ljava/lang/Object;)Z @ 1
Event: 5558.321 Thread 0x000002322110c800 Uncommon trap: reason=class_check action=maybe_recompile pc=0x000002320834bed8 method=java.util.AbstractCollection.remove(Ljava/lang/Object;)Z @ 1
Event: 5558.329 Thread 0x000002323dcef000 Uncommon trap: reason=unstable_if action=reinterpret pc=0x0000023206dad8d8 method=java.lang.ClassLoader.getResource(Ljava/lang/String;)Ljava/net/URL; @ 4

Classes redefined (0 events):
No events

Internal exceptions (10 events):
Event: 5558.160 Thread 0x000002321f37d000 Exception <a 'java/lang/InterruptedException': sleep interrupted> (0x00000000e57cb888) thrown at [C:\wsjdk\Corretto8Src\installers\windows\zip\corretto-build\buildRoot\src\hotspot\src\share\vm\prims\jvm.cpp, line 3384]
Event: 5558.210 Thread 0x000002321f37d000 Exception <a 'java/lang/InterruptedException': sleep interrupted> (0x00000000e57cbb30) thrown at [C:\wsjdk\Corretto8Src\installers\windows\zip\corretto-build\buildRoot\src\hotspot\src\share\vm\prims\jvm.cpp, line 3384]
Event: 5558.300 Thread 0x000002321f37d000 Exception <a 'java/lang/InterruptedException': sleep interrupted> (0x00000000e57cbdd8) thrown at [C:\wsjdk\Corretto8Src\installers\windows\zip\corretto-build\buildRoot\src\hotspot\src\share\vm\prims\jvm.cpp, line 3384]
Event: 5558.300 Thread 0x000002321f37d000 Exception <a 'java/lang/InterruptedException': sleep interrupted> (0x00000000e57cc058) thrown at [C:\wsjdk\Corretto8Src\installers\windows\zip\corretto-build\buildRoot\src\hotspot\src\share\vm\prims\jvm.cpp, line 3384]
Event: 5558.320 Thread 0x000002323dcef000 Exception <a 'java/lang/reflect/InvocationTargetException'> (0x00000000e59f09c8) thrown at [C:\wsjdk\Corretto8Src\installers\windows\zip\corretto-build\buildRoot\src\hotspot\src\share\vm\runtime\reflection.cpp, line 1092]
Event: 5558.329 Thread 0x000002323dcef000 Exception <a 'java/lang/NullPointerException'> (0x00000000e5afed28) thrown at [C:\wsjdk\Corretto8Src\installers\windows\zip\corretto-build\buildRoot\src\hotspot\src\share\vm\runtime\sharedRuntime.cpp, line 1094]
Event: 5558.334 Thread 0x000002323dcef000 Exception <a 'java/lang/NullPointerException'> (0x00000000e5b2fef8) thrown at [C:\wsjdk\Corretto8Src\installers\windows\zip\corretto-build\buildRoot\src\hotspot\src\share\vm\runtime\sharedRuntime.cpp, line 1094]
Event: 5558.342 Thread 0x000002323dcef000 Exception <a 'java/lang/NullPointerException'> (0x00000000e5b5f848) thrown at [C:\wsjdk\Corretto8Src\installers\windows\zip\corretto-build\buildRoot\src\hotspot\src\share\vm\runtime\sharedRuntime.cpp, line 1094]
Event: 5558.348 Thread 0x000002323dcef000 Exception <a 'java/lang/NullPointerException'> (0x00000000e5b89890) thrown at [C:\wsjdk\Corretto8Src\installers\windows\zip\corretto-build\buildRoot\src\hotspot\src\share\vm\runtime\sharedRuntime.cpp, line 1094]
Event: 5558.357 Thread 0x000002323dcef000 Exception <a 'java/lang/NullPointerException'> (0x00000000e5ba3818) thrown at [C:\wsjdk\Corretto8Src\installers\windows\zip\corretto-build\buildRoot\src\hotspot\src\share\vm\runtime\sharedRuntime.cpp, line 1094]

Events (10 events):
Event: 5558.350 Executing VM operation: RevokeBias done
Event: 5558.350 Executing VM operation: RevokeBias
Event: 5558.350 Executing VM operation: RevokeBias done
Event: 5558.352 Executing VM operation: RevokeBias
Event: 5558.353 Executing VM operation: RevokeBias done
Event: 5558.353 Thread 0x000002322110c800 Thread exited: 0x000002322110c800
Event: 5558.353 Thread 0x000002323dcf0000 Thread exited: 0x000002323dcf0000
Event: 5558.357 Thread 0x000002323dcef000 DEOPT PACKING pc=0x00000232066d33d8 sp=0x000000aa2fcfccb0
Event: 5558.357 Thread 0x000002323dcef000 DEOPT UNPACKING pc=0x0000023205f671d8 sp=0x000000aa2fcfc970 mode 1
Event: 5558.359 Executing VM operation: Exit


Dynamic libraries:
0x00007ff6fdee0000 - 0x00007ff6fdf1a000 	C:\Users\Sun3k\.jdks\corretto-1.8.0_332\bin\java.exe
0x00007ffeb6950000 - 0x00007ffeb6b47000 	C:\Windows\SYSTEM32\ntdll.dll
0x00007ffeb49b0000 - 0x00007ffeb4a6d000 	C:\Windows\System32\KERNEL32.DLL
0x00007ffeb4480000 - 0x00007ffeb474d000 	C:\Windows\System32\KERNELBASE.dll
0x00007ffeb5160000 - 0x00007ffeb520e000 	C:\Windows\System32\ADVAPI32.dll
0x00007ffeb62b0000 - 0x00007ffeb634e000 	C:\Windows\System32\msvcrt.dll
0x00007ffeb5f70000 - 0x00007ffeb600c000 	C:\Windows\System32\sechost.dll
0x00007ffeb5210000 - 0x00007ffeb5335000 	C:\Windows\System32\RPCRT4.dll
0x00007ffeb53a0000 - 0x00007ffeb5540000 	C:\Windows\System32\USER32.dll
0x00007ffeb4950000 - 0x00007ffeb4972000 	C:\Windows\System32\win32u.dll
0x00007ffeb61d0000 - 0x00007ffeb61fa000 	C:\Windows\System32\GDI32.dll
0x00007ffeb4220000 - 0x00007ffeb432b000 	C:\Windows\System32\gdi32full.dll
0x00007ffeb43e0000 - 0x00007ffeb447d000 	C:\Windows\System32\msvcp_win.dll
0x00007ffeb47e0000 - 0x00007ffeb48e0000 	C:\Windows\System32\ucrtbase.dll
0x00007ffe9dfe0000 - 0x00007ffe9e27a000 	C:\Windows\WinSxS\amd64_microsoft.windows.common-controls_6595b64144ccf1df_6.0.19041.1110_none_60b5254171f9507e\COMCTL32.dll
0x00007ffeb55a0000 - 0x00007ffeb55d0000 	C:\Windows\System32\IMM32.DLL
0x00007ffeabda0000 - 0x00007ffeabe8f000 	C:\Users\Sun3k\.jdks\corretto-1.8.0_332\jre\bin\msvcr120.dll
0x00007ffe77520000 - 0x00007ffe775c6000 	C:\Users\Sun3k\.jdks\corretto-1.8.0_332\jre\bin\msvcp120.dll
0x0000000063830000 - 0x00000000640a6000 	C:\Users\Sun3k\.jdks\corretto-1.8.0_332\jre\bin\server\jvm.dll
0x00007ffeb61c0000 - 0x00007ffeb61c8000 	C:\Windows\System32\PSAPI.DLL
0x00007ffe9d810000 - 0x00007ffe9d819000 	C:\Windows\SYSTEM32\WSOCK32.dll
0x00007ffeb5060000 - 0x00007ffeb50cb000 	C:\Windows\System32\WS2_32.dll
0x00007ffeab0b0000 - 0x00007ffeab0d7000 	C:\Windows\SYSTEM32\WINMM.dll
0x00007ffead3a0000 - 0x00007ffead3aa000 	C:\Windows\SYSTEM32\VERSION.dll
0x00007ffeaea20000 - 0x00007ffeaea2f000 	C:\Users\Sun3k\.jdks\corretto-1.8.0_332\jre\bin\verify.dll
0x00007ffeae6b0000 - 0x00007ffeae6d9000 	C:\Users\Sun3k\.jdks\corretto-1.8.0_332\jre\bin\java.dll
0x00007ffe96180000 - 0x00007ffe961b5000 	C:\Users\Sun3k\.jdks\corretto-1.8.0_332\jre\bin\jdwp.dll
0x00007ffeafc80000 - 0x00007ffeafc88000 	C:\Users\Sun3k\.jdks\corretto-1.8.0_332\jre\bin\npt.dll
0x00007ffe96220000 - 0x00007ffe9624a000 	C:\Users\Sun3k\.jdks\corretto-1.8.0_332\jre\bin\instrument.dll
0x00007ffeaea00000 - 0x00007ffeaea16000 	C:\Users\Sun3k\.jdks\corretto-1.8.0_332\jre\bin\zip.dll
0x00007ffeb57b0000 - 0x00007ffeb5ef4000 	C:\Windows\System32\SHELL32.dll
0x00007ffeb2170000 - 0x00007ffeb2904000 	C:\Windows\SYSTEM32\windows.storage.dll
0x00007ffeb4a70000 - 0x00007ffeb4dc4000 	C:\Windows\System32\combase.dll
0x00007ffeb3ad0000 - 0x00007ffeb3afc000 	C:\Windows\SYSTEM32\Wldp.dll
0x00007ffeb6200000 - 0x00007ffeb62ad000 	C:\Windows\System32\SHCORE.dll
0x00007ffeb5540000 - 0x00007ffeb5595000 	C:\Windows\System32\shlwapi.dll
0x00007ffeb3fb0000 - 0x00007ffeb3fcf000 	C:\Windows\SYSTEM32\profapi.dll
0x00007ffeaeef0000 - 0x00007ffeaeef9000 	C:\Users\Sun3k\.jdks\corretto-1.8.0_332\jre\bin\dt_socket.dll
0x00007ffeb3830000 - 0x00007ffeb389a000 	C:\Windows\system32\mswsock.dll
0x00007ffeafd00000 - 0x00007ffeafd0d000 	C:\Users\Sun3k\.jdks\corretto-1.8.0_332\jre\bin\management.dll
0x00007ffeae690000 - 0x00007ffeae6aa000 	C:\Users\Sun3k\.jdks\corretto-1.8.0_332\jre\bin\net.dll
0x00007ffeae670000 - 0x00007ffeae682000 	C:\Users\Sun3k\.jdks\corretto-1.8.0_332\jre\bin\nio.dll
0x00007ffeb3a20000 - 0x00007ffeb3a38000 	C:\Windows\SYSTEM32\CRYPTSP.dll
0x00007ffeb3140000 - 0x00007ffeb3174000 	C:\Windows\system32\rsaenh.dll
0x00007ffeb4980000 - 0x00007ffeb49a7000 	C:\Windows\System32\bcrypt.dll
0x00007ffeb3f30000 - 0x00007ffeb3f5e000 	C:\Windows\SYSTEM32\USERENV.dll
0x00007ffeb4750000 - 0x00007ffeb47d2000 	C:\Windows\System32\bcryptprimitives.dll
0x00007ffeb3a40000 - 0x00007ffeb3a4c000 	C:\Windows\SYSTEM32\CRYPTBASE.dll
0x00007ffeb34b0000 - 0x00007ffeb34eb000 	C:\Windows\SYSTEM32\IPHLPAPI.DLL
0x00007ffeb5f60000 - 0x00007ffeb5f68000 	C:\Windows\System32\NSI.dll
0x00007ffea8bc0000 - 0x00007ffea8bd7000 	C:\Windows\SYSTEM32\dhcpcsvc6.DLL
0x00007ffeab020000 - 0x00007ffeab03d000 	C:\Windows\SYSTEM32\dhcpcsvc.DLL
0x00007ffeb34f0000 - 0x00007ffeb35bb000 	C:\Windows\SYSTEM32\DNSAPI.dll
0x00007ffe9d9f0000 - 0x00007ffe9d9fa000 	C:\Users\Sun3k\AppData\Local\Temp\jansi-64-4510398189906440642.dll
0x00007ffe77a30000 - 0x00007ffe77a47000 	C:\Windows\system32\napinsp.dll
0x00007ffe629d0000 - 0x00007ffe629eb000 	C:\Windows\system32\pnrpnsp.dll
0x00007ffeaee60000 - 0x00007ffeaee75000 	C:\Windows\system32\wshbth.dll
0x00007ffeafbb0000 - 0x00007ffeafbcd000 	C:\Windows\system32\NLAapi.dll
0x00007ffe629b0000 - 0x00007ffe629c2000 	C:\Windows\System32\winrnr.dll
0x00007ffea8160000 - 0x00007ffea816a000 	C:\Windows\System32\rasadhlp.dll
0x00007ffea7d30000 - 0x00007ffea7db0000 	C:\Windows\System32\fwpuclnt.dll
0x00007ffeafcb0000 - 0x00007ffeafcd3000 	C:\Users\Sun3k\.jdks\corretto-1.8.0_332\jre\bin\sunec.dll
0x00007ffeafcf0000 - 0x00007ffeafcfc000 	C:\Users\Sun3k\.jdks\corretto-1.8.0_332\jre\bin\sunmscapi.dll
0x00007ffeb4070000 - 0x00007ffeb41c6000 	C:\Windows\System32\CRYPT32.dll
0x00007ffeb3b40000 - 0x00007ffeb3b67000 	C:\Windows\SYSTEM32\ncrypt.dll
0x00007ffeb3b00000 - 0x00007ffeb3b3b000 	C:\Windows\SYSTEM32\NTASN1.dll
0x0000000180000000 - 0x0000000180053000 	C:\Users\Sun3k\.gradle\caches\minecraft\net\minecraft\natives\1.8.9\lwjgl64.dll
0x00007ffe7d620000 - 0x00007ffe7d746000 	C:\Windows\SYSTEM32\OPENGL32.dll
0x00007ffe7d5f0000 - 0x00007ffe7d61c000 	C:\Windows\SYSTEM32\GLU32.dll
0x00007ffe54250000 - 0x00007ffe543e5000 	C:\Users\Sun3k\.jdks\corretto-1.8.0_332\jre\bin\awt.dll
0x00007ffeb60f0000 - 0x00007ffeb61bd000 	C:\Windows\System32\OLEAUT32.dll
0x00007ffeb18b0000 - 0x00007ffeb1940000 	C:\Windows\SYSTEM32\apphelp.dll
0x00007ffeaeb70000 - 0x00007ffeaec1e000 	C:\Windows\SYSTEM32\mscms.dll
0x00007ffeaeb50000 - 0x00007ffeaeb61000 	C:\Windows\SYSTEM32\ColorAdapterClient.dll
0x00007ffeb1f70000 - 0x00007ffeb1f82000 	C:\Windows\SYSTEM32\kernel.appcore.dll
0x00007ffeb55d0000 - 0x00007ffeb5679000 	C:\Windows\System32\clbcatq.dll
0x00007ffeac730000 - 0x00007ffeac773000 	C:\Windows\System32\Windows.Internal.Graphics.Display.DisplayColorManagement.dll
0x00007ffeb41d0000 - 0x00007ffeb421e000 	C:\Windows\System32\cfgmgr32.dll
0x00007ffeb1a70000 - 0x00007ffeb1b0e000 	C:\Windows\system32\uxtheme.dll
0x00007ffeb5690000 - 0x00007ffeb57a5000 	C:\Windows\System32\MSCTF.dll
0x00007ffea19f0000 - 0x00007ffea1ae9000 	C:\Windows\SYSTEM32\textinputframework.dll
0x00007ffeb15a0000 - 0x00007ffeb1692000 	C:\Windows\System32\CoreMessaging.dll
0x00007ffeb0ec0000 - 0x00007ffeb121e000 	C:\Windows\System32\CoreUIComponents.dll
0x00007ffeb2d70000 - 0x00007ffeb2da3000 	C:\Windows\SYSTEM32\ntmarta.dll
0x00007ffeafee0000 - 0x00007ffeb0034000 	C:\Windows\SYSTEM32\wintypes.dll
0x00007ffead280000 - 0x00007ffead377000 	C:\Windows\System32\AppXDeploymentClient.dll
0x00007ffe84e00000 - 0x00007ffe84e2c000 	C:\Windows\System32\DriverStore\FileRepository\u0375335.inf_amd64_7de275617d9da25a\B374868\atig6pxx.dll
0x00007ffe47b80000 - 0x00007ffe4a9c3000 	C:\Windows\System32\DriverStore\FileRepository\u0375335.inf_amd64_7de275617d9da25a\B374868\atio6axx.dll
0x00007ffeb6350000 - 0x00007ffeb67bf000 	C:\Windows\System32\SETUPAPI.dll
0x00007ffe9f7f0000 - 0x00007ffe9f814000 	C:\Windows\SYSTEM32\dxva2.dll
0x00007ffeb67e0000 - 0x00007ffeb690a000 	C:\Windows\System32\ole32.dll
0x00007ffeb1c80000 - 0x00007ffeb1caf000 	C:\Windows\SYSTEM32\dwmapi.dll
0x00007ffe84af0000 - 0x00007ffe84b2f000 	C:\Windows\System32\DriverStore\FileRepository\u0375335.inf_amd64_7de275617d9da25a\B374868\atig6txx.dll
0x00007ffe6eee0000 - 0x00007ffe6f0b4000 	C:\Windows\SYSTEM32\atiadlxx.dll
0x00007ffe92cf0000 - 0x00007ffe92d39000 	C:\Windows\SYSTEM32\pdh.dll
0x00007ffeafab0000 - 0x00007ffeafba6000 	C:\Windows\SYSTEM32\PROPSYS.dll
0x00007ffeb3e20000 - 0x00007ffeb3e4c000 	C:\Windows\SYSTEM32\DEVOBJ.dll
0x00007ffeb48e0000 - 0x00007ffeb4947000 	C:\Windows\System32\WINTRUST.dll
0x00007ffeb3c60000 - 0x00007ffeb3c72000 	C:\Windows\SYSTEM32\MSASN1.dll
0x00007ffeabd00000 - 0x00007ffeabd3b000 	C:\Windows\SYSTEM32\dxcore.dll
0x00007ffe671f0000 - 0x00007ffe67233000 	C:\Windows\SYSTEM32\icm32.dll
0x0000023220d60000 - 0x0000023220d98000 	C:\Users\Sun3k\AppData\Local\Temp\jna\jna3732628097779103267.dll
0x00007ffe81850000 - 0x00007ffe8189b000 	C:\ProgramData\obs-studio-hook\graphics-hook64.dll
0x00007ffeb0040000 - 0x00007ffeb02a3000 	C:\Windows\system32\d3d11.dll
0x00007ffeb2970000 - 0x00007ffeb2a63000 	C:\Windows\SYSTEM32\dxgi.dll
0x00007ffeab0e0000 - 0x00007ffeab298000 	C:\Windows\System32\DriverStore\FileRepository\u0375335.inf_amd64_7de275617d9da25a\B374868\aticfx64.dll
0x00007ffeaaf50000 - 0x00007ffeaaf89000 	C:\Windows\System32\DriverStore\FileRepository\u0375335.inf_amd64_7de275617d9da25a\B374868\atiuxp64.dll
0x00007ffea8df0000 - 0x00007ffeaad27000 	C:\Windows\System32\DriverStore\FileRepository\u0375335.inf_amd64_7de275617d9da25a\B374868\atidxx64.dll
0x00007ffea8ab0000 - 0x00007ffea8ae0000 	C:\Windows\SYSTEM32\amdihk64.dll
0x00007ffea8200000 - 0x00007ffea822b000 	C:\Windows\SYSTEM32\D3DSCache.dll
0x00007ffeada20000 - 0x00007ffeadc20000 	C:\Windows\SYSTEM32\twinapi.appcore.dll
0x0000000070a40000 - 0x0000000070adc000 	C:\Users\Sun3k\.gradle\caches\minecraft\net\minecraft\natives\1.8.9\avutil-ttv-51.dll
0x0000000065980000 - 0x00000000659d6000 	C:\Users\Sun3k\.gradle\caches\minecraft\net\minecraft\natives\1.8.9\swresample-ttv-0.dll
0x000000006eb80000 - 0x000000006ec50000 	C:\Users\Sun3k\.gradle\caches\minecraft\net\minecraft\natives\1.8.9\libmp3lame-ttv.dll
0x00007ffe51560000 - 0x00007ffe52904000 	C:\Users\Sun3k\.gradle\caches\minecraft\net\minecraft\natives\1.8.9\libmfxsw64.dll
0x00007ffe60740000 - 0x00007ffe608ad000 	C:\Users\Sun3k\.gradle\caches\minecraft\net\minecraft\natives\1.8.9\twitchsdk.dll
0x00007ffe99ea0000 - 0x00007ffe9a376000 	C:\Windows\SYSTEM32\WININET.dll
0x000002322b440000 - 0x000002322b4a4000 	C:\Users\Sun3k\.gradle\caches\minecraft\net\minecraft\natives\1.8.9\OpenAL64.dll
0x00007ffeaad30000 - 0x00007ffeaadb5000 	C:\Windows\System32\MMDevApi.dll
0x00007ffe7eb30000 - 0x00007ffe7ebcc000 	C:\Windows\SYSTEM32\dsound.dll
0x00007ffeb3730000 - 0x00007ffeb377b000 	C:\Windows\SYSTEM32\powrprof.dll
0x00007ffe9a760000 - 0x00007ffe9a786000 	C:\Windows\SYSTEM32\winmmbase.dll
0x00007ffeb3630000 - 0x00007ffeb3642000 	C:\Windows\SYSTEM32\UMPDC.dll
0x00007ffeaadc0000 - 0x00007ffeaaf42000 	C:\Windows\SYSTEM32\AUDIOSES.DLL
0x00007ffeb1b80000 - 0x00007ffeb1b94000 	C:\Windows\SYSTEM32\resourcepolicyclient.dll
0x00007ffe9faf0000 - 0x00007ffe9fcd4000 	C:\Windows\SYSTEM32\dbghelp.dll

VM Arguments:
jvm_args: -agentlib:jdwp=transport=dt_socket,address=127.0.0.1:50234,suspend=y,server=n -javaagent:C:\Users\Sun3k\AppData\Local\JetBrains\IdeaIC2022.1\captureAgent\debugger-agent.jar -Dfile.encoding=UTF-8 
java_command: GradleStart --mixin mixins.sunrise.json --tweakClass org.spongepowered.asm.launch.MixinTweaker -Ddevauth.account --javaagent:C:\Users\Sun3k\.gradle\caches\modules-2\files-2.1\org.spongepowered\mixin\0.7.11-SNAPSHOT\7a670207bdb97db418118ad1e9bb42424ff3776d\mixin-0.7.11-SNAPSHOT.jar
java_class_path (initial): C:\Users\Sun3k\.jdks\corretto-1.8.0_332\jre\lib\charsets.jar;C:\Users\Sun3k\.jdks\corretto-1.8.0_332\jre\lib\ext\access-bridge-64.jar;C:\Users\Sun3k\.jdks\corretto-1.8.0_332\jre\lib\ext\cldrdata.jar;C:\Users\Sun3k\.jdks\corretto-1.8.0_332\jre\lib\ext\dnsns.jar;C:\Users\Sun3k\.jdks\corretto-1.8.0_332\jre\lib\ext\jaccess.jar;C:\Users\Sun3k\.jdks\corretto-1.8.0_332\jre\lib\ext\jfxrt.jar;C:\Users\Sun3k\.jdks\corretto-1.8.0_332\jre\lib\ext\localedata.jar;C:\Users\Sun3k\.jdks\corretto-1.8.0_332\jre\lib\ext\nashorn.jar;C:\Users\Sun3k\.jdks\corretto-1.8.0_332\jre\lib\ext\sunec.jar;C:\Users\Sun3k\.jdks\corretto-1.8.0_332\jre\lib\ext\sunjce_provider.jar;C:\Users\Sun3k\.jdks\corretto-1.8.0_332\jre\lib\ext\sunmscapi.jar;C:\Users\Sun3k\.jdks\corretto-1.8.0_332\jre\lib\ext\sunpkcs11.jar;C:\Users\Sun3k\.jdks\corretto-1.8.0_332\jre\lib\ext\zipfs.jar;C:\Users\Sun3k\.jdks\corretto-1.8.0_332\jre\lib\jce.jar;C:\Users\Sun3k\.jdks\corretto-1.8.0_332\jre\lib\jfr.jar;C:\Users\Sun3k\.jdks\corretto-1.8.0_332\jre\lib\jfxswt.jar;C:\Users\Sun3k\.jdks\corretto-1.8.0_332\jre\lib\jsse.jar;C:\Users\Sun3k\.jdks\corretto-1.8.0_332\jre\lib\management-agent.jar;C:\Users\Sun3k\.jdks\corretto-1.8.0_332\jre\lib\resources.jar;C:\Users\Sun3k\.jdks\corretto-1.8.0_332\jre\lib\rt.jar;C:\Users\Sun3k\IdeaProjects\Sunrise8\build\classes\java\main;C:\Users\Sun3k\.gradle\caches\minecraft\deobfedDeps\compileDummy.jar;C:\Users\Sun3k\.gradle\caches\minecraft\deobfedDeps\providedDummy.jar;C:\Users\Sun3k\.gradle\caches\modules-2\files-2.1\org.spongepowered\mixin\0.7.11-SNAPSHOT\7a670207bdb97db418118ad1e9bb42424ff3776d\mixin-0.7.11-SNAPSHOT.jar;C:\Users\Sun3k\.gradle\caches\modules-2\files-2.1\gg.essential\elementa-1.8.9-forge\507\38e5ea484636664fc185041360ee5e86cfc147b5\elementa-1.8.9-forge-507.jar;C:\Users\Sun3k\.gradle\caches\modules-2\files-2.1\com.google.guava\guava\17.0\9c6ef172e8de35fd8d4d8783e4821e57cdef7445\guava-17.0.jar;C:\Users\Sun3k\.gradle\caches\modules-2\files-2.1\commons-io\c
Launcher Type: SUN_STANDARD

Environment Variables:
JAVA_HOME=C:\Program Files\OpenJDK\jdk-18
PATH=C:\Windows\system32;C:\Windows;C:\Windows\System32\Wbem;C:\Windows\System32\WindowsPowerShell\v1.0\;C:\Windows\System32\OpenSSH\;C:\ProgramData\chocolatey\bin;C:\Program Files\Microsoft VS Code\bin;C:\Program Files (x86)\Yarn\bin\;C:\Program Files\nodejs\;C:\Program Files\Git\cmd;C:\Program Files\OpenJDK\jdk-18\bin;C:\Program Files\dotnet\;C:\Users\Sun3k\AppData\Local\Programs\Python\Python310\Scripts\;C:\Users\Sun3k\AppData\Local\Programs\Python\Python310\;C:\Users\Sun3k\AppData\Local\Microsoft\WindowsApps;C:\Users\Sun3k\AppData\Local\Yarn\bin;C:\Users\Sun3k\AppData\Roaming\npm;C:\Program Files\Oracle\VirtualBox;C:\Program Files\heroku\bin;C:\Program Files\JetBrains\IntelliJ IDEA Community Edition 2022.1.1\bin;;C:\Users\Sun3k\.dotnet\tools
USERNAME=Sun3k
OS=Windows_NT
PROCESSOR_IDENTIFIER=AMD64 Family 23 Model 24 Stepping 1, AuthenticAMD



---------------  S Y S T E M  ---------------

OS: Windows 10.0 , 64 bit Build 19041 (10.0.19041.1741)

CPU:total 8 (initial active 8) (8 cores per cpu, 1 threads per core) family 23 model 24 stepping 1, cmov, cx8, fxsr, mmx, sse, sse2, sse3, ssse3, sse4.1, sse4.2, popcnt, avx, avx2, aes, clmul, mmxext, 3dnowpref, lzcnt, sse4a, tsc, tscinvbit, tscinv, bmi1

Memory: 4k page, physical 6206224k(579152k free), swap 19837712k(4057856k free)

vm_info: OpenJDK 64-Bit Server VM (25.332-b08) for windows-amd64 JRE (1.8.0_332-b08), built on Apr 16 2022 08:31:02 by "Administrator" with MS VC++ 12.0 (VS2013)

time: Mon Jun 20 15:50:16 2022
timezone: South Sudan Standard Time
elapsed time: 5558.832169 seconds (0d 1h 32m 38s)

