#
# A fatal error has been detected by the Java Runtime Environment:
#
#  EXCEPTION_ACCESS_VIOLATION (0xc0000005) at pc=0x0000000000000000, pid=21588, tid=0x0000000000002714
#
# JRE version: OpenJDK Runtime Environment (8.0_332-b08) (build 1.8.0_332-b08)
# Java VM: OpenJDK 64-Bit Server VM (25.332-b08 mixed mode windows-amd64 compressed oops)
# Problematic frame:
# C  0x0000000000000000
#
# Failed to write core dump. Minidumps are not enabled by default on client versions of Windows
#
# If you would like to submit a bug report, please visit:
#   https://github.com/corretto/corretto-8/issues/
#

---------------  T H R E A D  ---------------

Current thread (0x000001e1277c0800):  VMThread [stack: 0x00000051a4800000,0x00000051a4900000] [id=10004]

siginfo: ExceptionCode=0xc0000005, ExceptionInformation=0x0000000000000008 0x0000000000000000

Registers:
RAX=0x0000000000000000, RBX=0x0000000000000000, RCX=0x0000000000000001, RDX=0x00007ffde4f3f0b8
RSP=0x00000051a48ff268, RBP=0x000001e11259f0d0, RSI=0x0000000000010000, RDI=0x0000000000000000
R8 =0x00000051a3b60000, R9 =0x0000000000000040, R10=0x0000000000000040, R11=0x000001e12ebd5ae0
R12=0x00007ffdd698f270, R13=0x0000000000000082, R14=0x00007ffdd68b0000, R15=0x0000000000000001
RIP=0x0000000000000000, EFLAGS=0x0000000000010206

Top of Stack: (sp=0x00000051a48ff268)
0x00000051a48ff268:   00007ffde4f02f2c 0000000000000000
0x00000051a48ff278:   000001e11259f0d0 0000000000000082
0x00000051a48ff288:   0000000000010000 0000000000000000
0x00000051a48ff298:   00007ffde4f0406e 0000000000000000
0x00000051a48ff2a8:   000001e11259f0d0 0000000000010000
0x00000051a48ff2b8:   000001e12ec71bf8 0000000000000001
0x00000051a48ff2c8:   00007ffdd68b6e2e 0000000000000000
0x00000051a48ff2d8:   0000000000000001 000000018004bb20
0x00000051a48ff2e8:   0000000000000000 0000000000000001
0x00000051a48ff2f8:   00007ffdd68b7276 0000000000000000
0x00000051a48ff308:   000001e11259f0d0 0000000000000001
0x00000051a48ff318:   0000000000000001 0000000000000000
0x00000051a48ff328:   00007ffdd698f3af 0000000000000001
0x00000051a48ff338:   0000000000000000 0000000000000000
0x00000051a48ff348:   000001e12cc40b30 0000000100000001
0x00000051a48ff358:   000000018000ecac 000000018001c558 

Instructions: (pc=0x0000000000000000)
0xffffffffffffffe0:   


Register to memory mapping:

RAX=0x0000000000000000 is an unknown value
RBX=0x0000000000000000 is an unknown value
RCX=0x0000000000000001 is an unknown value
RDX=0x00007ffde4f3f0b8 is an unknown value
RSP=0x00000051a48ff268 is an unknown value
RBP=0x000001e11259f0d0 is an unknown value
RSI=0x0000000000010000 is an unknown value
RDI=0x0000000000000000 is an unknown value
R8 =0x00000051a3b60000 is an unknown value
R9 =0x0000000000000040 is an unknown value
R10=0x0000000000000040 is an unknown value
R11=0x000001e12ebd5ae0 is an unknown value
R12=0x00007ffdd698f270 is an unknown value
R13=0x0000000000000082 is an unknown value
R14=0x00007ffdd68b0000 is an unknown value
R15=0x0000000000000001 is an unknown value


Stack: [0x00000051a4800000,0x00000051a4900000],  sp=0x00000051a48ff268,  free space=1020k
Native frames: (J=compiled Java code, j=interpreted, Vv=VM code, C=native code)

VM_Operation (0x00000051a4dff450): Exit, mode: safepoint, requested by thread 0x000001e12f9a2800


---------------  P R O C E S S  ---------------

Java Threads: ( => current thread )
  0x000001e12f9a2800 JavaThread "SIGINT handler" daemon [_thread_blocked, id=24060, stack(0x00000051a4d00000,0x00000051a4e00000)]
  0x000001e1304a9000 JavaThread "Netty Client IO #15" daemon [_thread_in_native, id=23880, stack(0x00000051a7a00000,0x00000051a7b00000)]
  0x000001e1304a8000 JavaThread "Netty Client IO #14" daemon [_thread_in_native, id=22060, stack(0x00000051a7900000,0x00000051a7a00000)]
  0x000001e1304a7800 JavaThread "Netty Client IO #13" daemon [_thread_in_native, id=25840, stack(0x00000051a7800000,0x00000051a7900000)]
  0x000001e1304a6800 JavaThread "Netty Client IO #12" daemon [_thread_in_native, id=24556, stack(0x00000051a7700000,0x00000051a7800000)]
  0x000001e13049f000 JavaThread "Netty Client IO #11" daemon [_thread_in_native, id=25476, stack(0x00000051a7600000,0x00000051a7700000)]
  0x000001e1304a6000 JavaThread "Netty Client IO #10" daemon [_thread_in_native, id=16168, stack(0x00000051a7500000,0x00000051a7600000)]
  0x000001e1304a3800 JavaThread "Netty Client IO #9" daemon [_thread_in_native, id=25116, stack(0x00000051a7400000,0x00000051a7500000)]
  0x000001e1304a2800 JavaThread "Netty Client IO #7" daemon [_thread_in_native, id=24040, stack(0x00000051a7300000,0x00000051a7400000)]
  0x000001e1304a2000 JavaThread "Netty Client IO #8" daemon [_thread_in_native, id=14020, stack(0x00000051a7200000,0x00000051a7300000)]
  0x000001e1304a5000 JavaThread "Netty Client IO #6" daemon [_thread_in_native, id=18852, stack(0x00000051a7100000,0x00000051a7200000)]
  0x000001e1304a4800 JavaThread "Netty Client IO #5" daemon [_thread_in_native, id=18900, stack(0x00000051a7000000,0x00000051a7100000)]
  0x000001e1304a1000 JavaThread "Netty Client IO #4" daemon [_thread_in_native, id=12800, stack(0x00000051a6e00000,0x00000051a6f00000)]
  0x000001e13049a000 JavaThread "Netty Client IO #3" daemon [_thread_in_native, id=25088, stack(0x00000051a6d00000,0x00000051a6e00000)]
  0x000001e13049e000 JavaThread "Netty Client IO #2" daemon [_thread_blocked, id=24548, stack(0x00000051a6c00000,0x00000051a6d00000)]
  0x000001e13049c800 JavaThread "Netty Client IO #1" daemon [_thread_in_native, id=16460, stack(0x00000051a6b00000,0x00000051a6c00000)]
  0x000001e13049b800 JavaThread "Netty Client IO #0" daemon [_thread_in_native, id=5896, stack(0x00000051a6900000,0x00000051a6a00000)]
  0x000001e13049f800 JavaThread "Server Pinger #4" daemon [_thread_blocked, id=25020, stack(0x00000051a6700000,0x00000051a6800000)]
  0x000001e1304a0800 JavaThread "Server Pinger #3" daemon [_thread_blocked, id=24276, stack(0x00000051a6300000,0x00000051a6400000)]
  0x000001e12e155000 JavaThread "Server Pinger #2" daemon [_thread_blocked, id=3056, stack(0x00000051a5f00000,0x00000051a6000000)]
  0x000001e12e154800 JavaThread "Server Pinger #1" daemon [_thread_blocked, id=13040, stack(0x00000051a5b00000,0x00000051a5c00000)]
  0x000001e12e153800 JavaThread "Thread-13" daemon [_thread_in_native, id=4916, stack(0x00000051a3e00000,0x00000051a3f00000)]
  0x000001e12e152800 JavaThread "Server Pinger #0" daemon [_thread_blocked, id=24360, stack(0x00000051a3d00000,0x00000051a3e00000)]
  0x000001e12e156000 JavaThread "Thread-12" [_thread_blocked, id=20548, stack(0x00000051a6200000,0x00000051a6300000)]
  0x000001e12e157800 JavaThread "Thread-11" [_thread_blocked, id=13424, stack(0x00000051a6000000,0x00000051a6100000)]
  0x000001e12e152000 JavaThread "DiscordRPC" [_thread_blocked, id=16120, stack(0x00000051a6500000,0x00000051a6600000)]
  0x000001e12e156800 JavaThread "Chunk Batcher 1" daemon [_thread_blocked, id=22016, stack(0x00000051a5d00000,0x00000051a5e00000)]
  0x000001e12e159000 JavaThread "Chunk Batcher 0" daemon [_thread_blocked, id=18608, stack(0x00000051a5a00000,0x00000051a5b00000)]
  0x000001e13171d000 JavaThread "LWJGL Timer" daemon [_thread_blocked, id=22580, stack(0x00000051a5c00000,0x00000051a5d00000)]
  0x000001e12dfc2800 JavaThread "Java2D Disposer" daemon [_thread_blocked, id=17848, stack(0x00000051a5900000,0x00000051a5a00000)]
  0x000001e12c5a8000 JavaThread "Timer hack thread" daemon [_thread_blocked, id=19892, stack(0x00000051a5800000,0x00000051a5900000)]
  0x000001e12b059000 JavaThread "Snooper Timer" daemon [_thread_blocked, id=24052, stack(0x00000051a5700000,0x00000051a5800000)]
  0x000001e1296b4000 JavaThread "Snooper Timer" daemon [_thread_blocked, id=13848, stack(0x00000051a5600000,0x00000051a5700000)]
  0x000001e129c71800 JavaThread "Service Thread" daemon [_thread_blocked, id=24132, stack(0x00000051a5400000,0x00000051a5500000)]
  0x000001e129bf6800 JavaThread "C1 CompilerThread3" daemon [_thread_blocked, id=11560, stack(0x00000051a5300000,0x00000051a5400000)]
  0x000001e129c08800 JavaThread "C2 CompilerThread2" daemon [_thread_blocked, id=15340, stack(0x00000051a5200000,0x00000051a5300000)]
  0x000001e129b72000 JavaThread "C2 CompilerThread1" daemon [_thread_blocked, id=25912, stack(0x00000051a5100000,0x00000051a5200000)]
  0x000001e127853000 JavaThread "C2 CompilerThread0" daemon [_thread_blocked, id=20988, stack(0x00000051a5000000,0x00000051a5100000)]
  0x000001e12783c800 JavaThread "JDWP Event Helper Thread" daemon [_thread_blocked, id=15088, stack(0x00000051a4e00000,0x00000051a4f00000)]
  0x000001e127813800 JavaThread "Attach Listener" daemon [_thread_blocked, id=13108, stack(0x00000051a4c00000,0x00000051a4d00000)]
  0x000001e12780f800 JavaThread "Signal Dispatcher" daemon [_thread_blocked, id=24368, stack(0x00000051a4b00000,0x00000051a4c00000)]
  0x000001e1277ec800 JavaThread "Finalizer" daemon [_thread_blocked, id=23064, stack(0x00000051a4a00000,0x00000051a4b00000)]
  0x000001e1277e5800 JavaThread "Reference Handler" daemon [_thread_blocked, id=16640, stack(0x00000051a4900000,0x00000051a4a00000)]
  0x000001e112583800 JavaThread "Client thread" [_thread_blocked, id=21860, stack(0x00000051a3f00000,0x00000051a4000000)]

Other Threads:
=>0x000001e1277c0800 VMThread [stack: 0x00000051a4800000,0x00000051a4900000] [id=10004]

VM state:at safepoint (shutting down)

VM Mutex/Monitor currently owned by a thread:  ([mutex/lock_event])
[0x000001e1125815a0] Threads_lock - owner thread: 0x000001e1277c0800

heap address: 0x00000000a1400000, size: 1516 MB, Compressed Oops mode: 32-bit
Narrow klass base: 0x0000000000000000, Narrow klass shift: 3
Compressed class space size: 1073741824 Address: 0x0000000100000000

Heap:
 PSYoungGen      total 194048K, used 20374K [0x00000000e0700000, 0x00000000f4880000, 0x0000000100000000)
  eden space 191488K, 9% used [0x00000000e0700000,0x00000000e187c818,0x00000000ec200000)
  from space 2560K, 96% used [0x00000000f4600000,0x00000000f4869360,0x00000000f4880000)
  to   space 3584K, 0% used [0x00000000f4180000,0x00000000f4180000,0x00000000f4500000)
 ParOldGen       total 307200K, used 254574K [0x00000000a1400000, 0x00000000b4000000, 0x00000000e0700000)
  object space 307200K, 82% used [0x00000000a1400000,0x00000000b0c9b870,0x00000000b4000000)
 Metaspace       used 53745K, capacity 54427K, committed 54704K, reserved 1097728K
  class space    used 6396K, capacity 6576K, committed 6576K, reserved 1048576K

Card table byte_map: [0x000001e123430000,0x000001e123730000] byte_map_base: 0x000001e122f26000

Marking Bits: (ParMarkBitMap*) 0x000000006c1e7850
 Begin Bits: [0x000001e123930000, 0x000001e1250e0000)
 End Bits:   [0x000001e1250e0000, 0x000001e126890000)

Polling page: 0x000001e1127c0000

CodeCache: size=245760Kb used=38942Kb max_used=39515Kb free=206818Kb
 bounds [0x000001e114070000, 0x000001e116790000, 0x000001e123070000]
 total_blobs=10405 nmethods=9506 adapters=818
 compilation: enabled

Compilation events (10 events):
Event: 1645.509 Thread 0x000001e129bf6800 14388       3       java.util.logging.LogManager$LoggerContext::ensureDefaultLogger (70 bytes)
Event: 1645.513 Thread 0x000001e129bf6800 nmethod 14388 0x000001e11609e910 code [0x000001e11609eac0, 0x000001e11609f370]
Event: 1645.534 Thread 0x000001e129bf6800 14389       3       java.util.logging.LogManager$LoggerContext::getRootLogger (8 bytes)
Event: 1645.534 Thread 0x000001e129bf6800 nmethod 14389 0x000001e1156ed090 code [0x000001e1156ed1e0, 0x000001e1156ed3f8]
Event: 1645.546 Thread 0x000001e129bf6800 14390       3       java.util.logging.LogManager$LoggerContext::getGlobalLogger (6 bytes)
Event: 1645.547 Thread 0x000001e129bf6800 nmethod 14390 0x000001e11545b750 code [0x000001e11545b8a0, 0x000001e11545b9f8]
Event: 1645.623 Thread 0x000001e129bf6800 14391       3       org.apache.logging.log4j.core.helpers.NameUtil::getSubName (32 bytes)
Event: 1645.624 Thread 0x000001e129bf6800 nmethod 14391 0x000001e1154ab4d0 code [0x000001e1154ab660, 0x000001e1154abc00]
Event: 1645.629 Thread 0x000001e129bf6800 14392       1       org.apache.logging.log4j.core.config.LoggerConfig::getLevel (5 bytes)
Event: 1645.629 Thread 0x000001e129bf6800 nmethod 14392 0x000001e1166c43d0 code [0x000001e1166c4520, 0x000001e1166c4638]

GC Heap History (10 events):
Event: 1636.150 GC heap before
{Heap before GC invocations=397 (full 7):
 PSYoungGen      total 227328K, used 226932K [0x00000000e0700000, 0x00000000f4c00000, 0x0000000100000000)
  eden space 224256K, 100% used [0x00000000e0700000,0x00000000ee200000,0x00000000ee200000)
  from space 3072K, 87% used [0x00000000f4700000,0x00000000f499d3f0,0x00000000f4a00000)
  to   space 2048K, 0% used [0x00000000f4a00000,0x00000000f4a00000,0x00000000f4c00000)
 ParOldGen       total 307200K, used 253924K [0x00000000a1400000, 0x00000000b4000000, 0x00000000e0700000)
  object space 307200K, 82% used [0x00000000a1400000,0x00000000b0bf9030,0x00000000b4000000)
 Metaspace       used 53736K, capacity 54427K, committed 54704K, reserved 1097728K
  class space    used 6394K, capacity 6576K, committed 6576K, reserved 1048576K
Event: 1636.159 GC heap after
Heap after GC invocations=397 (full 7):
 PSYoungGen      total 219136K, used 2022K [0x00000000e0700000, 0x00000000f4c00000, 0x0000000100000000)
  eden space 217088K, 0% used [0x00000000e0700000,0x00000000e0700000,0x00000000edb00000)
  from space 2048K, 98% used [0x00000000f4a00000,0x00000000f4bf9940,0x00000000f4c00000)
  to   space 3584K, 0% used [0x00000000f4500000,0x00000000f4500000,0x00000000f4880000)
 ParOldGen       total 307200K, used 254532K [0x00000000a1400000, 0x00000000b4000000, 0x00000000e0700000)
  object space 307200K, 82% used [0x00000000a1400000,0x00000000b0c91030,0x00000000b4000000)
 Metaspace       used 53736K, capacity 54427K, committed 54704K, reserved 1097728K
  class space    used 6394K, capacity 6576K, committed 6576K, reserved 1048576K
}
Event: 1638.744 GC heap before
{Heap before GC invocations=398 (full 7):
 PSYoungGen      total 219136K, used 219110K [0x00000000e0700000, 0x00000000f4c00000, 0x0000000100000000)
  eden space 217088K, 100% used [0x00000000e0700000,0x00000000edb00000,0x00000000edb00000)
  from space 2048K, 98% used [0x00000000f4a00000,0x00000000f4bf9940,0x00000000f4c00000)
  to   space 3584K, 0% used [0x00000000f4500000,0x00000000f4500000,0x00000000f4880000)
 ParOldGen       total 307200K, used 254532K [0x00000000a1400000, 0x00000000b4000000, 0x00000000e0700000)
  object space 307200K, 82% used [0x00000000a1400000,0x00000000b0c91030,0x00000000b4000000)
 Metaspace       used 53736K, capacity 54427K, committed 54704K, reserved 1097728K
  class space    used 6394K, capacity 6576K, committed 6576K, reserved 1048576K
Event: 1638.753 GC heap after
Heap after GC invocations=398 (full 7):
 PSYoungGen      total 213504K, used 2708K [0x00000000e0700000, 0x00000000f4a80000, 0x0000000100000000)
  eden space 210432K, 0% used [0x00000000e0700000,0x00000000e0700000,0x00000000ed480000)
  from space 3072K, 88% used [0x00000000f4500000,0x00000000f47a53f0,0x00000000f4800000)
  to   space 2560K, 0% used [0x00000000f4800000,0x00000000f4800000,0x00000000f4a80000)
 ParOldGen       total 307200K, used 254566K [0x00000000a1400000, 0x00000000b4000000, 0x00000000e0700000)
  object space 307200K, 82% used [0x00000000a1400000,0x00000000b0c99870,0x00000000b4000000)
 Metaspace       used 53736K, capacity 54427K, committed 54704K, reserved 1097728K
  class space    used 6394K, capacity 6576K, committed 6576K, reserved 1048576K
}
Event: 1641.098 GC heap before
{Heap before GC invocations=399 (full 7):
 PSYoungGen      total 213504K, used 213140K [0x00000000e0700000, 0x00000000f4a80000, 0x0000000100000000)
  eden space 210432K, 100% used [0x00000000e0700000,0x00000000ed480000,0x00000000ed480000)
  from space 3072K, 88% used [0x00000000f4500000,0x00000000f47a53f0,0x00000000f4800000)
  to   space 2560K, 0% used [0x00000000f4800000,0x00000000f4800000,0x00000000f4a80000)
 ParOldGen       total 307200K, used 254566K [0x00000000a1400000, 0x00000000b4000000, 0x00000000e0700000)
  object space 307200K, 82% used [0x00000000a1400000,0x00000000b0c99870,0x00000000b4000000)
 Metaspace       used 53736K, capacity 54427K, committed 54704K, reserved 1097728K
  class space    used 6394K, capacity 6576K, committed 6576K, reserved 1048576K
Event: 1641.104 GC heap after
Heap after GC invocations=399 (full 7):
 PSYoungGen      total 206336K, used 2516K [0x00000000e0700000, 0x00000000f4a80000, 0x0000000100000000)
  eden space 203776K, 0% used [0x00000000e0700000,0x00000000e0700000,0x00000000ece00000)
  from space 2560K, 98% used [0x00000000f4800000,0x00000000f4a75100,0x00000000f4a80000)
  to   space 3584K, 0% used [0x00000000f4380000,0x00000000f4380000,0x00000000f4700000)
 ParOldGen       total 307200K, used 254566K [0x00000000a1400000, 0x00000000b4000000, 0x00000000e0700000)
  object space 307200K, 82% used [0x00000000a1400000,0x00000000b0c99870,0x00000000b4000000)
 Metaspace       used 53736K, capacity 54427K, committed 54704K, reserved 1097728K
  class space    used 6394K, capacity 6576K, committed 6576K, reserved 1048576K
}
Event: 1643.324 GC heap before
{Heap before GC invocations=400 (full 7):
 PSYoungGen      total 206336K, used 206292K [0x00000000e0700000, 0x00000000f4a80000, 0x0000000100000000)
  eden space 203776K, 100% used [0x00000000e0700000,0x00000000ece00000,0x00000000ece00000)
  from space 2560K, 98% used [0x00000000f4800000,0x00000000f4a75100,0x00000000f4a80000)
  to   space 3584K, 0% used [0x00000000f4380000,0x00000000f4380000,0x00000000f4700000)
 ParOldGen       total 307200K, used 254566K [0x00000000a1400000, 0x00000000b4000000, 0x00000000e0700000)
  object space 307200K, 82% used [0x00000000a1400000,0x00000000b0c99870,0x00000000b4000000)
 Metaspace       used 53736K, capacity 54427K, committed 54704K, reserved 1097728K
  class space    used 6394K, capacity 6576K, committed 6576K, reserved 1048576K
Event: 1643.332 GC heap after
Heap after GC invocations=400 (full 7):
 PSYoungGen      total 200192K, used 2516K [0x00000000e0700000, 0x00000000f4880000, 0x0000000100000000)
  eden space 197632K, 0% used [0x00000000e0700000,0x00000000e0700000,0x00000000ec800000)
  from space 2560K, 98% used [0x00000000f4380000,0x00000000f45f5100,0x00000000f4600000)
  to   space 2560K, 0% used [0x00000000f4600000,0x00000000f4600000,0x00000000f4880000)
 ParOldGen       total 307200K, used 254574K [0x00000000a1400000, 0x00000000b4000000, 0x00000000e0700000)
  object space 307200K, 82% used [0x00000000a1400000,0x00000000b0c9b870,0x00000000b4000000)
 Metaspace       used 53736K, capacity 54427K, committed 54704K, reserved 1097728K
  class space    used 6394K, capacity 6576K, committed 6576K, reserved 1048576K
}
Event: 1645.496 GC heap before
{Heap before GC invocations=401 (full 7):
 PSYoungGen      total 200192K, used 200148K [0x00000000e0700000, 0x00000000f4880000, 0x0000000100000000)
  eden space 197632K, 100% used [0x00000000e0700000,0x00000000ec800000,0x00000000ec800000)
  from space 2560K, 98% used [0x00000000f4380000,0x00000000f45f5100,0x00000000f4600000)
  to   space 2560K, 0% used [0x00000000f4600000,0x00000000f4600000,0x00000000f4880000)
 ParOldGen       total 307200K, used 254574K [0x00000000a1400000, 0x00000000b4000000, 0x00000000e0700000)
  object space 307200K, 82% used [0x00000000a1400000,0x00000000b0c9b870,0x00000000b4000000)
 Metaspace       used 53739K, capacity 54427K, committed 54704K, reserved 1097728K
  class space    used 6394K, capacity 6576K, committed 6576K, reserved 1048576K
Event: 1645.504 GC heap after
Heap after GC invocations=401 (full 7):
 PSYoungGen      total 194048K, used 2468K [0x00000000e0700000, 0x00000000f4880000, 0x0000000100000000)
  eden space 191488K, 0% used [0x00000000e0700000,0x00000000e0700000,0x00000000ec200000)
  from space 2560K, 96% used [0x00000000f4600000,0x00000000f4869360,0x00000000f4880000)
  to   space 3584K, 0% used [0x00000000f4180000,0x00000000f4180000,0x00000000f4500000)
 ParOldGen       total 307200K, used 254574K [0x00000000a1400000, 0x00000000b4000000, 0x00000000e0700000)
  object space 307200K, 82% used [0x00000000a1400000,0x00000000b0c9b870,0x00000000b4000000)
 Metaspace       used 53739K, capacity 54427K, committed 54704K, reserved 1097728K
  class space    used 6394K, capacity 6576K, committed 6576K, reserved 1048576K
}

Deoptimization events (10 events):
Event: 1313.967 Thread 0x000001e112583800 Uncommon trap: reason=class_check action=maybe_recompile pc=0x000001e116367710 method=net.minecraft.client.renderer.EntityRenderer.getMouseOver(F)V @ 605
Event: 1313.969 Thread 0x000001e112583800 Uncommon trap: reason=class_check action=maybe_recompile pc=0x000001e115e54ad8 method=net.minecraft.entity.player.EntityPlayer.onLivingUpdate()V @ 442
Event: 1314.040 Thread 0x000001e112583800 Uncommon trap: reason=class_check action=maybe_recompile pc=0x000001e115e54ad8 method=net.minecraft.entity.player.EntityPlayer.onLivingUpdate()V @ 442
Event: 1314.062 Thread 0x000001e112583800 Uncommon trap: reason=class_check action=maybe_recompile pc=0x000001e115e54ad8 method=net.minecraft.entity.player.EntityPlayer.onLivingUpdate()V @ 442
Event: 1342.973 Thread 0x000001e112583800 Uncommon trap: reason=class_check action=maybe_recompile pc=0x000001e1165e58f0 method=net.minecraft.block.BlockStairs.func_176306_h(Lnet/minecraft/world/IBlockAccess;Lnet/minecraft/util/BlockPos;)Z @ 2
Event: 1343.027 Thread 0x000001e112583800 Uncommon trap: reason=class_check action=maybe_recompile pc=0x000001e1165e58f0 method=net.minecraft.block.BlockStairs.func_176306_h(Lnet/minecraft/world/IBlockAccess;Lnet/minecraft/util/BlockPos;)Z @ 2
Event: 1343.027 Thread 0x000001e112583800 Uncommon trap: reason=class_check action=maybe_recompile pc=0x000001e1165e58f0 method=net.minecraft.block.BlockStairs.func_176306_h(Lnet/minecraft/world/IBlockAccess;Lnet/minecraft/util/BlockPos;)Z @ 2
Event: 1343.027 Thread 0x000001e112583800 Uncommon trap: reason=class_check action=maybe_recompile pc=0x000001e1165e58f0 method=net.minecraft.block.BlockStairs.func_176306_h(Lnet/minecraft/world/IBlockAccess;Lnet/minecraft/util/BlockPos;)Z @ 2
Event: 1455.798 Thread 0x000001e112583800 Uncommon trap: reason=unstable_if action=reinterpret pc=0x000001e1155e92d0 method=net.minecraft.client.network.NetHandlerPlayClient.handleEntityTeleport(Lnet/minecraft/network/play/server/S18PacketEntityTeleport;)V @ 158
Event: 1601.034 Thread 0x000001e112583800 Uncommon trap: reason=unstable_if action=reinterpret pc=0x000001e115638e28 method=net.minecraft.world.chunk.Chunk.setBlockState(Lnet/minecraft/util/BlockPos;Lnet/minecraft/block/state/IBlockState;)Lnet/minecraft/block/state/IBlockState; @ 449

Classes redefined (0 events):
No events

Internal exceptions (10 events):
Event: 1645.252 Thread 0x000001e12e157800 Exception <a 'java/lang/InterruptedException': sleep interrupted> (0x00000000eabb0e98) thrown at [C:\wsjdk\Corretto8Src\installers\windows\zip\corretto-build\buildRoot\src\hotspot\src\share\vm\prims\jvm.cpp, line 3384]
Event: 1645.337 Thread 0x000001e12e157800 Exception <a 'java/lang/InterruptedException': sleep interrupted> (0x00000000eabb1140) thrown at [C:\wsjdk\Corretto8Src\installers\windows\zip\corretto-build\buildRoot\src\hotspot\src\share\vm\prims\jvm.cpp, line 3384]
Event: 1645.392 Thread 0x000001e12e157800 Exception <a 'java/lang/InterruptedException': sleep interrupted> (0x00000000eabb13e8) thrown at [C:\wsjdk\Corretto8Src\installers\windows\zip\corretto-build\buildRoot\src\hotspot\src\share\vm\prims\jvm.cpp, line 3384]
Event: 1645.422 Thread 0x000001e12e157800 Exception <a 'java/lang/InterruptedException': sleep interrupted> (0x00000000ebbaf0f0) thrown at [C:\wsjdk\Corretto8Src\installers\windows\zip\corretto-build\buildRoot\src\hotspot\src\share\vm\prims\jvm.cpp, line 3384]
Event: 1645.477 Thread 0x000001e12e157800 Exception <a 'java/lang/InterruptedException': sleep interrupted> (0x00000000ebbaf398) thrown at [C:\wsjdk\Corretto8Src\installers\windows\zip\corretto-build\buildRoot\src\hotspot\src\share\vm\prims\jvm.cpp, line 3384]
Event: 1645.477 Thread 0x000001e12e157800 Exception <a 'java/lang/InterruptedException': sleep interrupted> (0x00000000ebbaf640) thrown at [C:\wsjdk\Corretto8Src\installers\windows\zip\corretto-build\buildRoot\src\hotspot\src\share\vm\prims\jvm.cpp, line 3337]
Event: 1645.548 Thread 0x000001e12e157800 Exception <a 'java/lang/InterruptedException': sleep interrupted> (0x00000000e0b19ca8) thrown at [C:\wsjdk\Corretto8Src\installers\windows\zip\corretto-build\buildRoot\src\hotspot\src\share\vm\prims\jvm.cpp, line 3384]
Event: 1645.549 Thread 0x000001e12e157800 Exception <a 'java/lang/InterruptedException': sleep interrupted> (0x00000000e0b19f50) thrown at [C:\wsjdk\Corretto8Src\installers\windows\zip\corretto-build\buildRoot\src\hotspot\src\share\vm\prims\jvm.cpp, line 3337]
Event: 1645.586 Thread 0x000001e12e157800 Exception <a 'java/lang/InterruptedException': sleep interrupted> (0x00000000e0b1a1a8) thrown at [C:\wsjdk\Corretto8Src\installers\windows\zip\corretto-build\buildRoot\src\hotspot\src\share\vm\prims\jvm.cpp, line 3384]
Event: 1645.586 Thread 0x000001e12e157800 Exception <a 'java/lang/InterruptedException': sleep interrupted> (0x00000000e0b1a450) thrown at [C:\wsjdk\Corretto8Src\installers\windows\zip\corretto-build\buildRoot\src\hotspot\src\share\vm\prims\jvm.cpp, line 3337]

Events (10 events):
Event: 1645.627 Thread 0x000001e129bf6800 flushing nmethod 0x000001e115af5690
Event: 1645.633 Thread 0x000001e12f99b800 Thread exited: 0x000001e12f99b800
Event: 1645.633 Thread 0x000001e129bf6800 flushing nmethod 0x000001e115c68b10
Event: 1645.634 Thread 0x000001e129bf6800 flushing nmethod 0x000001e115c76010
Event: 1645.634 Thread 0x000001e129bf6800 flushing nmethod 0x000001e115c81d90
Event: 1645.636 Thread 0x000001e129bf6800 flushing nmethod 0x000001e115e32410
Event: 1645.636 Executing VM operation: RevokeBias
Event: 1645.637 Executing VM operation: RevokeBias done
Event: 1645.643 Thread 0x000001e12f9a3000 Thread exited: 0x000001e12f9a3000
Event: 1645.662 Executing VM operation: Exit


Dynamic libraries:
0x00007ff7eba40000 - 0x00007ff7eba7a000 	C:\Users\Sun3k\.jdks\corretto-1.8.0_332\bin\java.exe
0x00007ffe1a690000 - 0x00007ffe1a888000 	C:\Windows\SYSTEM32\ntdll.dll
0x00007ffe19060000 - 0x00007ffe1911d000 	C:\Windows\System32\KERNEL32.DLL
0x00007ffe17db0000 - 0x00007ffe1807e000 	C:\Windows\System32\KERNELBASE.dll
0x00007ffe19550000 - 0x00007ffe195fe000 	C:\Windows\System32\ADVAPI32.dll
0x00007ffe18da0000 - 0x00007ffe18e3e000 	C:\Windows\System32\msvcrt.dll
0x00007ffe18700000 - 0x00007ffe1879c000 	C:\Windows\System32\sechost.dll
0x00007ffe18e40000 - 0x00007ffe18f65000 	C:\Windows\System32\RPCRT4.dll
0x00007ffe19710000 - 0x00007ffe198b0000 	C:\Windows\System32\USER32.dll
0x00007ffe18670000 - 0x00007ffe18692000 	C:\Windows\System32\win32u.dll
0x00007ffe1a040000 - 0x00007ffe1a06a000 	C:\Windows\System32\GDI32.dll
0x00007ffe18330000 - 0x00007ffe1843b000 	C:\Windows\System32\gdi32full.dll
0x00007ffe18440000 - 0x00007ffe184dd000 	C:\Windows\System32\msvcp_win.dll
0x00007ffe18080000 - 0x00007ffe18180000 	C:\Windows\System32\ucrtbase.dll
0x00007ffdfaf10000 - 0x00007ffdfb1aa000 	C:\Windows\WinSxS\amd64_microsoft.windows.common-controls_6595b64144ccf1df_6.0.19041.1110_none_60b5254171f9507e\COMCTL32.dll
0x00007ffe198c0000 - 0x00007ffe198f0000 	C:\Windows\System32\IMM32.DLL
0x00007ffdecf20000 - 0x00007ffded00f000 	C:\Users\Sun3k\.jdks\corretto-1.8.0_332\jre\bin\msvcr120.dll
0x00007ffdf6ef0000 - 0x00007ffdf6f96000 	C:\Users\Sun3k\.jdks\corretto-1.8.0_332\jre\bin\msvcp120.dll
0x000000006b9f0000 - 0x000000006c266000 	C:\Users\Sun3k\.jdks\corretto-1.8.0_332\jre\bin\server\jvm.dll
0x00007ffe198b0000 - 0x00007ffe198b8000 	C:\Windows\System32\PSAPI.DLL
0x00007ffe06ea0000 - 0x00007ffe06ec7000 	C:\Windows\SYSTEM32\WINMM.dll
0x00007ffe0fcb0000 - 0x00007ffe0fcba000 	C:\Windows\SYSTEM32\VERSION.dll
0x00007ffdde920000 - 0x00007ffdde929000 	C:\Windows\SYSTEM32\WSOCK32.dll
0x00007ffe1a4b0000 - 0x00007ffe1a51b000 	C:\Windows\System32\WS2_32.dll
0x00007ffe12ec0000 - 0x00007ffe12ecf000 	C:\Users\Sun3k\.jdks\corretto-1.8.0_332\jre\bin\verify.dll
0x00007ffe125e0000 - 0x00007ffe12609000 	C:\Users\Sun3k\.jdks\corretto-1.8.0_332\jre\bin\java.dll
0x00007ffe017d0000 - 0x00007ffe01805000 	C:\Users\Sun3k\.jdks\corretto-1.8.0_332\jre\bin\jdwp.dll
0x00007ffe11550000 - 0x00007ffe11558000 	C:\Users\Sun3k\.jdks\corretto-1.8.0_332\jre\bin\npt.dll
0x00007ffe017a0000 - 0x00007ffe017ca000 	C:\Users\Sun3k\.jdks\corretto-1.8.0_332\jre\bin\instrument.dll
0x00007ffe0a350000 - 0x00007ffe0a366000 	C:\Users\Sun3k\.jdks\corretto-1.8.0_332\jre\bin\zip.dll
0x00007ffe198f0000 - 0x00007ffe1a034000 	C:\Windows\System32\SHELL32.dll
0x00007ffe15eb0000 - 0x00007ffe16644000 	C:\Windows\SYSTEM32\windows.storage.dll
0x00007ffe1a070000 - 0x00007ffe1a3c4000 	C:\Windows\System32\combase.dll
0x00007ffe17810000 - 0x00007ffe17840000 	C:\Windows\SYSTEM32\Wldp.dll
0x00007ffe19660000 - 0x00007ffe1970d000 	C:\Windows\System32\SHCORE.dll
0x00007ffe187a0000 - 0x00007ffe187f5000 	C:\Windows\System32\shlwapi.dll
0x00007ffe17cf0000 - 0x00007ffe17d0f000 	C:\Windows\SYSTEM32\profapi.dll
0x00007ffe11500000 - 0x00007ffe11509000 	C:\Users\Sun3k\.jdks\corretto-1.8.0_332\jre\bin\dt_socket.dll
0x00007ffe17570000 - 0x00007ffe175da000 	C:\Windows\system32\mswsock.dll
0x00007ffe12ea0000 - 0x00007ffe12ead000 	C:\Users\Sun3k\.jdks\corretto-1.8.0_332\jre\bin\management.dll
0x00007ffe09be0000 - 0x00007ffe09bfa000 	C:\Users\Sun3k\.jdks\corretto-1.8.0_332\jre\bin\net.dll
0x00007ffe09af0000 - 0x00007ffe09b02000 	C:\Users\Sun3k\.jdks\corretto-1.8.0_332\jre\bin\nio.dll
0x00007ffe17760000 - 0x00007ffe17778000 	C:\Windows\SYSTEM32\CRYPTSP.dll
0x00007ffe16e80000 - 0x00007ffe16eb4000 	C:\Windows\system32\rsaenh.dll
0x00007ffe18640000 - 0x00007ffe18667000 	C:\Windows\System32\bcrypt.dll
0x00007ffe17c70000 - 0x00007ffe17c9e000 	C:\Windows\SYSTEM32\USERENV.dll
0x00007ffe181f0000 - 0x00007ffe18272000 	C:\Windows\System32\bcryptprimitives.dll
0x00007ffe17780000 - 0x00007ffe1778c000 	C:\Windows\SYSTEM32\CRYPTBASE.dll
0x00007ffe171f0000 - 0x00007ffe1722b000 	C:\Windows\SYSTEM32\IPHLPAPI.DLL
0x00007ffe1a640000 - 0x00007ffe1a648000 	C:\Windows\System32\NSI.dll
0x00007ffe11020000 - 0x00007ffe11037000 	C:\Windows\SYSTEM32\dhcpcsvc6.DLL
0x00007ffe119f0000 - 0x00007ffe11a0d000 	C:\Windows\SYSTEM32\dhcpcsvc.DLL
0x00007ffe17230000 - 0x00007ffe172fb000 	C:\Windows\SYSTEM32\DNSAPI.dll
0x00007ffe11040000 - 0x00007ffe1104a000 	C:\Users\Sun3k\AppData\Local\Temp\jansi-64-7212657937962108447.dll
0x00007ffddf5c0000 - 0x00007ffddf5d7000 	C:\Windows\system32\napinsp.dll
0x00007ffddf080000 - 0x00007ffddf09b000 	C:\Windows\system32\pnrpnsp.dll
0x00007ffe13300000 - 0x00007ffe13315000 	C:\Windows\system32\wshbth.dll
0x00007ffe12160000 - 0x00007ffe1217d000 	C:\Windows\system32\NLAapi.dll
0x00007ffddf060000 - 0x00007ffddf072000 	C:\Windows\System32\winrnr.dll
0x00007ffe0fca0000 - 0x00007ffe0fcaa000 	C:\Windows\System32\rasadhlp.dll
0x00007ffe0e650000 - 0x00007ffe0e6d0000 	C:\Windows\System32\fwpuclnt.dll
0x00007ffe09aa0000 - 0x00007ffe09ac3000 	C:\Users\Sun3k\.jdks\corretto-1.8.0_332\jre\bin\sunec.dll
0x00007ffe12db0000 - 0x00007ffe12dbc000 	C:\Users\Sun3k\.jdks\corretto-1.8.0_332\jre\bin\sunmscapi.dll
0x00007ffe184e0000 - 0x00007ffe18636000 	C:\Windows\System32\CRYPT32.dll
0x00007ffe17880000 - 0x00007ffe178a7000 	C:\Windows\SYSTEM32\ncrypt.dll
0x00007ffe17840000 - 0x00007ffe1787b000 	C:\Windows\SYSTEM32\NTASN1.dll
0x0000000180000000 - 0x0000000180053000 	C:\Users\Sun3k\.gradle\caches\minecraft\net\minecraft\natives\1.8.9\lwjgl64.dll
0x00007ffdd68b0000 - 0x00007ffdd69d7000 	C:\Windows\SYSTEM32\OPENGL32.dll
0x00007ffdd5d00000 - 0x00007ffdd5d2c000 	C:\Windows\SYSTEM32\GLU32.dll
0x00007ffde7a30000 - 0x00007ffde7bc5000 	C:\Users\Sun3k\.jdks\corretto-1.8.0_332\jre\bin\awt.dll
0x00007ffe19480000 - 0x00007ffe1954d000 	C:\Windows\System32\OLEAUT32.dll
0x00007ffe155f0000 - 0x00007ffe15680000 	C:\Windows\SYSTEM32\apphelp.dll
0x00007ffe12ed0000 - 0x00007ffe12f7e000 	C:\Windows\SYSTEM32\mscms.dll
0x00007ffe12e40000 - 0x00007ffe12e51000 	C:\Windows\SYSTEM32\ColorAdapterClient.dll
0x00007ffe15cb0000 - 0x00007ffe15cc2000 	C:\Windows\SYSTEM32\kernel.appcore.dll
0x00007ffe18cf0000 - 0x00007ffe18d99000 	C:\Windows\System32\clbcatq.dll
0x00007ffe186a0000 - 0x00007ffe186ee000 	C:\Windows\System32\cfgmgr32.dll
0x00007ffe157b0000 - 0x00007ffe1584e000 	C:\Windows\system32\uxtheme.dll
0x00007ffe1a520000 - 0x00007ffe1a635000 	C:\Windows\System32\MSCTF.dll
0x00007ffe01240000 - 0x00007ffe01339000 	C:\Windows\SYSTEM32\textinputframework.dll
0x00007ffe153c0000 - 0x00007ffe154b2000 	C:\Windows\System32\CoreMessaging.dll
0x00007ffe14ce0000 - 0x00007ffe1503e000 	C:\Windows\System32\CoreUIComponents.dll
0x00007ffe13d00000 - 0x00007ffe13e54000 	C:\Windows\SYSTEM32\wintypes.dll
0x00007ffe16ab0000 - 0x00007ffe16ae3000 	C:\Windows\SYSTEM32\ntmarta.dll
0x00007ffe01770000 - 0x00007ffe0179c000 	C:\Windows\System32\DriverStore\FileRepository\u0375335.inf_amd64_7de275617d9da25a\B374868\atig6pxx.dll
0x00007ffd9e1a0000 - 0x00007ffda0fe3000 	C:\Windows\System32\DriverStore\FileRepository\u0375335.inf_amd64_7de275617d9da25a\B374868\atio6axx.dll
0x00007ffe18880000 - 0x00007ffe18cef000 	C:\Windows\System32\SETUPAPI.dll
0x00007ffe19120000 - 0x00007ffe1924a000 	C:\Windows\System32\ole32.dll
0x00007ffe08d90000 - 0x00007ffe08db4000 	C:\Windows\SYSTEM32\dxva2.dll
0x00007ffe159c0000 - 0x00007ffe159ef000 	C:\Windows\SYSTEM32\dwmapi.dll
0x00007ffe014b0000 - 0x00007ffe014ef000 	C:\Windows\System32\DriverStore\FileRepository\u0375335.inf_amd64_7de275617d9da25a\B374868\atig6txx.dll
0x00007ffdd5ad0000 - 0x00007ffdd5ca6000 	C:\Windows\SYSTEM32\atiadlxx.dll
0x00007ffe13a20000 - 0x00007ffe13b16000 	C:\Windows\SYSTEM32\PROPSYS.dll
0x00007ffe17b60000 - 0x00007ffe17b8c000 	C:\Windows\SYSTEM32\DEVOBJ.dll
0x00007ffe18180000 - 0x00007ffe181e7000 	C:\Windows\System32\WINTRUST.dll
0x00007ffe179a0000 - 0x00007ffe179b2000 	C:\Windows\SYSTEM32\MSASN1.dll
0x00007ffdf0840000 - 0x00007ffdf0889000 	C:\Windows\SYSTEM32\pdh.dll
0x00007ffe072c0000 - 0x00007ffe072fb000 	C:\Windows\SYSTEM32\dxcore.dll
0x00007ffdccd30000 - 0x00007ffdccd73000 	C:\Windows\SYSTEM32\icm32.dll
0x00007ffdf8b80000 - 0x00007ffdf8bc2000 	C:\Users\Sun3k\AppData\Local\Temp\jna-80245188\jna7020465626422641622.dll
0x0000000070a40000 - 0x0000000070adc000 	C:\Users\Sun3k\.gradle\caches\minecraft\net\minecraft\natives\1.8.9\avutil-ttv-51.dll
0x0000000065980000 - 0x00000000659d6000 	C:\Users\Sun3k\.gradle\caches\minecraft\net\minecraft\natives\1.8.9\swresample-ttv-0.dll
0x000000006eb80000 - 0x000000006ec50000 	C:\Users\Sun3k\.gradle\caches\minecraft\net\minecraft\natives\1.8.9\libmp3lame-ttv.dll
0x00007ffda1e40000 - 0x00007ffda31e4000 	C:\Users\Sun3k\.gradle\caches\minecraft\net\minecraft\natives\1.8.9\libmfxsw64.dll
0x00007ffde7c20000 - 0x00007ffde7d8d000 	C:\Users\Sun3k\.gradle\caches\minecraft\net\minecraft\natives\1.8.9\twitchsdk.dll
0x00007ffdfe0f0000 - 0x00007ffdfe5c6000 	C:\Windows\SYSTEM32\WININET.dll
0x000001e132c80000 - 0x000001e132ce4000 	C:\Users\Sun3k\.gradle\caches\minecraft\net\minecraft\natives\1.8.9\OpenAL64.dll
0x00007ffe106a0000 - 0x00007ffe10725000 	C:\Windows\System32\MMDevApi.dll
0x00007ffdece80000 - 0x00007ffdecf1c000 	C:\Windows\SYSTEM32\dsound.dll
0x00007ffdfe5f0000 - 0x00007ffdfe616000 	C:\Windows\SYSTEM32\winmmbase.dll
0x00007ffe17470000 - 0x00007ffe174bb000 	C:\Windows\SYSTEM32\powrprof.dll
0x00007ffe17370000 - 0x00007ffe17382000 	C:\Windows\SYSTEM32\UMPDC.dll
0x00007ffe108e0000 - 0x00007ffe10a62000 	C:\Windows\SYSTEM32\AUDIOSES.DLL
0x00007ffe158c0000 - 0x00007ffe158d4000 	C:\Windows\SYSTEM32\resourcepolicyclient.dll
0x00007ffde7eb0000 - 0x00007ffde7f4c000 	C:\Users\Sun3k\AppData\Local\Temp\discord-rpc\discord-rpc.dll
0x00007ffe084c0000 - 0x00007ffe08503000 	C:\Windows\System32\Windows.Internal.Graphics.Display.DisplayColorManagement.dll
0x00007ffde4f00000 - 0x00007ffde4f4b000 	C:\ProgramData\obs-studio-hook\graphics-hook64.dll
0x00007ffe142c0000 - 0x00007ffe14523000 	C:\Windows\system32\d3d11.dll
0x00007ffe166b0000 - 0x00007ffe167a3000 	C:\Windows\SYSTEM32\dxgi.dll
0x00007ffe06ed0000 - 0x00007ffe07088000 	C:\Windows\System32\DriverStore\FileRepository\u0375335.inf_amd64_7de275617d9da25a\B374868\aticfx64.dll
0x00007ffe06e30000 - 0x00007ffe06e69000 	C:\Windows\System32\DriverStore\FileRepository\u0375335.inf_amd64_7de275617d9da25a\B374868\atiuxp64.dll
0x00007ffe04ef0000 - 0x00007ffe06e27000 	C:\Windows\System32\DriverStore\FileRepository\u0375335.inf_amd64_7de275617d9da25a\B374868\atidxx64.dll
0x00007ffe04780000 - 0x00007ffe047b0000 	C:\Windows\SYSTEM32\amdihk64.dll
0x00007ffe08ae0000 - 0x00007ffe08cc4000 	C:\Windows\SYSTEM32\dbghelp.dll

VM Arguments:
jvm_args: -agentlib:jdwp=transport=dt_socket,address=127.0.0.1:61753,suspend=y,server=n -javaagent:C:\Users\Sun3k\.gradle\caches\modules-2\files-2.1\org.spongepowered\mixin\0.7.11-SNAPSHOT\7a670207bdb97db418118ad1e9bb42424ff3776d\mixin-0.7.11-SNAPSHOT.jar -javaagent:C:\Users\Sun3k\AppData\Local\JetBrains\IdeaIC2022.1\captureAgent\debugger-agent.jar -Dfile.encoding=UTF-8 
java_command: GradleStart --mixin mixins.sunrise.json --tweakClass org.spongepowered.asm.launch.MixinTweaker -Ddevauth.account
java_class_path (initial): C:\Users\Sun3k\.jdks\corretto-1.8.0_332\jre\lib\charsets.jar;C:\Users\Sun3k\.jdks\corretto-1.8.0_332\jre\lib\ext\access-bridge-64.jar;C:\Users\Sun3k\.jdks\corretto-1.8.0_332\jre\lib\ext\cldrdata.jar;C:\Users\Sun3k\.jdks\corretto-1.8.0_332\jre\lib\ext\dnsns.jar;C:\Users\Sun3k\.jdks\corretto-1.8.0_332\jre\lib\ext\jaccess.jar;C:\Users\Sun3k\.jdks\corretto-1.8.0_332\jre\lib\ext\jfxrt.jar;C:\Users\Sun3k\.jdks\corretto-1.8.0_332\jre\lib\ext\localedata.jar;C:\Users\Sun3k\.jdks\corretto-1.8.0_332\jre\lib\ext\nashorn.jar;C:\Users\Sun3k\.jdks\corretto-1.8.0_332\jre\lib\ext\sunec.jar;C:\Users\Sun3k\.jdks\corretto-1.8.0_332\jre\lib\ext\sunjce_provider.jar;C:\Users\Sun3k\.jdks\corretto-1.8.0_332\jre\lib\ext\sunmscapi.jar;C:\Users\Sun3k\.jdks\corretto-1.8.0_332\jre\lib\ext\sunpkcs11.jar;C:\Users\Sun3k\.jdks\corretto-1.8.0_332\jre\lib\ext\zipfs.jar;C:\Users\Sun3k\.jdks\corretto-1.8.0_332\jre\lib\jce.jar;C:\Users\Sun3k\.jdks\corretto-1.8.0_332\jre\lib\jfr.jar;C:\Users\Sun3k\.jdks\corretto-1.8.0_332\jre\lib\jfxswt.jar;C:\Users\Sun3k\.jdks\corretto-1.8.0_332\jre\lib\jsse.jar;C:\Users\Sun3k\.jdks\corretto-1.8.0_332\jre\lib\management-agent.jar;C:\Users\Sun3k\.jdks\corretto-1.8.0_332\jre\lib\resources.jar;C:\Users\Sun3k\.jdks\corretto-1.8.0_332\jre\lib\rt.jar;C:\Users\Sun3k\IdeaProjects\Sunrise8\build\classes\java\main;C:\Users\Sun3k\.gradle\caches\minecraft\deobfedDeps\compileDummy.jar;C:\Users\Sun3k\.gradle\caches\minecraft\deobfedDeps\providedDummy.jar;C:\Users\Sun3k\.gradle\caches\modules-2\files-2.1\org.spongepowered\mixin\0.7.11-SNAPSHOT\7a670207bdb97db418118ad1e9bb42424ff3776d\mixin-0.7.11-SNAPSHOT.jar;C:\Users\Sun3k\.gradle\caches\modules-2\files-2.1\com.github.Vatuu\discord-rpc\1.6.2\1e2a38614325e809efe442d82231e7c172cf94ab\discord-rpc-1.6.2.jar;C:\Users\Sun3k\.gradle\caches\modules-2\files-2.1\com.google.guava\guava\17.0\9c6ef172e8de35fd8d4d8783e4821e57cdef7445\guava-17.0.jar;C:\Users\Sun3k\.gradle\caches\modules-2\files-2.1\commons-io\commons-io\
Launcher Type: SUN_STANDARD

Environment Variables:
JAVA_HOME=C:\Program Files\OpenJDK\jdk-18
PATH=C:\Windows\system32;C:\Windows;C:\Windows\System32\Wbem;C:\Windows\System32\WindowsPowerShell\v1.0\;C:\Windows\System32\OpenSSH\;C:\ProgramData\chocolatey\bin;C:\Program Files\Microsoft VS Code\bin;C:\Program Files (x86)\Yarn\bin\;C:\Program Files\nodejs\;C:\Program Files\Git\cmd;C:\Program Files\OpenJDK\jdk-18\bin;C:\Program Files\dotnet\;C:\Users\Sun3k\AppData\Local\Programs\Python\Python310\Scripts\;C:\Users\Sun3k\AppData\Local\Programs\Python\Python310\;C:\Users\Sun3k\AppData\Local\Microsoft\WindowsApps;C:\Users\Sun3k\AppData\Local\Yarn\bin;C:\Users\Sun3k\AppData\Roaming\npm;C:\Program Files\Oracle\VirtualBox;C:\Program Files\heroku\bin;C:\Program Files\JetBrains\IntelliJ IDEA Community Edition 2022.1.1\bin;;C:\Users\Sun3k\.dotnet\tools
USERNAME=Sun3k
OS=Windows_NT
PROCESSOR_IDENTIFIER=AMD64 Family 23 Model 24 Stepping 1, AuthenticAMD



---------------  S Y S T E M  ---------------

OS: Windows 10.0 , 64 bit Build 19041 (10.0.19041.1806)

CPU:total 8 (initial active 8) (8 cores per cpu, 1 threads per core) family 23 model 24 stepping 1, cmov, cx8, fxsr, mmx, sse, sse2, sse3, ssse3, sse4.1, sse4.2, popcnt, avx, avx2, aes, clmul, mmxext, 3dnowpref, lzcnt, sse4a, tsc, tscinvbit, tscinv, bmi1

Memory: 4k page, physical 6206224k(384916k free), swap 22048772k(4811684k free)

vm_info: OpenJDK 64-Bit Server VM (25.332-b08) for windows-amd64 JRE (1.8.0_332-b08), built on Apr 16 2022 08:31:02 by "Administrator" with MS VC++ 12.0 (VS2013)

time: Thu Jul 21 18:00:51 2022
timezone: South Sudan Standard Time
elapsed time: 1646.309844 seconds (0d 0h 27m 26s)

